<?xml version="1.0" encoding="UTF-8" ?>
<testsuite tests="4" failures="0" name="edu.byui.cit360.controller.ProcessClientTest" time="11.556" errors="1" skipped="1">
  <properties>
    <property name="java.runtime.name" value="Java(TM) SE Runtime Environment"/>
    <property name="sun.boot.library.path" value="C:\Program Files\Java\jdk1.8.0_121\jre\bin"/>
    <property name="java.vm.version" value="25.121-b13"/>
    <property name="java.vm.vendor" value="Oracle Corporation"/>
    <property name="java.vendor.url" value="http://java.oracle.com/"/>
    <property name="path.separator" value=";"/>
    <property name="guice.disable.misplaced.annotation.check" value="true"/>
    <property name="java.vm.name" value="Java HotSpot(TM) 64-Bit Server VM"/>
    <property name="file.encoding.pkg" value="sun.io"/>
    <property name="user.script" value=""/>
    <property name="user.country" value="US"/>
    <property name="sun.java.launcher" value="SUN_STANDARD"/>
    <property name="sun.os.patch.level" value=""/>
    <property name="test" value="edu.byui.cit360.controller.ProcessClientTest"/>
    <property name="java.vm.specification.name" value="Java Virtual Machine Specification"/>
    <property name="user.dir" value="C:\Users\jesus\OneDrive - BYU-Idaho\CIT 360\Code topics\CIT360\CIT360-Samples"/>
    <property name="java.runtime.version" value="1.8.0_121-b13"/>
    <property name="java.awt.graphicsenv" value="sun.awt.Win32GraphicsEnvironment"/>
    <property name="java.endorsed.dirs" value="C:\Program Files\Java\jdk1.8.0_121\jre\lib\endorsed"/>
    <property name="os.arch" value="amd64"/>
    <property name="java.io.tmpdir" value="C:\Users\jesus\AppData\Local\Temp\2\"/>
    <property name="line.separator" value="
"/>
    <property name="java.vm.specification.vendor" value="Oracle Corporation"/>
    <property name="user.variant" value=""/>
    <property name="os.name" value="Windows Server 2012 R2"/>
    <property name="maven.ext.class.path" value="C:\Program Files\NetBeans 8.0.2\java\maven-nblib\netbeans-eventspy.jar"/>
    <property name="classworlds.conf" value="C:\Program Files\NetBeans 8.0.2\java\maven\bin\m2.conf"/>
    <property name="sun.jnu.encoding" value="Cp1252"/>
    <property name="java.library.path" value="C:\Program Files\Java\jdk1.8.0_121\bin;C:\Windows\Sun\Java\bin;C:\Windows\system32;C:\Windows;C:\ProgramData\Oracle\Java\javapath;C:\Program Files (x86)\PHP\v5.6;C:\Program Files (x86)\Google\Chrome\Application;C:\Windows\system32;C:\Windows;C:\Windows\System32\Wbem;C:\Windows\System32\WindowsPowerShell\v1.0\;C:\Program Files (x86)\Skype\Phone\;C:\xampp\php;C:\ProgramData\ComposerSetup\bin;C:\Program Files\Heroku\bin;C:\Users\jesus\AppData\Roaming\Composer\vendor\bin;C:\Program Files\Git\cmd;C:\Bitnami\wappstack-5.6.29-0\apache2\lib;C:\Bitnami\wappstack-5.6.29-0\apache2\bin;C:\Program Files\Heroku\bin;C:\Users\jesus\AppData\Roaming\Composer\vendor\bin;C:\Bitnami\wappstack-5.6.29-0\apache2\bin;C:\Bitnami\wappstack-5.6.29-0\apache2\lib;C:\Bitnami\wappstack-5.6.29-0\postgresql\bin;."/>
    <property name="java.specification.name" value="Java Platform API Specification"/>
    <property name="java.class.version" value="52.0"/>
    <property name="sun.management.compiler" value="HotSpot 64-Bit Tiered Compilers"/>
    <property name="os.version" value="6.3"/>
    <property name="user.home" value="C:\Users\jesus"/>
    <property name="user.timezone" value="UTC"/>
    <property name="java.awt.printerjob" value="sun.awt.windows.WPrinterJob"/>
    <property name="java.specification.version" value="1.8"/>
    <property name="file.encoding" value="UTF-8"/>
    <property name="user.name" value="jesus"/>
    <property name="java.class.path" value="C:\Program Files\NetBeans 8.0.2\java\maven\boot\plexus-classworlds-2.4.jar"/>
    <property name="java.vm.specification.version" value="1.8"/>
    <property name="sun.arch.data.model" value="64"/>
    <property name="java.home" value="C:\Program Files\Java\jdk1.8.0_121\jre"/>
    <property name="sun.java.command" value="org.codehaus.plexus.classworlds.launcher.Launcher -Dtest=edu.byui.cit360.controller.ProcessClientTest -Dmaven.ext.class.path=C:\Program Files\NetBeans 8.0.2\java\maven-nblib\netbeans-eventspy.jar -Dfile.encoding=UTF-8 surefire:test"/>
    <property name="java.specification.vendor" value="Oracle Corporation"/>
    <property name="user.language" value="en"/>
    <property name="awt.toolkit" value="sun.awt.windows.WToolkit"/>
    <property name="java.vm.info" value="mixed mode"/>
    <property name="java.version" value="1.8.0_121"/>
    <property name="java.ext.dirs" value="C:\Program Files\Java\jdk1.8.0_121\jre\lib\ext;C:\Windows\Sun\Java\lib\ext"/>
    <property name="sun.boot.class.path" value="C:\Program Files\Java\jdk1.8.0_121\jre\lib\resources.jar;C:\Program Files\Java\jdk1.8.0_121\jre\lib\rt.jar;C:\Program Files\Java\jdk1.8.0_121\jre\lib\sunrsasign.jar;C:\Program Files\Java\jdk1.8.0_121\jre\lib\jsse.jar;C:\Program Files\Java\jdk1.8.0_121\jre\lib\jce.jar;C:\Program Files\Java\jdk1.8.0_121\jre\lib\charsets.jar;C:\Program Files\Java\jdk1.8.0_121\jre\lib\jfr.jar;C:\Program Files\Java\jdk1.8.0_121\jre\classes"/>
    <property name="java.vendor" value="Oracle Corporation"/>
    <property name="maven.home" value="C:\Program Files\NetBeans 8.0.2\java\maven"/>
    <property name="file.separator" value="\"/>
    <property name="java.vendor.url.bug" value="http://bugreport.sun.com/bugreport/"/>
    <property name="sun.cpu.endian" value="little"/>
    <property name="sun.io.unicode.encoding" value="UnicodeLittle"/>
    <property name="sun.desktop" value="windows"/>
    <property name="sun.cpu.isalist" value="amd64"/>
  </properties>
  <testcase classname="edu.byui.cit360.controller.ProcessClientTest" name="testGetClientInfo" time="0.001"/>
  <testcase classname="edu.byui.cit360.controller.ProcessClientTest" name="testConvertToJSONObject" time="0.019">
    <skipped/>
  </testcase>
  <testcase classname="edu.byui.cit360.controller.ProcessClientTest" name="testTestInfinteloop" time="8.068">
    <error message="test timed out after 1000 milliseconds" type="java.lang.Exception">java.lang.Exception: test timed out after 1000 milliseconds
	at java.io.FileOutputStream.writeBytes(Native Method)
	at java.io.FileOutputStream.write(FileOutputStream.java:326)
	at java.io.BufferedOutputStream.flushBuffer(BufferedOutputStream.java:82)
	at java.io.BufferedOutputStream.flush(BufferedOutputStream.java:140)
	at java.io.PrintStream.write(PrintStream.java:482)
	at org.apache.maven.surefire.booter.ForkingRunListener.writeTestOutput(ForkingRunListener.java:178)
	at org.apache.maven.surefire.report.ConsoleOutputCapture$ForwardingPrintStream.println(ConsoleOutputCapture.java:88)
	at edu.byui.cit360.controller.ProcessClient.testInfinteloop(ProcessClient.java:94)
	at edu.byui.cit360.controller.ProcessClientTest.testTestInfinteloop(ProcessClientTest.java:104)
	at sun.reflect.NativeMethodAccessorImpl.invoke0(Native Method)
	at sun.reflect.NativeMethodAccessorImpl.invoke(NativeMethodAccessorImpl.java:62)
	at sun.reflect.DelegatingMethodAccessorImpl.invoke(DelegatingMethodAccessorImpl.java:43)
	at java.lang.reflect.Method.invoke(Method.java:498)
	at org.junit.runners.model.FrameworkMethod$1.runReflectiveCall(FrameworkMethod.java:44)
	at org.junit.internal.runners.model.ReflectiveCallable.run(ReflectiveCallable.java:15)
	at org.junit.runners.model.FrameworkMethod.invokeExplosively(FrameworkMethod.java:41)
	at org.junit.internal.runners.statements.InvokeMethod.evaluate(InvokeMethod.java:20)
	at org.junit.internal.runners.statements.FailOnTimeout$1.run(FailOnTimeout.java:28)
</error>
    <system-out>testInfinteloop
Another time
Another time
Another time
Another time
Another time
Another time
Another time
Another time
Another time
Another time
Another time
Another time
Another time
Another time
Another time
Another time
Another time
Another time
Another time
Another time
Another time
Another time
Another time
Another time
Another time
Another time
Another time
Another time
Another time
Another time
Another time
Another time
Another time
Another time
Another time
Another time
Another time
Another time
Another time
Another time
Another time
Another time
Another time
Another time
Another time
Another time
Another time
Another time
Another time
Another time
Another time
Another time
Another time
Another time
Another time
Another time
Another time
Another time
Another time
Another time
Another time
Another time
Another time
Another time
Another time
Another time
Another time
Another time
Another time
Another time
Another time
Another time
Another time
Another time
Another time
Another time
Another time
Another time
Another time
Another time
Another time
Another time
Another time
Another time
Another time
Another time
Another time
Another time
Another time
Another time
Another time
Another time
Another time
Another time
Another time
Another time
Another time
Another time
Another time
Another time
Another time
Another time
Another time
Another time
Another time
Another time
Another time
Another time
Another time
Another time
Another time
Another time
Another time
Another time
Another time
Another time
Another time
Another time
Another time
Another time
Another time
Another time
Another time
Another time
Another time
Another time
Another time
Another time
Another time
Another time
Another time
Another time
Another time
Another time
Another time
Another time
Another time
Another time
Another time
Another time
Another time
Another time
Another time
Another time
Another time
Another time
Another time
Another time
Another time
Another time
Another time
Another time
Another time
Another time
Another time
Another time
Another time
Another time
Another time
Another time
Another time
Another time
Another time
Another time
Another time
Another time
Another time
Another time
Another time
Another time
Another time
Another time
Another time
Another time
Another time
Another time
Another time
Another time
Another time
Another time
Another time
Another time
Another time
Another time
Another time
Another time
Another time
Another time
Another time
Another time
Another time
Another time
Another time
Another time
Another time
Another time
Another time
Another time
Another time
Another time
Another time
Another time
Another time
Another time
Another time
Another time
Another time
Another time
Another time
Another time
Another time
Another time
Another time
Another time
Another time
Another time
Another time
Another time
Another time
Another time
Another time
Another time
Another time
Another time
Another time
Another time
Another time
Another time
Another time
Another time
Another time
Another time
Another time
Another time
Another time
Another time
Another time
Another time
Another time
Another time
Another time
Another time
Another time
Another time
Another time
Another time
Another time
Another time
Another time
Another time
Another time
Another time
Another time
Another time
Another time
Another time
Another time
Another time
Another time
Another time
Another time
Another time
Another time
Another time
Another time
Another time
Another time
Another time
Another time
Another time
Another time
Another time
Another time
Another time
Another time
Another time
Another time
Another time
Another time
Another time
Another time
Another time
Another time
Another time
Another time
Another time
Another time
Another time
Another time
Another time
Another time
Another time
Another time
Another time
Another time
Another time
Another time
Another time
Another time
Another time
Another time
Another time
Another time
Another time
Another time
Another time
Another time
Another time
Another time
Another time
Another time
Another time
Another time
Another time
Another time
Another time
Another time
Another time
Another time
Another time
Another time
Another time
Another time
Another time
Another time
Another time
Another time
Another time
Another time
Another time
Another time
Another time
Another time
Another time
Another time
Another time
Another time
Another time
Another time
Another time
Another time
Another time
Another time
Another time
Another time
Another time
Another time
Another time
Another time
Another time
Another time
Another time
Another time
Another time
Another time
Another time
Another time
Another time
Another time
Another time
Another time
Another time
Another time
Another time
Another time
Another time
Another time
Another time
Another time
Another time
Another time
Another time
Another time
Another time
Another time
Another time
Another time
Another time
Another time
Another time
Another time
Another time
Another time
Another time
Another time
Another time
Another time
Another time
Another time
Another time
Another time
Another time
Another time
Another time
Another time
Another time
Another time
Another time
Another time
Another time
Another time
Another time
Another time
Another time
Another time
Another time
Another time
Another time
Another time
Another time
Another time
Another time
Another time
Another time
Another time
Another time
Another time
Another time
Another time
Another time
Another time
Another time
Another time
Another time
Another time
Another time
Another time
Another time
Another time
Another time
Another time
Another time
Another time
Another time
Another time
Another time
Another time
Another time
Another time
Another time
Another time
Another time
Another time
Another time
Another time
Another time
Another time
Another time
Another time
Another time
Another time
Another time
Another time
Another time
Another time
Another time
Another time
Another time
Another time
Another time
Another time
Another time
Another time
Another time
Another time
Another time
Another time
Another time
Another time
Another time
Another time
Another time
Another time
Another time
Another time
Another time
Another time
Another time
Another time
Another time
Another time
Another time
Another time
Another time
Another time
Another time
Another time
Another time
Another time
Another time
Another time
Another time
Another time
Another time
Another time
Another time
Another time
Another time
Another time
Another time
Another time
Another time
Another time
Another time
Another time
Another time
Another time
Another time
Another time
Another time
Another time
Another time
Another time
Another time
Another time
Another time
Another time
Another time
Another time
Another time
Another time
Another time
Another time
Another time
Another time
Another time
Another time
Another time
Another time
Another time
Another time
Another time
Another time
Another time
Another time
Another time
Another time
Another time
Another time
Another time
Another time
Another time
Another time
Another time
Another time
Another time
Another time
Another time
Another time
Another time
Another time
Another time
Another time
Another time
Another time
Another time
Another time
Another time
Another time
Another time
Another time
Another time
Another time
Another time
Another time
Another time
Another time
Another time
Another time
Another time
Another time
Another time
Another time
Another time
Another time
Another time
Another time
Another time
Another time
Another time
Another time
Another time
Another time
Another time
Another time
Another time
Another time
Another time
Another time
Another time
Another time
Another time
Another time
Another time
Another time
Another time
Another time
Another time
Another time
Another time
Another time
Another time
Another time
Another time
Another time
Another time
Another time
Another time
Another time
Another time
Another time
Another time
Another time
Another time
Another time
Another time
Another time
Another time
Another time
Another time
Another time
Another time
Another time
Another time
Another time
Another time
Another time
Another time
Another time
Another time
Another time
Another time
Another time
Another time
Another time
Another time
Another time
Another time
Another time
Another time
Another time
Another time
Another time
Another time
Another time
Another time
Another time
Another time
Another time
Another time
Another time
Another time
Another time
Another time
Another time
Another time
Another time
Another time
Another time
Another time
Another time
Another time
Another time
Another time
Another time
Another time
Another time
Another time
Another time
Another time
Another time
Another time
Another time
Another time
Another time
Another time
Another time
Another time
Another time
Another time
Another time
Another time
Another time
Another time
Another time
Another time
Another time
Another time
Another time
Another time
Another time
Another time
Another time
Another time
Another time
Another time
Another time
Another time
Another time
Another time
Another time
Another time
Another time
Another time
Another time
Another time
Another time
Another time
Another time
Another time
Another time
Another time
Another time
Another time
Another time
Another time
Another time
Another time
Another time
Another time
Another time
Another time
Another time
Another time
Another time
Another time
Another time
Another time
Another time
Another time
Another time
Another time
Another time
Another time
Another time
Another time
Another time
Another time
Another time
Another time
Another time
Another time
Another time
Another time
Another time
Another time
Another time
Another time
Another time
Another time
Another time
Another time
Another time
Another time
Another time
Another time
Another time
Another time
Another time
Another time
Another time
Another time
Another time
Another time
Another time
Another time
Another time
Another time
Another time
Another time
Another time
Another time
Another time
Another time
Another time
Another time
Another time
Another time
Another time
Another time
Another time
Another time
Another time
Another time
Another time
Another time
Another time
Another time
Another time
Another time
Another time
Another time
Another time
Another time
Another time
Another time
Another time
Another time
Another time
Another time
Another time
Another time
Another time
Another time
Another time
Another time
Another time
Another time
Another time
Another time
Another time
Another time
Another time
Another time
Another time
Another time
Another time
Another time
Another time
Another time
Another time
Another time
Another time
Another time
Another time
Another time
Another time
Another time
Another time
Another time
Another time
Another time
Another time
Another time
Another time
Another time
Another time
Another time
Another time
Another time
Another time
Another time
Another time
Another time
Another time
Another time
Another time
Another time
Another time
Another time
Another time
Another time
Another time
Another time
Another time
Another time
Another time
Another time
Another time
Another time
Another time
Another time
Another time
Another time
Another time
Another time
Another time
Another time
Another time
Another time
Another time
Another time
Another time
Another time
Another time
Another time
Another time
Another time
Another time
Another time
Another time
Another time
Another time
Another time
Another time
Another time
Another time
Another time
Another time
Another time
Another time
Another time
Another time
Another time
Another time
Another time
Another time
Another time
Another time
Another time
Another time
Another time
Another time
Another time
Another time
Another time
Another time
Another time
Another time
Another time
Another time
Another time
Another time
Another time
Another time
Another time
Another time
Another time
Another time
Another time
Another time
Another time
Another time
Another time
Another time
Another time
Another time
Another time
Another time
Another time
Another time
Another time
Another time
Another time
Another time
Another time
Another time
Another time
Another time
Another time
Another time
Another time
Another time
Another time
Another time
Another time
Another time
Another time
Another time
Another time
Another time
Another time
Another time
Another time
Another time
Another time
Another time
Another time
Another time
Another time
Another time
Another time
Another time
Another time
Another time
Another time
Another time
Another time
Another time
Another time
Another time
Another time
Another time
Another time
Another time
Another time
Another time
Another time
Another time
Another time
Another time
Another time
Another time
Another time
Another time
Another time
Another time
Another time
Another time
Another time
Another time
Another time
Another time
Another time
Another time
Another time
Another time
Another time
Another time
Another time
Another time
Another time
Another time
Another time
Another time
Another time
Another time
Another time
Another time
Another time
Another time
Another time
Another time
Another time
Another time
Another time
Another time
Another time
Another time
Another time
Another time
Another time
Another time
Another time
Another time
Another time
Another time
Another time
Another time
Another time
Another time
Another time
Another time
Another time
Another time
Another time
Another time
Another time
Another time
Another time
Another time
Another time
Another time
Another time
Another time
Another time
Another time
Another time
Another time
Another time
Another time
Another time
Another time
Another time
Another time
Another time
Another time
Another time
Another time
Another time
Another time
Another time
Another time
Another time
Another time
Another time
Another time
Another time
Another time
Another time
Another time
Another time
Another time
Another time
Another time
Another time
Another time
Another time
Another time
Another time
Another time
Another time
Another time
Another time
Another time
Another time
Another time
Another time
Another time
Another time
Another time
Another time
Another time
Another time
Another time
Another time
Another time
Another time
Another time
Another time
Another time
Another time
Another time
Another time
Another time
Another time
Another time
Another time
Another time
Another time
Another time
Another time
Another time
Another time
Another time
Another time
Another time
Another time
Another time
Another time
Another time
Another time
Another time
Another time
Another time
Another time
Another time
Another time
Another time
Another time
Another time
Another time
Another time
Another time
Another time
Another time
Another time
Another time
Another time
Another time
Another time
Another time
Another time
Another time
Another time
Another time
Another time
Another time
Another time
Another time
Another time
Another time
Another time
Another time
Another time
Another time
Another time
Another time
Another time
Another time
Another time
Another time
Another time
Another time
Another time
Another time
Another time
Another time
Another time
Another time
Another time
Another time
Another time
Another time
Another time
Another time
Another time
Another time
Another time
Another time
Another time
Another time
Another time
Another time
Another time
Another time
Another time
Another time
Another time
Another time
Another time
Another time
Another time
Another time
Another time
Another time
Another time
Another time
Another time
Another time
Another time
Another time
Another time
Another time
Another time
Another time
Another time
Another time
Another time
Another time
Another time
Another time
Another time
Another time
Another time
Another time
Another time
Another time
Another time
Another time
Another time
Another time
Another time
Another time
Another time
Another time
Another time
Another time
Another time
Another time
Another time
Another time
Another time
Another time
Another time
Another time
Another time
Another time
Another time
Another time
Another time
Another time
Another time
Another time
Another time
Another time
Another time
Another time
Another time
Another time
Another time
Another time
Another time
Another time
Another time
Another time
Another time
Another time
Another time
Another time
Another time
Another time
Another time
Another time
Another time
Another time
Another time
Another time
Another time
Another time
Another time
Another time
Another time
Another time
Another time
Another time
Another time
Another time
Another time
Another time
Another time
Another time
Another time
Another time
Another time
Another time
Another time
Another time
Another time
Another time
Another time
Another time
Another time
Another time
Another time
Another time
Another time
Another time
Another time
Another time
Another time
Another time
Another time
Another time
Another time
Another time
Another time
Another time
Another time
Another time
Another time
Another time
Another time
Another time
Another time
Another time
Another time
Another time
Another time
Another time
Another time
Another time
Another time
Another time
Another time
Another time
Another time
Another time
Another time
Another time
Another time
Another time
Another time
Another time
Another time
Another time
Another time
Another time
Another time
Another time
Another time
Another time
Another time
Another time
Another time
Another time
Another time
Another time
Another time
Another time
Another time
Another time
Another time
Another time
Another time
Another time
Another time
Another time
Another time
Another time
Another time
Another time
Another time
Another time
Another time
Another time
Another time
Another time
Another time
Another time
Another time
Another time
Another time
Another time
Another time
Another time
Another time
Another time
Another time
Another time
Another time
Another time
Another time
Another time
Another time
Another time
Another time
Another time
Another time
Another time
Another time
Another time
Another time
Another time
Another time
Another time
Another time
Another time
Another time
Another time
Another time
Another time
Another time
Another time
Another time
Another time
Another time
Another time
Another time
Another time
Another time
Another time
Another time
Another time
Another time
Another time
Another time
Another time
Another time
Another time
Another time
Another time
Another time
Another time
Another time
Another time
Another time
Another time
Another time
Another time
Another time
Another time
Another time
Another time
Another time
Another time
Another time
Another time
Another time
Another time
Another time
Another time
Another time
Another time
Another time
Another time
Another time
Another time
Another time
Another time
Another time
Another time
Another time
Another time
Another time
Another time
Another time
Another time
Another time
Another time
Another time
Another time
Another time
Another time
Another time
Another time
Another time
Another time
Another time
Another time
Another time
Another time
Another time
Another time
Another time
Another time
Another time
Another time
Another time
Another time
Another time
Another time
Another time
Another time
Another time
Another time
Another time
Another time
Another time
Another time
Another time
Another time
Another time
Another time
Another time
Another time
Another time
Another time
Another time
Another time
Another time
Another time
Another time
Another time
Another time
Another time
Another time
Another time
Another time
Another time
Another time
Another time
Another time
Another time
Another time
Another time
Another time
Another time
Another time
Another time
Another time
Another time
Another time
Another time
Another time
Another time
Another time
Another time
Another time
Another time
Another time
Another time
Another time
Another time
Another time
Another time
Another time
Another time
Another time
Another time
Another time
Another time
Another time
Another time
Another time
Another time
Another time
Another time
Another time
Another time
Another time
Another time
Another time
Another time
Another time
Another time
Another time
Another time
Another time
Another time
Another time
Another time
Another time
Another time
Another time
Another time
Another time
Another time
Another time
Another time
Another time
Another time
Another time
Another time
Another time
Another time
Another time
Another time
Another time
Another time
Another time
Another time
Another time
Another time
Another time
Another time
Another time
Another time
Another time
Another time
Another time
Another time
Another time
Another time
Another time
Another time
Another time
Another time
Another time
Another time
Another time
Another time
Another time
Another time
Another time
Another time
Another time
Another time
Another time
Another time
Another time
Another time
Another time
Another time
Another time
Another time
Another time
Another time
Another time
Another time
Another time
Another time
Another time
Another time
Another time
Another time
Another time
Another time
Another time
Another time
Another time
Another time
Another time
Another time
Another time
Another time
Another time
Another time
Another time
Another time
Another time
Another time
Another time
Another time
Another time
Another time
Another time
Another time
Another time
Another time
Another time
Another time
Another time
Another time
Another time
Another time
Another time
Another time
Another time
Another time
Another time
Another time
Another time
Another time
Another time
Another time
Another time
Another time
Another time
Another time
Another time
Another time
Another time
Another time
Another time
Another time
Another time
Another time
Another time
Another time
Another time
Another time
Another time
Another time
Another time
Another time
Another time
Another time
Another time
Another time
Another time
Another time
Another time
Another time
Another time
Another time
Another time
Another time
Another time
Another time
Another time
Another time
Another time
Another time
Another time
Another time
Another time
Another time
Another time
Another time
Another time
Another time
Another time
Another time
Another time
Another time
Another time
Another time
Another time
Another time
Another time
Another time
Another time
Another time
Another time
Another time
Another time
Another time
Another time
Another time
Another time
Another time
Another time
Another time
Another time
Another time
Another time
Another time
Another time
Another time
Another time
Another time
Another time
Another time
Another time
Another time
Another time
Another time
Another time
Another time
Another time
Another time
Another time
Another time
Another time
Another time
Another time
Another time
Another time
Another time
Another time
Another time
Another time
Another time
Another time
Another time
Another time
Another time
Another time
Another time
Another time
Another time
Another time
Another time
Another time
Another time
Another time
Another time
Another time
Another time
Another time
Another time
Another time
Another time
Another time
Another time
Another time
Another time
Another time
Another time
Another time
Another time
Another time
Another time
Another time
Another time
Another time
Another time
Another time
Another time
Another time
Another time
Another time
Another time
Another time
Another time
Another time
Another time
Another time
Another time
Another time
Another time
Another time
Another time
Another time
Another time
Another time
Another time
Another time
Another time
Another time
Another time
Another time
Another time
Another time
Another time
Another time
Another time
Another time
Another time
Another time
Another time
Another time
Another time
Another time
Another time
Another time
Another time
Another time
Another time
Another time
Another time
Another time
Another time
Another time
Another time
Another time
Another time
Another time
Another time
Another time
Another time
Another time
Another time
Another time
Another time
Another time
Another time
Another time
Another time
Another time
Another time
Another time
Another time
Another time
Another time
Another time
Another time
Another time
Another time
Another time
Another time
Another time
Another time
Another time
Another time
Another time
Another time
Another time
Another time
Another time
Another time
Another time
Another time
Another time
Another time
Another time
Another time
Another time
Another time
Another time
Another time
Another time
Another time
Another time
Another time
Another time
Another time
Another time
Another time
Another time
Another time
Another time
Another time
Another time
Another time
Another time
Another time
Another time
Another time
Another time
Another time
Another time
Another time
Another time
Another time
Another time
Another time
Another time
Another time
Another time
Another time
Another time
Another time
Another time
Another time
Another time
Another time
Another time
Another time
Another time
Another time
Another time
Another time
Another time
Another time
Another time
Another time
Another time
Another time
Another time
Another time
Another time
Another time
Another time
Another time
Another time
Another time
Another time
Another time
Another time
Another time
Another time
Another time
Another time
Another time
Another time
Another time
Another time
Another time
Another time
Another time
Another time
Another time
Another time
Another time
Another time
Another time
Another time
Another time
Another time
Another time
Another time
Another time
Another time
Another time
Another time
Another time
Another time
Another time
Another time
Another time
Another time
Another time
Another time
Another time
Another time
Another time
Another time
Another time
Another time
Another time
Another time
Another time
Another time
Another time
Another time
Another time
Another time
Another time
Another time
Another time
Another time
Another time
Another time
Another time
Another time
Another time
Another time
Another time
Another time
Another time
Another time
Another time
Another time
Another time
Another time
Another time
Another time
Another time
Another time
Another time
Another time
Another time
Another time
Another time
Another time
Another time
Another time
Another time
Another time
Another time
Another time
Another time
Another time
Another time
Another time
Another time
Another time
Another time
Another time
Another time
Another time
Another time
Another time
Another time
Another time
Another time
Another time
Another time
Another time
Another time
Another time
Another time
Another time
Another time
Another time
Another time
Another time
Another time
Another time
Another time
Another time
Another time
Another time
Another time
Another time
Another time
Another time
Another time
Another time
Another time
Another time
Another time
Another time
Another time
Another time
Another time
Another time
Another time
Another time
Another time
Another time
Another time
Another time
Another time
Another time
Another time
Another time
Another time
Another time
Another time
Another time
Another time
Another time
Another time
Another time
Another time
Another time
Another time
Another time
Another time
Another time
Another time
Another time
Another time
Another time
Another time
Another time
Another time
Another time
Another time
Another time
Another time
Another time
Another time
Another time
Another time
Another time
Another time
Another time
Another time
Another time
Another time
Another time
Another time
Another time
Another time
Another time
Another time
Another time
Another time
Another time
Another time
Another time
Another time
Another time
Another time
Another time
Another time
Another time
Another time
Another time
Another time
Another time
Another time
Another time
Another time
Another time
Another time
Another time
Another time
Another time
Another time
Another time
Another time
Another time
Another time
Another time
Another time
Another time
Another time
Another time
Another time
Another time
Another time
Another time
Another time
Another time
Another time
Another time
Another time
Another time
Another time
Another time
Another time
Another time
Another time
Another time
Another time
Another time
Another time
Another time
Another time
Another time
Another time
Another time
Another time
Another time
Another time
Another time
Another time
Another time
Another time
Another time
Another time
Another time
Another time
Another time
Another time
Another time
Another time
Another time
Another time
Another time
Another time
Another time
Another time
Another time
Another time
Another time
Another time
Another time
Another time
Another time
Another time
Another time
Another time
Another time
Another time
Another time
Another time
Another time
Another time
Another time
Another time
Another time
Another time
Another time
Another time
Another time
Another time
Another time
Another time
Another time
Another time
Another time
Another time
Another time
Another time
Another time
Another time
Another time
Another time
Another time
Another time
Another time
Another time
Another time
Another time
Another time
Another time
Another time
Another time
Another time
Another time
Another time
Another time
Another time
Another time
Another time
Another time
Another time
Another time
Another time
Another time
Another time
Another time
Another time
Another time
Another time
Another time
Another time
Another time
Another time
Another time
Another time
Another time
Another time
Another time
Another time
Another time
Another time
Another time
Another time
Another time
Another time
Another time
Another time
Another time
Another time
Another time
Another time
Another time
Another time
Another time
Another time
Another time
Another time
Another time
Another time
Another time
Another time
Another time
Another time
Another time
Another time
Another time
Another time
Another time
Another time
Another time
Another time
Another time
Another time
Another time
Another time
Another time
Another time
Another time
Another time
Another time
Another time
Another time
Another time
Another time
Another time
Another time
Another time
Another time
Another time
Another time
Another time
Another time
Another time
Another time
Another time
Another time
Another time
Another time
Another time
Another time
Another time
Another time
Another time
Another time
Another time
Another time
Another time
Another time
Another time
Another time
Another time
Another time
Another time
Another time
Another time
Another time
Another time
Another time
Another time
Another time
Another time
Another time
Another time
Another time
Another time
Another time
Another time
Another time
Another time
Another time
Another time
Another time
Another time
Another time
Another time
Another time
Another time
Another time
Another time
Another time
Another time
Another time
Another time
Another time
Another time
Another time
Another time
Another time
Another time
Another time
Another time
Another time
Another time
Another time
Another time
Another time
Another time
Another time
Another time
Another time
Another time
Another time
Another time
Another time
Another time
Another time
Another time
Another time
Another time
Another time
Another time
Another time
Another time
Another time
Another time
Another time
Another time
Another time
Another time
Another time
Another time
Another time
Another time
Another time
Another time
Another time
Another time
Another time
Another time
Another time
Another time
Another time
Another time
Another time
Another time
Another time
Another time
Another time
Another time
Another time
Another time
Another time
Another time
Another time
Another time
Another time
Another time
Another time
Another time
Another time
Another time
Another time
Another time
Another time
Another time
Another time
Another time
Another time
Another time
Another time
Another time
Another time
Another time
Another time
Another time
Another time
Another time
Another time
Another time
Another time
Another time
Another time
Another time
Another time
Another time
Another time
Another time
Another time
Another time
Another time
Another time
Another time
Another time
Another time
Another time
Another time
Another time
Another time
Another time
Another time
Another time
Another time
Another time
Another time
Another time
Another time
Another time
Another time
Another time
Another time
Another time
Another time
Another time
Another time
Another time
Another time
Another time
Another time
Another time
Another time
Another time
Another time
Another time
Another time
Another time
Another time
Another time
Another time
Another time
Another time
Another time
Another time
Another time
Another time
Another time
Another time
Another time
Another time
Another time
Another time
Another time
Another time
Another time
Another time
Another time
Another time
Another time
Another time
Another time
Another time
Another time
Another time
Another time
Another time
Another time
Another time
Another time
Another time
Another time
Another time
Another time
Another time
Another time
Another time
Another time
Another time
Another time
Another time
Another time
Another time
Another time
Another time
Another time
Another time
Another time
Another time
Another time
Another time
Another time
Another time
Another time
Another time
Another time
Another time
Another time
Another time
Another time
Another time
Another time
Another time
Another time
Another time
Another time
Another time
Another time
Another time
Another time
Another time
Another time
Another time
Another time
Another time
Another time
Another time
Another time
Another time
Another time
Another time
Another time
Another time
Another time
Another time
Another time
Another time
Another time
Another time
Another time
Another time
Another time
Another time
Another time
Another time
Another time
Another time
Another time
Another time
Another time
Another time
Another time
Another time
Another time
Another time
Another time
Another time
Another time
Another time
Another time
Another time
Another time
Another time
Another time
Another time
Another time
Another time
Another time
Another time
Another time
Another time
Another time
Another time
Another time
Another time
Another time
Another time
Another time
Another time
Another time
Another time
Another time
Another time
Another time
Another time
Another time
Another time
Another time
Another time
Another time
Another time
Another time
Another time
Another time
Another time
Another time
Another time
Another time
Another time
Another time
Another time
Another time
Another time
Another time
Another time
Another time
Another time
Another time
Another time
Another time
Another time
Another time
Another time
Another time
Another time
Another time
Another time
Another time
Another time
Another time
Another time
Another time
Another time
Another time
Another time
Another time
Another time
Another time
Another time
Another time
Another time
Another time
Another time
Another time
Another time
Another time
Another time
Another time
Another time
Another time
Another time
Another time
Another time
Another time
Another time
Another time
Another time
Another time
Another time
Another time
Another time
Another time
Another time
Another time
Another time
Another time
Another time
Another time
Another time
Another time
Another time
Another time
Another time
Another time
Another time
Another time
Another time
Another time
Another time
Another time
Another time
Another time
Another time
Another time
Another time
Another time
Another time
Another time
Another time
Another time
Another time
Another time
Another time
Another time
Another time
Another time
Another time
Another time
Another time
Another time
Another time
Another time
Another time
Another time
Another time
Another time
Another time
Another time
Another time
Another time
Another time
Another time
Another time
Another time
Another time
Another time
Another time
Another time
Another time
Another time
Another time
Another time
Another time
Another time
Another time
Another time
Another time
Another time
Another time
Another time
Another time
Another time
Another time
Another time
Another time
Another time
Another time
Another time
Another time
Another time
Another time
Another time
Another time
Another time
Another time
Another time
Another time
Another time
Another time
Another time
Another time
Another time
Another time
Another time
Another time
Another time
Another time
Another time
Another time
Another time
Another time
Another time
Another time
Another time
Another time
Another time
Another time
Another time
Another time
Another time
Another time
Another time
Another time
Another time
Another time
Another time
Another time
Another time
Another time
Another time
Another time
Another time
Another time
Another time
Another time
Another time
Another time
Another time
Another time
Another time
Another time
Another time
Another time
Another time
Another time
Another time
Another time
Another time
Another time
Another time
Another time
Another time
Another time
Another time
Another time
Another time
Another time
Another time
Another time
Another time
Another time
Another time
Another time
Another time
Another time
Another time
Another time
Another time
Another time
Another time
Another time
Another time
Another time
Another time
Another time
Another time
Another time
Another time
Another time
Another time
Another time
Another time
Another time
Another time
Another time
Another time
Another time
Another time
Another time
Another time
Another time
Another time
Another time
Another time
Another time
Another time
Another time
Another time
Another time
Another time
Another time
Another time
Another time
Another time
Another time
Another time
Another time
Another time
Another time
Another time
Another time
Another time
Another time
Another time
Another time
Another time
Another time
Another time
Another time
Another time
Another time
Another time
Another time
Another time
Another time
Another time
Another time
Another time
Another time
Another time
Another time
Another time
Another time
Another time
Another time
Another time
Another time
Another time
Another time
Another time
Another time
Another time
Another time
Another time
Another time
Another time
Another time
Another time
Another time
Another time
Another time
Another time
Another time
Another time
Another time
Another time
Another time
Another time
Another time
Another time
Another time
Another time
Another time
Another time
Another time
Another time
Another time
Another time
Another time
Another time
Another time
Another time
Another time
Another time
Another time
Another time
Another time
Another time
Another time
Another time
Another time
Another time
Another time
Another time
Another time
Another time
Another time
Another time
Another time
Another time
Another time
Another time
Another time
Another time
Another time
Another time
Another time
Another time
Another time
Another time
Another time
Another time
Another time
Another time
Another time
Another time
Another time
Another time
Another time
Another time
Another time
Another time
Another time
Another time
Another time
Another time
Another time
Another time
Another time
Another time
Another time
Another time
Another time
Another time
Another time
Another time
Another time
Another time
Another time
Another time
Another time
Another time
Another time
Another time
Another time
Another time
Another time
Another time
Another time
Another time
Another time
Another time
Another time
Another time
Another time
Another time
Another time
Another time
Another time
Another time
Another time
Another time
Another time
Another time
Another time
Another time
Another time
Another time
Another time
Another time
Another time
Another time
Another time
Another time
Another time
Another time
Another time
Another time
Another time
Another time
Another time
Another time
Another time
Another time
Another time
Another time
Another time
Another time
Another time
Another time
Another time
Another time
Another time
Another time
Another time
Another time
Another time
Another time
Another time
Another time
Another time
Another time
Another time
Another time
Another time
Another time
Another time
Another time
Another time
Another time
Another time
Another time
Another time
Another time
Another time
Another time
Another time
Another time
Another time
Another time
Another time
Another time
Another time
Another time
Another time
Another time
Another time
Another time
Another time
Another time
Another time
Another time
Another time
Another time
Another time
Another time
Another time
Another time
Another time
Another time
Another time
Another time
Another time
Another time
Another time
Another time
Another time
Another time
Another time
Another time
Another time
Another time
Another time
Another time
Another time
Another time
Another time
Another time
Another time
Another time
Another time
Another time
Another time
Another time
Another time
Another time
Another time
Another time
Another time
Another time
Another time
Another time
Another time
Another time
Another time
Another time
Another time
Another time
Another time
Another time
Another time
Another time
Another time
Another time
Another time
Another time
Another time
Another time
Another time
Another time
Another time
Another time
Another time
Another time
Another time
Another time
Another time
Another time
Another time
Another time
Another time
Another time
Another time
Another time
Another time
Another time
Another time
Another time
Another time
Another time
Another time
Another time
Another time
Another time
Another time
Another time
Another time
Another time
Another time
Another time
Another time
Another time
Another time
Another time
Another time
Another time
Another time
Another time
Another time
Another time
Another time
Another time
Another time
Another time
Another time
Another time
Another time
Another time
Another time
Another time
Another time
Another time
Another time
Another time
Another time
Another time
Another time
Another time
Another time
Another time
Another time
Another time
Another time
Another time
Another time
Another time
Another time
Another time
Another time
Another time
Another time
Another time
Another time
Another time
Another time
Another time
Another time
Another time
Another time
Another time
Another time
Another time
Another time
Another time
Another time
Another time
Another time
Another time
Another time
Another time
Another time
Another time
Another time
Another time
Another time
Another time
Another time
Another time
Another time
Another time
Another time
Another time
Another time
Another time
Another time
Another time
Another time
Another time
Another time
Another time
Another time
Another time
Another time
Another time
Another time
Another time
Another time
Another time
Another time
Another time
Another time
Another time
Another time
Another time
Another time
Another time
Another time
Another time
Another time
Another time
Another time
Another time
Another time
Another time
Another time
Another time
Another time
Another time
Another time
Another time
Another time
Another time
Another time
Another time
Another time
Another time
Another time
Another time
Another time
Another time
Another time
Another time
Another time
Another time
Another time
Another time
Another time
Another time
Another time
Another time
Another time
Another time
Another time
Another time
Another time
Another time
Another time
Another time
Another time
Another time
Another time
Another time
Another time
Another time
Another time
Another time
Another time
Another time
Another time
Another time
Another time
Another time
Another time
Another time
Another time
Another time
Another time
Another time
Another time
Another time
Another time
Another time
Another time
Another time
Another time
Another time
Another time
Another time
Another time
Another time
Another time
Another time
Another time
Another time
Another time
Another time
Another time
Another time
Another time
Another time
Another time
Another time
Another time
Another time
Another time
Another time
Another time
Another time
Another time
Another time
Another time
Another time
Another time
Another time
Another time
Another time
Another time
Another time
Another time
Another time
Another time
Another time
Another time
Another time
Another time
Another time
Another time
Another time
Another time
Another time
Another time
Another time
Another time
Another time
Another time
Another time
Another time
Another time
Another time
Another time
Another time
Another time
Another time
Another time
Another time
Another time
Another time
Another time
Another time
Another time
Another time
Another time
Another time
Another time
Another time
Another time
Another time
Another time
Another time
Another time
Another time
Another time
Another time
Another time
Another time
Another time
Another time
Another time
Another time
Another time
Another time
Another time
Another time
Another time
Another time
Another time
Another time
Another time
Another time
Another time
Another time
Another time
Another time
Another time
Another time
Another time
Another time
Another time
Another time
Another time
Another time
Another time
Another time
Another time
Another time
Another time
Another time
Another time
Another time
Another time
Another time
Another time
Another time
Another time
Another time
Another time
Another time
Another time
Another time
Another time
Another time
Another time
Another time
Another time
Another time
Another time
Another time
Another time
Another time
Another time
Another time
Another time
Another time
Another time
Another time
Another time
Another time
Another time
Another time
Another time
Another time
Another time
Another time
Another time
Another time
Another time
Another time
Another time
Another time
Another time
Another time
Another time
Another time
Another time
Another time
Another time
Another time
Another time
Another time
Another time
Another time
Another time
Another time
Another time
Another time
Another time
Another time
Another time
Another time
Another time
Another time
Another time
Another time
Another time
Another time
Another time
Another time
Another time
Another time
Another time
Another time
Another time
Another time
Another time
Another time
Another time
Another time
Another time
Another time
Another time
Another time
Another time
Another time
Another time
Another time
Another time
Another time
Another time
Another time
Another time
Another time
Another time
Another time
Another time
Another time
Another time
Another time
Another time
Another time
Another time
Another time
Another time
Another time
Another time
Another time
Another time
Another time
Another time
Another time
Another time
Another time
Another time
Another time
Another time
Another time
Another time
Another time
Another time
Another time
Another time
Another time
Another time
Another time
Another time
Another time
Another time
Another time
Another time
Another time
Another time
Another time
Another time
Another time
Another time
Another time
Another time
Another time
Another time
Another time
Another time
Another time
Another time
Another time
Another time
Another time
Another time
Another time
Another time
Another time
Another time
Another time
Another time
Another time
Another time
Another time
Another time
Another time
Another time
Another time
Another time
Another time
Another time
Another time
Another time
Another time
Another time
Another time
Another time
Another time
Another time
Another time
Another time
Another time
Another time
Another time
Another time
Another time
Another time
Another time
Another time
Another time
Another time
Another time
Another time
Another time
Another time
Another time
Another time
Another time
Another time
Another time
Another time
Another time
Another time
Another time
Another time
Another time
Another time
Another time
Another time
Another time
Another time
Another time
Another time
Another time
Another time
Another time
Another time
Another time
Another time
Another time
Another time
Another time
Another time
Another time
Another time
Another time
Another time
Another time
Another time
Another time
Another time
Another time
Another time
Another time
Another time
Another time
Another time
Another time
Another time
Another time
Another time
Another time
Another time
Another time
Another time
Another time
Another time
Another time
Another time
Another time
Another time
Another time
Another time
Another time
Another time
Another time
Another time
Another time
Another time
Another time
Another time
Another time
Another time
Another time
Another time
Another time
Another time
Another time
Another time
Another time
Another time
Another time
Another time
Another time
Another time
Another time
Another time
Another time
Another time
Another time
Another time
Another time
Another time
Another time
Another time
Another time
Another time
Another time
Another time
Another time
Another time
Another time
Another time
Another time
Another time
Another time
Another time
Another time
Another time
Another time
Another time
Another time
Another time
Another time
Another time
Another time
Another time
Another time
Another time
Another time
Another time
Another time
Another time
Another time
Another time
Another time
Another time
Another time
Another time
Another time
Another time
Another time
Another time
Another time
Another time
Another time
Another time
Another time
Another time
Another time
Another time
Another time
Another time
Another time
Another time
Another time
Another time
Another time
Another time
Another time
Another time
Another time
Another time
Another time
Another time
Another time
Another time
Another time
Another time
Another time
Another time
Another time
Another time
Another time
Another time
Another time
Another time
Another time
Another time
Another time
Another time
Another time
Another time
Another time
Another time
Another time
Another time
Another time
Another time
Another time
Another time
Another time
Another time
Another time
Another time
Another time
Another time
Another time
Another time
Another time
Another time
Another time
Another time
Another time
Another time
Another time
Another time
Another time
Another time
Another time
Another time
Another time
Another time
Another time
Another time
Another time
Another time
Another time
Another time
Another time
Another time
Another time
Another time
Another time
Another time
Another time
Another time
Another time
Another time
Another time
Another time
Another time
Another time
Another time
Another time
Another time
Another time
Another time
Another time
Another time
Another time
Another time
Another time
Another time
Another time
Another time
Another time
Another time
Another time
Another time
Another time
Another time
Another time
Another time
Another time
Another time
Another time
Another time
Another time
Another time
Another time
Another time
Another time
Another time
Another time
Another time
Another time
Another time
Another time
Another time
Another time
Another time
Another time
Another time
Another time
Another time
Another time
Another time
Another time
Another time
Another time
Another time
Another time
Another time
Another time
Another time
Another time
Another time
Another time
Another time
Another time
Another time
Another time
Another time
Another time
Another time
Another time
Another time
Another time
Another time
Another time
Another time
Another time
Another time
Another time
Another time
Another time
Another time
Another time
Another time
Another time
Another time
Another time
Another time
Another time
Another time
Another time
Another time
Another time
Another time
Another time
Another time
Another time
Another time
Another time
Another time
Another time
Another time
Another time
Another time
Another time
Another time
Another time
Another time
Another time
Another time
Another time
Another time
Another time
Another time
Another time
Another time
Another time
Another time
Another time
Another time
Another time
Another time
Another time
Another time
Another time
Another time
Another time
Another time
Another time
Another time
Another time
Another time
Another time
Another time
Another time
Another time
Another time
Another time
Another time
Another time
Another time
Another time
Another time
Another time
Another time
Another time
Another time
Another time
Another time
Another time
Another time
Another time
Another time
Another time
Another time
Another time
Another time
Another time
Another time
Another time
Another time
Another time
Another time
Another time
Another time
Another time
Another time
Another time
Another time
Another time
Another time
Another time
Another time
Another time
Another time
Another time
Another time
Another time
Another time
Another time
Another time
Another time
Another time
Another time
Another time
Another time
Another time
Another time
Another time
Another time
Another time
Another time
Another time
Another time
Another time
Another time
Another time
Another time
Another time
Another time
Another time
Another time
Another time
Another time
Another time
Another time
Another time
Another time
Another time
Another time
Another time
Another time
Another time
Another time
Another time
Another time
Another time
Another time
Another time
Another time
Another time
Another time
Another time
Another time
Another time
Another time
Another time
Another time
Another time
Another time
Another time
Another time
Another time
Another time
Another time
Another time
Another time
Another time
Another time
Another time
Another time
Another time
Another time
Another time
Another time
Another time
Another time
Another time
Another time
Another time
Another time
Another time
Another time
Another time
Another time
Another time
Another time
Another time
Another time
Another time
Another time
Another time
Another time
Another time
Another time
Another time
Another time
Another time
Another time
Another time
Another time
Another time
Another time
Another time
Another time
Another time
Another time
Another time
Another time
Another time
Another time
Another time
Another time
Another time
Another time
Another time
Another time
Another time
Another time
Another time
Another time
Another time
Another time
Another time
Another time
Another time
Another time
Another time
Another time
Another time
Another time
Another time
Another time
Another time
Another time
Another time
Another time
Another time
Another time
Another time
Another time
Another time
Another time
Another time
Another time
Another time
Another time
Another time
Another time
Another time
Another time
Another time
Another time
Another time
Another time
Another time
Another time
Another time
Another time
Another time
Another time
Another time
Another time
Another time
Another time
Another time
Another time
Another time
Another time
Another time
Another time
Another time
Another time
Another time
Another time
Another time
Another time
Another time
Another time
Another time
Another time
Another time
Another time
Another time
Another time
Another time
Another time
Another time
Another time
Another time
Another time
Another time
Another time
Another time
Another time
Another time
Another time
Another time
Another time
Another time
Another time
Another time
Another time
Another time
Another time
Another time
Another time
Another time
Another time
Another time
Another time
Another time
Another time
Another time
Another time
Another time
Another time
Another time
Another time
Another time
Another time
Another time
Another time
Another time
Another time
Another time
Another time
Another time
Another time
Another time
Another time
Another time
Another time
Another time
Another time
Another time
Another time
Another time
Another time
Another time
Another time
Another time
Another time
Another time
Another time
Another time
Another time
Another time
Another time
Another time
Another time
Another time
Another time
Another time
Another time
Another time
Another time
Another time
Another time
Another time
Another time
Another time
Another time
Another time
Another time
Another time
Another time
Another time
Another time
Another time
Another time
Another time
Another time
Another time
Another time
Another time
Another time
Another time
Another time
Another time
Another time
Another time
Another time
Another time
Another time
Another time
Another time
Another time
Another time
Another time
Another time
Another time
Another time
Another time
Another time
Another time
Another time
Another time
Another time
Another time
Another time
Another time
Another time
Another time
Another time
Another time
Another time
Another time
Another time
Another time
Another time
Another time
Another time
Another time
Another time
Another time
Another time
Another time
Another time
Another time
Another time
Another time
Another time
Another time
Another time
Another time
Another time
Another time
Another time
Another time
Another time
Another time
Another time
Another time
Another time
Another time
Another time
Another time
Another time
Another time
Another time
Another time
Another time
Another time
Another time
Another time
Another time
Another time
Another time
Another time
Another time
Another time
Another time
Another time
Another time
Another time
Another time
Another time
Another time
Another time
Another time
Another time
Another time
Another time
Another time
Another time
Another time
Another time
Another time
Another time
Another time
Another time
Another time
Another time
Another time
Another time
Another time
Another time
Another time
Another time
Another time
Another time
Another time
Another time
Another time
Another time
Another time
Another time
Another time
Another time
Another time
Another time
Another time
Another time
Another time
Another time
Another time
Another time
Another time
Another time
Another time
Another time
Another time
Another time
Another time
Another time
Another time
Another time
Another time
Another time
Another time
Another time
Another time
Another time
Another time
Another time
Another time
Another time
Another time
Another time
Another time
Another time
Another time
Another time
Another time
Another time
Another time
Another time
Another time
Another time
Another time
Another time
Another time
Another time
Another time
Another time
Another time
Another time
Another time
Another time
Another time
Another time
Another time
Another time
Another time
Another time
Another time
Another time
Another time
Another time
Another time
Another time
Another time
Another time
Another time
Another time
Another time
Another time
Another time
Another time
Another time
Another time
Another time
Another time
Another time
Another time
Another time
Another time
Another time
Another time
Another time
Another time
Another time
Another time
Another time
Another time
Another time
Another time
Another time
Another time
Another time
Another time
Another time
Another time
Another time
Another time
Another time
Another time
Another time
Another time
Another time
Another time
Another time
Another time
Another time
Another time
Another time
Another time
Another time
Another time
Another time
Another time
Another time
Another time
Another time
Another time
Another time
Another time
Another time
Another time
Another time
Another time
Another time
Another time
Another time
Another time
Another time
Another time
Another time
Another time
Another time
Another time
Another time
Another time
Another time
Another time
Another time
Another time
Another time
Another time
Another time
Another time
Another time
Another time
Another time
Another time
Another time
Another time
Another time
Another time
Another time
Another time
Another time
Another time
Another time
Another time
Another time
Another time
Another time
Another time
Another time
Another time
Another time
Another time
Another time
Another time
Another time
Another time
Another time
Another time
Another time
Another time
Another time
Another time
Another time
Another time
Another time
Another time
Another time
Another time
Another time
Another time
Another time
Another time
Another time
Another time
Another time
Another time
Another time
Another time
Another time
Another time
Another time
Another time
Another time
Another time
Another time
Another time
Another time
Another time
Another time
Another time
Another time
Another time
Another time
Another time
Another time
Another time
Another time
Another time
Another time
Another time
Another time
Another time
Another time
Another time
Another time
Another time
Another time
Another time
Another time
Another time
Another time
Another time
Another time
Another time
Another time
Another time
Another time
Another time
Another time
Another time
Another time
Another time
Another time
Another time
Another time
Another time
Another time
Another time
Another time
Another time
Another time
Another time
Another time
Another time
Another time
Another time
Another time
Another time
Another time
Another time
Another time
Another time
Another time
Another time
Another time
Another time
Another time
Another time
Another time
Another time
Another time
Another time
Another time
Another time
Another time
Another time
Another time
Another time
Another time
Another time
Another time
Another time
Another time
Another time
Another time
Another time
Another time
Another time
Another time
Another time
Another time
Another time
Another time
Another time
Another time
Another time
Another time
Another time
Another time
Another time
Another time
Another time
Another time
Another time
Another time
Another time
Another time
Another time
Another time
Another time
Another time
Another time
Another time
Another time
Another time
Another time
Another time
Another time
Another time
Another time
Another time
Another time
Another time
Another time
Another time
Another time
Another time
Another time
Another time
Another time
Another time
Another time
Another time
Another time
Another time
Another time
Another time
Another time
Another time
Another time
Another time
Another time
Another time
Another time
Another time
Another time
Another time
Another time
Another time
Another time
Another time
Another time
Another time
Another time
Another time
Another time
Another time
Another time
Another time
Another time
Another time
Another time
Another time
Another time
Another time
Another time
Another time
Another time
Another time
Another time
Another time
Another time
Another time
Another time
Another time
Another time
Another time
Another time
Another time
Another time
Another time
Another time
Another time
Another time
Another time
Another time
Another time
Another time
Another time
Another time
Another time
Another time
Another time
Another time
Another time
Another time
Another time
Another time
Another time
Another time
Another time
Another time
Another time
Another time
Another time
Another time
Another time
Another time
Another time
Another time
Another time
Another time
Another time
Another time
Another time
Another time
Another time
Another time
Another time
Another time
Another time
Another time
Another time
Another time
Another time
Another time
Another time
Another time
Another time
Another time
Another time
Another time
Another time
Another time
Another time
Another time
Another time
Another time
Another time
Another time
Another time
Another time
Another time
Another time
Another time
Another time
Another time
Another time
Another time
Another time
Another time
Another time
Another time
Another time
Another time
Another time
Another time
Another time
Another time
Another time
Another time
Another time
Another time
Another time
Another time
Another time
Another time
Another time
Another time
Another time
Another time
Another time
Another time
Another time
Another time
Another time
Another time
Another time
Another time
Another time
Another time
Another time
Another time
Another time
Another time
Another time
Another time
Another time
Another time
Another time
Another time
Another time
Another time
Another time
Another time
Another time
Another time
Another time
Another time
Another time
Another time
Another time
Another time
Another time
Another time
Another time
Another time
Another time
Another time
Another time
Another time
Another time
Another time
Another time
Another time
Another time
Another time
Another time
Another time
Another time
Another time
Another time
Another time
Another time
Another time
Another time
Another time
Another time
Another time
Another time
Another time
Another time
Another time
Another time
Another time
Another time
Another time
Another time
Another time
Another time
Another time
Another time
Another time
Another time
Another time
Another time
Another time
Another time
Another time
Another time
Another time
Another time
Another time
Another time
Another time
Another time
Another time
Another time
Another time
Another time
Another time
Another time
Another time
Another time
Another time
Another time
Another time
Another time
Another time
Another time
Another time
Another time
Another time
Another time
Another time
Another time
Another time
Another time
Another time
Another time
Another time
Another time
Another time
Another time
Another time
Another time
Another time
Another time
Another time
Another time
Another time
Another time
Another time
Another time
Another time
Another time
Another time
Another time
Another time
Another time
Another time
Another time
Another time
Another time
Another time
Another time
Another time
Another time
Another time
Another time
Another time
Another time
Another time
Another time
Another time
Another time
Another time
Another time
Another time
Another time
Another time
Another time
Another time
Another time
Another time
Another time
Another time
Another time
Another time
Another time
Another time
Another time
Another time
Another time
Another time
Another time
Another time
Another time
Another time
Another time
Another time
Another time
Another time
Another time
Another time
Another time
Another time
Another time
Another time
Another time
Another time
Another time
Another time
Another time
Another time
Another time
Another time
Another time
Another time
Another time
Another time
Another time
Another time
Another time
Another time
Another time
Another time
Another time
Another time
Another time
Another time
Another time
Another time
Another time
Another time
Another time
Another time
Another time
Another time
Another time
Another time
Another time
Another time
Another time
Another time
Another time
Another time
Another time
Another time
Another time
Another time
Another time
Another time
Another time
Another time
Another time
Another time
Another time
Another time
Another time
Another time
Another time
Another time
Another time
Another time
Another time
Another time
Another time
Another time
Another time
Another time
Another time
Another time
Another time
Another time
Another time
Another time
Another time
Another time
Another time
Another time
Another time
Another time
Another time
Another time
Another time
Another time
Another time
Another time
Another time
Another time
Another time
Another time
Another time
Another time
Another time
Another time
Another time
Another time
Another time
Another time
Another time
Another time
Another time
Another time
Another time
Another time
Another time
Another time
Another time
Another time
Another time
Another time
Another time
Another time
Another time
Another time
Another time
Another time
Another time
Another time
Another time
Another time
Another time
Another time
Another time
Another time
Another time
Another time
Another time
Another time
Another time
Another time
Another time
Another time
Another time
Another time
Another time
Another time
Another time
Another time
Another time
Another time
Another time
Another time
Another time
Another time
Another time
Another time
Another time
Another time
Another time
Another time
Another time
Another time
Another time
Another time
Another time
Another time
Another time
Another time
Another time
Another time
Another time
Another time
Another time
Another time
Another time
Another time
Another time
Another time
Another time
Another time
Another time
Another time
Another time
Another time
Another time
Another time
Another time
Another time
Another time
Another time
Another time
Another time
Another time
Another time
Another time
Another time
Another time
Another time
Another time
Another time
Another time
Another time
Another time
Another time
Another time
Another time
Another time
Another time
Another time
Another time
Another time
Another time
Another time
Another time
Another time
Another time
Another time
Another time
Another time
Another time
Another time
Another time
Another time
Another time
Another time
Another time
Another time
Another time
Another time
Another time
Another time
Another time
Another time
Another time
Another time
Another time
Another time
Another time
Another time
Another time
Another time
Another time
Another time
Another time
Another time
Another time
Another time
Another time
Another time
Another time
Another time
Another time
Another time
Another time
Another time
Another time
Another time
Another time
Another time
Another time
Another time
Another time
Another time
Another time
Another time
Another time
Another time
Another time
Another time
Another time
Another time
Another time
Another time
Another time
Another time
Another time
Another time
Another time
Another time
Another time
Another time
Another time
Another time
Another time
Another time
Another time
Another time
Another time
Another time
Another time
Another time
Another time
Another time
Another time
Another time
Another time
Another time
Another time
Another time
Another time
Another time
Another time
Another time
Another time
Another time
Another time
Another time
Another time
Another time
Another time
Another time
Another time
Another time
Another time
Another time
Another time
Another time
Another time
Another time
Another time
Another time
Another time
Another time
Another time
Another time
Another time
Another time
Another time
Another time
Another time
Another time
Another time
Another time
Another time
Another time
Another time
Another time
Another time
Another time
Another time
Another time
Another time
Another time
Another time
Another time
Another time
Another time
Another time
Another time
Another time
Another time
Another time
Another time
Another time
Another time
Another time
Another time
Another time
Another time
Another time
Another time
Another time
Another time
Another time
Another time
Another time
Another time
Another time
Another time
Another time
Another time
Another time
Another time
Another time
Another time
Another time
Another time
Another time
Another time
Another time
Another time
Another time
Another time
Another time
Another time
Another time
Another time
Another time
Another time
Another time
Another time
Another time
Another time
Another time
Another time
Another time
Another time
Another time
Another time
Another time
Another time
Another time
Another time
Another time
Another time
Another time
Another time
Another time
Another time
Another time
Another time
Another time
Another time
Another time
Another time
Another time
Another time
Another time
Another time
Another time
Another time
Another time
Another time
Another time
Another time
Another time
Another time
Another time
Another time
Another time
Another time
Another time
Another time
Another time
Another time
Another time
Another time
Another time
Another time
Another time
Another time
Another time
Another time
Another time
Another time
Another time
Another time
Another time
Another time
Another time
Another time
Another time
Another time
Another time
Another time
Another time
Another time
Another time
Another time
Another time
Another time
Another time
Another time
Another time
Another time
Another time
Another time
Another time
Another time
Another time
Another time
Another time
Another time
Another time
Another time
Another time
Another time
Another time
Another time
Another time
Another time
Another time
Another time
Another time
Another time
Another time
Another time
Another time
Another time
Another time
Another time
Another time
Another time
Another time
Another time
Another time
Another time
Another time
Another time
Another time
Another time
Another time
Another time
Another time
Another time
Another time
Another time
Another time
Another time
Another time
Another time
Another time
Another time
Another time
Another time
Another time
Another time
Another time
Another time
Another time
Another time
Another time
Another time
Another time
Another time
Another time
Another time
Another time
Another time
Another time
Another time
Another time
Another time
Another time
Another time
Another time
Another time
Another time
Another time
Another time
Another time
Another time
Another time
Another time
Another time
Another time
Another time
Another time
Another time
Another time
Another time
Another time
Another time
Another time
Another time
Another time
Another time
Another time
Another time
Another time
Another time
Another time
Another time
Another time
Another time
Another time
Another time
Another time
Another time
Another time
Another time
Another time
Another time
Another time
Another time
Another time
Another time
Another time
Another time
Another time
Another time
Another time
Another time
Another time
Another time
Another time
Another time
Another time
Another time
Another time
Another time
Another time
Another time
Another time
Another time
Another time
Another time
Another time
Another time
Another time
Another time
Another time
Another time
Another time
Another time
Another time
Another time
Another time
Another time
Another time
Another time
Another time
Another time
Another time
Another time
Another time
Another time
Another time
Another time
Another time
Another time
Another time
Another time
Another time
Another time
Another time
Another time
Another time
Another time
Another time
Another time
Another time
Another time
Another time
Another time
Another time
Another time
Another time
Another time
Another time
Another time
Another time
Another time
Another time
Another time
Another time
Another time
Another time
Another time
Another time
Another time
Another time
Another time
Another time
Another time
Another time
Another time
Another time
Another time
Another time
Another time
Another time
Another time
Another time
Another time
Another time
Another time
Another time
Another time
Another time
Another time
Another time
Another time
Another time
Another time
Another time
Another time
Another time
Another time
Another time
Another time
Another time
Another time
Another time
Another time
Another time
Another time
Another time
Another time
Another time
Another time
Another time
Another time
Another time
Another time
Another time
Another time
Another time
Another time
Another time
Another time
Another time
Another time
Another time
Another time
Another time
Another time
Another time
Another time
Another time
Another time
Another time
Another time
Another time
Another time
Another time
Another time
Another time
Another time
Another time
Another time
Another time
Another time
Another time
Another time
Another time
Another time
Another time
Another time
Another time
Another time
Another time
Another time
Another time
Another time
Another time
Another time
Another time
Another time
Another time
Another time
Another time
Another time
Another time
Another time
Another time
Another time
Another time
Another time
Another time
Another time
Another time
Another time
Another time
Another time
Another time
Another time
Another time
Another time
Another time
Another time
Another time
Another time
Another time
Another time
Another time
Another time
Another time
Another time
Another time
Another time
Another time
Another time
Another time
Another time
Another time
Another time
Another time
Another time
Another time
Another time
Another time
Another time
Another time
Another time
Another time
Another time
Another time
Another time
Another time
Another time
Another time
Another time
Another time
Another time
Another time
Another time
Another time
Another time
Another time
Another time
Another time
Another time
Another time
Another time
Another time
Another time
Another time
Another time
Another time
Another time
Another time
Another time
Another time
Another time
Another time
Another time
Another time
Another time
Another time
Another time
Another time
Another time
Another time
Another time
Another time
Another time
Another time
Another time
Another time
Another time
Another time
Another time
Another time
Another time
Another time
Another time
Another time
Another time
Another time
Another time
Another time
Another time
Another time
Another time
Another time
Another time
Another time
Another time
Another time
Another time
Another time
Another time
Another time
Another time
Another time
Another time
Another time
Another time
Another time
Another time
Another time
Another time
Another time
Another time
Another time
Another time
Another time
Another time
Another time
Another time
Another time
Another time
Another time
Another time
Another time
Another time
Another time
Another time
Another time
Another time
Another time
Another time
Another time
Another time
Another time
Another time
Another time
Another time
Another time
Another time
Another time
Another time
Another time
Another time
Another time
Another time
Another time
Another time
Another time
Another time
Another time
Another time
Another time
Another time
Another time
Another time
Another time
Another time
Another time
Another time
Another time
Another time
Another time
Another time
Another time
Another time
Another time
Another time
Another time
Another time
Another time
Another time
Another time
Another time
Another time
Another time
Another time
Another time
Another time
Another time
Another time
Another time
Another time
Another time
Another time
Another time
Another time
Another time
Another time
Another time
Another time
Another time
Another time
Another time
Another time
Another time
Another time
Another time
Another time
Another time
Another time
Another time
Another time
Another time
Another time
Another time
Another time
Another time
Another time
Another time
Another time
Another time
Another time
Another time
Another time
Another time
Another time
Another time
Another time
Another time
Another time
Another time
Another time
Another time
Another time
Another time
Another time
Another time
Another time
Another time
Another time
Another time
Another time
Another time
Another time
Another time
Another time
Another time
Another time
Another time
Another time
Another time
Another time
Another time
Another time
Another time
Another time
Another time
Another time
Another time
Another time
Another time
Another time
Another time
Another time
Another time
Another time
Another time
Another time
Another time
Another time
Another time
Another time
Another time
Another time
Another time
Another time
Another time
Another time
Another time
Another time
Another time
Another time
Another time
Another time
Another time
Another time
Another time
Another time
Another time
Another time
Another time
Another time
Another time
Another time
Another time
Another time
Another time
Another time
Another time
Another time
Another time
Another time
Another time
Another time
Another time
Another time
Another time
Another time
Another time
Another time
Another time
Another time
Another time
Another time
Another time
Another time
Another time
Another time
Another time
Another time
Another time
Another time
Another time
Another time
Another time
Another time
Another time
Another time
Another time
Another time
Another time
Another time
Another time
Another time
Another time
Another time
Another time
Another time
Another time
Another time
Another time
Another time
Another time
Another time
Another time
Another time
Another time
Another time
Another time
Another time
Another time
Another time
Another time
Another time
Another time
Another time
Another time
Another time
Another time
Another time
Another time
Another time
Another time
Another time
Another time
Another time
Another time
Another time
Another time
Another time
Another time
Another time
Another time
Another time
Another time
Another time
Another time
Another time
Another time
Another time
Another time
Another time
Another time
Another time
Another time
Another time
Another time
Another time
Another time
Another time
Another time
Another time
Another time
Another time
Another time
Another time
Another time
Another time
Another time
Another time
Another time
Another time
Another time
Another time
Another time
Another time
Another time
Another time
Another time
Another time
Another time
Another time
Another time
Another time
Another time
Another time
Another time
Another time
Another time
Another time
Another time
Another time
Another time
Another time
Another time
Another time
Another time
Another time
Another time
Another time
Another time
Another time
Another time
Another time
Another time
Another time
Another time
Another time
Another time
Another time
Another time
Another time
Another time
Another time
Another time
Another time
Another time
Another time
Another time
Another time
Another time
Another time
Another time
Another time
Another time
Another time
Another time
Another time
Another time
Another time
Another time
Another time
Another time
Another time
Another time
Another time
Another time
Another time
Another time
Another time
Another time
Another time
Another time
Another time
Another time
Another time
Another time
Another time
Another time
Another time
Another time
Another time
Another time
Another time
Another time
Another time
Another time
Another time
Another time
Another time
Another time
Another time
Another time
Another time
Another time
Another time
Another time
Another time
Another time
Another time
Another time
Another time
Another time
Another time
Another time
Another time
Another time
Another time
Another time
Another time
Another time
Another time
Another time
Another time
Another time
Another time
Another time
Another time
Another time
Another time
Another time
Another time
Another time
Another time
Another time
Another time
Another time
Another time
Another time
Another time
Another time
Another time
Another time
Another time
Another time
Another time
Another time
Another time
Another time
Another time
Another time
Another time
Another time
Another time
Another time
Another time
Another time
Another time
Another time
Another time
Another time
Another time
Another time
Another time
Another time
Another time
Another time
Another time
Another time
Another time
Another time
Another time
Another time
Another time
Another time
Another time
Another time
Another time
Another time
Another time
Another time
Another time
Another time
Another time
Another time
Another time
Another time
Another time
Another time
Another time
Another time
Another time
Another time
Another time
Another time
Another time
Another time
Another time
Another time
Another time
Another time
Another time
Another time
Another time
Another time
Another time
Another time
Another time
Another time
Another time
Another time
Another time
Another time
Another time
Another time
Another time
Another time
Another time
Another time
Another time
Another time
Another time
Another time
Another time
Another time
Another time
Another time
Another time
Another time
Another time
Another time
Another time
Another time
Another time
Another time
Another time
Another time
Another time
Another time
Another time
Another time
Another time
Another time
Another time
Another time
Another time
Another time
Another time
Another time
Another time
Another time
Another time
Another time
Another time
Another time
Another time
Another time
Another time
Another time
Another time
Another time
Another time
Another time
Another time
Another time
Another time
Another time
Another time
Another time
Another time
Another time
Another time
Another time
Another time
Another time
Another time
Another time
Another time
Another time
Another time
Another time
Another time
Another time
Another time
Another time
Another time
Another time
Another time
Another time
Another time
Another time
Another time
Another time
Another time
Another time
Another time
Another time
Another time
Another time
Another time
Another time
Another time
Another time
Another time
Another time
Another time
Another time
Another time
Another time
Another time
Another time
Another time
Another time
Another time
Another time
Another time
Another time
Another time
Another time
Another time
Another time
Another time
Another time
Another time
Another time
Another time
Another time
Another time
Another time
Another time
Another time
Another time
Another time
Another time
Another time
Another time
Another time
Another time
Another time
Another time
Another time
Another time
Another time
Another time
Another time
Another time
Another time
Another time
Another time
Another time
Another time
Another time
Another time
Another time
Another time
Another time
Another time
Another time
Another time
Another time
Another time
Another time
Another time
Another time
Another time
Another time
Another time
Another time
Another time
Another time
Another time
Another time
Another time
Another time
Another time
Another time
Another time
Another time
Another time
Another time
Another time
Another time
Another time
Another time
Another time
Another time
Another time
Another time
Another time
Another time
Another time
Another time
Another time
Another time
Another time
Another time
Another time
Another time
Another time
Another time
Another time
Another time
Another time
Another time
Another time
Another time
Another time
Another time
Another time
Another time
Another time
Another time
Another time
Another time
Another time
Another time
Another time
Another time
Another time
Another time
Another time
Another time
Another time
Another time
Another time
Another time
Another time
Another time
Another time
Another time
Another time
Another time
Another time
Another time
Another time
Another time
Another time
Another time
Another time
Another time
Another time
Another time
Another time
Another time
Another time
Another time
Another time
Another time
Another time
Another time
Another time
Another time
Another time
Another time
Another time
Another time
Another time
Another time
Another time
Another time
Another time
Another time
Another time
Another time
Another time
Another time
Another time
Another time
Another time
Another time
Another time
Another time
Another time
Another time
Another time
Another time
Another time
Another time
Another time
Another time
Another time
Another time
Another time
Another time
Another time
Another time
Another time
Another time
Another time
Another time
Another time
Another time
Another time
Another time
Another time
Another time
Another time
Another time
Another time
Another time
Another time
Another time
Another time
Another time
Another time
Another time
Another time
Another time
Another time
Another time
Another time
Another time
Another time
Another time
Another time
Another time
Another time
Another time
Another time
Another time
Another time
Another time
Another time
Another time
Another time
Another time
Another time
Another time
Another time
Another time
Another time
Another time
Another time
Another time
Another time
Another time
Another time
Another time
Another time
Another time
Another time
Another time
Another time
Another time
Another time
Another time
Another time
Another time
Another time
Another time
Another time
Another time
Another time
Another time
Another time
Another time
Another time
Another time
Another time
Another time
Another time
Another time
Another time
Another time
Another time
Another time
Another time
Another time
Another time
Another time
Another time
Another time
Another time
Another time
Another time
Another time
Another time
Another time
Another time
Another time
Another time
Another time
Another time
Another time
Another time
Another time
Another time
Another time
Another time
Another time
Another time
Another time
Another time
Another time
Another time
Another time
Another time
Another time
Another time
Another time
Another time
Another time
Another time
Another time
Another time
Another time
Another time
Another time
Another time
Another time
Another time
Another time
Another time
Another time
Another time
Another time
Another time
Another time
Another time
Another time
Another time
Another time
Another time
Another time
Another time
Another time
Another time
Another time
Another time
Another time
Another time
Another time
Another time
Another time
Another time
Another time
Another time
Another time
Another time
Another time
Another time
Another time
Another time
Another time
Another time
Another time
Another time
Another time
Another time
Another time
Another time
Another time
Another time
Another time
Another time
Another time
Another time
Another time
Another time
Another time
Another time
Another time
Another time
Another time
Another time
Another time
Another time
Another time
Another time
Another time
Another time
Another time
Another time
Another time
Another time
Another time
Another time
Another time
Another time
Another time
Another time
Another time
Another time
Another time
Another time
Another time
Another time
Another time
Another time
Another time
Another time
Another time
Another time
Another time
Another time
Another time
Another time
Another time
Another time
Another time
Another time
Another time
Another time
Another time
Another time
Another time
Another time
Another time
Another time
Another time
Another time
Another time
Another time
Another time
Another time
Another time
Another time
Another time
Another time
Another time
Another time
Another time
Another time
Another time
Another time
Another time
Another time
Another time
Another time
Another time
Another time
Another time
Another time
Another time
Another time
Another time
Another time
Another time
Another time
Another time
Another time
Another time
Another time
Another time
Another time
Another time
Another time
Another time
Another time
Another time
Another time
Another time
Another time
Another time
Another time
Another time
Another time
Another time
Another time
Another time
Another time
Another time
Another time
Another time
Another time
Another time
Another time
Another time
Another time
Another time
Another time
Another time
Another time
Another time
Another time
Another time
Another time
Another time
Another time
Another time
Another time
Another time
Another time
Another time
Another time
Another time
Another time
Another time
Another time
Another time
Another time
Another time
Another time
Another time
Another time
Another time
Another time
Another time
Another time
Another time
Another time
Another time
Another time
Another time
Another time
Another time
Another time
Another time
Another time
Another time
Another time
Another time
Another time
Another time
Another time
Another time
Another time
Another time
Another time
Another time
Another time
Another time
Another time
Another time
Another time
Another time
Another time
Another time
Another time
Another time
Another time
Another time
Another time
Another time
Another time
Another time
Another time
Another time
Another time
Another time
Another time
Another time
Another time
Another time
Another time
Another time
Another time
Another time
Another time
Another time
Another time
Another time
Another time
Another time
Another time
Another time
Another time
Another time
Another time
Another time
Another time
Another time
Another time
Another time
Another time
Another time
Another time
Another time
Another time
Another time
Another time
Another time
Another time
Another time
Another time
Another time
Another time
Another time
Another time
Another time
Another time
Another time
Another time
Another time
Another time
Another time
Another time
Another time
Another time
Another time
Another time
Another time
Another time
Another time
Another time
Another time
Another time
Another time
Another time
Another time
Another time
Another time
Another time
Another time
Another time
Another time
Another time
Another time
Another time
Another time
Another time
Another time
Another time
Another time
Another time
Another time
Another time
Another time
Another time
Another time
Another time
Another time
Another time
Another time
Another time
Another time
Another time
Another time
Another time
Another time
Another time
Another time
Another time
Another time
Another time
Another time
Another time
Another time
Another time
Another time
Another time
Another time
Another time
Another time
Another time
Another time
Another time
Another time
Another time
Another time
Another time
Another time
Another time
Another time
Another time
Another time
Another time
Another time
Another time
Another time
Another time
Another time
Another time
Another time
Another time
Another time
Another time
Another time
Another time
Another time
Another time
Another time
Another time
Another time
Another time
Another time
Another time
Another time
Another time
Another time
Another time
Another time
Another time
Another time
Another time
Another time
Another time
Another time
Another time
Another time
Another time
Another time
Another time
Another time
Another time
Another time
Another time
Another time
Another time
Another time
Another time
Another time
Another time
Another time
Another time
Another time
Another time
Another time
Another time
Another time
Another time
Another time
Another time
Another time
Another time
Another time
Another time
Another time
Another time
Another time
Another time
Another time
Another time
Another time
Another time
Another time
Another time
Another time
Another time
Another time
Another time
Another time
Another time
Another time
Another time
Another time
Another time
Another time
Another time
Another time
Another time
Another time
Another time
Another time
Another time
Another time
Another time
Another time
Another time
Another time
Another time
Another time
Another time
Another time
Another time
Another time
Another time
Another time
Another time
Another time
Another time
Another time
Another time
Another time
Another time
Another time
Another time
Another time
Another time
Another time
Another time
Another time
Another time
Another time
Another time
Another time
Another time
Another time
Another time
Another time
Another time
Another time
Another time
Another time
Another time
Another time
Another time
Another time
Another time
Another time
Another time
Another time
Another time
Another time
Another time
Another time
Another time
Another time
Another time
Another time
Another time
Another time
Another time
Another time
Another time
Another time
Another time
Another time
Another time
Another time
Another time
Another time
Another time
Another time
Another time
Another time
Another time
Another time
Another time
Another time
Another time
Another time
Another time
Another time
Another time
Another time
Another time
Another time
Another time
Another time
Another time
Another time
Another time
Another time
Another time
Another time
Another time
Another time
Another time
Another time
Another time
Another time
Another time
Another time
Another time
Another time
Another time
Another time
Another time
Another time
Another time
Another time
Another time
Another time
Another time
Another time
Another time
Another time
Another time
Another time
Another time
Another time
Another time
Another time
Another time
Another time
Another time
Another time
Another time
Another time
Another time
Another time
Another time
Another time
Another time
Another time
Another time
Another time
Another time
Another time
Another time
Another time
Another time
Another time
Another time
Another time
Another time
Another time
Another time
Another time
Another time
Another time
Another time
Another time
Another time
Another time
Another time
Another time
Another time
Another time
Another time
Another time
Another time
Another time
Another time
Another time
Another time
Another time
Another time
Another time
Another time
Another time
Another time
Another time
Another time
Another time
Another time
Another time
Another time
Another time
Another time
Another time
Another time
Another time
Another time
Another time
Another time
Another time
Another time
Another time
Another time
Another time
Another time
Another time
Another time
Another time
Another time
Another time
Another time
Another time
Another time
Another time
Another time
Another time
Another time
Another time
Another time
Another time
Another time
Another time
Another time
Another time
Another time
Another time
Another time
Another time
Another time
Another time
Another time
Another time
Another time
Another time
Another time
Another time
Another time
Another time
Another time
Another time
Another time
Another time
Another time
Another time
Another time
Another time
Another time
Another time
Another time
Another time
Another time
Another time
Another time
Another time
Another time
Another time
Another time
Another time
Another time
Another time
Another time
Another time
Another time
Another time
Another time
Another time
Another time
Another time
Another time
Another time
Another time
Another time
Another time
Another time
Another time
Another time
Another time
Another time
Another time
Another time
Another time
Another time
Another time
Another time
Another time
Another time
Another time
Another time
Another time
Another time
Another time
Another time
Another time
Another time
Another time
Another time
Another time
Another time
Another time
Another time
Another time
Another time
Another time
Another time
Another time
Another time
Another time
Another time
Another time
Another time
Another time
Another time
Another time
Another time
Another time
Another time
Another time
Another time
Another time
Another time
Another time
Another time
Another time
Another time
Another time
Another time
Another time
Another time
Another time
Another time
Another time
Another time
Another time
Another time
Another time
Another time
Another time
Another time
Another time
Another time
Another time
Another time
Another time
Another time
Another time
Another time
Another time
Another time
Another time
Another time
Another time
Another time
Another time
Another time
Another time
Another time
Another time
Another time
Another time
Another time
Another time
Another time
Another time
Another time
Another time
Another time
Another time
Another time
Another time
Another time
Another time
Another time
Another time
Another time
Another time
Another time
Another time
Another time
Another time
Another time
Another time
Another time
Another time
Another time
Another time
Another time
Another time
Another time
Another time
Another time
Another time
Another time
Another time
Another time
Another time
Another time
Another time
Another time
Another time
Another time
Another time
Another time
Another time
Another time
Another time
Another time
Another time
Another time
Another time
Another time
Another time
Another time
Another time
Another time
Another time
Another time
Another time
Another time
Another time
Another time
Another time
Another time
Another time
Another time
Another time
Another time
Another time
Another time
Another time
Another time
Another time
Another time
Another time
Another time
Another time
Another time
Another time
Another time
Another time
Another time
Another time
Another time
Another time
Another time
Another time
Another time
Another time
Another time
Another time
Another time
Another time
Another time
Another time
Another time
Another time
Another time
Another time
Another time
Another time
Another time
Another time
Another time
Another time
Another time
Another time
Another time
Another time
Another time
Another time
Another time
Another time
Another time
Another time
Another time
Another time
Another time
Another time
Another time
Another time
Another time
Another time
Another time
Another time
Another time
Another time
Another time
Another time
Another time
Another time
Another time
Another time
Another time
Another time
Another time
Another time
Another time
Another time
Another time
Another time
Another time
Another time
Another time
Another time
Another time
Another time
Another time
Another time
Another time
Another time
Another time
Another time
Another time
Another time
Another time
Another time
Another time
Another time
Another time
Another time
Another time
Another time
Another time
Another time
Another time
Another time
Another time
Another time
Another time
Another time
Another time
Another time
Another time
Another time
Another time
Another time
Another time
Another time
Another time
Another time
Another time
Another time
Another time
Another time
Another time
Another time
Another time
Another time
Another time
Another time
Another time
Another time
Another time
Another time
Another time
Another time
Another time
Another time
Another time
Another time
Another time
Another time
Another time
Another time
Another time
Another time
Another time
Another time
Another time
Another time
Another time
Another time
Another time
Another time
Another time
Another time
Another time
Another time
Another time
Another time
Another time
Another time
Another time
Another time
Another time
Another time
Another time
Another time
Another time
Another time
Another time
Another time
Another time
Another time
Another time
Another time
Another time
Another time
Another time
Another time
Another time
Another time
Another time
Another time
Another time
Another time
Another time
Another time
Another time
Another time
Another time
Another time
Another time
Another time
Another time
Another time
Another time
Another time
Another time
Another time
Another time
Another time
Another time
Another time
Another time
Another time
Another time
Another time
Another time
Another time
Another time
Another time
Another time
Another time
Another time
Another time
Another time
Another time
Another time
Another time
Another time
Another time
Another time
Another time
Another time
Another time
Another time
Another time
Another time
Another time
Another time
Another time
Another time
Another time
Another time
Another time
Another time
Another time
Another time
Another time
Another time
Another time
Another time
Another time
Another time
Another time
Another time
Another time
Another time
Another time
Another time
Another time
Another time
Another time
Another time
Another time
Another time
Another time
Another time
Another time
Another time
Another time
Another time
Another time
Another time
Another time
Another time
Another time
Another time
Another time
Another time
Another time
Another time
Another time
Another time
Another time
Another time
Another time
Another time
Another time
Another time
Another time
Another time
Another time
Another time
Another time
Another time
Another time
Another time
Another time
Another time
Another time
Another time
Another time
Another time
Another time
Another time
Another time
Another time
Another time
Another time
Another time
Another time
Another time
Another time
Another time
Another time
Another time
Another time
Another time
Another time
Another time
Another time
Another time
Another time
Another time
Another time
Another time
Another time
Another time
Another time
Another time
Another time
Another time
Another time
Another time
Another time
Another time
Another time
Another time
Another time
Another time
Another time
Another time
Another time
Another time
Another time
Another time
Another time
Another time
Another time
Another time
Another time
Another time
Another time
Another time
Another time
Another time
Another time
Another time
Another time
Another time
Another time
Another time
Another time
Another time
Another time
Another time
Another time
Another time
Another time
Another time
Another time
Another time
Another time
Another time
Another time
Another time
Another time
Another time
Another time
Another time
Another time
Another time
Another time
Another time
Another time
Another time
Another time
Another time
Another time
Another time
Another time
Another time
Another time
Another time
Another time
Another time
Another time
Another time
Another time
Another time
Another time
Another time
Another time
Another time
Another time
Another time
Another time
Another time
Another time
Another time
Another time
Another time
Another time
Another time
Another time
Another time
Another time
Another time
Another time
Another time
Another time
Another time
Another time
Another time
Another time
Another time
Another time
Another time
Another time
Another time
Another time
Another time
Another time
Another time
Another time
Another time
Another time
Another time
Another time
Another time
Another time
Another time
Another time
Another time
Another time
Another time
Another time
Another time
Another time
Another time
Another time
Another time
Another time
Another time
Another time
Another time
Another time
Another time
Another time
Another time
Another time
Another time
Another time
Another time
Another time
Another time
Another time
Another time
Another time
Another time
Another time
Another time
Another time
Another time
Another time
Another time
Another time
Another time
Another time
Another time
Another time
Another time
Another time
Another time
Another time
Another time
Another time
Another time
Another time
Another time
Another time
Another time
Another time
Another time
Another time
Another time
Another time
Another time
Another time
Another time
Another time
Another time
Another time
Another time
Another time
Another time
Another time
Another time
Another time
Another time
Another time
Another time
Another time
Another time
Another time
Another time
Another time
Another time
Another time
Another time
Another time
Another time
Another time
Another time
Another time
Another time
Another time
Another time
Another time
Another time
Another time
Another time
Another time
Another time
Another time
Another time
Another time
Another time
Another time
Another time
Another time
Another time
Another time
Another time
Another time
Another time
Another time
Another time
Another time
Another time
Another time
Another time
Another time
Another time
Another time
Another time
Another time
Another time
Another time
Another time
Another time
Another time
Another time
Another time
Another time
Another time
Another time
Another time
Another time
Another time
Another time
Another time
Another time
Another time
Another time
Another time
Another time
Another time
Another time
Another time
Another time
Another time
Another time
Another time
Another time
Another time
Another time
Another time
Another time
Another time
Another time
Another time
Another time
Another time
Another time
Another time
Another time
Another time
Another time
Another time
Another time
Another time
Another time
Another time
Another time
Another time
Another time
Another time
Another time
Another time
Another time
Another time
Another time
Another time
Another time
Another time
Another time
Another time
Another time
Another time
Another time
Another time
Another time
Another time
Another time
Another time
Another time
Another time
Another time
Another time
Another time
Another time
Another time
Another time
Another time
Another time
Another time
Another time
Another time
Another time
Another time
Another time
Another time
Another time
Another time
Another time
Another time
Another time
Another time
Another time
Another time
Another time
Another time
Another time
Another time
Another time
Another time
Another time
Another time
Another time
Another time
Another time
Another time
Another time
Another time
Another time
Another time
Another time
Another time
Another time
Another time
Another time
Another time
Another time
Another time
Another time
Another time
Another time
Another time
Another time
Another time
Another time
Another time
Another time
Another time
Another time
Another time
Another time
Another time
Another time
Another time
Another time
Another time
Another time
Another time
Another time
Another time
Another time
Another time
Another time
Another time
Another time
Another time
Another time
Another time
Another time
Another time
Another time
Another time
Another time
Another time
Another time
Another time
Another time
Another time
Another time
Another time
Another time
Another time
Another time
Another time
Another time
Another time
Another time
Another time
Another time
Another time
Another time
Another time
Another time
Another time
Another time
Another time
Another time
Another time
Another time
Another time
Another time
Another time
Another time
Another time
Another time
Another time
Another time
Another time
Another time
Another time
Another time
Another time
Another time
Another time
Another time
Another time
Another time
Another time
Another time
Another time
Another time
Another time
Another time
Another time
Another time
Another time
Another time
Another time
Another time
Another time
Another time
Another time
Another time
Another time
Another time
Another time
Another time
Another time
Another time
Another time
Another time
Another time
Another time
Another time
Another time
Another time
Another time
Another time
Another time
Another time
Another time
Another time
Another time
Another time
Another time
Another time
Another time
Another time
Another time
Another time
Another time
Another time
Another time
Another time
Another time
Another time
Another time
Another time
Another time
Another time
Another time
Another time
Another time
Another time
Another time
Another time
Another time
Another time
Another time
Another time
Another time
Another time
Another time
Another time
Another time
Another time
Another time
Another time
Another time
Another time
Another time
Another time
Another time
Another time
Another time
Another time
Another time
Another time
Another time
Another time
Another time
Another time
Another time
Another time
Another time
Another time
Another time
Another time
Another time
Another time
Another time
Another time
Another time
Another time
Another time
Another time
Another time
Another time
Another time
Another time
Another time
Another time
Another time
Another time
Another time
Another time
Another time
Another time
Another time
Another time
Another time
Another time
Another time
Another time
Another time
Another time
Another time
Another time
Another time
Another time
Another time
Another time
Another time
Another time
Another time
Another time
Another time
Another time
Another time
Another time
Another time
Another time
Another time
Another time
Another time
Another time
Another time
Another time
Another time
Another time
Another time
Another time
Another time
Another time
Another time
Another time
Another time
Another time
Another time
Another time
Another time
Another time
Another time
Another time
Another time
Another time
Another time
Another time
Another time
Another time
Another time
Another time
Another time
Another time
Another time
Another time
Another time
Another time
Another time
Another time
Another time
Another time
Another time
Another time
Another time
Another time
Another time
Another time
Another time
Another time
Another time
Another time
Another time
Another time
Another time
Another time
Another time
Another time
Another time
Another time
Another time
Another time
Another time
Another time
Another time
Another time
Another time
Another time
Another time
Another time
Another time
Another time
Another time
Another time
Another time
Another time
Another time
Another time
Another time
Another time
Another time
Another time
Another time
Another time
Another time
Another time
Another time
Another time
Another time
Another time
Another time
Another time
Another time
Another time
Another time
Another time
Another time
Another time
Another time
Another time
Another time
Another time
Another time
Another time
Another time
Another time
Another time
Another time
Another time
Another time
Another time
Another time
Another time
Another time
Another time
Another time
Another time
Another time
Another time
Another time
Another time
Another time
Another time
Another time
Another time
Another time
Another time
Another time
Another time
Another time
Another time
Another time
Another time
Another time
Another time
Another time
Another time
Another time
Another time
Another time
Another time
Another time
Another time
Another time
Another time
Another time
Another time
Another time
Another time
Another time
Another time
Another time
Another time
Another time
Another time
Another time
Another time
Another time
Another time
Another time
Another time
Another time
Another time
Another time
Another time
Another time
Another time
Another time
Another time
Another time
Another time
Another time
Another time
Another time
Another time
Another time
Another time
Another time
Another time
Another time
Another time
Another time
Another time
Another time
Another time
Another time
Another time
Another time
Another time
Another time
Another time
Another time
Another time
Another time
Another time
Another time
Another time
Another time
Another time
Another time
Another time
Another time
Another time
Another time
Another time
Another time
Another time
Another time
Another time
Another time
Another time
Another time
Another time
Another time
Another time
Another time
Another time
Another time
Another time
Another time
Another time
Another time
Another time
Another time
Another time
Another time
Another time
Another time
Another time
Another time
Another time
Another time
Another time
Another time
Another time
Another time
Another time
Another time
Another time
Another time
Another time
Another time
Another time
Another time
Another time
Another time
Another time
Another time
Another time
Another time
Another time
Another time
Another time
Another time
Another time
Another time
Another time
Another time
Another time
Another time
Another time
Another time
Another time
Another time
Another time
Another time
Another time
Another time
Another time
Another time
Another time
Another time
Another time
Another time
Another time
Another time
Another time
Another time
Another time
Another time
Another time
Another time
Another time
Another time
Another time
Another time
Another time
Another time
Another time
Another time
Another time
Another time
Another time
Another time
Another time
Another time
Another time
Another time
Another time
Another time
Another time
Another time
Another time
Another time
Another time
Another time
Another time
Another time
Another time
Another time
Another time
Another time
Another time
Another time
Another time
Another time
Another time
Another time
Another time
Another time
Another time
Another time
Another time
Another time
Another time
Another time
Another time
Another time
Another time
Another time
Another time
Another time
Another time
Another time
Another time
Another time
Another time
Another time
Another time
Another time
Another time
Another time
Another time
Another time
Another time
Another time
Another time
Another time
Another time
Another time
Another time
Another time
Another time
Another time
Another time
Another time
Another time
Another time
Another time
Another time
Another time
Another time
Another time
Another time
Another time
Another time
Another time
Another time
Another time
Another time
Another time
Another time
Another time
Another time
Another time
Another time
Another time
Another time
Another time
Another time
Another time
Another time
Another time
Another time
Another time
Another time
Another time
Another time
Another time
Another time
Another time
Another time
Another time
Another time
Another time
Another time
Another time
Another time
Another time
Another time
Another time
Another time
Another time
Another time
Another time
Another time
Another time
Another time
Another time
Another time
Another time
Another time
Another time
Another time
Another time
Another time
Another time
Another time
Another time
Another time
Another time
Another time
Another time
Another time
Another time
Another time
Another time
Another time
Another time
Another time
Another time
Another time
Another time
Another time
Another time
Another time
Another time
Another time
Another time
Another time
Another time
Another time
Another time
Another time
Another time
Another time
Another time
Another time
Another time
Another time
Another time
Another time
Another time
Another time
Another time
Another time
Another time
Another time
Another time
Another time
Another time
Another time
Another time
Another time
Another time
Another time
Another time
Another time
Another time
Another time
Another time
Another time
Another time
Another time
Another time
Another time
Another time
Another time
Another time
Another time
Another time
Another time
Another time
Another time
Another time
Another time
Another time
Another time
Another time
Another time
Another time
Another time
Another time
Another time
Another time
Another time
Another time
Another time
Another time
Another time
Another time
Another time
Another time
Another time
Another time
Another time
Another time
Another time
Another time
Another time
Another time
Another time
Another time
Another time
Another time
Another time
Another time
Another time
Another time
Another time
Another time
Another time
Another time
Another time
Another time
Another time
Another time
Another time
Another time
Another time
Another time
Another time
Another time
Another time
Another time
Another time
Another time
Another time
Another time
Another time
Another time
Another time
Another time
Another time
Another time
Another time
Another time
Another time
Another time
Another time
Another time
Another time
Another time
Another time
Another time
Another time
Another time
Another time
Another time
Another time
Another time
Another time
Another time
Another time
Another time
Another time
Another time
Another time
Another time
Another time
Another time
Another time
Another time
Another time
Another time
Another time
Another time
Another time
Another time
Another time
Another time
Another time
Another time
Another time
Another time
Another time
Another time
Another time
Another time
Another time
Another time
Another time
Another time
Another time
Another time
Another time
Another time
Another time
Another time
Another time
Another time
Another time
Another time
Another time
Another time
Another time
Another time
Another time
Another time
Another time
Another time
Another time
Another time
Another time
Another time
Another time
Another time
Another time
Another time
Another time
Another time
Another time
Another time
Another time
Another time
Another time
Another time
Another time
Another time
Another time
Another time
Another time
Another time
Another time
Another time
Another time
Another time
Another time
Another time
Another time
Another time
Another time
Another time
Another time
Another time
Another time
Another time
Another time
Another time
Another time
Another time
Another time
Another time
Another time
Another time
Another time
Another time
Another time
Another time
Another time
Another time
Another time
Another time
Another time
Another time
Another time
Another time
Another time
Another time
Another time
Another time
Another time
Another time
Another time
Another time
Another time
Another time
Another time
Another time
Another time
Another time
Another time
Another time
Another time
Another time
Another time
Another time
Another time
Another time
Another time
Another time
Another time
Another time
Another time
Another time
Another time
Another time
Another time
Another time
Another time
Another time
Another time
Another time
Another time
Another time
Another time
Another time
Another time
Another time
Another time
Another time
Another time
Another time
Another time
Another time
Another time
Another time
Another time
Another time
Another time
Another time
Another time
Another time
Another time
Another time
Another time
Another time
Another time
Another time
Another time
Another time
Another time
Another time
Another time
Another time
Another time
Another time
Another time
Another time
Another time
Another time
Another time
Another time
Another time
Another time
Another time
Another time
Another time
Another time
Another time
Another time
Another time
Another time
Another time
Another time
Another time
Another time
Another time
Another time
Another time
Another time
Another time
Another time
Another time
Another time
Another time
Another time
Another time
Another time
Another time
Another time
Another time
Another time
Another time
Another time
Another time
Another time
Another time
Another time
Another time
Another time
Another time
Another time
Another time
Another time
Another time
Another time
Another time
Another time
Another time
Another time
Another time
Another time
Another time
Another time
Another time
Another time
Another time
Another time
Another time
Another time
Another time
Another time
Another time
Another time
Another time
Another time
Another time
Another time
Another time
Another time
Another time
Another time
Another time
Another time
Another time
Another time
Another time
Another time
Another time
Another time
Another time
Another time
Another time
Another time
Another time
Another time
Another time
Another time
Another time
Another time
Another time
Another time
Another time
Another time
Another time
Another time
Another time
Another time
Another time
Another time
Another time
Another time
Another time
Another time
Another time
Another time
Another time
Another time
Another time
Another time
Another time
Another time
Another time
Another time
Another time
Another time
Another time
Another time
Another time
Another time
Another time
Another time
Another time
Another time
Another time
Another time
Another time
Another time
Another time
Another time
Another time
Another time
Another time
Another time
Another time
Another time
Another time
Another time
Another time
Another time
Another time
Another time
Another time
Another time
Another time
Another time
Another time
Another time
Another time
Another time
Another time
Another time
Another time
Another time
Another time
Another time
Another time
Another time
Another time
Another time
Another time
Another time
Another time
Another time
Another time
Another time
Another time
Another time
Another time
Another time
Another time
Another time
Another time
Another time
Another time
Another time
Another time
Another time
Another time
Another time
Another time
Another time
Another time
Another time
Another time
Another time
Another time
Another time
Another time
Another time
Another time
Another time
Another time
Another time
Another time
Another time
Another time
Another time
Another time
Another time
Another time
Another time
Another time
Another time
Another time
Another time
Another time
Another time
Another time
Another time
Another time
Another time
Another time
Another time
Another time
Another time
Another time
Another time
Another time
Another time
Another time
Another time
Another time
Another time
Another time
Another time
Another time
Another time
Another time
Another time
Another time
Another time
Another time
Another time
Another time
Another time
Another time
Another time
Another time
Another time
Another time
Another time
Another time
Another time
Another time
Another time
Another time
Another time
Another time
Another time
Another time
Another time
Another time
Another time
Another time
Another time
Another time
Another time
Another time
Another time
Another time
Another time
Another time
Another time
Another time
Another time
Another time
Another time
Another time
Another time
Another time
Another time
Another time
Another time
Another time
Another time
Another time
Another time
Another time
Another time
Another time
Another time
Another time
Another time
Another time
Another time
Another time
Another time
Another time
Another time
Another time
Another time
Another time
Another time
Another time
Another time
Another time
Another time
Another time
Another time
Another time
Another time
Another time
Another time
Another time
Another time
Another time
Another time
Another time
Another time
Another time
Another time
Another time
Another time
Another time
Another time
Another time
Another time
Another time
Another time
Another time
Another time
Another time
Another time
Another time
Another time
Another time
Another time
Another time
Another time
Another time
Another time
Another time
Another time
Another time
Another time
Another time
Another time
Another time
Another time
Another time
Another time
Another time
Another time
Another time
Another time
Another time
Another time
Another time
Another time
Another time
Another time
Another time
Another time
Another time
Another time
Another time
Another time
Another time
Another time
Another time
Another time
Another time
Another time
Another time
Another time
Another time
Another time
Another time
Another time
Another time
Another time
Another time
Another time
Another time
Another time
Another time
Another time
Another time
Another time
Another time
Another time
Another time
Another time
Another time
Another time
Another time
Another time
Another time
Another time
Another time
Another time
Another time
Another time
Another time
Another time
Another time
Another time
Another time
Another time
Another time
Another time
Another time
Another time
Another time
Another time
Another time
Another time
Another time
Another time
Another time
Another time
Another time
Another time
Another time
Another time
Another time
Another time
Another time
Another time
Another time
Another time
Another time
Another time
Another time
Another time
Another time
Another time
Another time
Another time
Another time
Another time
Another time
Another time
Another time
Another time
Another time
Another time
Another time
Another time
Another time
Another time
Another time
Another time
Another time
Another time
Another time
Another time
Another time
Another time
Another time
Another time
Another time
Another time
Another time
Another time
Another time
Another time
Another time
Another time
Another time
Another time
Another time
Another time
Another time
Another time
Another time
Another time
Another time
Another time
Another time
Another time
Another time
Another time
Another time
Another time
Another time
Another time
Another time
Another time
Another time
Another time
Another time
Another time
Another time
Another time
Another time
Another time
Another time
Another time
Another time
Another time
Another time
Another time
Another time
Another time
Another time
Another time
Another time
Another time
Another time
Another time
Another time
Another time
Another time
Another time
Another time
Another time
Another time
Another time
Another time
Another time
Another time
Another time
Another time
Another time
Another time
Another time
Another time
Another time
Another time
Another time
Another time
Another time
Another time
Another time
Another time
Another time
Another time
Another time
Another time
Another time
Another time
Another time
Another time
Another time
Another time
Another time
Another time
Another time
Another time
Another time
Another time
Another time
Another time
Another time
Another time
Another time
Another time
Another time
Another time
Another time
Another time
Another time
Another time
Another time
Another time
Another time
Another time
Another time
Another time
Another time
Another time
Another time
Another time
Another time
Another time
Another time
Another time
Another time
Another time
Another time
Another time
Another time
Another time
Another time
Another time
Another time
Another time
Another time
Another time
Another time
Another time
Another time
Another time
Another time
Another time
Another time
Another time
Another time
Another time
Another time
Another time
Another time
Another time
Another time
Another time
Another time
Another time
Another time
Another time
Another time
Another time
Another time
Another time
Another time
Another time
Another time
Another time
Another time
Another time
Another time
Another time
Another time
Another time
Another time
Another time
Another time
Another time
Another time
Another time
Another time
Another time
Another time
Another time
Another time
Another time
Another time
Another time
Another time
Another time
Another time
Another time
Another time
Another time
Another time
Another time
Another time
Another time
Another time
Another time
Another time
Another time
Another time
Another time
Another time
Another time
Another time
Another time
Another time
Another time
Another time
Another time
Another time
Another time
Another time
Another time
Another time
Another time
Another time
Another time
Another time
Another time
Another time
Another time
Another time
Another time
Another time
Another time
Another time
Another time
Another time
Another time
Another time
Another time
Another time
Another time
Another time
Another time
Another time
Another time
Another time
Another time
Another time
Another time
Another time
Another time
Another time
Another time
Another time
Another time
Another time
Another time
Another time
Another time
Another time
Another time
Another time
Another time
Another time
Another time
Another time
Another time
Another time
Another time
Another time
Another time
Another time
Another time
Another time
Another time
Another time
Another time
Another time
Another time
Another time
Another time
Another time
Another time
Another time
Another time
Another time
Another time
Another time
Another time
Another time
Another time
Another time
Another time
Another time
Another time
Another time
Another time
Another time
Another time
Another time
Another time
Another time
Another time
Another time
Another time
Another time
Another time
Another time
Another time
Another time
Another time
Another time
Another time
Another time
Another time
Another time
Another time
Another time
Another time
Another time
Another time
Another time
Another time
Another time
Another time
Another time
Another time
Another time
Another time
Another time
Another time
Another time
Another time
Another time
Another time
Another time
Another time
Another time
Another time
Another time
Another time
Another time
Another time
Another time
Another time
Another time
Another time
Another time
Another time
Another time
Another time
Another time
Another time
Another time
Another time
Another time
Another time
Another time
Another time
Another time
Another time
Another time
Another time
Another time
Another time
Another time
Another time
Another time
Another time
Another time
Another time
Another time
Another time
Another time
Another time
Another time
Another time
Another time
Another time
Another time
Another time
Another time
Another time
Another time
Another time
Another time
Another time
Another time
Another time
Another time
Another time
Another time
Another time
Another time
Another time
Another time
Another time
Another time
Another time
Another time
Another time
Another time
Another time
Another time
Another time
Another time
Another time
Another time
Another time
Another time
Another time
Another time
Another time
Another time
Another time
Another time
Another time
Another time
Another time
Another time
Another time
Another time
Another time
Another time
Another time
Another time
Another time
Another time
Another time
Another time
Another time
Another time
Another time
Another time
Another time
Another time
Another time
Another time
Another time
Another time
Another time
Another time
Another time
Another time
Another time
Another time
Another time
Another time
Another time
Another time
Another time
Another time
Another time
Another time
Another time
Another time
Another time
Another time
Another time
Another time
Another time
Another time
Another time
Another time
Another time
Another time
Another time
Another time
Another time
Another time
Another time
Another time
Another time
Another time
Another time
Another time
Another time
Another time
Another time
Another time
Another time
Another time
Another time
Another time
Another time
Another time
Another time
Another time
Another time
Another time
Another time
Another time
Another time
Another time
Another time
Another time
Another time
Another time
Another time
Another time
Another time
Another time
Another time
Another time
Another time
Another time
Another time
Another time
Another time
Another time
Another time
Another time
Another time
Another time
Another time
Another time
Another time
Another time
Another time
Another time
Another time
Another time
Another time
Another time
Another time
Another time
Another time
Another time
Another time
Another time
Another time
Another time
Another time
Another time
Another time
Another time
Another time
Another time
Another time
Another time
Another time
Another time
Another time
Another time
Another time
Another time
Another time
Another time
Another time
Another time
Another time
Another time
Another time
Another time
Another time
Another time
Another time
Another time
Another time
Another time
Another time
Another time
Another time
Another time
Another time
Another time
Another time
Another time
Another time
Another time
Another time
Another time
Another time
Another time
Another time
Another time
Another time
Another time
Another time
Another time
Another time
Another time
Another time
Another time
Another time
Another time
Another time
Another time
Another time
Another time
Another time
Another time
Another time
Another time
Another time
Another time
Another time
Another time
Another time
Another time
Another time
Another time
Another time
Another time
Another time
Another time
Another time
Another time
Another time
Another time
Another time
Another time
Another time
Another time
Another time
Another time
Another time
Another time
Another time
Another time
Another time
Another time
Another time
Another time
Another time
Another time
Another time
Another time
Another time
Another time
Another time
Another time
Another time
Another time
Another time
Another time
Another time
Another time
Another time
Another time
Another time
Another time
Another time
Another time
Another time
Another time
Another time
Another time
Another time
Another time
Another time
Another time
Another time
Another time
Another time
Another time
Another time
Another time
Another time
Another time
Another time
Another time
Another time
Another time
Another time
Another time
Another time
Another time
Another time
Another time
Another time
Another time
Another time
Another time
Another time
Another time
Another time
Another time
Another time
Another time
Another time
Another time
Another time
Another time
Another time
Another time
Another time
Another time
Another time
Another time
Another time
Another time
Another time
Another time
Another time
Another time
Another time
Another time
Another time
Another time
Another time
Another time
Another time
Another time
Another time
Another time
Another time
Another time
Another time
Another time
Another time
Another time
Another time
Another time
Another time
Another time
Another time
Another time
Another time
Another time
Another time
Another time
Another time
Another time
Another time
Another time
Another time
Another time
Another time
Another time
Another time
Another time
Another time
Another time
Another time
Another time
Another time
Another time
Another time
Another time
Another time
Another time
Another time
Another time
Another time
Another time
Another time
Another time
Another time
Another time
Another time
Another time
Another time
Another time
Another time
Another time
Another time
Another time
Another time
Another time
Another time
Another time
Another time
Another time
Another time
Another time
Another time
Another time
Another time
Another time
Another time
Another time
Another time
Another time
Another time
Another time
Another time
Another time
Another time
Another time
Another time
Another time
Another time
Another time
Another time
Another time
Another time
Another time
Another time
Another time
Another time
Another time
Another time
Another time
Another time
Another time
Another time
Another time
Another time
Another time
Another time
Another time
Another time
Another time
Another time
Another time
Another time
Another time
Another time
Another time
Another time
Another time
Another time
Another time
Another time
Another time
Another time
Another time
Another time
Another time
Another time
Another time
Another time
Another time
Another time
Another time
Another time
Another time
Another time
Another time
Another time
Another time
Another time
Another time
Another time
Another time
Another time
Another time
Another time
Another time
Another time
Another time
Another time
Another time
Another time
Another time
Another time
Another time
Another time
Another time
Another time
Another time
Another time
Another time
Another time
Another time
Another time
Another time
Another time
Another time
Another time
Another time
Another time
Another time
Another time
Another time
Another time
Another time
Another time
Another time
Another time
Another time
Another time
Another time
Another time
Another time
Another time
Another time
Another time
Another time
Another time
Another time
Another time
Another time
Another time
Another time
Another time
Another time
Another time
Another time
Another time
Another time
Another time
Another time
Another time
Another time
Another time
Another time
Another time
Another time
Another time
Another time
Another time
Another time
Another time
Another time
Another time
Another time
Another time
Another time
Another time
Another time
Another time
Another time
Another time
Another time
Another time
Another time
Another time
Another time
Another time
Another time
Another time
Another time
Another time
Another time
Another time
Another time
Another time
Another time
Another time
Another time
Another time
Another time
Another time
Another time
Another time
Another time
Another time
Another time
Another time
Another time
Another time
Another time
Another time
Another time
Another time
Another time
Another time
Another time
Another time
Another time
Another time
Another time
Another time
Another time
Another time
Another time
Another time
Another time
Another time
Another time
Another time
Another time
Another time
Another time
Another time
Another time
Another time
Another time
Another time
Another time
Another time
Another time
Another time
Another time
Another time
Another time
Another time
Another time
Another time
Another time
Another time
Another time
Another time
Another time
Another time
Another time
Another time
Another time
Another time
Another time
Another time
Another time
Another time
Another time
Another time
Another time
Another time
Another time
Another time
Another time
Another time
Another time
Another time
Another time
Another time
Another time
Another time
Another time
Another time
Another time
Another time
Another time
Another time
Another time
Another time
Another time
Another time
Another time
Another time
Another time
Another time
Another time
Another time
Another time
Another time
Another time
Another time
Another time
Another time
Another time
Another time
Another time
Another time
Another time
Another time
Another time
Another time
Another time
Another time
Another time
Another time
Another time
Another time
Another time
Another time
Another time
Another time
Another time
Another time
Another time
Another time
Another time
Another time
Another time
Another time
Another time
Another time
Another time
Another time
Another time
Another time
Another time
Another time
Another time
Another time
Another time
Another time
Another time
Another time
Another time
Another time
Another time
Another time
Another time
Another time
Another time
Another time
Another time
Another time
Another time
Another time
Another time
Another time
Another time
Another time
Another time
Another time
Another time
Another time
Another time
Another time
Another time
Another time
Another time
Another time
Another time
Another time
Another time
Another time
Another time
Another time
Another time
Another time
Another time
Another time
Another time
Another time
Another time
Another time
Another time
Another time
Another time
Another time
Another time
Another time
Another time
Another time
Another time
Another time
Another time
Another time
Another time
Another time
Another time
Another time
Another time
Another time
Another time
Another time
Another time
Another time
Another time
Another time
Another time
Another time
Another time
Another time
Another time
Another time
Another time
Another time
Another time
Another time
Another time
Another time
Another time
Another time
Another time
Another time
Another time
Another time
Another time
Another time
Another time
Another time
Another time
Another time
Another time
Another time
Another time
Another time
Another time
Another time
Another time
Another time
Another time
Another time
Another time
Another time
Another time
Another time
Another time
Another time
Another time
Another time
Another time
Another time
Another time
Another time
Another time
Another time
Another time
Another time
Another time
Another time
Another time
Another time
Another time
Another time
Another time
Another time
Another time
Another time
Another time
Another time
Another time
Another time
Another time
Another time
Another time
Another time
Another time
Another time
Another time
Another time
Another time
Another time
Another time
Another time
Another time
Another time
Another time
Another time
Another time
Another time
Another time
Another time
Another time
Another time
Another time
Another time
Another time
Another time
Another time
Another time
Another time
Another time
Another time
Another time
Another time
Another time
Another time
Another time
Another time
Another time
Another time
Another time
Another time
Another time
Another time
Another time
Another time
Another time
Another time
Another time
Another time
Another time
Another time
Another time
Another time
Another time
Another time
Another time
Another time
Another time
Another time
Another time
Another time
Another time
Another time
Another time
Another time
Another time
Another time
Another time
Another time
Another time
Another time
Another time
Another time
Another time
Another time
Another time
Another time
Another time
Another time
Another time
Another time
Another time
Another time
Another time
Another time
Another time
Another time
Another time
Another time
Another time
Another time
Another time
Another time
Another time
Another time
Another time
Another time
Another time
Another time
Another time
Another time
Another time
Another time
Another time
Another time
Another time
Another time
Another time
Another time
Another time
Another time
Another time
Another time
Another time
Another time
Another time
Another time
Another time
Another time
Another time
Another time
Another time
Another time
Another time
Another time
Another time
Another time
Another time
Another time
Another time
Another time
Another time
Another time
Another time
Another time
Another time
Another time
Another time
Another time
Another time
Another time
Another time
Another time
Another time
Another time
Another time
Another time
Another time
Another time
Another time
Another time
Another time
Another time
Another time
Another time
Another time
Another time
Another time
Another time
Another time
Another time
Another time
Another time
Another time
Another time
Another time
Another time
Another time
Another time
Another time
Another time
Another time
Another time
Another time
Another time
Another time
Another time
Another time
Another time
Another time
Another time
Another time
Another time
Another time
Another time
Another time
Another time
Another time
Another time
Another time
Another time
Another time
Another time
Another time
Another time
Another time
Another time
Another time
Another time
Another time
Another time
Another time
Another time
Another time
Another time
Another time
Another time
Another time
Another time
Another time
Another time
Another time
Another time
Another time
Another time
Another time
Another time
Another time
Another time
Another time
Another time
Another time
Another time
Another time
Another time
Another time
Another time
Another time
Another time
Another time
Another time
Another time
Another time
Another time
Another time
Another time
Another time
Another time
Another time
Another time
Another time
Another time
Another time
Another time
Another time
Another time
Another time
Another time
Another time
Another time
Another time
Another time
Another time
Another time
Another time
Another time
Another time
Another time
Another time
Another time
Another time
Another time
Another time
Another time
Another time
Another time
Another time
Another time
Another time
Another time
Another time
Another time
Another time
Another time
Another time
Another time
Another time
Another time
Another time
Another time
Another time
Another time
Another time
Another time
Another time
Another time
Another time
Another time
Another time
Another time
Another time
Another time
Another time
Another time
Another time
Another time
Another time
Another time
Another time
Another time
Another time
Another time
Another time
Another time
Another time
Another time
Another time
Another time
Another time
Another time
Another time
Another time
Another time
Another time
Another time
Another time
Another time
Another time
Another time
Another time
Another time
Another time
Another time
Another time
Another time
Another time
Another time
Another time
Another time
Another time
Another time
Another time
Another time
Another time
Another time
Another time
Another time
Another time
Another time
Another time
Another time
Another time
Another time
Another time
Another time
Another time
Another time
Another time
Another time
Another time
Another time
Another time
Another time
Another time
Another time
Another time
Another time
Another time
Another time
Another time
Another time
Another time
Another time
Another time
Another time
Another time
Another time
Another time
Another time
Another time
Another time
Another time
Another time
Another time
Another time
Another time
Another time
Another time
Another time
Another time
Another time
Another time
Another time
Another time
Another time
Another time
Another time
Another time
Another time
Another time
Another time
Another time
Another time
Another time
Another time
Another time
Another time
Another time
Another time
Another time
Another time
Another time
Another time
Another time
Another time
Another time
Another time
Another time
Another time
Another time
Another time
Another time
Another time
Another time
Another time
Another time
Another time
Another time
Another time
Another time
Another time
Another time
Another time
Another time
Another time
Another time
Another time
Another time
Another time
Another time
Another time
Another time
Another time
Another time
Another time
Another time
Another time
Another time
Another time
Another time
Another time
Another time
Another time
Another time
Another time
Another time
Another time
Another time
Another time
Another time
Another time
Another time
Another time
Another time
Another time
Another time
Another time
Another time
Another time
Another time
Another time
Another time
Another time
Another time
Another time
Another time
Another time
Another time
Another time
Another time
Another time
Another time
Another time
Another time
Another time
Another time
Another time
Another time
Another time
Another time
Another time
Another time
Another time
Another time
Another time
Another time
Another time
Another time
Another time
Another time
Another time
Another time
Another time
Another time
Another time
Another time
Another time
Another time
Another time
Another time
Another time
Another time
Another time
Another time
Another time
Another time
Another time
Another time
Another time
Another time
Another time
Another time
Another time
Another time
Another time
Another time
Another time
Another time
Another time
Another time
Another time
Another time
Another time
Another time
Another time
Another time
Another time
Another time
Another time
Another time
Another time
Another time
Another time
Another time
Another time
Another time
Another time
Another time
Another time
Another time
Another time
Another time
Another time
Another time
Another time
Another time
Another time
Another time
Another time
Another time
Another time
Another time
Another time
Another time
Another time
Another time
Another time
Another time
Another time
Another time
Another time
Another time
Another time
Another time
Another time
Another time
Another time
Another time
Another time
Another time
Another time
Another time
Another time
Another time
Another time
Another time
Another time
Another time
Another time
Another time
Another time
Another time
Another time
Another time
Another time
Another time
Another time
Another time
Another time
Another time
Another time
Another time
Another time
Another time
Another time
Another time
Another time
Another time
Another time
Another time
Another time
Another time
Another time
Another time
Another time
Another time
Another time
Another time
Another time
Another time
Another time
Another time
Another time
Another time
Another time
Another time
Another time
Another time
Another time
Another time
Another time
Another time
Another time
Another time
Another time
Another time
Another time
Another time
Another time
Another time
Another time
Another time
Another time
Another time
Another time
Another time
Another time
Another time
Another time
Another time
Another time
Another time
Another time
Another time
Another time
Another time
Another time
Another time
Another time
Another time
Another time
Another time
Another time
Another time
Another time
Another time
Another time
Another time
Another time
Another time
Another time
Another time
Another time
Another time
Another time
Another time
Another time
Another time
Another time
Another time
Another time
Another time
Another time
Another time
Another time
Another time
Another time
Another time
Another time
Another time
Another time
Another time
Another time
Another time
Another time
Another time
Another time
Another time
Another time
Another time
Another time
Another time
Another time
Another time
Another time
Another time
Another time
Another time
Another time
Another time
Another time
Another time
Another time
Another time
Another time
Another time
Another time
Another time
Another time
Another time
Another time
Another time
Another time
Another time
Another time
Another time
Another time
Another time
Another time
Another time
Another time
Another time
Another time
Another time
Another time
Another time
Another time
Another time
Another time
Another time
Another time
Another time
Another time
Another time
Another time
Another time
Another time
Another time
Another time
Another time
Another time
Another time
Another time
Another time
Another time
Another time
Another time
Another time
Another time
Another time
Another time
Another time
Another time
Another time
Another time
Another time
Another time
Another time
Another time
Another time
Another time
Another time
Another time
Another time
Another time
Another time
Another time
Another time
Another time
Another time
Another time
Another time
Another time
Another time
Another time
Another time
Another time
Another time
Another time
Another time
Another time
Another time
Another time
Another time
Another time
Another time
Another time
Another time
Another time
Another time
Another time
Another time
Another time
Another time
Another time
Another time
Another time
Another time
Another time
Another time
Another time
Another time
Another time
Another time
Another time
Another time
Another time
Another time
Another time
Another time
Another time
Another time
Another time
Another time
Another time
Another time
Another time
Another time
Another time
Another time
Another time
Another time
Another time
Another time
Another time
Another time
Another time
Another time
Another time
Another time
Another time
Another time
Another time
Another time
Another time
Another time
Another time
Another time
Another time
Another time
Another time
Another time
Another time
Another time
Another time
Another time
Another time
Another time
Another time
Another time
Another time
Another time
Another time
Another time
Another time
Another time
Another time
Another time
Another time
Another time
Another time
Another time
Another time
Another time
Another time
Another time
Another time
Another time
Another time
Another time
Another time
Another time
Another time
Another time
Another time
Another time
Another time
Another time
Another time
Another time
Another time
Another time
Another time
Another time
Another time
Another time
Another time
Another time
Another time
Another time
Another time
Another time
Another time
Another time
Another time
Another time
Another time
Another time
Another time
Another time
Another time
Another time
Another time
Another time
Another time
Another time
Another time
Another time
Another time
Another time
Another time
Another time
Another time
Another time
Another time
Another time
Another time
Another time
Another time
Another time
Another time
Another time
Another time
Another time
Another time
Another time
Another time
Another time
Another time
Another time
Another time
Another time
Another time
Another time
Another time
Another time
Another time
Another time
Another time
Another time
Another time
Another time
Another time
Another time
Another time
Another time
Another time
Another time
Another time
Another time
Another time
Another time
Another time
Another time
Another time
Another time
Another time
Another time
Another time
Another time
Another time
Another time
Another time
Another time
Another time
Another time
Another time
Another time
Another time
Another time
Another time
Another time
Another time
Another time
Another time
Another time
Another time
Another time
Another time
Another time
Another time
Another time
Another time
Another time
Another time
Another time
Another time
Another time
Another time
Another time
Another time
Another time
Another time
Another time
Another time
Another time
Another time
Another time
Another time
Another time
Another time
Another time
Another time
Another time
Another time
Another time
Another time
Another time
Another time
Another time
Another time
Another time
Another time
Another time
Another time
Another time
Another time
Another time
Another time
Another time
Another time
Another time
Another time
Another time
Another time
Another time
Another time
Another time
Another time
Another time
Another time
Another time
Another time
Another time
Another time
Another time
Another time
Another time
Another time
Another time
Another time
Another time
Another time
Another time
Another time
Another time
Another time
Another time
Another time
Another time
Another time
Another time
Another time
Another time
Another time
Another time
Another time
Another time
Another time
Another time
Another time
Another time
Another time
Another time
Another time
Another time
Another time
Another time
Another time
Another time
Another time
Another time
Another time
Another time
Another time
Another time
Another time
Another time
Another time
Another time
Another time
Another time
Another time
Another time
Another time
Another time
Another time
Another time
Another time
Another time
Another time
Another time
Another time
Another time
Another time
Another time
Another time
Another time
Another time
Another time
Another time
Another time
Another time
Another time
Another time
Another time
Another time
Another time
Another time
Another time
Another time
Another time
Another time
Another time
Another time
Another time
Another time
Another time
Another time
Another time
Another time
Another time
Another time
Another time
Another time
Another time
Another time
Another time
Another time
Another time
Another time
Another time
Another time
Another time
Another time
Another time
Another time
Another time
Another time
Another time
Another time
Another time
Another time
Another time
Another time
Another time
Another time
Another time
Another time
Another time
Another time
Another time
Another time
Another time
Another time
Another time
Another time
Another time
Another time
Another time
Another time
Another time
Another time
Another time
Another time
Another time
Another time
Another time
Another time
Another time
Another time
Another time
Another time
Another time
Another time
Another time
Another time
Another time
Another time
Another time
Another time
Another time
Another time
Another time
Another time
Another time
Another time
Another time
Another time
Another time
Another time
Another time
Another time
Another time
Another time
Another time
Another time
Another time
Another time
Another time
Another time
Another time
Another time
Another time
Another time
Another time
Another time
Another time
Another time
Another time
Another time
Another time
Another time
Another time
Another time
Another time
Another time
Another time
Another time
Another time
Another time
Another time
Another time
Another time
Another time
Another time
Another time
Another time
Another time
Another time
Another time
Another time
Another time
Another time
Another time
Another time
Another time
Another time
Another time
Another time
Another time
Another time
Another time
Another time
Another time
Another time
Another time
Another time
Another time
Another time
Another time
Another time
Another time
Another time
Another time
Another time
Another time
Another time
Another time
Another time
Another time
Another time
Another time
Another time
Another time
Another time
Another time
Another time
Another time
Another time
Another time
Another time
Another time
Another time
Another time
Another time
Another time
Another time
Another time
Another time
Another time
Another time
Another time
Another time
Another time
Another time
Another time
Another time
Another time
Another time
Another time
Another time
Another time
Another time
Another time
Another time
Another time
Another time
Another time
Another time
Another time
Another time
Another time
Another time
Another time
Another time
Another time
Another time
Another time
Another time
Another time
Another time
Another time
Another time
Another time
Another time
Another time
Another time
Another time
Another time
Another time
Another time
Another time
Another time
Another time
Another time
Another time
Another time
Another time
Another time
Another time
Another time
Another time
Another time
Another time
Another time
Another time
Another time
Another time
Another time
Another time
Another time
Another time
Another time
Another time
Another time
Another time
Another time
Another time
Another time
Another time
Another time
Another time
Another time
Another time
Another time
Another time
Another time
Another time
Another time
Another time
Another time
Another time
Another time
Another time
Another time
Another time
Another time
Another time
Another time
Another time
Another time
Another time
Another time
Another time
Another time
Another time
Another time
Another time
Another time
Another time
Another time
Another time
Another time
Another time
Another time
Another time
Another time
Another time
Another time
Another time
Another time
Another time
Another time
Another time
Another time
Another time
Another time
Another time
Another time
Another time
Another time
Another time
Another time
Another time
Another time
Another time
Another time
Another time
Another time
Another time
Another time
Another time
Another time
Another time
Another time
Another time
Another time
Another time
Another time
Another time
Another time
Another time
Another time
Another time
Another time
Another time
Another time
Another time
Another time
Another time
Another time
Another time
Another time
Another time
Another time
Another time
Another time
Another time
Another time
Another time
Another time
Another time
Another time
Another time
Another time
Another time
Another time
Another time
Another time
Another time
Another time
Another time
Another time
Another time
Another time
Another time
Another time
Another time
Another time
Another time
Another time
Another time
Another time
Another time
Another time
Another time
Another time
Another time
Another time
Another time
Another time
Another time
Another time
Another time
Another time
Another time
Another time
Another time
Another time
Another time
Another time
Another time
Another time
Another time
Another time
Another time
Another time
Another time
Another time
Another time
Another time
Another time
Another time
Another time
Another time
Another time
Another time
Another time
Another time
Another time
Another time
Another time
Another time
Another time
Another time
Another time
Another time
Another time
Another time
Another time
Another time
Another time
Another time
Another time
Another time
Another time
Another time
Another time
Another time
Another time
Another time
Another time
Another time
Another time
Another time
Another time
Another time
Another time
Another time
Another time
Another time
Another time
Another time
Another time
Another time
Another time
Another time
Another time
Another time
Another time
Another time
Another time
Another time
Another time
Another time
Another time
Another time
Another time
Another time
Another time
Another time
Another time
Another time
Another time
Another time
Another time
Another time
Another time
Another time
Another time
Another time
Another time
Another time
Another time
Another time
Another time
Another time
Another time
Another time
Another time
Another time
Another time
Another time
Another time
Another time
Another time
Another time
Another time
Another time
Another time
Another time
Another time
Another time
Another time
Another time
Another time
Another time
Another time
Another time
Another time
Another time
Another time
Another time
Another time
Another time
Another time
Another time
Another time
Another time
Another time
Another time
Another time
Another time
Another time
Another time
Another time
Another time
Another time
Another time
Another time
Another time
Another time
Another time
Another time
Another time
Another time
Another time
Another time
Another time
Another time
Another time
Another time
Another time
Another time
Another time
Another time
Another time
Another time
Another time
Another time
Another time
Another time
Another time
Another time
Another time
Another time
Another time
Another time
Another time
Another time
Another time
Another time
Another time
Another time
Another time
Another time
Another time
Another time
Another time
Another time
Another time
Another time
Another time
Another time
Another time
Another time
Another time
Another time
Another time
Another time
Another time
Another time
Another time
Another time
Another time
Another time
Another time
Another time
Another time
Another time
Another time
Another time
Another time
Another time
Another time
Another time
Another time
Another time
Another time
Another time
Another time
Another time
Another time
Another time
Another time
Another time
Another time
Another time
Another time
Another time
Another time
Another time
Another time
Another time
Another time
Another time
Another time
Another time
Another time
Another time
Another time
Another time
Another time
Another time
Another time
Another time
Another time
Another time
Another time
Another time
Another time
Another time
Another time
Another time
Another time
Another time
Another time
Another time
Another time
Another time
Another time
Another time
Another time
Another time
Another time
Another time
Another time
Another time
Another time
Another time
Another time
Another time
Another time
Another time
Another time
Another time
Another time
Another time
Another time
Another time
Another time
Another time
Another time
Another time
Another time
Another time
Another time
Another time
Another time
Another time
Another time
Another time
Another time
Another time
Another time
Another time
Another time
Another time
Another time
Another time
Another time
Another time
Another time
Another time
Another time
Another time
Another time
Another time
Another time
Another time
Another time
Another time
Another time
Another time
Another time
Another time
Another time
Another time
Another time
Another time
Another time
Another time
Another time
Another time
Another time
Another time
Another time
Another time
Another time
Another time
Another time
Another time
Another time
Another time
Another time
Another time
Another time
Another time
Another time
Another time
Another time
Another time
Another time
Another time
Another time
Another time
Another time
Another time
Another time
Another time
Another time
Another time
Another time
Another time
Another time
Another time
Another time
Another time
Another time
Another time
Another time
Another time
Another time
Another time
Another time
Another time
Another time
Another time
Another time
Another time
Another time
Another time
Another time
Another time
Another time
Another time
Another time
Another time
Another time
Another time
Another time
Another time
Another time
Another time
Another time
Another time
Another time
Another time
Another time
Another time
Another time
Another time
Another time
Another time
Another time
Another time
Another time
Another time
Another time
Another time
Another time
Another time
Another time
Another time
Another time
Another time
Another time
Another time
Another time
Another time
Another time
Another time
Another time
Another time
Another time
Another time
Another time
Another time
Another time
Another time
Another time
Another time
Another time
Another time
Another time
Another time
Another time
Another time
Another time
Another time
Another time
Another time
Another time
Another time
Another time
Another time
Another time
Another time
Another time
Another time
Another time
Another time
Another time
Another time
Another time
Another time
Another time
Another time
Another time
Another time
Another time
Another time
Another time
Another time
Another time
Another time
Another time
Another time
Another time
Another time
Another time
Another time
Another time
Another time
Another time
Another time
Another time
Another time
Another time
Another time
Another time
Another time
Another time
Another time
Another time
Another time
Another time
Another time
Another time
Another time
Another time
Another time
Another time
Another time
Another time
Another time
Another time
Another time
Another time
Another time
Another time
Another time
Another time
Another time
Another time
Another time
Another time
Another time
Another time
Another time
Another time
Another time
Another time
Another time
Another time
Another time
Another time
Another time
Another time
Another time
Another time
Another time
Another time
Another time
Another time
Another time
Another time
Another time
Another time
Another time
Another time
Another time
Another time
Another time
Another time
Another time
Another time
Another time
Another time
Another time
Another time
Another time
Another time
Another time
Another time
Another time
Another time
Another time
Another time
Another time
Another time
Another time
Another time
Another time
Another time
Another time
Another time
Another time
Another time
Another time
Another time
Another time
Another time
Another time
Another time
Another time
Another time
Another time
Another time
Another time
Another time
Another time
Another time
Another time
Another time
Another time
Another time
Another time
Another time
Another time
Another time
Another time
Another time
Another time
Another time
Another time
Another time
Another time
Another time
Another time
Another time
Another time
Another time
Another time
Another time
Another time
Another time
Another time
Another time
Another time
Another time
Another time
Another time
Another time
Another time
Another time
Another time
Another time
Another time
Another time
Another time
Another time
Another time
Another time
Another time
Another time
Another time
Another time
Another time
Another time
Another time
Another time
Another time
Another time
Another time
Another time
Another time
Another time
Another time
Another time
Another time
Another time
Another time
Another time
Another time
Another time
Another time
Another time
Another time
Another time
Another time
Another time
Another time
Another time
Another time
Another time
Another time
Another time
Another time
Another time
Another time
Another time
Another time
Another time
Another time
Another time
Another time
Another time
Another time
Another time
Another time
Another time
Another time
Another time
Another time
Another time
Another time
Another time
Another time
Another time
Another time
Another time
Another time
Another time
Another time
Another time
Another time
Another time
Another time
Another time
Another time
Another time
Another time
Another time
Another time
Another time
Another time
Another time
Another time
Another time
Another time
Another time
Another time
Another time
Another time
Another time
Another time
Another time
Another time
Another time
Another time
Another time
Another time
Another time
Another time
Another time
Another time
Another time
Another time
Another time
Another time
Another time
Another time
Another time
Another time
Another time
Another time
Another time
Another time
Another time
Another time
Another time
Another time
Another time
Another time
Another time
Another time
Another time
Another time
Another time
Another time
Another time
Another time
Another time
Another time
Another time
Another time
Another time
Another time
Another time
Another time
Another time
Another time
Another time
Another time
Another time
Another time
Another time
Another time
Another time
Another time
Another time
Another time
Another time
Another time
Another time
Another time
Another time
Another time
Another time
Another time
Another time
Another time
Another time
Another time
Another time
Another time
Another time
Another time
Another time
Another time
Another time
Another time
Another time
Another time
Another time
Another time
Another time
Another time
Another time
Another time
Another time
Another time
Another time
Another time
Another time
Another time
Another time
Another time
Another time
Another time
Another time
Another time
Another time
Another time
Another time
Another time
Another time
Another time
Another time
Another time
Another time
Another time
Another time
Another time
Another time
Another time
Another time
Another time
Another time
Another time
Another time
Another time
Another time
Another time
Another time
Another time
Another time
Another time
Another time
Another time
Another time
Another time
Another time
Another time
Another time
Another time
Another time
Another time
Another time
Another time
Another time
Another time
Another time
Another time
Another time
Another time
Another time
Another time
Another time
Another time
Another time
Another time
Another time
Another time
Another time
Another time
Another time
Another time
Another time
Another time
Another time
Another time
Another time
Another time
Another time
Another time
Another time
Another time
Another time
Another time
Another time
Another time
Another time
Another time
Another time
Another time
Another time
Another time
Another time
Another time
Another time
Another time
Another time
Another time
Another time
Another time
Another time
Another time
Another time
Another time
Another time
Another time
Another time
Another time
Another time
Another time
Another time
Another time
Another time
Another time
Another time
Another time
Another time
Another time
Another time
Another time
Another time
Another time
Another time
Another time
Another time
Another time
Another time
Another time
Another time
Another time
Another time
Another time
Another time
Another time
Another time
Another time
Another time
Another time
Another time
Another time
Another time
Another time
Another time
Another time
Another time
Another time
Another time
Another time
Another time
Another time
Another time
Another time
Another time
Another time
Another time
Another time
Another time
Another time
Another time
Another time
Another time
Another time
Another time
Another time
Another time
Another time
Another time
Another time
Another time
Another time
Another time
Another time
Another time
Another time
Another time
Another time
Another time
Another time
Another time
Another time
Another time
Another time
Another time
Another time
Another time
Another time
Another time
Another time
Another time
Another time
Another time
Another time
Another time
Another time
Another time
Another time
Another time
Another time
Another time
Another time
Another time
Another time
Another time
Another time
Another time
Another time
Another time
Another time
Another time
Another time
Another time
Another time
Another time
Another time
Another time
Another time
Another time
Another time
Another time
Another time
Another time
Another time
Another time
Another time
Another time
Another time
Another time
Another time
Another time
Another time
Another time
Another time
Another time
Another time
Another time
Another time
Another time
Another time
Another time
Another time
Another time
Another time
Another time
Another time
Another time
Another time
Another time
Another time
Another time
Another time
Another time
Another time
Another time
Another time
Another time
Another time
Another time
Another time
Another time
Another time
Another time
Another time
Another time
Another time
Another time
Another time
Another time
Another time
Another time
Another time
Another time
Another time
Another time
Another time
Another time
Another time
Another time
Another time
Another time
Another time
Another time
Another time
Another time
Another time
Another time
Another time
Another time
Another time
Another time
Another time
Another time
Another time
Another time
Another time
Another time
Another time
Another time
Another time
Another time
Another time
Another time
Another time
Another time
Another time
Another time
Another time
Another time
Another time
Another time
Another time
Another time
Another time
Another time
Another time
Another time
Another time
Another time
Another time
Another time
Another time
Another time
Another time
Another time
Another time
Another time
Another time
Another time
Another time
Another time
Another time
Another time
Another time
Another time
Another time
Another time
Another time
Another time
Another time
Another time
Another time
Another time
Another time
Another time
Another time
Another time
Another time
Another time
Another time
Another time
Another time
Another time
Another time
Another time
Another time
Another time
Another time
Another time
Another time
Another time
Another time
Another time
Another time
Another time
Another time
Another time
Another time
Another time
Another time
Another time
Another time
Another time
Another time
Another time
Another time
Another time
Another time
Another time
Another time
Another time
Another time
Another time
Another time
Another time
Another time
Another time
Another time
Another time
Another time
Another time
Another time
Another time
Another time
Another time
Another time
Another time
Another time
Another time
Another time
Another time
Another time
Another time
Another time
Another time
Another time
Another time
Another time
Another time
Another time
Another time
Another time
Another time
Another time
Another time
Another time
Another time
Another time
Another time
Another time
Another time
Another time
Another time
Another time
Another time
Another time
Another time
Another time
Another time
Another time
Another time
Another time
Another time
Another time
Another time
Another time
Another time
Another time
Another time
Another time
Another time
Another time
Another time
Another time
Another time
Another time
Another time
Another time
Another time
Another time
Another time
Another time
Another time
Another time
Another time
Another time
Another time
Another time
Another time
Another time
Another time
Another time
Another time
Another time
Another time
Another time
Another time
Another time
Another time
Another time
Another time
Another time
Another time
Another time
Another time
Another time
Another time
Another time
Another time
Another time
Another time
Another time
Another time
Another time
Another time
Another time
Another time
Another time
Another time
Another time
Another time
Another time
Another time
Another time
Another time
Another time
Another time
Another time
Another time
Another time
Another time
Another time
Another time
Another time
Another time
Another time
Another time
Another time
Another time
Another time
Another time
Another time
Another time
Another time
Another time
Another time
Another time
Another time
Another time
Another time
Another time
Another time
Another time
Another time
Another time
Another time
Another time
Another time
Another time
Another time
Another time
Another time
Another time
Another time
Another time
Another time
Another time
Another time
Another time
Another time
Another time
Another time
Another time
Another time
Another time
Another time
Another time
Another time
Another time
Another time
Another time
Another time
Another time
Another time
Another time
Another time
Another time
Another time
Another time
Another time
Another time
Another time
Another time
Another time
Another time
Another time
Another time
Another time
Another time
Another time
Another time
Another time
Another time
Another time
Another time
Another time
Another time
Another time
Another time
Another time
Another time
Another time
Another time
Another time
Another time
Another time
Another time
Another time
Another time
Another time
Another time
Another time
Another time
Another time
Another time
Another time
Another time
Another time
Another time
Another time
Another time
Another time
Another time
Another time
Another time
Another time
Another time
Another time
Another time
Another time
Another time
Another time
Another time
Another time
Another time
Another time
Another time
Another time
Another time
Another time
Another time
Another time
Another time
Another time
Another time
Another time
Another time
Another time
Another time
Another time
Another time
Another time
Another time
Another time
Another time
Another time
Another time
Another time
Another time
Another time
Another time
Another time
Another time
Another time
Another time
Another time
Another time
Another time
Another time
Another time
Another time
Another time
Another time
Another time
Another time
Another time
Another time
Another time
Another time
Another time
Another time
Another time
Another time
Another time
Another time
Another time
Another time
Another time
Another time
Another time
Another time
Another time
Another time
Another time
Another time
Another time
Another time
Another time
Another time
Another time
Another time
Another time
Another time
Another time
Another time
Another time
Another time
Another time
Another time
Another time
Another time
Another time
Another time
Another time
Another time
Another time
Another time
Another time
Another time
Another time
Another time
Another time
Another time
Another time
Another time
Another time
Another time
Another time
Another time
Another time
Another time
Another time
Another time
Another time
Another time
Another time
Another time
Another time
Another time
Another time
Another time
Another time
Another time
Another time
Another time
Another time
Another time
Another time
Another time
Another time
Another time
Another time
Another time
Another time
Another time
Another time
Another time
Another time
Another time
Another time
Another time
Another time
Another time
Another time
Another time
Another time
Another time
Another time
Another time
Another time
Another time
Another time
Another time
Another time
Another time
Another time
Another time
Another time
Another time
Another time
Another time
Another time
Another time
Another time
Another time
Another time
Another time
Another time
Another time
Another time
Another time
Another time
Another time
Another time
Another time
Another time
Another time
Another time
Another time
Another time
Another time
Another time
Another time
Another time
Another time
Another time
Another time
Another time
Another time
Another time
Another time
Another time
Another time
Another time
Another time
Another time
Another time
Another time
Another time
Another time
Another time
Another time
Another time
Another time
Another time
Another time
Another time
Another time
Another time
Another time
Another time
Another time
Another time
Another time
Another time
Another time
Another time
Another time
Another time
Another time
Another time
Another time
Another time
Another time
Another time
Another time
Another time
Another time
Another time
Another time
Another time
Another time
Another time
Another time
Another time
Another time
Another time
Another time
Another time
Another time
Another time
Another time
Another time
Another time
Another time
Another time
Another time
Another time
Another time
Another time
Another time
Another time
Another time
Another time
Another time
Another time
Another time
Another time
Another time
Another time
Another time
Another time
Another time
Another time
Another time
Another time
Another time
Another time
Another time
Another time
Another time
Another time
Another time
Another time
Another time
Another time
Another time
Another time
Another time
Another time
Another time
Another time
Another time
Another time
Another time
Another time
Another time
Another time
Another time
Another time
Another time
Another time
Another time
Another time
Another time
Another time
Another time
Another time
Another time
Another time
Another time
Another time
Another time
Another time
Another time
Another time
Another time
Another time
Another time
Another time
Another time
Another time
Another time
Another time
Another time
Another time
Another time
Another time
Another time
Another time
Another time
Another time
Another time
Another time
Another time
Another time
Another time
Another time
Another time
Another time
Another time
Another time
Another time
Another time
Another time
Another time
Another time
Another time
Another time
Another time
Another time
Another time
Another time
Another time
Another time
Another time
Another time
Another time
Another time
Another time
Another time
Another time
Another time
Another time
Another time
Another time
Another time
Another time
Another time
Another time
Another time
Another time
Another time
Another time
Another time
Another time
Another time
Another time
Another time
Another time
Another time
Another time
Another time
Another time
Another time
Another time
Another time
Another time
Another time
Another time
Another time
Another time
Another time
Another time
Another time
Another time
Another time
Another time
Another time
Another time
Another time
Another time
Another time
Another time
Another time
Another time
Another time
Another time
Another time
Another time
Another time
Another time
Another time
Another time
Another time
Another time
Another time
Another time
Another time
Another time
Another time
Another time
Another time
Another time
Another time
Another time
Another time
Another time
Another time
Another time
Another time
Another time
Another time
Another time
Another time
Another time
Another time
Another time
Another time
Another time
Another time
Another time
Another time
Another time
Another time
Another time
Another time
Another time
Another time
Another time
Another time
Another time
Another time
Another time
Another time
Another time
Another time
Another time
Another time
Another time
Another time
Another time
Another time
Another time
Another time
Another time
Another time
Another time
Another time
Another time
Another time
Another time
Another time
Another time
Another time
Another time
Another time
Another time
Another time
Another time
Another time
Another time
Another time
Another time
Another time
Another time
Another time
Another time
Another time
Another time
Another time
Another time
Another time
Another time
Another time
Another time
Another time
Another time
Another time
Another time
Another time
Another time
Another time
Another time
Another time
Another time
Another time
Another time
Another time
Another time
Another time
Another time
Another time
Another time
Another time
Another time
Another time
Another time
Another time
Another time
Another time
Another time
Another time
Another time
Another time
Another time
Another time
Another time
Another time
Another time
Another time
Another time
Another time
Another time
Another time
Another time
Another time
Another time
Another time
Another time
Another time
Another time
Another time
Another time
Another time
Another time
Another time
Another time
Another time
Another time
Another time
Another time
Another time
Another time
Another time
Another time
Another time
Another time
Another time
Another time
Another time
Another time
Another time
Another time
Another time
Another time
Another time
Another time
Another time
Another time
Another time
Another time
Another time
Another time
Another time
Another time
Another time
Another time
Another time
Another time
Another time
Another time
Another time
Another time
Another time
Another time
Another time
Another time
Another time
Another time
Another time
Another time
Another time
Another time
Another time
Another time
Another time
Another time
Another time
Another time
Another time
Another time
Another time
Another time
Another time
Another time
Another time
Another time
Another time
Another time
Another time
Another time
Another time
Another time
Another time
Another time
Another time
Another time
Another time
Another time
Another time
Another time
Another time
Another time
Another time
Another time
Another time
Another time
Another time
Another time
Another time
Another time
Another time
Another time
Another time
Another time
Another time
Another time
Another time
Another time
Another time
Another time
Another time
Another time
Another time
Another time
Another time
Another time
Another time
Another time
Another time
Another time
Another time
Another time
Another time
Another time
Another time
Another time
Another time
Another time
Another time
Another time
Another time
Another time
Another time
Another time
Another time
Another time
Another time
Another time
Another time
Another time
Another time
Another time
Another time
Another time
Another time
Another time
Another time
Another time
Another time
Another time
Another time
Another time
Another time
Another time
Another time
Another time
Another time
Another time
Another time
Another time
Another time
Another time
Another time
Another time
Another time
Another time
Another time
Another time
Another time
Another time
Another time
Another time
Another time
Another time
Another time
Another time
Another time
Another time
Another time
Another time
Another time
Another time
Another time
Another time
Another time
Another time
Another time
Another time
Another time
Another time
Another time
Another time
Another time
Another time
Another time
Another time
Another time
Another time
Another time
Another time
Another time
Another time
Another time
Another time
Another time
Another time
Another time
Another time
Another time
Another time
Another time
Another time
Another time
Another time
Another time
Another time
Another time
Another time
Another time
Another time
Another time
Another time
Another time
Another time
Another time
Another time
Another time
Another time
Another time
Another time
Another time
Another time
Another time
Another time
Another time
Another time
Another time
Another time
Another time
Another time
Another time
Another time
Another time
Another time
Another time
Another time
Another time
Another time
Another time
Another time
Another time
Another time
Another time
Another time
Another time
Another time
Another time
Another time
Another time
Another time
Another time
Another time
Another time
Another time
Another time
Another time
Another time
Another time
Another time
Another time
Another time
Another time
Another time
Another time
Another time
Another time
Another time
Another time
Another time
Another time
Another time
Another time
Another time
Another time
Another time
Another time
Another time
Another time
Another time
Another time
Another time
Another time
Another time
Another time
Another time
Another time
Another time
Another time
Another time
Another time
Another time
Another time
Another time
Another time
Another time
Another time
Another time
Another time
Another time
Another time
Another time
Another time
Another time
Another time
Another time
Another time
Another time
Another time
Another time
Another time
Another time
Another time
Another time
Another time
Another time
Another time
Another time
Another time
Another time
Another time
Another time
Another time
Another time
Another time
Another time
Another time
Another time
Another time
Another time
Another time
Another time
Another time
Another time
Another time
Another time
Another time
Another time
Another time
Another time
Another time
Another time
Another time
Another time
Another time
Another time
Another time
Another time
Another time
Another time
Another time
Another time
Another time
Another time
Another time
Another time
Another time
Another time
Another time
Another time
Another time
Another time
Another time
Another time
Another time
Another time
Another time
Another time
Another time
Another time
Another time
Another time
Another time
Another time
Another time
Another time
Another time
Another time
Another time
Another time
Another time
Another time
Another time
Another time
Another time
Another time
Another time
Another time
Another time
Another time
Another time
Another time
Another time
Another time
Another time
Another time
Another time
Another time
Another time
Another time
Another time
Another time
Another time
Another time
Another time
Another time
Another time
Another time
Another time
Another time
Another time
Another time
Another time
Another time
Another time
Another time
Another time
Another time
Another time
Another time
Another time
Another time
Another time
Another time
Another time
Another time
Another time
Another time
Another time
Another time
Another time
Another time
Another time
Another time
Another time
Another time
Another time
Another time
Another time
Another time
Another time
Another time
Another time
Another time
Another time
Another time
Another time
Another time
Another time
Another time
Another time
Another time
Another time
Another time
Another time
Another time
Another time
Another time
Another time
Another time
Another time
Another time
Another time
Another time
Another time
Another time
Another time
Another time
Another time
Another time
Another time
Another time
Another time
Another time
Another time
Another time
Another time
Another time
Another time
Another time
Another time
Another time
Another time
Another time
Another time
Another time
Another time
Another time
Another time
Another time
Another time
Another time
Another time
Another time
Another time
Another time
Another time
Another time
Another time
Another time
Another time
Another time
Another time
Another time
Another time
Another time
Another time
Another time
Another time
Another time
Another time
Another time
Another time
Another time
Another time
Another time
Another time
Another time
Another time
Another time
Another time
Another time
Another time
Another time
Another time
Another time
Another time
Another time
Another time
Another time
Another time
Another time
Another time
Another time
Another time
Another time
Another time
Another time
Another time
Another time
Another time
Another time
Another time
Another time
Another time
Another time
Another time
Another time
Another time
Another time
Another time
Another time
Another time
Another time
Another time
Another time
Another time
Another time
Another time
Another time
Another time
Another time
Another time
Another time
Another time
Another time
Another time
Another time
Another time
Another time
Another time
Another time
Another time
Another time
Another time
Another time
Another time
Another time
Another time
Another time
Another time
Another time
Another time
Another time
Another time
Another time
Another time
Another time
Another time
Another time
Another time
Another time
Another time
Another time
Another time
Another time
Another time
Another time
Another time
Another time
Another time
Another time
Another time
Another time
Another time
Another time
Another time
Another time
Another time
Another time
Another time
Another time
Another time
Another time
Another time
Another time
Another time
Another time
Another time
Another time
Another time
Another time
Another time
Another time
Another time
Another time
Another time
Another time
Another time
Another time
Another time
Another time
Another time
Another time
Another time
Another time
Another time
Another time
Another time
Another time
Another time
Another time
Another time
Another time
Another time
Another time
Another time
Another time
Another time
Another time
Another time
Another time
Another time
Another time
Another time
Another time
Another time
Another time
Another time
Another time
Another time
Another time
Another time
Another time
Another time
Another time
Another time
Another time
Another time
Another time
Another time
Another time
Another time
Another time
Another time
Another time
Another time
Another time
Another time
Another time
Another time
Another time
Another time
Another time
Another time
Another time
Another time
Another time
Another time
Another time
Another time
Another time
Another time
Another time
Another time
Another time
Another time
Another time
Another time
Another time
Another time
Another time
Another time
Another time
Another time
Another time
Another time
Another time
Another time
Another time
Another time
Another time
Another time
Another time
Another time
Another time
Another time
Another time
Another time
Another time
Another time
Another time
Another time
Another time
Another time
Another time
Another time
Another time
Another time
Another time
Another time
Another time
Another time
Another time
Another time
Another time
Another time
Another time
Another time
Another time
Another time
Another time
Another time
Another time
Another time
Another time
Another time
Another time
Another time
Another time
Another time
Another time
Another time
Another time
Another time
Another time
Another time
Another time
Another time
Another time
Another time
Another time
Another time
Another time
Another time
Another time
Another time
Another time
Another time
Another time
Another time
Another time
Another time
Another time
Another time
Another time
Another time
Another time
Another time
Another time
Another time
Another time
Another time
Another time
Another time
Another time
Another time
Another time
Another time
Another time
Another time
Another time
Another time
Another time
Another time
Another time
Another time
Another time
Another time
Another time
Another time
Another time
Another time
Another time
Another time
Another time
Another time
Another time
Another time
Another time
Another time
Another time
Another time
Another time
Another time
Another time
Another time
Another time
Another time
Another time
Another time
Another time
Another time
Another time
Another time
Another time
Another time
Another time
Another time
Another time
Another time
Another time
Another time
Another time
Another time
Another time
Another time
Another time
Another time
Another time
Another time
Another time
Another time
Another time
Another time
Another time
Another time
Another time
Another time
Another time
Another time
Another time
Another time
Another time
Another time
Another time
Another time
Another time
Another time
Another time
Another time
Another time
Another time
Another time
Another time
Another time
Another time
Another time
Another time
Another time
Another time
Another time
Another time
Another time
Another time
Another time
Another time
Another time
Another time
Another time
Another time
Another time
Another time
Another time
Another time
Another time
Another time
Another time
Another time
Another time
Another time
Another time
Another time
Another time
Another time
Another time
Another time
Another time
Another time
Another time
Another time
Another time
Another time
Another time
Another time
Another time
Another time
Another time
Another time
Another time
Another time
Another time
Another time
Another time
Another time
Another time
Another time
Another time
Another time
Another time
Another time
Another time
Another time
Another time
Another time
Another time
Another time
Another time
Another time
Another time
Another time
Another time
Another time
Another time
Another time
Another time
Another time
Another time
Another time
Another time
Another time
Another time
Another time
Another time
Another time
Another time
Another time
Another time
Another time
Another time
Another time
Another time
Another time
Another time
Another time
Another time
Another time
Another time
Another time
Another time
Another time
Another time
Another time
Another time
Another time
Another time
Another time
Another time
Another time
Another time
Another time
Another time
Another time
Another time
Another time
Another time
Another time
Another time
Another time
Another time
Another time
Another time
Another time
Another time
Another time
Another time
Another time
Another time
Another time
Another time
Another time
Another time
Another time
Another time
Another time
Another time
Another time
Another time
Another time
Another time
Another time
Another time
Another time
Another time
Another time
Another time
Another time
Another time
Another time
Another time
Another time
Another time
Another time
Another time
Another time
Another time
Another time
Another time
Another time
Another time
Another time
Another time
Another time
Another time
Another time
Another time
Another time
Another time
Another time
Another time
Another time
Another time
Another time
Another time
Another time
Another time
Another time
Another time
Another time
Another time
Another time
Another time
Another time
Another time
Another time
Another time
Another time
Another time
Another time
Another time
Another time
Another time
Another time
Another time
Another time
Another time
Another time
Another time
Another time
Another time
Another time
Another time
Another time
Another time
Another time
Another time
Another time
Another time
Another time
Another time
Another time
Another time
Another time
Another time
Another time
Another time
Another time
Another time
Another time
Another time
Another time
Another time
Another time
Another time
Another time
Another time
Another time
Another time
Another time
Another time
Another time
Another time
Another time
Another time
Another time
Another time
Another time
Another time
Another time
Another time
Another time
Another time
Another time
Another time
Another time
Another time
Another time
Another time
Another time
Another time
Another time
Another time
Another time
Another time
Another time
Another time
Another time
Another time
Another time
Another time
Another time
Another time
Another time
Another time
Another time
Another time
Another time
Another time
Another time
Another time
Another time
Another time
Another time
Another time
Another time
Another time
Another time
Another time
Another time
Another time
Another time
Another time
Another time
Another time
Another time
Another time
Another time
Another time
Another time
Another time
Another time
Another time
Another time
Another time
Another time
Another time
Another time
Another time
Another time
Another time
Another time
Another time
Another time
Another time
Another time
Another time
Another time
Another time
Another time
Another time
Another time
Another time
Another time
Another time
Another time
Another time
Another time
Another time
Another time
Another time
Another time
Another time
Another time
Another time
Another time
Another time
Another time
Another time
Another time
Another time
Another time
Another time
Another time
Another time
Another time
Another time
Another time
Another time
Another time
Another time
Another time
Another time
Another time
Another time
Another time
Another time
Another time
Another time
Another time
Another time
Another time
Another time
Another time
Another time
Another time
Another time
Another time
Another time
Another time
Another time
Another time
Another time
Another time
Another time
Another time
Another time
Another time
Another time
Another time
Another time
Another time
Another time
Another time
Another time
Another time
Another time
Another time
Another time
Another time
Another time
Another time
Another time
Another time
Another time
Another time
Another time
Another time
Another time
Another time
Another time
Another time
Another time
Another time
Another time
Another time
Another time
Another time
Another time
Another time
Another time
Another time
Another time
Another time
Another time
Another time
Another time
Another time
Another time
Another time
Another time
Another time
Another time
Another time
Another time
Another time
Another time
Another time
Another time
Another time
Another time
Another time
Another time
Another time
Another time
Another time
Another time
Another time
Another time
Another time
Another time
Another time
Another time
Another time
Another time
Another time
Another time
Another time
Another time
Another time
Another time
Another time
Another time
Another time
Another time
Another time
Another time
Another time
Another time
Another time
Another time
Another time
Another time
Another time
Another time
Another time
Another time
Another time
Another time
Another time
Another time
Another time
Another time
Another time
Another time
Another time
Another time
Another time
Another time
Another time
Another time
Another time
Another time
Another time
Another time
Another time
Another time
Another time
Another time
Another time
Another time
Another time
Another time
Another time
Another time
Another time
Another time
Another time
Another time
Another time
Another time
Another time
Another time
Another time
Another time
Another time
Another time
Another time
Another time
Another time
Another time
Another time
Another time
Another time
Another time
Another time
Another time
Another time
Another time
Another time
Another time
Another time
Another time
Another time
Another time
Another time
Another time
Another time
Another time
Another time
Another time
Another time
Another time
Another time
Another time
Another time
Another time
Another time
Another time
Another time
Another time
Another time
Another time
Another time
Another time
Another time
Another time
Another time
Another time
Another time
Another time
Another time
Another time
Another time
Another time
Another time
Another time
Another time
Another time
Another time
Another time
Another time
Another time
Another time
Another time
Another time
Another time
Another time
Another time
Another time
Another time
Another time
Another time
Another time
Another time
Another time
Another time
Another time
Another time
Another time
Another time
Another time
Another time
Another time
Another time
Another time
Another time
Another time
Another time
Another time
Another time
Another time
Another time
Another time
Another time
Another time
Another time
Another time
Another time
Another time
Another time
Another time
Another time
Another time
Another time
Another time
Another time
Another time
Another time
Another time
Another time
Another time
Another time
Another time
Another time
Another time
Another time
Another time
Another time
Another time
Another time
Another time
Another time
Another time
Another time
Another time
Another time
Another time
Another time
Another time
Another time
Another time
Another time
Another time
Another time
Another time
Another time
Another time
Another time
Another time
Another time
Another time
Another time
Another time
Another time
Another time
Another time
Another time
Another time
Another time
Another time
Another time
Another time
Another time
Another time
Another time
Another time
Another time
Another time
Another time
Another time
Another time
Another time
Another time
Another time
Another time
Another time
Another time
Another time
Another time
Another time
Another time
Another time
Another time
Another time
Another time
Another time
Another time
Another time
Another time
Another time
Another time
Another time
Another time
Another time
Another time
Another time
Another time
Another time
Another time
Another time
Another time
Another time
Another time
Another time
Another time
Another time
Another time
Another time
Another time
Another time
Another time
Another time
Another time
Another time
Another time
Another time
Another time
Another time
Another time
Another time
Another time
Another time
Another time
Another time
Another time
Another time
Another time
Another time
Another time
Another time
Another time
Another time
Another time
Another time
Another time
Another time
Another time
Another time
Another time
Another time
Another time
Another time
Another time
Another time
Another time
Another time
Another time
Another time
Another time
Another time
Another time
Another time
Another time
Another time
Another time
Another time
Another time
Another time
Another time
Another time
Another time
Another time
Another time
Another time
Another time
Another time
Another time
Another time
Another time
Another time
Another time
Another time
Another time
Another time
Another time
Another time
Another time
Another time
Another time
Another time
Another time
Another time
Another time
Another time
Another time
Another time
Another time
Another time
Another time
Another time
Another time
Another time
Another time
Another time
Another time
Another time
Another time
Another time
Another time
Another time
Another time
Another time
Another time
Another time
Another time
Another time
Another time
Another time
Another time
Another time
Another time
Another time
Another time
Another time
Another time
Another time
Another time
Another time
Another time
Another time
Another time
Another time
Another time
Another time
Another time
Another time
Another time
Another time
Another time
Another time
Another time
Another time
Another time
Another time
Another time
Another time
Another time
Another time
Another time
Another time
Another time
Another time
Another time
Another time
Another time
Another time
Another time
Another time
Another time
Another time
Another time
Another time
Another time
Another time
Another time
Another time
Another time
Another time
Another time
Another time
Another time
Another time
Another time
Another time
Another time
Another time
Another time
Another time
Another time
Another time
Another time
Another time
Another time
Another time
Another time
Another time
Another time
Another time
Another time
Another time
Another time
Another time
Another time
Another time
Another time
Another time
Another time
Another time
Another time
Another time
Another time
Another time
Another time
Another time
Another time
Another time
Another time
Another time
Another time
Another time
Another time
Another time
Another time
Another time
Another time
Another time
Another time
Another time
Another time
Another time
Another time
Another time
Another time
Another time
Another time
Another time
Another time
Another time
Another time
Another time
Another time
Another time
Another time
Another time
Another time
Another time
Another time
Another time
Another time
Another time
Another time
Another time
Another time
Another time
Another time
Another time
Another time
Another time
Another time
Another time
Another time
Another time
Another time
Another time
Another time
Another time
Another time
Another time
Another time
Another time
Another time
Another time
Another time
Another time
Another time
Another time
Another time
Another time
Another time
Another time
Another time
Another time
Another time
Another time
Another time
Another time
Another time
Another time
Another time
Another time
Another time
Another time
Another time
Another time
Another time
Another time
Another time
Another time
Another time
Another time
Another time
Another time
Another time
Another time
Another time
Another time
Another time
Another time
Another time
Another time
Another time
Another time
Another time
Another time
Another time
Another time
Another time
Another time
Another time
Another time
Another time
Another time
Another time
Another time
Another time
Another time
Another time
Another time
Another time
Another time
Another time
Another time
Another time
Another time
Another time
Another time
Another time
Another time
Another time
Another time
Another time
Another time
Another time
Another time
Another time
Another time
Another time
Another time
Another time
Another time
Another time
Another time
Another time
Another time
Another time
Another time
Another time
Another time
Another time
Another time
Another time
Another time
Another time
Another time
Another time
Another time
Another time
Another time
Another time
Another time
Another time
Another time
Another time
Another time
Another time
Another time
Another time
Another time
Another time
Another time
Another time
Another time
Another time
Another time
Another time
Another time
Another time
Another time
Another time
Another time
Another time
Another time
Another time
Another time
Another time
Another time
Another time
Another time
Another time
Another time
Another time
Another time
Another time
Another time
Another time
Another time
Another time
Another time
Another time
Another time
Another time
Another time
Another time
Another time
Another time
Another time
Another time
Another time
Another time
Another time
Another time
Another time
Another time
Another time
Another time
Another time
Another time
Another time
Another time
Another time
Another time
Another time
Another time
Another time
Another time
Another time
Another time
Another time
Another time
Another time
Another time
Another time
Another time
Another time
Another time
Another time
Another time
Another time
Another time
Another time
Another time
Another time
Another time
Another time
Another time
Another time
Another time
Another time
Another time
Another time
Another time
Another time
Another time
Another time
Another time
Another time
Another time
Another time
Another time
Another time
Another time
Another time
Another time
Another time
Another time
Another time
Another time
Another time
Another time
Another time
Another time
Another time
Another time
Another time
Another time
Another time
Another time
Another time
Another time
Another time
Another time
Another time
Another time
Another time
Another time
Another time
Another time
Another time
Another time
Another time
Another time
Another time
Another time
Another time
Another time
Another time
Another time
Another time
Another time
Another time
Another time
Another time
Another time
Another time
Another time
Another time
Another time
Another time
Another time
Another time
Another time
Another time
Another time
Another time
Another time
Another time
Another time
Another time
Another time
Another time
Another time
Another time
Another time
Another time
Another time
Another time
Another time
Another time
Another time
Another time
Another time
Another time
Another time
Another time
Another time
Another time
Another time
Another time
Another time
Another time
Another time
Another time
Another time
Another time
Another time
Another time
Another time
Another time
Another time
Another time
Another time
Another time
Another time
Another time
Another time
Another time
Another time
Another time
Another time
Another time
Another time
Another time
Another time
Another time
Another time
Another time
Another time
Another time
Another time
Another time
Another time
Another time
Another time
Another time
Another time
Another time
Another time
Another time
Another time
Another time
Another time
Another time
Another time
Another time
Another time
Another time
Another time
Another time
Another time
Another time
Another time
Another time
Another time
Another time
Another time
Another time
Another time
Another time
Another time
Another time
Another time
Another time
Another time
Another time
Another time
Another time
Another time
Another time
Another time
Another time
Another time
Another time
Another time
Another time
Another time
Another time
Another time
Another time
Another time
Another time
Another time
Another time
Another time
Another time
Another time
Another time
Another time
Another time
Another time
Another time
Another time
Another time
Another time
Another time
Another time
Another time
Another time
Another time
Another time
Another time
Another time
Another time
Another time
Another time
Another time
Another time
Another time
Another time
Another time
Another time
Another time
Another time
Another time
Another time
Another time
Another time
Another time
Another time
Another time
Another time
Another time
Another time
Another time
Another time
Another time
Another time
Another time
Another time
Another time
Another time
Another time
Another time
Another time
Another time
Another time
Another time
Another time
Another time
Another time
Another time
Another time
Another time
Another time
Another time
Another time
Another time
Another time
Another time
Another time
Another time
Another time
Another time
Another time
Another time
Another time
Another time
Another time
Another time
Another time
Another time
Another time
Another time
Another time
Another time
Another time
Another time
Another time
Another time
Another time
Another time
Another time
Another time
Another time
Another time
Another time
Another time
Another time
Another time
Another time
Another time
Another time
Another time
Another time
Another time
Another time
Another time
Another time
Another time
Another time
Another time
Another time
Another time
Another time
Another time
Another time
Another time
Another time
Another time
Another time
Another time
Another time
Another time
Another time
Another time
Another time
Another time
Another time
Another time
Another time
Another time
Another time
Another time
Another time
Another time
Another time
Another time
Another time
Another time
Another time
Another time
Another time
Another time
Another time
Another time
Another time
Another time
Another time
Another time
Another time
Another time
Another time
Another time
Another time
Another time
Another time
Another time
Another time
Another time
Another time
Another time
Another time
Another time
Another time
Another time
Another time
Another time
Another time
Another time
Another time
Another time
Another time
Another time
Another time
Another time
Another time
Another time
Another time
Another time
Another time
Another time
Another time
Another time
Another time
Another time
Another time
Another time
Another time
Another time
Another time
Another time
Another time
Another time
Another time
Another time
Another time
Another time
Another time
Another time
Another time
Another time
Another time
Another time
Another time
Another time
Another time
Another time
Another time
Another time
Another time
Another time
Another time
Another time
Another time
Another time
Another time
Another time
Another time
Another time
Another time
Another time
Another time
Another time
Another time
Another time
Another time
Another time
Another time
Another time
Another time
Another time
Another time
Another time
Another time
Another time
Another time
Another time
Another time
Another time
Another time
Another time
Another time
Another time
Another time
Another time
Another time
Another time
Another time
Another time
Another time
Another time
Another time
Another time
Another time
Another time
Another time
Another time
Another time
Another time
Another time
Another time
Another time
Another time
Another time
Another time
Another time
Another time
Another time
Another time
Another time
Another time
Another time
Another time
Another time
Another time
Another time
Another time
Another time
Another time
Another time
Another time
Another time
Another time
Another time
Another time
Another time
Another time
Another time
Another time
Another time
Another time
Another time
Another time
Another time
Another time
Another time
Another time
Another time
Another time
Another time
Another time
Another time
Another time
Another time
Another time
Another time
Another time
Another time
Another time
Another time
Another time
Another time
Another time
Another time
Another time
Another time
Another time
Another time
Another time
Another time
Another time
Another time
Another time
Another time
Another time
Another time
Another time
Another time
Another time
Another time
Another time
Another time
Another time
Another time
Another time
Another time
Another time
Another time
Another time
Another time
Another time
Another time
Another time
Another time
Another time
Another time
Another time
Another time
Another time
Another time
Another time
Another time
Another time
Another time
Another time
Another time
Another time
Another time
Another time
Another time
Another time
Another time
Another time
Another time
Another time
Another time
Another time
Another time
Another time
Another time
Another time
Another time
Another time
Another time
Another time
Another time
Another time
Another time
Another time
Another time
Another time
Another time
Another time
Another time
Another time
Another time
Another time
Another time
Another time
Another time
Another time
Another time
Another time
Another time
Another time
Another time
Another time
Another time
Another time
Another time
Another time
Another time
Another time
Another time
Another time
Another time
Another time
Another time
Another time
Another time
Another time
Another time
Another time
Another time
Another time
Another time
Another time
Another time
Another time
Another time
Another time
Another time
Another time
Another time
Another time
Another time
Another time
Another time
Another time
Another time
Another time
Another time
Another time
Another time
Another time
Another time
Another time
Another time
Another time
Another time
Another time
Another time
Another time
Another time
Another time
Another time
Another time
Another time
Another time
Another time
Another time
Another time
Another time
Another time
Another time
Another time
Another time
Another time
Another time
Another time
Another time
Another time
Another time
Another time
Another time
Another time
Another time
Another time
Another time
Another time
Another time
Another time
Another time
Another time
Another time
Another time
Another time
Another time
Another time
Another time
Another time
Another time
Another time
Another time
Another time
Another time
Another time
Another time
Another time
Another time
Another time
Another time
Another time
Another time
Another time
Another time
Another time
Another time
Another time
Another time
Another time
Another time
Another time
Another time
Another time
Another time
Another time
Another time
Another time
Another time
Another time
Another time
Another time
Another time
Another time
Another time
Another time
Another time
Another time
Another time
Another time
Another time
Another time
Another time
Another time
Another time
Another time
Another time
Another time
Another time
Another time
Another time
Another time
Another time
Another time
Another time
Another time
Another time
Another time
Another time
Another time
Another time
Another time
Another time
Another time
Another time
Another time
Another time
Another time
Another time
Another time
Another time
Another time
Another time
Another time
Another time
Another time
Another time
Another time
Another time
Another time
Another time
Another time
Another time
Another time
Another time
Another time
Another time
Another time
Another time
Another time
Another time
Another time
Another time
Another time
Another time
Another time
Another time
Another time
Another time
Another time
Another time
Another time
Another time
Another time
Another time
Another time
Another time
Another time
Another time
Another time
Another time
Another time
Another time
Another time
Another time
Another time
Another time
Another time
Another time
Another time
Another time
Another time
Another time
Another time
Another time
Another time
Another time
Another time
Another time
Another time
Another time
Another time
Another time
Another time
Another time
Another time
Another time
Another time
Another time
Another time
Another time
Another time
Another time
Another time
Another time
Another time
Another time
Another time
Another time
Another time
Another time
Another time
Another time
Another time
Another time
Another time
Another time
Another time
Another time
Another time
Another time
Another time
Another time
Another time
Another time
Another time
Another time
Another time
Another time
Another time
Another time
Another time
Another time
Another time
Another time
Another time
Another time
Another time
Another time
Another time
Another time
Another time
Another time
Another time
Another time
Another time
Another time
Another time
Another time
Another time
Another time
Another time
Another time
Another time
Another time
Another time
Another time
Another time
Another time
Another time
Another time
Another time
Another time
Another time
Another time
Another time
Another time
Another time
Another time
Another time
Another time
Another time
Another time
Another time
Another time
Another time
Another time
Another time
Another time
Another time
Another time
Another time
Another time
Another time
Another time
Another time
Another time
Another time
Another time
Another time
Another time
Another time
Another time
Another time
Another time
Another time
Another time
Another time
Another time
Another time
Another time
Another time
Another time
Another time
Another time
Another time
Another time
Another time
Another time
Another time
Another time
Another time
Another time
Another time
Another time
Another time
Another time
Another time
Another time
Another time
Another time
Another time
Another time
Another time
Another time
Another time
Another time
Another time
Another time
Another time
Another time
Another time
Another time
Another time
Another time
Another time
Another time
Another time
Another time
Another time
Another time
Another time
Another time
Another time
Another time
Another time
Another time
Another time
Another time
Another time
Another time
Another time
Another time
Another time
Another time
Another time
Another time
Another time
Another time
Another time
Another time
Another time
Another time
Another time
Another time
Another time
Another time
Another time
Another time
Another time
Another time
Another time
Another time
Another time
Another time
Another time
Another time
Another time
Another time
Another time
Another time
Another time
Another time
Another time
Another time
Another time
Another time
Another time
Another time
Another time
Another time
Another time
Another time
Another time
Another time
Another time
Another time
Another time
Another time
Another time
Another time
Another time
Another time
Another time
Another time
Another time
Another time
Another time
Another time
Another time
Another time
Another time
Another time
Another time
Another time
Another time
Another time
Another time
Another time
Another time
Another time
Another time
Another time
Another time
Another time
Another time
Another time
Another time
Another time
Another time
Another time
Another time
Another time
Another time
Another time
Another time
Another time
Another time
Another time
Another time
Another time
Another time
Another time
Another time
Another time
Another time
Another time
Another time
Another time
Another time
Another time
Another time
Another time
Another time
Another time
Another time
Another time
Another time
Another time
Another time
Another time
Another time
Another time
Another time
Another time
Another time
Another time
Another time
Another time
Another time
Another time
Another time
Another time
Another time
Another time
Another time
Another time
Another time
Another time
Another time
Another time
Another time
Another time
Another time
Another time
Another time
Another time
Another time
Another time
Another time
Another time
Another time
Another time
Another time
Another time
Another time
Another time
Another time
Another time
Another time
Another time
Another time
Another time
Another time
Another time
Another time
Another time
Another time
Another time
Another time
Another time
Another time
Another time
Another time
Another time
Another time
Another time
Another time
Another time
Another time
Another time
Another time
Another time
Another time
Another time
Another time
Another time
Another time
Another time
Another time
Another time
Another time
Another time
Another time
Another time
Another time
Another time
Another time
Another time
Another time
Another time
Another time
Another time
Another time
Another time
Another time
Another time
Another time
Another time
Another time
Another time
Another time
Another time
Another time
Another time
Another time
Another time
Another time
Another time
Another time
Another time
Another time
Another time
Another time
Another time
Another time
Another time
Another time
Another time
Another time
Another time
Another time
Another time
Another time
Another time
Another time
Another time
Another time
Another time
Another time
Another time
Another time
Another time
Another time
Another time
Another time
Another time
Another time
Another time
Another time
Another time
Another time
Another time
Another time
Another time
Another time
Another time
Another time
Another time
Another time
Another time
Another time
Another time
Another time
Another time
Another time
Another time
Another time
Another time
Another time
Another time
Another time
Another time
Another time
Another time
Another time
Another time
Another time
Another time
Another time
Another time
Another time
Another time
Another time
Another time
Another time
Another time
Another time
Another time
Another time
Another time
Another time
Another time
Another time
Another time
Another time
Another time
Another time
Another time
Another time
Another time
Another time
Another time
Another time
Another time
Another time
Another time
Another time
Another time
Another time
Another time
Another time
Another time
Another time
Another time
Another time
Another time
Another time
Another time
Another time
Another time
Another time
Another time
Another time
Another time
Another time
Another time
Another time
Another time
Another time
Another time
Another time
Another time
Another time
Another time
Another time
Another time
Another time
Another time
Another time
Another time
Another time
Another time
Another time
Another time
Another time
Another time
Another time
Another time
Another time
Another time
Another time
Another time
Another time
Another time
Another time
Another time
Another time
Another time
Another time
Another time
Another time
Another time
Another time
Another time
Another time
Another time
Another time
Another time
Another time
Another time
Another time
Another time
Another time
Another time
Another time
Another time
Another time
Another time
Another time
Another time
Another time
Another time
Another time
Another time
Another time
Another time
Another time
Another time
Another time
Another time
Another time
Another time
Another time
Another time
Another time
Another time
Another time
Another time
Another time
Another time
Another time
Another time
Another time
Another time
Another time
Another time
Another time
Another time
Another time
Another time
Another time
Another time
Another time
Another time
Another time
Another time
Another time
Another time
Another time
Another time
Another time
Another time
Another time
Another time
Another time
Another time
Another time
Another time
Another time
Another time
Another time
Another time
Another time
Another time
Another time
Another time
Another time
Another time
Another time
Another time
Another time
Another time
Another time
Another time
Another time
Another time
Another time
Another time
Another time
Another time
Another time
Another time
Another time
Another time
Another time
Another time
Another time
Another time
Another time
Another time
Another time
Another time
Another time
Another time
Another time
Another time
Another time
Another time
Another time
Another time
Another time
Another time
Another time
Another time
Another time
Another time
Another time
Another time
Another time
Another time
Another time
Another time
Another time
Another time
Another time
Another time
Another time
Another time
Another time
Another time
Another time
Another time
Another time
Another time
Another time
Another time
Another time
Another time
Another time
Another time
Another time
Another time
Another time
Another time
Another time
Another time
Another time
Another time
Another time
Another time
Another time
Another time
Another time
Another time
Another time
Another time
Another time
Another time
Another time
Another time
Another time
Another time
Another time
Another time
Another time
Another time
Another time
Another time
Another time
Another time
Another time
Another time
Another time
Another time
Another time
Another time
Another time
Another time
Another time
Another time
Another time
Another time
Another time
Another time
Another time
Another time
Another time
Another time
Another time
Another time
Another time
Another time
Another time
Another time
Another time
Another time
Another time
Another time
Another time
Another time
Another time
Another time
Another time
Another time
Another time
Another time
Another time
Another time
Another time
Another time
Another time
Another time
Another time
Another time
Another time
Another time
Another time
Another time
Another time
Another time
Another time
Another time
Another time
Another time
Another time
Another time
Another time
Another time
Another time
Another time
Another time
Another time
Another time
Another time
Another time
Another time
Another time
Another time
Another time
Another time
Another time
Another time
Another time
Another time
Another time
Another time
Another time
Another time
Another time
Another time
Another time
Another time
Another time
Another time
Another time
Another time
Another time
Another time
Another time
Another time
Another time
Another time
Another time
Another time
Another time
Another time
Another time
Another time
Another time
Another time
Another time
Another time
Another time
Another time
Another time
Another time
Another time
Another time
Another time
Another time
Another time
Another time
Another time
Another time
Another time
Another time
Another time
Another time
Another time
Another time
Another time
Another time
Another time
Another time
Another time
Another time
Another time
Another time
Another time
Another time
Another time
Another time
Another time
Another time
Another time
Another time
Another time
Another time
Another time
Another time
Another time
Another time
Another time
Another time
Another time
Another time
Another time
Another time
Another time
Another time
Another time
Another time
Another time
Another time
Another time
Another time
Another time
Another time
Another time
Another time
Another time
Another time
Another time
Another time
Another time
Another time
Another time
Another time
Another time
Another time
Another time
Another time
Another time
Another time
Another time
Another time
Another time
Another time
Another time
Another time
Another time
Another time
Another time
Another time
Another time
Another time
Another time
Another time
Another time
Another time
Another time
Another time
Another time
Another time
Another time
Another time
Another time
Another time
Another time
Another time
Another time
Another time
Another time
Another time
Another time
Another time
Another time
Another time
Another time
Another time
Another time
Another time
Another time
Another time
Another time
Another time
Another time
Another time
Another time
Another time
Another time
Another time
Another time
Another time
Another time
Another time
Another time
Another time
Another time
Another time
Another time
Another time
Another time
Another time
Another time
Another time
Another time
Another time
Another time
Another time
Another time
Another time
Another time
Another time
Another time
Another time
Another time
Another time
Another time
Another time
Another time
Another time
Another time
Another time
Another time
Another time
Another time
Another time
Another time
Another time
Another time
Another time
Another time
Another time
Another time
Another time
Another time
Another time
Another time
Another time
Another time
Another time
Another time
Another time
Another time
Another time
Another time
Another time
Another time
Another time
Another time
Another time
Another time
Another time
Another time
Another time
Another time
Another time
Another time
Another time
Another time
Another time
Another time
Another time
Another time
Another time
Another time
Another time
Another time
Another time
Another time
Another time
Another time
Another time
Another time
Another time
Another time
Another time
Another time
Another time
Another time
Another time
Another time
Another time
Another time
Another time
Another time
Another time
Another time
Another time
Another time
Another time
Another time
Another time
Another time
Another time
Another time
Another time
Another time
Another time
Another time
Another time
Another time
Another time
Another time
Another time
Another time
Another time
Another time
Another time
Another time
Another time
Another time
Another time
Another time
Another time
Another time
Another time
Another time
Another time
Another time
Another time
Another time
Another time
Another time
Another time
Another time
Another time
Another time
Another time
Another time
Another time
Another time
Another time
Another time
Another time
Another time
Another time
Another time
Another time
Another time
Another time
Another time
Another time
Another time
Another time
Another time
Another time
Another time
Another time
Another time
Another time
Another time
Another time
Another time
Another time
Another time
Another time
Another time
Another time
Another time
Another time
Another time
Another time
Another time
Another time
Another time
Another time
Another time
Another time
Another time
Another time
Another time
Another time
Another time
Another time
Another time
Another time
Another time
Another time
Another time
Another time
Another time
Another time
Another time
Another time
Another time
Another time
Another time
Another time
Another time
Another time
Another time
Another time
Another time
Another time
Another time
Another time
Another time
Another time
Another time
Another time
Another time
Another time
Another time
Another time
Another time
Another time
Another time
Another time
Another time
Another time
Another time
Another time
Another time
Another time
Another time
Another time
Another time
Another time
Another time
Another time
Another time
Another time
Another time
Another time
Another time
Another time
Another time
Another time
Another time
Another time
Another time
Another time
Another time
Another time
Another time
Another time
Another time
Another time
Another time
Another time
Another time
Another time
Another time
Another time
Another time
Another time
Another time
Another time
Another time
Another time
Another time
Another time
Another time
Another time
Another time
Another time
Another time
Another time
Another time
Another time
Another time
Another time
Another time
Another time
Another time
Another time
Another time
Another time
Another time
Another time
Another time
Another time
Another time
Another time
Another time
Another time
Another time
Another time
Another time
Another time
Another time
Another time
Another time
Another time
Another time
Another time
Another time
Another time
Another time
Another time
Another time
Another time
Another time
Another time
Another time
Another time
Another time
Another time
Another time
Another time
Another time
Another time
Another time
Another time
Another time
Another time
Another time
Another time
Another time
Another time
Another time
Another time
Another time
Another time
Another time
Another time
Another time
Another time
Another time
Another time
Another time
Another time
Another time
Another time
Another time
Another time
Another time
Another time
Another time
Another time
Another time
Another time
Another time
Another time
Another time
Another time
Another time
Another time
Another time
Another time
Another time
Another time
Another time
Another time
Another time
Another time
Another time
Another time
Another time
Another time
Another time
Another time
Another time
Another time
Another time
Another time
Another time
Another time
Another time
Another time
Another time
Another time
Another time
Another time
Another time
Another time
Another time
Another time
Another time
Another time
Another time
Another time
Another time
Another time
Another time
Another time
Another time
Another time
Another time
Another time
Another time
Another time
Another time
Another time
Another time
Another time
Another time
Another time
Another time
Another time
Another time
Another time
Another time
Another time
Another time
Another time
Another time
Another time
Another time
Another time
Another time
Another time
Another time
Another time
Another time
Another time
Another time
Another time
Another time
Another time
Another time
Another time
Another time
Another time
Another time
Another time
Another time
Another time
Another time
Another time
Another time
Another time
Another time
Another time
Another time
Another time
Another time
Another time
Another time
Another time
Another time
Another time
Another time
Another time
Another time
Another time
Another time
Another time
Another time
Another time
Another time
Another time
Another time
Another time
Another time
Another time
Another time
Another time
Another time
Another time
Another time
Another time
Another time
Another time
Another time
Another time
Another time
Another time
Another time
Another time
Another time
Another time
Another time
Another time
Another time
Another time
Another time
Another time
Another time
Another time
Another time
Another time
Another time
Another time
Another time
Another time
Another time
Another time
Another time
Another time
Another time
Another time
Another time
Another time
Another time
Another time
Another time
Another time
Another time
Another time
Another time
Another time
Another time
Another time
Another time
Another time
Another time
Another time
Another time
Another time
Another time
Another time
Another time
Another time
Another time
Another time
Another time
Another time
Another time
Another time
Another time
Another time
Another time
Another time
Another time
Another time
Another time
Another time
Another time
Another time
Another time
Another time
Another time
Another time
Another time
Another time
Another time
Another time
Another time
Another time
Another time
Another time
Another time
Another time
Another time
Another time
Another time
Another time
Another time
Another time
Another time
Another time
Another time
Another time
Another time
Another time
Another time
Another time
Another time
Another time
Another time
Another time
Another time
Another time
Another time
Another time
Another time
Another time
Another time
Another time
Another time
Another time
Another time
Another time
Another time
Another time
Another time
Another time
Another time
Another time
Another time
Another time
Another time
Another time
Another time
Another time
Another time
Another time
Another time
Another time
Another time
Another time
Another time
Another time
Another time
Another time
Another time
Another time
Another time
Another time
Another time
Another time
Another time
Another time
Another time
Another time
Another time
Another time
Another time
Another time
Another time
Another time
Another time
Another time
Another time
Another time
Another time
Another time
Another time
Another time
Another time
Another time
Another time
Another time
Another time
Another time
Another time
Another time
Another time
Another time
Another time
Another time
Another time
Another time
Another time
Another time
Another time
Another time
Another time
Another time
Another time
Another time
Another time
Another time
Another time
Another time
Another time
Another time
Another time
Another time
Another time
Another time
Another time
Another time
Another time
Another time
Another time
Another time
Another time
Another time
Another time
Another time
Another time
Another time
Another time
Another time
Another time
Another time
Another time
Another time
Another time
Another time
Another time
Another time
Another time
Another time
Another time
Another time
Another time
Another time
Another time
Another time
Another time
Another time
Another time
Another time
Another time
Another time
Another time
Another time
Another time
Another time
Another time
Another time
Another time
Another time
Another time
Another time
Another time
Another time
Another time
Another time
Another time
Another time
Another time
Another time
Another time
Another time
Another time
Another time
Another time
Another time
Another time
Another time
Another time
Another time
Another time
Another time
Another time
Another time
Another time
Another time
Another time
Another time
Another time
Another time
Another time
Another time
Another time
Another time
Another time
Another time
Another time
Another time
Another time
Another time
Another time
Another time
Another time
Another time
Another time
Another time
Another time
Another time
Another time
Another time
Another time
Another time
Another time
Another time
Another time
Another time
Another time
Another time
Another time
Another time
Another time
Another time
Another time
Another time
Another time
Another time
Another time
Another time
Another time
Another time
Another time
Another time
Another time
Another time
Another time
Another time
Another time
Another time
Another time
Another time
Another time
Another time
Another time
Another time
Another time
Another time
Another time
Another time
Another time
Another time
Another time
Another time
Another time
Another time
Another time
Another time
Another time
Another time
Another time
Another time
Another time
Another time
Another time
Another time
Another time
Another time
Another time
Another time
Another time
Another time
Another time
Another time
Another time
Another time
Another time
Another time
Another time
Another time
Another time
Another time
Another time
Another time
Another time
Another time
Another time
Another time
Another time
Another time
Another time
Another time
Another time
Another time
Another time
Another time
Another time
Another time
Another time
Another time
Another time
Another time
Another time
Another time
Another time
Another time
Another time
Another time
Another time
Another time
Another time
Another time
Another time
Another time
Another time
Another time
Another time
Another time
Another time
Another time
Another time
Another time
Another time
Another time
Another time
Another time
Another time
Another time
Another time
Another time
Another time
Another time
Another time
Another time
Another time
Another time
Another time
Another time
Another time
Another time
Another time
Another time
Another time
Another time
Another time
Another time
Another time
Another time
Another time
Another time
Another time
Another time
Another time
Another time
Another time
Another time
Another time
Another time
Another time
Another time
Another time
Another time
Another time
Another time
Another time
Another time
Another time
Another time
Another time
Another time
Another time
Another time
Another time
Another time
Another time
Another time
Another time
Another time
Another time
Another time
Another time
Another time
Another time
Another time
Another time
Another time
Another time
Another time
Another time
Another time
Another time
Another time
Another time
Another time
Another time
Another time
Another time
Another time
Another time
Another time
Another time
Another time
Another time
Another time
Another time
Another time
Another time
Another time
Another time
Another time
Another time
Another time
Another time
Another time
Another time
Another time
Another time
Another time
Another time
Another time
Another time
Another time
Another time
Another time
Another time
Another time
Another time
Another time
Another time
Another time
Another time
Another time
Another time
Another time
Another time
Another time
Another time
Another time
Another time
Another time
Another time
Another time
Another time
Another time
Another time
Another time
Another time
Another time
Another time
Another time
Another time
Another time
Another time
Another time
Another time
Another time
Another time
Another time
Another time
Another time
Another time
Another time
Another time
Another time
Another time
Another time
Another time
Another time
Another time
Another time
Another time
Another time
Another time
Another time
Another time
Another time
Another time
Another time
Another time
Another time
Another time
Another time
Another time
Another time
Another time
Another time
Another time
Another time
Another time
Another time
Another time
Another time
Another time
Another time
Another time
Another time
Another time
Another time
Another time
Another time
Another time
Another time
Another time
Another time
Another time
Another time
Another time
Another time
Another time
Another time
Another time
Another time
Another time
Another time
Another time
Another time
Another time
Another time
Another time
Another time
Another time
Another time
Another time
Another time
Another time
Another time
Another time
Another time
Another time
Another time
Another time
Another time
Another time
Another time
Another time
Another time
Another time
Another time
Another time
Another time
Another time
Another time
Another time
Another time
Another time
Another time
Another time
Another time
Another time
Another time
Another time
Another time
Another time
Another time
Another time
Another time
Another time
Another time
Another time
Another time
Another time
Another time
Another time
Another time
Another time
Another time
Another time
Another time
Another time
Another time
Another time
Another time
Another time
Another time
Another time
Another time
Another time
Another time
Another time
Another time
Another time
Another time
Another time
Another time
Another time
Another time
Another time
Another time
Another time
Another time
Another time
Another time
Another time
Another time
Another time
Another time
Another time
Another time
Another time
Another time
Another time
Another time
Another time
Another time
Another time
Another time
Another time
Another time
Another time
Another time
Another time
Another time
Another time
Another time
Another time
Another time
Another time
Another time
Another time
Another time
Another time
Another time
Another time
Another time
Another time
Another time
Another time
Another time
Another time
Another time
Another time
Another time
Another time
Another time
Another time
Another time
Another time
Another time
Another time
Another time
Another time
Another time
Another time
Another time
Another time
Another time
Another time
Another time
Another time
Another time
Another time
Another time
Another time
Another time
Another time
Another time
Another time
Another time
Another time
Another time
Another time
Another time
Another time
Another time
Another time
Another time
Another time
Another time
Another time
Another time
Another time
Another time
Another time
Another time
Another time
Another time
Another time
Another time
Another time
Another time
Another time
Another time
Another time
Another time
Another time
Another time
Another time
Another time
Another time
Another time
Another time
Another time
Another time
Another time
Another time
Another time
Another time
Another time
Another time
Another time
Another time
Another time
Another time
Another time
Another time
Another time
Another time
Another time
Another time
Another time
Another time
Another time
Another time
Another time
Another time
Another time
Another time
Another time
Another time
Another time
Another time
Another time
Another time
Another time
Another time
Another time
Another time
Another time
Another time
Another time
Another time
Another time
Another time
Another time
Another time
Another time
Another time
Another time
Another time
Another time
Another time
Another time
Another time
Another time
Another time
Another time
Another time
Another time
Another time
Another time
Another time
Another time
Another time
Another time
Another time
Another time
Another time
Another time
Another time
Another time
Another time
Another time
Another time
Another time
Another time
Another time
Another time
Another time
Another time
Another time
Another time
Another time
Another time
Another time
Another time
Another time
Another time
Another time
Another time
Another time
Another time
Another time
Another time
Another time
Another time
Another time
Another time
Another time
Another time
Another time
Another time
Another time
Another time
Another time
Another time
Another time
Another time
Another time
Another time
Another time
Another time
Another time
Another time
Another time
Another time
Another time
Another time
Another time
Another time
Another time
Another time
Another time
Another time
Another time
Another time
Another time
Another time
Another time
Another time
Another time
Another time
Another time
Another time
Another time
Another time
Another time
Another time
Another time
Another time
Another time
Another time
Another time
Another time
Another time
Another time
Another time
Another time
Another time
Another time
Another time
Another time
Another time
Another time
Another time
Another time
Another time
Another time
Another time
Another time
Another time
Another time
Another time
Another time
Another time
Another time
Another time
Another time
Another time
Another time
Another time
Another time
Another time
Another time
Another time
Another time
Another time
Another time
Another time
Another time
Another time
Another time
Another time
Another time
Another time
Another time
Another time
Another time
Another time
Another time
Another time
Another time
Another time
Another time
Another time
Another time
Another time
Another time
Another time
Another time
Another time
Another time
Another time
Another time
Another time
Another time
Another time
Another time
Another time
Another time
Another time
Another time
Another time
Another time
Another time
Another time
Another time
Another time
Another time
Another time
Another time
Another time
Another time
Another time
Another time
Another time
Another time
Another time
Another time
Another time
Another time
Another time
Another time
Another time
Another time
Another time
Another time
Another time
Another time
Another time
Another time
Another time
Another time
Another time
Another time
Another time
Another time
Another time
Another time
Another time
Another time
Another time
Another time
Another time
Another time
Another time
Another time
Another time
Another time
Another time
Another time
Another time
Another time
Another time
Another time
Another time
Another time
Another time
Another time
Another time
Another time
Another time
Another time
Another time
Another time
Another time
Another time
Another time
Another time
Another time
Another time
Another time
Another time
Another time
Another time
Another time
Another time
Another time
Another time
Another time
Another time
Another time
Another time
Another time
Another time
Another time
Another time
Another time
Another time
Another time
Another time
Another time
Another time
Another time
Another time
Another time
Another time
Another time
Another time
Another time
Another time
Another time
Another time
Another time
Another time
Another time
Another time
Another time
Another time
Another time
Another time
Another time
Another time
Another time
Another time
Another time
Another time
Another time
Another time
Another time
Another time
Another time
Another time
Another time
Another time
Another time
Another time
Another time
Another time
Another time
Another time
Another time
Another time
Another time
Another time
Another time
Another time
Another time
Another time
Another time
Another time
Another time
Another time
Another time
Another time
Another time
Another time
Another time
Another time
Another time
Another time
Another time
Another time
Another time
Another time
Another time
Another time
Another time
Another time
Another time
Another time
Another time
Another time
Another time
Another time
Another time
Another time
Another time
Another time
Another time
Another time
Another time
Another time
Another time
Another time
Another time
Another time
Another time
Another time
Another time
Another time
Another time
Another time
Another time
Another time
Another time
Another time
Another time
Another time
Another time
Another time
Another time
Another time
Another time
Another time
Another time
Another time
Another time
Another time
Another time
Another time
Another time
Another time
Another time
Another time
Another time
Another time
Another time
Another time
Another time
Another time
Another time
Another time
Another time
Another time
Another time
Another time
Another time
Another time
Another time
Another time
Another time
Another time
Another time
Another time
Another time
Another time
Another time
Another time
Another time
Another time
Another time
Another time
Another time
Another time
Another time
Another time
Another time
Another time
Another time
Another time
Another time
Another time
Another time
Another time
Another time
Another time
Another time
Another time
Another time
Another time
Another time
Another time
Another time
Another time
Another time
Another time
Another time
Another time
Another time
Another time
Another time
Another time
Another time
Another time
Another time
Another time
Another time
Another time
Another time
Another time
Another time
Another time
Another time
Another time
Another time
Another time
Another time
Another time
Another time
Another time
Another time
Another time
Another time
Another time
Another time
Another time
Another time
Another time
Another time
Another time
Another time
Another time
Another time
Another time
Another time
Another time
Another time
Another time
Another time
Another time
Another time
Another time
Another time
Another time
Another time
Another time
Another time
Another time
Another time
Another time
Another time
Another time
Another time
Another time
Another time
Another time
Another time
Another time
Another time
Another time
Another time
Another time
Another time
Another time
Another time
Another time
Another time
Another time
Another time
Another time
Another time
Another time
Another time
Another time
Another time
Another time
Another time
Another time
Another time
Another time
Another time
Another time
Another time
Another time
Another time
Another time
Another time
Another time
Another time
Another time
Another time
Another time
Another time
Another time
Another time
Another time
Another time
Another time
Another time
Another time
Another time
Another time
Another time
Another time
Another time
Another time
Another time
Another time
Another time
Another time
Another time
Another time
Another time
Another time
Another time
Another time
Another time
Another time
Another time
Another time
Another time
Another time
Another time
Another time
Another time
Another time
Another time
Another time
Another time
Another time
Another time
Another time
Another time
Another time
Another time
Another time
Another time
Another time
Another time
Another time
Another time
Another time
Another time
Another time
Another time
Another time
Another time
Another time
Another time
Another time
Another time
Another time
Another time
Another time
Another time
Another time
Another time
Another time
Another time
Another time
Another time
Another time
Another time
Another time
Another time
Another time
Another time
Another time
Another time
Another time
Another time
Another time
Another time
Another time
Another time
Another time
Another time
Another time
Another time
Another time
Another time
Another time
Another time
Another time
Another time
Another time
Another time
Another time
Another time
Another time
Another time
Another time
Another time
Another time
Another time
Another time
Another time
Another time
Another time
Another time
Another time
Another time
Another time
Another time
Another time
Another time
Another time
Another time
Another time
Another time
Another time
Another time
Another time
Another time
Another time
Another time
Another time
Another time
Another time
Another time
Another time
Another time
Another time
Another time
Another time
Another time
Another time
Another time
Another time
Another time
Another time
Another time
Another time
Another time
Another time
Another time
Another time
Another time
Another time
Another time
Another time
Another time
Another time
Another time
Another time
Another time
Another time
Another time
Another time
Another time
Another time
Another time
Another time
Another time
Another time
Another time
Another time
Another time
Another time
Another time
Another time
Another time
Another time
Another time
Another time
Another time
Another time
Another time
Another time
Another time
Another time
Another time
Another time
Another time
Another time
Another time
Another time
Another time
Another time
Another time
Another time
Another time
Another time
Another time
Another time
Another time
Another time
Another time
Another time
Another time
Another time
Another time
Another time
Another time
Another time
Another time
Another time
Another time
Another time
Another time
Another time
Another time
Another time
Another time
Another time
Another time
Another time
Another time
Another time
Another time
Another time
Another time
Another time
Another time
Another time
Another time
Another time
Another time
Another time
Another time
Another time
Another time
Another time
Another time
Another time
Another time
Another time
Another time
Another time
Another time
Another time
Another time
Another time
Another time
Another time
Another time
Another time
Another time
Another time
Another time
Another time
Another time
Another time
Another time
Another time
Another time
Another time
Another time
Another time
Another time
Another time
Another time
Another time
Another time
Another time
Another time
Another time
Another time
Another time
Another time
Another time
Another time
Another time
Another time
Another time
Another time
Another time
Another time
Another time
Another time
Another time
Another time
Another time
Another time
Another time
Another time
Another time
Another time
Another time
Another time
Another time
Another time
Another time
Another time
Another time
Another time
Another time
Another time
Another time
Another time
Another time
Another time
Another time
Another time
Another time
Another time
Another time
Another time
Another time
Another time
Another time
Another time
Another time
Another time
Another time
Another time
Another time
Another time
Another time
Another time
Another time
Another time
Another time
Another time
Another time
Another time
Another time
Another time
Another time
Another time
Another time
Another time
Another time
Another time
Another time
Another time
Another time
Another time
Another time
Another time
Another time
Another time
Another time
Another time
Another time
Another time
Another time
Another time
Another time
Another time
Another time
Another time
Another time
Another time
Another time
Another time
Another time
Another time
Another time
Another time
Another time
Another time
Another time
Another time
Another time
Another time
Another time
Another time
Another time
Another time
Another time
Another time
Another time
Another time
Another time
Another time
Another time
Another time
Another time
Another time
Another time
Another time
Another time
Another time
Another time
Another time
Another time
Another time
Another time
Another time
Another time
Another time
Another time
Another time
Another time
Another time
Another time
Another time
Another time
Another time
Another time
Another time
Another time
Another time
Another time
Another time
Another time
Another time
Another time
Another time
Another time
Another time
Another time
Another time
Another time
Another time
Another time
Another time
Another time
Another time
Another time
Another time
Another time
Another time
Another time
Another time
Another time
Another time
Another time
Another time
Another time
Another time
Another time
Another time
Another time
Another time
Another time
Another time
Another time
Another time
Another time
Another time
Another time
Another time
Another time
Another time
Another time
Another time
Another time
Another time
Another time
Another time
Another time
Another time
Another time
Another time
Another time
Another time
Another time
Another time
Another time
Another time
Another time
Another time
Another time
Another time
Another time
Another time
Another time
Another time
Another time
Another time
Another time
Another time
Another time
Another time
Another time
Another time
Another time
Another time
Another time
Another time
Another time
Another time
Another time
Another time
Another time
Another time
Another time
Another time
Another time
Another time
Another time
Another time
Another time
Another time
Another time
Another time
Another time
Another time
Another time
Another time
Another time
Another time
Another time
Another time
Another time
Another time
Another time
Another time
Another time
Another time
Another time
Another time
Another time
Another time
Another time
Another time
Another time
Another time
Another time
Another time
Another time
Another time
Another time
Another time
Another time
Another time
Another time
Another time
Another time
Another time
Another time
Another time
Another time
Another time
Another time
Another time
Another time
Another time
Another time
Another time
Another time
Another time
Another time
Another time
Another time
Another time
Another time
Another time
Another time
Another time
Another time
Another time
Another time
Another time
Another time
Another time
Another time
Another time
Another time
Another time
Another time
Another time
Another time
Another time
Another time
Another time
Another time
Another time
Another time
Another time
Another time
Another time
Another time
Another time
Another time
Another time
Another time
Another time
Another time
Another time
Another time
Another time
Another time
Another time
Another time
Another time
Another time
Another time
Another time
Another time
Another time
Another time
Another time
Another time
Another time
Another time
Another time
Another time
Another time
Another time
Another time
Another time
Another time
Another time
Another time
Another time
Another time
Another time
Another time
Another time
Another time
Another time
Another time
Another time
Another time
Another time
Another time
Another time
Another time
Another time
Another time
Another time
Another time
Another time
Another time
Another time
Another time
Another time
Another time
Another time
Another time
Another time
Another time
Another time
Another time
Another time
Another time
Another time
Another time
Another time
Another time
Another time
Another time
Another time
Another time
Another time
Another time
Another time
Another time
Another time
Another time
Another time
Another time
Another time
Another time
Another time
Another time
Another time
Another time
Another time
Another time
Another time
Another time
Another time
Another time
Another time
Another time
Another time
Another time
Another time
Another time
Another time
Another time
Another time
Another time
Another time
Another time
Another time
Another time
Another time
Another time
Another time
Another time
Another time
Another time
Another time
Another time
Another time
Another time
Another time
Another time
Another time
Another time
Another time
Another time
Another time
Another time
Another time
Another time
Another time
Another time
Another time
Another time
Another time
Another time
Another time
Another time
Another time
Another time
Another time
Another time
Another time
Another time
Another time
Another time
Another time
Another time
Another time
Another time
Another time
Another time
Another time
Another time
Another time
Another time
Another time
Another time
Another time
Another time
Another time
Another time
Another time
Another time
Another time
Another time
Another time
Another time
Another time
Another time
Another time
Another time
Another time
Another time
Another time
Another time
Another time
Another time
Another time
Another time
Another time
Another time
Another time
Another time
Another time
Another time
Another time
Another time
Another time
Another time
Another time
Another time
Another time
Another time
Another time
Another time
Another time
Another time
Another time
Another time
Another time
Another time
Another time
Another time
Another time
Another time
Another time
Another time
Another time
Another time
Another time
Another time
Another time
Another time
Another time
Another time
Another time
Another time
Another time
Another time
Another time
Another time
Another time
Another time
Another time
Another time
Another time
Another time
Another time
Another time
Another time
Another time
Another time
Another time
Another time
Another time
Another time
Another time
Another time
Another time
Another time
Another time
Another time
Another time
Another time
Another time
Another time
Another time
Another time
Another time
Another time
Another time
Another time
Another time
Another time
Another time
Another time
Another time
Another time
Another time
Another time
Another time
Another time
Another time
Another time
Another time
Another time
Another time
Another time
Another time
Another time
Another time
Another time
Another time
Another time
Another time
Another time
Another time
Another time
Another time
Another time
Another time
Another time
Another time
Another time
Another time
Another time
Another time
Another time
Another time
Another time
Another time
Another time
Another time
Another time
Another time
Another time
Another time
Another time
Another time
Another time
Another time
Another time
Another time
Another time
Another time
Another time
Another time
Another time
Another time
Another time
Another time
Another time
Another time
Another time
Another time
Another time
Another time
Another time
Another time
Another time
Another time
Another time
Another time
Another time
Another time
Another time
Another time
Another time
Another time
Another time
Another time
Another time
Another time
Another time
Another time
Another time
Another time
Another time
Another time
Another time
Another time
Another time
Another time
Another time
Another time
Another time
Another time
Another time
Another time
Another time
Another time
Another time
Another time
Another time
Another time
Another time
Another time
Another time
Another time
Another time
Another time
Another time
Another time
Another time
Another time
Another time
Another time
Another time
Another time
Another time
Another time
Another time
Another time
Another time
Another time
Another time
Another time
Another time
Another time
Another time
Another time
Another time
Another time
Another time
Another time
Another time
Another time
Another time
Another time
Another time
Another time
Another time
Another time
Another time
Another time
Another time
Another time
Another time
Another time
Another time
Another time
Another time
Another time
Another time
Another time
Another time
Another time
Another time
Another time
Another time
Another time
Another time
Another time
Another time
Another time
Another time
Another time
Another time
Another time
Another time
Another time
Another time
Another time
Another time
Another time
Another time
Another time
Another time
Another time
Another time
Another time
Another time
Another time
Another time
Another time
Another time
Another time
Another time
Another time
Another time
Another time
Another time
Another time
Another time
Another time
Another time
Another time
Another time
Another time
Another time
Another time
Another time
Another time
Another time
Another time
Another time
Another time
Another time
Another time
Another time
Another time
Another time
Another time
Another time
Another time
Another time
Another time
Another time
Another time
Another time
Another time
Another time
Another time
Another time
Another time
Another time
Another time
Another time
Another time
Another time
Another time
Another time
Another time
Another time
Another time
Another time
Another time
Another time
Another time
Another time
Another time
Another time
Another time
Another time
Another time
Another time
Another time
Another time
Another time
Another time
Another time
Another time
Another time
Another time
Another time
Another time
Another time
Another time
Another time
Another time
Another time
Another time
Another time
Another time
Another time
Another time
Another time
Another time
Another time
Another time
Another time
Another time
Another time
Another time
Another time
Another time
Another time
Another time
Another time
Another time
Another time
Another time
Another time
Another time
Another time
Another time
Another time
Another time
Another time
Another time
Another time
Another time
Another time
Another time
Another time
Another time
Another time
Another time
Another time
Another time
Another time
Another time
Another time
Another time
Another time
Another time
Another time
Another time
Another time
Another time
Another time
Another time
Another time
Another time
Another time
Another time
Another time
Another time
Another time
Another time
Another time
Another time
Another time
Another time
Another time
Another time
Another time
Another time
Another time
Another time
Another time
Another time
Another time
Another time
Another time
Another time
Another time
Another time
Another time
Another time
Another time
Another time
Another time
Another time
Another time
Another time
Another time
Another time
Another time
Another time
Another time
Another time
Another time
Another time
Another time
Another time
Another time
Another time
Another time
Another time
Another time
Another time
Another time
Another time
Another time
Another time
Another time
Another time
Another time
Another time
Another time
Another time
Another time
Another time
Another time
Another time
Another time
Another time
Another time
Another time
Another time
Another time
Another time
Another time
Another time
Another time
Another time
Another time
Another time
Another time
Another time
Another time
Another time
Another time
Another time
Another time
Another time
Another time
Another time
Another time
Another time
Another time
Another time
Another time
Another time
Another time
Another time
Another time
Another time
Another time
Another time
Another time
Another time
Another time
Another time
Another time
Another time
Another time
Another time
Another time
Another time
Another time
Another time
Another time
Another time
Another time
Another time
Another time
Another time
Another time
Another time
Another time
Another time
Another time
Another time
Another time
Another time
Another time
Another time
Another time
Another time
Another time
Another time
Another time
Another time
Another time
Another time
Another time
Another time
Another time
Another time
Another time
Another time
Another time
Another time
Another time
Another time
Another time
Another time
Another time
Another time
Another time
Another time
Another time
Another time
Another time
Another time
Another time
Another time
Another time
Another time
Another time
Another time
Another time
Another time
Another time
Another time
Another time
Another time
Another time
Another time
Another time
Another time
Another time
Another time
Another time
Another time
Another time
Another time
Another time
Another time
Another time
Another time
Another time
Another time
Another time
Another time
Another time
Another time
Another time
Another time
Another time
Another time
Another time
Another time
Another time
Another time
Another time
Another time
Another time
Another time
Another time
Another time
Another time
Another time
Another time
Another time
Another time
Another time
Another time
Another time
Another time
Another time
Another time
Another time
Another time
Another time
Another time
Another time
Another time
Another time
Another time
Another time
Another time
Another time
Another time
Another time
Another time
Another time
Another time
Another time
Another time
Another time
Another time
Another time
Another time
Another time
Another time
Another time
Another time
Another time
Another time
Another time
Another time
Another time
Another time
Another time
Another time
Another time
Another time
Another time
Another time
Another time
Another time
Another time
Another time
Another time
Another time
Another time
Another time
Another time
Another time
Another time
Another time
Another time
Another time
Another time
Another time
Another time
Another time
Another time
Another time
Another time
Another time
Another time
Another time
Another time
Another time
Another time
Another time
Another time
Another time
Another time
Another time
Another time
Another time
Another time
Another time
Another time
Another time
Another time
Another time
Another time
Another time
Another time
Another time
Another time
Another time
Another time
Another time
Another time
Another time
Another time
Another time
Another time
Another time
Another time
Another time
Another time
Another time
Another time
Another time
Another time
Another time
Another time
Another time
Another time
Another time
Another time
Another time
Another time
Another time
Another time
Another time
Another time
Another time
Another time
Another time
Another time
Another time
Another time
Another time
Another time
Another time
Another time
Another time
Another time
Another time
Another time
Another time
Another time
Another time
Another time
Another time
Another time
Another time
Another time
Another time
Another time
Another time
Another time
Another time
Another time
Another time
Another time
Another time
Another time
Another time
Another time
Another time
Another time
Another time
Another time
Another time
Another time
Another time
Another time
Another time
Another time
Another time
Another time
Another time
Another time
Another time
Another time
Another time
Another time
Another time
Another time
Another time
Another time
Another time
Another time
Another time
Another time
Another time
Another time
Another time
Another time
Another time
Another time
Another time
Another time
Another time
Another time
Another time
Another time
Another time
Another time
Another time
Another time
Another time
Another time
Another time
Another time
Another time
Another time
Another time
Another time
Another time
Another time
Another time
Another time
Another time
Another time
Another time
Another time
Another time
Another time
Another time
Another time
Another time
Another time
Another time
Another time
Another time
Another time
Another time
Another time
Another time
Another time
Another time
Another time
Another time
Another time
Another time
Another time
Another time
Another time
Another time
Another time
Another time
Another time
Another time
Another time
Another time
Another time
Another time
Another time
Another time
Another time
Another time
Another time
Another time
Another time
Another time
Another time
Another time
Another time
Another time
Another time
Another time
Another time
Another time
Another time
Another time
Another time
Another time
Another time
Another time
Another time
Another time
Another time
Another time
Another time
Another time
Another time
Another time
Another time
Another time
Another time
Another time
Another time
Another time
Another time
Another time
Another time
Another time
Another time
Another time
Another time
Another time
Another time
Another time
Another time
Another time
Another time
Another time
Another time
Another time
Another time
Another time
Another time
Another time
Another time
Another time
Another time
Another time
Another time
Another time
Another time
Another time
Another time
Another time
Another time
Another time
Another time
Another time
Another time
Another time
Another time
Another time
Another time
Another time
Another time
Another time
Another time
Another time
Another time
Another time
Another time
Another time
Another time
Another time
Another time
Another time
Another time
Another time
Another time
Another time
Another time
Another time
Another time
Another time
Another time
Another time
Another time
Another time
Another time
Another time
Another time
Another time
Another time
Another time
Another time
Another time
Another time
Another time
Another time
Another time
Another time
Another time
Another time
Another time
Another time
Another time
Another time
Another time
Another time
Another time
Another time
Another time
Another time
Another time
Another time
Another time
Another time
Another time
Another time
Another time
Another time
Another time
Another time
Another time
Another time
Another time
Another time
Another time
Another time
Another time
Another time
Another time
Another time
Another time
Another time
Another time
Another time
Another time
Another time
Another time
Another time
Another time
Another time
Another time
Another time
Another time
Another time
Another time
Another time
Another time
Another time
Another time
Another time
Another time
Another time
Another time
Another time
Another time
Another time
Another time
Another time
Another time
Another time
Another time
Another time
Another time
Another time
Another time
Another time
Another time
Another time
Another time
Another time
Another time
Another time
Another time
Another time
Another time
Another time
Another time
Another time
Another time
Another time
Another time
Another time
Another time
Another time
Another time
Another time
Another time
Another time
Another time
Another time
Another time
Another time
Another time
Another time
Another time
Another time
Another time
Another time
Another time
Another time
Another time
Another time
Another time
Another time
Another time
Another time
Another time
Another time
Another time
Another time
Another time
Another time
Another time
Another time
Another time
Another time
Another time
Another time
Another time
Another time
Another time
Another time
Another time
Another time
Another time
Another time
Another time
Another time
Another time
Another time
Another time
Another time
Another time
Another time
Another time
Another time
Another time
Another time
Another time
Another time
Another time
Another time
Another time
Another time
Another time
Another time
Another time
Another time
Another time
Another time
Another time
Another time
Another time
Another time
Another time
Another time
Another time
Another time
Another time
Another time
Another time
Another time
Another time
Another time
Another time
Another time
Another time
Another time
Another time
Another time
Another time
Another time
Another time
Another time
Another time
Another time
Another time
Another time
Another time
Another time
Another time
Another time
Another time
Another time
Another time
Another time
Another time
Another time
Another time
Another time
Another time
Another time
Another time
Another time
Another time
Another time
Another time
Another time
Another time
Another time
Another time
Another time
Another time
Another time
Another time
Another time
Another time
Another time
Another time
Another time
Another time
Another time
Another time
Another time
Another time
Another time
Another time
Another time
Another time
Another time
Another time
Another time
Another time
Another time
Another time
Another time
Another time
Another time
Another time
Another time
Another time
Another time
Another time
Another time
Another time
Another time
Another time
Another time
Another time
Another time
Another time
Another time
Another time
Another time
Another time
Another time
Another time
Another time
Another time
Another time
Another time
Another time
Another time
Another time
Another time
Another time
Another time
Another time
Another time
Another time
Another time
Another time
Another time
Another time
Another time
Another time
Another time
Another time
Another time
Another time
Another time
Another time
Another time
Another time
Another time
Another time
Another time
Another time
Another time
Another time
Another time
Another time
Another time
Another time
Another time
Another time
Another time
Another time
Another time
Another time
Another time
Another time
Another time
Another time
Another time
Another time
Another time
Another time
Another time
Another time
Another time
Another time
Another time
Another time
Another time
Another time
Another time
Another time
Another time
Another time
Another time
Another time
Another time
Another time
Another time
Another time
Another time
Another time
Another time
Another time
Another time
Another time
Another time
Another time
Another time
Another time
Another time
Another time
Another time
Another time
Another time
Another time
Another time
Another time
Another time
Another time
Another time
Another time
Another time
Another time
Another time
Another time
Another time
Another time
Another time
Another time
Another time
Another time
Another time
Another time
Another time
Another time
Another time
Another time
Another time
Another time
Another time
Another time
Another time
Another time
Another time
Another time
Another time
Another time
Another time
Another time
Another time
Another time
Another time
Another time
Another time
Another time
Another time
Another time
Another time
Another time
Another time
Another time
Another time
Another time
Another time
Another time
Another time
Another time
Another time
Another time
Another time
Another time
Another time
Another time
Another time
Another time
Another time
Another time
Another time
Another time
Another time
Another time
Another time
Another time
Another time
Another time
Another time
Another time
Another time
Another time
Another time
Another time
Another time
Another time
Another time
Another time
Another time
Another time
Another time
Another time
Another time
Another time
Another time
Another time
Another time
Another time
Another time
Another time
Another time
Another time
Another time
Another time
Another time
Another time
Another time
Another time
Another time
Another time
Another time
Another time
Another time
Another time
Another time
Another time
Another time
Another time
Another time
Another time
Another time
Another time
Another time
Another time
Another time
Another time
Another time
Another time
Another time
Another time
Another time
Another time
Another time
Another time
Another time
Another time
Another time
Another time
Another time
Another time
Another time
Another time
Another time
Another time
Another time
Another time
Another time
Another time
Another time
Another time
Another time
Another time
Another time
Another time
Another time
Another time
Another time
Another time
Another time
Another time
Another time
Another time
Another time
Another time
Another time
Another time
Another time
Another time
Another time
Another time
Another time
Another time
Another time
Another time
Another time
Another time
Another time
Another time
Another time
Another time
Another time
Another time
Another time
Another time
Another time
Another time
Another time
Another time
Another time
Another time
Another time
Another time
Another time
Another time
Another time
Another time
Another time
Another time
Another time
Another time
Another time
Another time
Another time
Another time
Another time
Another time
Another time
Another time
Another time
Another time
Another time
Another time
Another time
Another time
Another time
Another time
Another time
Another time
Another time
Another time
Another time
Another time
Another time
Another time
Another time
Another time
Another time
Another time
Another time
Another time
Another time
Another time
Another time
Another time
Another time
Another time
Another time
Another time
Another time
Another time
Another time
Another time
Another time
Another time
Another time
Another time
Another time
Another time
Another time
Another time
Another time
Another time
Another time
Another time
Another time
Another time
Another time
Another time
Another time
Another time
Another time
Another time
Another time
Another time
Another time
Another time
Another time
Another time
Another time
Another time
Another time
Another time
Another time
Another time
Another time
Another time
Another time
Another time
Another time
Another time
Another time
Another time
Another time
Another time
Another time
Another time
Another time
Another time
Another time
Another time
Another time
Another time
Another time
Another time
Another time
Another time
Another time
Another time
Another time
Another time
Another time
Another time
Another time
Another time
Another time
Another time
Another time
Another time
Another time
Another time
Another time
Another time
Another time
Another time
Another time
Another time
Another time
Another time
Another time
Another time
Another time
Another time
Another time
Another time
Another time
Another time
Another time
Another time
Another time
Another time
Another time
Another time
Another time
Another time
Another time
Another time
Another time
Another time
Another time
Another time
Another time
Another time
Another time
Another time
Another time
Another time
Another time
Another time
Another time
Another time
Another time
Another time
Another time
Another time
Another time
Another time
Another time
Another time
Another time
Another time
Another time
Another time
Another time
Another time
Another time
Another time
Another time
Another time
Another time
Another time
Another time
Another time
Another time
Another time
Another time
Another time
Another time
Another time
Another time
Another time
Another time
Another time
Another time
Another time
Another time
Another time
Another time
Another time
Another time
Another time
Another time
Another time
Another time
Another time
Another time
Another time
Another time
Another time
Another time
Another time
Another time
Another time
Another time
Another time
Another time
Another time
Another time
Another time
Another time
Another time
Another time
Another time
Another time
Another time
Another time
Another time
Another time
Another time
Another time
Another time
Another time
Another time
Another time
Another time
Another time
Another time
Another time
Another time
Another time
Another time
Another time
Another time
Another time
Another time
Another time
Another time
Another time
Another time
Another time
Another time
Another time
Another time
Another time
Another time
Another time
Another time
Another time
Another time
Another time
Another time
Another time
Another time
Another time
Another time
Another time
Another time
Another time
Another time
Another time
Another time
Another time
Another time
Another time
Another time
Another time
Another time
Another time
Another time
Another time
Another time
Another time
Another time
Another time
Another time
Another time
Another time
Another time
Another time
Another time
Another time
Another time
Another time
Another time
Another time
Another time
Another time
Another time
Another time
Another time
Another time
Another time
Another time
Another time
Another time
Another time
Another time
Another time
Another time
Another time
Another time
Another time
Another time
Another time
Another time
Another time
Another time
Another time
Another time
Another time
Another time
Another time
Another time
Another time
Another time
Another time
Another time
Another time
Another time
Another time
Another time
Another time
Another time
Another time
Another time
Another time
Another time
Another time
Another time
Another time
Another time
Another time
Another time
Another time
Another time
Another time
Another time
Another time
Another time
Another time
Another time
Another time
Another time
Another time
Another time
Another time
Another time
Another time
Another time
Another time
Another time
Another time
Another time
Another time
Another time
Another time
Another time
Another time
Another time
Another time
Another time
Another time
Another time
Another time
Another time
Another time
Another time
Another time
Another time
Another time
Another time
Another time
Another time
Another time
Another time
Another time
Another time
Another time
Another time
Another time
Another time
Another time
Another time
Another time
Another time
Another time
Another time
Another time
Another time
Another time
Another time
Another time
Another time
Another time
Another time
Another time
Another time
Another time
Another time
Another time
Another time
Another time
Another time
Another time
Another time
Another time
Another time
Another time
Another time
Another time
Another time
Another time
Another time
Another time
Another time
Another time
Another time
Another time
Another time
Another time
Another time
Another time
Another time
Another time
Another time
Another time
Another time
Another time
Another time
Another time
Another time
Another time
Another time
Another time
Another time
Another time
Another time
Another time
Another time
Another time
Another time
Another time
Another time
Another time
Another time
Another time
Another time
Another time
Another time
Another time
Another time
Another time
Another time
Another time
Another time
Another time
Another time
Another time
Another time
Another time
Another time
Another time
Another time
Another time
Another time
Another time
Another time
Another time
Another time
Another time
Another time
Another time
Another time
Another time
Another time
Another time
Another time
Another time
Another time
Another time
Another time
Another time
Another time
Another time
Another time
Another time
Another time
Another time
Another time
Another time
Another time
Another time
Another time
Another time
Another time
Another time
Another time
Another time
Another time
Another time
Another time
Another time
Another time
Another time
Another time
Another time
Another time
Another time
Another time
Another time
Another time
Another time
Another time
Another time
Another time
Another time
Another time
Another time
Another time
Another time
Another time
Another time
Another time
Another time
Another time
Another time
Another time
Another time
Another time
Another time
Another time
Another time
Another time
Another time
Another time
Another time
Another time
Another time
Another time
Another time
Another time
Another time
Another time
Another time
Another time
Another time
Another time
Another time
Another time
Another time
Another time
Another time
Another time
Another time
Another time
Another time
Another time
Another time
Another time
Another time
Another time
Another time
Another time
Another time
Another time
Another time
Another time
Another time
Another time
Another time
Another time
Another time
Another time
Another time
Another time
Another time
Another time
Another time
Another time
Another time
Another time
Another time
Another time
Another time
Another time
Another time
Another time
Another time
Another time
Another time
Another time
Another time
Another time
Another time
Another time
Another time
Another time
Another time
Another time
Another time
Another time
Another time
Another time
Another time
Another time
Another time
Another time
Another time
Another time
Another time
Another time
Another time
Another time
Another time
Another time
Another time
Another time
Another time
Another time
Another time
Another time
Another time
Another time
Another time
Another time
Another time
Another time
Another time
Another time
Another time
Another time
Another time
Another time
Another time
Another time
Another time
Another time
Another time
Another time
Another time
Another time
Another time
Another time
Another time
Another time
Another time
Another time
Another time
Another time
Another time
Another time
Another time
Another time
Another time
Another time
Another time
Another time
Another time
Another time
Another time
Another time
Another time
Another time
Another time
Another time
Another time
Another time
Another time
Another time
Another time
Another time
Another time
Another time
Another time
Another time
Another time
Another time
Another time
Another time
Another time
Another time
Another time
Another time
Another time
Another time
Another time
Another time
Another time
Another time
Another time
Another time
Another time
Another time
Another time
Another time
Another time
Another time
Another time
Another time
Another time
Another time
Another time
Another time
Another time
Another time
Another time
Another time
Another time
Another time
Another time
Another time
Another time
Another time
Another time
Another time
Another time
Another time
Another time
Another time
Another time
Another time
Another time
Another time
Another time
Another time
Another time
Another time
Another time
Another time
Another time
Another time
Another time
Another time
Another time
Another time
Another time
Another time
Another time
Another time
Another time
Another time
Another time
Another time
Another time
Another time
Another time
Another time
Another time
Another time
Another time
Another time
Another time
Another time
Another time
Another time
Another time
Another time
Another time
Another time
Another time
Another time
Another time
Another time
Another time
Another time
Another time
Another time
Another time
Another time
Another time
Another time
Another time
Another time
Another time
Another time
Another time
Another time
Another time
Another time
Another time
Another time
Another time
Another time
Another time
Another time
Another time
Another time
Another time
Another time
Another time
Another time
Another time
Another time
Another time
Another time
Another time
Another time
Another time
Another time
Another time
Another time
Another time
Another time
Another time
Another time
Another time
Another time
Another time
Another time
Another time
Another time
Another time
Another time
Another time
Another time
Another time
Another time
Another time
Another time
Another time
Another time
Another time
Another time
Another time
Another time
Another time
Another time
Another time
Another time
Another time
Another time
Another time
Another time
Another time
Another time
Another time
Another time
Another time
Another time
Another time
Another time
Another time
Another time
Another time
Another time
Another time
Another time
Another time
Another time
Another time
Another time
Another time
Another time
Another time
Another time
Another time
Another time
Another time
Another time
Another time
Another time
Another time
Another time
Another time
Another time
Another time
Another time
Another time
Another time
Another time
Another time
Another time
Another time
Another time
Another time
Another time
Another time
Another time
Another time
Another time
Another time
Another time
Another time
Another time
Another time
Another time
Another time
Another time
Another time
Another time
Another time
Another time
Another time
Another time
Another time
Another time
Another time
Another time
Another time
Another time
Another time
Another time
Another time
Another time
Another time
Another time
Another time
Another time
Another time
Another time
Another time
Another time
Another time
Another time
Another time
Another time
Another time
Another time
Another time
Another time
Another time
Another time
Another time
Another time
Another time
Another time
Another time
Another time
Another time
Another time
Another time
Another time
Another time
Another time
Another time
Another time
Another time
Another time
Another time
Another time
Another time
Another time
Another time
Another time
Another time
Another time
Another time
Another time
Another time
Another time
Another time
Another time
Another time
Another time
Another time
Another time
Another time
Another time
Another time
Another time
Another time
Another time
Another time
Another time
Another time
Another time
Another time
Another time
Another time
Another time
Another time
Another time
Another time
Another time
Another time
Another time
Another time
Another time
Another time
Another time
Another time
Another time
Another time
Another time
Another time
Another time
Another time
Another time
Another time
Another time
Another time
Another time
Another time
Another time
Another time
Another time
Another time
Another time
Another time
Another time
Another time
Another time
Another time
Another time
Another time
Another time
Another time
Another time
Another time
Another time
Another time
Another time
Another time
Another time
Another time
Another time
Another time
Another time
Another time
Another time
Another time
Another time
Another time
Another time
Another time
Another time
Another time
Another time
Another time
Another time
Another time
Another time
Another time
Another time
Another time
Another time
Another time
Another time
Another time
Another time
Another time
Another time
Another time
Another time
Another time
Another time
Another time
Another time
Another time
Another time
Another time
Another time
Another time
Another time
Another time
Another time
Another time
Another time
Another time
Another time
Another time
Another time
Another time
Another time
Another time
Another time
Another time
Another time
Another time
Another time
Another time
Another time
Another time
Another time
Another time
Another time
Another time
Another time
Another time
Another time
Another time
Another time
Another time
Another time
Another time
Another time
Another time
Another time
Another time
Another time
Another time
Another time
Another time
Another time
Another time
Another time
Another time
Another time
Another time
Another time
Another time
Another time
Another time
Another time
Another time
Another time
Another time
Another time
Another time
Another time
Another time
Another time
Another time
Another time
Another time
Another time
Another time
Another time
Another time
Another time
Another time
Another time
Another time
Another time
Another time
Another time
Another time
Another time
Another time
Another time
Another time
Another time
Another time
Another time
Another time
Another time
Another time
Another time
Another time
Another time
Another time
Another time
Another time
Another time
Another time
Another time
Another time
Another time
Another time
Another time
Another time
Another time
Another time
Another time
Another time
Another time
Another time
Another time
Another time
Another time
Another time
Another time
Another time
Another time
Another time
Another time
Another time
Another time
Another time
Another time
Another time
Another time
Another time
Another time
Another time
Another time
Another time
Another time
Another time
Another time
Another time
Another time
Another time
Another time
Another time
Another time
Another time
Another time
Another time
Another time
Another time
Another time
Another time
Another time
Another time
Another time
Another time
Another time
Another time
Another time
Another time
Another time
Another time
Another time
Another time
Another time
Another time
Another time
Another time
Another time
Another time
Another time
Another time
Another time
Another time
Another time
Another time
Another time
Another time
Another time
Another time
Another time
Another time
Another time
Another time
Another time
Another time
Another time
Another time
Another time
Another time
Another time
Another time
Another time
Another time
Another time
Another time
Another time
Another time
Another time
Another time
Another time
Another time
Another time
Another time
Another time
Another time
Another time
Another time
Another time
Another time
Another time
Another time
Another time
Another time
Another time
Another time
Another time
Another time
Another time
Another time
Another time
Another time
Another time
Another time
Another time
Another time
Another time
Another time
Another time
Another time
Another time
Another time
Another time
Another time
Another time
Another time
Another time
Another time
Another time
Another time
Another time
Another time
Another time
Another time
Another time
Another time
Another time
Another time
Another time
Another time
Another time
Another time
Another time
Another time
Another time
Another time
Another time
Another time
Another time
Another time
Another time
Another time
Another time
Another time
Another time
Another time
Another time
Another time
Another time
Another time
Another time
Another time
Another time
Another time
Another time
Another time
Another time
Another time
Another time
Another time
Another time
Another time
Another time
Another time
Another time
Another time
Another time
Another time
Another time
Another time
Another time
Another time
Another time
Another time
Another time
Another time
Another time
Another time
Another time
Another time
Another time
Another time
Another time
Another time
Another time
Another time
Another time
Another time
Another time
Another time
Another time
Another time
Another time
Another time
Another time
Another time
Another time
Another time
Another time
Another time
Another time
Another time
Another time
Another time
Another time
Another time
Another time
Another time
Another time
Another time
Another time
Another time
Another time
Another time
Another time
Another time
Another time
Another time
Another time
Another time
Another time
Another time
Another time
Another time
Another time
Another time
Another time
Another time
Another time
Another time
Another time
Another time
Another time
Another time
Another time
Another time
Another time
Another time
Another time
Another time
Another time
Another time
Another time
Another time
Another time
Another time
Another time
Another time
Another time
Another time
Another time
Another time
Another time
Another time
Another time
Another time
Another time
Another time
Another time
Another time
Another time
Another time
Another time
Another time
Another time
Another time
Another time
Another time
Another time
Another time
Another time
Another time
Another time
Another time
Another time
Another time
Another time
Another time
Another time
Another time
Another time
Another time
Another time
Another time
Another time
Another time
Another time
Another time
Another time
Another time
Another time
Another time
Another time
Another time
Another time
Another time
Another time
Another time
Another time
Another time
Another time
Another time
Another time
Another time
Another time
Another time
Another time
Another time
Another time
Another time
Another time
Another time
Another time
Another time
Another time
Another time
Another time
Another time
Another time
Another time
Another time
Another time
Another time
Another time
Another time
Another time
Another time
Another time
Another time
Another time
Another time
Another time
Another time
Another time
Another time
Another time
Another time
Another time
Another time
Another time
Another time
Another time
Another time
Another time
Another time
Another time
Another time
Another time
Another time
Another time
Another time
Another time
Another time
Another time
Another time
Another time
Another time
Another time
Another time
Another time
Another time
Another time
Another time
Another time
Another time
Another time
Another time
Another time
Another time
Another time
Another time
Another time
Another time
Another time
Another time
Another time
Another time
Another time
Another time
Another time
Another time
Another time
Another time
Another time
Another time
Another time
Another time
Another time
Another time
Another time
Another time
Another time
Another time
Another time
Another time
Another time
Another time
Another time
Another time
Another time
Another time
Another time
Another time
Another time
Another time
Another time
Another time
Another time
Another time
Another time
Another time
Another time
Another time
Another time
Another time
Another time
Another time
Another time
Another time
Another time
Another time
Another time
Another time
Another time
Another time
Another time
Another time
Another time
Another time
Another time
Another time
Another time
Another time
Another time
Another time
Another time
Another time
Another time
Another time
Another time
Another time
Another time
Another time
Another time
Another time
Another time
Another time
Another time
Another time
Another time
Another time
Another time
Another time
Another time
Another time
Another time
Another time
Another time
Another time
Another time
Another time
Another time
Another time
Another time
Another time
Another time
Another time
Another time
Another time
Another time
Another time
Another time
Another time
Another time
Another time
Another time
Another time
Another time
Another time
Another time
Another time
Another time
Another time
Another time
Another time
Another time
Another time
Another time
Another time
Another time
Another time
Another time
Another time
Another time
Another time
Another time
Another time
Another time
Another time
Another time
Another time
Another time
Another time
Another time
Another time
Another time
Another time
Another time
Another time
Another time
Another time
Another time
Another time
Another time
Another time
Another time
Another time
Another time
Another time
Another time
Another time
Another time
Another time
Another time
Another time
Another time
Another time
Another time
Another time
Another time
Another time
Another time
Another time
Another time
Another time
Another time
Another time
Another time
Another time
Another time
Another time
Another time
Another time
Another time
Another time
Another time
Another time
Another time
Another time
Another time
Another time
Another time
Another time
Another time
Another time
Another time
Another time
Another time
Another time
Another time
Another time
Another time
Another time
Another time
Another time
Another time
Another time
Another time
Another time
Another time
Another time
Another time
Another time
Another time
Another time
Another time
Another time
Another time
Another time
Another time
Another time
Another time
Another time
Another time
Another time
Another time
Another time
Another time
Another time
Another time
Another time
Another time
Another time
Another time
Another time
Another time
Another time
Another time
Another time
Another time
Another time
Another time
Another time
Another time
Another time
Another time
Another time
Another time
Another time
Another time
Another time
Another time
Another time
Another time
Another time
Another time
Another time
Another time
Another time
Another time
Another time
Another time
Another time
Another time
Another time
Another time
Another time
Another time
Another time
Another time
Another time
Another time
Another time
Another time
Another time
Another time
Another time
Another time
Another time
Another time
Another time
Another time
Another time
Another time
Another time
Another time
Another time
Another time
Another time
Another time
Another time
Another time
Another time
Another time
Another time
Another time
Another time
Another time
Another time
Another time
Another time
Another time
Another time
Another time
Another time
Another time
Another time
Another time
Another time
Another time
Another time
Another time
Another time
Another time
Another time
Another time
Another time
Another time
Another time
Another time
Another time
Another time
Another time
Another time
Another time
Another time
Another time
Another time
Another time
Another time
Another time
Another time
Another time
Another time
Another time
Another time
Another time
Another time
Another time
Another time
Another time
Another time
Another time
Another time
Another time
Another time
Another time
Another time
Another time
Another time
Another time
Another time
Another time
Another time
Another time
Another time
Another time
Another time
Another time
Another time
Another time
Another time
Another time
Another time
Another time
Another time
Another time
Another time
Another time
Another time
Another time
Another time
Another time
Another time
Another time
Another time
Another time
Another time
Another time
Another time
Another time
Another time
Another time
Another time
Another time
Another time
Another time
Another time
Another time
Another time
Another time
Another time
Another time
Another time
Another time
Another time
Another time
Another time
Another time
Another time
Another time
Another time
Another time
Another time
Another time
Another time
Another time
Another time
Another time
Another time
Another time
Another time
Another time
Another time
Another time
Another time
Another time
Another time
Another time
Another time
Another time
Another time
Another time
Another time
Another time
Another time
Another time
Another time
Another time
Another time
Another time
Another time
Another time
Another time
Another time
Another time
Another time
Another time
Another time
Another time
Another time
Another time
Another time
Another time
Another time
Another time
Another time
Another time
Another time
Another time
Another time
Another time
Another time
Another time
Another time
Another time
Another time
Another time
Another time
Another time
Another time
Another time
Another time
Another time
Another time
Another time
Another time
Another time
Another time
Another time
Another time
Another time
Another time
Another time
Another time
Another time
Another time
Another time
Another time
Another time
Another time
Another time
Another time
Another time
Another time
Another time
Another time
Another time
Another time
Another time
Another time
Another time
Another time
Another time
Another time
Another time
Another time
Another time
Another time
Another time
Another time
Another time
Another time
Another time
Another time
Another time
Another time
Another time
Another time
Another time
Another time
Another time
Another time
Another time
Another time
Another time
Another time
Another time
Another time
Another time
Another time
Another time
Another time
Another time
Another time
Another time
Another time
Another time
Another time
Another time
Another time
Another time
Another time
Another time
Another time
Another time
Another time
Another time
Another time
Another time
Another time
Another time
Another time
Another time
Another time
Another time
Another time
Another time
Another time
Another time
Another time
Another time
Another time
Another time
Another time
Another time
Another time
Another time
Another time
Another time
Another time
Another time
Another time
Another time
Another time
Another time
Another time
Another time
Another time
Another time
Another time
Another time
Another time
Another time
Another time
Another time
Another time
Another time
Another time
Another time
Another time
Another time
Another time
Another time
Another time
Another time
Another time
Another time
Another time
Another time
Another time
Another time
Another time
Another time
Another time
Another time
Another time
Another time
Another time
Another time
Another time
Another time
Another time
Another time
Another time
Another time
Another time
Another time
Another time
Another time
Another time
Another time
Another time
Another time
Another time
Another time
Another time
Another time
Another time
Another time
Another time
Another time
Another time
Another time
Another time
Another time
Another time
Another time
Another time
Another time
Another time
Another time
Another time
Another time
Another time
Another time
Another time
Another time
Another time
Another time
Another time
Another time
Another time
Another time
Another time
Another time
Another time
Another time
Another time
Another time
Another time
Another time
Another time
Another time
Another time
Another time
Another time
Another time
Another time
Another time
Another time
Another time
Another time
Another time
Another time
Another time
Another time
Another time
Another time
Another time
Another time
Another time
Another time
Another time
Another time
Another time
Another time
Another time
Another time
Another time
Another time
Another time
Another time
Another time
Another time
Another time
Another time
Another time
Another time
Another time
Another time
Another time
Another time
Another time
Another time
Another time
Another time
Another time
Another time
Another time
Another time
Another time
Another time
Another time
Another time
Another time
Another time
Another time
Another time
Another time
Another time
Another time
Another time
Another time
Another time
Another time
Another time
Another time
Another time
Another time
Another time
Another time
Another time
Another time
Another time
Another time
Another time
Another time
Another time
Another time
Another time
Another time
Another time
Another time
Another time
Another time
Another time
Another time
Another time
Another time
Another time
Another time
Another time
Another time
Another time
Another time
Another time
Another time
Another time
Another time
Another time
Another time
Another time
Another time
Another time
Another time
Another time
Another time
Another time
Another time
Another time
Another time
Another time
Another time
Another time
Another time
Another time
Another time
Another time
Another time
Another time
Another time
Another time
Another time
Another time
Another time
Another time
Another time
Another time
Another time
Another time
Another time
Another time
Another time
Another time
Another time
Another time
Another time
Another time
Another time
Another time
Another time
Another time
Another time
Another time
Another time
Another time
Another time
Another time
Another time
Another time
Another time
Another time
Another time
Another time
Another time
Another time
Another time
Another time
Another time
Another time
Another time
Another time
Another time
Another time
Another time
Another time
Another time
Another time
Another time
Another time
Another time
Another time
Another time
Another time
Another time
Another time
Another time
Another time
Another time
Another time
Another time
Another time
Another time
Another time
Another time
Another time
Another time
Another time
Another time
Another time
Another time
Another time
Another time
Another time
Another time
Another time
Another time
Another time
Another time
Another time
Another time
Another time
Another time
Another time
Another time
Another time
Another time
Another time
Another time
Another time
Another time
Another time
Another time
Another time
Another time
Another time
Another time
Another time
Another time
Another time
Another time
Another time
Another time
Another time
Another time
Another time
Another time
Another time
Another time
Another time
Another time
Another time
Another time
Another time
Another time
Another time
Another time
Another time
Another time
Another time
Another time
Another time
Another time
Another time
Another time
Another time
Another time
Another time
Another time
Another time
Another time
Another time
Another time
Another time
Another time
Another time
Another time
Another time
Another time
Another time
Another time
Another time
Another time
Another time
Another time
Another time
Another time
Another time
Another time
Another time
Another time
Another time
Another time
Another time
Another time
Another time
Another time
Another time
Another time
Another time
Another time
Another time
Another time
Another time
Another time
Another time
Another time
Another time
Another time
Another time
Another time
Another time
Another time
Another time
Another time
Another time
Another time
Another time
Another time
Another time
Another time
Another time
Another time
Another time
Another time
Another time
Another time
Another time
Another time
Another time
Another time
Another time
Another time
Another time
Another time
Another time
Another time
Another time
Another time
Another time
Another time
Another time
Another time
Another time
Another time
Another time
Another time
Another time
Another time
Another time
Another time
Another time
Another time
Another time
Another time
Another time
Another time
Another time
Another time
Another time
Another time
Another time
Another time
Another time
Another time
Another time
Another time
Another time
Another time
Another time
Another time
Another time
Another time
Another time
Another time
Another time
Another time
Another time
Another time
Another time
Another time
Another time
Another time
Another time
Another time
Another time
Another time
Another time
Another time
Another time
Another time
Another time
Another time
Another time
Another time
Another time
Another time
Another time
Another time
Another time
Another time
Another time
Another time
Another time
Another time
Another time
Another time
Another time
Another time
Another time
Another time
Another time
Another time
Another time
Another time
Another time
Another time
Another time
Another time
Another time
Another time
Another time
Another time
Another time
Another time
Another time
Another time
Another time
Another time
Another time
Another time
Another time
Another time
Another time
Another time
Another time
Another time
Another time
Another time
Another time
Another time
Another time
Another time
Another time
Another time
Another time
Another time
Another time
Another time
Another time
Another time
Another time
Another time
Another time
Another time
Another time
Another time
Another time
Another time
Another time
Another time
Another time
Another time
Another time
Another time
Another time
Another time
Another time
Another time
Another time
Another time
Another time
Another time
Another time
Another time
Another time
Another time
Another time
Another time
Another time
Another time
Another time
Another time
Another time
Another time
Another time
Another time
Another time
Another time
Another time
Another time
Another time
Another time
Another time
Another time
Another time
Another time
Another time
Another time
Another time
Another time
Another time
Another time
Another time
Another time
Another time
Another time
Another time
Another time
Another time
Another time
Another time
Another time
Another time
Another time
Another time
Another time
Another time
Another time
Another time
Another time
Another time
Another time
Another time
Another time
Another time
Another time
Another time
Another time
Another time
Another time
Another time
Another time
Another time
Another time
Another time
Another time
Another time
Another time
Another time
Another time
Another time
Another time
Another time
Another time
Another time
Another time
Another time
Another time
Another time
Another time
Another time
Another time
Another time
Another time
Another time
Another time
Another time
Another time
Another time
Another time
Another time
Another time
Another time
Another time
Another time
Another time
Another time
Another time
Another time
Another time
Another time
Another time
Another time
Another time
Another time
Another time
Another time
Another time
Another time
Another time
Another time
Another time
Another time
Another time
Another time
Another time
Another time
Another time
Another time
Another time
Another time
Another time
Another time
Another time
Another time
Another time
Another time
Another time
Another time
Another time
Another time
Another time
Another time
Another time
Another time
Another time
Another time
Another time
Another time
Another time
Another time
Another time
Another time
Another time
Another time
Another time
Another time
Another time
Another time
Another time
Another time
Another time
Another time
Another time
Another time
Another time
Another time
Another time
Another time
Another time
Another time
Another time
Another time
Another time
Another time
Another time
Another time
Another time
Another time
Another time
Another time
Another time
Another time
Another time
Another time
Another time
Another time
Another time
Another time
Another time
Another time
Another time
Another time
Another time
Another time
Another time
Another time
Another time
Another time
Another time
Another time
Another time
Another time
Another time
Another time
Another time
Another time
Another time
Another time
Another time
Another time
Another time
Another time
Another time
Another time
Another time
Another time
Another time
Another time
Another time
Another time
Another time
Another time
Another time
Another time
Another time
Another time
Another time
Another time
Another time
Another time
Another time
Another time
Another time
Another time
Another time
Another time
Another time
Another time
Another time
Another time
Another time
Another time
Another time
Another time
Another time
Another time
Another time
Another time
Another time
Another time
Another time
Another time
Another time
Another time
Another time
Another time
Another time
Another time
Another time
Another time
Another time
Another time
Another time
Another time
Another time
Another time
Another time
Another time
Another time
Another time
Another time
Another time
Another time
Another time
Another time
Another time
Another time
Another time
Another time
Another time
Another time
Another time
Another time
Another time
Another time
Another time
Another time
Another time
Another time
Another time
Another time
Another time
Another time
Another time
Another time
Another time
Another time
Another time
Another time
Another time
Another time
Another time
Another time
Another time
Another time
Another time
Another time
Another time
Another time
Another time
Another time
Another time
Another time
Another time
Another time
Another time
Another time
Another time
Another time
Another time
Another time
Another time
Another time
Another time
Another time
Another time
Another time
Another time
Another time
Another time
Another time
Another time
Another time
Another time
Another time
Another time
Another time
Another time
Another time
Another time
Another time
Another time
Another time
Another time
Another time
Another time
Another time
Another time
Another time
Another time
Another time
Another time
Another time
Another time
Another time
Another time
Another time
Another time
Another time
Another time
Another time
Another time
Another time
Another time
Another time
Another time
Another time
Another time
Another time
Another time
Another time
Another time
Another time
Another time
Another time
Another time
Another time
Another time
Another time
Another time
Another time
Another time
Another time
Another time
Another time
Another time
Another time
Another time
Another time
Another time
Another time
Another time
Another time
Another time
Another time
Another time
Another time
Another time
Another time
Another time
Another time
Another time
Another time
Another time
Another time
Another time
Another time
Another time
Another time
Another time
Another time
Another time
Another time
Another time
Another time
Another time
Another time
Another time
Another time
Another time
Another time
Another time
Another time
Another time
Another time
Another time
Another time
Another time
Another time
Another time
Another time
Another time
Another time
Another time
Another time
Another time
Another time
Another time
Another time
Another time
Another time
Another time
Another time
Another time
Another time
Another time
Another time
Another time
Another time
Another time
Another time
Another time
Another time
Another time
Another time
Another time
Another time
Another time
Another time
Another time
Another time
Another time
Another time
Another time
Another time
Another time
Another time
Another time
Another time
Another time
Another time
Another time
Another time
Another time
Another time
Another time
Another time
Another time
Another time
Another time
Another time
Another time
Another time
Another time
Another time
Another time
Another time
Another time
Another time
Another time
Another time
Another time
Another time
Another time
Another time
Another time
Another time
Another time
Another time
Another time
Another time
Another time
Another time
Another time
Another time
Another time
Another time
Another time
Another time
Another time
Another time
Another time
Another time
Another time
Another time
Another time
Another time
Another time
Another time
Another time
Another time
Another time
Another time
Another time
Another time
Another time
Another time
Another time
Another time
Another time
Another time
Another time
Another time
Another time
Another time
Another time
Another time
Another time
Another time
Another time
Another time
Another time
Another time
Another time
Another time
Another time
Another time
Another time
Another time
Another time
Another time
Another time
Another time
Another time
Another time
Another time
Another time
Another time
Another time
Another time
Another time
Another time
Another time
Another time
Another time
Another time
Another time
Another time
Another time
Another time
Another time
Another time
Another time
Another time
Another time
Another time
Another time
Another time
Another time
Another time
Another time
Another time
Another time
Another time
Another time
Another time
Another time
Another time
Another time
Another time
Another time
Another time
Another time
Another time
Another time
Another time
Another time
Another time
Another time
Another time
Another time
Another time
Another time
Another time
Another time
Another time
Another time
Another time
Another time
Another time
Another time
Another time
Another time
Another time
Another time
Another time
Another time
Another time
Another time
Another time
Another time
Another time
Another time
Another time
Another time
Another time
Another time
Another time
Another time
Another time
Another time
Another time
Another time
Another time
Another time
Another time
Another time
Another time
Another time
Another time
Another time
Another time
Another time
Another time
Another time
Another time
Another time
Another time
Another time
Another time
Another time
Another time
Another time
Another time
Another time
Another time
Another time
Another time
Another time
Another time
Another time
Another time
Another time
Another time
Another time
Another time
Another time
Another time
Another time
Another time
Another time
Another time
Another time
Another time
Another time
Another time
Another time
Another time
Another time
Another time
Another time
Another time
Another time
Another time
Another time
Another time
Another time
Another time
Another time
Another time
Another time
Another time
Another time
Another time
Another time
Another time
Another time
Another time
Another time
Another time
Another time
Another time
Another time
Another time
Another time
Another time
Another time
Another time
Another time
Another time
Another time
Another time
Another time
Another time
Another time
Another time
Another time
Another time
Another time
Another time
Another time
Another time
Another time
Another time
Another time
Another time
Another time
Another time
Another time
Another time
Another time
Another time
Another time
Another time
Another time
Another time
Another time
Another time
Another time
Another time
Another time
Another time
Another time
Another time
Another time
Another time
Another time
Another time
Another time
Another time
Another time
Another time
Another time
Another time
Another time
Another time
Another time
Another time
Another time
Another time
Another time
Another time
Another time
Another time
Another time
Another time
Another time
Another time
Another time
Another time
Another time
Another time
Another time
Another time
Another time
Another time
Another time
Another time
Another time
Another time
Another time
Another time
Another time
Another time
Another time
Another time
Another time
Another time
Another time
Another time
Another time
Another time
Another time
Another time
Another time
Another time
Another time
Another time
Another time
Another time
Another time
Another time
Another time
Another time
Another time
Another time
Another time
Another time
Another time
Another time
Another time
Another time
Another time
Another time
Another time
Another time
Another time
Another time
Another time
Another time
Another time
Another time
Another time
Another time
Another time
Another time
Another time
Another time
Another time
Another time
Another time
Another time
Another time
Another time
Another time
Another time
Another time
Another time
Another time
Another time
Another time
Another time
Another time
Another time
Another time
Another time
Another time
Another time
Another time
Another time
Another time
Another time
Another time
Another time
Another time
Another time
Another time
Another time
Another time
Another time
Another time
Another time
Another time
Another time
Another time
Another time
Another time
Another time
Another time
Another time
Another time
Another time
Another time
Another time
Another time
Another time
Another time
Another time
Another time
Another time
Another time
Another time
Another time
Another time
Another time
Another time
Another time
Another time
Another time
Another time
Another time
Another time
Another time
Another time
Another time
Another time
Another time
Another time
Another time
Another time
Another time
Another time
Another time
Another time
Another time
Another time
Another time
Another time
Another time
Another time
Another time
Another time
Another time
Another time
Another time
Another time
Another time
Another time
Another time
Another time
Another time
Another time
Another time
Another time
Another time
Another time
Another time
Another time
Another time
Another time
Another time
Another time
Another time
Another time
Another time
Another time
Another time
Another time
Another time
Another time
Another time
Another time
Another time
Another time
Another time
Another time
Another time
Another time
Another time
Another time
Another time
Another time
Another time
Another time
Another time
Another time
Another time
Another time
Another time
Another time
Another time
Another time
Another time
Another time
Another time
Another time
Another time
Another time
Another time
Another time
Another time
Another time
Another time
Another time
Another time
Another time
Another time
Another time
Another time
Another time
Another time
Another time
Another time
Another time
Another time
Another time
Another time
Another time
Another time
Another time
Another time
Another time
Another time
Another time
Another time
Another time
Another time
Another time
Another time
Another time
Another time
Another time
Another time
Another time
Another time
Another time
Another time
Another time
Another time
Another time
Another time
Another time
Another time
Another time
Another time
Another time
Another time
Another time
Another time
Another time
Another time
Another time
Another time
Another time
Another time
Another time
Another time
Another time
Another time
Another time
Another time
Another time
Another time
Another time
Another time
Another time
Another time
Another time
Another time
Another time
Another time
Another time
Another time
Another time
Another time
Another time
Another time
Another time
Another time
Another time
Another time
Another time
Another time
Another time
Another time
Another time
Another time
Another time
Another time
Another time
Another time
Another time
Another time
Another time
Another time
Another time
Another time
Another time
Another time
Another time
Another time
Another time
Another time
Another time
Another time
Another time
Another time
Another time
Another time
Another time
Another time
Another time
Another time
Another time
Another time
Another time
Another time
Another time
Another time
Another time
Another time
Another time
Another time
Another time
Another time
Another time
Another time
Another time
Another time
Another time
Another time
Another time
Another time
Another time
Another time
Another time
Another time
Another time
Another time
Another time
Another time
Another time
Another time
Another time
Another time
Another time
Another time
Another time
Another time
Another time
Another time
Another time
Another time
Another time
Another time
Another time
Another time
Another time
Another time
Another time
Another time
Another time
Another time
Another time
Another time
Another time
Another time
Another time
Another time
Another time
Another time
Another time
Another time
Another time
Another time
Another time
Another time
Another time
Another time
Another time
Another time
Another time
Another time
Another time
Another time
Another time
Another time
Another time
Another time
Another time
Another time
Another time
Another time
Another time
Another time
Another time
Another time
Another time
Another time
Another time
Another time
Another time
Another time
Another time
Another time
Another time
Another time
Another time
Another time
Another time
Another time
Another time
Another time
Another time
Another time
Another time
Another time
Another time
Another time
Another time
Another time
Another time
Another time
Another time
Another time
Another time
Another time
Another time
Another time
Another time
Another time
Another time
Another time
Another time
Another time
Another time
Another time
Another time
Another time
Another time
Another time
Another time
Another time
Another time
Another time
Another time
Another time
Another time
Another time
Another time
Another time
Another time
Another time
Another time
Another time
Another time
Another time
Another time
Another time
Another time
Another time
Another time
Another time
Another time
Another time
Another time
Another time
Another time
Another time
Another time
Another time
Another time
Another time
Another time
Another time
Another time
Another time
Another time
Another time
Another time
Another time
Another time
Another time
Another time
Another time
Another time
Another time
Another time
Another time
Another time
Another time
Another time
Another time
Another time
Another time
Another time
Another time
Another time
Another time
Another time
Another time
Another time
Another time
Another time
Another time
Another time
Another time
Another time
Another time
Another time
Another time
Another time
Another time
Another time
Another time
Another time
Another time
Another time
Another time
Another time
Another time
Another time
Another time
Another time
Another time
Another time
Another time
Another time
Another time
Another time
Another time
Another time
Another time
Another time
Another time
Another time
Another time
Another time
Another time
Another time
Another time
Another time
Another time
Another time
Another time
Another time
Another time
Another time
Another time
Another time
Another time
Another time
Another time
Another time
Another time
Another time
Another time
Another time
Another time
Another time
Another time
Another time
Another time
Another time
Another time
Another time
Another time
Another time
Another time
Another time
Another time
Another time
Another time
Another time
Another time
Another time
Another time
Another time
Another time
Another time
Another time
Another time
Another time
Another time
Another time
Another time
Another time
Another time
Another time
Another time
Another time
Another time
Another time
Another time
Another time
Another time
Another time
Another time
Another time
Another time
Another time
Another time
Another time
Another time
Another time
Another time
Another time
Another time
Another time
Another time
Another time
Another time
Another time
Another time
Another time
Another time
Another time
Another time
Another time
Another time
Another time
Another time
Another time
Another time
Another time
Another time
Another time
Another time
Another time
Another time
Another time
Another time
Another time
Another time
Another time
Another time
Another time
Another time
Another time
Another time
Another time
Another time
Another time
Another time
Another time
Another time
Another time
Another time
Another time
Another time
Another time
Another time
Another time
Another time
Another time
Another time
Another time
Another time
Another time
Another time
Another time
Another time
Another time
Another time
Another time
Another time
Another time
Another time
Another time
Another time
Another time
Another time
Another time
Another time
Another time
Another time
Another time
Another time
Another time
Another time
Another time
Another time
Another time
Another time
Another time
Another time
Another time
Another time
Another time
Another time
Another time
Another time
Another time
Another time
Another time
Another time
Another time
Another time
Another time
Another time
Another time
Another time
Another time
Another time
Another time
Another time
Another time
Another time
Another time
Another time
Another time
Another time
Another time
Another time
Another time
Another time
Another time
Another time
Another time
Another time
Another time
Another time
Another time
Another time
Another time
Another time
Another time
Another time
Another time
Another time
Another time
Another time
Another time
Another time
Another time
Another time
Another time
Another time
Another time
Another time
Another time
Another time
Another time
Another time
Another time
Another time
Another time
Another time
Another time
Another time
Another time
Another time
Another time
Another time
Another time
Another time
Another time
Another time
Another time
Another time
Another time
Another time
Another time
Another time
Another time
Another time
Another time
Another time
Another time
Another time
Another time
Another time
Another time
Another time
Another time
Another time
Another time
Another time
Another time
Another time
Another time
Another time
Another time
Another time
Another time
Another time
Another time
Another time
Another time
Another time
Another time
Another time
Another time
Another time
Another time
Another time
Another time
Another time
Another time
Another time
Another time
Another time
Another time
Another time
Another time
Another time
Another time
Another time
Another time
Another time
Another time
Another time
Another time
Another time
Another time
Another time
Another time
Another time
Another time
Another time
Another time
Another time
Another time
Another time
Another time
Another time
Another time
Another time
Another time
Another time
Another time
Another time
Another time
Another time
Another time
Another time
Another time
Another time
Another time
Another time
Another time
Another time
Another time
Another time
Another time
Another time
Another time
Another time
Another time
Another time
Another time
Another time
Another time
Another time
Another time
Another time
Another time
Another time
Another time
Another time
Another time
Another time
Another time
Another time
Another time
Another time
Another time
Another time
Another time
Another time
Another time
Another time
Another time
Another time
Another time
Another time
Another time
Another time
Another time
Another time
Another time
Another time
Another time
Another time
Another time
Another time
Another time
Another time
Another time
Another time
Another time
Another time
Another time
Another time
Another time
Another time
Another time
Another time
Another time
Another time
Another time
Another time
Another time
Another time
Another time
Another time
Another time
Another time
Another time
Another time
Another time
Another time
Another time
Another time
Another time
Another time
Another time
Another time
Another time
Another time
Another time
Another time
Another time
Another time
Another time
Another time
Another time
Another time
Another time
Another time
Another time
Another time
Another time
Another time
Another time
Another time
Another time
Another time
Another time
Another time
Another time
Another time
Another time
Another time
Another time
Another time
Another time
Another time
Another time
Another time
Another time
Another time
Another time
Another time
Another time
Another time
Another time
Another time
Another time
Another time
Another time
Another time
Another time
Another time
Another time
Another time
Another time
Another time
Another time
Another time
Another time
Another time
Another time
Another time
Another time
Another time
Another time
Another time
Another time
Another time
Another time
Another time
Another time
Another time
Another time
Another time
Another time
Another time
Another time
Another time
Another time
Another time
Another time
Another time
Another time
Another time
Another time
Another time
Another time
Another time
Another time
Another time
Another time
Another time
Another time
Another time
Another time
Another time
Another time
Another time
Another time
Another time
Another time
Another time
Another time
Another time
Another time
Another time
Another time
Another time
Another time
Another time
Another time
Another time
Another time
Another time
Another time
Another time
Another time
Another time
Another time
Another time
Another time
Another time
Another time
Another time
Another time
Another time
Another time
Another time
Another time
Another time
Another time
Another time
Another time
Another time
Another time
Another time
Another time
Another time
Another time
Another time
Another time
Another time
Another time
Another time
Another time
Another time
Another time
Another time
Another time
Another time
Another time
Another time
Another time
Another time
Another time
Another time
Another time
Another time
Another time
Another time
Another time
Another time
Another time
Another time
Another time
Another time
Another time
Another time
Another time
Another time
Another time
Another time
Another time
Another time
Another time
Another time
Another time
Another time
Another time
Another time
Another time
Another time
Another time
Another time
Another time
Another time
Another time
Another time
Another time
Another time
Another time
Another time
Another time
Another time
Another time
Another time
Another time
Another time
Another time
Another time
Another time
Another time
Another time
Another time
Another time
Another time
Another time
Another time
Another time
Another time
Another time
Another time
Another time
Another time
Another time
Another time
Another time
Another time
Another time
Another time
Another time
Another time
Another time
Another time
Another time
Another time
Another time
Another time
Another time
Another time
Another time
Another time
Another time
Another time
Another time
Another time
Another time
Another time
Another time
Another time
Another time
Another time
Another time
Another time
Another time
Another time
Another time
Another time
Another time
Another time
Another time
Another time
Another time
Another time
Another time
Another time
Another time
Another time
Another time
Another time
Another time
Another time
Another time
Another time
Another time
Another time
Another time
Another time
Another time
Another time
Another time
Another time
Another time
Another time
Another time
Another time
Another time
Another time
Another time
Another time
Another time
Another time
Another time
Another time
Another time
Another time
Another time
Another time
Another time
Another time
Another time
Another time
Another time
Another time
Another time
Another time
Another time
Another time
Another time
Another time
Another time
Another time
Another time
Another time
Another time
Another time
Another time
Another time
Another time
Another time
Another time
Another time
Another time
Another time
Another time
Another time
Another time
Another time
Another time
Another time
Another time
Another time
Another time
Another time
Another time
Another time
Another time
Another time
Another time
Another time
Another time
Another time
Another time
Another time
Another time
Another time
Another time
Another time
Another time
Another time
Another time
Another time
Another time
Another time
Another time
Another time
Another time
Another time
Another time
Another time
Another time
Another time
Another time
Another time
Another time
Another time
Another time
Another time
Another time
Another time
Another time
Another time
Another time
Another time
Another time
Another time
Another time
Another time
Another time
Another time
Another time
Another time
Another time
Another time
Another time
Another time
Another time
Another time
Another time
Another time
Another time
Another time
Another time
Another time
Another time
Another time
Another time
Another time
Another time
Another time
Another time
Another time
Another time
Another time
Another time
Another time
Another time
Another time
Another time
Another time
Another time
Another time
Another time
Another time
Another time
Another time
Another time
Another time
Another time
Another time
Another time
Another time
Another time
Another time
Another time
Another time
Another time
Another time
Another time
Another time
Another time
Another time
Another time
Another time
Another time
Another time
Another time
Another time
Another time
Another time
Another time
Another time
Another time
Another time
Another time
Another time
Another time
Another time
Another time
Another time
Another time
Another time
Another time
Another time
Another time
Another time
Another time
Another time
Another time
Another time
Another time
Another time
Another time
Another time
Another time
Another time
Another time
Another time
Another time
Another time
Another time
Another time
Another time
Another time
Another time
Another time
Another time
Another time
Another time
Another time
Another time
Another time
Another time
Another time
Another time
Another time
Another time
Another time
Another time
Another time
Another time
Another time
Another time
Another time
Another time
Another time
Another time
Another time
Another time
Another time
Another time
Another time
Another time
Another time
Another time
Another time
Another time
Another time
Another time
Another time
Another time
Another time
Another time
Another time
Another time
Another time
Another time
Another time
Another time
Another time
Another time
Another time
Another time
Another time
Another time
Another time
Another time
Another time
Another time
Another time
Another time
Another time
Another time
Another time
Another time
Another time
Another time
Another time
Another time
Another time
Another time
Another time
Another time
Another time
Another time
Another time
Another time
Another time
Another time
Another time
Another time
Another time
Another time
Another time
Another time
Another time
Another time
Another time
Another time
Another time
Another time
Another time
Another time
Another time
Another time
Another time
Another time
Another time
Another time
Another time
Another time
Another time
Another time
Another time
Another time
Another time
Another time
Another time
Another time
Another time
Another time
Another time
Another time
Another time
Another time
Another time
Another time
Another time
Another time
Another time
Another time
Another time
Another time
Another time
Another time
Another time
Another time
Another time
Another time
Another time
Another time
Another time
Another time
Another time
Another time
Another time
Another time
Another time
Another time
Another time
Another time
Another time
Another time
Another time
Another time
Another time
Another time
Another time
Another time
Another time
Another time
Another time
Another time
Another time
Another time
Another time
Another time
Another time
Another time
Another time
Another time
Another time
Another time
Another time
Another time
Another time
Another time
Another time
Another time
Another time
Another time
Another time
Another time
Another time
Another time
Another time
Another time
Another time
Another time
Another time
Another time
Another time
Another time
Another time
Another time
Another time
Another time
Another time
Another time
Another time
Another time
Another time
Another time
Another time
Another time
Another time
Another time
Another time
Another time
Another time
Another time
Another time
Another time
Another time
Another time
Another time
Another time
Another time
Another time
Another time
Another time
Another time
Another time
Another time
Another time
Another time
Another time
Another time
Another time
Another time
Another time
Another time
Another time
Another time
Another time
Another time
Another time
Another time
Another time
Another time
Another time
Another time
Another time
Another time
Another time
Another time
Another time
Another time
Another time
Another time
Another time
Another time
Another time
Another time
Another time
Another time
Another time
Another time
Another time
Another time
Another time
Another time
Another time
Another time
Another time
Another time
Another time
Another time
Another time
Another time
Another time
Another time
Another time
Another time
Another time
Another time
Another time
Another time
Another time
Another time
Another time
Another time
Another time
Another time
Another time
Another time
Another time
Another time
Another time
Another time
Another time
Another time
Another time
Another time
Another time
Another time
Another time
Another time
Another time
Another time
Another time
Another time
Another time
Another time
Another time
Another time
Another time
Another time
Another time
Another time
Another time
Another time
Another time
Another time
Another time
Another time
Another time
Another time
Another time
Another time
Another time
Another time
Another time
Another time
Another time
Another time
Another time
Another time
Another time
Another time
Another time
Another time
Another time
Another time
Another time
Another time
Another time
Another time
Another time
Another time
Another time
Another time
Another time
Another time
Another time
Another time
Another time
Another time
Another time
Another time
Another time
Another time
Another time
Another time
Another time
Another time
Another time
Another time
Another time
Another time
Another time
Another time
Another time
Another time
Another time
Another time
Another time
Another time
Another time
Another time
Another time
Another time
Another time
Another time
Another time
Another time
Another time
Another time
Another time
Another time
Another time
Another time
Another time
Another time
Another time
Another time
Another time
Another time
Another time
Another time
Another time
Another time
Another time
Another time
Another time
Another time
Another time
Another time
Another time
Another time
Another time
Another time
Another time
Another time
Another time
Another time
Another time
Another time
Another time
Another time
Another time
Another time
Another time
Another time
Another time
Another time
Another time
Another time
Another time
Another time
Another time
Another time
Another time
Another time
Another time
Another time
Another time
Another time
Another time
Another time
Another time
Another time
Another time
Another time
Another time
Another time
Another time
Another time
Another time
Another time
Another time
Another time
Another time
Another time
Another time
Another time
Another time
Another time
Another time
Another time
Another time
Another time
Another time
Another time
Another time
Another time
Another time
Another time
Another time
Another time
Another time
Another time
Another time
Another time
Another time
Another time
Another time
Another time
Another time
Another time
Another time
Another time
Another time
Another time
Another time
Another time
Another time
Another time
Another time
Another time
Another time
Another time
Another time
Another time
Another time
Another time
Another time
Another time
Another time
Another time
Another time
Another time
Another time
Another time
Another time
Another time
Another time
Another time
Another time
Another time
Another time
Another time
Another time
Another time
Another time
Another time
Another time
Another time
Another time
Another time
Another time
Another time
Another time
Another time
Another time
Another time
Another time
Another time
Another time
Another time
Another time
Another time
Another time
Another time
Another time
Another time
Another time
Another time
Another time
Another time
Another time
Another time
Another time
Another time
Another time
Another time
Another time
Another time
Another time
Another time
Another time
Another time
Another time
Another time
Another time
Another time
Another time
Another time
Another time
Another time
Another time
Another time
Another time
Another time
Another time
Another time
Another time
Another time
Another time
Another time
Another time
Another time
Another time
Another time
Another time
Another time
Another time
Another time
Another time
Another time
Another time
Another time
Another time
Another time
Another time
Another time
Another time
Another time
Another time
Another time
Another time
Another time
Another time
Another time
Another time
Another time
Another time
Another time
Another time
Another time
Another time
Another time
Another time
Another time
Another time
Another time
Another time
Another time
Another time
Another time
Another time
Another time
Another time
Another time
Another time
Another time
Another time
Another time
Another time
Another time
Another time
Another time
Another time
Another time
Another time
Another time
Another time
Another time
Another time
Another time
Another time
Another time
Another time
Another time
Another time
Another time
Another time
Another time
Another time
Another time
Another time
Another time
Another time
Another time
Another time
Another time
Another time
Another time
Another time
Another time
Another time
Another time
Another time
Another time
Another time
Another time
Another time
Another time
Another time
Another time
Another time
Another time
Another time
Another time
Another time
Another time
Another time
Another time
Another time
Another time
Another time
Another time
Another time
Another time
Another time
Another time
Another time
Another time
Another time
Another time
Another time
Another time
Another time
Another time
Another time
Another time
Another time
Another time
Another time
Another time
Another time
Another time
Another time
Another time
Another time
Another time
Another time
Another time
Another time
Another time
Another time
Another time
Another time
Another time
Another time
Another time
Another time
Another time
Another time
Another time
Another time
Another time
Another time
Another time
Another time
Another time
Another time
Another time
Another time
Another time
Another time
Another time
Another time
Another time
Another time
Another time
Another time
Another time
Another time
Another time
Another time
Another time
Another time
Another time
Another time
Another time
Another time
Another time
Another time
Another time
Another time
Another time
Another time
Another time
Another time
Another time
Another time
Another time
Another time
Another time
Another time
Another time
Another time
Another time
Another time
Another time
Another time
Another time
Another time
Another time
Another time
Another time
Another time
Another time
Another time
Another time
Another time
Another time
Another time
Another time
Another time
Another time
Another time
Another time
Another time
Another time
Another time
Another time
Another time
Another time
Another time
Another time
Another time
Another time
Another time
Another time
Another time
Another time
Another time
Another time
Another time
Another time
Another time
Another time
Another time
Another time
Another time
Another time
Another time
Another time
Another time
Another time
Another time
Another time
Another time
Another time
Another time
Another time
Another time
Another time
Another time
Another time
Another time
Another time
Another time
Another time
Another time
Another time
Another time
Another time
Another time
Another time
Another time
Another time
Another time
Another time
Another time
Another time
Another time
Another time
Another time
Another time
Another time
Another time
Another time
Another time
Another time
Another time
Another time
Another time
Another time
Another time
Another time
Another time
Another time
Another time
Another time
Another time
Another time
Another time
Another time
Another time
Another time
Another time
Another time
Another time
Another time
Another time
Another time
Another time
Another time
Another time
Another time
Another time
Another time
Another time
Another time
Another time
Another time
Another time
Another time
Another time
Another time
Another time
Another time
Another time
Another time
Another time
Another time
Another time
Another time
Another time
Another time
Another time
Another time
Another time
Another time
Another time
Another time
Another time
Another time
Another time
Another time
Another time
Another time
Another time
Another time
Another time
Another time
Another time
Another time
Another time
Another time
Another time
Another time
Another time
Another time
Another time
Another time
Another time
Another time
Another time
Another time
Another time
Another time
Another time
Another time
Another time
Another time
Another time
Another time
Another time
Another time
Another time
Another time
Another time
Another time
Another time
Another time
Another time
Another time
Another time
Another time
Another time
Another time
Another time
Another time
Another time
Another time
Another time
Another time
Another time
Another time
Another time
Another time
Another time
Another time
Another time
Another time
Another time
Another time
Another time
Another time
Another time
Another time
Another time
Another time
Another time
Another time
Another time
Another time
Another time
Another time
Another time
Another time
Another time
Another time
Another time
Another time
Another time
Another time
Another time
Another time
Another time
Another time
Another time
Another time
Another time
Another time
Another time
Another time
Another time
Another time
Another time
Another time
Another time
Another time
Another time
Another time
Another time
Another time
Another time
Another time
Another time
Another time
Another time
Another time
Another time
Another time
Another time
Another time
Another time
Another time
Another time
Another time
Another time
Another time
Another time
Another time
Another time
Another time
Another time
Another time
Another time
Another time
Another time
Another time
Another time
Another time
Another time
Another time
Another time
Another time
Another time
Another time
Another time
Another time
Another time
Another time
Another time
Another time
Another time
Another time
Another time
Another time
Another time
Another time
Another time
Another time
Another time
Another time
Another time
Another time
Another time
Another time
Another time
Another time
Another time
Another time
Another time
Another time
Another time
Another time
Another time
Another time
Another time
Another time
Another time
Another time
Another time
Another time
Another time
Another time
Another time
Another time
Another time
Another time
Another time
Another time
Another time
Another time
Another time
Another time
Another time
Another time
Another time
Another time
Another time
Another time
Another time
Another time
Another time
Another time
Another time
Another time
Another time
Another time
Another time
Another time
Another time
Another time
Another time
Another time
Another time
Another time
Another time
Another time
Another time
Another time
Another time
Another time
Another time
Another time
Another time
Another time
Another time
Another time
Another time
Another time
Another time
Another time
Another time
Another time
Another time
Another time
Another time
Another time
Another time
Another time
Another time
Another time
Another time
Another time
Another time
Another time
Another time
Another time
Another time
Another time
Another time
Another time
Another time
Another time
Another time
Another time
Another time
Another time
Another time
Another time
Another time
Another time
Another time
Another time
Another time
Another time
Another time
Another time
Another time
Another time
Another time
Another time
Another time
Another time
Another time
Another time
Another time
Another time
Another time
Another time
Another time
Another time
Another time
Another time
Another time
Another time
Another time
Another time
Another time
Another time
Another time
Another time
Another time
Another time
Another time
Another time
Another time
Another time
Another time
Another time
Another time
Another time
Another time
Another time
Another time
Another time
Another time
Another time
Another time
Another time
Another time
Another time
Another time
Another time
Another time
Another time
Another time
Another time
Another time
Another time
Another time
Another time
Another time
Another time
Another time
Another time
Another time
Another time
Another time
Another time
Another time
Another time
Another time
Another time
Another time
Another time
Another time
Another time
Another time
Another time
Another time
Another time
Another time
Another time
Another time
Another time
Another time
Another time
Another time
Another time
Another time
Another time
Another time
Another time
Another time
Another time
Another time
Another time
Another time
Another time
Another time
Another time
Another time
Another time
Another time
Another time
Another time
Another time
Another time
Another time
Another time
Another time
Another time
Another time
Another time
Another time
Another time
Another time
Another time
Another time
Another time
Another time
Another time
Another time
Another time
Another time
Another time
Another time
Another time
Another time
Another time
Another time
Another time
Another time
Another time
Another time
Another time
Another time
Another time
Another time
Another time
Another time
Another time
Another time
Another time
Another time
Another time
Another time
Another time
Another time
Another time
Another time
Another time
Another time
Another time
Another time
Another time
Another time
Another time
Another time
Another time
Another time
Another time
Another time
Another time
Another time
Another time
Another time
Another time
Another time
Another time
Another time
Another time
Another time
Another time
Another time
Another time
Another time
Another time
Another time
Another time
Another time
Another time
Another time
Another time
Another time
Another time
Another time
Another time
Another time
Another time
Another time
Another time
Another time
Another time
Another time
Another time
Another time
Another time
Another time
Another time
Another time
Another time
Another time
Another time
Another time
Another time
Another time
Another time
Another time
Another time
Another time
Another time
Another time
Another time
Another time
Another time
Another time
Another time
Another time
Another time
Another time
Another time
Another time
Another time
Another time
Another time
Another time
Another time
Another time
Another time
Another time
Another time
Another time
Another time
Another time
Another time
Another time
Another time
Another time
Another time
Another time
Another time
Another time
Another time
Another time
Another time
Another time
Another time
Another time
Another time
Another time
Another time
Another time
Another time
Another time
Another time
Another time
Another time
Another time
Another time
Another time
Another time
Another time
Another time
Another time
Another time
Another time
Another time
Another time
Another time
Another time
Another time
Another time
Another time
Another time
Another time
Another time
Another time
Another time
Another time
Another time
Another time
Another time
Another time
Another time
Another time
Another time
Another time
Another time
Another time
Another time
Another time
Another time
Another time
Another time
Another time
Another time
Another time
Another time
Another time
Another time
Another time
Another time
Another time
Another time
Another time
Another time
Another time
Another time
Another time
Another time
Another time
Another time
Another time
Another time
Another time
Another time
Another time
Another time
Another time
Another time
Another time
Another time
Another time
Another time
Another time
Another time
Another time
Another time
Another time
Another time
Another time
Another time
Another time
Another time
Another time
Another time
Another time
Another time
Another time
Another time
Another time
Another time
Another time
Another time
Another time
Another time
Another time
Another time
Another time
Another time
Another time
Another time
Another time
Another time
Another time
Another time
Another time
Another time
Another time
Another time
Another time
Another time
Another time
Another time
Another time
Another time
Another time
Another time
Another time
Another time
Another time
Another time
Another time
Another time
Another time
Another time
Another time
Another time
Another time
Another time
Another time
Another time
Another time
Another time
Another time
Another time
Another time
Another time
Another time
Another time
Another time
Another time
Another time
Another time
Another time
Another time
Another time
Another time
Another time
Another time
Another time
Another time
Another time
Another time
Another time
Another time
Another time
Another time
Another time
Another time
Another time
Another time
Another time
Another time
Another time
Another time
Another time
Another time
Another time
Another time
Another time
Another time
Another time
Another time
Another time
Another time
Another time
Another time
Another time
Another time
Another time
Another time
Another time
Another time
Another time
Another time
Another time
Another time
Another time
Another time
Another time
Another time
Another time
Another time
Another time
Another time
Another time
Another time
Another time
Another time
Another time
Another time
Another time
Another time
Another time
Another time
Another time
Another time
Another time
Another time
Another time
Another time
Another time
Another time
Another time
Another time
Another time
Another time
Another time
Another time
Another time
Another time
Another time
Another time
Another time
Another time
Another time
Another time
Another time
Another time
Another time
Another time
Another time
Another time
Another time
Another time
Another time
Another time
Another time
Another time
Another time
Another time
Another time
Another time
Another time
Another time
Another time
Another time
Another time
Another time
Another time
Another time
Another time
Another time
Another time
Another time
Another time
Another time
Another time
Another time
Another time
Another time
Another time
Another time
Another time
Another time
Another time
Another time
Another time
Another time
Another time
Another time
Another time
Another time
Another time
Another time
Another time
Another time
Another time
Another time
Another time
Another time
Another time
Another time
Another time
Another time
Another time
Another time
Another time
Another time
Another time
Another time
Another time
Another time
Another time
Another time
Another time
Another time
Another time
Another time
Another time
Another time
Another time
Another time
Another time
Another time
Another time
Another time
Another time
Another time
Another time
Another time
Another time
Another time
Another time
Another time
Another time
Another time
Another time
Another time
Another time
Another time
Another time
Another time
Another time
Another time
Another time
Another time
Another time
Another time
Another time
Another time
Another time
Another time
Another time
Another time
Another time
Another time
Another time
Another time
Another time
Another time
Another time
Another time
Another time
Another time
Another time
Another time
Another time
Another time
Another time
Another time
Another time
Another time
Another time
Another time
Another time
Another time
Another time
Another time
Another time
Another time
Another time
Another time
Another time
Another time
Another time
Another time
Another time
Another time
Another time
Another time
Another time
Another time
Another time
Another time
Another time
Another time
Another time
Another time
Another time
Another time
Another time
Another time
Another time
Another time
Another time
Another time
Another time
Another time
Another time
Another time
Another time
Another time
Another time
Another time
Another time
Another time
Another time
Another time
Another time
Another time
Another time
Another time
Another time
Another time
Another time
Another time
Another time
Another time
Another time
Another time
Another time
Another time
Another time
Another time
Another time
Another time
Another time
Another time
Another time
Another time
Another time
Another time
Another time
Another time
Another time
Another time
Another time
Another time
Another time
Another time
Another time
Another time
Another time
Another time
Another time
Another time
Another time
Another time
Another time
Another time
Another time
Another time
Another time
Another time
Another time
Another time
Another time
Another time
Another time
Another time
Another time
Another time
Another time
Another time
Another time
Another time
Another time
Another time
Another time
Another time
Another time
Another time
Another time
Another time
Another time
Another time
Another time
Another time
Another time
Another time
Another time
Another time
Another time
Another time
Another time
Another time
Another time
Another time
Another time
Another time
Another time
Another time
Another time
Another time
Another time
Another time
Another time
Another time
Another time
Another time
Another time
Another time
Another time
Another time
Another time
Another time
Another time
Another time
Another time
Another time
Another time
Another time
Another time
Another time
Another time
Another time
Another time
Another time
Another time
Another time
Another time
Another time
Another time
Another time
Another time
Another time
Another time
Another time
Another time
Another time
Another time
Another time
Another time
Another time
Another time
Another time
Another time
Another time
Another time
Another time
Another time
Another time
Another time
Another time
Another time
Another time
Another time
Another time
Another time
Another time
Another time
Another time
Another time
Another time
Another time
Another time
Another time
Another time
Another time
Another time
Another time
Another time
Another time
Another time
Another time
Another time
Another time
Another time
Another time
Another time
Another time
Another time
Another time
Another time
Another time
Another time
Another time
Another time
Another time
Another time
Another time
Another time
Another time
Another time
Another time
Another time
Another time
Another time
Another time
Another time
Another time
Another time
Another time
Another time
Another time
Another time
Another time
Another time
Another time
Another time
Another time
Another time
Another time
Another time
Another time
Another time
Another time
Another time
Another time
Another time
Another time
Another time
Another time
Another time
Another time
Another time
Another time
Another time
Another time
Another time
Another time
Another time
Another time
Another time
Another time
Another time
Another time
Another time
Another time
Another time
Another time
Another time
Another time
Another time
Another time
Another time
Another time
Another time
Another time
Another time
Another time
Another time
Another time
Another time
Another time
Another time
Another time
Another time
Another time
Another time
Another time
Another time
Another time
Another time
Another time
Another time
Another time
Another time
Another time
Another time
Another time
Another time
Another time
Another time
Another time
Another time
Another time
Another time
Another time
Another time
Another time
Another time
Another time
Another time
Another time
Another time
Another time
Another time
Another time
Another time
Another time
Another time
Another time
Another time
Another time
Another time
Another time
Another time
Another time
Another time
Another time
Another time
Another time
Another time
Another time
Another time
Another time
Another time
Another time
Another time
Another time
Another time
Another time
Another time
Another time
Another time
Another time
Another time
Another time
Another time
Another time
Another time
Another time
Another time
Another time
Another time
Another time
Another time
Another time
Another time
Another time
Another time
Another time
Another time
Another time
Another time
Another time
Another time
Another time
Another time
Another time
Another time
Another time
Another time
Another time
Another time
Another time
Another time
Another time
Another time
Another time
Another time
Another time
Another time
Another time
Another time
Another time
Another time
Another time
Another time
Another time
Another time
Another time
Another time
Another time
Another time
Another time
Another time
Another time
Another time
Another time
Another time
Another time
Another time
Another time
Another time
Another time
Another time
Another time
Another time
Another time
Another time
Another time
Another time
Another time
Another time
Another time
Another time
Another time
Another time
Another time
Another time
Another time
Another time
Another time
Another time
Another time
Another time
Another time
Another time
Another time
Another time
Another time
Another time
Another time
Another time
Another time
Another time
Another time
Another time
Another time
Another time
Another time
Another time
Another time
Another time
Another time
Another time
Another time
Another time
Another time
Another time
Another time
Another time
Another time
Another time
Another time
Another time
Another time
Another time
Another time
Another time
Another time
Another time
Another time
Another time
Another time
Another time
Another time
Another time
Another time
Another time
Another time
Another time
Another time
Another time
Another time
Another time
Another time
Another time
Another time
Another time
Another time
Another time
Another time
Another time
Another time
Another time
Another time
Another time
Another time
Another time
Another time
Another time
Another time
Another time
Another time
Another time
Another time
Another time
Another time
Another time
Another time
Another time
Another time
Another time
Another time
Another time
Another time
Another time
Another time
Another time
Another time
Another time
Another time
Another time
Another time
Another time
Another time
Another time
Another time
Another time
Another time
Another time
Another time
Another time
Another time
Another time
Another time
Another time
Another time
Another time
Another time
Another time
Another time
Another time
Another time
Another time
Another time
Another time
Another time
Another time
Another time
Another time
Another time
Another time
Another time
Another time
Another time
Another time
Another time
Another time
Another time
Another time
Another time
Another time
Another time
Another time
Another time
Another time
Another time
Another time
Another time
Another time
Another time
Another time
Another time
Another time
Another time
Another time
Another time
Another time
Another time
Another time
Another time
Another time
Another time
Another time
Another time
Another time
Another time
Another time
Another time
Another time
Another time
Another time
Another time
Another time
Another time
Another time
Another time
Another time
Another time
Another time
Another time
Another time
Another time
Another time
Another time
Another time
Another time
Another time
Another time
Another time
Another time
Another time
Another time
Another time
Another time
Another time
Another time
Another time
Another time
Another time
Another time
Another time
Another time
Another time
Another time
Another time
Another time
Another time
Another time
Another time
Another time
Another time
Another time
Another time
Another time
Another time
Another time
Another time
Another time
Another time
Another time
Another time
Another time
Another time
Another time
Another time
Another time
Another time
Another time
Another time
Another time
Another time
Another time
Another time
Another time
Another time
Another time
Another time
Another time
Another time
Another time
Another time
Another time
Another time
Another time
Another time
Another time
Another time
Another time
Another time
Another time
Another time
Another time
Another time
Another time
Another time
Another time
Another time
Another time
Another time
Another time
Another time
Another time
Another time
Another time
Another time
Another time
Another time
Another time
Another time
Another time
Another time
Another time
Another time
Another time
Another time
Another time
Another time
Another time
Another time
Another time
Another time
Another time
Another time
Another time
Another time
Another time
Another time
Another time
Another time
Another time
Another time
Another time
Another time
Another time
Another time
Another time
Another time
Another time
Another time
Another time
Another time
Another time
Another time
Another time
Another time
Another time
Another time
Another time
Another time
Another time
Another time
Another time
Another time
Another time
Another time
Another time
Another time
Another time
Another time
Another time
Another time
Another time
Another time
Another time
Another time
Another time
Another time
Another time
Another time
Another time
Another time
Another time
Another time
Another time
Another time
Another time
Another time
Another time
Another time
Another time
Another time
Another time
Another time
Another time
Another time
Another time
Another time
Another time
Another time
Another time
Another time
Another time
Another time
Another time
Another time
Another time
Another time
Another time
Another time
Another time
Another time
Another time
Another time
Another time
Another time
Another time
Another time
Another time
Another time
Another time
Another time
Another time
Another time
Another time
Another time
Another time
Another time
Another time
Another time
Another time
Another time
Another time
Another time
Another time
Another time
Another time
Another time
Another time
Another time
Another time
Another time
Another time
Another time
Another time
Another time
Another time
Another time
Another time
Another time
Another time
Another time
Another time
Another time
Another time
Another time
Another time
Another time
Another time
Another time
Another time
Another time
Another time
Another time
Another time
Another time
Another time
Another time
Another time
Another time
Another time
Another time
Another time
Another time
Another time
Another time
Another time
Another time
Another time
Another time
Another time
Another time
Another time
Another time
Another time
Another time
Another time
Another time
Another time
Another time
Another time
Another time
Another time
Another time
Another time
Another time
Another time
Another time
Another time
Another time
Another time
Another time
Another time
Another time
Another time
Another time
Another time
Another time
Another time
Another time
Another time
Another time
Another time
Another time
Another time
Another time
Another time
Another time
Another time
Another time
Another time
Another time
Another time
Another time
Another time
Another time
Another time
Another time
Another time
Another time
Another time
Another time
Another time
Another time
Another time
Another time
Another time
Another time
Another time
Another time
Another time
Another time
Another time
Another time
Another time
Another time
Another time
Another time
Another time
Another time
Another time
Another time
Another time
Another time
Another time
Another time
Another time
Another time
Another time
Another time
Another time
Another time
Another time
Another time
Another time
Another time
Another time
Another time
Another time
Another time
Another time
Another time
Another time
Another time
Another time
Another time
Another time
Another time
Another time
Another time
Another time
Another time
Another time
Another time
Another time
Another time
Another time
Another time
Another time
Another time
Another time
Another time
Another time
Another time
Another time
Another time
Another time
Another time
Another time
Another time
Another time
Another time
Another time
Another time
Another time
Another time
Another time
Another time
Another time
Another time
Another time
Another time
Another time
Another time
Another time
Another time
Another time
Another time
Another time
Another time
Another time
Another time
Another time
Another time
Another time
Another time
Another time
Another time
Another time
Another time
Another time
Another time
Another time
Another time
Another time
Another time
Another time
Another time
Another time
Another time
Another time
Another time
Another time
Another time
Another time
Another time
Another time
Another time
Another time
Another time
Another time
Another time
Another time
Another time
Another time
Another time
Another time
Another time
Another time
Another time
Another time
Another time
Another time
Another time
Another time
Another time
Another time
Another time
Another time
Another time
Another time
Another time
Another time
Another time
Another time
Another time
Another time
Another time
Another time
Another time
Another time
Another time
Another time
Another time
Another time
Another time
Another time
Another time
Another time
Another time
Another time
Another time
Another time
Another time
Another time
Another time
Another time
Another time
Another time
Another time
Another time
Another time
Another time
Another time
Another time
Another time
Another time
Another time
Another time
Another time
Another time
Another time
Another time
Another time
Another time
Another time
Another time
Another time
Another time
Another time
Another time
Another time
Another time
Another time
Another time
Another time
Another time
Another time
Another time
Another time
Another time
Another time
Another time
Another time
Another time
Another time
Another time
Another time
Another time
Another time
Another time
Another time
Another time
Another time
Another time
Another time
Another time
Another time
Another time
Another time
Another time
Another time
Another time
Another time
Another time
Another time
Another time
Another time
Another time
Another time
Another time
Another time
Another time
Another time
Another time
Another time
Another time
Another time
Another time
Another time
Another time
Another time
Another time
Another time
Another time
Another time
Another time
Another time
Another time
Another time
Another time
Another time
Another time
Another time
Another time
Another time
Another time
Another time
Another time
Another time
Another time
Another time
Another time
Another time
Another time
Another time
Another time
Another time
Another time
Another time
Another time
Another time
Another time
Another time
Another time
Another time
Another time
Another time
Another time
Another time
Another time
Another time
Another time
Another time
Another time
Another time
Another time
Another time
Another time
Another time
Another time
Another time
Another time
Another time
Another time
Another time
Another time
Another time
Another time
Another time
Another time
Another time
Another time
Another time
Another time
Another time
Another time
Another time
Another time
Another time
Another time
Another time
Another time
Another time
Another time
Another time
Another time
Another time
Another time
Another time
Another time
Another time
Another time
Another time
Another time
Another time
Another time
Another time
Another time
Another time
Another time
Another time
Another time
Another time
Another time
Another time
Another time
Another time
Another time
Another time
Another time
Another time
Another time
Another time
Another time
Another time
Another time
Another time
Another time
Another time
Another time
Another time
Another time
Another time
Another time
Another time
Another time
Another time
Another time
Another time
Another time
Another time
Another time
Another time
Another time
Another time
Another time
Another time
Another time
Another time
Another time
Another time
Another time
Another time
Another time
Another time
Another time
Another time
Another time
Another time
Another time
Another time
Another time
Another time
Another time
Another time
Another time
Another time
Another time
Another time
Another time
Another time
Another time
Another time
Another time
Another time
Another time
Another time
Another time
Another time
Another time
Another time
Another time
Another time
Another time
Another time
Another time
Another time
Another time
Another time
Another time
Another time
Another time
Another time
Another time
Another time
Another time
Another time
Another time
Another time
Another time
Another time
Another time
Another time
Another time
Another time
Another time
Another time
Another time
Another time
Another time
Another time
Another time
Another time
Another time
Another time
Another time
Another time
Another time
Another time
Another time
Another time
Another time
Another time
Another time
Another time
Another time
Another time
Another time
Another time
Another time
Another time
Another time
Another time
Another time
Another time
Another time
Another time
Another time
Another time
Another time
Another time
Another time
Another time
Another time
Another time
Another time
Another time
Another time
Another time
Another time
Another time
Another time
Another time
Another time
Another time
Another time
Another time
Another time
Another time
Another time
Another time
Another time
Another time
Another time
Another time
Another time
Another time
Another time
Another time
Another time
Another time
Another time
Another time
Another time
Another time
Another time
Another time
Another time
Another time
Another time
Another time
Another time
Another time
Another time
Another time
Another time
Another time
Another time
Another time
Another time
Another time
Another time
Another time
Another time
Another time
Another time
Another time
Another time
Another time
Another time
Another time
Another time
Another time
Another time
Another time
Another time
Another time
Another time
Another time
Another time
Another time
Another time
Another time
Another time
Another time
Another time
Another time
Another time
Another time
Another time
Another time
Another time
Another time
Another time
Another time
Another time
Another time
Another time
Another time
Another time
Another time
Another time
Another time
Another time
Another time
Another time
Another time
Another time
Another time
Another time
Another time
Another time
Another time
Another time
Another time
Another time
Another time
Another time
Another time
Another time
Another time
Another time
Another time
Another time
Another time
Another time
Another time
Another time
Another time
Another time
Another time
Another time
Another time
Another time
Another time
Another time
Another time
Another time
Another time
Another time
Another time
Another time
Another time
Another time
Another time
Another time
Another time
Another time
Another time
Another time
Another time
Another time
Another time
Another time
Another time
Another time
Another time
Another time
Another time
Another time
Another time
Another time
Another time
Another time
Another time
Another time
Another time
Another time
Another time
Another time
Another time
Another time
Another time
Another time
Another time
Another time
Another time
Another time
Another time
Another time
Another time
Another time
Another time
Another time
Another time
Another time
Another time
Another time
Another time
Another time
Another time
Another time
Another time
Another time
Another time
Another time
Another time
Another time
Another time
Another time
Another time
Another time
Another time
Another time
Another time
Another time
Another time
Another time
Another time
Another time
Another time
Another time
Another time
Another time
Another time
Another time
Another time
Another time
Another time
Another time
Another time
Another time
Another time
Another time
Another time
Another time
Another time
Another time
Another time
Another time
Another time
Another time
Another time
Another time
Another time
Another time
Another time
Another time
Another time
Another time
Another time
Another time
Another time
Another time
Another time
Another time
Another time
Another time
Another time
Another time
Another time
Another time
Another time
Another time
Another time
Another time
Another time
Another time
Another time
Another time
Another time
Another time
Another time
Another time
Another time
Another time
Another time
Another time
Another time
Another time
Another time
Another time
Another time
Another time
Another time
Another time
Another time
Another time
Another time
Another time
Another time
Another time
Another time
Another time
Another time
Another time
Another time
Another time
Another time
Another time
Another time
Another time
Another time
Another time
Another time
Another time
Another time
Another time
Another time
Another time
Another time
Another time
Another time
Another time
Another time
Another time
Another time
Another time
Another time
Another time
Another time
Another time
Another time
Another time
Another time
Another time
Another time
Another time
Another time
Another time
Another time
Another time
Another time
Another time
Another time
Another time
Another time
Another time
Another time
Another time
Another time
Another time
Another time
Another time
Another time
Another time
Another time
Another time
Another time
Another time
Another time
Another time
Another time
Another time
Another time
Another time
Another time
Another time
Another time
Another time
Another time
Another time
Another time
Another time
Another time
Another time
Another time
Another time
Another time
Another time
Another time
Another time
Another time
Another time
Another time
Another time
Another time
Another time
Another time
Another time
Another time
Another time
Another time
Another time
Another time
Another time
Another time
Another time
Another time
Another time
Another time
Another time
Another time
Another time
Another time
Another time
Another time
Another time
Another time
Another time
Another time
Another time
Another time
Another time
Another time
Another time
Another time
Another time
Another time
Another time
Another time
Another time
Another time
Another time
Another time
Another time
Another time
Another time
Another time
Another time
Another time
Another time
Another time
Another time
Another time
Another time
Another time
Another time
Another time
Another time
Another time
Another time
Another time
Another time
Another time
Another time
Another time
Another time
Another time
Another time
Another time
Another time
Another time
Another time
Another time
Another time
Another time
Another time
Another time
Another time
Another time
Another time
Another time
Another time
Another time
Another time
Another time
Another time
Another time
Another time
Another time
Another time
Another time
Another time
Another time
Another time
Another time
Another time
Another time
Another time
Another time
Another time
Another time
Another time
Another time
Another time
Another time
Another time
Another time
Another time
Another time
Another time
Another time
Another time
Another time
Another time
Another time
Another time
Another time
Another time
Another time
Another time
Another time
Another time
Another time
Another time
Another time
Another time
Another time
Another time
Another time
Another time
Another time
Another time
Another time
Another time
Another time
Another time
Another time
Another time
Another time
Another time
Another time
Another time
Another time
Another time
Another time
Another time
Another time
Another time
Another time
Another time
Another time
Another time
Another time
Another time
Another time
Another time
Another time
Another time
Another time
Another time
Another time
Another time
Another time
Another time
Another time
Another time
Another time
Another time
Another time
Another time
Another time
Another time
Another time
Another time
Another time
Another time
Another time
Another time
Another time
Another time
Another time
Another time
Another time
Another time
Another time
Another time
Another time
Another time
Another time
Another time
Another time
Another time
Another time
Another time
Another time
Another time
Another time
Another time
Another time
Another time
Another time
Another time
Another time
Another time
Another time
Another time
Another time
Another time
Another time
Another time
Another time
Another time
Another time
Another time
Another time
Another time
Another time
Another time
Another time
Another time
Another time
Another time
Another time
Another time
Another time
Another time
Another time
Another time
Another time
Another time
Another time
Another time
Another time
Another time
Another time
Another time
Another time
Another time
Another time
Another time
Another time
Another time
Another time
Another time
Another time
Another time
Another time
Another time
Another time
Another time
Another time
Another time
Another time
Another time
Another time
Another time
Another time
Another time
Another time
Another time
Another time
Another time
Another time
Another time
Another time
Another time
Another time
Another time
Another time
Another time
Another time
Another time
Another time
Another time
Another time
Another time
Another time
Another time
Another time
Another time
Another time
Another time
Another time
Another time
Another time
Another time
Another time
Another time
Another time
Another time
Another time
Another time
Another time
Another time
Another time
Another time
Another time
Another time
Another time
Another time
Another time
Another time
Another time
Another time
Another time
Another time
Another time
Another time
Another time
Another time
Another time
Another time
Another time
Another time
Another time
Another time
Another time
Another time
Another time
Another time
Another time
Another time
Another time
Another time
Another time
Another time
Another time
Another time
Another time
Another time
Another time
Another time
Another time
Another time
Another time
Another time
Another time
Another time
Another time
Another time
Another time
Another time
Another time
Another time
Another time
Another time
Another time
Another time
Another time
Another time
Another time
Another time
Another time
Another time
Another time
Another time
Another time
Another time
Another time
Another time
Another time
Another time
Another time
Another time
Another time
Another time
Another time
Another time
Another time
Another time
Another time
Another time
Another time
Another time
Another time
Another time
Another time
Another time
Another time
Another time
Another time
Another time
Another time
Another time
Another time
Another time
Another time
Another time
Another time
Another time
Another time
Another time
Another time
Another time
Another time
Another time
Another time
Another time
Another time
Another time
Another time
Another time
Another time
Another time
Another time
Another time
Another time
Another time
Another time
Another time
Another time
Another time
Another time
Another time
Another time
Another time
Another time
Another time
Another time
Another time
Another time
Another time
Another time
Another time
Another time
Another time
Another time
Another time
Another time
Another time
Another time
Another time
Another time
Another time
Another time
Another time
Another time
Another time
Another time
Another time
Another time
Another time
Another time
Another time
Another time
Another time
Another time
Another time
Another time
Another time
Another time
Another time
Another time
Another time
Another time
Another time
Another time
Another time
Another time
Another time
Another time
Another time
Another time
Another time
Another time
Another time
Another time
Another time
Another time
Another time
Another time
Another time
Another time
Another time
Another time
Another time
Another time
Another time
Another time
Another time
Another time
Another time
Another time
Another time
Another time
Another time
Another time
Another time
Another time
Another time
Another time
Another time
Another time
Another time
Another time
Another time
Another time
Another time
Another time
Another time
Another time
Another time
Another time
Another time
Another time
Another time
Another time
Another time
Another time
Another time
Another time
Another time
Another time
Another time
Another time
Another time
Another time
Another time
Another time
Another time
Another time
Another time
Another time
Another time
Another time
Another time
Another time
Another time
Another time
Another time
Another time
Another time
Another time
Another time
Another time
Another time
Another time
Another time
Another time
Another time
Another time
Another time
Another time
Another time
Another time
Another time
Another time
Another time
Another time
Another time
Another time
Another time
Another time
Another time
Another time
Another time
Another time
Another time
Another time
Another time
Another time
Another time
Another time
Another time
Another time
Another time
Another time
Another time
Another time
Another time
Another time
Another time
Another time
Another time
Another time
Another time
Another time
Another time
Another time
Another time
Another time
Another time
Another time
Another time
Another time
Another time
Another time
Another time
Another time
Another time
Another time
Another time
Another time
Another time
Another time
Another time
Another time
Another time
Another time
Another time
Another time
Another time
Another time
Another time
Another time
Another time
Another time
Another time
Another time
Another time
Another time
Another time
Another time
Another time
Another time
Another time
Another time
Another time
Another time
Another time
Another time
Another time
Another time
Another time
Another time
Another time
Another time
Another time
Another time
Another time
Another time
Another time
Another time
Another time
Another time
Another time
Another time
Another time
Another time
Another time
Another time
Another time
Another time
Another time
Another time
Another time
Another time
Another time
Another time
Another time
Another time
Another time
Another time
Another time
Another time
Another time
Another time
Another time
Another time
Another time
Another time
Another time
Another time
Another time
Another time
Another time
Another time
Another time
Another time
Another time
Another time
Another time
Another time
Another time
Another time
Another time
Another time
Another time
Another time
Another time
Another time
Another time
Another time
Another time
Another time
Another time
Another time
Another time
Another time
Another time
Another time
Another time
Another time
Another time
Another time
Another time
Another time
Another time
Another time
Another time
Another time
Another time
Another time
Another time
Another time
Another time
Another time
Another time
Another time
Another time
Another time
Another time
Another time
Another time
Another time
Another time
Another time
Another time
Another time
Another time
Another time
Another time
Another time
Another time
Another time
Another time
Another time
Another time
Another time
Another time
Another time
Another time
Another time
Another time
Another time
Another time
Another time
Another time
Another time
Another time
Another time
Another time
Another time
Another time
Another time
Another time
Another time
Another time
Another time
Another time
Another time
Another time
Another time
Another time
Another time
Another time
Another time
Another time
Another time
Another time
Another time
Another time
Another time
Another time
Another time
Another time
Another time
Another time
Another time
Another time
Another time
Another time
Another time
Another time
Another time
Another time
Another time
Another time
Another time
Another time
Another time
Another time
Another time
Another time
Another time
Another time
Another time
Another time
Another time
Another time
Another time
Another time
Another time
Another time
Another time
Another time
Another time
Another time
Another time
Another time
Another time
Another time
Another time
Another time
Another time
Another time
Another time
Another time
Another time
Another time
Another time
Another time
Another time
Another time
Another time
Another time
Another time
Another time
Another time
Another time
Another time
Another time
Another time
Another time
Another time
Another time
Another time
Another time
Another time
Another time
Another time
Another time
Another time
Another time
Another time
Another time
Another time
Another time
Another time
Another time
Another time
Another time
Another time
Another time
Another time
Another time
Another time
Another time
Another time
Another time
Another time
Another time
Another time
Another time
Another time
Another time
Another time
Another time
Another time
Another time
Another time
Another time
Another time
Another time
Another time
Another time
Another time
Another time
Another time
Another time
Another time
Another time
Another time
Another time
Another time
Another time
Another time
Another time
Another time
Another time
Another time
Another time
Another time
Another time
Another time
Another time
Another time
Another time
Another time
Another time
Another time
Another time
Another time
Another time
Another time
Another time
Another time
Another time
Another time
Another time
Another time
Another time
Another time
Another time
Another time
Another time
Another time
Another time
Another time
Another time
Another time
Another time
Another time
Another time
Another time
Another time
Another time
Another time
Another time
Another time
Another time
Another time
Another time
Another time
Another time
Another time
Another time
Another time
Another time
Another time
Another time
Another time
Another time
Another time
Another time
Another time
Another time
Another time
Another time
Another time
Another time
Another time
Another time
Another time
Another time
Another time
Another time
Another time
Another time
Another time
Another time
Another time
Another time
Another time
Another time
Another time
Another time
Another time
Another time
Another time
Another time
Another time
Another time
Another time
Another time
Another time
Another time
Another time
Another time
Another time
Another time
Another time
Another time
Another time
Another time
Another time
Another time
Another time
Another time
Another time
Another time
Another time
Another time
Another time
Another time
Another time
Another time
Another time
Another time
Another time
Another time
Another time
Another time
Another time
Another time
Another time
Another time
Another time
Another time
Another time
Another time
Another time
Another time
Another time
Another time
Another time
Another time
Another time
Another time
Another time
Another time
Another time
Another time
Another time
Another time
Another time
Another time
Another time
Another time
Another time
Another time
Another time
Another time
Another time
Another time
Another time
Another time
Another time
Another time
Another time
Another time
Another time
Another time
Another time
Another time
Another time
Another time
Another time
Another time
Another time
Another time
Another time
Another time
Another time
Another time
Another time
Another time
Another time
Another time
Another time
Another time
Another time
Another time
Another time
Another time
Another time
Another time
Another time
Another time
Another time
Another time
Another time
Another time
Another time
Another time
Another time
Another time
Another time
Another time
Another time
Another time
Another time
Another time
Another time
Another time
Another time
Another time
Another time
Another time
Another time
Another time
Another time
Another time
Another time
Another time
Another time
Another time
Another time
Another time
Another time
Another time
Another time
Another time
Another time
Another time
Another time
Another time
Another time
Another time
Another time
Another time
Another time
Another time
Another time
Another time
Another time
Another time
Another time
Another time
Another time
Another time
Another time
Another time
Another time
Another time
Another time
Another time
Another time
Another time
Another time
Another time
Another time
Another time
Another time
Another time
Another time
Another time
Another time
Another time
Another time
Another time
Another time
Another time
Another time
Another time
Another time
Another time
Another time
Another time
Another time
Another time
Another time
Another time
Another time
Another time
Another time
Another time
Another time
Another time
Another time
Another time
Another time
Another time
Another time
Another time
Another time
Another time
Another time
Another time
Another time
Another time
Another time
Another time
Another time
Another time
Another time
Another time
Another time
Another time
Another time
Another time
Another time
Another time
Another time
Another time
Another time
Another time
Another time
Another time
Another time
Another time
Another time
Another time
Another time
Another time
Another time
Another time
Another time
Another time
Another time
Another time
Another time
Another time
Another time
Another time
Another time
Another time
Another time
Another time
Another time
Another time
Another time
Another time
Another time
Another time
Another time
Another time
Another time
Another time
Another time
Another time
Another time
Another time
Another time
Another time
Another time
Another time
Another time
Another time
Another time
Another time
Another time
Another time
Another time
Another time
Another time
Another time
Another time
Another time
Another time
Another time
Another time
Another time
Another time
Another time
Another time
Another time
Another time
Another time
Another time
Another time
Another time
Another time
Another time
Another time
Another time
Another time
Another time
Another time
Another time
Another time
Another time
Another time
Another time
Another time
Another time
Another time
Another time
Another time
Another time
Another time
Another time
Another time
Another time
Another time
Another time
Another time
Another time
Another time
Another time
Another time
Another time
Another time
Another time
Another time
Another time
Another time
Another time
Another time
Another time
Another time
Another time
Another time
Another time
Another time
Another time
Another time
Another time
Another time
Another time
Another time
Another time
Another time
Another time
Another time
Another time
Another time
Another time
Another time
Another time
Another time
Another time
Another time
Another time
Another time
Another time
Another time
Another time
Another time
Another time
Another time
Another time
Another time
Another time
Another time
Another time
Another time
Another time
Another time
Another time
Another time
Another time
Another time
Another time
Another time
Another time
Another time
Another time
Another time
Another time
Another time
Another time
Another time
Another time
Another time
Another time
Another time
Another time
Another time
Another time
Another time
Another time
Another time
Another time
Another time
Another time
Another time
Another time
Another time
Another time
Another time
Another time
Another time
Another time
Another time
Another time
Another time
Another time
Another time
Another time
Another time
Another time
Another time
Another time
Another time
Another time
Another time
Another time
Another time
Another time
Another time
Another time
Another time
Another time
Another time
Another time
Another time
Another time
Another time
Another time
Another time
Another time
Another time
Another time
Another time
Another time
Another time
Another time
Another time
Another time
Another time
Another time
Another time
Another time
Another time
Another time
Another time
Another time
Another time
Another time
Another time
Another time
Another time
Another time
Another time
Another time
Another time
Another time
Another time
Another time
Another time
Another time
Another time
Another time
Another time
Another time
Another time
Another time
Another time
Another time
Another time
Another time
Another time
Another time
Another time
Another time
Another time
Another time
Another time
Another time
Another time
Another time
Another time
Another time
Another time
Another time
Another time
Another time
Another time
Another time
Another time
Another time
Another time
Another time
Another time
Another time
Another time
Another time
Another time
Another time
Another time
Another time
Another time
Another time
Another time
Another time
Another time
Another time
Another time
Another time
Another time
Another time
Another time
Another time
Another time
Another time
Another time
Another time
Another time
Another time
Another time
Another time
Another time
Another time
Another time
Another time
Another time
Another time
Another time
Another time
Another time
Another time
Another time
Another time
Another time
Another time
Another time
Another time
Another time
Another time
Another time
Another time
Another time
Another time
Another time
Another time
Another time
Another time
Another time
Another time
Another time
Another time
Another time
Another time
Another time
Another time
Another time
Another time
Another time
Another time
Another time
Another time
Another time
Another time
Another time
Another time
Another time
Another time
Another time
Another time
Another time
Another time
Another time
Another time
Another time
Another time
Another time
Another time
Another time
Another time
Another time
Another time
Another time
Another time
Another time
Another time
Another time
Another time
Another time
Another time
Another time
Another time
Another time
Another time
Another time
Another time
Another time
Another time
Another time
Another time
Another time
Another time
Another time
Another time
Another time
Another time
Another time
Another time
Another time
Another time
Another time
Another time
Another time
Another time
Another time
Another time
Another time
Another time
Another time
Another time
Another time
Another time
Another time
Another time
Another time
Another time
Another time
Another time
Another time
Another time
Another time
Another time
Another time
Another time
Another time
Another time
Another time
Another time
Another time
Another time
Another time
Another time
Another time
Another time
Another time
Another time
Another time
Another time
Another time
Another time
Another time
Another time
Another time
Another time
Another time
Another time
Another time
Another time
Another time
Another time
Another time
Another time
Another time
Another time
Another time
Another time
Another time
Another time
Another time
Another time
Another time
Another time
Another time
Another time
Another time
Another time
Another time
Another time
Another time
Another time
Another time
Another time
Another time
Another time
Another time
Another time
Another time
Another time
Another time
Another time
Another time
Another time
Another time
Another time
Another time
Another time
Another time
Another time
Another time
Another time
Another time
Another time
Another time
Another time
Another time
Another time
Another time
Another time
Another time
Another time
Another time
Another time
Another time
Another time
Another time
Another time
Another time
Another time
Another time
Another time
Another time
Another time
Another time
Another time
Another time
Another time
Another time
Another time
Another time
Another time
Another time
Another time
Another time
Another time
Another time
Another time
Another time
Another time
Another time
Another time
Another time
Another time
Another time
Another time
Another time
Another time
Another time
Another time
Another time
Another time
Another time
Another time
Another time
Another time
Another time
Another time
Another time
Another time
Another time
Another time
Another time
Another time
Another time
Another time
Another time
Another time
Another time
Another time
Another time
Another time
Another time
Another time
Another time
Another time
Another time
Another time
Another time
Another time
Another time
Another time
Another time
Another time
Another time
Another time
Another time
Another time
Another time
Another time
Another time
Another time
Another time
Another time
Another time
Another time
Another time
Another time
Another time
Another time
Another time
Another time
Another time
Another time
Another time
Another time
Another time
Another time
Another time
Another time
Another time
Another time
Another time
Another time
Another time
Another time
Another time
Another time
Another time
Another time
Another time
Another time
Another time
Another time
Another time
Another time
Another time
Another time
Another time
Another time
Another time
Another time
Another time
Another time
Another time
Another time
Another time
Another time
Another time
Another time
Another time
Another time
Another time
Another time
Another time
Another time
Another time
Another time
Another time
Another time
Another time
Another time
Another time
Another time
Another time
Another time
Another time
Another time
Another time
Another time
Another time
Another time
Another time
Another time
Another time
Another time
Another time
Another time
Another time
Another time
Another time
Another time
Another time
Another time
Another time
Another time
Another time
Another time
Another time
Another time
Another time
Another time
Another time
Another time
Another time
Another time
Another time
Another time
Another time
Another time
Another time
Another time
Another time
Another time
Another time
Another time
Another time
Another time
Another time
Another time
Another time
Another time
Another time
Another time
Another time
Another time
Another time
Another time
Another time
Another time
Another time
Another time
Another time
Another time
Another time
Another time
Another time
Another time
Another time
Another time
Another time
Another time
Another time
Another time
Another time
Another time
Another time
Another time
Another time
Another time
Another time
Another time
Another time
Another time
Another time
Another time
Another time
Another time
Another time
Another time
Another time
Another time
Another time
Another time
Another time
Another time
Another time
Another time
Another time
Another time
Another time
Another time
Another time
Another time
Another time
Another time
Another time
Another time
Another time
Another time
Another time
Another time
Another time
Another time
Another time
Another time
Another time
Another time
Another time
Another time
Another time
Another time
Another time
Another time
Another time
Another time
Another time
Another time
Another time
Another time
Another time
Another time
Another time
Another time
Another time
Another time
Another time
Another time
Another time
Another time
Another time
Another time
Another time
Another time
Another time
Another time
Another time
Another time
Another time
Another time
Another time
Another time
Another time
Another time
Another time
Another time
Another time
Another time
Another time
Another time
Another time
Another time
Another time
Another time
Another time
Another time
Another time
Another time
Another time
Another time
Another time
Another time
Another time
Another time
Another time
Another time
Another time
Another time
Another time
Another time
Another time
Another time
Another time
Another time
Another time
Another time
Another time
Another time
Another time
Another time
Another time
Another time
Another time
Another time
Another time
Another time
Another time
Another time
Another time
Another time
Another time
Another time
Another time
Another time
Another time
Another time
Another time
Another time
Another time
Another time
Another time
Another time
Another time
Another time
Another time
Another time
Another time
Another time
Another time
Another time
Another time
Another time
Another time
Another time
Another time
Another time
Another time
Another time
Another time
Another time
Another time
Another time
Another time
Another time
Another time
Another time
Another time
Another time
Another time
Another time
Another time
Another time
Another time
Another time
Another time
Another time
Another time
Another time
Another time
Another time
Another time
Another time
Another time
Another time
Another time
Another time
Another time
Another time
Another time
Another time
Another time
Another time
Another time
Another time
Another time
Another time
Another time
Another time
Another time
Another time
Another time
Another time
Another time
Another time
Another time
Another time
Another time
Another time
Another time
Another time
Another time
Another time
Another time
Another time
Another time
Another time
Another time
Another time
Another time
Another time
Another time
Another time
Another time
Another time
Another time
Another time
Another time
Another time
Another time
Another time
Another time
Another time
Another time
Another time
Another time
Another time
Another time
Another time
Another time
Another time
Another time
Another time
Another time
Another time
Another time
Another time
Another time
Another time
Another time
Another time
Another time
Another time
Another time
Another time
Another time
Another time
Another time
Another time
Another time
Another time
Another time
Another time
Another time
Another time
Another time
Another time
Another time
Another time
Another time
Another time
Another time
Another time
Another time
Another time
Another time
Another time
Another time
Another time
Another time
Another time
Another time
Another time
Another time
Another time
Another time
Another time
Another time
Another time
Another time
Another time
Another time
Another time
Another time
Another time
Another time
Another time
Another time
Another time
Another time
Another time
Another time
Another time
Another time
Another time
Another time
Another time
Another time
Another time
Another time
Another time
Another time
Another time
Another time
Another time
Another time
Another time
Another time
Another time
Another time
Another time
Another time
Another time
Another time
Another time
Another time
Another time
Another time
Another time
Another time
Another time
Another time
Another time
Another time
Another time
Another time
Another time
Another time
Another time
Another time
Another time
Another time
Another time
Another time
Another time
Another time
Another time
Another time
Another time
Another time
Another time
Another time
Another time
Another time
Another time
Another time
Another time
Another time
Another time
Another time
Another time
Another time
Another time
Another time
Another time
Another time
Another time
Another time
Another time
Another time
Another time
Another time
Another time
Another time
Another time
Another time
Another time
Another time
Another time
Another time
Another time
Another time
Another time
Another time
Another time
Another time
Another time
Another time
Another time
Another time
Another time
Another time
Another time
Another time
Another time
Another time
Another time
Another time
Another time
Another time
Another time
Another time
Another time
Another time
Another time
Another time
Another time
Another time
Another time
Another time
Another time
Another time
Another time
Another time
Another time
Another time
Another time
Another time
Another time
Another time
Another time
Another time
Another time
Another time
Another time
Another time
Another time
Another time
Another time
Another time
Another time
Another time
Another time
Another time
Another time
Another time
Another time
Another time
Another time
Another time
Another time
Another time
Another time
Another time
Another time
Another time
Another time
Another time
Another time
Another time
Another time
Another time
Another time
Another time
Another time
Another time
Another time
Another time
Another time
Another time
Another time
Another time
Another time
Another time
Another time
Another time
Another time
Another time
Another time
Another time
Another time
Another time
Another time
Another time
Another time
Another time
Another time
Another time
Another time
Another time
Another time
Another time
Another time
Another time
Another time
Another time
Another time
Another time
Another time
Another time
Another time
Another time
Another time
Another time
Another time
Another time
Another time
Another time
Another time
Another time
Another time
Another time
Another time
Another time
Another time
Another time
Another time
Another time
Another time
Another time
Another time
Another time
Another time
Another time
Another time
Another time
Another time
Another time
Another time
Another time
Another time
Another time
Another time
Another time
Another time
Another time
Another time
Another time
Another time
Another time
Another time
Another time
Another time
Another time
Another time
Another time
Another time
Another time
Another time
Another time
Another time
Another time
Another time
Another time
Another time
Another time
Another time
Another time
Another time
Another time
Another time
Another time
Another time
Another time
Another time
Another time
Another time
Another time
Another time
Another time
Another time
Another time
Another time
Another time
Another time
Another time
Another time
Another time
Another time
Another time
Another time
Another time
Another time
Another time
Another time
Another time
Another time
Another time
Another time
Another time
Another time
Another time
Another time
Another time
Another time
Another time
Another time
Another time
Another time
Another time
Another time
Another time
Another time
Another time
Another time
Another time
Another time
Another time
Another time
Another time
Another time
Another time
Another time
Another time
Another time
Another time
Another time
Another time
Another time
Another time
Another time
Another time
Another time
Another time
Another time
Another time
Another time
Another time
Another time
Another time
Another time
Another time
Another time
Another time
Another time
Another time
Another time
Another time
Another time
Another time
Another time
Another time
Another time
Another time
Another time
Another time
Another time
Another time
Another time
Another time
Another time
Another time
Another time
Another time
Another time
Another time
Another time
Another time
Another time
Another time
Another time
Another time
Another time
Another time
Another time
Another time
Another time
Another time
Another time
Another time
Another time
Another time
Another time
Another time
Another time
Another time
Another time
Another time
Another time
Another time
Another time
Another time
Another time
Another time
Another time
Another time
Another time
Another time
Another time
Another time
Another time
Another time
Another time
Another time
Another time
Another time
Another time
Another time
Another time
Another time
Another time
Another time
Another time
Another time
Another time
Another time
Another time
Another time
Another time
Another time
Another time
Another time
Another time
Another time
Another time
Another time
Another time
Another time
Another time
Another time
Another time
Another time
Another time
Another time
Another time
Another time
Another time
Another time
Another time
Another time
Another time
Another time
Another time
Another time
Another time
Another time
Another time
Another time
Another time
Another time
Another time
Another time
Another time
Another time
Another time
Another time
Another time
Another time
Another time
Another time
Another time
Another time
Another time
Another time
Another time
Another time
Another time
Another time
Another time
Another time
Another time
Another time
Another time
Another time
Another time
Another time
Another time
Another time
Another time
Another time
Another time
Another time
Another time
Another time
Another time
Another time
Another time
Another time
Another time
Another time
Another time
Another time
Another time
Another time
Another time
Another time
Another time
Another time
Another time
Another time
Another time
Another time
Another time
Another time
Another time
Another time
Another time
Another time
Another time
Another time
Another time
Another time
Another time
Another time
Another time
Another time
Another time
Another time
Another time
Another time
Another time
Another time
Another time
Another time
Another time
Another time
Another time
Another time
Another time
Another time
Another time
Another time
Another time
Another time
Another time
Another time
Another time
Another time
Another time
Another time
Another time
Another time
Another time
Another time
Another time
Another time
Another time
Another time
Another time
Another time
Another time
Another time
Another time
Another time
Another time
Another time
Another time
Another time
Another time
Another time
Another time
Another time
Another time
Another time
Another time
Another time
Another time
Another time
Another time
Another time
Another time
Another time
Another time
Another time
Another time
Another time
Another time
Another time
Another time
Another time
Another time
Another time
Another time
Another time
Another time
Another time
Another time
Another time
Another time
Another time
Another time
Another time
Another time
Another time
Another time
Another time
Another time
Another time
Another time
Another time
Another time
Another time
Another time
Another time
Another time
Another time
Another time
Another time
Another time
Another time
Another time
Another time
Another time
Another time
Another time
Another time
Another time
Another time
Another time
Another time
Another time
Another time
Another time
Another time
Another time
Another time
Another time
Another time
Another time
Another time
Another time
Another time
Another time
Another time
Another time
Another time
Another time
Another time
Another time
Another time
Another time
Another time
Another time
Another time
Another time
Another time
Another time
Another time
Another time
Another time
Another time
Another time
Another time
Another time
Another time
Another time
Another time
Another time
Another time
Another time
Another time
Another time
Another time
Another time
Another time
Another time
Another time
Another time
Another time
Another time
Another time
Another time
Another time
Another time
Another time
Another time
Another time
Another time
Another time
Another time
Another time
Another time
Another time
Another time
Another time
Another time
Another time
Another time
Another time
Another time
Another time
Another time
Another time
Another time
Another time
Another time
Another time
Another time
Another time
Another time
Another time
Another time
Another time
Another time
Another time
Another time
Another time
Another time
Another time
Another time
Another time
Another time
Another time
Another time
Another time
Another time
Another time
Another time
Another time
Another time
Another time
Another time
Another time
Another time
Another time
Another time
Another time
Another time
Another time
Another time
Another time
Another time
Another time
Another time
Another time
Another time
Another time
Another time
Another time
Another time
Another time
Another time
Another time
Another time
Another time
Another time
Another time
Another time
Another time
Another time
Another time
Another time
Another time
Another time
Another time
Another time
Another time
Another time
Another time
Another time
Another time
Another time
Another time
Another time
Another time
Another time
Another time
Another time
Another time
Another time
Another time
Another time
Another time
Another time
Another time
Another time
Another time
Another time
Another time
Another time
Another time
Another time
Another time
Another time
Another time
Another time
Another time
Another time
Another time
Another time
Another time
Another time
Another time
Another time
Another time
Another time
Another time
Another time
Another time
Another time
Another time
Another time
Another time
Another time
Another time
Another time
Another time
Another time
Another time
Another time
Another time
Another time
Another time
Another time
Another time
Another time
Another time
Another time
Another time
Another time
Another time
Another time
Another time
Another time
Another time
Another time
Another time
Another time
Another time
Another time
Another time
Another time
Another time
Another time
Another time
Another time
Another time
Another time
Another time
Another time
Another time
Another time
Another time
Another time
Another time
Another time
Another time
Another time
Another time
Another time
Another time
Another time
Another time
Another time
Another time
Another time
Another time
Another time
Another time
Another time
Another time
Another time
Another time
Another time
Another time
Another time
Another time
Another time
Another time
Another time
Another time
Another time
Another time
Another time
Another time
Another time
Another time
Another time
Another time
Another time
Another time
Another time
Another time
Another time
Another time
Another time
Another time
Another time
Another time
Another time
Another time
Another time
Another time
Another time
Another time
Another time
Another time
Another time
Another time
Another time
Another time
Another time
Another time
Another time
Another time
Another time
Another time
Another time
Another time
Another time
Another time
Another time
Another time
Another time
Another time
Another time
Another time
Another time
Another time
Another time
Another time
Another time
Another time
Another time
Another time
Another time
Another time
Another time
Another time
Another time
Another time
Another time
Another time
Another time
Another time
Another time
Another time
Another time
Another time
Another time
Another time
Another time
Another time
Another time
Another time
Another time
Another time
Another time
Another time
Another time
Another time
Another time
Another time
Another time
Another time
Another time
Another time
Another time
Another time
Another time
Another time
Another time
Another time
Another time
Another time
Another time
Another time
Another time
Another time
Another time
Another time
Another time
Another time
Another time
Another time
Another time
Another time
Another time
Another time
Another time
Another time
Another time
Another time
Another time
Another time
Another time
Another time
Another time
Another time
Another time
Another time
Another time
Another time
Another time
Another time
Another time
Another time
Another time
Another time
Another time
Another time
Another time
Another time
Another time
Another time
Another time
Another time
Another time
Another time
Another time
Another time
Another time
Another time
Another time
Another time
Another time
Another time
Another time
Another time
Another time
Another time
Another time
Another time
Another time
Another time
Another time
Another time
Another time
Another time
Another time
Another time
Another time
Another time
Another time
Another time
Another time
Another time
Another time
Another time
Another time
Another time
Another time
Another time
Another time
Another time
Another time
Another time
Another time
Another time
Another time
Another time
Another time
Another time
Another time
Another time
Another time
Another time
Another time
Another time
Another time
Another time
Another time
Another time
Another time
Another time
Another time
Another time
Another time
Another time
Another time
Another time
Another time
Another time
Another time
Another time
Another time
Another time
Another time
Another time
Another time
Another time
Another time
Another time
Another time
Another time
Another time
Another time
Another time
Another time
Another time
Another time
Another time
Another time
Another time
Another time
Another time
Another time
Another time
Another time
Another time
Another time
Another time
Another time
Another time
Another time
Another time
Another time
Another time
Another time
Another time
Another time
Another time
Another time
Another time
Another time
Another time
Another time
Another time
Another time
Another time
Another time
Another time
Another time
Another time
Another time
Another time
Another time
Another time
Another time
Another time
Another time
Another time
Another time
Another time
Another time
Another time
Another time
Another time
Another time
Another time
Another time
Another time
Another time
Another time
Another time
Another time
Another time
Another time
Another time
Another time
Another time
Another time
Another time
Another time
Another time
Another time
Another time
Another time
Another time
Another time
Another time
Another time
Another time
Another time
Another time
Another time
Another time
Another time
Another time
Another time
Another time
Another time
Another time
Another time
Another time
Another time
Another time
Another time
Another time
Another time
Another time
Another time
Another time
Another time
Another time
Another time
Another time
Another time
Another time
Another time
Another time
Another time
Another time
Another time
Another time
Another time
Another time
Another time
Another time
Another time
Another time
Another time
Another time
Another time
Another time
Another time
Another time
Another time
Another time
Another time
Another time
Another time
Another time
Another time
Another time
Another time
Another time
Another time
Another time
Another time
Another time
Another time
Another time
Another time
Another time
Another time
Another time
Another time
Another time
Another time
Another time
Another time
Another time
Another time
Another time
Another time
Another time
Another time
Another time
Another time
Another time
Another time
Another time
Another time
Another time
Another time
Another time
Another time
Another time
Another time
Another time
Another time
Another time
Another time
Another time
Another time
Another time
Another time
Another time
Another time
Another time
Another time
Another time
Another time
Another time
Another time
Another time
Another time
Another time
Another time
Another time
Another time
Another time
Another time
Another time
Another time
Another time
Another time
Another time
Another time
Another time
Another time
Another time
Another time
Another time
Another time
Another time
Another time
Another time
Another time
Another time
Another time
Another time
Another time
Another time
Another time
Another time
Another time
Another time
Another time
Another time
Another time
Another time
Another time
Another time
Another time
Another time
Another time
Another time
Another time
Another time
Another time
Another time
Another time
Another time
Another time
Another time
Another time
Another time
Another time
Another time
Another time
Another time
Another time
Another time
Another time
Another time
Another time
Another time
Another time
Another time
Another time
Another time
Another time
Another time
Another time
Another time
Another time
Another time
Another time
Another time
Another time
Another time
Another time
Another time
Another time
Another time
Another time
Another time
Another time
Another time
Another time
Another time
Another time
Another time
Another time
Another time
Another time
Another time
Another time
Another time
Another time
Another time
Another time
Another time
Another time
Another time
Another time
Another time
Another time
Another time
Another time
Another time
Another time
Another time
Another time
Another time
Another time
Another time
Another time
Another time
Another time
Another time
Another time
Another time
Another time
Another time
Another time
Another time
Another time
Another time
Another time
Another time
Another time
Another time
Another time
Another time
Another time
Another time
Another time
Another time
Another time
Another time
Another time
Another time
Another time
Another time
Another time
Another time
Another time
Another time
Another time
Another time
Another time
Another time
Another time
Another time
Another time
Another time
Another time
Another time
Another time
Another time
Another time
Another time
Another time
Another time
Another time
Another time
Another time
Another time
Another time
Another time
Another time
Another time
Another time
Another time
Another time
Another time
Another time
Another time
Another time
Another time
Another time
Another time
Another time
Another time
Another time
Another time
Another time
Another time
Another time
Another time
Another time
Another time
Another time
Another time
Another time
Another time
Another time
Another time
Another time
Another time
Another time
Another time
Another time
Another time
Another time
Another time
Another time
Another time
Another time
Another time
Another time
Another time
Another time
Another time
Another time
Another time
Another time
Another time
Another time
Another time
Another time
Another time
Another time
Another time
Another time
Another time
Another time
Another time
Another time
Another time
Another time
Another time
Another time
Another time
Another time
Another time
Another time
Another time
Another time
Another time
Another time
Another time
Another time
Another time
Another time
Another time
Another time
Another time
Another time
Another time
Another time
Another time
Another time
Another time
Another time
Another time
Another time
Another time
Another time
Another time
Another time
Another time
Another time
Another time
Another time
Another time
Another time
Another time
Another time
Another time
Another time
Another time
Another time
Another time
Another time
Another time
Another time
Another time
Another time
Another time
Another time
Another time
Another time
Another time
Another time
Another time
Another time
Another time
Another time
Another time
Another time
Another time
Another time
Another time
Another time
Another time
Another time
Another time
Another time
Another time
Another time
Another time
Another time
Another time
Another time
Another time
Another time
Another time
Another time
Another time
Another time
Another time
Another time
Another time
Another time
Another time
Another time
Another time
Another time
Another time
Another time
Another time
Another time
Another time
Another time
Another time
Another time
Another time
Another time
Another time
Another time
Another time
Another time
Another time
Another time
Another time
Another time
Another time
Another time
Another time
Another time
Another time
Another time
Another time
Another time
Another time
Another time
Another time
Another time
Another time
Another time
Another time
Another time
Another time
Another time
Another time
Another time
Another time
Another time
Another time
Another time
Another time
Another time
Another time
Another time
Another time
Another time
Another time
Another time
Another time
Another time
Another time
Another time
Another time
Another time
Another time
Another time
Another time
Another time
Another time
Another time
Another time
Another time
Another time
Another time
Another time
Another time
Another time
Another time
Another time
Another time
Another time
Another time
Another time
Another time
Another time
Another time
Another time
Another time
Another time
Another time
Another time
Another time
Another time
Another time
Another time
Another time
Another time
Another time
Another time
Another time
Another time
Another time
Another time
Another time
Another time
Another time
Another time
Another time
Another time
Another time
Another time
Another time
Another time
Another time
Another time
Another time
Another time
Another time
Another time
Another time
Another time
Another time
Another time
Another time
Another time
Another time
Another time
Another time
Another time
Another time
Another time
Another time
Another time
Another time
Another time
Another time
Another time
Another time
Another time
Another time
Another time
Another time
Another time
Another time
Another time
Another time
Another time
Another time
Another time
Another time
Another time
Another time
Another time
Another time
Another time
Another time
Another time
Another time
Another time
Another time
Another time
Another time
Another time
Another time
Another time
Another time
Another time
Another time
Another time
Another time
Another time
Another time
Another time
Another time
Another time
Another time
Another time
Another time
Another time
Another time
Another time
Another time
Another time
Another time
Another time
Another time
Another time
Another time
Another time
Another time
Another time
Another time
Another time
Another time
Another time
Another time
Another time
Another time
Another time
Another time
Another time
Another time
Another time
Another time
Another time
Another time
Another time
Another time
Another time
Another time
Another time
Another time
Another time
Another time
Another time
Another time
Another time
Another time
Another time
Another time
Another time
Another time
Another time
Another time
Another time
Another time
Another time
Another time
Another time
Another time
Another time
Another time
Another time
Another time
Another time
Another time
Another time
Another time
Another time
Another time
Another time
Another time
Another time
Another time
Another time
Another time
Another time
Another time
Another time
Another time
Another time
Another time
Another time
Another time
Another time
Another time
Another time
Another time
Another time
Another time
Another time
Another time
Another time
Another time
Another time
Another time
Another time
Another time
Another time
Another time
Another time
Another time
Another time
Another time
Another time
Another time
Another time
Another time
Another time
Another time
Another time
Another time
Another time
Another time
Another time
Another time
Another time
Another time
Another time
Another time
Another time
Another time
Another time
Another time
Another time
Another time
Another time
Another time
Another time
Another time
Another time
Another time
Another time
Another time
Another time
Another time
Another time
Another time
Another time
Another time
Another time
Another time
Another time
Another time
Another time
Another time
Another time
Another time
Another time
Another time
Another time
Another time
Another time
Another time
Another time
Another time
Another time
Another time
Another time
Another time
Another time
Another time
Another time
Another time
Another time
Another time
Another time
Another time
Another time
Another time
Another time
Another time
Another time
Another time
Another time
Another time
Another time
Another time
Another time
Another time
Another time
Another time
Another time
Another time
Another time
Another time
Another time
Another time
Another time
Another time
Another time
Another time
Another time
Another time
Another time
Another time
Another time
Another time
Another time
Another time
Another time
Another time
Another time
Another time
Another time
Another time
Another time
Another time
Another time
Another time
Another time
Another time
Another time
Another time
Another time
Another time
Another time
Another time
Another time
Another time
Another time
Another time
Another time
Another time
Another time
Another time
Another time
Another time
Another time
Another time
Another time
Another time
Another time
Another time
Another time
Another time
Another time
Another time
Another time
Another time
Another time
Another time
Another time
Another time
Another time
Another time
Another time
Another time
Another time
Another time
Another time
Another time
Another time
Another time
Another time
Another time
Another time
Another time
Another time
Another time
Another time
Another time
Another time
Another time
Another time
Another time
Another time
Another time
Another time
Another time
Another time
Another time
Another time
Another time
Another time
Another time
Another time
Another time
Another time
Another time
Another time
Another time
Another time
Another time
Another time
Another time
Another time
Another time
Another time
Another time
Another time
Another time
Another time
Another time
Another time
Another time
Another time
Another time
Another time
Another time
Another time
Another time
Another time
Another time
Another time
Another time
Another time
Another time
Another time
Another time
Another time
Another time
Another time
Another time
Another time
Another time
Another time
Another time
Another time
Another time
Another time
Another time
Another time
Another time
Another time
Another time
Another time
Another time
Another time
Another time
Another time
Another time
Another time
Another time
Another time
Another time
Another time
Another time
Another time
Another time
Another time
Another time
Another time
Another time
Another time
Another time
Another time
Another time
Another time
Another time
Another time
Another time
Another time
Another time
Another time
Another time
Another time
Another time
Another time
Another time
Another time
Another time
Another time
Another time
Another time
Another time
Another time
Another time
Another time
Another time
Another time
Another time
Another time
Another time
Another time
Another time
Another time
Another time
Another time
Another time
Another time
Another time
Another time
Another time
Another time
Another time
Another time
Another time
Another time
Another time
Another time
Another time
Another time
Another time
Another time
Another time
Another time
Another time
Another time
Another time
Another time
Another time
Another time
Another time
Another time
Another time
Another time
Another time
Another time
Another time
Another time
Another time
Another time
Another time
Another time
Another time
Another time
Another time
Another time
Another time
Another time
Another time
Another time
Another time
Another time
Another time
Another time
Another time
Another time
Another time
Another time
Another time
Another time
Another time
Another time
Another time
Another time
Another time
Another time
Another time
Another time
Another time
Another time
Another time
Another time
Another time
Another time
Another time
Another time
Another time
Another time
Another time
Another time
Another time
Another time
Another time
Another time
Another time
Another time
Another time
Another time
Another time
Another time
Another time
Another time
Another time
Another time
Another time
Another time
Another time
Another time
Another time
Another time
Another time
Another time
Another time
Another time
Another time
Another time
Another time
Another time
Another time
Another time
Another time
Another time
Another time
Another time
Another time
Another time
Another time
Another time
Another time
Another time
Another time
Another time
Another time
Another time
Another time
Another time
Another time
Another time
Another time
Another time
Another time
Another time
Another time
Another time
Another time
Another time
Another time
Another time
Another time
Another time
Another time
Another time
Another time
Another time
Another time
Another time
Another time
Another time
Another time
Another time
Another time
Another time
Another time
Another time
Another time
Another time
Another time
Another time
Another time
Another time
Another time
Another time
Another time
Another time
Another time
Another time
Another time
Another time
Another time
Another time
Another time
Another time
Another time
Another time
Another time
Another time
Another time
Another time
Another time
Another time
Another time
Another time
Another time
Another time
Another time
Another time
Another time
Another time
Another time
Another time
Another time
Another time
Another time
Another time
Another time
Another time
Another time
Another time
Another time
Another time
Another time
Another time
Another time
Another time
Another time
Another time
Another time
Another time
Another time
Another time
Another time
Another time
Another time
Another time
Another time
Another time
Another time
Another time
Another time
Another time
Another time
Another time
Another time
Another time
Another time
Another time
Another time
Another time
Another time
Another time
Another time
Another time
Another time
Another time
Another time
Another time
Another time
Another time
Another time
Another time
Another time
Another time
Another time
Another time
Another time
Another time
Another time
Another time
Another time
Another time
Another time
Another time
Another time
Another time
Another time
Another time
Another time
Another time
Another time
Another time
Another time
Another time
Another time
Another time
Another time
Another time
Another time
Another time
Another time
Another time
Another time
Another time
Another time
Another time
Another time
Another time
Another time
Another time
Another time
Another time
Another time
Another time
Another time
Another time
Another time
Another time
Another time
Another time
Another time
Another time
Another time
Another time
Another time
Another time
Another time
Another time
Another time
Another time
Another time
Another time
Another time
Another time
Another time
Another time
Another time
Another time
Another time
Another time
Another time
Another time
Another time
Another time
Another time
Another time
Another time
Another time
Another time
Another time
Another time
Another time
Another time
Another time
Another time
Another time
Another time
Another time
Another time
Another time
Another time
Another time
Another time
Another time
Another time
Another time
Another time
Another time
Another time
Another time
Another time
Another time
Another time
Another time
Another time
Another time
Another time
Another time
Another time
Another time
Another time
Another time
Another time
Another time
Another time
Another time
Another time
Another time
Another time
Another time
Another time
Another time
Another time
Another time
Another time
Another time
Another time
Another time
Another time
Another time
Another time
Another time
Another time
Another time
Another time
Another time
Another time
Another time
Another time
Another time
Another time
Another time
Another time
Another time
Another time
Another time
Another time
Another time
Another time
Another time
Another time
Another time
Another time
Another time
Another time
Another time
Another time
Another time
Another time
Another time
Another time
Another time
Another time
Another time
Another time
Another time
Another time
Another time
Another time
Another time
Another time
Another time
Another time
Another time
Another time
Another time
Another time
Another time
Another time
Another time
Another time
Another time
Another time
Another time
Another time
Another time
Another time
Another time
Another time
Another time
Another time
Another time
Another time
Another time
Another time
Another time
Another time
Another time
Another time
Another time
Another time
Another time
Another time
Another time
Another time
Another time
Another time
Another time
Another time
Another time
Another time
Another time
Another time
Another time
Another time
Another time
Another time
Another time
Another time
Another time
Another time
Another time
Another time
Another time
Another time
Another time
Another time
Another time
Another time
Another time
Another time
Another time
Another time
Another time
Another time
Another time
Another time
Another time
Another time
Another time
Another time
Another time
Another time
Another time
Another time
Another time
Another time
Another time
Another time
Another time
Another time
Another time
Another time
Another time
Another time
Another time
Another time
Another time
Another time
Another time
Another time
Another time
Another time
Another time
Another time
Another time
Another time
Another time
Another time
Another time
Another time
Another time
Another time
Another time
Another time
Another time
Another time
Another time
Another time
Another time
Another time
Another time
Another time
Another time
Another time
Another time
Another time
Another time
Another time
Another time
Another time
Another time
Another time
Another time
Another time
Another time
Another time
Another time
Another time
Another time
Another time
Another time
Another time
Another time
Another time
Another time
Another time
Another time
Another time
Another time
Another time
Another time
Another time
Another time
Another time
Another time
Another time
Another time
Another time
Another time
Another time
Another time
Another time
Another time
Another time
Another time
Another time
Another time
Another time
Another time
Another time
Another time
Another time
Another time
Another time
Another time
Another time
Another time
Another time
Another time
Another time
Another time
Another time
Another time
Another time
Another time
Another time
Another time
Another time
Another time
Another time
Another time
Another time
Another time
Another time
Another time
Another time
Another time
Another time
Another time
Another time
Another time
Another time
Another time
Another time
Another time
Another time
Another time
Another time
Another time
Another time
Another time
Another time
Another time
Another time
Another time
Another time
Another time
Another time
Another time
Another time
Another time
Another time
Another time
Another time
Another time
Another time
Another time
Another time
Another time
Another time
Another time
Another time
Another time
Another time
Another time
Another time
Another time
Another time
Another time
Another time
Another time
Another time
Another time
Another time
Another time
Another time
Another time
Another time
Another time
Another time
Another time
Another time
Another time
Another time
Another time
Another time
Another time
Another time
Another time
Another time
Another time
Another time
Another time
Another time
Another time
Another time
Another time
Another time
Another time
Another time
Another time
Another time
Another time
Another time
Another time
Another time
Another time
Another time
Another time
Another time
Another time
Another time
Another time
Another time
Another time
Another time
Another time
Another time
Another time
Another time
Another time
Another time
Another time
Another time
Another time
Another time
Another time
Another time
Another time
Another time
Another time
Another time
Another time
Another time
Another time
Another time
Another time
Another time
Another time
Another time
Another time
Another time
Another time
Another time
Another time
Another time
Another time
Another time
Another time
Another time
Another time
Another time
Another time
Another time
Another time
Another time
Another time
Another time
Another time
Another time
Another time
Another time
Another time
Another time
Another time
Another time
Another time
Another time
Another time
Another time
Another time
Another time
Another time
Another time
Another time
Another time
Another time
Another time
Another time
Another time
Another time
Another time
Another time
Another time
Another time
Another time
Another time
Another time
Another time
Another time
Another time
Another time
Another time
Another time
Another time
Another time
Another time
Another time
Another time
Another time
Another time
Another time
Another time
Another time
Another time
Another time
Another time
Another time
Another time
Another time
Another time
Another time
Another time
Another time
Another time
Another time
Another time
Another time
Another time
Another time
Another time
Another time
Another time
Another time
Another time
Another time
Another time
Another time
Another time
Another time
Another time
Another time
Another time
Another time
Another time
Another time
Another time
Another time
Another time
Another time
Another time
Another time
Another time
Another time
Another time
Another time
Another time
Another time
Another time
Another time
Another time
Another time
Another time
Another time
Another time
Another time
Another time
Another time
Another time
Another time
Another time
Another time
Another time
Another time
Another time
Another time
Another time
Another time
Another time
Another time
Another time
Another time
Another time
Another time
Another time
Another time
Another time
Another time
Another time
Another time
Another time
Another time
Another time
Another time
Another time
Another time
Another time
Another time
Another time
Another time
Another time
Another time
Another time
Another time
Another time
Another time
Another time
Another time
Another time
Another time
Another time
Another time
Another time
Another time
Another time
Another time
Another time
Another time
Another time
Another time
Another time
Another time
Another time
Another time
Another time
Another time
Another time
Another time
Another time
Another time
Another time
Another time
Another time
Another time
Another time
Another time
Another time
Another time
Another time
Another time
Another time
Another time
Another time
Another time
Another time
Another time
Another time
Another time
Another time
Another time
Another time
Another time
Another time
Another time
Another time
Another time
Another time
Another time
Another time
Another time
Another time
Another time
Another time
Another time
Another time
Another time
Another time
Another time
Another time
Another time
Another time
Another time
Another time
Another time
Another time
Another time
Another time
Another time
Another time
Another time
Another time
Another time
Another time
Another time
Another time
Another time
Another time
Another time
Another time
Another time
Another time
Another time
Another time
Another time
Another time
Another time
Another time
Another time
Another time
Another time
Another time
Another time
Another time
Another time
Another time
Another time
Another time
Another time
Another time
Another time
Another time
Another time
Another time
Another time
Another time
Another time
Another time
Another time
Another time
Another time
Another time
Another time
Another time
Another time
Another time
Another time
Another time
Another time
Another time
Another time
Another time
Another time
Another time
Another time
Another time
Another time
Another time
Another time
Another time
Another time
Another time
Another time
Another time
Another time
Another time
Another time
Another time
Another time
Another time
Another time
Another time
Another time
Another time
Another time
Another time
Another time
Another time
Another time
Another time
Another time
Another time
Another time
Another time
Another time
Another time
Another time
Another time
Another time
Another time
Another time
Another time
Another time
Another time
Another time
Another time
Another time
Another time
Another time
Another time
Another time
Another time
Another time
Another time
Another time
Another time
Another time
Another time
Another time
Another time
Another time
Another time
Another time
Another time
Another time
Another time
Another time
Another time
Another time
Another time
Another time
Another time
Another time
Another time
Another time
Another time
Another time
Another time
Another time
Another time
Another time
Another time
Another time
Another time
Another time
Another time
Another time
Another time
Another time
Another time
Another time
Another time
Another time
Another time
Another time
Another time
Another time
Another time
Another time
Another time
Another time
Another time
Another time
Another time
Another time
Another time
Another time
Another time
Another time
Another time
Another time
Another time
Another time
Another time
Another time
Another time
Another time
Another time
Another time
Another time
Another time
Another time
Another time
Another time
Another time
Another time
Another time
Another time
Another time
Another time
Another time
Another time
Another time
Another time
Another time
Another time
Another time
Another time
Another time
Another time
Another time
Another time
Another time
Another time
Another time
Another time
Another time
Another time
Another time
Another time
Another time
Another time
Another time
Another time
Another time
Another time
Another time
Another time
Another time
Another time
Another time
Another time
Another time
Another time
Another time
Another time
Another time
Another time
Another time
Another time
Another time
Another time
Another time
Another time
Another time
Another time
Another time
Another time
Another time
Another time
Another time
Another time
Another time
Another time
Another time
Another time
Another time
Another time
Another time
Another time
Another time
Another time
Another time
Another time
Another time
Another time
Another time
Another time
Another time
Another time
Another time
Another time
Another time
Another time
Another time
Another time
Another time
Another time
Another time
Another time
Another time
Another time
Another time
Another time
Another time
Another time
Another time
Another time
Another time
Another time
Another time
Another time
Another time
Another time
Another time
Another time
Another time
Another time
Another time
Another time
Another time
Another time
Another time
Another time
Another time
Another time
Another time
Another time
Another time
Another time
Another time
Another time
Another time
Another time
Another time
Another time
Another time
Another time
Another time
Another time
Another time
Another time
Another time
Another time
Another time
Another time
Another time
Another time
Another time
Another time
Another time
Another time
Another time
Another time
Another time
Another time
Another time
Another time
Another time
Another time
Another time
Another time
Another time
Another time
Another time
Another time
Another time
Another time
Another time
Another time
Another time
Another time
Another time
Another time
Another time
Another time
Another time
Another time
Another time
Another time
Another time
Another time
Another time
Another time
Another time
Another time
Another time
Another time
Another time
Another time
Another time
Another time
Another time
Another time
Another time
Another time
Another time
Another time
Another time
Another time
Another time
Another time
Another time
Another time
Another time
Another time
Another time
Another time
Another time
Another time
Another time
Another time
Another time
Another time
Another time
Another time
Another time
Another time
Another time
Another time
Another time
Another time
Another time
Another time
Another time
Another time
Another time
Another time
Another time
Another time
Another time
Another time
Another time
Another time
Another time
Another time
Another time
Another time
Another time
Another time
Another time
Another time
Another time
Another time
Another time
Another time
Another time
Another time
Another time
Another time
Another time
Another time
Another time
Another time
Another time
Another time
Another time
Another time
Another time
Another time
Another time
Another time
Another time
Another time
Another time
Another time
Another time
Another time
Another time
Another time
Another time
Another time
Another time
Another time
Another time
Another time
Another time
Another time
Another time
Another time
Another time
Another time
Another time
Another time
Another time
Another time
Another time
Another time
Another time
Another time
Another time
Another time
Another time
Another time
Another time
Another time
Another time
Another time
Another time
Another time
Another time
Another time
Another time
Another time
Another time
Another time
Another time
Another time
Another time
Another time
Another time
Another time
Another time
Another time
Another time
Another time
Another time
Another time
Another time
Another time
Another time
Another time
Another time
Another time
Another time
Another time
Another time
Another time
Another time
Another time
Another time
Another time
Another time
Another time
Another time
Another time
Another time
Another time
Another time
Another time
Another time
Another time
Another time
Another time
Another time
Another time
Another time
Another time
Another time
Another time
Another time
Another time
Another time
Another time
Another time
Another time
Another time
Another time
Another time
Another time
Another time
Another time
Another time
Another time
Another time
Another time
Another time
Another time
Another time
Another time
Another time
Another time
Another time
Another time
Another time
Another time
Another time
Another time
Another time
Another time
Another time
Another time
Another time
Another time
Another time
Another time
Another time
Another time
Another time
Another time
Another time
Another time
Another time
Another time
Another time
Another time
Another time
Another time
Another time
Another time
Another time
Another time
Another time
Another time
Another time
Another time
Another time
Another time
Another time
Another time
Another time
Another time
Another time
Another time
Another time
Another time
Another time
Another time
Another time
Another time
Another time
Another time
Another time
Another time
Another time
Another time
Another time
Another time
Another time
Another time
Another time
Another time
Another time
Another time
Another time
Another time
Another time
Another time
Another time
Another time
Another time
Another time
Another time
Another time
Another time
Another time
Another time
Another time
Another time
Another time
Another time
Another time
Another time
Another time
Another time
Another time
Another time
Another time
Another time
Another time
Another time
Another time
Another time
Another time
Another time
Another time
Another time
Another time
Another time
Another time
Another time
Another time
Another time
Another time
Another time
Another time
Another time
Another time
Another time
Another time
Another time
Another time
Another time
Another time
Another time
Another time
Another time
Another time
Another time
Another time
Another time
Another time
Another time
Another time
Another time
Another time
Another time
Another time
Another time
Another time
Another time
Another time
Another time
Another time
Another time
Another time
Another time
Another time
Another time
Another time
Another time
Another time
Another time
Another time
Another time
Another time
Another time
Another time
Another time
Another time
Another time
Another time
Another time
Another time
Another time
Another time
Another time
Another time
Another time
Another time
Another time
Another time
Another time
Another time
Another time
Another time
Another time
Another time
Another time
Another time
Another time
Another time
Another time
Another time
Another time
Another time
Another time
Another time
Another time
Another time
Another time
Another time
Another time
Another time
Another time
Another time
Another time
Another time
Another time
Another time
Another time
Another time
Another time
Another time
Another time
Another time
Another time
Another time
Another time
Another time
Another time
Another time
Another time
Another time
Another time
Another time
Another time
Another time
Another time
Another time
Another time
Another time
Another time
Another time
Another time
Another time
Another time
Another time
Another time
Another time
Another time
Another time
Another time
Another time
Another time
Another time
Another time
Another time
Another time
Another time
Another time
Another time
Another time
Another time
Another time
Another time
Another time
Another time
Another time
Another time
Another time
Another time
Another time
Another time
Another time
Another time
Another time
Another time
Another time
Another time
Another time
Another time
Another time
Another time
Another time
Another time
Another time
Another time
Another time
Another time
Another time
Another time
Another time
Another time
Another time
Another time
Another time
Another time
Another time
Another time
Another time
Another time
Another time
Another time
Another time
Another time
Another time
Another time
Another time
Another time
Another time
Another time
Another time
Another time
Another time
Another time
Another time
Another time
Another time
Another time
Another time
Another time
Another time
Another time
Another time
Another time
Another time
Another time
Another time
Another time
Another time
Another time
Another time
Another time
Another time
Another time
Another time
Another time
Another time
Another time
Another time
Another time
Another time
Another time
Another time
Another time
Another time
Another time
Another time
Another time
Another time
Another time
Another time
Another time
Another time
Another time
Another time
Another time
Another time
Another time
Another time
Another time
Another time
Another time
Another time
Another time
Another time
Another time
Another time
Another time
Another time
Another time
Another time
Another time
Another time
Another time
Another time
Another time
Another time
Another time
Another time
Another time
Another time
Another time
Another time
Another time
Another time
Another time
Another time
Another time
Another time
Another time
Another time
Another time
Another time
Another time
Another time
Another time
Another time
Another time
Another time
Another time
Another time
Another time
Another time
Another time
Another time
Another time
Another time
Another time
Another time
Another time
Another time
Another time
Another time
Another time
Another time
Another time
Another time
Another time
Another time
Another time
Another time
Another time
Another time
Another time
Another time
Another time
Another time
Another time
Another time
Another time
Another time
Another time
Another time
Another time
Another time
Another time
Another time
Another time
Another time
Another time
Another time
Another time
Another time
Another time
Another time
Another time
Another time
Another time
Another time
Another time
Another time
Another time
Another time
Another time
Another time
Another time
Another time
Another time
Another time
Another time
Another time
Another time
Another time
Another time
Another time
Another time
Another time
Another time
Another time
Another time
Another time
Another time
Another time
Another time
Another time
Another time
Another time
Another time
Another time
Another time
Another time
Another time
Another time
Another time
Another time
Another time
Another time
Another time
Another time
Another time
Another time
Another time
Another time
Another time
Another time
Another time
Another time
Another time
Another time
Another time
Another time
Another time
Another time
Another time
Another time
Another time
Another time
Another time
Another time
Another time
Another time
Another time
Another time
Another time
Another time
Another time
Another time
Another time
Another time
Another time
Another time
Another time
Another time
Another time
Another time
Another time
Another time
Another time
Another time
Another time
Another time
Another time
Another time
Another time
Another time
Another time
Another time
Another time
Another time
Another time
Another time
Another time
Another time
Another time
Another time
Another time
Another time
Another time
Another time
Another time
Another time
Another time
Another time
Another time
Another time
Another time
Another time
Another time
Another time
Another time
Another time
Another time
Another time
Another time
Another time
Another time
Another time
Another time
Another time
Another time
Another time
Another time
Another time
Another time
Another time
Another time
Another time
Another time
Another time
Another time
Another time
Another time
Another time
Another time
Another time
Another time
Another time
Another time
Another time
Another time
Another time
Another time
Another time
Another time
Another time
Another time
Another time
Another time
Another time
Another time
Another time
Another time
Another time
Another time
Another time
Another time
Another time
Another time
Another time
Another time
Another time
Another time
Another time
Another time
Another time
Another time
Another time
Another time
Another time
Another time
Another time
Another time
Another time
Another time
Another time
Another time
Another time
Another time
Another time
Another time
Another time
Another time
Another time
Another time
Another time
Another time
Another time
Another time
Another time
Another time
Another time
Another time
Another time
Another time
Another time
Another time
Another time
Another time
Another time
Another time
Another time
Another time
Another time
Another time
Another time
Another time
Another time
Another time
Another time
Another time
Another time
Another time
Another time
Another time
Another time
Another time
Another time
Another time
Another time
Another time
Another time
Another time
Another time
Another time
Another time
Another time
Another time
Another time
Another time
Another time
Another time
Another time
Another time
Another time
Another time
Another time
Another time
Another time
Another time
Another time
Another time
Another time
Another time
Another time
Another time
Another time
Another time
Another time
Another time
Another time
Another time
Another time
Another time
Another time
Another time
Another time
Another time
Another time
Another time
Another time
Another time
Another time
Another time
Another time
Another time
Another time
Another time
Another time
Another time
Another time
Another time
Another time
Another time
Another time
Another time
Another time
Another time
Another time
Another time
Another time
Another time
Another time
Another time
Another time
Another time
Another time
Another time
Another time
Another time
Another time
Another time
Another time
Another time
Another time
Another time
Another time
Another time
Another time
Another time
Another time
Another time
Another time
Another time
Another time
Another time
Another time
Another time
Another time
Another time
Another time
Another time
Another time
Another time
Another time
Another time
Another time
Another time
Another time
Another time
Another time
Another time
Another time
Another time
Another time
Another time
Another time
Another time
Another time
Another time
Another time
Another time
Another time
Another time
Another time
Another time
Another time
Another time
Another time
Another time
Another time
Another time
Another time
Another time
Another time
Another time
Another time
Another time
Another time
Another time
Another time
Another time
Another time
Another time
Another time
Another time
Another time
Another time
Another time
Another time
Another time
Another time
Another time
Another time
Another time
Another time
Another time
Another time
Another time
Another time
Another time
Another time
Another time
Another time
Another time
Another time
Another time
Another time
Another time
Another time
Another time
Another time
Another time
Another time
Another time
Another time
Another time
Another time
Another time
Another time
Another time
Another time
Another time
Another time
Another time
Another time
Another time
Another time
Another time
Another time
Another time
Another time
Another time
Another time
Another time
Another time
Another time
Another time
Another time
Another time
Another time
Another time
Another time
Another time
Another time
Another time
Another time
Another time
Another time
Another time
Another time
Another time
Another time
Another time
Another time
Another time
Another time
Another time
Another time
Another time
Another time
Another time
Another time
Another time
Another time
Another time
Another time
Another time
Another time
Another time
Another time
Another time
Another time
Another time
Another time
Another time
Another time
Another time
Another time
Another time
Another time
Another time
Another time
Another time
Another time
Another time
Another time
Another time
Another time
Another time
Another time
Another time
Another time
Another time
Another time
Another time
Another time
Another time
Another time
Another time
Another time
Another time
Another time
Another time
Another time
Another time
Another time
Another time
Another time
Another time
Another time
Another time
Another time
Another time
Another time
Another time
Another time
Another time
Another time
Another time
Another time
Another time
Another time
Another time
Another time
Another time
Another time
Another time
Another time
Another time
Another time
Another time
Another time
Another time
Another time
Another time
Another time
Another time
Another time
Another time
Another time
Another time
Another time
Another time
Another time
Another time
Another time
Another time
Another time
Another time
Another time
Another time
Another time
Another time
Another time
Another time
Another time
Another time
Another time
Another time
Another time
Another time
Another time
Another time
Another time
Another time
Another time
Another time
Another time
Another time
Another time
Another time
Another time
Another time
Another time
Another time
Another time
Another time
Another time
Another time
Another time
Another time
Another time
Another time
Another time
Another time
Another time
Another time
Another time
Another time
Another time
Another time
Another time
Another time
Another time
Another time
Another time
Another time
Another time
Another time
Another time
Another time
Another time
Another time
Another time
Another time
Another time
Another time
Another time
Another time
Another time
Another time
Another time
Another time
Another time
Another time
Another time
Another time
Another time
Another time
Another time
Another time
Another time
Another time
Another time
Another time
Another time
Another time
Another time
Another time
Another time
Another time
Another time
Another time
Another time
Another time
Another time
Another time
Another time
Another time
Another time
Another time
Another time
Another time
Another time
Another time
Another time
Another time
Another time
Another time
Another time
Another time
Another time
Another time
Another time
Another time
Another time
Another time
Another time
Another time
Another time
Another time
Another time
Another time
Another time
Another time
Another time
Another time
Another time
Another time
Another time
Another time
Another time
Another time
Another time
Another time
Another time
Another time
Another time
Another time
Another time
Another time
Another time
Another time
Another time
Another time
Another time
Another time
Another time
Another time
Another time
Another time
Another time
Another time
Another time
Another time
Another time
Another time
Another time
Another time
Another time
Another time
Another time
Another time
Another time
Another time
Another time
Another time
Another time
Another time
Another time
Another time
Another time
Another time
Another time
Another time
Another time
Another time
Another time
Another time
Another time
Another time
Another time
Another time
Another time
Another time
Another time
Another time
Another time
Another time
Another time
Another time
Another time
Another time
Another time
Another time
Another time
Another time
Another time
Another time
Another time
Another time
Another time
Another time
Another time
Another time
Another time
Another time
Another time
Another time
Another time
Another time
Another time
Another time
Another time
Another time
Another time
Another time
Another time
Another time
Another time
Another time
Another time
Another time
Another time
Another time
Another time
Another time
Another time
Another time
Another time
Another time
Another time
Another time
Another time
Another time
Another time
Another time
Another time
Another time
Another time
Another time
Another time
Another time
Another time
Another time
Another time
Another time
Another time
Another time
Another time
Another time
Another time
Another time
Another time
Another time
Another time
Another time
Another time
Another time
Another time
Another time
Another time
Another time
Another time
Another time
Another time
Another time
Another time
Another time
Another time
Another time
Another time
Another time
Another time
Another time
Another time
Another time
Another time
Another time
Another time
Another time
Another time
Another time
Another time
Another time
Another time
Another time
Another time
Another time
Another time
Another time
Another time
Another time
Another time
Another time
Another time
Another time
Another time
Another time
Another time
Another time
Another time
Another time
Another time
Another time
Another time
Another time
Another time
Another time
Another time
Another time
Another time
Another time
Another time
Another time
Another time
Another time
Another time
Another time
Another time
Another time
Another time
Another time
Another time
Another time
Another time
Another time
Another time
Another time
Another time
Another time
Another time
Another time
Another time
Another time
Another time
Another time
Another time
Another time
Another time
Another time
Another time
Another time
Another time
Another time
Another time
Another time
Another time
Another time
Another time
Another time
Another time
Another time
Another time
Another time
Another time
Another time
Another time
Another time
Another time
Another time
Another time
Another time
Another time
Another time
Another time
Another time
Another time
Another time
Another time
Another time
Another time
Another time
Another time
Another time
Another time
Another time
Another time
Another time
Another time
Another time
Another time
Another time
Another time
Another time
Another time
Another time
Another time
Another time
Another time
Another time
Another time
Another time
Another time
Another time
Another time
Another time
Another time
Another time
Another time
Another time
Another time
Another time
Another time
Another time
Another time
Another time
Another time
Another time
Another time
Another time
Another time
Another time
Another time
Another time
Another time
Another time
Another time
Another time
Another time
Another time
Another time
Another time
Another time
Another time
Another time
Another time
Another time
Another time
Another time
Another time
Another time
Another time
Another time
Another time
Another time
Another time
Another time
Another time
Another time
Another time
Another time
Another time
Another time
Another time
Another time
Another time
Another time
Another time
Another time
Another time
Another time
Another time
Another time
Another time
Another time
Another time
Another time
Another time
Another time
Another time
Another time
Another time
Another time
Another time
Another time
Another time
Another time
Another time
Another time
Another time
Another time
Another time
Another time
Another time
Another time
Another time
Another time
Another time
Another time
Another time
Another time
Another time
Another time
Another time
Another time
Another time
Another time
Another time
Another time
Another time
Another time
Another time
Another time
Another time
Another time
Another time
Another time
Another time
Another time
Another time
Another time
Another time
Another time
Another time
Another time
Another time
Another time
Another time
Another time
Another time
Another time
Another time
Another time
Another time
Another time
Another time
Another time
Another time
Another time
Another time
Another time
Another time
Another time
Another time
Another time
Another time
Another time
Another time
Another time
Another time
Another time
Another time
Another time
Another time
Another time
Another time
Another time
Another time
Another time
Another time
Another time
Another time
Another time
Another time
Another time
Another time
Another time
Another time
Another time
Another time
Another time
Another time
Another time
Another time
Another time
Another time
Another time
Another time
Another time
Another time
Another time
Another time
Another time
Another time
Another time
Another time
Another time
Another time
Another time
Another time
Another time
Another time
Another time
Another time
Another time
Another time
Another time
Another time
Another time
Another time
Another time
Another time
Another time
Another time
Another time
Another time
Another time
Another time
Another time
Another time
Another time
Another time
Another time
Another time
Another time
Another time
Another time
Another time
Another time
Another time
Another time
Another time
Another time
Another time
Another time
Another time
Another time
Another time
Another time
Another time
Another time
Another time
Another time
Another time
Another time
Another time
Another time
Another time
Another time
Another time
Another time
Another time
Another time
Another time
Another time
Another time
Another time
Another time
Another time
Another time
Another time
Another time
Another time
Another time
Another time
Another time
Another time
Another time
Another time
Another time
Another time
Another time
Another time
Another time
Another time
Another time
Another time
Another time
Another time
Another time
Another time
Another time
Another time
Another time
Another time
Another time
Another time
Another time
Another time
Another time
Another time
Another time
Another time
Another time
Another time
Another time
Another time
Another time
Another time
Another time
Another time
Another time
Another time
Another time
Another time
Another time
Another time
Another time
Another time
Another time
Another time
Another time
Another time
Another time
Another time
Another time
Another time
Another time
Another time
Another time
Another time
Another time
Another time
Another time
Another time
Another time
Another time
Another time
Another time
Another time
Another time
Another time
Another time
Another time
Another time
Another time
Another time
Another time
Another time
Another time
Another time
Another time
Another time
Another time
Another time
Another time
Another time
Another time
Another time
Another time
Another time
Another time
Another time
Another time
Another time
Another time
Another time
Another time
Another time
Another time
Another time
Another time
Another time
Another time
Another time
Another time
Another time
Another time
Another time
Another time
Another time
Another time
Another time
Another time
Another time
Another time
Another time
Another time
Another time
Another time
Another time
Another time
Another time
Another time
Another time
Another time
Another time
Another time
Another time
Another time
Another time
Another time
Another time
Another time
Another time
Another time
Another time
Another time
Another time
Another time
Another time
Another time
Another time
Another time
Another time
Another time
Another time
Another time
Another time
Another time
Another time
Another time
Another time
Another time
Another time
Another time
Another time
Another time
Another time
Another time
Another time
Another time
Another time
Another time
Another time
Another time
Another time
Another time
Another time
Another time
Another time
Another time
Another time
Another time
Another time
Another time
Another time
Another time
Another time
Another time
Another time
Another time
Another time
Another time
Another time
Another time
Another time
Another time
Another time
Another time
Another time
Another time
Another time
Another time
Another time
Another time
Another time
Another time
Another time
Another time
Another time
Another time
Another time
Another time
Another time
Another time
Another time
Another time
Another time
Another time
Another time
Another time
Another time
Another time
Another time
Another time
Another time
Another time
Another time
Another time
Another time
Another time
Another time
Another time
Another time
Another time
Another time
Another time
Another time
Another time
Another time
Another time
Another time
Another time
Another time
Another time
Another time
Another time
Another time
Another time
Another time
Another time
Another time
Another time
Another time
Another time
Another time
Another time
Another time
Another time
Another time
Another time
Another time
Another time
Another time
Another time
Another time
Another time
Another time
Another time
Another time
Another time
Another time
Another time
Another time
Another time
Another time
Another time
Another time
Another time
Another time
Another time
Another time
Another time
Another time
Another time
Another time
Another time
Another time
Another time
Another time
Another time
Another time
Another time
Another time
Another time
Another time
Another time
Another time
Another time
Another time
Another time
Another time
Another time
Another time
Another time
Another time
Another time
Another time
Another time
Another time
Another time
Another time
Another time
Another time
Another time
Another time
Another time
Another time
Another time
Another time
Another time
Another time
Another time
Another time
Another time
Another time
Another time
Another time
Another time
Another time
Another time
Another time
Another time
Another time
Another time
Another time
Another time
Another time
Another time
Another time
Another time
Another time
Another time
Another time
Another time
Another time
Another time
Another time
Another time
Another time
Another time
Another time
Another time
Another time
Another time
Another time
Another time
Another time
Another time
Another time
Another time
Another time
Another time
Another time
Another time
Another time
Another time
Another time
Another time
Another time
Another time
Another time
Another time
Another time
Another time
Another time
Another time
Another time
Another time
Another time
Another time
Another time
Another time
Another time
Another time
Another time
Another time
Another time
Another time
Another time
Another time
Another time
Another time
Another time
Another time
Another time
Another time
Another time
Another time
Another time
Another time
Another time
Another time
Another time
Another time
Another time
Another time
Another time
Another time
Another time
Another time
Another time
Another time
Another time
Another time
Another time
Another time
Another time
Another time
Another time
Another time
Another time
Another time
Another time
Another time
Another time
Another time
Another time
Another time
Another time
Another time
Another time
Another time
Another time
Another time
Another time
Another time
Another time
Another time
Another time
Another time
Another time
Another time
Another time
Another time
Another time
Another time
Another time
Another time
Another time
Another time
Another time
Another time
Another time
Another time
Another time
Another time
Another time
Another time
Another time
Another time
Another time
Another time
Another time
Another time
Another time
Another time
Another time
Another time
Another time
Another time
Another time
Another time
Another time
Another time
Another time
Another time
Another time
Another time
Another time
Another time
Another time
Another time
Another time
Another time
Another time
Another time
Another time
Another time
Another time
Another time
Another time
Another time
Another time
Another time
Another time
Another time
Another time
Another time
Another time
Another time
Another time
Another time
Another time
Another time
Another time
Another time
Another time
Another time
Another time
Another time
Another time
Another time
Another time
Another time
Another time
Another time
Another time
Another time
Another time
Another time
Another time
Another time
Another time
Another time
Another time
Another time
Another time
Another time
Another time
Another time
Another time
Another time
Another time
Another time
Another time
Another time
Another time
Another time
Another time
Another time
Another time
Another time
Another time
Another time
Another time
Another time
Another time
Another time
Another time
Another time
Another time
Another time
Another time
Another time
Another time
Another time
Another time
Another time
Another time
Another time
Another time
Another time
Another time
Another time
Another time
Another time
Another time
Another time
Another time
Another time
Another time
Another time
Another time
Another time
Another time
Another time
Another time
Another time
Another time
Another time
Another time
Another time
Another time
Another time
Another time
Another time
Another time
Another time
Another time
Another time
Another time
Another time
Another time
Another time
Another time
Another time
Another time
Another time
Another time
Another time
Another time
Another time
Another time
Another time
Another time
Another time
Another time
Another time
Another time
Another time
Another time
Another time
Another time
Another time
Another time
Another time
Another time
Another time
Another time
Another time
Another time
Another time
Another time
Another time
Another time
Another time
Another time
Another time
Another time
Another time
Another time
Another time
Another time
Another time
Another time
Another time
Another time
Another time
Another time
Another time
Another time
Another time
Another time
Another time
Another time
Another time
Another time
Another time
Another time
Another time
Another time
Another time
Another time
Another time
Another time
Another time
Another time
Another time
Another time
Another time
Another time
Another time
Another time
Another time
Another time
Another time
Another time
Another time
Another time
Another time
Another time
Another time
Another time
Another time
Another time
Another time
Another time
Another time
Another time
Another time
Another time
Another time
Another time
Another time
Another time
Another time
Another time
Another time
Another time
Another time
Another time
Another time
Another time
Another time
Another time
Another time
Another time
Another time
Another time
Another time
Another time
Another time
Another time
Another time
Another time
Another time
Another time
Another time
Another time
Another time
Another time
Another time
Another time
Another time
Another time
Another time
Another time
Another time
Another time
Another time
Another time
Another time
Another time
Another time
Another time
Another time
Another time
Another time
Another time
Another time
Another time
Another time
Another time
Another time
Another time
Another time
Another time
Another time
Another time
Another time
Another time
Another time
Another time
Another time
Another time
Another time
Another time
Another time
Another time
Another time
Another time
Another time
Another time
Another time
Another time
Another time
Another time
Another time
Another time
Another time
Another time
Another time
Another time
Another time
Another time
Another time
Another time
Another time
Another time
Another time
Another time
Another time
Another time
Another time
Another time
Another time
Another time
Another time
Another time
Another time
Another time
Another time
Another time
Another time
Another time
Another time
Another time
Another time
Another time
Another time
Another time
Another time
Another time
Another time
Another time
Another time
Another time
Another time
Another time
Another time
Another time
Another time
Another time
Another time
Another time
Another time
Another time
Another time
Another time
Another time
Another time
Another time
Another time
Another time
Another time
Another time
Another time
Another time
Another time
Another time
Another time
Another time
Another time
Another time
Another time
Another time
Another time
Another time
Another time
Another time
Another time
Another time
Another time
Another time
Another time
Another time
Another time
Another time
Another time
Another time
Another time
Another time
Another time
Another time
Another time
Another time
Another time
Another time
Another time
Another time
Another time
Another time
Another time
Another time
Another time
Another time
Another time
Another time
Another time
Another time
Another time
Another time
Another time
Another time
Another time
Another time
Another time
Another time
Another time
Another time
Another time
Another time
Another time
Another time
Another time
Another time
Another time
Another time
Another time
Another time
Another time
Another time
Another time
Another time
Another time
Another time
Another time
Another time
Another time
Another time
Another time
Another time
Another time
Another time
Another time
Another time
Another time
Another time
Another time
Another time
Another time
Another time
Another time
Another time
Another time
Another time
Another time
Another time
Another time
Another time
Another time
Another time
Another time
Another time
Another time
Another time
Another time
Another time
Another time
Another time
Another time
Another time
Another time
Another time
Another time
Another time
Another time
Another time
Another time
Another time
Another time
Another time
Another time
Another time
Another time
Another time
Another time
Another time
Another time
Another time
Another time
Another time
Another time
Another time
Another time
Another time
Another time
Another time
Another time
Another time
Another time
Another time
Another time
Another time
Another time
Another time
Another time
Another time
Another time
Another time
Another time
Another time
Another time
Another time
Another time
Another time
Another time
Another time
Another time
Another time
Another time
Another time
Another time
Another time
Another time
Another time
Another time
Another time
Another time
Another time
Another time
Another time
Another time
Another time
Another time
Another time
Another time
Another time
Another time
Another time
Another time
Another time
Another time
Another time
Another time
Another time
Another time
Another time
Another time
Another time
Another time
Another time
Another time
Another time
Another time
Another time
Another time
Another time
Another time
Another time
Another time
Another time
Another time
Another time
Another time
Another time
Another time
Another time
Another time
Another time
Another time
Another time
Another time
Another time
Another time
Another time
Another time
Another time
Another time
Another time
Another time
Another time
Another time
Another time
Another time
Another time
Another time
Another time
Another time
Another time
Another time
Another time
Another time
Another time
Another time
Another time
Another time
Another time
Another time
Another time
Another time
Another time
Another time
Another time
Another time
Another time
Another time
Another time
Another time
Another time
Another time
Another time
Another time
Another time
Another time
Another time
Another time
Another time
Another time
Another time
Another time
Another time
Another time
Another time
Another time
Another time
Another time
Another time
Another time
Another time
Another time
Another time
Another time
Another time
Another time
Another time
Another time
Another time
Another time
Another time
Another time
Another time
Another time
Another time
Another time
Another time
Another time
Another time
Another time
Another time
Another time
Another time
Another time
Another time
Another time
Another time
Another time
Another time
Another time
Another time
Another time
Another time
Another time
Another time
Another time
Another time
Another time
Another time
Another time
Another time
Another time
Another time
Another time
Another time
Another time
Another time
Another time
Another time
Another time
Another time
Another time
Another time
Another time
Another time
Another time
Another time
Another time
Another time
Another time
Another time
Another time
Another time
Another time
Another time
Another time
Another time
Another time
Another time
Another time
Another time
Another time
Another time
Another time
Another time
Another time
Another time
Another time
Another time
Another time
Another time
Another time
Another time
Another time
Another time
Another time
Another time
Another time
Another time
Another time
Another time
Another time
Another time
Another time
Another time
Another time
Another time
Another time
Another time
Another time
Another time
Another time
Another time
Another time
Another time
Another time
Another time
Another time
Another time
Another time
Another time
Another time
Another time
Another time
Another time
Another time
Another time
Another time
Another time
Another time
Another time
Another time
Another time
Another time
Another time
Another time
Another time
Another time
Another time
Another time
Another time
Another time
Another time
Another time
Another time
Another time
Another time
Another time
Another time
Another time
Another time
Another time
Another time
Another time
Another time
Another time
Another time
Another time
Another time
Another time
Another time
Another time
Another time
Another time
Another time
Another time
Another time
Another time
Another time
Another time
Another time
Another time
Another time
Another time
Another time
Another time
Another time
Another time
Another time
Another time
Another time
Another time
Another time
Another time
Another time
Another time
Another time
Another time
Another time
Another time
Another time
Another time
Another time
Another time
Another time
Another time
Another time
Another time
Another time
Another time
Another time
Another time
Another time
Another time
Another time
Another time
Another time
Another time
Another time
Another time
Another time
Another time
Another time
Another time
Another time
Another time
Another time
Another time
Another time
Another time
Another time
Another time
Another time
Another time
Another time
Another time
Another time
Another time
Another time
Another time
Another time
Another time
Another time
Another time
Another time
Another time
Another time
Another time
Another time
Another time
Another time
Another time
Another time
Another time
Another time
Another time
Another time
Another time
Another time
Another time
Another time
Another time
Another time
Another time
Another time
Another time
Another time
Another time
Another time
Another time
Another time
Another time
Another time
Another time
Another time
Another time
Another time
Another time
Another time
Another time
Another time
Another time
Another time
Another time
Another time
Another time
Another time
Another time
Another time
Another time
Another time
Another time
Another time
Another time
Another time
Another time
Another time
Another time
Another time
Another time
Another time
Another time
Another time
Another time
Another time
Another time
Another time
Another time
Another time
Another time
Another time
Another time
Another time
Another time
Another time
Another time
Another time
Another time
Another time
Another time
Another time
Another time
Another time
Another time
Another time
Another time
Another time
Another time
Another time
Another time
Another time
Another time
Another time
Another time
Another time
Another time
Another time
Another time
Another time
Another time
Another time
Another time
Another time
Another time
Another time
Another time
Another time
Another time
Another time
Another time
Another time
Another time
Another time
Another time
Another time
Another time
Another time
Another time
Another time
Another time
Another time
Another time
Another time
Another time
Another time
Another time
Another time
Another time
Another time
Another time
Another time
Another time
Another time
Another time
Another time
Another time
Another time
Another time
Another time
Another time
Another time
Another time
Another time
Another time
Another time
Another time
Another time
Another time
Another time
Another time
Another time
Another time
Another time
Another time
Another time
Another time
Another time
Another time
Another time
Another time
Another time
Another time
Another time
Another time
Another time
Another time
Another time
Another time
Another time
Another time
Another time
Another time
Another time
Another time
Another time
Another time
Another time
Another time
Another time
Another time
Another time
Another time
Another time
Another time
Another time
Another time
Another time
Another time
Another time
Another time
Another time
Another time
Another time
Another time
Another time
Another time
Another time
Another time
Another time
Another time
Another time
Another time
Another time
Another time
Another time
Another time
Another time
Another time
Another time
Another time
Another time
Another time
Another time
Another time
Another time
Another time
Another time
Another time
Another time
Another time
Another time
Another time
Another time
Another time
Another time
Another time
Another time
Another time
Another time
Another time
Another time
Another time
Another time
Another time
Another time
Another time
Another time
Another time
Another time
Another time
Another time
Another time
Another time
Another time
Another time
Another time
Another time
Another time
Another time
Another time
Another time
Another time
Another time
Another time
Another time
Another time
Another time
Another time
Another time
Another time
Another time
Another time
Another time
Another time
Another time
Another time
Another time
Another time
Another time
Another time
Another time
Another time
Another time
Another time
Another time
Another time
Another time
Another time
Another time
Another time
Another time
Another time
Another time
Another time
Another time
Another time
Another time
Another time
Another time
Another time
Another time
Another time
Another time
Another time
Another time
Another time
Another time
Another time
Another time
Another time
Another time
Another time
Another time
Another time
Another time
Another time
Another time
Another time
Another time
Another time
Another time
Another time
Another time
Another time
Another time
Another time
Another time
Another time
Another time
Another time
Another time
Another time
Another time
Another time
Another time
Another time
Another time
Another time
Another time
Another time
Another time
Another time
Another time
Another time
Another time
Another time
Another time
Another time
Another time
Another time
Another time
Another time
Another time
Another time
Another time
Another time
Another time
Another time
Another time
Another time
Another time
Another time
Another time
Another time
Another time
Another time
Another time
Another time
Another time
Another time
Another time
Another time
Another time
Another time
Another time
Another time
Another time
Another time
Another time
Another time
Another time
Another time
Another time
Another time
Another time
Another time
Another time
Another time
Another time
Another time
Another time
Another time
Another time
Another time
Another time
Another time
Another time
Another time
Another time
Another time
Another time
Another time
Another time
Another time
Another time
Another time
Another time
Another time
Another time
Another time
Another time
Another time
Another time
Another time
Another time
Another time
Another time
Another time
Another time
Another time
Another time
Another time
Another time
Another time
Another time
Another time
Another time
Another time
Another time
Another time
Another time
Another time
Another time
Another time
Another time
Another time
Another time
Another time
Another time
Another time
Another time
Another time
Another time
Another time
Another time
Another time
Another time
Another time
Another time
Another time
Another time
Another time
Another time
Another time
Another time
Another time
Another time
Another time
Another time
Another time
Another time
Another time
Another time
Another time
Another time
Another time
Another time
Another time
Another time
Another time
Another time
Another time
Another time
Another time
Another time
Another time
Another time
Another time
Another time
Another time
Another time
Another time
Another time
Another time
Another time
Another time
Another time
Another time
Another time
Another time
Another time
Another time
Another time
Another time
Another time
Another time
Another time
Another time
Another time
Another time
Another time
Another time
Another time
Another time
Another time
Another time
Another time
Another time
Another time
Another time
Another time
Another time
Another time
Another time
Another time
Another time
Another time
Another time
Another time
Another time
Another time
Another time
Another time
Another time
Another time
Another time
Another time
Another time
Another time
Another time
Another time
Another time
Another time
Another time
Another time
Another time
Another time
Another time
Another time
Another time
Another time
Another time
Another time
Another time
Another time
Another time
Another time
Another time
Another time
Another time
Another time
Another time
Another time
Another time
Another time
Another time
Another time
Another time
Another time
Another time
Another time
Another time
Another time
Another time
Another time
Another time
Another time
Another time
Another time
Another time
Another time
Another time
Another time
Another time
Another time
Another time
Another time
Another time
Another time
Another time
Another time
Another time
Another time
Another time
Another time
Another time
Another time
Another time
Another time
Another time
Another time
Another time
Another time
Another time
Another time
Another time
Another time
Another time
Another time
Another time
Another time
Another time
Another time
Another time
Another time
Another time
Another time
Another time
Another time
Another time
Another time
Another time
Another time
Another time
Another time
Another time
Another time
Another time
Another time
Another time
Another time
Another time
Another time
Another time
Another time
Another time
Another time
Another time
Another time
Another time
Another time
Another time
Another time
Another time
Another time
Another time
Another time
Another time
Another time
Another time
Another time
Another time
Another time
Another time
Another time
Another time
Another time
Another time
Another time
Another time
Another time
Another time
Another time
Another time
Another time
Another time
Another time
Another time
Another time
Another time
Another time
Another time
Another time
Another time
Another time
Another time
Another time
Another time
Another time
Another time
Another time
Another time
Another time
Another time
Another time
Another time
Another time
Another time
Another time
Another time
Another time
Another time
Another time
Another time
Another time
Another time
Another time
Another time
Another time
Another time
Another time
Another time
Another time
Another time
Another time
Another time
Another time
Another time
Another time
Another time
Another time
Another time
Another time
Another time
Another time
Another time
Another time
Another time
Another time
Another time
Another time
Another time
Another time
Another time
Another time
Another time
Another time
Another time
Another time
Another time
Another time
Another time
Another time
Another time
Another time
Another time
Another time
Another time
Another time
Another time
Another time
Another time
Another time
Another time
Another time
Another time
Another time
Another time
Another time
Another time
Another time
Another time
Another time
Another time
Another time
Another time
Another time
Another time
Another time
Another time
Another time
Another time
Another time
Another time
Another time
Another time
Another time
Another time
Another time
Another time
Another time
Another time
Another time
Another time
Another time
Another time
Another time
Another time
Another time
Another time
Another time
Another time
Another time
Another time
Another time
Another time
Another time
Another time
Another time
Another time
Another time
Another time
Another time
Another time
Another time
Another time
Another time
Another time
Another time
Another time
Another time
Another time
Another time
Another time
Another time
Another time
Another time
Another time
Another time
Another time
Another time
Another time
Another time
Another time
Another time
Another time
Another time
Another time
Another time
Another time
Another time
Another time
Another time
Another time
Another time
Another time
Another time
Another time
Another time
Another time
Another time
Another time
Another time
Another time
Another time
Another time
Another time
Another time
Another time
Another time
Another time
Another time
Another time
Another time
Another time
Another time
Another time
Another time
Another time
Another time
Another time
Another time
Another time
Another time
Another time
Another time
Another time
Another time
Another time
Another time
Another time
Another time
Another time
Another time
Another time
Another time
Another time
Another time
Another time
Another time
Another time
Another time
Another time
Another time
Another time
Another time
Another time
Another time
Another time
Another time
Another time
Another time
Another time
Another time
Another time
Another time
Another time
Another time
Another time
Another time
Another time
Another time
Another time
Another time
Another time
Another time
Another time
Another time
Another time
Another time
Another time
Another time
Another time
Another time
Another time
Another time
Another time
Another time
Another time
Another time
Another time
Another time
Another time
Another time
Another time
Another time
Another time
Another time
Another time
Another time
Another time
Another time
Another time
Another time
Another time
Another time
Another time
Another time
Another time
Another time
Another time
Another time
Another time
Another time
Another time
Another time
Another time
Another time
Another time
Another time
Another time
Another time
Another time
Another time
Another time
Another time
Another time
Another time
Another time
Another time
Another time
Another time
Another time
Another time
Another time
Another time
Another time
Another time
Another time
Another time
Another time
Another time
Another time
Another time
Another time
Another time
Another time
Another time
Another time
Another time
Another time
Another time
Another time
Another time
Another time
Another time
Another time
Another time
Another time
Another time
Another time
Another time
Another time
Another time
Another time
Another time
Another time
Another time
Another time
Another time
Another time
Another time
Another time
Another time
Another time
Another time
Another time
Another time
Another time
Another time
Another time
Another time
Another time
Another time
Another time
Another time
Another time
Another time
Another time
Another time
Another time
Another time
Another time
Another time
Another time
Another time
Another time
Another time
Another time
Another time
Another time
Another time
Another time
Another time
Another time
Another time
Another time
Another time
Another time
Another time
Another time
Another time
Another time
Another time
Another time
Another time
Another time
Another time
Another time
Another time
Another time
Another time
Another time
Another time
Another time
Another time
Another time
Another time
Another time
Another time
Another time
Another time
Another time
Another time
Another time
Another time
Another time
Another time
Another time
Another time
Another time
Another time
Another time
Another time
Another time
Another time
Another time
Another time
Another time
Another time
Another time
Another time
Another time
Another time
Another time
Another time
Another time
Another time
Another time
Another time
Another time
Another time
Another time
Another time
Another time
Another time
Another time
Another time
Another time
Another time
Another time
Another time
Another time
Another time
Another time
Another time
Another time
Another time
Another time
Another time
Another time
Another time
Another time
Another time
Another time
Another time
Another time
Another time
Another time
Another time
Another time
Another time
Another time
Another time
Another time
Another time
Another time
Another time
Another time
Another time
Another time
Another time
Another time
Another time
Another time
Another time
Another time
Another time
Another time
Another time
Another time
Another time
Another time
Another time
Another time
Another time
Another time
Another time
Another time
Another time
Another time
Another time
Another time
Another time
Another time
Another time
Another time
Another time
Another time
Another time
Another time
Another time
Another time
Another time
Another time
Another time
Another time
Another time
Another time
Another time
Another time
Another time
Another time
Another time
Another time
Another time
Another time
Another time
Another time
Another time
Another time
Another time
Another time
Another time
Another time
Another time
Another time
Another time
Another time
Another time
Another time
Another time
Another time
Another time
Another time
Another time
Another time
Another time
Another time
Another time
Another time
Another time
Another time
Another time
Another time
Another time
Another time
Another time
Another time
Another time
Another time
Another time
Another time
Another time
Another time
Another time
Another time
Another time
Another time
Another time
Another time
Another time
Another time
Another time
Another time
Another time
Another time
Another time
Another time
Another time
Another time
Another time
Another time
Another time
Another time
Another time
Another time
Another time
Another time
Another time
Another time
Another time
Another time
Another time
Another time
Another time
Another time
Another time
Another time
Another time
Another time
Another time
Another time
Another time
Another time
Another time
Another time
Another time
Another time
Another time
Another time
Another time
Another time
Another time
Another time
Another time
Another time
Another time
Another time
Another time
Another time
Another time
Another time
Another time
Another time
Another time
Another time
Another time
Another time
Another time
Another time
Another time
Another time
Another time
Another time
Another time
Another time
Another time
Another time
Another time
Another time
Another time
Another time
Another time
Another time
Another time
Another time
Another time
Another time
Another time
Another time
Another time
Another time
Another time
Another time
Another time
Another time
Another time
Another time
Another time
Another time
Another time
Another time
Another time
Another time
Another time
Another time
Another time
Another time
Another time
Another time
Another time
Another time
Another time
Another time
Another time
Another time
Another time
Another time
Another time
Another time
Another time
Another time
Another time
Another time
Another time
Another time
Another time
Another time
Another time
Another time
Another time
Another time
Another time
Another time
Another time
Another time
Another time
Another time
Another time
Another time
Another time
Another time
Another time
Another time
Another time
Another time
Another time
Another time
Another time
Another time
Another time
Another time
Another time
Another time
Another time
Another time
Another time
Another time
Another time
Another time
Another time
Another time
Another time
Another time
Another time
Another time
Another time
Another time
Another time
Another time
Another time
Another time
Another time
Another time
Another time
Another time
Another time
Another time
Another time
Another time
Another time
Another time
Another time
Another time
Another time
Another time
Another time
Another time
Another time
Another time
Another time
Another time
Another time
Another time
Another time
Another time
Another time
Another time
Another time
Another time
Another time
Another time
Another time
Another time
Another time
Another time
Another time
Another time
Another time
Another time
Another time
Another time
Another time
Another time
Another time
Another time
Another time
Another time
Another time
Another time
Another time
Another time
Another time
Another time
Another time
Another time
Another time
Another time
Another time
Another time
Another time
Another time
Another time
Another time
Another time
Another time
Another time
Another time
Another time
Another time
Another time
Another time
Another time
Another time
Another time
Another time
Another time
Another time
Another time
Another time
Another time
Another time
Another time
Another time
Another time
Another time
Another time
Another time
Another time
Another time
Another time
Another time
Another time
Another time
Another time
Another time
Another time
Another time
Another time
Another time
Another time
Another time
Another time
Another time
Another time
Another time
Another time
Another time
Another time
Another time
Another time
Another time
Another time
Another time
Another time
Another time
Another time
Another time
Another time
Another time
Another time
Another time
Another time
Another time
Another time
Another time
Another time
Another time
Another time
Another time
Another time
Another time
Another time
Another time
Another time
Another time
Another time
Another time
Another time
Another time
Another time
Another time
Another time
Another time
Another time
Another time
Another time
Another time
Another time
Another time
Another time
Another time
Another time
Another time
Another time
Another time
Another time
Another time
Another time
Another time
Another time
Another time
Another time
Another time
Another time
Another time
Another time
Another time
Another time
Another time
Another time
Another time
Another time
Another time
Another time
Another time
Another time
Another time
Another time
Another time
Another time
Another time
Another time
Another time
Another time
Another time
Another time
Another time
Another time
Another time
Another time
Another time
Another time
Another time
Another time
Another time
Another time
Another time
Another time
Another time
Another time
Another time
Another time
Another time
Another time
Another time
Another time
Another time
Another time
Another time
Another time
Another time
Another time
Another time
Another time
Another time
Another time
Another time
Another time
Another time
Another time
Another time
Another time
Another time
Another time
Another time
Another time
Another time
Another time
Another time
Another time
Another time
Another time
Another time
Another time
Another time
Another time
Another time
Another time
Another time
Another time
Another time
Another time
Another time
Another time
Another time
Another time
Another time
Another time
Another time
Another time
Another time
Another time
Another time
Another time
Another time
Another time
Another time
Another time
Another time
Another time
Another time
Another time
Another time
Another time
Another time
Another time
Another time
Another time
Another time
Another time
Another time
Another time
Another time
Another time
Another time
Another time
Another time
Another time
Another time
Another time
Another time
Another time
Another time
Another time
Another time
Another time
Another time
Another time
Another time
Another time
Another time
Another time
Another time
Another time
Another time
Another time
Another time
Another time
Another time
Another time
Another time
Another time
Another time
Another time
Another time
Another time
Another time
Another time
Another time
Another time
Another time
Another time
Another time
Another time
Another time
Another time
Another time
Another time
Another time
Another time
Another time
Another time
Another time
Another time
Another time
Another time
Another time
Another time
Another time
Another time
Another time
Another time
Another time
Another time
Another time
Another time
Another time
Another time
Another time
Another time
Another time
Another time
Another time
Another time
Another time
Another time
Another time
Another time
Another time
Another time
Another time
Another time
Another time
Another time
Another time
Another time
Another time
Another time
Another time
Another time
Another time
Another time
Another time
Another time
Another time
Another time
Another time
Another time
Another time
Another time
Another time
Another time
Another time
Another time
Another time
Another time
Another time
Another time
Another time
Another time
Another time
Another time
Another time
Another time
Another time
Another time
Another time
Another time
Another time
Another time
Another time
Another time
Another time
Another time
Another time
Another time
Another time
Another time
Another time
Another time
Another time
Another time
Another time
Another time
Another time
Another time
Another time
Another time
Another time
Another time
Another time
Another time
Another time
Another time
Another time
Another time
Another time
Another time
Another time
Another time
Another time
Another time
Another time
Another time
Another time
Another time
Another time
Another time
Another time
Another time
Another time
Another time
Another time
Another time
Another time
Another time
Another time
Another time
Another time
Another time
Another time
Another time
Another time
Another time
Another time
Another time
Another time
Another time
Another time
Another time
Another time
Another time
Another time
Another time
Another time
Another time
Another time
Another time
Another time
Another time
Another time
Another time
Another time
Another time
Another time
Another time
Another time
Another time
Another time
Another time
Another time
Another time
Another time
Another time
Another time
Another time
Another time
Another time
Another time
Another time
Another time
Another time
Another time
Another time
Another time
Another time
Another time
Another time
Another time
Another time
Another time
Another time
Another time
Another time
Another time
Another time
Another time
Another time
Another time
Another time
Another time
Another time
Another time
Another time
Another time
Another time
Another time
Another time
Another time
Another time
Another time
Another time
Another time
Another time
Another time
Another time
Another time
Another time
Another time
Another time
Another time
Another time
Another time
Another time
Another time
Another time
Another time
Another time
Another time
Another time
Another time
Another time
Another time
Another time
Another time
Another time
Another time
Another time
Another time
Another time
Another time
Another time
Another time
Another time
Another time
Another time
Another time
Another time
Another time
Another time
Another time
Another time
Another time
Another time
Another time
Another time
Another time
Another time
Another time
Another time
Another time
Another time
Another time
Another time
Another time
Another time
Another time
Another time
Another time
Another time
Another time
Another time
Another time
Another time
Another time
Another time
Another time
Another time
Another time
Another time
Another time
Another time
Another time
Another time
Another time
Another time
Another time
Another time
Another time
Another time
Another time
Another time
Another time
Another time
Another time
Another time
Another time
Another time
Another time
Another time
Another time
Another time
Another time
Another time
Another time
Another time
Another time
Another time
Another time
Another time
Another time
Another time
Another time
Another time
Another time
Another time
Another time
Another time
Another time
Another time
Another time
Another time
Another time
Another time
Another time
Another time
Another time
Another time
Another time
Another time
Another time
Another time
Another time
Another time
Another time
Another time
Another time
Another time
Another time
Another time
Another time
Another time
Another time
Another time
Another time
Another time
Another time
Another time
Another time
Another time
Another time
Another time
Another time
Another time
Another time
Another time
Another time
Another time
Another time
Another time
Another time
Another time
Another time
Another time
Another time
Another time
Another time
Another time
Another time
Another time
Another time
Another time
Another time
Another time
Another time
Another time
Another time
Another time
Another time
Another time
Another time
Another time
Another time
Another time
Another time
Another time
Another time
Another time
Another time
Another time
Another time
Another time
Another time
Another time
Another time
Another time
Another time
Another time
Another time
Another time
Another time
Another time
Another time
Another time
Another time
Another time
Another time
Another time
Another time
Another time
Another time
Another time
Another time
Another time
Another time
Another time
Another time
Another time
Another time
Another time
Another time
Another time
Another time
Another time
Another time
Another time
Another time
Another time
Another time
Another time
Another time
Another time
Another time
Another time
Another time
Another time
Another time
Another time
Another time
Another time
Another time
Another time
Another time
Another time
Another time
Another time
Another time
Another time
Another time
Another time
Another time
Another time
Another time
Another time
Another time
Another time
Another time
Another time
Another time
Another time
Another time
Another time
Another time
Another time
Another time
Another time
Another time
Another time
Another time
Another time
Another time
Another time
Another time
Another time
Another time
Another time
Another time
Another time
Another time
Another time
Another time
Another time
Another time
Another time
Another time
Another time
Another time
Another time
Another time
Another time
Another time
Another time
Another time
Another time
Another time
Another time
Another time
Another time
Another time
Another time
Another time
Another time
Another time
Another time
Another time
Another time
Another time
Another time
Another time
Another time
Another time
Another time
Another time
Another time
Another time
Another time
Another time
Another time
Another time
Another time
Another time
Another time
Another time
Another time
Another time
Another time
Another time
Another time
Another time
Another time
Another time
Another time
Another time
Another time
Another time
Another time
Another time
Another time
Another time
Another time
Another time
Another time
Another time
Another time
Another time
Another time
Another time
Another time
Another time
Another time
Another time
Another time
Another time
Another time
Another time
Another time
Another time
Another time
Another time
Another time
Another time
Another time
Another time
Another time
Another time
Another time
Another time
Another time
Another time
Another time
Another time
Another time
Another time
Another time
Another time
Another time
Another time
Another time
Another time
Another time
Another time
Another time
Another time
Another time
Another time
Another time
Another time
Another time
Another time
Another time
Another time
Another time
Another time
Another time
Another time
Another time
Another time
Another time
Another time
Another time
Another time
Another time
Another time
Another time
Another time
Another time
Another time
Another time
Another time
Another time
Another time
Another time
Another time
Another time
Another time
Another time
Another time
Another time
Another time
Another time
Another time
Another time
Another time
Another time
Another time
Another time
Another time
Another time
Another time
Another time
Another time
Another time
Another time
Another time
Another time
Another time
Another time
Another time
Another time
Another time
Another time
Another time
Another time
Another time
Another time
Another time
Another time
Another time
Another time
Another time
Another time
Another time
Another time
Another time
Another time
Another time
Another time
Another time
Another time
Another time
Another time
Another time
Another time
Another time
Another time
Another time
Another time
Another time
Another time
Another time
Another time
Another time
Another time
Another time
Another time
Another time
Another time
Another time
Another time
Another time
Another time
Another time
Another time
Another time
Another time
Another time
Another time
Another time
Another time
Another time
Another time
Another time
Another time
Another time
Another time
Another time
Another time
Another time
Another time
Another time
Another time
Another time
Another time
Another time
Another time
Another time
Another time
Another time
Another time
Another time
Another time
Another time
Another time
Another time
Another time
Another time
Another time
Another time
Another time
Another time
Another time
Another time
Another time
Another time
Another time
Another time
Another time
Another time
Another time
Another time
Another time
Another time
Another time
Another time
Another time
Another time
Another time
Another time
Another time
Another time
Another time
Another time
Another time
Another time
Another time
Another time
Another time
Another time
Another time
Another time
Another time
Another time
Another time
Another time
Another time
Another time
Another time
Another time
Another time
Another time
Another time
Another time
Another time
Another time
Another time
Another time
Another time
Another time
Another time
Another time
Another time
Another time
Another time
Another time
Another time
Another time
Another time
Another time
Another time
Another time
Another time
Another time
Another time
Another time
Another time
Another time
Another time
Another time
Another time
Another time
Another time
Another time
Another time
Another time
Another time
Another time
Another time
Another time
Another time
Another time
Another time
Another time
Another time
Another time
Another time
Another time
Another time
Another time
Another time
Another time
Another time
Another time
Another time
Another time
Another time
Another time
Another time
Another time
Another time
Another time
Another time
Another time
Another time
Another time
Another time
Another time
Another time
Another time
Another time
Another time
Another time
Another time
Another time
Another time
Another time
Another time
Another time
Another time
Another time
Another time
Another time
Another time
Another time
Another time
Another time
Another time
Another time
Another time
Another time
Another time
Another time
Another time
Another time
Another time
Another time
Another time
Another time
Another time
Another time
Another time
Another time
Another time
Another time
Another time
Another time
Another time
Another time
Another time
Another time
Another time
Another time
Another time
Another time
Another time
Another time
Another time
Another time
Another time
Another time
Another time
Another time
Another time
Another time
Another time
Another time
Another time
Another time
Another time
Another time
Another time
Another time
Another time
Another time
Another time
Another time
Another time
Another time
Another time
Another time
Another time
Another time
Another time
Another time
Another time
Another time
Another time
Another time
Another time
Another time
Another time
Another time
Another time
Another time
Another time
Another time
Another time
Another time
Another time
Another time
Another time
Another time
Another time
Another time
Another time
Another time
Another time
Another time
Another time
Another time
Another time
Another time
Another time
Another time
Another time
Another time
Another time
Another time
Another time
Another time
Another time
Another time
Another time
Another time
Another time
Another time
Another time
Another time
Another time
Another time
Another time
Another time
Another time
Another time
Another time
Another time
Another time
Another time
Another time
Another time
Another time
Another time
Another time
Another time
Another time
Another time
Another time
Another time
Another time
Another time
Another time
Another time
Another time
Another time
Another time
Another time
Another time
Another time
Another time
Another time
Another time
Another time
Another time
Another time
Another time
Another time
Another time
Another time
Another time
Another time
Another time
Another time
Another time
Another time
Another time
Another time
Another time
Another time
Another time
Another time
Another time
Another time
Another time
Another time
Another time
Another time
Another time
Another time
Another time
Another time
Another time
Another time
Another time
Another time
Another time
Another time
Another time
Another time
Another time
Another time
Another time
Another time
Another time
Another time
Another time
Another time
Another time
Another time
Another time
Another time
Another time
Another time
Another time
Another time
Another time
Another time
Another time
Another time
Another time
Another time
Another time
Another time
Another time
Another time
Another time
Another time
Another time
Another time
Another time
Another time
Another time
Another time
Another time
Another time
Another time
Another time
Another time
Another time
Another time
Another time
Another time
Another time
Another time
Another time
Another time
Another time
Another time
Another time
Another time
Another time
Another time
Another time
Another time
Another time
Another time
Another time
Another time
Another time
Another time
Another time
Another time
Another time
Another time
Another time
Another time
Another time
Another time
Another time
Another time
Another time
Another time
Another time
Another time
Another time
Another time
Another time
Another time
Another time
Another time
Another time
Another time
Another time
Another time
Another time
Another time
Another time
Another time
Another time
Another time
Another time
Another time
Another time
Another time
Another time
Another time
Another time
Another time
Another time
Another time
Another time
Another time
Another time
Another time
Another time
Another time
Another time
Another time
Another time
Another time
Another time
Another time
Another time
Another time
Another time
Another time
Another time
Another time
Another time
Another time
Another time
Another time
Another time
Another time
Another time
Another time
Another time
Another time
Another time
Another time
Another time
Another time
Another time
Another time
Another time
Another time
Another time
Another time
Another time
Another time
Another time
Another time
Another time
Another time
Another time
Another time
Another time
Another time
Another time
Another time
Another time
Another time
Another time
Another time
Another time
Another time
Another time
Another time
Another time
Another time
Another time
Another time
Another time
Another time
Another time
Another time
Another time
Another time
Another time
Another time
Another time
Another time
Another time
Another time
Another time
Another time
Another time
Another time
Another time
Another time
Another time
Another time
Another time
Another time
Another time
Another time
Another time
Another time
Another time
Another time
Another time
Another time
Another time
Another time
Another time
Another time
Another time
Another time
Another time
Another time
Another time
Another time
Another time
Another time
Another time
Another time
Another time
Another time
Another time
Another time
Another time
Another time
Another time
Another time
Another time
Another time
Another time
Another time
Another time
Another time
Another time
Another time
Another time
Another time
Another time
Another time
Another time
Another time
Another time
Another time
Another time
Another time
Another time
Another time
Another time
Another time
Another time
Another time
Another time
Another time
Another time
Another time
Another time
Another time
Another time
Another time
Another time
Another time
Another time
Another time
Another time
Another time
Another time
Another time
Another time
Another time
Another time
Another time
Another time
Another time
Another time
Another time
Another time
Another time
Another time
Another time
Another time
Another time
Another time
Another time
Another time
Another time
Another time
Another time
Another time
Another time
Another time
Another time
Another time
Another time
Another time
Another time
Another time
Another time
Another time
Another time
Another time
Another time
Another time
Another time
Another time
Another time
Another time
Another time
Another time
Another time
Another time
Another time
Another time
Another time
Another time
Another time
Another time
Another time
Another time
Another time
Another time
Another time
Another time
Another time
Another time
Another time
Another time
Another time
Another time
Another time
Another time
Another time
Another time
Another time
Another time
Another time
Another time
Another time
Another time
Another time
Another time
Another time
Another time
Another time
Another time
Another time
Another time
Another time
Another time
Another time
Another time
Another time
Another time
Another time
Another time
Another time
Another time
Another time
Another time
Another time
Another time
Another time
Another time
Another time
Another time
Another time
Another time
Another time
Another time
Another time
Another time
Another time
Another time
Another time
Another time
Another time
Another time
Another time
Another time
Another time
Another time
Another time
Another time
Another time
Another time
Another time
Another time
Another time
Another time
Another time
Another time
Another time
Another time
Another time
Another time
Another time
Another time
Another time
Another time
Another time
Another time
Another time
Another time
Another time
Another time
Another time
Another time
Another time
Another time
Another time
Another time
Another time
Another time
Another time
Another time
Another time
Another time
Another time
Another time
Another time
Another time
Another time
Another time
Another time
Another time
Another time
Another time
Another time
Another time
Another time
Another time
Another time
Another time
Another time
Another time
Another time
Another time
Another time
Another time
Another time
Another time
Another time
Another time
Another time
Another time
Another time
Another time
Another time
Another time
Another time
Another time
Another time
Another time
Another time
Another time
Another time
Another time
Another time
Another time
Another time
Another time
Another time
Another time
Another time
Another time
Another time
Another time
Another time
Another time
Another time
Another time
Another time
Another time
Another time
Another time
Another time
Another time
Another time
Another time
Another time
Another time
Another time
Another time
Another time
Another time
Another time
Another time
Another time
Another time
Another time
Another time
Another time
Another time
Another time
Another time
Another time
Another time
Another time
Another time
Another time
Another time
Another time
Another time
Another time
Another time
Another time
Another time
Another time
Another time
Another time
Another time
Another time
Another time
Another time
Another time
Another time
Another time
Another time
Another time
Another time
Another time
Another time
Another time
Another time
Another time
Another time
Another time
Another time
Another time
Another time
Another time
Another time
Another time
Another time
Another time
Another time
Another time
Another time
Another time
Another time
Another time
Another time
Another time
Another time
Another time
Another time
Another time
Another time
Another time
Another time
Another time
Another time
Another time
Another time
Another time
Another time
Another time
Another time
Another time
Another time
Another time
Another time
Another time
Another time
Another time
Another time
Another time
Another time
Another time
Another time
Another time
Another time
Another time
Another time
Another time
Another time
Another time
Another time
Another time
Another time
Another time
Another time
Another time
Another time
Another time
Another time
Another time
Another time
Another time
Another time
Another time
Another time
Another time
Another time
Another time
Another time
Another time
Another time
Another time
Another time
Another time
Another time
Another time
Another time
Another time
Another time
Another time
Another time
Another time
Another time
Another time
Another time
Another time
Another time
Another time
Another time
Another time
Another time
Another time
Another time
Another time
Another time
Another time
Another time
Another time
Another time
Another time
Another time
Another time
Another time
Another time
Another time
Another time
Another time
Another time
Another time
Another time
Another time
Another time
Another time
Another time
Another time
Another time
Another time
Another time
Another time
Another time
Another time
Another time
Another time
Another time
Another time
Another time
Another time
Another time
Another time
Another time
Another time
Another time
Another time
Another time
Another time
Another time
Another time
Another time
Another time
Another time
Another time
Another time
Another time
Another time
Another time
Another time
Another time
Another time
Another time
Another time
Another time
Another time
Another time
Another time
Another time
Another time
Another time
Another time
Another time
Another time
Another time
Another time
Another time
Another time
Another time
Another time
Another time
Another time
Another time
Another time
Another time
Another time
Another time
Another time
Another time
Another time
Another time
Another time
Another time
Another time
Another time
Another time
Another time
Another time
Another time
Another time
Another time
Another time
Another time
Another time
Another time
Another time
Another time
Another time
Another time
Another time
Another time
Another time
Another time
Another time
Another time
Another time
Another time
Another time
Another time
Another time
Another time
Another time
Another time
Another time
Another time
Another time
Another time
Another time
Another time
Another time
Another time
Another time
Another time
Another time
Another time
Another time
Another time
Another time
Another time
Another time
Another time
Another time
Another time
Another time
Another time
Another time
Another time
Another time
Another time
Another time
Another time
Another time
Another time
Another time
Another time
Another time
Another time
Another time
Another time
Another time
Another time
Another time
Another time
Another time
Another time
Another time
Another time
Another time
Another time
Another time
Another time
Another time
Another time
Another time
Another time
Another time
Another time
Another time
Another time
Another time
Another time
Another time
Another time
Another time
Another time
Another time
Another time
Another time
Another time
Another time
Another time
Another time
Another time
Another time
Another time
Another time
Another time
Another time
Another time
Another time
Another time
Another time
Another time
Another time
Another time
Another time
Another time
Another time
Another time
Another time
Another time
Another time
Another time
Another time
Another time
Another time
Another time
Another time
Another time
Another time
Another time
Another time
Another time
Another time
Another time
Another time
Another time
Another time
Another time
Another time
Another time
Another time
Another time
Another time
Another time
Another time
Another time
Another time
Another time
Another time
Another time
Another time
Another time
Another time
Another time
Another time
Another time
Another time
Another time
Another time
Another time
Another time
Another time
Another time
Another time
Another time
Another time
Another time
Another time
Another time
Another time
Another time
Another time
Another time
Another time
Another time
Another time
Another time
Another time
Another time
Another time
Another time
Another time
Another time
Another time
Another time
Another time
Another time
Another time
Another time
Another time
Another time
Another time
Another time
Another time
Another time
Another time
Another time
Another time
Another time
Another time
Another time
Another time
Another time
Another time
Another time
Another time
Another time
Another time
Another time
Another time
Another time
Another time
Another time
Another time
Another time
Another time
Another time
Another time
Another time
Another time
Another time
Another time
Another time
Another time
Another time
Another time
Another time
Another time
Another time
Another time
Another time
Another time
Another time
Another time
Another time
Another time
Another time
Another time
Another time
Another time
Another time
Another time
Another time
Another time
Another time
Another time
Another time
Another time
Another time
Another time
Another time
Another time
Another time
Another time
Another time
Another time
Another time
Another time
Another time
Another time
Another time
Another time
Another time
Another time
Another time
Another time
Another time
Another time
Another time
Another time
Another time
Another time
Another time
Another time
Another time
Another time
Another time
Another time
Another time
Another time
Another time
Another time
Another time
Another time
Another time
Another time
Another time
Another time
Another time
Another time
Another time
Another time
Another time
Another time
Another time
Another time
Another time
Another time
Another time
Another time
Another time
Another time
Another time
Another time
Another time
Another time
Another time
Another time
Another time
Another time
Another time
Another time
Another time
Another time
Another time
Another time
Another time
Another time
Another time
Another time
Another time
Another time
Another time
Another time
Another time
Another time
Another time
Another time
Another time
Another time
Another time
Another time
Another time
Another time
Another time
Another time
Another time
Another time
Another time
Another time
Another time
Another time
Another time
Another time
Another time
Another time
Another time
Another time
Another time
Another time
Another time
Another time
Another time
Another time
Another time
Another time
Another time
Another time
Another time
Another time
Another time
Another time
Another time
Another time
Another time
Another time
Another time
Another time
Another time
Another time
Another time
Another time
Another time
Another time
Another time
Another time
Another time
Another time
Another time
Another time
Another time
Another time
Another time
Another time
Another time
Another time
Another time
Another time
Another time
Another time
Another time
Another time
Another time
Another time
Another time
Another time
Another time
Another time
Another time
Another time
Another time
Another time
Another time
Another time
Another time
Another time
Another time
Another time
Another time
Another time
Another time
Another time
Another time
Another time
Another time
Another time
Another time
Another time
Another time
Another time
Another time
Another time
Another time
Another time
Another time
Another time
Another time
Another time
Another time
Another time
Another time
Another time
Another time
Another time
Another time
Another time
Another time
Another time
Another time
Another time
Another time
Another time
Another time
Another time
Another time
Another time
Another time
Another time
Another time
Another time
Another time
Another time
Another time
Another time
Another time
Another time
Another time
Another time
Another time
Another time
Another time
Another time
Another time
Another time
Another time
Another time
Another time
Another time
Another time
Another time
Another time
Another time
Another time
Another time
Another time
Another time
Another time
Another time
Another time
Another time
Another time
Another time
Another time
Another time
Another time
Another time
Another time
Another time
Another time
Another time
Another time
Another time
Another time
Another time
Another time
Another time
Another time
Another time
Another time
Another time
Another time
Another time
Another time
Another time
Another time
Another time
Another time
Another time
Another time
Another time
Another time
Another time
Another time
Another time
Another time
Another time
Another time
Another time
Another time
Another time
Another time
Another time
Another time
Another time
Another time
Another time
Another time
Another time
Another time
Another time
Another time
Another time
Another time
Another time
Another time
Another time
Another time
Another time
Another time
Another time
Another time
Another time
Another time
Another time
Another time
Another time
Another time
Another time
Another time
Another time
Another time
Another time
Another time
Another time
Another time
Another time
Another time
Another time
Another time
Another time
Another time
Another time
Another time
Another time
Another time
Another time
Another time
Another time
Another time
Another time
Another time
Another time
Another time
Another time
Another time
Another time
Another time
Another time
Another time
Another time
Another time
Another time
Another time
Another time
Another time
Another time
Another time
Another time
Another time
Another time
Another time
Another time
Another time
Another time
Another time
Another time
Another time
Another time
Another time
Another time
Another time
Another time
Another time
Another time
Another time
Another time
Another time
Another time
Another time
Another time
Another time
Another time
Another time
Another time
Another time
Another time
Another time
Another time
Another time
Another time
Another time
Another time
Another time
Another time
Another time
Another time
Another time
Another time
Another time
Another time
Another time
Another time
Another time
Another time
Another time
Another time
Another time
Another time
Another time
Another time
Another time
Another time
Another time
Another time
Another time
Another time
Another time
Another time
Another time
Another time
Another time
Another time
Another time
Another time
Another time
Another time
Another time
Another time
Another time
Another time
Another time
Another time
Another time
Another time
Another time
Another time
Another time
Another time
Another time
Another time
Another time
Another time
Another time
Another time
Another time
Another time
Another time
Another time
Another time
Another time
Another time
Another time
Another time
Another time
Another time
Another time
Another time
Another time
Another time
Another time
Another time
Another time
Another time
Another time
Another time
Another time
Another time
Another time
Another time
Another time
Another time
Another time
Another time
Another time
Another time
Another time
Another time
Another time
Another time
Another time
Another time
Another time
Another time
Another time
Another time
Another time
Another time
Another time
Another time
Another time
Another time
Another time
Another time
Another time
Another time
Another time
Another time
Another time
Another time
Another time
Another time
Another time
Another time
Another time
Another time
Another time
Another time
Another time
Another time
Another time
Another time
Another time
Another time
Another time
Another time
Another time
Another time
Another time
Another time
Another time
Another time
Another time
Another time
Another time
Another time
Another time
Another time
Another time
Another time
Another time
Another time
Another time
Another time
Another time
Another time
Another time
Another time
Another time
Another time
Another time
Another time
Another time
Another time
Another time
Another time
Another time
Another time
Another time
Another time
Another time
Another time
Another time
Another time
Another time
Another time
Another time
Another time
Another time
Another time
Another time
Another time
Another time
Another time
Another time
Another time
Another time
Another time
Another time
Another time
Another time
Another time
Another time
Another time
Another time
Another time
Another time
Another time
Another time
Another time
Another time
Another time
Another time
Another time
Another time
Another time
Another time
Another time
Another time
Another time
Another time
Another time
Another time
Another time
Another time
Another time
Another time
Another time
Another time
Another time
Another time
Another time
Another time
Another time
Another time
Another time
Another time
Another time
Another time
Another time
Another time
Another time
Another time
Another time
Another time
Another time
Another time
Another time
Another time
Another time
Another time
Another time
Another time
Another time
Another time
Another time
Another time
Another time
Another time
Another time
Another time
Another time
Another time
Another time
Another time
Another time
Another time
Another time
Another time
Another time
Another time
Another time
Another time
Another time
Another time
Another time
Another time
Another time
Another time
Another time
Another time
Another time
Another time
Another time
Another time
Another time
Another time
Another time
Another time
Another time
Another time
Another time
Another time
Another time
Another time
Another time
Another time
Another time
Another time
Another time
Another time
Another time
Another time
Another time
Another time
Another time
Another time
Another time
Another time
Another time
Another time
Another time
Another time
Another time
Another time
Another time
Another time
Another time
Another time
Another time
Another time
Another time
Another time
Another time
Another time
Another time
Another time
Another time
Another time
Another time
Another time
Another time
Another time
Another time
Another time
Another time
Another time
Another time
Another time
Another time
Another time
Another time
Another time
Another time
Another time
Another time
Another time
Another time
Another time
Another time
Another time
Another time
Another time
Another time
Another time
Another time
Another time
Another time
Another time
Another time
Another time
Another time
Another time
Another time
Another time
Another time
Another time
Another time
Another time
Another time
Another time
Another time
Another time
Another time
Another time
Another time
Another time
Another time
Another time
Another time
Another time
Another time
Another time
Another time
Another time
Another time
Another time
Another time
Another time
Another time
Another time
Another time
Another time
Another time
Another time
Another time
Another time
Another time
Another time
Another time
Another time
Another time
Another time
Another time
Another time
Another time
Another time
Another time
Another time
Another time
Another time
Another time
Another time
Another time
Another time
Another time
Another time
Another time
Another time
Another time
Another time
Another time
Another time
Another time
Another time
Another time
Another time
Another time
Another time
Another time
Another time
Another time
Another time
Another time
Another time
Another time
Another time
Another time
Another time
Another time
Another time
Another time
Another time
Another time
Another time
Another time
Another time
Another time
Another time
Another time
Another time
Another time
Another time
Another time
Another time
Another time
Another time
Another time
Another time
Another time
Another time
Another time
Another time
Another time
Another time
Another time
Another time
Another time
Another time
Another time
Another time
Another time
Another time
Another time
Another time
Another time
Another time
Another time
Another time
Another time
Another time
Another time
Another time
Another time
Another time
Another time
Another time
Another time
Another time
Another time
Another time
Another time
Another time
Another time
Another time
Another time
Another time
Another time
Another time
Another time
Another time
Another time
Another time
Another time
Another time
Another time
Another time
Another time
Another time
Another time
Another time
Another time
Another time
Another time
Another time
Another time
Another time
Another time
Another time
Another time
Another time
Another time
Another time
Another time
Another time
Another time
Another time
Another time
Another time
Another time
Another time
Another time
Another time
Another time
Another time
Another time
Another time
Another time
Another time
Another time
Another time
Another time
Another time
Another time
Another time
Another time
Another time
Another time
Another time
Another time
Another time
Another time
Another time
Another time
Another time
Another time
Another time
Another time
Another time
Another time
Another time
Another time
Another time
Another time
Another time
Another time
Another time
Another time
Another time
Another time
Another time
Another time
Another time
Another time
Another time
Another time
Another time
Another time
Another time
Another time
Another time
Another time
Another time
Another time
Another time
Another time
Another time
Another time
Another time
Another time
Another time
Another time
Another time
Another time
Another time
Another time
Another time
Another time
Another time
Another time
Another time
Another time
Another time
Another time
Another time
Another time
Another time
Another time
Another time
Another time
Another time
Another time
Another time
Another time
Another time
Another time
Another time
Another time
Another time
Another time
Another time
Another time
Another time
Another time
Another time
Another time
Another time
Another time
Another time
Another time
Another time
Another time
Another time
Another time
Another time
Another time
Another time
Another time
Another time
Another time
Another time
Another time
Another time
Another time
Another time
Another time
Another time
Another time
Another time
Another time
Another time
Another time
Another time
Another time
Another time
Another time
Another time
Another time
Another time
Another time
Another time
Another time
Another time
Another time
Another time
Another time
Another time
Another time
Another time
Another time
Another time
Another time
Another time
Another time
Another time
Another time
Another time
Another time
Another time
Another time
Another time
Another time
Another time
Another time
Another time
Another time
Another time
Another time
Another time
Another time
Another time
Another time
Another time
Another time
Another time
Another time
Another time
Another time
Another time
Another time
Another time
Another time
Another time
Another time
Another time
Another time
Another time
Another time
Another time
Another time
Another time
Another time
Another time
Another time
Another time
Another time
Another time
Another time
Another time
Another time
Another time
Another time
Another time
Another time
Another time
Another time
Another time
Another time
Another time
Another time
Another time
Another time
Another time
Another time
Another time
Another time
Another time
Another time
Another time
Another time
Another time
Another time
Another time
Another time
Another time
Another time
Another time
Another time
Another time
Another time
Another time
Another time
Another time
Another time
Another time
Another time
Another time
Another time
Another time
Another time
Another time
Another time
Another time
Another time
Another time
Another time
Another time
Another time
Another time
Another time
Another time
Another time
Another time
Another time
Another time
Another time
Another time
Another time
Another time
Another time
Another time
Another time
Another time
Another time
Another time
Another time
Another time
Another time
Another time
Another time
Another time
Another time
Another time
Another time
Another time
Another time
Another time
Another time
Another time
Another time
Another time
Another time
Another time
Another time
Another time
Another time
Another time
Another time
Another time
Another time
Another time
Another time
Another time
Another time
Another time
Another time
Another time
Another time
Another time
Another time
Another time
Another time
Another time
Another time
Another time
Another time
Another time
Another time
Another time
Another time
Another time
Another time
Another time
Another time
Another time
Another time
Another time
Another time
Another time
Another time
Another time
Another time
Another time
Another time
Another time
Another time
Another time
Another time
Another time
Another time
Another time
Another time
Another time
Another time
Another time
Another time
Another time
Another time
Another time
Another time
Another time
Another time
Another time
Another time
Another time
Another time
Another time
Another time
Another time
Another time
Another time
Another time
Another time
Another time
Another time
Another time
Another time
Another time
Another time
Another time
Another time
Another time
Another time
Another time
Another time
Another time
Another time
Another time
Another time
Another time
Another time
Another time
Another time
Another time
Another time
Another time
Another time
Another time
Another time
Another time
Another time
Another time
Another time
Another time
Another time
Another time
Another time
Another time
Another time
Another time
Another time
Another time
Another time
Another time
Another time
Another time
Another time
Another time
Another time
Another time
Another time
Another time
Another time
Another time
Another time
Another time
Another time
Another time
Another time
Another time
Another time
Another time
Another time
Another time
Another time
Another time
Another time
Another time
Another time
Another time
Another time
Another time
Another time
Another time
Another time
Another time
Another time
Another time
Another time
Another time
Another time
Another time
Another time
Another time
Another time
Another time
Another time
Another time
Another time
Another time
Another time
Another time
Another time
Another time
Another time
Another time
Another time
Another time
Another time
Another time
Another time
Another time
Another time
Another time
Another time
Another time
Another time
Another time
Another time
Another time
Another time
Another time
Another time
Another time
Another time
Another time
Another time
Another time
Another time
Another time
Another time
Another time
Another time
Another time
Another time
Another time
Another time
Another time
Another time
Another time
Another time
Another time
Another time
Another time
Another time
Another time
Another time
Another time
Another time
Another time
Another time
Another time
Another time
Another time
Another time
Another time
Another time
Another time
Another time
Another time
Another time
Another time
Another time
Another time
Another time
Another time
Another time
Another time
Another time
Another time
Another time
Another time
Another time
Another time
Another time
Another time
Another time
Another time
Another time
Another time
Another time
Another time
Another time
Another time
Another time
Another time
Another time
Another time
Another time
Another time
Another time
Another time
Another time
Another time
Another time
Another time
Another time
Another time
Another time
Another time
Another time
Another time
Another time
Another time
Another time
Another time
Another time
Another time
Another time
Another time
Another time
Another time
Another time
Another time
Another time
Another time
Another time
Another time
Another time
Another time
Another time
Another time
Another time
Another time
Another time
Another time
Another time
Another time
Another time
Another time
Another time
Another time
Another time
Another time
Another time
Another time
Another time
Another time
Another time
Another time
Another time
Another time
Another time
Another time
Another time
Another time
Another time
Another time
Another time
Another time
Another time
Another time
Another time
Another time
Another time
Another time
Another time
Another time
Another time
Another time
Another time
Another time
Another time
Another time
Another time
Another time
Another time
Another time
Another time
Another time
Another time
Another time
Another time
Another time
Another time
Another time
Another time
Another time
Another time
Another time
Another time
Another time
Another time
Another time
Another time
Another time
Another time
Another time
Another time
Another time
Another time
Another time
Another time
Another time
Another time
Another time
Another time
Another time
Another time
Another time
Another time
Another time
Another time
Another time
Another time
Another time
Another time
Another time
Another time
Another time
Another time
Another time
Another time
Another time
Another time
Another time
Another time
Another time
Another time
Another time
Another time
Another time
Another time
Another time
Another time
Another time
Another time
Another time
Another time
Another time
Another time
Another time
Another time
Another time
Another time
Another time
Another time
Another time
Another time
Another time
Another time
Another time
Another time
Another time
Another time
Another time
Another time
Another time
Another time
Another time
Another time
Another time
Another time
Another time
Another time
Another time
Another time
Another time
Another time
Another time
Another time
Another time
Another time
Another time
Another time
Another time
Another time
Another time
Another time
Another time
Another time
Another time
Another time
Another time
Another time
Another time
Another time
Another time
Another time
Another time
Another time
Another time
Another time
Another time
Another time
Another time
Another time
Another time
Another time
Another time
Another time
Another time
Another time
Another time
Another time
Another time
Another time
Another time
Another time
Another time
Another time
Another time
Another time
Another time
Another time
Another time
Another time
Another time
Another time
Another time
Another time
Another time
Another time
Another time
Another time
Another time
Another time
Another time
Another time
Another time
Another time
Another time
Another time
Another time
Another time
Another time
Another time
Another time
Another time
Another time
Another time
Another time
Another time
Another time
Another time
Another time
Another time
Another time
Another time
Another time
Another time
Another time
Another time
Another time
Another time
Another time
Another time
Another time
Another time
Another time
Another time
Another time
Another time
Another time
Another time
Another time
Another time
Another time
Another time
Another time
Another time
Another time
Another time
Another time
Another time
Another time
Another time
Another time
Another time
Another time
Another time
Another time
Another time
Another time
Another time
Another time
Another time
Another time
Another time
Another time
Another time
Another time
Another time
Another time
Another time
Another time
Another time
Another time
Another time
Another time
Another time
Another time
Another time
Another time
Another time
Another time
Another time
Another time
Another time
Another time
Another time
Another time
Another time
Another time
Another time
Another time
Another time
Another time
Another time
Another time
Another time
Another time
Another time
Another time
Another time
Another time
Another time
Another time
Another time
Another time
Another time
Another time
Another time
Another time
Another time
Another time
Another time
Another time
Another time
Another time
Another time
Another time
Another time
Another time
Another time
Another time
Another time
Another time
Another time
Another time
Another time
Another time
Another time
Another time
Another time
Another time
Another time
Another time
Another time
Another time
Another time
Another time
Another time
Another time
Another time
Another time
Another time
Another time
Another time
Another time
Another time
Another time
Another time
Another time
Another time
Another time
Another time
Another time
Another time
Another time
Another time
Another time
Another time
Another time
Another time
Another time
Another time
Another time
Another time
Another time
Another time
Another time
Another time
Another time
Another time
Another time
Another time
Another time
Another time
Another time
Another time
Another time
Another time
Another time
Another time
Another time
Another time
Another time
Another time
Another time
Another time
Another time
Another time
Another time
Another time
Another time
Another time
Another time
Another time
Another time
Another time
Another time
Another time
Another time
Another time
Another time
Another time
Another time
Another time
Another time
Another time
Another time
Another time
Another time
Another time
Another time
Another time
Another time
Another time
Another time
Another time
Another time
Another time
Another time
Another time
Another time
Another time
Another time
Another time
Another time
Another time
Another time
Another time
Another time
Another time
Another time
Another time
Another time
Another time
Another time
Another time
Another time
Another time
Another time
Another time
Another time
Another time
Another time
Another time
Another time
Another time
Another time
Another time
Another time
Another time
Another time
Another time
Another time
Another time
Another time
Another time
Another time
Another time
Another time
Another time
Another time
Another time
Another time
Another time
Another time
Another time
Another time
Another time
Another time
Another time
Another time
Another time
Another time
Another time
Another time
Another time
Another time
Another time
Another time
Another time
Another time
Another time
Another time
Another time
Another time
Another time
Another time
Another time
Another time
Another time
Another time
Another time
Another time
Another time
Another time
Another time
Another time
Another time
Another time
Another time
Another time
Another time
Another time
Another time
Another time
Another time
Another time
Another time
Another time
Another time
Another time
Another time
Another time
Another time
Another time
Another time
Another time
Another time
Another time
Another time
Another time
Another time
Another time
Another time
Another time
Another time
Another time
Another time
Another time
Another time
Another time
Another time
Another time
Another time
Another time
Another time
Another time
Another time
Another time
Another time
Another time
Another time
Another time
Another time
Another time
Another time
Another time
Another time
Another time
Another time
Another time
Another time
Another time
Another time
Another time
Another time
Another time
Another time
Another time
Another time
Another time
Another time
Another time
Another time
Another time
Another time
Another time
Another time
Another time
Another time
Another time
Another time
Another time
Another time
Another time
Another time
Another time
Another time
Another time
Another time
Another time
Another time
Another time
Another time
Another time
Another time
Another time
Another time
Another time
Another time
Another time
Another time
Another time
Another time
Another time
Another time
Another time
Another time
Another time
Another time
Another time
Another time
Another time
Another time
Another time
Another time
Another time
Another time
Another time
Another time
Another time
Another time
Another time
Another time
Another time
Another time
Another time
Another time
Another time
Another time
Another time
Another time
Another time
Another time
Another time
Another time
Another time
Another time
Another time
Another time
Another time
Another time
Another time
Another time
Another time
Another time
Another time
Another time
Another time
Another time
Another time
Another time
Another time
Another time
Another time
Another time
Another time
Another time
Another time
Another time
Another time
Another time
Another time
Another time
Another time
Another time
Another time
Another time
Another time
Another time
Another time
Another time
Another time
Another time
Another time
Another time
Another time
Another time
Another time
Another time
Another time
Another time
Another time
Another time
Another time
Another time
Another time
Another time
Another time
Another time
Another time
Another time
Another time
Another time
Another time
Another time
Another time
Another time
Another time
Another time
Another time
Another time
Another time
Another time
Another time
Another time
Another time
Another time
Another time
Another time
Another time
Another time
Another time
Another time
Another time
Another time
Another time
Another time
Another time
Another time
Another time
Another time
Another time
Another time
Another time
Another time
Another time
Another time
Another time
Another time
Another time
Another time
Another time
Another time
Another time
Another time
Another time
Another time
Another time
Another time
Another time
Another time
Another time
Another time
Another time
Another time
Another time
Another time
Another time
Another time
Another time
Another time
Another time
Another time
Another time
Another time
Another time
Another time
Another time
Another time
Another time
Another time
Another time
Another time
Another time
Another time
Another time
Another time
Another time
Another time
Another time
Another time
Another time
Another time
Another time
Another time
Another time
Another time
Another time
Another time
Another time
Another time
Another time
Another time
Another time
Another time
Another time
Another time
Another time
Another time
Another time
Another time
Another time
Another time
Another time
Another time
Another time
Another time
Another time
Another time
Another time
Another time
Another time
Another time
Another time
Another time
Another time
Another time
Another time
Another time
Another time
Another time
Another time
Another time
Another time
Another time
Another time
Another time
Another time
Another time
Another time
Another time
Another time
Another time
Another time
Another time
Another time
Another time
Another time
Another time
Another time
Another time
Another time
Another time
Another time
Another time
Another time
Another time
Another time
Another time
Another time
Another time
Another time
Another time
Another time
Another time
Another time
Another time
Another time
Another time
Another time
Another time
Another time
Another time
Another time
Another time
Another time
Another time
Another time
Another time
Another time
Another time
Another time
Another time
Another time
Another time
Another time
Another time
Another time
Another time
Another time
Another time
Another time
Another time
Another time
Another time
Another time
Another time
Another time
Another time
Another time
Another time
Another time
Another time
Another time
Another time
Another time
Another time
Another time
Another time
Another time
Another time
Another time
Another time
Another time
Another time
Another time
Another time
Another time
Another time
Another time
Another time
Another time
Another time
Another time
Another time
Another time
Another time
Another time
Another time
Another time
Another time
Another time
Another time
Another time
Another time
Another time
Another time
Another time
Another time
Another time
Another time
Another time
Another time
Another time
Another time
Another time
Another time
Another time
Another time
Another time
Another time
Another time
Another time
Another time
Another time
Another time
Another time
Another time
Another time
Another time
Another time
Another time
Another time
Another time
Another time
Another time
Another time
Another time
Another time
Another time
Another time
Another time
Another time
Another time
Another time
Another time
Another time
Another time
Another time
Another time
Another time
Another time
Another time
Another time
Another time
Another time
Another time
Another time
Another time
Another time
Another time
Another time
Another time
Another time
Another time
Another time
Another time
Another time
Another time
Another time
Another time
Another time
Another time
Another time
Another time
Another time
Another time
Another time
Another time
Another time
Another time
Another time
Another time
Another time
Another time
Another time
Another time
Another time
Another time
Another time
Another time
Another time
Another time
Another time
Another time
Another time
Another time
Another time
Another time
Another time
Another time
Another time
Another time
Another time
Another time
Another time
Another time
Another time
Another time
Another time
Another time
Another time
Another time
Another time
Another time
Another time
Another time
Another time
Another time
Another time
Another time
Another time
Another time
Another time
Another time
Another time
Another time
Another time
Another time
Another time
Another time
Another time
Another time
Another time
Another time
Another time
Another time
Another time
Another time
Another time
Another time
Another time
Another time
Another time
Another time
Another time
Another time
Another time
Another time
Another time
Another time
Another time
Another time
Another time
Another time
Another time
Another time
Another time
Another time
Another time
Another time
Another time
Another time
Another time
Another time
Another time
Another time
Another time
Another time
Another time
Another time
Another time
Another time
Another time
Another time
Another time
Another time
Another time
Another time
Another time
Another time
Another time
Another time
Another time
Another time
Another time
Another time
Another time
Another time
Another time
Another time
Another time
Another time
Another time
Another time
Another time
Another time
Another time
Another time
Another time
Another time
Another time
Another time
Another time
Another time
Another time
Another time
Another time
Another time
Another time
Another time
Another time
Another time
Another time
Another time
Another time
Another time
Another time
Another time
Another time
Another time
Another time
Another time
Another time
Another time
Another time
Another time
Another time
Another time
Another time
Another time
Another time
Another time
Another time
Another time
Another time
Another time
Another time
Another time
Another time
Another time
Another time
Another time
Another time
Another time
Another time
Another time
Another time
Another time
Another time
Another time
Another time
Another time
Another time
Another time
Another time
Another time
Another time
Another time
Another time
Another time
Another time
Another time
Another time
Another time
Another time
Another time
Another time
Another time
Another time
Another time
Another time
Another time
Another time
Another time
Another time
Another time
Another time
Another time
Another time
Another time
Another time
Another time
Another time
Another time
Another time
Another time
Another time
Another time
Another time
Another time
Another time
Another time
Another time
Another time
Another time
Another time
Another time
Another time
Another time
Another time
Another time
Another time
Another time
Another time
Another time
Another time
Another time
Another time
Another time
Another time
Another time
Another time
Another time
Another time
Another time
Another time
Another time
Another time
Another time
Another time
Another time
Another time
Another time
Another time
Another time
Another time
Another time
Another time
Another time
Another time
Another time
Another time
Another time
Another time
Another time
Another time
Another time
Another time
Another time
Another time
Another time
Another time
Another time
Another time
Another time
Another time
Another time
Another time
Another time
Another time
Another time
Another time
Another time
Another time
Another time
Another time
Another time
Another time
Another time
Another time
Another time
Another time
Another time
Another time
Another time
Another time
Another time
Another time
Another time
Another time
Another time
Another time
Another time
Another time
Another time
Another time
Another time
Another time
Another time
Another time
Another time
Another time
Another time
Another time
Another time
Another time
Another time
Another time
Another time
Another time
Another time
Another time
Another time
Another time
Another time
Another time
Another time
Another time
Another time
Another time
Another time
Another time
Another time
Another time
Another time
Another time
Another time
Another time
Another time
Another time
Another time
Another time
Another time
Another time
Another time
Another time
Another time
Another time
Another time
Another time
Another time
Another time
Another time
Another time
Another time
Another time
Another time
Another time
Another time
Another time
Another time
Another time
Another time
Another time
Another time
Another time
Another time
Another time
Another time
Another time
Another time
Another time
Another time
Another time
Another time
Another time
Another time
Another time
Another time
Another time
Another time
Another time
Another time
Another time
Another time
Another time
Another time
Another time
Another time
Another time
Another time
Another time
Another time
Another time
Another time
Another time
Another time
Another time
Another time
Another time
Another time
Another time
Another time
Another time
Another time
Another time
Another time
Another time
Another time
Another time
Another time
Another time
Another time
Another time
Another time
Another time
Another time
Another time
Another time
Another time
Another time
Another time
Another time
Another time
Another time
Another time
Another time
Another time
Another time
Another time
Another time
Another time
Another time
Another time
Another time
Another time
Another time
Another time
Another time
Another time
Another time
Another time
Another time
Another time
Another time
Another time
Another time
Another time
Another time
Another time
Another time
Another time
Another time
Another time
Another time
Another time
Another time
Another time
Another time
Another time
Another time
Another time
Another time
Another time
Another time
Another time
Another time
Another time
Another time
Another time
Another time
Another time
Another time
Another time
Another time
Another time
Another time
Another time
Another time
Another time
Another time
Another time
Another time
Another time
Another time
Another time
Another time
Another time
Another time
Another time
Another time
Another time
Another time
Another time
Another time
Another time
Another time
Another time
Another time
Another time
Another time
Another time
Another time
Another time
Another time
Another time
Another time
Another time
Another time
Another time
Another time
Another time
Another time
Another time
Another time
Another time
Another time
Another time
Another time
Another time
Another time
Another time
Another time
Another time
Another time
Another time
Another time
Another time
Another time
Another time
Another time
Another time
Another time
Another time
Another time
Another time
Another time
Another time
Another time
Another time
Another time
Another time
Another time
Another time
Another time
Another time
Another time
Another time
Another time
Another time
Another time
Another time
Another time
Another time
Another time
Another time
Another time
Another time
Another time
Another time
Another time
Another time
Another time
Another time
Another time
Another time
Another time
Another time
Another time
Another time
Another time
Another time
Another time
Another time
Another time
Another time
Another time
Another time
Another time
Another time
Another time
Another time
Another time
Another time
Another time
Another time
Another time
Another time
Another time
Another time
Another time
Another time
Another time
Another time
Another time
Another time
Another time
Another time
Another time
Another time
Another time
Another time
Another time
Another time
Another time
Another time
Another time
Another time
Another time
Another time
Another time
Another time
Another time
Another time
Another time
Another time
Another time
Another time
Another time
Another time
Another time
Another time
Another time
Another time
Another time
Another time
Another time
Another time
Another time
Another time
Another time
Another time
Another time
Another time
Another time
Another time
Another time
Another time
Another time
Another time
Another time
Another time
Another time
Another time
Another time
Another time
Another time
Another time
Another time
Another time
Another time
Another time
Another time
Another time
Another time
Another time
Another time
Another time
Another time
Another time
Another time
Another time
Another time
Another time
Another time
Another time
Another time
Another time
Another time
Another time
Another time
Another time
Another time
Another time
Another time
Another time
Another time
Another time
Another time
Another time
Another time
Another time
Another time
Another time
Another time
Another time
Another time
Another time
Another time
Another time
Another time
Another time
Another time
Another time
Another time
Another time
Another time
Another time
Another time
Another time
Another time
Another time
Another time
Another time
Another time
Another time
Another time
Another time
Another time
Another time
Another time
Another time
Another time
Another time
Another time
Another time
Another time
Another time
Another time
Another time
Another time
Another time
Another time
Another time
Another time
Another time
Another time
Another time
Another time
Another time
Another time
Another time
Another time
Another time
Another time
Another time
Another time
Another time
Another time
Another time
Another time
Another time
Another time
Another time
Another time
Another time
Another time
Another time
Another time
Another time
Another time
Another time
Another time
Another time
Another time
Another time
Another time
Another time
Another time
Another time
Another time
Another time
Another time
Another time
Another time
Another time
Another time
Another time
Another time
Another time
Another time
Another time
Another time
Another time
Another time
Another time
Another time
Another time
Another time
Another time
Another time
Another time
Another time
Another time
Another time
Another time
Another time
Another time
Another time
Another time
Another time
Another time
Another time
Another time
Another time
Another time
Another time
Another time
Another time
Another time
Another time
Another time
Another time
Another time
Another time
Another time
Another time
Another time
Another time
Another time
Another time
Another time
Another time
Another time
Another time
Another time
Another time
Another time
Another time
Another time
Another time
Another time
Another time
Another time
Another time
Another time
Another time
Another time
Another time
Another time
Another time
Another time
Another time
Another time
Another time
Another time
Another time
Another time
Another time
Another time
Another time
Another time
Another time
Another time
Another time
Another time
Another time
Another time
Another time
Another time
Another time
Another time
Another time
Another time
Another time
Another time
Another time
Another time
Another time
Another time
Another time
Another time
Another time
Another time
Another time
Another time
Another time
Another time
Another time
Another time
Another time
Another time
Another time
Another time
Another time
Another time
Another time
Another time
Another time
Another time
Another time
Another time
Another time
Another time
Another time
Another time
Another time
Another time
Another time
Another time
Another time
Another time
Another time
Another time
Another time
Another time
Another time
Another time
Another time
Another time
Another time
Another time
Another time
Another time
Another time
Another time
Another time
Another time
Another time
Another time
Another time
Another time
Another time
Another time
Another time
Another time
Another time
Another time
Another time
Another time
Another time
Another time
Another time
Another time
Another time
Another time
Another time
Another time
Another time
Another time
Another time
Another time
Another time
Another time
Another time
Another time
Another time
Another time
Another time
Another time
Another time
Another time
Another time
Another time
Another time
Another time
Another time
Another time
Another time
Another time
Another time
Another time
Another time
Another time
Another time
Another time
Another time
Another time
Another time
Another time
Another time
Another time
Another time
Another time
Another time
Another time
Another time
Another time
Another time
Another time
Another time
Another time
Another time
Another time
Another time
Another time
Another time
Another time
Another time
Another time
Another time
Another time
Another time
Another time
Another time
Another time
Another time
Another time
Another time
Another time
Another time
Another time
Another time
Another time
Another time
Another time
Another time
Another time
Another time
Another time
Another time
Another time
Another time
Another time
Another time
Another time
Another time
Another time
Another time
Another time
Another time
Another time
Another time
Another time
Another time
Another time
Another time
Another time
Another time
Another time
Another time
Another time
Another time
Another time
Another time
Another time
Another time
Another time
Another time
Another time
Another time
Another time
Another time
Another time
Another time
Another time
Another time
Another time
Another time
Another time
Another time
Another time
Another time
Another time
Another time
Another time
Another time
Another time
Another time
Another time
Another time
Another time
Another time
Another time
Another time
Another time
Another time
Another time
Another time
Another time
Another time
Another time
Another time
Another time
Another time
Another time
Another time
Another time
Another time
Another time
Another time
Another time
Another time
Another time
Another time
Another time
Another time
Another time
Another time
Another time
Another time
Another time
Another time
Another time
Another time
Another time
Another time
Another time
Another time
Another time
Another time
Another time
Another time
Another time
Another time
Another time
Another time
Another time
Another time
Another time
Another time
Another time
Another time
Another time
Another time
Another time
Another time
Another time
Another time
Another time
Another time
Another time
Another time
Another time
Another time
Another time
Another time
Another time
Another time
Another time
Another time
Another time
Another time
Another time
Another time
Another time
Another time
Another time
Another time
Another time
Another time
Another time
Another time
Another time
Another time
Another time
Another time
Another time
Another time
Another time
Another time
Another time
Another time
Another time
Another time
Another time
Another time
Another time
Another time
Another time
Another time
Another time
Another time
Another time
Another time
Another time
Another time
Another time
Another time
Another time
Another time
Another time
Another time
Another time
Another time
Another time
Another time
Another time
Another time
Another time
Another time
Another time
Another time
Another time
Another time
Another time
Another time
Another time
Another time
Another time
Another time
Another time
Another time
Another time
Another time
Another time
Another time
Another time
Another time
Another time
Another time
Another time
Another time
Another time
Another time
Another time
Another time
Another time
Another time
Another time
Another time
Another time
Another time
Another time
Another time
Another time
Another time
Another time
Another time
Another time
Another time
Another time
Another time
Another time
Another time
Another time
Another time
Another time
Another time
Another time
Another time
Another time
Another time
Another time
Another time
Another time
Another time
Another time
Another time
Another time
Another time
Another time
Another time
Another time
Another time
Another time
Another time
Another time
Another time
Another time
Another time
Another time
Another time
Another time
Another time
Another time
Another time
Another time
Another time
Another time
Another time
Another time
Another time
Another time
Another time
Another time
Another time
Another time
Another time
Another time
Another time
Another time
Another time
Another time
Another time
Another time
Another time
Another time
Another time
Another time
Another time
Another time
Another time
Another time
Another time
Another time
Another time
Another time
Another time
Another time
Another time
Another time
Another time
Another time
Another time
Another time
Another time
Another time
Another time
Another time
Another time
Another time
Another time
Another time
Another time
Another time
Another time
Another time
Another time
Another time
Another time
Another time
Another time
Another time
Another time
Another time
Another time
Another time
Another time
Another time
Another time
Another time
Another time
Another time
Another time
Another time
Another time
Another time
Another time
Another time
Another time
Another time
Another time
Another time
Another time
Another time
Another time
Another time
Another time
Another time
Another time
Another time
Another time
Another time
Another time
Another time
Another time
Another time
Another time
Another time
Another time
Another time
Another time
Another time
Another time
Another time
Another time
Another time
Another time
Another time
Another time
Another time
Another time
Another time
Another time
Another time
Another time
Another time
Another time
Another time
Another time
Another time
Another time
Another time
Another time
Another time
Another time
Another time
Another time
Another time
Another time
Another time
Another time
Another time
Another time
Another time
Another time
Another time
Another time
Another time
Another time
Another time
Another time
Another time
Another time
Another time
Another time
Another time
Another time
Another time
Another time
Another time
Another time
Another time
Another time
Another time
Another time
Another time
Another time
Another time
Another time
Another time
Another time
Another time
Another time
Another time
Another time
Another time
Another time
Another time
Another time
Another time
Another time
Another time
Another time
Another time
Another time
Another time
Another time
Another time
Another time
Another time
Another time
Another time
Another time
Another time
Another time
Another time
Another time
Another time
Another time
Another time
Another time
Another time
Another time
Another time
Another time
Another time
Another time
Another time
Another time
Another time
Another time
Another time
Another time
Another time
Another time
Another time
Another time
Another time
Another time
Another time
Another time
Another time
Another time
Another time
Another time
Another time
Another time
Another time
Another time
Another time
Another time
Another time
Another time
Another time
Another time
Another time
Another time
Another time
Another time
Another time
Another time
Another time
Another time
Another time
Another time
Another time
Another time
Another time
Another time
Another time
Another time
Another time
Another time
Another time
Another time
Another time
Another time
Another time
Another time
Another time
Another time
Another time
Another time
Another time
Another time
Another time
Another time
Another time
Another time
Another time
Another time
Another time
Another time
Another time
Another time
Another time
Another time
Another time
Another time
Another time
Another time
Another time
Another time
Another time
Another time
Another time
Another time
Another time
Another time
Another time
Another time
Another time
Another time
Another time
Another time
Another time
Another time
Another time
Another time
Another time
Another time
Another time
Another time
Another time
Another time
Another time
Another time
Another time
Another time
Another time
Another time
Another time
Another time
Another time
Another time
Another time
Another time
Another time
Another time
Another time
Another time
Another time
Another time
Another time
Another time
Another time
Another time
Another time
Another time
Another time
Another time
Another time
Another time
Another time
Another time
Another time
Another time
Another time
Another time
Another time
Another time
Another time
Another time
Another time
Another time
Another time
Another time
Another time
Another time
Another time
Another time
Another time
Another time
Another time
Another time
Another time
Another time
Another time
Another time
Another time
Another time
Another time
Another time
Another time
Another time
Another time
Another time
Another time
Another time
Another time
Another time
Another time
Another time
Another time
Another time
Another time
Another time
Another time
Another time
Another time
Another time
Another time
Another time
Another time
Another time
Another time
Another time
Another time
Another time
Another time
Another time
Another time
Another time
Another time
Another time
Another time
Another time
Another time
Another time
Another time
Another time
Another time
Another time
Another time
Another time
Another time
Another time
Another time
Another time
Another time
Another time
Another time
Another time
Another time
Another time
Another time
Another time
Another time
Another time
Another time
Another time
Another time
Another time
Another time
Another time
Another time
Another time
Another time
Another time
Another time
Another time
Another time
Another time
Another time
Another time
Another time
Another time
Another time
Another time
Another time
Another time
Another time
Another time
Another time
Another time
Another time
Another time
Another time
Another time
Another time
Another time
Another time
Another time
Another time
Another time
Another time
Another time
Another time
Another time
Another time
Another time
Another time
Another time
Another time
Another time
Another time
Another time
Another time
Another time
Another time
Another time
Another time
Another time
Another time
Another time
Another time
Another time
Another time
Another time
Another time
Another time
Another time
Another time
Another time
Another time
Another time
Another time
Another time
Another time
Another time
Another time
Another time
Another time
Another time
Another time
Another time
Another time
Another time
Another time
Another time
Another time
Another time
Another time
Another time
Another time
Another time
Another time
Another time
Another time
Another time
Another time
Another time
Another time
Another time
Another time
Another time
Another time
Another time
Another time
Another time
Another time
Another time
Another time
Another time
Another time
Another time
Another time
Another time
Another time
Another time
Another time
Another time
Another time
Another time
Another time
Another time
Another time
Another time
Another time
Another time
Another time
Another time
Another time
Another time
Another time
Another time
Another time
Another time
Another time
Another time
Another time
Another time
Another time
Another time
Another time
Another time
Another time
Another time
Another time
Another time
Another time
Another time
Another time
Another time
Another time
Another time
Another time
Another time
Another time
Another time
Another time
Another time
Another time
Another time
Another time
Another time
Another time
Another time
Another time
Another time
Another time
Another time
Another time
Another time
Another time
Another time
Another time
Another time
Another time
Another time
Another time
Another time
Another time
Another time
Another time
Another time
Another time
Another time
Another time
Another time
Another time
Another time
Another time
Another time
Another time
Another time
Another time
Another time
Another time
Another time
Another time
Another time
Another time
Another time
Another time
Another time
Another time
Another time
Another time
Another time
Another time
Another time
Another time
Another time
Another time
Another time
Another time
Another time
Another time
Another time
Another time
Another time
Another time
Another time
Another time
Another time
Another time
Another time
Another time
Another time
Another time
Another time
Another time
Another time
Another time
Another time
Another time
Another time
Another time
Another time
Another time
Another time
Another time
Another time
Another time
Another time
Another time
Another time
Another time
Another time
Another time
Another time
Another time
Another time
Another time
Another time
Another time
Another time
Another time
Another time
Another time
Another time
Another time
Another time
Another time
Another time
Another time
Another time
Another time
Another time
Another time
Another time
Another time
Another time
Another time
Another time
Another time
Another time
Another time
Another time
Another time
Another time
Another time
Another time
Another time
Another time
Another time
Another time
Another time
Another time
Another time
Another time
Another time
Another time
Another time
Another time
Another time
Another time
Another time
Another time
Another time
Another time
Another time
Another time
Another time
Another time
Another time
Another time
Another time
Another time
Another time
Another time
Another time
Another time
Another time
Another time
Another time
Another time
Another time
Another time
Another time
Another time
Another time
Another time
Another time
Another time
Another time
Another time
Another time
Another time
Another time
Another time
Another time
Another time
Another time
Another time
Another time
Another time
Another time
Another time
Another time
Another time
Another time
Another time
Another time
Another time
Another time
Another time
Another time
Another time
Another time
Another time
Another time
Another time
Another time
Another time
Another time
Another time
Another time
Another time
Another time
Another time
Another time
Another time
Another time
Another time
Another time
Another time
Another time
Another time
Another time
Another time
Another time
Another time
Another time
Another time
Another time
Another time
Another time
Another time
Another time
Another time
Another time
Another time
Another time
Another time
Another time
Another time
Another time
Another time
Another time
Another time
Another time
Another time
Another time
Another time
Another time
Another time
Another time
Another time
Another time
Another time
Another time
Another time
Another time
Another time
Another time
Another time
Another time
Another time
Another time
Another time
Another time
Another time
Another time
Another time
Another time
Another time
Another time
Another time
Another time
Another time
Another time
Another time
Another time
Another time
Another time
Another time
Another time
Another time
Another time
Another time
Another time
Another time
Another time
Another time
Another time
Another time
Another time
Another time
Another time
Another time
Another time
Another time
Another time
Another time
Another time
Another time
Another time
Another time
Another time
Another time
Another time
Another time
Another time
Another time
Another time
Another time
Another time
Another time
Another time
Another time
Another time
Another time
Another time
Another time
Another time
Another time
Another time
Another time
Another time
Another time
Another time
Another time
Another time
Another time
Another time
Another time
Another time
Another time
Another time
Another time
Another time
Another time
Another time
Another time
Another time
Another time
Another time
Another time
Another time
Another time
Another time
Another time
Another time
Another time
Another time
Another time
Another time
Another time
Another time
Another time
Another time
Another time
Another time
Another time
Another time
Another time
Another time
Another time
Another time
Another time
Another time
Another time
Another time
Another time
Another time
Another time
Another time
Another time
Another time
Another time
Another time
Another time
Another time
Another time
Another time
Another time
Another time
Another time
Another time
Another time
Another time
Another time
Another time
Another time
Another time
Another time
Another time
Another time
Another time
Another time
Another time
Another time
Another time
Another time
Another time
Another time
Another time
Another time
Another time
Another time
Another time
Another time
Another time
Another time
Another time
Another time
Another time
Another time
Another time
Another time
Another time
Another time
Another time
Another time
Another time
Another time
Another time
Another time
Another time
Another time
Another time
Another time
Another time
Another time
Another time
Another time
Another time
Another time
Another time
Another time
Another time
Another time
Another time
Another time
Another time
Another time
Another time
Another time
Another time
Another time
Another time
Another time
Another time
Another time
Another time
Another time
Another time
Another time
Another time
Another time
Another time
Another time
Another time
Another time
Another time
Another time
Another time
Another time
Another time
Another time
Another time
Another time
Another time
Another time
Another time
Another time
Another time
Another time
Another time
Another time
Another time
Another time
Another time
Another time
Another time
Another time
Another time
Another time
Another time
Another time
Another time
Another time
Another time
Another time
Another time
Another time
Another time
Another time
Another time
Another time
Another time
Another time
Another time
Another time
Another time
Another time
Another time
Another time
Another time
Another time
Another time
Another time
Another time
Another time
Another time
Another time
Another time
Another time
Another time
Another time
Another time
Another time
Another time
Another time
Another time
Another time
Another time
Another time
Another time
Another time
Another time
Another time
Another time
Another time
Another time
Another time
Another time
Another time
Another time
Another time
Another time
Another time
Another time
Another time
Another time
Another time
Another time
Another time
Another time
Another time
Another time
Another time
Another time
Another time
Another time
Another time
Another time
Another time
Another time
Another time
Another time
Another time
Another time
Another time
Another time
Another time
Another time
Another time
Another time
Another time
Another time
Another time
Another time
Another time
Another time
Another time
Another time
Another time
Another time
Another time
Another time
Another time
Another time
Another time
Another time
Another time
Another time
Another time
Another time
Another time
Another time
Another time
Another time
Another time
Another time
Another time
Another time
Another time
Another time
Another time
Another time
Another time
Another time
Another time
Another time
Another time
Another time
Another time
Another time
Another time
Another time
Another time
Another time
Another time
Another time
Another time
Another time
Another time
Another time
Another time
Another time
Another time
Another time
Another time
Another time
Another time
Another time
Another time
Another time
Another time
Another time
Another time
Another time
Another time
Another time
Another time
Another time
Another time
Another time
Another time
Another time
Another time
Another time
Another time
Another time
Another time
Another time
Another time
Another time
Another time
Another time
Another time
Another time
Another time
Another time
Another time
Another time
Another time
Another time
Another time
Another time
Another time
Another time
Another time
Another time
Another time
Another time
Another time
Another time
Another time
Another time
Another time
Another time
Another time
Another time
Another time
Another time
Another time
Another time
Another time
Another time
Another time
Another time
Another time
Another time
Another time
Another time
Another time
Another time
Another time
Another time
Another time
Another time
Another time
Another time
Another time
Another time
Another time
Another time
Another time
Another time
Another time
Another time
Another time
Another time
Another time
Another time
Another time
Another time
Another time
Another time
Another time
Another time
Another time
Another time
Another time
Another time
Another time
Another time
Another time
Another time
Another time
Another time
Another time
Another time
Another time
Another time
Another time
Another time
Another time
Another time
Another time
Another time
Another time
Another time
Another time
Another time
Another time
Another time
Another time
Another time
Another time
Another time
Another time
Another time
Another time
Another time
Another time
Another time
Another time
Another time
Another time
Another time
Another time
Another time
Another time
Another time
Another time
Another time
Another time
Another time
Another time
Another time
Another time
Another time
Another time
Another time
Another time
Another time
Another time
Another time
Another time
Another time
Another time
Another time
Another time
Another time
Another time
Another time
Another time
Another time
Another time
Another time
Another time
Another time
Another time
Another time
Another time
Another time
Another time
Another time
Another time
Another time
Another time
Another time
Another time
Another time
Another time
Another time
Another time
Another time
Another time
Another time
Another time
Another time
Another time
Another time
Another time
Another time
Another time
Another time
Another time
Another time
Another time
Another time
Another time
Another time
Another time
Another time
Another time
Another time
Another time
Another time
Another time
Another time
Another time
Another time
Another time
Another time
Another time
Another time
Another time
Another time
Another time
Another time
Another time
Another time
Another time
Another time
Another time
Another time
Another time
Another time
Another time
Another time
Another time
Another time
Another time
Another time
Another time
Another time
Another time
Another time
Another time
Another time
Another time
Another time
Another time
Another time
Another time
Another time
Another time
Another time
Another time
Another time
Another time
Another time
Another time
Another time
Another time
Another time
Another time
Another time
Another time
Another time
Another time
Another time
Another time
Another time
Another time
Another time
Another time
Another time
Another time
Another time
Another time
Another time
Another time
Another time
Another time
Another time
Another time
Another time
Another time
Another time
Another time
Another time
Another time
Another time
Another time
Another time
Another time
Another time
Another time
Another time
Another time
Another time
Another time
Another time
Another time
Another time
Another time
Another time
Another time
Another time
Another time
Another time
Another time
Another time
Another time
Another time
Another time
Another time
Another time
Another time
Another time
Another time
Another time
Another time
Another time
Another time
Another time
Another time
Another time
Another time
Another time
Another time
Another time
Another time
Another time
Another time
Another time
Another time
Another time
Another time
Another time
Another time
Another time
Another time
Another time
Another time
Another time
Another time
Another time
Another time
Another time
Another time
Another time
Another time
Another time
Another time
Another time
Another time
Another time
Another time
Another time
Another time
Another time
Another time
Another time
Another time
Another time
Another time
Another time
Another time
Another time
Another time
Another time
Another time
Another time
Another time
Another time
Another time
Another time
Another time
Another time
Another time
Another time
Another time
Another time
Another time
Another time
Another time
Another time
Another time
Another time
Another time
Another time
Another time
Another time
Another time
Another time
Another time
Another time
Another time
Another time
Another time
Another time
Another time
Another time
Another time
Another time
Another time
Another time
Another time
Another time
Another time
Another time
Another time
Another time
Another time
Another time
Another time
Another time
Another time
Another time
Another time
Another time
Another time
Another time
Another time
Another time
Another time
Another time
Another time
Another time
Another time
Another time
Another time
Another time
Another time
Another time
Another time
Another time
Another time
Another time
Another time
Another time
Another time
Another time
Another time
Another time
Another time
Another time
Another time
Another time
Another time
Another time
Another time
Another time
Another time
Another time
Another time
Another time
Another time
Another time
Another time
Another time
Another time
Another time
Another time
Another time
Another time
Another time
Another time
Another time
Another time
Another time
Another time
Another time
Another time
Another time
Another time
Another time
Another time
Another time
Another time
Another time
Another time
Another time
Another time
Another time
Another time
Another time
Another time
Another time
Another time
Another time
Another time
Another time
Another time
Another time
Another time
Another time
Another time
Another time
Another time
Another time
Another time
Another time
Another time
Another time
Another time
Another time
Another time
Another time
Another time
Another time
Another time
Another time
Another time
Another time
Another time
Another time
Another time
Another time
Another time
Another time
Another time
Another time
Another time
Another time
Another time
Another time
Another time
Another time
Another time
Another time
Another time
Another time
Another time
Another time
Another time
Another time
Another time
Another time
Another time
Another time
Another time
Another time
Another time
Another time
Another time
Another time
Another time
Another time
Another time
Another time
Another time
Another time
Another time
Another time
Another time
Another time
Another time
Another time
Another time
Another time
Another time
Another time
Another time
Another time
Another time
Another time
Another time
Another time
Another time
Another time
Another time
Another time
Another time
Another time
Another time
Another time
Another time
Another time
Another time
Another time
Another time
Another time
Another time
Another time
Another time
Another time
Another time
Another time
Another time
Another time
Another time
Another time
Another time
Another time
Another time
Another time
Another time
Another time
Another time
Another time
Another time
Another time
Another time
Another time
Another time
Another time
Another time
Another time
Another time
Another time
Another time
Another time
Another time
Another time
Another time
Another time
Another time
Another time
Another time
Another time
Another time
Another time
Another time
Another time
Another time
Another time
Another time
Another time
Another time
Another time
Another time
Another time
Another time
Another time
Another time
Another time
Another time
Another time
Another time
Another time
Another time
Another time
Another time
Another time
Another time
Another time
Another time
Another time
Another time
Another time
Another time
Another time
Another time
Another time
Another time
Another time
Another time
Another time
Another time
Another time
Another time
Another time
Another time
Another time
Another time
Another time
Another time
Another time
Another time
Another time
Another time
Another time
Another time
Another time
Another time
Another time
Another time
Another time
Another time
Another time
Another time
Another time
Another time
Another time
Another time
Another time
Another time
Another time
Another time
Another time
Another time
Another time
Another time
Another time
Another time
Another time
Another time
Another time
Another time
Another time
Another time
Another time
Another time
Another time
Another time
Another time
Another time
Another time
Another time
Another time
Another time
Another time
Another time
Another time
Another time
Another time
Another time
Another time
Another time
Another time
Another time
Another time
Another time
Another time
Another time
Another time
Another time
Another time
Another time
Another time
Another time
Another time
Another time
Another time
Another time
Another time
Another time
Another time
Another time
Another time
Another time
Another time
Another time
Another time
Another time
Another time
Another time
Another time
Another time
Another time
Another time
Another time
Another time
Another time
Another time
Another time
Another time
Another time
Another time
Another time
Another time
Another time
Another time
Another time
Another time
Another time
Another time
Another time
Another time
Another time
Another time
Another time
Another time
Another time
Another time
Another time
Another time
Another time
Another time
Another time
Another time
Another time
Another time
Another time
Another time
Another time
Another time
Another time
Another time
Another time
Another time
Another time
Another time
Another time
Another time
Another time
Another time
Another time
Another time
Another time
Another time
Another time
Another time
Another time
Another time
Another time
Another time
Another time
Another time
Another time
Another time
Another time
Another time
Another time
Another time
Another time
Another time
Another time
Another time
Another time
Another time
Another time
Another time
Another time
Another time
Another time
Another time
Another time
Another time
Another time
Another time
Another time
Another time
Another time
Another time
Another time
Another time
Another time
Another time
Another time
Another time
Another time
Another time
Another time
Another time
Another time
Another time
Another time
Another time
Another time
Another time
Another time
Another time
Another time
Another time
Another time
Another time
Another time
Another time
Another time
Another time
Another time
Another time
Another time
Another time
Another time
Another time
Another time
Another time
Another time
Another time
Another time
Another time
Another time
Another time
Another time
Another time
Another time
Another time
Another time
Another time
Another time
Another time
Another time
Another time
Another time
Another time
Another time
Another time
Another time
Another time
Another time
Another time
Another time
Another time
Another time
Another time
Another time
Another time
Another time
Another time
Another time
Another time
Another time
Another time
Another time
Another time
Another time
Another time
Another time
Another time
Another time
Another time
Another time
Another time
Another time
Another time
Another time
Another time
Another time
Another time
Another time
Another time
Another time
Another time
Another time
Another time
Another time
Another time
Another time
Another time
Another time
Another time
Another time
Another time
Another time
Another time
Another time
Another time
Another time
Another time
Another time
Another time
Another time
Another time
Another time
Another time
Another time
Another time
Another time
Another time
Another time
Another time
Another time
Another time
Another time
Another time
Another time
Another time
Another time
Another time
Another time
Another time
Another time
Another time
Another time
Another time
Another time
Another time
Another time
Another time
Another time
Another time
Another time
Another time
Another time
Another time
Another time
Another time
Another time
Another time
Another time
Another time
Another time
Another time
Another time
Another time
Another time
Another time
Another time
Another time
Another time
Another time
Another time
Another time
Another time
Another time
Another time
Another time
Another time
Another time
Another time
Another time
Another time
Another time
Another time
Another time
Another time
Another time
Another time
Another time
Another time
Another time
Another time
Another time
Another time
Another time
Another time
Another time
Another time
Another time
Another time
Another time
Another time
Another time
Another time
Another time
Another time
Another time
Another time
Another time
Another time
Another time
Another time
Another time
Another time
Another time
Another time
Another time
Another time
Another time
Another time
Another time
Another time
Another time
Another time
Another time
Another time
Another time
Another time
Another time
Another time
Another time
Another time
Another time
Another time
Another time
Another time
Another time
Another time
Another time
Another time
Another time
Another time
Another time
Another time
Another time
Another time
Another time
Another time
Another time
Another time
Another time
Another time
Another time
Another time
Another time
Another time
Another time
Another time
Another time
Another time
Another time
Another time
Another time
Another time
Another time
Another time
Another time
Another time
Another time
Another time
Another time
Another time
Another time
Another time
Another time
Another time
Another time
Another time
Another time
Another time
Another time
Another time
Another time
Another time
Another time
Another time
Another time
Another time
Another time
Another time
Another time
Another time
Another time
Another time
Another time
Another time
Another time
Another time
Another time
Another time
Another time
Another time
Another time
Another time
Another time
Another time
Another time
Another time
Another time
Another time
Another time
Another time
Another time
Another time
Another time
Another time
Another time
Another time
Another time
Another time
Another time
Another time
Another time
Another time
Another time
Another time
Another time
Another time
Another time
Another time
Another time
Another time
Another time
Another time
Another time
Another time
Another time
Another time
Another time
Another time
Another time
Another time
Another time
Another time
Another time
Another time
Another time
Another time
Another time
Another time
Another time
Another time
Another time
Another time
Another time
Another time
Another time
Another time
Another time
Another time
Another time
Another time
Another time
Another time
Another time
Another time
Another time
Another time
Another time
Another time
Another time
Another time
Another time
Another time
Another time
Another time
Another time
Another time
Another time
Another time
Another time
Another time
Another time
Another time
Another time
Another time
Another time
Another time
Another time
Another time
Another time
Another time
Another time
Another time
Another time
Another time
Another time
Another time
Another time
Another time
Another time
Another time
Another time
Another time
Another time
Another time
Another time
Another time
Another time
Another time
Another time
Another time
Another time
Another time
Another time
Another time
Another time
Another time
Another time
Another time
Another time
Another time
Another time
Another time
Another time
Another time
Another time
Another time
Another time
Another time
Another time
Another time
Another time
Another time
Another time
Another time
Another time
Another time
Another time
Another time
Another time
Another time
Another time
Another time
Another time
Another time
Another time
Another time
Another time
Another time
Another time
Another time
Another time
Another time
Another time
Another time
Another time
Another time
Another time
Another time
Another time
Another time
Another time
Another time
Another time
Another time
Another time
Another time
Another time
Another time
Another time
Another time
Another time
Another time
Another time
Another time
Another time
Another time
Another time
Another time
Another time
Another time
Another time
Another time
Another time
Another time
Another time
Another time
Another time
Another time
Another time
Another time
Another time
Another time
Another time
Another time
Another time
Another time
Another time
Another time
Another time
Another time
Another time
Another time
Another time
Another time
Another time
Another time
Another time
Another time
Another time
Another time
Another time
Another time
Another time
Another time
Another time
Another time
Another time
Another time
Another time
Another time
Another time
Another time
Another time
Another time
Another time
Another time
Another time
Another time
Another time
Another time
Another time
Another time
Another time
Another time
Another time
Another time
Another time
Another time
Another time
Another time
Another time
Another time
Another time
Another time
Another time
Another time
Another time
Another time
Another time
Another time
Another time
Another time
Another time
Another time
Another time
Another time
Another time
Another time
Another time
Another time
Another time
Another time
Another time
Another time
Another time
Another time
Another time
Another time
Another time
Another time
Another time
Another time
Another time
Another time
Another time
Another time
Another time
Another time
Another time
Another time
Another time
Another time
Another time
Another time
Another time
Another time
Another time
Another time
Another time
Another time
Another time
Another time
Another time
Another time
Another time
Another time
Another time
Another time
Another time
Another time
Another time
Another time
Another time
Another time
Another time
Another time
Another time
Another time
Another time
Another time
Another time
Another time
Another time
Another time
Another time
Another time
Another time
Another time
Another time
Another time
Another time
Another time
Another time
Another time
Another time
Another time
Another time
Another time
Another time
Another time
Another time
Another time
Another time
Another time
Another time
Another time
Another time
Another time
Another time
Another time
Another time
Another time
Another time
Another time
Another time
Another time
Another time
Another time
Another time
Another time
Another time
Another time
Another time
Another time
Another time
Another time
Another time
Another time
Another time
Another time
Another time
Another time
Another time
Another time
Another time
Another time
Another time
Another time
Another time
Another time
Another time
Another time
Another time
Another time
Another time
Another time
Another time
Another time
Another time
Another time
Another time
Another time
Another time
Another time
Another time
Another time
Another time
Another time
Another time
Another time
Another time
Another time
Another time
Another time
Another time
Another time
Another time
Another time
Another time
Another time
Another time
Another time
Another time
Another time
Another time
Another time
Another time
Another time
Another time
Another time
Another time
Another time
Another time
Another time
Another time
Another time
Another time
Another time
Another time
Another time
Another time
Another time
Another time
Another time
Another time
Another time
Another time
Another time
Another time
Another time
Another time
Another time
Another time
Another time
Another time
Another time
Another time
Another time
Another time
Another time
Another time
Another time
Another time
Another time
Another time
Another time
Another time
Another time
Another time
Another time
Another time
Another time
Another time
Another time
Another time
Another time
Another time
Another time
Another time
Another time
Another time
Another time
Another time
Another time
Another time
Another time
Another time
Another time
Another time
Another time
Another time
Another time
Another time
Another time
Another time
Another time
Another time
Another time
Another time
Another time
Another time
Another time
Another time
Another time
Another time
Another time
Another time
Another time
Another time
Another time
Another time
Another time
Another time
Another time
Another time
Another time
Another time
Another time
Another time
Another time
Another time
Another time
Another time
Another time
Another time
Another time
Another time
Another time
Another time
Another time
Another time
Another time
Another time
Another time
Another time
Another time
Another time
Another time
Another time
Another time
Another time
Another time
Another time
Another time
Another time
Another time
Another time
Another time
Another time
Another time
Another time
Another time
Another time
Another time
Another time
Another time
Another time
Another time
Another time
Another time
Another time
Another time
Another time
Another time
Another time
Another time
Another time
Another time
Another time
Another time
Another time
Another time
Another time
Another time
Another time
Another time
Another time
Another time
Another time
Another time
Another time
Another time
Another time
Another time
Another time
Another time
Another time
Another time
Another time
Another time
Another time
Another time
Another time
Another time
Another time
Another time
Another time
Another time
Another time
Another time
Another time
Another time
Another time
Another time
Another time
Another time
Another time
Another time
Another time
Another time
Another time
Another time
Another time
Another time
Another time
Another time
Another time
Another time
Another time
Another time
Another time
Another time
Another time
Another time
Another time
Another time
Another time
Another time
Another time
Another time
Another time
Another time
Another time
Another time
Another time
Another time
Another time
Another time
Another time
Another time
Another time
Another time
Another time
Another time
Another time
Another time
Another time
Another time
Another time
Another time
Another time
Another time
Another time
Another time
Another time
Another time
Another time
Another time
Another time
Another time
Another time
Another time
Another time
Another time
Another time
Another time
Another time
Another time
Another time
Another time
Another time
Another time
Another time
Another time
Another time
Another time
Another time
Another time
Another time
Another time
Another time
Another time
Another time
Another time
Another time
Another time
Another time
Another time
Another time
Another time
Another time
Another time
Another time
Another time
Another time
Another time
Another time
Another time
Another time
Another time
Another time
Another time
Another time
Another time
Another time
Another time
Another time
Another time
Another time
Another time
Another time
Another time
Another time
Another time
Another time
Another time
Another time
Another time
Another time
Another time
Another time
Another time
Another time
Another time
Another time
Another time
Another time
Another time
Another time
Another time
Another time
Another time
Another time
Another time
Another time
Another time
Another time
Another time
Another time
Another time
Another time
Another time
Another time
Another time
Another time
Another time
Another time
Another time
Another time
Another time
Another time
Another time
Another time
Another time
Another time
Another time
Another time
Another time
Another time
Another time
Another time
Another time
Another time
Another time
Another time
Another time
Another time
Another time
Another time
Another time
Another time
Another time
Another time
Another time
Another time
Another time
Another time
Another time
Another time
Another time
Another time
Another time
Another time
Another time
Another time
Another time
Another time
Another time
Another time
Another time
Another time
Another time
Another time
Another time
Another time
Another time
Another time
Another time
Another time
Another time
Another time
Another time
Another time
Another time
Another time
Another time
Another time
Another time
Another time
Another time
Another time
Another time
Another time
Another time
Another time
Another time
Another time
Another time
Another time
Another time
Another time
Another time
Another time
Another time
Another time
Another time
Another time
Another time
Another time
Another time
Another time
Another time
Another time
Another time
Another time
Another time
Another time
Another time
Another time
Another time
Another time
Another time
Another time
Another time
Another time
Another time
Another time
Another time
Another time
Another time
Another time
Another time
Another time
Another time
Another time
Another time
Another time
Another time
Another time
Another time
Another time
Another time
Another time
Another time
Another time
Another time
Another time
Another time
Another time
Another time
Another time
Another time
Another time
Another time
Another time
Another time
Another time
Another time
Another time
Another time
Another time
Another time
Another time
Another time
Another time
Another time
Another time
Another time
Another time
Another time
Another time
Another time
Another time
Another time
Another time
Another time
Another time
Another time
Another time
Another time
Another time
Another time
Another time
Another time
Another time
Another time
Another time
Another time
Another time
Another time
Another time
Another time
Another time
Another time
Another time
Another time
Another time
Another time
Another time
Another time
Another time
Another time
Another time
Another time
Another time
Another time
Another time
Another time
Another time
Another time
Another time
Another time
Another time
Another time
Another time
Another time
Another time
Another time
Another time
Another time
Another time
Another time
Another time
Another time
Another time
Another time
Another time
Another time
Another time
Another time
Another time
Another time
Another time
Another time
Another time
Another time
Another time
Another time
Another time
Another time
Another time
Another time
Another time
Another time
Another time
Another time
Another time
Another time
Another time
Another time
Another time
Another time
Another time
Another time
Another time
Another time
Another time
Another time
Another time
Another time
Another time
Another time
Another time
Another time
Another time
Another time
Another time
Another time
Another time
Another time
Another time
Another time
Another time
Another time
Another time
Another time
Another time
Another time
Another time
Another time
Another time
Another time
Another time
Another time
Another time
Another time
Another time
Another time
Another time
Another time
Another time
Another time
Another time
Another time
Another time
Another time
Another time
Another time
Another time
Another time
Another time
Another time
Another time
Another time
Another time
Another time
Another time
Another time
Another time
Another time
Another time
Another time
Another time
Another time
Another time
Another time
Another time
Another time
Another time
Another time
Another time
Another time
Another time
Another time
Another time
Another time
Another time
Another time
Another time
Another time
Another time
Another time
Another time
Another time
Another time
Another time
Another time
Another time
Another time
Another time
Another time
Another time
Another time
Another time
Another time
Another time
Another time
Another time
Another time
Another time
Another time
Another time
Another time
Another time
Another time
Another time
Another time
Another time
Another time
Another time
Another time
Another time
Another time
Another time
Another time
Another time
Another time
Another time
Another time
Another time
Another time
Another time
Another time
Another time
Another time
Another time
Another time
Another time
Another time
Another time
Another time
Another time
Another time
Another time
Another time
Another time
Another time
Another time
Another time
Another time
Another time
Another time
Another time
Another time
Another time
Another time
Another time
Another time
Another time
Another time
Another time
Another time
Another time
Another time
Another time
Another time
Another time
Another time
Another time
Another time
Another time
Another time
Another time
Another time
Another time
Another time
Another time
Another time
Another time
Another time
Another time
Another time
Another time
Another time
Another time
Another time
Another time
Another time
Another time
Another time
Another time
Another time
Another time
Another time
Another time
Another time
Another time
Another time
Another time
Another time
Another time
Another time
Another time
Another time
Another time
Another time
Another time
Another time
Another time
Another time
Another time
Another time
Another time
Another time
Another time
Another time
Another time
Another time
Another time
Another time
Another time
Another time
Another time
Another time
Another time
Another time
Another time
Another time
Another time
Another time
Another time
Another time
Another time
Another time
Another time
Another time
Another time
Another time
Another time
Another time
Another time
Another time
Another time
Another time
Another time
Another time
Another time
Another time
Another time
Another time
Another time
Another time
Another time
Another time
Another time
Another time
Another time
Another time
Another time
Another time
Another time
Another time
Another time
Another time
Another time
Another time
Another time
Another time
Another time
Another time
Another time
Another time
Another time
Another time
Another time
Another time
Another time
Another time
Another time
Another time
Another time
Another time
Another time
Another time
Another time
Another time
Another time
Another time
Another time
Another time
Another time
Another time
Another time
Another time
Another time
Another time
Another time
Another time
Another time
Another time
Another time
Another time
Another time
Another time
Another time
Another time
Another time
Another time
Another time
Another time
Another time
Another time
Another time
Another time
Another time
Another time
Another time
Another time
Another time
Another time
Another time
Another time
Another time
Another time
Another time
Another time
Another time
Another time
Another time
Another time
Another time
Another time
Another time
Another time
Another time
Another time
Another time
Another time
Another time
Another time
Another time
Another time
Another time
Another time
Another time
Another time
Another time
Another time
Another time
Another time
Another time
Another time
Another time
Another time
Another time
Another time
Another time
Another time
Another time
Another time
Another time
Another time
Another time
Another time
Another time
Another time
Another time
Another time
Another time
Another time
Another time
Another time
Another time
Another time
Another time
Another time
Another time
Another time
Another time
Another time
Another time
Another time
Another time
Another time
Another time
Another time
Another time
Another time
Another time
Another time
Another time
Another time
Another time
Another time
Another time
Another time
Another time
Another time
Another time
Another time
Another time
Another time
Another time
Another time
Another time
Another time
Another time
Another time
Another time
Another time
Another time
Another time
Another time
Another time
Another time
Another time
Another time
Another time
Another time
Another time
Another time
Another time
Another time
Another time
Another time
Another time
Another time
Another time
Another time
Another time
Another time
Another time
Another time
Another time
Another time
Another time
Another time
Another time
Another time
Another time
Another time
Another time
Another time
Another time
Another time
Another time
Another time
Another time
Another time
Another time
Another time
Another time
Another time
Another time
Another time
Another time
Another time
Another time
Another time
Another time
Another time
Another time
Another time
Another time
Another time
Another time
Another time
Another time
Another time
Another time
Another time
Another time
Another time
Another time
Another time
Another time
Another time
Another time
Another time
Another time
Another time
Another time
Another time
Another time
Another time
Another time
Another time
Another time
Another time
Another time
Another time
Another time
Another time
Another time
Another time
Another time
Another time
Another time
Another time
Another time
Another time
Another time
Another time
Another time
Another time
Another time
Another time
Another time
Another time
Another time
Another time
Another time
Another time
Another time
Another time
Another time
Another time
Another time
Another time
Another time
Another time
Another time
Another time
Another time
Another time
Another time
Another time
Another time
Another time
Another time
Another time
Another time
Another time
Another time
Another time
Another time
Another time
Another time
Another time
Another time
Another time
Another time
Another time
Another time
Another time
Another time
Another time
Another time
Another time
Another time
Another time
Another time
Another time
Another time
Another time
Another time
Another time
Another time
Another time
Another time
Another time
Another time
Another time
Another time
Another time
Another time
Another time
Another time
Another time
Another time
Another time
Another time
Another time
Another time
Another time
Another time
Another time
Another time
Another time
Another time
Another time
Another time
Another time
Another time
Another time
Another time
Another time
Another time
Another time
Another time
Another time
Another time
Another time
Another time
Another time
Another time
Another time
Another time
Another time
Another time
Another time
Another time
Another time
Another time
Another time
Another time
Another time
Another time
Another time
Another time
Another time
Another time
Another time
Another time
Another time
Another time
Another time
Another time
Another time
Another time
Another time
Another time
Another time
Another time
Another time
Another time
Another time
Another time
Another time
Another time
Another time
Another time
Another time
Another time
Another time
Another time
Another time
Another time
Another time
Another time
Another time
Another time
Another time
Another time
Another time
Another time
Another time
Another time
Another time
Another time
Another time
Another time
Another time
Another time
Another time
Another time
Another time
Another time
Another time
Another time
Another time
Another time
Another time
Another time
Another time
Another time
Another time
Another time
Another time
Another time
Another time
Another time
Another time
Another time
Another time
Another time
Another time
Another time
Another time
Another time
Another time
Another time
Another time
Another time
Another time
Another time
Another time
Another time
Another time
Another time
Another time
Another time
Another time
Another time
Another time
Another time
Another time
Another time
Another time
Another time
Another time
Another time
Another time
Another time
Another time
Another time
Another time
Another time
Another time
Another time
Another time
Another time
Another time
Another time
Another time
Another time
Another time
Another time
Another time
Another time
Another time
Another time
Another time
Another time
Another time
Another time
Another time
Another time
Another time
Another time
Another time
Another time
Another time
Another time
Another time
Another time
Another time
Another time
Another time
Another time
Another time
Another time
Another time
Another time
Another time
Another time
Another time
Another time
Another time
Another time
Another time
Another time
Another time
Another time
Another time
Another time
Another time
Another time
Another time
Another time
Another time
Another time
Another time
Another time
Another time
Another time
Another time
Another time
Another time
Another time
Another time
Another time
Another time
Another time
Another time
Another time
Another time
Another time
Another time
Another time
Another time
Another time
Another time
Another time
Another time
Another time
Another time
Another time
Another time
Another time
Another time
Another time
Another time
Another time
Another time
Another time
Another time
Another time
Another time
Another time
Another time
Another time
Another time
Another time
Another time
Another time
Another time
Another time
Another time
Another time
Another time
Another time
Another time
Another time
Another time
Another time
Another time
Another time
Another time
Another time
Another time
Another time
Another time
Another time
Another time
Another time
Another time
Another time
Another time
Another time
Another time
Another time
Another time
Another time
Another time
Another time
Another time
Another time
Another time
Another time
Another time
Another time
Another time
Another time
Another time
Another time
Another time
Another time
Another time
Another time
Another time
Another time
Another time
Another time
Another time
Another time
Another time
Another time
Another time
Another time
Another time
Another time
Another time
Another time
Another time
Another time
Another time
Another time
Another time
Another time
Another time
Another time
Another time
Another time
Another time
Another time
Another time
Another time
Another time
Another time
Another time
Another time
Another time
Another time
Another time
Another time
Another time
Another time
Another time
Another time
Another time
Another time
Another time
Another time
Another time
Another time
Another time
Another time
Another time
Another time
Another time
Another time
Another time
Another time
Another time
Another time
Another time
Another time
Another time
Another time
Another time
Another time
Another time
Another time
Another time
Another time
Another time
Another time
Another time
Another time
Another time
Another time
Another time
Another time
Another time
Another time
Another time
Another time
Another time
Another time
Another time
Another time
Another time
Another time
Another time
Another time
Another time
Another time
Another time
Another time
Another time
Another time
Another time
Another time
Another time
Another time
Another time
Another time
Another time
Another time
Another time
Another time
Another time
Another time
Another time
Another time
Another time
Another time
Another time
Another time
Another time
Another time
Another time
Another time
Another time
Another time
Another time
Another time
Another time
Another time
Another time
Another time
Another time
Another time
Another time
Another time
Another time
Another time
Another time
Another time
Another time
Another time
Another time
Another time
Another time
Another time
Another time
Another time
Another time
Another time
Another time
Another time
Another time
Another time
Another time
Another time
Another time
Another time
Another time
Another time
Another time
Another time
Another time
Another time
Another time
Another time
Another time
Another time
Another time
Another time
Another time
Another time
Another time
Another time
Another time
Another time
Another time
Another time
Another time
Another time
Another time
Another time
Another time
Another time
Another time
Another time
Another time
Another time
Another time
Another time
Another time
Another time
Another time
Another time
Another time
Another time
Another time
Another time
Another time
Another time
Another time
Another time
Another time
Another time
Another time
Another time
Another time
Another time
Another time
Another time
Another time
Another time
Another time
Another time
Another time
Another time
Another time
Another time
Another time
Another time
Another time
Another time
Another time
Another time
Another time
Another time
Another time
Another time
Another time
Another time
Another time
Another time
Another time
Another time
Another time
Another time
Another time
Another time
Another time
Another time
Another time
Another time
Another time
Another time
Another time
Another time
Another time
Another time
Another time
Another time
Another time
Another time
Another time
Another time
Another time
Another time
Another time
Another time
Another time
Another time
Another time
Another time
Another time
Another time
Another time
Another time
Another time
Another time
Another time
Another time
Another time
Another time
Another time
Another time
Another time
Another time
Another time
Another time
Another time
Another time
Another time
Another time
Another time
Another time
Another time
Another time
Another time
Another time
Another time
Another time
Another time
Another time
Another time
Another time
Another time
Another time
Another time
Another time
Another time
Another time
Another time
Another time
Another time
Another time
Another time
Another time
Another time
Another time
Another time
Another time
Another time
Another time
Another time
Another time
Another time
Another time
Another time
Another time
Another time
Another time
Another time
Another time
Another time
Another time
Another time
Another time
Another time
Another time
Another time
Another time
Another time
Another time
Another time
Another time
Another time
Another time
Another time
Another time
Another time
Another time
Another time
Another time
Another time
Another time
Another time
Another time
Another time
Another time
Another time
Another time
Another time
Another time
Another time
Another time
Another time
Another time
Another time
Another time
Another time
Another time
Another time
Another time
Another time
Another time
Another time
Another time
Another time
Another time
Another time
Another time
Another time
Another time
Another time
Another time
Another time
Another time
Another time
Another time
Another time
Another time
Another time
Another time
Another time
Another time
Another time
Another time
Another time
Another time
Another time
Another time
Another time
Another time
Another time
Another time
Another time
Another time
Another time
Another time
Another time
Another time
Another time
Another time
Another time
Another time
Another time
Another time
Another time
Another time
Another time
Another time
Another time
Another time
Another time
Another time
Another time
Another time
Another time
Another time
Another time
Another time
Another time
Another time
Another time
Another time
Another time
Another time
Another time
Another time
Another time
Another time
Another time
Another time
Another time
Another time
Another time
Another time
Another time
Another time
Another time
Another time
Another time
Another time
Another time
Another time
Another time
Another time
Another time
Another time
Another time
Another time
Another time
Another time
Another time
Another time
Another time
Another time
Another time
Another time
Another time
Another time
Another time
Another time
Another time
Another time
Another time
Another time
Another time
Another time
Another time
Another time
Another time
Another time
Another time
Another time
Another time
Another time
Another time
Another time
Another time
Another time
Another time
Another time
Another time
Another time
Another time
Another time
Another time
Another time
Another time
Another time
Another time
Another time
Another time
Another time
Another time
Another time
Another time
Another time
Another time
Another time
Another time
Another time
Another time
Another time
Another time
Another time
Another time
Another time
Another time
Another time
Another time
Another time
Another time
Another time
Another time
Another time
Another time
Another time
Another time
Another time
Another time
Another time
Another time
Another time
Another time
Another time
Another time
Another time
Another time
Another time
Another time
Another time
Another time
Another time
Another time
Another time
Another time
Another time
Another time
Another time
Another time
Another time
Another time
Another time
Another time
Another time
Another time
Another time
Another time
Another time
Another time
Another time
Another time
Another time
Another time
Another time
Another time
Another time
Another time
Another time
Another time
Another time
Another time
Another time
Another time
Another time
Another time
Another time
Another time
Another time
Another time
Another time
Another time
Another time
Another time
Another time
Another time
Another time
Another time
Another time
Another time
Another time
Another time
Another time
Another time
Another time
Another time
Another time
Another time
Another time
Another time
Another time
Another time
Another time
Another time
Another time
Another time
Another time
Another time
Another time
Another time
Another time
Another time
Another time
Another time
Another time
Another time
Another time
Another time
Another time
Another time
Another time
Another time
Another time
Another time
Another time
Another time
Another time
Another time
Another time
Another time
Another time
Another time
Another time
Another time
Another time
Another time
Another time
Another time
Another time
Another time
Another time
Another time
Another time
Another time
Another time
Another time
Another time
Another time
Another time
Another time
Another time
Another time
Another time
Another time
Another time
Another time
Another time
Another time
Another time
Another time
Another time
Another time
Another time
Another time
Another time
Another time
Another time
Another time
Another time
Another time
Another time
Another time
Another time
Another time
Another time
Another time
Another time
Another time
Another time
Another time
Another time
Another time
Another time
Another time
Another time
Another time
Another time
Another time
Another time
Another time
Another time
Another time
Another time
Another time
Another time
Another time
Another time
Another time
Another time
Another time
Another time
Another time
Another time
Another time
Another time
Another time
Another time
Another time
Another time
Another time
Another time
Another time
Another time
Another time
Another time
Another time
Another time
Another time
Another time
Another time
Another time
Another time
Another time
Another time
Another time
Another time
Another time
Another time
Another time
Another time
Another time
Another time
Another time
Another time
Another time
Another time
Another time
Another time
Another time
Another time
Another time
Another time
Another time
Another time
Another time
Another time
Another time
Another time
Another time
Another time
Another time
Another time
Another time
Another time
Another time
Another time
Another time
Another time
Another time
Another time
Another time
Another time
Another time
Another time
Another time
Another time
Another time
Another time
Another time
Another time
Another time
Another time
Another time
Another time
Another time
Another time
Another time
Another time
Another time
Another time
Another time
Another time
Another time
Another time
Another time
Another time
Another time
Another time
Another time
Another time
Another time
Another time
Another time
Another time
Another time
Another time
Another time
Another time
Another time
Another time
Another time
Another time
Another time
Another time
Another time
Another time
Another time
Another time
Another time
Another time
Another time
Another time
Another time
Another time
Another time
Another time
Another time
Another time
Another time
Another time
Another time
Another time
Another time
Another time
Another time
Another time
Another time
Another time
Another time
Another time
Another time
Another time
Another time
Another time
Another time
Another time
Another time
Another time
Another time
Another time
Another time
Another time
Another time
Another time
Another time
Another time
Another time
Another time
Another time
Another time
Another time
Another time
Another time
Another time
Another time
Another time
Another time
Another time
Another time
Another time
Another time
Another time
Another time
Another time
Another time
Another time
Another time
Another time
Another time
Another time
Another time
Another time
Another time
Another time
Another time
Another time
Another time
Another time
Another time
Another time
Another time
Another time
Another time
Another time
Another time
Another time
Another time
Another time
Another time
Another time
Another time
Another time
Another time
Another time
Another time
Another time
Another time
Another time
Another time
Another time
Another time
Another time
Another time
Another time
Another time
Another time
Another time
Another time
Another time
Another time
Another time
Another time
Another time
Another time
Another time
Another time
Another time
Another time
Another time
Another time
Another time
Another time
Another time
Another time
Another time
Another time
Another time
Another time
Another time
Another time
Another time
Another time
Another time
Another time
Another time
Another time
Another time
Another time
Another time
Another time
Another time
Another time
Another time
Another time
Another time
Another time
Another time
Another time
Another time
Another time
Another time
Another time
Another time
Another time
Another time
Another time
Another time
Another time
Another time
Another time
Another time
Another time
Another time
Another time
Another time
Another time
Another time
Another time
Another time
Another time
Another time
Another time
Another time
Another time
Another time
Another time
Another time
Another time
Another time
Another time
Another time
Another time
Another time
Another time
Another time
Another time
Another time
Another time
Another time
Another time
Another time
Another time
Another time
Another time
Another time
Another time
Another time
Another time
Another time
Another time
Another time
Another time
Another time
Another time
Another time
Another time
Another time
Another time
Another time
Another time
Another time
Another time
Another time
Another time
Another time
Another time
Another time
Another time
Another time
Another time
Another time
Another time
Another time
Another time
Another time
Another time
Another time
Another time
Another time
Another time
Another time
Another time
Another time
Another time
Another time
Another time
Another time
Another time
Another time
Another time
Another time
Another time
Another time
Another time
Another time
Another time
Another time
Another time
Another time
Another time
Another time
Another time
Another time
Another time
Another time
Another time
Another time
Another time
Another time
Another time
Another time
Another time
Another time
Another time
Another time
Another time
Another time
Another time
Another time
Another time
Another time
Another time
Another time
Another time
Another time
Another time
Another time
Another time
Another time
Another time
Another time
Another time
Another time
Another time
Another time
Another time
Another time
Another time
Another time
Another time
Another time
Another time
Another time
Another time
Another time
Another time
Another time
Another time
Another time
Another time
Another time
Another time
Another time
Another time
Another time
Another time
Another time
Another time
Another time
Another time
Another time
Another time
Another time
Another time
Another time
Another time
Another time
Another time
Another time
Another time
Another time
Another time
Another time
Another time
Another time
Another time
Another time
Another time
Another time
Another time
Another time
Another time
Another time
Another time
Another time
Another time
Another time
Another time
Another time
Another time
Another time
Another time
Another time
Another time
Another time
Another time
Another time
Another time
Another time
Another time
Another time
Another time
Another time
Another time
Another time
Another time
Another time
Another time
Another time
Another time
Another time
Another time
Another time
Another time
Another time
Another time
Another time
Another time
Another time
Another time
Another time
Another time
Another time
Another time
Another time
Another time
Another time
Another time
Another time
Another time
Another time
Another time
Another time
Another time
Another time
Another time
Another time
Another time
Another time
Another time
Another time
Another time
Another time
Another time
Another time
Another time
Another time
Another time
Another time
Another time
Another time
Another time
Another time
Another time
Another time
Another time
Another time
Another time
Another time
Another time
Another time
Another time
Another time
Another time
Another time
Another time
Another time
Another time
Another time
Another time
Another time
Another time
Another time
Another time
Another time
Another time
Another time
Another time
Another time
Another time
Another time
Another time
Another time
Another time
Another time
Another time
Another time
Another time
Another time
Another time
Another time
Another time
Another time
Another time
Another time
Another time
Another time
Another time
Another time
Another time
Another time
Another time
Another time
Another time
Another time
Another time
Another time
Another time
Another time
Another time
Another time
Another time
Another time
Another time
Another time
Another time
Another time
Another time
Another time
Another time
Another time
Another time
Another time
Another time
Another time
Another time
Another time
Another time
Another time
Another time
Another time
Another time
Another time
Another time
Another time
Another time
Another time
Another time
Another time
Another time
Another time
Another time
Another time
Another time
Another time
Another time
Another time
Another time
Another time
Another time
Another time
Another time
Another time
Another time
Another time
Another time
Another time
Another time
Another time
Another time
Another time
Another time
Another time
Another time
Another time
Another time
Another time
Another time
Another time
Another time
Another time
Another time
Another time
Another time
Another time
Another time
Another time
Another time
Another time
Another time
Another time
Another time
Another time
Another time
Another time
Another time
Another time
Another time
Another time
Another time
Another time
Another time
Another time
Another time
Another time
Another time
Another time
Another time
Another time
Another time
Another time
Another time
Another time
Another time
Another time
Another time
Another time
Another time
Another time
Another time
Another time
Another time
Another time
Another time
Another time
Another time
Another time
Another time
Another time
Another time
Another time
Another time
Another time
Another time
Another time
Another time
Another time
Another time
Another time
Another time
Another time
Another time
Another time
Another time
Another time
Another time
Another time
Another time
Another time
Another time
Another time
Another time
Another time
Another time
Another time
Another time
Another time
Another time
Another time
Another time
Another time
Another time
Another time
Another time
Another time
Another time
Another time
Another time
Another time
Another time
Another time
Another time
Another time
Another time
Another time
Another time
Another time
Another time
Another time
Another time
Another time
Another time
Another time
Another time
Another time
Another time
Another time
Another time
Another time
Another time
Another time
Another time
Another time
Another time
Another time
Another time
Another time
Another time
Another time
Another time
Another time
Another time
Another time
Another time
Another time
Another time
Another time
Another time
Another time
Another time
Another time
Another time
Another time
Another time
Another time
Another time
Another time
Another time
Another time
Another time
Another time
Another time
Another time
Another time
Another time
Another time
Another time
Another time
Another time
Another time
Another time
Another time
Another time
Another time
Another time
Another time
Another time
Another time
Another time
Another time
Another time
Another time
Another time
Another time
Another time
Another time
Another time
Another time
Another time
Another time
Another time
Another time
Another time
Another time
Another time
Another time
Another time
Another time
Another time
Another time
Another time
Another time
Another time
Another time
Another time
Another time
Another time
Another time
Another time
Another time
Another time
Another time
Another time
Another time
Another time
Another time
Another time
Another time
Another time
Another time
Another time
Another time
Another time
Another time
Another time
Another time
Another time
Another time
Another time
Another time
Another time
Another time
Another time
Another time
Another time
Another time
Another time
Another time
Another time
Another time
Another time
Another time
Another time
Another time
Another time
Another time
Another time
Another time
Another time
Another time
Another time
Another time
Another time
Another time
Another time
Another time
Another time
Another time
Another time
Another time
Another time
Another time
Another time
Another time
Another time
Another time
Another time
Another time
Another time
Another time
Another time
Another time
Another time
Another time
Another time
Another time
Another time
Another time
Another time
Another time
Another time
Another time
Another time
Another time
Another time
Another time
Another time
Another time
Another time
Another time
Another time
Another time
Another time
Another time
Another time
Another time
Another time
Another time
Another time
Another time
Another time
Another time
Another time
Another time
Another time
Another time
Another time
Another time
Another time
Another time
Another time
Another time
Another time
Another time
Another time
Another time
Another time
Another time
Another time
Another time
Another time
Another time
Another time
Another time
Another time
Another time
Another time
Another time
Another time
Another time
Another time
Another time
Another time
Another time
Another time
Another time
Another time
Another time
Another time
Another time
Another time
Another time
Another time
Another time
Another time
Another time
Another time
Another time
Another time
Another time
Another time
Another time
Another time
Another time
Another time
Another time
Another time
Another time
Another time
Another time
Another time
Another time
Another time
Another time
Another time
Another time
Another time
Another time
Another time
Another time
Another time
Another time
Another time
Another time
Another time
Another time
Another time
Another time
Another time
Another time
Another time
Another time
Another time
Another time
Another time
Another time
Another time
Another time
Another time
Another time
Another time
Another time
Another time
Another time
Another time
Another time
Another time
Another time
Another time
Another time
Another time
Another time
Another time
Another time
Another time
Another time
Another time
Another time
Another time
Another time
Another time
Another time
Another time
Another time
Another time
Another time
Another time
Another time
Another time
Another time
Another time
Another time
Another time
Another time
Another time
Another time
Another time
Another time
Another time
Another time
Another time
Another time
Another time
Another time
Another time
Another time
Another time
Another time
Another time
Another time
Another time
Another time
Another time
Another time
Another time
Another time
Another time
Another time
Another time
Another time
Another time
Another time
Another time
Another time
Another time
Another time
Another time
Another time
Another time
Another time
Another time
Another time
Another time
Another time
Another time
Another time
Another time
Another time
Another time
Another time
Another time
Another time
Another time
Another time
Another time
Another time
Another time
Another time
Another time
Another time
Another time
Another time
Another time
Another time
Another time
Another time
Another time
Another time
Another time
Another time
Another time
Another time
Another time
Another time
Another time
Another time
Another time
Another time
Another time
Another time
Another time
Another time
Another time
Another time
Another time
Another time
Another time
Another time
Another time
Another time
Another time
Another time
Another time
Another time
Another time
Another time
Another time
Another time
Another time
Another time
Another time
Another time
Another time
Another time
Another time
Another time
Another time
Another time
Another time
Another time
Another time
Another time
Another time
Another time
Another time
Another time
Another time
Another time
Another time
Another time
Another time
Another time
Another time
Another time
Another time
Another time
Another time
Another time
Another time
Another time
Another time
Another time
Another time
Another time
Another time
Another time
Another time
Another time
Another time
Another time
Another time
Another time
Another time
Another time
Another time
Another time
Another time
Another time
Another time
Another time
Another time
Another time
Another time
Another time
Another time
Another time
Another time
Another time
Another time
Another time
Another time
Another time
Another time
Another time
Another time
Another time
Another time
Another time
Another time
Another time
Another time
Another time
Another time
Another time
Another time
Another time
Another time
Another time
Another time
Another time
Another time
Another time
Another time
Another time
Another time
Another time
Another time
Another time
Another time
Another time
Another time
Another time
Another time
Another time
Another time
Another time
Another time
Another time
Another time
Another time
Another time
Another time
Another time
Another time
Another time
Another time
Another time
Another time
Another time
Another time
Another time
Another time
Another time
Another time
Another time
Another time
Another time
Another time
Another time
Another time
Another time
Another time
Another time
Another time
Another time
Another time
Another time
Another time
Another time
Another time
Another time
Another time
Another time
Another time
Another time
Another time
Another time
Another time
Another time
Another time
Another time
Another time
Another time
Another time
Another time
Another time
Another time
Another time
Another time
Another time
Another time
Another time
Another time
Another time
Another time
Another time
Another time
Another time
Another time
Another time
Another time
Another time
Another time
Another time
Another time
Another time
Another time
Another time
Another time
Another time
Another time
Another time
Another time
Another time
Another time
Another time
Another time
Another time
Another time
Another time
Another time
Another time
Another time
Another time
Another time
Another time
Another time
Another time
Another time
Another time
Another time
Another time
Another time
Another time
Another time
Another time
Another time
Another time
Another time
Another time
Another time
Another time
Another time
Another time
Another time
Another time
Another time
Another time
Another time
Another time
Another time
Another time
Another time
Another time
Another time
Another time
Another time
Another time
Another time
Another time
Another time
Another time
Another time
Another time
Another time
Another time
Another time
Another time
Another time
Another time
Another time
Another time
Another time
Another time
Another time
Another time
Another time
Another time
Another time
Another time
Another time
Another time
Another time
Another time
Another time
Another time
Another time
Another time
Another time
Another time
Another time
Another time
Another time
Another time
Another time
Another time
Another time
Another time
Another time
Another time
Another time
Another time
Another time
Another time
Another time
Another time
Another time
Another time
Another time
Another time
Another time
Another time
Another time
Another time
Another time
Another time
Another time
Another time
Another time
Another time
Another time
Another time
Another time
Another time
Another time
Another time
Another time
Another time
Another time
Another time
Another time
Another time
Another time
Another time
Another time
Another time
Another time
Another time
Another time
Another time
Another time
Another time
Another time
Another time
Another time
Another time
Another time
Another time
Another time
Another time
Another time
Another time
Another time
Another time
Another time
Another time
Another time
Another time
Another time
Another time
Another time
Another time
Another time
Another time
Another time
Another time
Another time
Another time
Another time
Another time
Another time
Another time
Another time
Another time
Another time
Another time
Another time
Another time
Another time
Another time
Another time
Another time
Another time
Another time
Another time
Another time
Another time
Another time
Another time
Another time
Another time
Another time
Another time
Another time
Another time
Another time
Another time
Another time
Another time
Another time
Another time
Another time
Another time
Another time
Another time
Another time
Another time
Another time
Another time
Another time
Another time
Another time
Another time
Another time
Another time
Another time
Another time
Another time
Another time
Another time
Another time
Another time
Another time
Another time
Another time
Another time
Another time
Another time
Another time
Another time
Another time
Another time
Another time
Another time
Another time
Another time
Another time
Another time
Another time
Another time
Another time
Another time
Another time
Another time
Another time
Another time
Another time
Another time
Another time
Another time
Another time
Another time
Another time
Another time
Another time
Another time
Another time
Another time
Another time
Another time
Another time
Another time
Another time
Another time
Another time
Another time
Another time
Another time
Another time
Another time
Another time
Another time
Another time
Another time
Another time
Another time
Another time
Another time
Another time
Another time
Another time
Another time
Another time
Another time
Another time
Another time
Another time
Another time
Another time
Another time
Another time
Another time
Another time
Another time
Another time
Another time
Another time
Another time
Another time
Another time
Another time
Another time
Another time
Another time
Another time
Another time
Another time
Another time
Another time
Another time
Another time
Another time
Another time
Another time
Another time
Another time
Another time
Another time
Another time
Another time
Another time
Another time
Another time
Another time
Another time
Another time
Another time
Another time
Another time
Another time
Another time
Another time
Another time
Another time
Another time
Another time
Another time
Another time
Another time
Another time
Another time
Another time
Another time
Another time
Another time
Another time
Another time
Another time
Another time
Another time
Another time
Another time
Another time
Another time
Another time
Another time
Another time
Another time
Another time
Another time
Another time
Another time
Another time
Another time
Another time
Another time
Another time
Another time
Another time
Another time
Another time
Another time
Another time
Another time
Another time
Another time
Another time
Another time
Another time
Another time
Another time
Another time
Another time
Another time
Another time
Another time
Another time
Another time
Another time
Another time
Another time
Another time
Another time
Another time
Another time
Another time
Another time
Another time
Another time
Another time
Another time
Another time
Another time
Another time
Another time
Another time
Another time
Another time
Another time
Another time
Another time
Another time
Another time
Another time
Another time
Another time
Another time
Another time
Another time
Another time
Another time
Another time
Another time
Another time
Another time
Another time
Another time
Another time
Another time
Another time
Another time
Another time
Another time
Another time
Another time
Another time
Another time
Another time
Another time
Another time
Another time
Another time
Another time
Another time
Another time
Another time
Another time
Another time
Another time
Another time
Another time
Another time
Another time
Another time
Another time
Another time
Another time
Another time
Another time
Another time
Another time
Another time
Another time
Another time
Another time
Another time
Another time
Another time
Another time
Another time
Another time
Another time
Another time
Another time
Another time
Another time
Another time
Another time
Another time
Another time
Another time
Another time
Another time
Another time
Another time
Another time
Another time
Another time
Another time
Another time
Another time
Another time
Another time
Another time
Another time
Another time
Another time
Another time
Another time
Another time
Another time
Another time
Another time
Another time
Another time
Another time
Another time
Another time
Another time
Another time
Another time
Another time
Another time
Another time
Another time
Another time
Another time
Another time
Another time
Another time
Another time
Another time
Another time
Another time
Another time
Another time
Another time
Another time
Another time
Another time
Another time
Another time
Another time
Another time
Another time
Another time
Another time
Another time
Another time
Another time
Another time
Another time
Another time
Another time
Another time
Another time
Another time
Another time
Another time
Another time
Another time
Another time
Another time
Another time
Another time
Another time
Another time
Another time
Another time
Another time
Another time
Another time
Another time
Another time
Another time
Another time
Another time
Another time
Another time
Another time
Another time
Another time
Another time
Another time
Another time
Another time
Another time
Another time
Another time
Another time
Another time
Another time
Another time
Another time
Another time
Another time
Another time
Another time
Another time
Another time
Another time
Another time
Another time
Another time
Another time
Another time
Another time
Another time
Another time
Another time
Another time
Another time
Another time
Another time
Another time
Another time
Another time
Another time
Another time
Another time
Another time
Another time
Another time
Another time
Another time
Another time
Another time
Another time
Another time
Another time
Another time
Another time
Another time
Another time
Another time
Another time
Another time
Another time
Another time
Another time
Another time
Another time
Another time
Another time
Another time
Another time
Another time
Another time
Another time
Another time
Another time
Another time
Another time
Another time
Another time
Another time
Another time
Another time
Another time
Another time
Another time
Another time
Another time
Another time
Another time
Another time
Another time
Another time
Another time
Another time
Another time
Another time
Another time
Another time
Another time
Another time
Another time
Another time
Another time
Another time
Another time
Another time
Another time
Another time
Another time
Another time
Another time
Another time
Another time
Another time
Another time
Another time
Another time
Another time
Another time
Another time
Another time
Another time
Another time
Another time
Another time
Another time
Another time
Another time
Another time
Another time
Another time
Another time
Another time
Another time
Another time
Another time
Another time
Another time
Another time
Another time
Another time
Another time
Another time
Another time
Another time
Another time
Another time
Another time
Another time
Another time
Another time
Another time
Another time
Another time
Another time
Another time
Another time
Another time
Another time
Another time
Another time
Another time
Another time
Another time
Another time
Another time
Another time
Another time
Another time
Another time
Another time
Another time
Another time
Another time
Another time
Another time
Another time
Another time
Another time
Another time
Another time
Another time
Another time
Another time
Another time
Another time
Another time
Another time
Another time
Another time
Another time
Another time
Another time
Another time
Another time
Another time
Another time
Another time
Another time
Another time
Another time
Another time
Another time
Another time
Another time
Another time
Another time
Another time
Another time
Another time
Another time
Another time
Another time
Another time
Another time
Another time
Another time
Another time
Another time
Another time
Another time
Another time
Another time
Another time
Another time
Another time
Another time
Another time
Another time
Another time
Another time
Another time
Another time
Another time
Another time
Another time
Another time
Another time
Another time
Another time
Another time
Another time
Another time
Another time
Another time
Another time
Another time
Another time
Another time
Another time
Another time
Another time
Another time
Another time
Another time
Another time
Another time
Another time
Another time
Another time
Another time
Another time
Another time
Another time
Another time
Another time
Another time
Another time
Another time
Another time
Another time
Another time
Another time
Another time
Another time
Another time
Another time
Another time
Another time
Another time
Another time
Another time
Another time
Another time
Another time
Another time
Another time
Another time
Another time
Another time
Another time
Another time
Another time
Another time
Another time
Another time
Another time
Another time
Another time
Another time
Another time
Another time
Another time
Another time
Another time
Another time
Another time
Another time
Another time
Another time
Another time
Another time
Another time
Another time
Another time
Another time
Another time
Another time
Another time
Another time
Another time
Another time
Another time
Another time
Another time
Another time
Another time
Another time
Another time
Another time
Another time
Another time
Another time
Another time
Another time
Another time
Another time
Another time
Another time
Another time
Another time
Another time
Another time
Another time
Another time
Another time
Another time
Another time
Another time
Another time
Another time
Another time
Another time
Another time
Another time
Another time
Another time
Another time
Another time
Another time
Another time
Another time
Another time
Another time
Another time
Another time
Another time
Another time
Another time
Another time
Another time
Another time
Another time
Another time
Another time
Another time
Another time
Another time
Another time
Another time
Another time
Another time
Another time
Another time
Another time
Another time
Another time
Another time
Another time
Another time
Another time
Another time
Another time
Another time
Another time
Another time
Another time
Another time
Another time
Another time
Another time
Another time
Another time
Another time
Another time
Another time
Another time
Another time
Another time
Another time
Another time
Another time
Another time
Another time
Another time
Another time
Another time
Another time
Another time
Another time
Another time
Another time
Another time
Another time
Another time
Another time
Another time
Another time
Another time
Another time
Another time
Another time
Another time
Another time
Another time
Another time
Another time
Another time
Another time
Another time
Another time
Another time
Another time
Another time
Another time
Another time
Another time
Another time
Another time
Another time
Another time
Another time
Another time
Another time
Another time
Another time
Another time
Another time
Another time
Another time
Another time
Another time
Another time
Another time
Another time
Another time
Another time
Another time
Another time
Another time
Another time
Another time
Another time
Another time
Another time
Another time
Another time
Another time
Another time
Another time
Another time
Another time
Another time
Another time
Another time
Another time
Another time
Another time
Another time
Another time
Another time
Another time
Another time
Another time
Another time
Another time
Another time
Another time
Another time
Another time
Another time
Another time
Another time
Another time
Another time
Another time
Another time
Another time
Another time
Another time
Another time
Another time
Another time
Another time
Another time
Another time
Another time
Another time
Another time
Another time
Another time
Another time
Another time
Another time
Another time
Another time
Another time
Another time
Another time
Another time
Another time
Another time
Another time
Another time
Another time
Another time
Another time
Another time
Another time
Another time
Another time
Another time
Another time
Another time
Another time
Another time
Another time
Another time
Another time
Another time
Another time
Another time
Another time
Another time
Another time
Another time
Another time
Another time
Another time
Another time
Another time
Another time
Another time
Another time
Another time
Another time
Another time
Another time
Another time
Another time
Another time
Another time
Another time
Another time
Another time
Another time
Another time
Another time
Another time
Another time
Another time
Another time
Another time
Another time
Another time
Another time
Another time
Another time
Another time
Another time
Another time
Another time
Another time
Another time
Another time
Another time
Another time
Another time
Another time
Another time
Another time
Another time
Another time
Another time
Another time
Another time
Another time
Another time
Another time
Another time
Another time
Another time
Another time
Another time
Another time
Another time
Another time
Another time
Another time
Another time
Another time
Another time
Another time
Another time
Another time
Another time
Another time
Another time
Another time
Another time
Another time
Another time
Another time
Another time
Another time
Another time
Another time
Another time
Another time
Another time
Another time
Another time
Another time
Another time
Another time
Another time
Another time
Another time
Another time
Another time
Another time
Another time
Another time
Another time
Another time
Another time
Another time
Another time
Another time
Another time
Another time
Another time
Another time
Another time
Another time
Another time
Another time
Another time
Another time
Another time
Another time
Another time
Another time
Another time
Another time
Another time
Another time
Another time
Another time
Another time
Another time
Another time
Another time
Another time
Another time
Another time
Another time
Another time
Another time
Another time
Another time
Another time
Another time
Another time
Another time
Another time
Another time
Another time
Another time
Another time
Another time
Another time
Another time
Another time
Another time
Another time
Another time
Another time
Another time
Another time
Another time
Another time
Another time
Another time
Another time
Another time
Another time
Another time
Another time
Another time
Another time
Another time
Another time
Another time
Another time
Another time
Another time
Another time
Another time
Another time
Another time
Another time
Another time
Another time
Another time
Another time
Another time
Another time
Another time
Another time
Another time
Another time
Another time
Another time
Another time
Another time
Another time
Another time
Another time
Another time
Another time
Another time
Another time
Another time
Another time
Another time
Another time
Another time
Another time
Another time
Another time
Another time
Another time
Another time
Another time
Another time
Another time
Another time
Another time
Another time
Another time
Another time
Another time
Another time
Another time
Another time
Another time
Another time
Another time
Another time
Another time
Another time
Another time
Another time
Another time
Another time
Another time
Another time
Another time
Another time
Another time
Another time
Another time
Another time
Another time
Another time
Another time
Another time
Another time
Another time
Another time
Another time
Another time
Another time
Another time
Another time
Another time
Another time
Another time
Another time
Another time
Another time
Another time
Another time
Another time
Another time
Another time
Another time
Another time
Another time
Another time
Another time
Another time
Another time
Another time
Another time
Another time
Another time
Another time
Another time
Another time
Another time
Another time
Another time
Another time
Another time
Another time
Another time
Another time
Another time
Another time
Another time
Another time
Another time
Another time
Another time
Another time
Another time
Another time
Another time
Another time
Another time
Another time
Another time
Another time
Another time
Another time
Another time
Another time
Another time
Another time
Another time
Another time
Another time
Another time
Another time
Another time
Another time
Another time
Another time
Another time
Another time
Another time
Another time
Another time
Another time
Another time
Another time
Another time
Another time
Another time
Another time
Another time
Another time
Another time
Another time
Another time
Another time
Another time
Another time
Another time
Another time
Another time
Another time
Another time
Another time
Another time
Another time
Another time
Another time
Another time
Another time
Another time
Another time
Another time
Another time
Another time
Another time
Another time
Another time
Another time
Another time
Another time
Another time
Another time
Another time
Another time
Another time
Another time
Another time
Another time
Another time
Another time
Another time
Another time
Another time
Another time
Another time
Another time
Another time
Another time
Another time
Another time
Another time
Another time
Another time
Another time
Another time
Another time
Another time
Another time
Another time
Another time
Another time
Another time
Another time
Another time
Another time
Another time
Another time
Another time
Another time
Another time
Another time
Another time
Another time
Another time
Another time
Another time
Another time
Another time
Another time
Another time
Another time
Another time
Another time
Another time
Another time
Another time
Another time
Another time
Another time
Another time
Another time
Another time
Another time
Another time
Another time
Another time
Another time
Another time
Another time
Another time
Another time
Another time
Another time
Another time
Another time
Another time
Another time
Another time
Another time
Another time
Another time
Another time
Another time
Another time
Another time
Another time
Another time
Another time
Another time
Another time
Another time
Another time
Another time
Another time
Another time
Another time
Another time
Another time
Another time
Another time
Another time
Another time
Another time
Another time
Another time
Another time
Another time
Another time
Another time
Another time
Another time
Another time
Another time
Another time
Another time
Another time
Another time
Another time
Another time
Another time
Another time
Another time
Another time
Another time
Another time
Another time
Another time
Another time
Another time
Another time
Another time
Another time
Another time
Another time
Another time
Another time
Another time
Another time
Another time
Another time
Another time
Another time
Another time
Another time
Another time
Another time
Another time
Another time
Another time
Another time
Another time
Another time
Another time
Another time
Another time
Another time
Another time
Another time
Another time
Another time
Another time
Another time
Another time
Another time
Another time
Another time
Another time
Another time
Another time
Another time
Another time
Another time
Another time
Another time
Another time
Another time
Another time
Another time
Another time
Another time
Another time
Another time
Another time
Another time
Another time
Another time
Another time
Another time
Another time
Another time
Another time
Another time
Another time
Another time
Another time
Another time
Another time
Another time
Another time
Another time
Another time
Another time
Another time
Another time
Another time
Another time
Another time
Another time
Another time
Another time
Another time
Another time
Another time
Another time
Another time
Another time
Another time
Another time
Another time
Another time
Another time
Another time
Another time
Another time
Another time
Another time
Another time
Another time
Another time
Another time
Another time
Another time
Another time
Another time
Another time
Another time
Another time
Another time
Another time
Another time
Another time
Another time
Another time
Another time
Another time
Another time
Another time
Another time
Another time
Another time
Another time
Another time
Another time
Another time
Another time
Another time
Another time
Another time
Another time
Another time
Another time
Another time
Another time
Another time
Another time
Another time
Another time
Another time
Another time
Another time
Another time
Another time
Another time
Another time
Another time
Another time
Another time
Another time
Another time
Another time
Another time
Another time
Another time
Another time
Another time
Another time
Another time
Another time
Another time
Another time
Another time
Another time
Another time
Another time
Another time
Another time
Another time
Another time
Another time
Another time
Another time
Another time
Another time
Another time
Another time
Another time
Another time
Another time
Another time
Another time
Another time
Another time
Another time
Another time
Another time
Another time
Another time
Another time
Another time
Another time
Another time
Another time
Another time
Another time
Another time
Another time
Another time
Another time
Another time
Another time
Another time
Another time
Another time
Another time
Another time
Another time
Another time
Another time
Another time
Another time
Another time
Another time
Another time
Another time
Another time
Another time
Another time
Another time
Another time
Another time
Another time
Another time
Another time
Another time
Another time
Another time
Another time
Another time
Another time
Another time
Another time
Another time
Another time
Another time
Another time
Another time
Another time
Another time
Another time
Another time
Another time
Another time
Another time
Another time
Another time
Another time
Another time
Another time
Another time
Another time
Another time
Another time
Another time
Another time
Another time
Another time
Another time
Another time
Another time
Another time
Another time
Another time
Another time
Another time
Another time
Another time
Another time
Another time
Another time
Another time
Another time
Another time
Another time
Another time
Another time
Another time
Another time
Another time
Another time
Another time
Another time
Another time
Another time
Another time
Another time
Another time
Another time
Another time
Another time
Another time
Another time
Another time
Another time
Another time
Another time
Another time
Another time
Another time
Another time
Another time
Another time
Another time
Another time
Another time
Another time
Another time
Another time
Another time
Another time
Another time
Another time
Another time
Another time
Another time
Another time
Another time
Another time
Another time
Another time
Another time
Another time
Another time
Another time
Another time
Another time
Another time
Another time
Another time
Another time
Another time
Another time
Another time
Another time
Another time
Another time
Another time
Another time
Another time
Another time
Another time
Another time
Another time
Another time
Another time
Another time
Another time
Another time
Another time
Another time
Another time
Another time
Another time
Another time
Another time
Another time
Another time
Another time
Another time
Another time
Another time
Another time
Another time
Another time
Another time
Another time
Another time
Another time
Another time
Another time
Another time
Another time
Another time
Another time
Another time
Another time
Another time
Another time
Another time
Another time
Another time
Another time
Another time
Another time
Another time
Another time
Another time
Another time
Another time
Another time
Another time
Another time
Another time
Another time
Another time
Another time
Another time
Another time
Another time
Another time
Another time
Another time
Another time
Another time
Another time
Another time
Another time
Another time
Another time
Another time
Another time
Another time
Another time
Another time
Another time
Another time
Another time
Another time
Another time
Another time
Another time
Another time
Another time
Another time
Another time
Another time
Another time
Another time
Another time
Another time
Another time
Another time
Another time
Another time
Another time
Another time
Another time
Another time
Another time
Another time
Another time
Another time
Another time
Another time
Another time
Another time
Another time
Another time
Another time
Another time
Another time
Another time
Another time
Another time
Another time
Another time
Another time
Another time
Another time
Another time
Another time
Another time
Another time
Another time
Another time
Another time
Another time
Another time
Another time
Another time
Another time
Another time
Another time
Another time
Another time
Another time
Another time
Another time
Another time
Another time
Another time
Another time
Another time
Another time
Another time
Another time
Another time
Another time
Another time
Another time
Another time
Another time
Another time
Another time
Another time
Another time
Another time
Another time
Another time
Another time
Another time
Another time
Another time
Another time
Another time
Another time
Another time
Another time
Another time
Another time
Another time
Another time
Another time
Another time
Another time
Another time
Another time
Another time
Another time
Another time
Another time
Another time
Another time
Another time
Another time
Another time
Another time
Another time
Another time
Another time
Another time
Another time
Another time
Another time
Another time
Another time
Another time
Another time
Another time
Another time
Another time
Another time
Another time
Another time
Another time
Another time
Another time
Another time
Another time
Another time
Another time
Another time
Another time
Another time
Another time
Another time
Another time
Another time
Another time
Another time
Another time
Another time
Another time
Another time
Another time
Another time
Another time
Another time
Another time
Another time
Another time
Another time
Another time
Another time
Another time
Another time
Another time
Another time
Another time
Another time
Another time
Another time
Another time
Another time
Another time
Another time
Another time
Another time
Another time
Another time
Another time
Another time
Another time
Another time
Another time
Another time
Another time
Another time
Another time
Another time
Another time
Another time
Another time
Another time
Another time
Another time
Another time
Another time
Another time
Another time
Another time
Another time
Another time
Another time
Another time
Another time
Another time
Another time
Another time
Another time
Another time
Another time
Another time
Another time
Another time
Another time
Another time
Another time
Another time
Another time
Another time
Another time
Another time
Another time
Another time
Another time
Another time
Another time
Another time
Another time
Another time
Another time
Another time
Another time
Another time
Another time
Another time
Another time
Another time
Another time
Another time
Another time
Another time
Another time
Another time
Another time
Another time
Another time
Another time
Another time
Another time
Another time
Another time
Another time
Another time
Another time
Another time
Another time
Another time
Another time
Another time
Another time
Another time
Another time
Another time
Another time
Another time
Another time
Another time
Another time
Another time
Another time
Another time
Another time
Another time
Another time
Another time
Another time
Another time
Another time
Another time
Another time
Another time
Another time
Another time
Another time
Another time
Another time
Another time
Another time
Another time
Another time
Another time
Another time
Another time
Another time
Another time
Another time
Another time
Another time
Another time
Another time
Another time
Another time
Another time
Another time
Another time
Another time
Another time
Another time
Another time
Another time
Another time
Another time
Another time
Another time
Another time
Another time
Another time
Another time
Another time
Another time
Another time
Another time
Another time
Another time
Another time
Another time
Another time
Another time
Another time
Another time
Another time
Another time
Another time
Another time
Another time
Another time
Another time
Another time
Another time
Another time
Another time
Another time
Another time
Another time
Another time
Another time
Another time
Another time
Another time
Another time
Another time
Another time
Another time
Another time
Another time
Another time
Another time
Another time
Another time
Another time
Another time
Another time
Another time
Another time
Another time
Another time
Another time
Another time
Another time
Another time
Another time
Another time
Another time
Another time
Another time
Another time
Another time
Another time
Another time
Another time
Another time
Another time
Another time
Another time
Another time
Another time
Another time
Another time
Another time
Another time
Another time
Another time
Another time
Another time
Another time
Another time
Another time
Another time
Another time
Another time
Another time
Another time
Another time
Another time
Another time
Another time
Another time
Another time
Another time
Another time
Another time
Another time
Another time
Another time
Another time
Another time
Another time
Another time
Another time
Another time
Another time
Another time
Another time
Another time
Another time
Another time
Another time
Another time
Another time
Another time
Another time
Another time
Another time
Another time
Another time
Another time
Another time
Another time
Another time
Another time
Another time
Another time
Another time
Another time
Another time
Another time
Another time
Another time
Another time
Another time
Another time
Another time
Another time
Another time
Another time
Another time
Another time
Another time
Another time
Another time
Another time
Another time
Another time
Another time
Another time
Another time
Another time
Another time
Another time
Another time
Another time
Another time
Another time
Another time
Another time
Another time
Another time
Another time
Another time
Another time
Another time
Another time
Another time
Another time
Another time
Another time
Another time
Another time
Another time
Another time
Another time
Another time
Another time
Another time
Another time
Another time
Another time
Another time
Another time
Another time
Another time
Another time
Another time
Another time
Another time
Another time
Another time
Another time
Another time
Another time
Another time
Another time
Another time
Another time
Another time
Another time
Another time
Another time
Another time
Another time
Another time
Another time
Another time
Another time
Another time
Another time
Another time
Another time
Another time
Another time
Another time
Another time
Another time
Another time
Another time
Another time
Another time
Another time
Another time
Another time
Another time
Another time
Another time
Another time
Another time
Another time
Another time
Another time
Another time
Another time
Another time
Another time
Another time
Another time
Another time
Another time
Another time
Another time
Another time
Another time
Another time
Another time
Another time
Another time
Another time
Another time
Another time
Another time
Another time
Another time
Another time
Another time
Another time
Another time
Another time
Another time
Another time
Another time
Another time
Another time
Another time
Another time
Another time
Another time
Another time
Another time
Another time
Another time
Another time
Another time
Another time
Another time
Another time
Another time
Another time
Another time
Another time
Another time
Another time
Another time
Another time
Another time
Another time
Another time
Another time
Another time
Another time
Another time
Another time
Another time
Another time
Another time
Another time
Another time
Another time
Another time
Another time
Another time
Another time
Another time
Another time
Another time
Another time
Another time
Another time
Another time
Another time
Another time
Another time
Another time
Another time
Another time
Another time
Another time
Another time
Another time
Another time
Another time
Another time
Another time
Another time
Another time
Another time
Another time
Another time
Another time
Another time
Another time
Another time
Another time
Another time
Another time
Another time
Another time
Another time
Another time
Another time
Another time
Another time
Another time
Another time
Another time
Another time
Another time
Another time
Another time
Another time
Another time
Another time
Another time
Another time
Another time
Another time
Another time
Another time
Another time
Another time
Another time
Another time
Another time
Another time
Another time
Another time
Another time
Another time
Another time
Another time
Another time
Another time
Another time
Another time
Another time
Another time
Another time
Another time
Another time
Another time
Another time
Another time
Another time
Another time
Another time
Another time
Another time
Another time
Another time
Another time
Another time
Another time
Another time
Another time
Another time
Another time
Another time
Another time
Another time
Another time
Another time
Another time
Another time
Another time
Another time
Another time
Another time
Another time
Another time
Another time
Another time
Another time
Another time
Another time
Another time
Another time
Another time
Another time
Another time
Another time
Another time
Another time
Another time
Another time
Another time
Another time
Another time
Another time
Another time
Another time
Another time
Another time
Another time
Another time
Another time
Another time
Another time
Another time
Another time
Another time
Another time
Another time
Another time
Another time
Another time
Another time
Another time
Another time
Another time
Another time
Another time
Another time
Another time
Another time
Another time
Another time
Another time
Another time
Another time
Another time
Another time
Another time
Another time
Another time
Another time
Another time
Another time
Another time
Another time
Another time
Another time
Another time
Another time
Another time
Another time
Another time
Another time
Another time
Another time
Another time
Another time
Another time
Another time
Another time
Another time
Another time
Another time
Another time
Another time
Another time
Another time
Another time
Another time
Another time
Another time
Another time
Another time
Another time
Another time
Another time
Another time
Another time
Another time
Another time
Another time
Another time
Another time
Another time
Another time
Another time
Another time
Another time
Another time
Another time
Another time
Another time
Another time
Another time
Another time
Another time
Another time
Another time
Another time
Another time
Another time
Another time
Another time
Another time
Another time
Another time
Another time
Another time
Another time
Another time
Another time
Another time
Another time
Another time
Another time
Another time
Another time
Another time
Another time
Another time
Another time
Another time
Another time
Another time
Another time
Another time
Another time
Another time
Another time
Another time
Another time
Another time
Another time
Another time
Another time
Another time
Another time
Another time
Another time
Another time
Another time
Another time
Another time
Another time
Another time
Another time
Another time
Another time
Another time
Another time
Another time
Another time
Another time
Another time
Another time
Another time
Another time
Another time
Another time
Another time
Another time
Another time
Another time
Another time
Another time
Another time
Another time
Another time
Another time
Another time
Another time
Another time
Another time
Another time
Another time
Another time
Another time
Another time
Another time
Another time
Another time
Another time
Another time
Another time
Another time
Another time
Another time
Another time
Another time
Another time
Another time
Another time
Another time
Another time
Another time
Another time
Another time
Another time
Another time
Another time
Another time
Another time
Another time
Another time
Another time
Another time
Another time
Another time
Another time
Another time
Another time
Another time
Another time
Another time
Another time
Another time
Another time
Another time
Another time
Another time
Another time
Another time
Another time
Another time
Another time
Another time
Another time
Another time
Another time
Another time
Another time
Another time
Another time
Another time
Another time
Another time
Another time
Another time
Another time
Another time
Another time
Another time
Another time
Another time
Another time
Another time
Another time
Another time
Another time
Another time
Another time
Another time
Another time
Another time
Another time
Another time
Another time
Another time
Another time
Another time
Another time
Another time
Another time
Another time
Another time
Another time
Another time
Another time
Another time
Another time
Another time
Another time
Another time
Another time
Another time
Another time
Another time
Another time
Another time
Another time
Another time
Another time
Another time
Another time
Another time
Another time
Another time
Another time
Another time
Another time
Another time
Another time
Another time
Another time
Another time
Another time
Another time
Another time
Another time
Another time
Another time
Another time
Another time
Another time
Another time
Another time
Another time
Another time
Another time
Another time
Another time
Another time
Another time
Another time
Another time
Another time
Another time
Another time
Another time
Another time
Another time
Another time
Another time
Another time
Another time
Another time
Another time
Another time
Another time
Another time
Another time
Another time
Another time
Another time
Another time
Another time
Another time
Another time
Another time
Another time
Another time
Another time
Another time
Another time
Another time
Another time
Another time
Another time
Another time
Another time
Another time
Another time
Another time
Another time
Another time
Another time
Another time
Another time
Another time
Another time
Another time
Another time
Another time
Another time
Another time
Another time
Another time
Another time
Another time
Another time
Another time
Another time
Another time
Another time
Another time
Another time
Another time
Another time
Another time
Another time
Another time
Another time
Another time
Another time
Another time
Another time
Another time
Another time
Another time
Another time
Another time
Another time
Another time
Another time
Another time
Another time
Another time
Another time
Another time
Another time
Another time
Another time
Another time
Another time
Another time
Another time
Another time
Another time
Another time
Another time
Another time
Another time
Another time
Another time
Another time
Another time
Another time
Another time
Another time
Another time
Another time
Another time
Another time
Another time
Another time
Another time
Another time
Another time
Another time
Another time
Another time
Another time
Another time
Another time
Another time
Another time
Another time
Another time
Another time
Another time
Another time
Another time
Another time
Another time
Another time
Another time
Another time
Another time
Another time
Another time
Another time
Another time
Another time
Another time
Another time
Another time
Another time
Another time
Another time
Another time
Another time
Another time
Another time
Another time
Another time
Another time
Another time
Another time
Another time
Another time
Another time
Another time
Another time
Another time
Another time
Another time
Another time
Another time
Another time
Another time
Another time
Another time
Another time
Another time
Another time
Another time
Another time
Another time
Another time
Another time
Another time
Another time
Another time
Another time
Another time
Another time
Another time
Another time
Another time
Another time
Another time
Another time
Another time
Another time
Another time
Another time
Another time
Another time
Another time
Another time
Another time
Another time
Another time
Another time
Another time
Another time
Another time
Another time
Another time
Another time
Another time
Another time
Another time
Another time
Another time
Another time
Another time
Another time
Another time
Another time
Another time
Another time
Another time
Another time
Another time
Another time
Another time
Another time
Another time
Another time
Another time
Another time
Another time
Another time
Another time
Another time
Another time
Another time
Another time
Another time
Another time
Another time
Another time
Another time
Another time
Another time
Another time
Another time
Another time
Another time
Another time
Another time
Another time
Another time
Another time
Another time
Another time
Another time
Another time
Another time
Another time
Another time
Another time
Another time
Another time
Another time
Another time
Another time
Another time
Another time
Another time
Another time
Another time
Another time
Another time
Another time
Another time
Another time
Another time
Another time
Another time
Another time
Another time
Another time
Another time
Another time
Another time
Another time
Another time
Another time
Another time
Another time
Another time
Another time
Another time
Another time
Another time
Another time
Another time
Another time
Another time
Another time
Another time
Another time
Another time
Another time
Another time
Another time
Another time
Another time
Another time
Another time
Another time
Another time
Another time
Another time
Another time
Another time
Another time
Another time
Another time
Another time
Another time
Another time
Another time
Another time
Another time
Another time
Another time
Another time
Another time
Another time
Another time
Another time
Another time
Another time
Another time
Another time
Another time
Another time
Another time
Another time
Another time
Another time
Another time
Another time
Another time
Another time
Another time
Another time
Another time
Another time
Another time
Another time
Another time
Another time
Another time
Another time
Another time
Another time
Another time
Another time
Another time
Another time
Another time
Another time
Another time
Another time
Another time
Another time
Another time
Another time
Another time
Another time
Another time
Another time
Another time
Another time
Another time
Another time
Another time
Another time
Another time
Another time
Another time
Another time
Another time
Another time
Another time
Another time
Another time
Another time
Another time
Another time
Another time
Another time
Another time
Another time
Another time
Another time
Another time
Another time
Another time
Another time
Another time
Another time
Another time
Another time
Another time
Another time
Another time
Another time
Another time
Another time
Another time
Another time
Another time
Another time
Another time
Another time
Another time
Another time
Another time
Another time
Another time
Another time
Another time
Another time
Another time
Another time
Another time
Another time
Another time
Another time
Another time
Another time
Another time
Another time
Another time
Another time
Another time
Another time
Another time
Another time
Another time
Another time
Another time
Another time
Another time
Another time
Another time
Another time
Another time
Another time
Another time
Another time
Another time
Another time
Another time
Another time
Another time
Another time
Another time
Another time
Another time
Another time
Another time
Another time
Another time
Another time
Another time
Another time
Another time
Another time
Another time
Another time
Another time
Another time
Another time
Another time
Another time
Another time
Another time
Another time
Another time
Another time
Another time
Another time
Another time
Another time
Another time
Another time
Another time
Another time
Another time
Another time
Another time
Another time
Another time
Another time
Another time
Another time
Another time
Another time
Another time
Another time
Another time
Another time
Another time
Another time
Another time
Another time
Another time
Another time
Another time
Another time
Another time
Another time
Another time
Another time
Another time
Another time
Another time
Another time
Another time
Another time
Another time
Another time
Another time
Another time
Another time
Another time
Another time
Another time
Another time
Another time
Another time
Another time
Another time
Another time
Another time
Another time
Another time
Another time
Another time
Another time
Another time
Another time
Another time
Another time
Another time
Another time
Another time
Another time
Another time
Another time
Another time
Another time
Another time
Another time
Another time
Another time
Another time
Another time
Another time
Another time
Another time
Another time
Another time
Another time
Another time
Another time
Another time
Another time
Another time
Another time
Another time
Another time
Another time
Another time
Another time
Another time
Another time
Another time
Another time
Another time
Another time
Another time
Another time
Another time
Another time
Another time
Another time
Another time
Another time
Another time
Another time
Another time
Another time
Another time
Another time
Another time
Another time
Another time
Another time
Another time
Another time
Another time
Another time
Another time
Another time
Another time
Another time
Another time
Another time
Another time
Another time
Another time
Another time
Another time
Another time
Another time
Another time
Another time
Another time
Another time
Another time
Another time
Another time
Another time
Another time
Another time
Another time
Another time
Another time
Another time
Another time
Another time
Another time
Another time
Another time
Another time
Another time
Another time
Another time
Another time
Another time
Another time
Another time
Another time
Another time
Another time
Another time
Another time
Another time
Another time
Another time
Another time
Another time
Another time
Another time
Another time
Another time
Another time
Another time
Another time
Another time
Another time
Another time
Another time
Another time
Another time
Another time
Another time
Another time
Another time
Another time
Another time
Another time
Another time
Another time
Another time
Another time
Another time
Another time
Another time
Another time
Another time
Another time
Another time
Another time
Another time
Another time
Another time
Another time
Another time
Another time
Another time
Another time
Another time
Another time
Another time
Another time
Another time
Another time
Another time
Another time
Another time
Another time
Another time
Another time
Another time
Another time
Another time
Another time
Another time
Another time
Another time
Another time
Another time
Another time
Another time
Another time
Another time
Another time
Another time
Another time
Another time
Another time
Another time
Another time
Another time
Another time
Another time
Another time
Another time
Another time
Another time
Another time
Another time
Another time
Another time
Another time
Another time
Another time
Another time
Another time
Another time
Another time
Another time
Another time
Another time
Another time
Another time
Another time
Another time
Another time
Another time
Another time
Another time
Another time
Another time
Another time
Another time
Another time
Another time
Another time
Another time
Another time
Another time
Another time
Another time
Another time
Another time
Another time
Another time
Another time
Another time
Another time
Another time
Another time
Another time
Another time
Another time
Another time
Another time
Another time
Another time
Another time
Another time
Another time
Another time
Another time
Another time
Another time
Another time
Another time
Another time
Another time
Another time
Another time
Another time
Another time
Another time
Another time
Another time
Another time
Another time
Another time
Another time
Another time
Another time
Another time
Another time
Another time
Another time
Another time
Another time
Another time
Another time
Another time
Another time
Another time
Another time
Another time
Another time
Another time
Another time
Another time
Another time
Another time
Another time
Another time
Another time
Another time
Another time
Another time
Another time
Another time
Another time
Another time
Another time
Another time
Another time
Another time
Another time
Another time
Another time
Another time
Another time
Another time
Another time
Another time
Another time
Another time
Another time
Another time
Another time
Another time
Another time
Another time
Another time
Another time
Another time
Another time
Another time
Another time
Another time
Another time
Another time
Another time
Another time
Another time
Another time
Another time
Another time
Another time
Another time
Another time
Another time
Another time
Another time
Another time
Another time
Another time
Another time
Another time
Another time
Another time
Another time
Another time
Another time
Another time
Another time
Another time
Another time
Another time
Another time
Another time
Another time
Another time
Another time
Another time
Another time
Another time
Another time
Another time
Another time
Another time
Another time
Another time
Another time
Another time
Another time
Another time
Another time
Another time
Another time
Another time
Another time
Another time
Another time
Another time
Another time
Another time
Another time
Another time
Another time
Another time
Another time
Another time
Another time
Another time
Another time
Another time
Another time
Another time
Another time
Another time
Another time
Another time
Another time
Another time
Another time
Another time
Another time
Another time
Another time
Another time
Another time
Another time
Another time
Another time
Another time
Another time
Another time
Another time
Another time
Another time
Another time
Another time
Another time
Another time
Another time
Another time
Another time
Another time
Another time
Another time
Another time
Another time
Another time
Another time
Another time
Another time
Another time
Another time
Another time
Another time
Another time
Another time
Another time
Another time
Another time
Another time
Another time
Another time
Another time
Another time
Another time
Another time
Another time
Another time
Another time
Another time
Another time
Another time
Another time
Another time
Another time
Another time
Another time
Another time
Another time
Another time
Another time
Another time
Another time
Another time
Another time
Another time
Another time
Another time
Another time
Another time
Another time
Another time
Another time
Another time
Another time
Another time
Another time
Another time
Another time
Another time
Another time
Another time
Another time
Another time
Another time
Another time
Another time
Another time
Another time
Another time
Another time
Another time
Another time
Another time
Another time
Another time
Another time
Another time
Another time
Another time
Another time
Another time
Another time
Another time
Another time
Another time
Another time
Another time
Another time
Another time
Another time
Another time
Another time
Another time
Another time
Another time
Another time
Another time
Another time
Another time
Another time
Another time
Another time
Another time
Another time
Another time
Another time
Another time
Another time
Another time
Another time
Another time
Another time
Another time
Another time
Another time
Another time
Another time
Another time
Another time
Another time
Another time
Another time
Another time
Another time
Another time
Another time
Another time
Another time
Another time
Another time
Another time
Another time
Another time
Another time
Another time
Another time
Another time
Another time
Another time
Another time
Another time
Another time
Another time
Another time
Another time
Another time
Another time
Another time
Another time
Another time
Another time
Another time
Another time
Another time
Another time
Another time
Another time
Another time
Another time
Another time
Another time
Another time
Another time
Another time
Another time
Another time
Another time
Another time
Another time
Another time
Another time
Another time
Another time
Another time
Another time
Another time
Another time
Another time
Another time
Another time
Another time
Another time
Another time
Another time
Another time
Another time
Another time
Another time
Another time
Another time
Another time
Another time
Another time
Another time
Another time
Another time
Another time
Another time
Another time
Another time
Another time
Another time
Another time
Another time
Another time
Another time
Another time
Another time
Another time
Another time
Another time
Another time
Another time
Another time
Another time
Another time
Another time
Another time
Another time
Another time
Another time
Another time
Another time
Another time
Another time
Another time
Another time
Another time
Another time
Another time
Another time
Another time
Another time
Another time
Another time
Another time
Another time
Another time
Another time
Another time
Another time
Another time
Another time
Another time
Another time
Another time
Another time
Another time
Another time
Another time
Another time
Another time
Another time
Another time
Another time
Another time
Another time
Another time
Another time
Another time
Another time
Another time
Another time
Another time
Another time
Another time
Another time
Another time
Another time
Another time
Another time
Another time
Another time
Another time
Another time
Another time
Another time
Another time
Another time
Another time
Another time
Another time
Another time
Another time
Another time
Another time
Another time
Another time
Another time
Another time
Another time
Another time
Another time
Another time
Another time
Another time
Another time
Another time
Another time
Another time
Another time
Another time
Another time
Another time
Another time
Another time
Another time
Another time
Another time
Another time
Another time
Another time
Another time
Another time
Another time
Another time
Another time
Another time
Another time
Another time
Another time
Another time
Another time
Another time
Another time
Another time
Another time
Another time
Another time
Another time
Another time
Another time
Another time
Another time
Another time
Another time
Another time
Another time
Another time
Another time
Another time
Another time
Another time
Another time
Another time
Another time
Another time
Another time
Another time
Another time
Another time
Another time
Another time
Another time
Another time
Another time
Another time
Another time
Another time
Another time
Another time
Another time
Another time
Another time
Another time
Another time
Another time
Another time
Another time
Another time
Another time
Another time
Another time
Another time
Another time
Another time
Another time
Another time
Another time
Another time
Another time
Another time
Another time
Another time
Another time
Another time
Another time
Another time
Another time
Another time
Another time
Another time
Another time
Another time
Another time
Another time
Another time
Another time
Another time
Another time
Another time
Another time
Another time
Another time
Another time
Another time
Another time
Another time
Another time
Another time
Another time
Another time
Another time
Another time
Another time
Another time
Another time
Another time
Another time
Another time
Another time
Another time
Another time
Another time
Another time
Another time
Another time
Another time
Another time
Another time
Another time
Another time
Another time
Another time
Another time
Another time
Another time
Another time
Another time
Another time
Another time
Another time
Another time
Another time
Another time
Another time
Another time
Another time
Another time
Another time
Another time
Another time
Another time
Another time
Another time
Another time
Another time
Another time
Another time
Another time
Another time
Another time
Another time
Another time
Another time
Another time
Another time
Another time
Another time
Another time
Another time
Another time
Another time
Another time
Another time
Another time
Another time
Another time
Another time
Another time
Another time
Another time
Another time
Another time
Another time
Another time
Another time
Another time
Another time
Another time
Another time
Another time
Another time
Another time
Another time
Another time
Another time
Another time
Another time
Another time
Another time
Another time
Another time
Another time
Another time
Another time
Another time
Another time
Another time
Another time
Another time
Another time
Another time
Another time
Another time
Another time
Another time
Another time
Another time
Another time
Another time
Another time
Another time
Another time
Another time
Another time
Another time
Another time
Another time
Another time
Another time
Another time
Another time
Another time
Another time
Another time
Another time
Another time
Another time
Another time
Another time
Another time
Another time
Another time
Another time
Another time
Another time
Another time
Another time
Another time
Another time
Another time
Another time
Another time
Another time
Another time
Another time
Another time
Another time
Another time
Another time
Another time
Another time
Another time
Another time
Another time
Another time
Another time
Another time
Another time
Another time
Another time
Another time
Another time
Another time
Another time
Another time
Another time
Another time
Another time
Another time
Another time
Another time
Another time
Another time
Another time
Another time
Another time
Another time
Another time
Another time
Another time
Another time
Another time
Another time
Another time
Another time
Another time
Another time
Another time
Another time
Another time
Another time
Another time
Another time
Another time
Another time
Another time
Another time
Another time
Another time
Another time
Another time
Another time
Another time
Another time
Another time
Another time
Another time
Another time
Another time
Another time
Another time
Another time
Another time
Another time
Another time
Another time
Another time
Another time
Another time
Another time
Another time
Another time
Another time
Another time
Another time
Another time
Another time
Another time
Another time
Another time
Another time
Another time
Another time
Another time
Another time
Another time
Another time
Another time
Another time
Another time
Another time
Another time
Another time
Another time
Another time
Another time
Another time
Another time
Another time
Another time
Another time
Another time
Another time
Another time
Another time
Another time
Another time
Another time
Another time
Another time
Another time
Another time
Another time
Another time
Another time
Another time
Another time
Another time
Another time
Another time
Another time
Another time
Another time
Another time
Another time
Another time
Another time
Another time
Another time
Another time
Another time
Another time
Another time
Another time
Another time
Another time
Another time
Another time
Another time
Another time
Another time
Another time
Another time
Another time
Another time
Another time
Another time
Another time
Another time
Another time
Another time
Another time
Another time
Another time
Another time
Another time
Another time
Another time
Another time
Another time
Another time
Another time
Another time
Another time
Another time
Another time
Another time
Another time
Another time
Another time
Another time
Another time
Another time
Another time
Another time
Another time
Another time
Another time
Another time
Another time
Another time
Another time
Another time
Another time
Another time
Another time
Another time
Another time
Another time
Another time
Another time
Another time
Another time
Another time
Another time
Another time
Another time
Another time
Another time
Another time
Another time
Another time
Another time
Another time
Another time
Another time
Another time
Another time
Another time
Another time
Another time
Another time
Another time
Another time
Another time
Another time
Another time
Another time
Another time
Another time
Another time
Another time
Another time
Another time
Another time
Another time
Another time
Another time
Another time
Another time
Another time
Another time
Another time
Another time
Another time
Another time
Another time
Another time
Another time
Another time
Another time
Another time
Another time
Another time
Another time
Another time
Another time
Another time
Another time
Another time
Another time
Another time
Another time
Another time
Another time
Another time
Another time
Another time
Another time
Another time
Another time
Another time
Another time
Another time
Another time
Another time
Another time
Another time
Another time
Another time
Another time
Another time
Another time
Another time
Another time
Another time
Another time
Another time
Another time
Another time
Another time
Another time
Another time
Another time
Another time
Another time
Another time
Another time
Another time
Another time
Another time
Another time
Another time
Another time
Another time
Another time
Another time
Another time
Another time
Another time
Another time
Another time
Another time
Another time
Another time
Another time
Another time
Another time
Another time
Another time
Another time
Another time
Another time
Another time
Another time
Another time
Another time
Another time
Another time
Another time
Another time
Another time
Another time
Another time
Another time
Another time
Another time
Another time
Another time
Another time
Another time
Another time
Another time
Another time
Another time
Another time
Another time
Another time
Another time
Another time
Another time
Another time
Another time
Another time
Another time
Another time
Another time
Another time
Another time
Another time
Another time
Another time
Another time
Another time
Another time
Another time
Another time
Another time
Another time
Another time
Another time
Another time
Another time
Another time
Another time
Another time
Another time
Another time
Another time
Another time
Another time
Another time
Another time
Another time
Another time
Another time
Another time
Another time
Another time
Another time
Another time
Another time
Another time
Another time
Another time
Another time
Another time
Another time
Another time
Another time
Another time
Another time
Another time
Another time
Another time
Another time
Another time
Another time
Another time
Another time
Another time
Another time
Another time
Another time
Another time
Another time
Another time
Another time
Another time
Another time
Another time
Another time
Another time
Another time
Another time
Another time
Another time
Another time
Another time
Another time
Another time
Another time
Another time
Another time
Another time
Another time
Another time
Another time
Another time
Another time
Another time
Another time
Another time
Another time
Another time
Another time
Another time
Another time
Another time
Another time
Another time
Another time
Another time
Another time
Another time
Another time
Another time
Another time
Another time
Another time
Another time
Another time
Another time
Another time
Another time
Another time
Another time
Another time
Another time
Another time
Another time
Another time
Another time
Another time
Another time
Another time
Another time
Another time
Another time
Another time
Another time
Another time
Another time
Another time
Another time
Another time
Another time
Another time
Another time
Another time
Another time
Another time
Another time
Another time
Another time
Another time
Another time
Another time
Another time
Another time
Another time
Another time
Another time
Another time
Another time
Another time
Another time
Another time
Another time
Another time
Another time
Another time
Another time
Another time
Another time
Another time
Another time
Another time
Another time
Another time
Another time
Another time
Another time
Another time
Another time
Another time
Another time
Another time
Another time
Another time
Another time
Another time
Another time
Another time
Another time
Another time
Another time
Another time
Another time
Another time
Another time
Another time
Another time
Another time
Another time
Another time
Another time
Another time
Another time
Another time
Another time
Another time
Another time
Another time
Another time
Another time
Another time
Another time
Another time
Another time
Another time
Another time
Another time
Another time
Another time
Another time
Another time
Another time
Another time
Another time
Another time
Another time
Another time
Another time
Another time
Another time
Another time
Another time
Another time
Another time
Another time
Another time
Another time
Another time
Another time
Another time
Another time
Another time
Another time
Another time
Another time
Another time
Another time
Another time
Another time
Another time
Another time
Another time
Another time
Another time
Another time
Another time
Another time
Another time
Another time
Another time
Another time
Another time
Another time
Another time
Another time
Another time
Another time
Another time
Another time
Another time
Another time
Another time
Another time
Another time
Another time
Another time
Another time
Another time
Another time
Another time
Another time
Another time
Another time
Another time
Another time
Another time
Another time
Another time
Another time
Another time
Another time
Another time
Another time
Another time
Another time
Another time
Another time
Another time
Another time
Another time
Another time
Another time
Another time
Another time
Another time
Another time
Another time
Another time
Another time
Another time
Another time
Another time
Another time
Another time
Another time
Another time
Another time
Another time
Another time
Another time
Another time
Another time
Another time
Another time
Another time
Another time
Another time
Another time
Another time
Another time
Another time
Another time
Another time
Another time
Another time
Another time
Another time
Another time
Another time
Another time
Another time
Another time
Another time
Another time
Another time
Another time
Another time
Another time
Another time
Another time
Another time
Another time
Another time
Another time
Another time
Another time
Another time
Another time
Another time
Another time
Another time
Another time
Another time
Another time
Another time
Another time
Another time
Another time
Another time
Another time
Another time
Another time
Another time
Another time
Another time
Another time
Another time
Another time
Another time
Another time
Another time
Another time
Another time
Another time
Another time
Another time
Another time
Another time
Another time
Another time
Another time
Another time
Another time
Another time
Another time
Another time
Another time
Another time
Another time
Another time
Another time
Another time
Another time
Another time
Another time
Another time
Another time
Another time
Another time
Another time
Another time
Another time
Another time
Another time
Another time
Another time
Another time
Another time
Another time
Another time
Another time
Another time
Another time
Another time
Another time
Another time
Another time
Another time
Another time
Another time
Another time
Another time
Another time
Another time
Another time
Another time
Another time
Another time
Another time
Another time
Another time
Another time
Another time
Another time
Another time
Another time
Another time
Another time
Another time
Another time
Another time
Another time
Another time
Another time
Another time
Another time
Another time
Another time
Another time
Another time
Another time
Another time
Another time
Another time
Another time
Another time
Another time
Another time
Another time
Another time
Another time
Another time
Another time
Another time
Another time
Another time
Another time
Another time
Another time
Another time
Another time
Another time
Another time
Another time
Another time
Another time
Another time
Another time
Another time
Another time
Another time
Another time
Another time
Another time
Another time
Another time
Another time
Another time
Another time
Another time
Another time
Another time
Another time
Another time
Another time
Another time
Another time
Another time
Another time
Another time
Another time
Another time
Another time
Another time
Another time
Another time
Another time
Another time
Another time
Another time
Another time
Another time
Another time
Another time
Another time
Another time
Another time
Another time
Another time
Another time
Another time
Another time
Another time
Another time
Another time
Another time
Another time
Another time
Another time
Another time
Another time
Another time
Another time
Another time
Another time
Another time
Another time
Another time
Another time
Another time
Another time
Another time
Another time
Another time
Another time
Another time
Another time
Another time
Another time
Another time
Another time
Another time
Another time
Another time
Another time
Another time
Another time
Another time
Another time
Another time
Another time
Another time
Another time
Another time
Another time
Another time
Another time
Another time
Another time
Another time
Another time
Another time
Another time
Another time
Another time
Another time
Another time
Another time
Another time
Another time
Another time
Another time
Another time
Another time
Another time
Another time
Another time
Another time
Another time
Another time
Another time
Another time
Another time
Another time
Another time
Another time
Another time
Another time
Another time
Another time
Another time
Another time
Another time
Another time
Another time
Another time
Another time
Another time
Another time
Another time
Another time
Another time
Another time
Another time
Another time
Another time
Another time
Another time
Another time
Another time
Another time
Another time
Another time
Another time
Another time
Another time
Another time
Another time
Another time
Another time
Another time
Another time
Another time
Another time
Another time
Another time
Another time
Another time
Another time
Another time
Another time
Another time
Another time
Another time
Another time
Another time
Another time
Another time
Another time
Another time
Another time
Another time
Another time
Another time
Another time
Another time
Another time
Another time
Another time
Another time
Another time
Another time
Another time
Another time
Another time
Another time
Another time
Another time
Another time
Another time
Another time
Another time
Another time
Another time
Another time
Another time
Another time
Another time
Another time
Another time
Another time
Another time
Another time
Another time
Another time
Another time
Another time
Another time
Another time
Another time
Another time
Another time
Another time
Another time
Another time
Another time
Another time
Another time
Another time
Another time
Another time
Another time
Another time
Another time
Another time
Another time
Another time
Another time
Another time
Another time
Another time
Another time
Another time
Another time
Another time
Another time
Another time
Another time
Another time
Another time
Another time
Another time
Another time
Another time
Another time
Another time
Another time
Another time
Another time
Another time
Another time
Another time
Another time
Another time
Another time
Another time
Another time
Another time
Another time
Another time
Another time
Another time
Another time
Another time
Another time
Another time
Another time
Another time
Another time
Another time
Another time
Another time
Another time
Another time
Another time
Another time
Another time
Another time
Another time
Another time
Another time
Another time
Another time
Another time
Another time
Another time
Another time
Another time
Another time
Another time
Another time
Another time
Another time
Another time
Another time
Another time
Another time
Another time
Another time
Another time
Another time
Another time
Another time
Another time
Another time
Another time
Another time
Another time
Another time
Another time
Another time
Another time
Another time
Another time
Another time
Another time
Another time
Another time
Another time
Another time
Another time
Another time
Another time
Another time
Another time
Another time
Another time
Another time
Another time
Another time
Another time
Another time
Another time
Another time
Another time
Another time
Another time
Another time
Another time
Another time
Another time
Another time
Another time
Another time
Another time
Another time
Another time
Another time
Another time
Another time
Another time
Another time
Another time
Another time
Another time
Another time
Another time
Another time
Another time
Another time
Another time
Another time
Another time
Another time
Another time
Another time
Another time
Another time
Another time
Another time
Another time
Another time
Another time
Another time
Another time
Another time
Another time
Another time
Another time
Another time
Another time
Another time
Another time
Another time
Another time
Another time
Another time
Another time
Another time
Another time
Another time
Another time
Another time
Another time
Another time
Another time
Another time
Another time
Another time
Another time
Another time
Another time
Another time
Another time
Another time
Another time
Another time
Another time
Another time
Another time
Another time
Another time
Another time
Another time
Another time
Another time
Another time
Another time
Another time
Another time
Another time
Another time
Another time
Another time
Another time
Another time
Another time
Another time
Another time
Another time
Another time
Another time
Another time
Another time
Another time
Another time
Another time
Another time
Another time
Another time
Another time
Another time
Another time
Another time
Another time
Another time
Another time
Another time
Another time
Another time
Another time
Another time
Another time
Another time
Another time
Another time
Another time
Another time
Another time
Another time
Another time
Another time
Another time
Another time
Another time
Another time
Another time
Another time
Another time
Another time
Another time
Another time
Another time
Another time
Another time
Another time
Another time
Another time
Another time
Another time
Another time
Another time
Another time
Another time
Another time
Another time
Another time
Another time
Another time
Another time
Another time
Another time
Another time
Another time
Another time
Another time
Another time
Another time
Another time
Another time
Another time
Another time
Another time
Another time
Another time
Another time
Another time
Another time
Another time
Another time
Another time
Another time
Another time
Another time
Another time
Another time
Another time
Another time
Another time
Another time
Another time
Another time
Another time
Another time
Another time
Another time
Another time
Another time
Another time
Another time
Another time
Another time
Another time
Another time
Another time
Another time
Another time
Another time
Another time
Another time
Another time
Another time
Another time
Another time
Another time
Another time
Another time
Another time
Another time
Another time
Another time
Another time
Another time
Another time
Another time
Another time
Another time
Another time
Another time
Another time
Another time
Another time
Another time
Another time
Another time
Another time
Another time
Another time
Another time
Another time
Another time
Another time
Another time
Another time
Another time
Another time
Another time
Another time
Another time
Another time
Another time
Another time
Another time
Another time
Another time
Another time
Another time
Another time
Another time
Another time
Another time
Another time
Another time
Another time
Another time
Another time
Another time
Another time
Another time
Another time
Another time
Another time
Another time
Another time
Another time
Another time
Another time
Another time
Another time
Another time
Another time
Another time
Another time
Another time
Another time
Another time
Another time
Another time
Another time
Another time
Another time
Another time
Another time
Another time
Another time
Another time
Another time
Another time
Another time
Another time
Another time
Another time
Another time
Another time
Another time
Another time
Another time
Another time
Another time
Another time
Another time
Another time
Another time
Another time
Another time
Another time
Another time
Another time
Another time
Another time
Another time
Another time
Another time
Another time
Another time
Another time
Another time
Another time
Another time
Another time
Another time
Another time
Another time
Another time
Another time
Another time
Another time
Another time
Another time
Another time
Another time
Another time
Another time
Another time
Another time
Another time
Another time
Another time
Another time
Another time
Another time
Another time
Another time
Another time
Another time
Another time
Another time
Another time
Another time
Another time
Another time
Another time
Another time
Another time
Another time
Another time
Another time
Another time
Another time
Another time
Another time
Another time
Another time
Another time
Another time
Another time
Another time
Another time
Another time
Another time
Another time
Another time
Another time
Another time
Another time
Another time
Another time
Another time
Another time
Another time
Another time
Another time
Another time
Another time
Another time
Another time
Another time
Another time
Another time
Another time
Another time
Another time
Another time
Another time
Another time
Another time
Another time
Another time
Another time
Another time
Another time
Another time
Another time
Another time
Another time
Another time
Another time
Another time
Another time
Another time
Another time
Another time
Another time
Another time
Another time
Another time
Another time
Another time
Another time
Another time
Another time
Another time
Another time
Another time
Another time
Another time
Another time
Another time
Another time
Another time
Another time
Another time
Another time
Another time
Another time
Another time
Another time
Another time
Another time
Another time
Another time
Another time
Another time
Another time
Another time
Another time
Another time
Another time
Another time
Another time
Another time
Another time
Another time
Another time
Another time
Another time
Another time
Another time
Another time
Another time
Another time
Another time
Another time
Another time
Another time
Another time
Another time
Another time
Another time
Another time
Another time
Another time
Another time
Another time
Another time
Another time
Another time
Another time
Another time
Another time
Another time
Another time
Another time
Another time
Another time
Another time
Another time
Another time
Another time
Another time
Another time
Another time
Another time
Another time
Another time
Another time
Another time
Another time
Another time
Another time
Another time
Another time
Another time
Another time
Another time
Another time
Another time
Another time
Another time
Another time
Another time
Another time
Another time
Another time
Another time
Another time
Another time
Another time
Another time
Another time
Another time
Another time
Another time
Another time
Another time
Another time
Another time
Another time
Another time
Another time
Another time
Another time
Another time
Another time
Another time
Another time
Another time
Another time
Another time
Another time
Another time
Another time
Another time
Another time
Another time
Another time
Another time
Another time
Another time
Another time
Another time
Another time
Another time
Another time
Another time
Another time
Another time
Another time
Another time
Another time
Another time
Another time
Another time
Another time
Another time
Another time
Another time
Another time
Another time
Another time
Another time
Another time
Another time
Another time
Another time
Another time
Another time
Another time
Another time
Another time
Another time
Another time
Another time
Another time
Another time
Another time
Another time
Another time
Another time
Another time
Another time
Another time
Another time
Another time
Another time
Another time
Another time
Another time
Another time
Another time
Another time
Another time
Another time
Another time
Another time
Another time
Another time
Another time
Another time
Another time
Another time
Another time
Another time
Another time
Another time
Another time
Another time
Another time
Another time
Another time
Another time
Another time
Another time
Another time
Another time
Another time
Another time
Another time
Another time
Another time
Another time
Another time
Another time
Another time
Another time
Another time
Another time
Another time
Another time
Another time
Another time
Another time
Another time
Another time
Another time
Another time
Another time
Another time
Another time
Another time
Another time
Another time
Another time
Another time
Another time
Another time
Another time
Another time
Another time
Another time
Another time
Another time
Another time
Another time
Another time
Another time
Another time
Another time
Another time
Another time
Another time
Another time
Another time
Another time
Another time
Another time
Another time
Another time
Another time
Another time
Another time
Another time
Another time
Another time
Another time
Another time
Another time
Another time
Another time
Another time
Another time
Another time
Another time
Another time
Another time
Another time
Another time
Another time
Another time
Another time
Another time
Another time
Another time
Another time
Another time
Another time
Another time
Another time
Another time
Another time
Another time
Another time
Another time
Another time
Another time
Another time
Another time
Another time
Another time
Another time
Another time
Another time
Another time
Another time
Another time
Another time
Another time
Another time
Another time
Another time
Another time
Another time
Another time
Another time
Another time
Another time
Another time
Another time
Another time
Another time
Another time
Another time
Another time
Another time
Another time
Another time
Another time
Another time
Another time
Another time
Another time
Another time
Another time
Another time
Another time
Another time
Another time
Another time
Another time
Another time
Another time
Another time
Another time
Another time
Another time
Another time
Another time
Another time
Another time
Another time
Another time
Another time
Another time
Another time
Another time
Another time
Another time
Another time
Another time
Another time
Another time
Another time
Another time
Another time
Another time
Another time
Another time
Another time
Another time
Another time
Another time
Another time
Another time
Another time
Another time
Another time
Another time
Another time
Another time
Another time
Another time
Another time
Another time
Another time
Another time
Another time
Another time
Another time
Another time
Another time
Another time
Another time
Another time
Another time
Another time
Another time
Another time
Another time
Another time
Another time
Another time
Another time
Another time
Another time
Another time
Another time
Another time
Another time
Another time
Another time
Another time
Another time
Another time
Another time
Another time
Another time
Another time
Another time
Another time
Another time
Another time
Another time
Another time
Another time
Another time
Another time
Another time
Another time
Another time
Another time
Another time
Another time
Another time
Another time
Another time
Another time
Another time
Another time
Another time
Another time
Another time
Another time
Another time
Another time
Another time
Another time
Another time
Another time
Another time
Another time
Another time
Another time
Another time
Another time
Another time
Another time
Another time
Another time
Another time
Another time
Another time
Another time
Another time
Another time
Another time
Another time
Another time
Another time
Another time
Another time
Another time
Another time
Another time
Another time
Another time
Another time
Another time
Another time
Another time
Another time
Another time
Another time
Another time
Another time
Another time
Another time
Another time
Another time
Another time
Another time
Another time
Another time
Another time
Another time
Another time
Another time
Another time
Another time
Another time
Another time
Another time
Another time
Another time
Another time
Another time
Another time
Another time
Another time
Another time
Another time
Another time
Another time
Another time
Another time
Another time
Another time
Another time
Another time
Another time
Another time
Another time
Another time
Another time
Another time
Another time
Another time
Another time
Another time
Another time
Another time
Another time
Another time
Another time
Another time
Another time
Another time
Another time
Another time
Another time
Another time
Another time
Another time
Another time
Another time
Another time
Another time
Another time
Another time
Another time
Another time
Another time
Another time
Another time
Another time
Another time
Another time
Another time
Another time
Another time
Another time
Another time
Another time
Another time
Another time
Another time
Another time
Another time
Another time
Another time
Another time
Another time
Another time
Another time
Another time
Another time
Another time
Another time
Another time
Another time
Another time
Another time
Another time
Another time
Another time
Another time
Another time
Another time
Another time
Another time
Another time
Another time
Another time
Another time
Another time
Another time
Another time
Another time
Another time
Another time
Another time
Another time
Another time
Another time
Another time
Another time
Another time
Another time
Another time
Another time
Another time
Another time
Another time
Another time
Another time
Another time
Another time
Another time
Another time
Another time
Another time
Another time
Another time
Another time
Another time
Another time
Another time
Another time
Another time
Another time
Another time
Another time
Another time
Another time
Another time
Another time
Another time
Another time
Another time
Another time
Another time
Another time
Another time
Another time
Another time
Another time
Another time
Another time
Another time
Another time
Another time
Another time
Another time
Another time
Another time
Another time
Another time
Another time
Another time
Another time
Another time
Another time
Another time
Another time
Another time
Another time
Another time
Another time
Another time
Another time
Another time
Another time
Another time
Another time
Another time
Another time
Another time
Another time
Another time
Another time
Another time
Another time
Another time
Another time
Another time
Another time
Another time
Another time
Another time
Another time
Another time
Another time
Another time
Another time
Another time
Another time
Another time
Another time
Another time
Another time
Another time
Another time
Another time
Another time
Another time
Another time
Another time
Another time
Another time
Another time
Another time
Another time
Another time
Another time
Another time
Another time
Another time
Another time
Another time
Another time
Another time
Another time
Another time
Another time
Another time
Another time
Another time
Another time
Another time
Another time
Another time
Another time
Another time
Another time
Another time
Another time
Another time
Another time
Another time
Another time
Another time
Another time
Another time
Another time
Another time
Another time
Another time
Another time
Another time
Another time
Another time
Another time
Another time
Another time
Another time
Another time
Another time
Another time
Another time
Another time
Another time
Another time
Another time
Another time
Another time
Another time
Another time
Another time
Another time
Another time
Another time
Another time
Another time
Another time
Another time
Another time
Another time
Another time
Another time
Another time
Another time
Another time
Another time
Another time
Another time
Another time
Another time
Another time
Another time
Another time
Another time
Another time
Another time
Another time
Another time
Another time
Another time
Another time
Another time
Another time
Another time
Another time
Another time
Another time
Another time
Another time
Another time
Another time
Another time
Another time
Another time
Another time
Another time
Another time
Another time
Another time
Another time
Another time
Another time
Another time
Another time
Another time
Another time
Another time
Another time
Another time
Another time
Another time
Another time
Another time
Another time
Another time
Another time
Another time
Another time
Another time
Another time
Another time
Another time
Another time
Another time
Another time
Another time
Another time
Another time
Another time
Another time
Another time
Another time
Another time
Another time
Another time
Another time
Another time
Another time
Another time
Another time
Another time
Another time
Another time
Another time
Another time
Another time
Another time
Another time
Another time
Another time
Another time
Another time
Another time
Another time
Another time
Another time
Another time
Another time
Another time
Another time
Another time
Another time
Another time
Another time
Another time
Another time
Another time
Another time
Another time
Another time
Another time
Another time
Another time
Another time
Another time
Another time
Another time
Another time
Another time
Another time
Another time
Another time
Another time
Another time
Another time
Another time
Another time
Another time
Another time
Another time
Another time
Another time
Another time
Another time
Another time
Another time
Another time
Another time
Another time
Another time
Another time
Another time
Another time
Another time
Another time
Another time
Another time
Another time
Another time
Another time
Another time
Another time
Another time
Another time
Another time
Another time
Another time
Another time
Another time
Another time
Another time
Another time
Another time
Another time
Another time
Another time
Another time
Another time
Another time
Another time
Another time
Another time
Another time
Another time
Another time
Another time
Another time
Another time
Another time
Another time
Another time
Another time
Another time
Another time
Another time
Another time
Another time
Another time
Another time
Another time
Another time
Another time
Another time
Another time
Another time
Another time
Another time
Another time
Another time
Another time
Another time
Another time
Another time
Another time
Another time
Another time
Another time
Another time
Another time
Another time
Another time
Another time
Another time
Another time
Another time
Another time
Another time
Another time
Another time
Another time
Another time
Another time
Another time
Another time
Another time
Another time
Another time
Another time
Another time
Another time
Another time
Another time
Another time
Another time
Another time
Another time
Another time
Another time
Another time
Another time
Another time
Another time
Another time
Another time
Another time
Another time
Another time
Another time
Another time
Another time
Another time
Another time
Another time
Another time
Another time
Another time
Another time
Another time
Another time
Another time
Another time
Another time
Another time
Another time
Another time
Another time
Another time
Another time
Another time
Another time
Another time
Another time
Another time
Another time
Another time
Another time
Another time
Another time
Another time
Another time
Another time
Another time
Another time
Another time
Another time
Another time
Another time
Another time
Another time
Another time
Another time
Another time
Another time
Another time
Another time
Another time
Another time
Another time
Another time
Another time
Another time
Another time
Another time
Another time
Another time
Another time
Another time
Another time
Another time
Another time
Another time
Another time
Another time
Another time
Another time
Another time
Another time
Another time
Another time
Another time
Another time
Another time
Another time
Another time
Another time
Another time
Another time
Another time
Another time
Another time
Another time
Another time
Another time
Another time
Another time
Another time
Another time
Another time
Another time
Another time
Another time
Another time
Another time
Another time
Another time
Another time
Another time
Another time
Another time
Another time
Another time
Another time
Another time
Another time
Another time
Another time
Another time
Another time
Another time
Another time
Another time
Another time
Another time
Another time
Another time
Another time
Another time
Another time
Another time
Another time
Another time
Another time
Another time
Another time
Another time
Another time
Another time
Another time
Another time
Another time
Another time
Another time
Another time
Another time
Another time
Another time
Another time
Another time
Another time
Another time
Another time
Another time
Another time
Another time
Another time
Another time
Another time
Another time
Another time
Another time
Another time
Another time
Another time
Another time
Another time
Another time
Another time
Another time
Another time
Another time
Another time
Another time
Another time
Another time
Another time
Another time
Another time
Another time
Another time
Another time
Another time
Another time
Another time
Another time
Another time
Another time
Another time
Another time
Another time
Another time
Another time
Another time
Another time
Another time
Another time
Another time
Another time
Another time
Another time
Another time
Another time
Another time
Another time
Another time
Another time
Another time
Another time
Another time
Another time
Another time
Another time
Another time
Another time
Another time
Another time
Another time
Another time
Another time
Another time
Another time
Another time
Another time
Another time
Another time
Another time
Another time
Another time
Another time
Another time
Another time
Another time
Another time
Another time
Another time
Another time
Another time
Another time
Another time
Another time
Another time
Another time
Another time
Another time
Another time
Another time
Another time
Another time
Another time
Another time
Another time
Another time
Another time
Another time
Another time
Another time
Another time
Another time
Another time
Another time
Another time
Another time
Another time
Another time
Another time
Another time
Another time
Another time
Another time
Another time
Another time
Another time
Another time
Another time
Another time
Another time
Another time
Another time
Another time
Another time
Another time
Another time
Another time
Another time
Another time
Another time
Another time
Another time
Another time
Another time
Another time
Another time
Another time
Another time
Another time
Another time
Another time
Another time
Another time
Another time
Another time
Another time
Another time
Another time
Another time
Another time
Another time
Another time
Another time
Another time
Another time
Another time
Another time
Another time
Another time
Another time
Another time
Another time
Another time
Another time
Another time
Another time
Another time
Another time
Another time
Another time
Another time
Another time
Another time
Another time
Another time
Another time
Another time
Another time
Another time
Another time
Another time
Another time
Another time
Another time
Another time
Another time
Another time
Another time
Another time
Another time
Another time
Another time
Another time
Another time
Another time
Another time
Another time
Another time
Another time
Another time
Another time
Another time
Another time
Another time
Another time
Another time
Another time
Another time
Another time
Another time
Another time
Another time
Another time
Another time
Another time
Another time
Another time
Another time
Another time
Another time
Another time
Another time
Another time
Another time
Another time
Another time
Another time
Another time
Another time
Another time
Another time
Another time
Another time
Another time
Another time
Another time
Another time
Another time
Another time
Another time
Another time
Another time
Another time
Another time
Another time
Another time
Another time
Another time
Another time
Another time
Another time
Another time
Another time
Another time
Another time
Another time
Another time
Another time
Another time
Another time
Another time
Another time
Another time
Another time
Another time
Another time
Another time
Another time
Another time
Another time
Another time
Another time
Another time
Another time
Another time
Another time
Another time
Another time
Another time
Another time
Another time
Another time
Another time
Another time
Another time
Another time
Another time
Another time
Another time
Another time
Another time
Another time
Another time
Another time
Another time
Another time
Another time
Another time
Another time
Another time
Another time
Another time
Another time
Another time
Another time
Another time
Another time
Another time
Another time
Another time
Another time
Another time
Another time
Another time
Another time
Another time
Another time
Another time
Another time
Another time
Another time
Another time
Another time
Another time
Another time
Another time
Another time
Another time
Another time
Another time
Another time
Another time
Another time
Another time
Another time
Another time
Another time
Another time
Another time
Another time
Another time
Another time
Another time
Another time
Another time
Another time
Another time
Another time
Another time
Another time
Another time
Another time
Another time
Another time
Another time
Another time
Another time
Another time
Another time
Another time
Another time
Another time
Another time
Another time
Another time
Another time
Another time
Another time
Another time
Another time
Another time
Another time
Another time
Another time
Another time
Another time
Another time
Another time
Another time
Another time
Another time
Another time
Another time
Another time
Another time
Another time
Another time
Another time
Another time
Another time
Another time
Another time
Another time
Another time
Another time
Another time
Another time
Another time
Another time
Another time
Another time
Another time
Another time
Another time
Another time
Another time
Another time
Another time
Another time
Another time
Another time
Another time
Another time
Another time
Another time
Another time
Another time
Another time
Another time
Another time
Another time
Another time
Another time
Another time
Another time
Another time
Another time
Another time
Another time
Another time
Another time
Another time
Another time
Another time
Another time
Another time
Another time
Another time
Another time
Another time
Another time
Another time
Another time
Another time
Another time
Another time
Another time
Another time
Another time
Another time
Another time
Another time
Another time
Another time
Another time
Another time
Another time
Another time
Another time
Another time
Another time
Another time
Another time
Another time
Another time
Another time
Another time
Another time
Another time
Another time
Another time
Another time
Another time
Another time
Another time
Another time
Another time
Another time
Another time
Another time
Another time
Another time
Another time
Another time
Another time
Another time
Another time
Another time
Another time
Another time
Another time
Another time
Another time
Another time
Another time
Another time
Another time
Another time
Another time
Another time
Another time
Another time
Another time
Another time
Another time
Another time
Another time
Another time
Another time
Another time
Another time
Another time
Another time
Another time
Another time
Another time
Another time
Another time
Another time
Another time
Another time
Another time
Another time
Another time
Another time
Another time
Another time
Another time
Another time
Another time
Another time
Another time
Another time
Another time
Another time
Another time
Another time
Another time
Another time
Another time
Another time
Another time
Another time
Another time
Another time
Another time
Another time
Another time
Another time
Another time
Another time
Another time
Another time
Another time
Another time
Another time
Another time
Another time
Another time
Another time
Another time
Another time
Another time
Another time
Another time
Another time
Another time
Another time
Another time
Another time
Another time
Another time
Another time
Another time
Another time
Another time
Another time
Another time
Another time
Another time
Another time
Another time
Another time
Another time
Another time
Another time
Another time
Another time
Another time
Another time
Another time
Another time
Another time
Another time
Another time
Another time
Another time
Another time
Another time
Another time
Another time
Another time
Another time
Another time
Another time
Another time
Another time
Another time
Another time
Another time
Another time
Another time
Another time
Another time
Another time
Another time
Another time
Another time
Another time
Another time
Another time
Another time
Another time
Another time
Another time
Another time
Another time
Another time
Another time
Another time
Another time
Another time
Another time
Another time
Another time
Another time
Another time
Another time
Another time
Another time
Another time
Another time
Another time
Another time
Another time
Another time
Another time
Another time
Another time
Another time
Another time
Another time
Another time
Another time
Another time
Another time
Another time
Another time
Another time
Another time
Another time
Another time
Another time
Another time
Another time
Another time
Another time
Another time
Another time
Another time
Another time
Another time
Another time
Another time
Another time
Another time
Another time
Another time
Another time
Another time
Another time
Another time
Another time
Another time
Another time
Another time
Another time
Another time
Another time
Another time
Another time
Another time
Another time
Another time
Another time
Another time
Another time
Another time
Another time
Another time
Another time
Another time
Another time
Another time
Another time
Another time
Another time
Another time
Another time
Another time
Another time
Another time
Another time
Another time
Another time
Another time
Another time
Another time
Another time
Another time
Another time
Another time
Another time
Another time
Another time
Another time
Another time
Another time
Another time
Another time
Another time
Another time
Another time
Another time
Another time
Another time
Another time
Another time
Another time
Another time
Another time
Another time
Another time
Another time
Another time
Another time
Another time
Another time
Another time
Another time
Another time
Another time
Another time
Another time
Another time
Another time
Another time
Another time
Another time
Another time
Another time
Another time
Another time
Another time
Another time
Another time
Another time
Another time
Another time
Another time
Another time
Another time
Another time
Another time
Another time
Another time
Another time
Another time
Another time
Another time
Another time
Another time
Another time
Another time
Another time
Another time
Another time
Another time
Another time
Another time
Another time
Another time
Another time
Another time
Another time
Another time
Another time
Another time
Another time
Another time
Another time
Another time
Another time
Another time
Another time
Another time
Another time
Another time
Another time
Another time
Another time
Another time
Another time
Another time
Another time
Another time
Another time
Another time
Another time
Another time
Another time
Another time
Another time
Another time
Another time
Another time
Another time
Another time
Another time
Another time
Another time
Another time
Another time
Another time
Another time
Another time
Another time
Another time
Another time
Another time
Another time
Another time
Another time
Another time
Another time
Another time
Another time
Another time
Another time
Another time
Another time
Another time
Another time
Another time
Another time
Another time
Another time
Another time
Another time
Another time
Another time
Another time
Another time
Another time
Another time
Another time
Another time
Another time
Another time
Another time
Another time
Another time
Another time
Another time
Another time
Another time
Another time
Another time
Another time
Another time
Another time
Another time
Another time
Another time
Another time
Another time
Another time
Another time
Another time
Another time
Another time
Another time
Another time
Another time
Another time
Another time
Another time
Another time
Another time
Another time
Another time
Another time
Another time
Another time
Another time
Another time
Another time
Another time
Another time
Another time
Another time
Another time
Another time
Another time
Another time
Another time
Another time
Another time
Another time
Another time
Another time
Another time
Another time
Another time
Another time
Another time
Another time
Another time
Another time
Another time
Another time
Another time
Another time
Another time
Another time
Another time
Another time
Another time
Another time
Another time
Another time
Another time
Another time
Another time
Another time
Another time
Another time
Another time
Another time
Another time
Another time
Another time
Another time
Another time
Another time
Another time
Another time
Another time
Another time
Another time
Another time
Another time
Another time
Another time
Another time
Another time
Another time
Another time
Another time
Another time
Another time
Another time
Another time
Another time
Another time
Another time
Another time
Another time
Another time
Another time
Another time
Another time
Another time
Another time
Another time
Another time
Another time
Another time
Another time
Another time
Another time
Another time
Another time
Another time
Another time
Another time
Another time
Another time
Another time
Another time
Another time
Another time
Another time
Another time
Another time
Another time
Another time
Another time
Another time
Another time
Another time
Another time
Another time
Another time
Another time
Another time
Another time
Another time
Another time
Another time
Another time
Another time
Another time
Another time
Another time
Another time
Another time
Another time
Another time
Another time
Another time
Another time
Another time
Another time
Another time
Another time
Another time
Another time
Another time
Another time
Another time
Another time
Another time
Another time
Another time
Another time
Another time
Another time
Another time
Another time
Another time
Another time
Another time
Another time
Another time
Another time
Another time
Another time
Another time
Another time
Another time
Another time
Another time
Another time
Another time
Another time
Another time
Another time
Another time
Another time
Another time
Another time
Another time
Another time
Another time
Another time
Another time
Another time
Another time
Another time
Another time
Another time
Another time
Another time
Another time
Another time
Another time
Another time
Another time
Another time
Another time
Another time
Another time
Another time
Another time
Another time
Another time
Another time
Another time
Another time
Another time
Another time
Another time
Another time
Another time
Another time
Another time
Another time
Another time
Another time
Another time
Another time
Another time
Another time
Another time
Another time
Another time
Another time
Another time
Another time
Another time
Another time
Another time
Another time
Another time
Another time
Another time
Another time
Another time
Another time
Another time
Another time
Another time
Another time
Another time
Another time
Another time
Another time
Another time
Another time
Another time
Another time
Another time
Another time
Another time
Another time
Another time
Another time
Another time
Another time
Another time
Another time
Another time
Another time
Another time
Another time
Another time
Another time
Another time
Another time
Another time
Another time
Another time
Another time
Another time
Another time
Another time
Another time
Another time
Another time
Another time
Another time
Another time
Another time
Another time
Another time
Another time
Another time
Another time
Another time
Another time
Another time
Another time
Another time
Another time
Another time
Another time
Another time
Another time
Another time
Another time
Another time
Another time
Another time
Another time
Another time
Another time
Another time
Another time
Another time
Another time
Another time
Another time
Another time
Another time
Another time
Another time
Another time
Another time
Another time
Another time
Another time
Another time
Another time
Another time
Another time
Another time
Another time
Another time
Another time
Another time
Another time
Another time
Another time
Another time
Another time
Another time
Another time
Another time
Another time
Another time
Another time
Another time
Another time
Another time
Another time
Another time
Another time
Another time
Another time
Another time
Another time
Another time
Another time
Another time
Another time
Another time
Another time
Another time
Another time
Another time
Another time
Another time
Another time
Another time
Another time
Another time
Another time
Another time
Another time
Another time
Another time
Another time
Another time
Another time
Another time
Another time
Another time
Another time
Another time
Another time
Another time
Another time
Another time
Another time
Another time
Another time
Another time
Another time
Another time
Another time
Another time
Another time
Another time
Another time
Another time
Another time
Another time
Another time
Another time
Another time
Another time
Another time
Another time
Another time
Another time
Another time
Another time
Another time
Another time
Another time
Another time
Another time
Another time
Another time
Another time
Another time
Another time
Another time
Another time
Another time
Another time
Another time
Another time
Another time
Another time
Another time
Another time
Another time
Another time
Another time
Another time
Another time
Another time
Another time
Another time
Another time
Another time
Another time
Another time
Another time
Another time
Another time
Another time
Another time
Another time
Another time
Another time
Another time
Another time
Another time
Another time
Another time
Another time
Another time
Another time
Another time
Another time
Another time
Another time
Another time
Another time
Another time
Another time
Another time
Another time
Another time
Another time
Another time
Another time
Another time
Another time
Another time
Another time
Another time
Another time
Another time
Another time
Another time
Another time
Another time
Another time
Another time
Another time
Another time
Another time
Another time
Another time
Another time
Another time
Another time
Another time
Another time
Another time
Another time
Another time
Another time
Another time
Another time
Another time
Another time
Another time
Another time
Another time
Another time
Another time
Another time
Another time
Another time
Another time
Another time
Another time
Another time
Another time
Another time
Another time
Another time
Another time
Another time
Another time
Another time
Another time
Another time
Another time
Another time
Another time
Another time
Another time
Another time
Another time
Another time
Another time
Another time
Another time
Another time
Another time
Another time
Another time
Another time
Another time
Another time
Another time
Another time
Another time
Another time
Another time
Another time
Another time
Another time
Another time
Another time
Another time
Another time
Another time
Another time
Another time
Another time
Another time
Another time
Another time
Another time
Another time
Another time
Another time
Another time
Another time
Another time
Another time
Another time
Another time
Another time
Another time
Another time
Another time
Another time
Another time
Another time
Another time
Another time
Another time
Another time
Another time
Another time
Another time
Another time
Another time
Another time
Another time
Another time
Another time
Another time
Another time
Another time
Another time
Another time
Another time
Another time
Another time
Another time
Another time
Another time
Another time
Another time
Another time
Another time
Another time
Another time
Another time
Another time
Another time
Another time
Another time
Another time
Another time
Another time
Another time
Another time
Another time
Another time
Another time
Another time
Another time
Another time
Another time
Another time
Another time
Another time
Another time
Another time
Another time
Another time
Another time
Another time
Another time
Another time
Another time
Another time
Another time
Another time
Another time
Another time
Another time
Another time
Another time
Another time
Another time
Another time
Another time
Another time
Another time
Another time
Another time
Another time
Another time
Another time
Another time
Another time
Another time
Another time
Another time
Another time
Another time
Another time
Another time
Another time
Another time
Another time
Another time
Another time
Another time
Another time
Another time
Another time
Another time
Another time
Another time
Another time
Another time
Another time
Another time
Another time
Another time
Another time
Another time
Another time
Another time
Another time
Another time
Another time
Another time
Another time
Another time
Another time
Another time
Another time
Another time
Another time
Another time
Another time
Another time
Another time
Another time
Another time
Another time
Another time
Another time
Another time
Another time
Another time
Another time
Another time
Another time
Another time
Another time
Another time
Another time
Another time
Another time
Another time
Another time
Another time
Another time
Another time
Another time
Another time
Another time
Another time
Another time
Another time
Another time
Another time
Another time
Another time
Another time
Another time
Another time
Another time
Another time
Another time
Another time
Another time
Another time
Another time
Another time
Another time
Another time
Another time
Another time
Another time
Another time
Another time
Another time
Another time
Another time
Another time
Another time
Another time
Another time
Another time
Another time
Another time
Another time
Another time
Another time
Another time
Another time
Another time
Another time
Another time
Another time
Another time
Another time
Another time
Another time
Another time
Another time
Another time
Another time
Another time
Another time
Another time
Another time
Another time
Another time
Another time
Another time
Another time
Another time
Another time
Another time
Another time
Another time
Another time
Another time
Another time
Another time
Another time
Another time
Another time
Another time
Another time
Another time
Another time
Another time
Another time
Another time
Another time
Another time
Another time
Another time
Another time
Another time
Another time
Another time
Another time
Another time
Another time
Another time
Another time
Another time
Another time
Another time
Another time
Another time
Another time
Another time
Another time
Another time
Another time
Another time
Another time
Another time
Another time
Another time
Another time
Another time
Another time
Another time
Another time
Another time
Another time
Another time
Another time
Another time
Another time
Another time
Another time
Another time
Another time
Another time
Another time
Another time
Another time
Another time
Another time
Another time
Another time
Another time
Another time
Another time
Another time
Another time
Another time
Another time
Another time
Another time
Another time
Another time
Another time
Another time
Another time
Another time
Another time
Another time
Another time
Another time
Another time
Another time
Another time
Another time
Another time
Another time
Another time
Another time
Another time
Another time
Another time
Another time
Another time
Another time
Another time
Another time
Another time
Another time
Another time
Another time
Another time
Another time
Another time
Another time
Another time
Another time
Another time
Another time
Another time
Another time
Another time
Another time
Another time
Another time
Another time
Another time
Another time
Another time
Another time
Another time
Another time
Another time
Another time
Another time
Another time
Another time
Another time
Another time
Another time
Another time
Another time
Another time
Another time
Another time
Another time
Another time
Another time
Another time
Another time
Another time
Another time
Another time
Another time
Another time
Another time
Another time
Another time
Another time
Another time
Another time
Another time
Another time
Another time
Another time
Another time
Another time
Another time
Another time
Another time
Another time
Another time
Another time
Another time
Another time
Another time
Another time
Another time
Another time
Another time
Another time
Another time
Another time
Another time
Another time
Another time
Another time
Another time
Another time
Another time
Another time
Another time
Another time
Another time
Another time
Another time
Another time
Another time
Another time
Another time
Another time
Another time
Another time
Another time
Another time
Another time
Another time
Another time
Another time
Another time
Another time
Another time
Another time
Another time
Another time
Another time
Another time
Another time
Another time
Another time
Another time
Another time
Another time
Another time
Another time
Another time
Another time
Another time
Another time
Another time
Another time
Another time
Another time
Another time
Another time
Another time
Another time
Another time
Another time
Another time
Another time
Another time
Another time
Another time
Another time
Another time
Another time
Another time
Another time
Another time
Another time
Another time
Another time
Another time
Another time
Another time
Another time
Another time
Another time
Another time
Another time
Another time
Another time
Another time
Another time
Another time
Another time
Another time
Another time
Another time
Another time
Another time
Another time
Another time
Another time
Another time
Another time
Another time
Another time
Another time
Another time
Another time
Another time
Another time
Another time
Another time
Another time
Another time
Another time
Another time
Another time
Another time
Another time
Another time
Another time
Another time
Another time
Another time
Another time
Another time
Another time
Another time
Another time
Another time
Another time
Another time
Another time
Another time
Another time
Another time
Another time
Another time
Another time
Another time
Another time
Another time
Another time
Another time
Another time
Another time
Another time
Another time
Another time
Another time
Another time
Another time
Another time
Another time
Another time
Another time
Another time
Another time
Another time
Another time
Another time
Another time
Another time
Another time
Another time
Another time
Another time
Another time
Another time
Another time
Another time
Another time
Another time
Another time
Another time
Another time
Another time
Another time
Another time
Another time
Another time
Another time
Another time
Another time
Another time
Another time
Another time
Another time
Another time
Another time
Another time
Another time
Another time
Another time
Another time
Another time
Another time
Another time
Another time
Another time
Another time
Another time
Another time
Another time
Another time
Another time
Another time
Another time
Another time
Another time
Another time
Another time
Another time
Another time
Another time
Another time
Another time
Another time
Another time
Another time
Another time
Another time
Another time
Another time
Another time
Another time
Another time
Another time
Another time
Another time
Another time
Another time
Another time
Another time
Another time
Another time
Another time
Another time
Another time
Another time
Another time
Another time
Another time
Another time
Another time
Another time
Another time
Another time
Another time
Another time
Another time
Another time
Another time
Another time
Another time
Another time
Another time
Another time
Another time
Another time
Another time
Another time
Another time
Another time
Another time
Another time
Another time
Another time
Another time
Another time
Another time
Another time
Another time
Another time
Another time
Another time
Another time
Another time
Another time
Another time
Another time
Another time
Another time
Another time
Another time
Another time
Another time
Another time
Another time
Another time
Another time
Another time
Another time
Another time
Another time
Another time
Another time
Another time
Another time
Another time
Another time
Another time
Another time
Another time
Another time
Another time
Another time
Another time
Another time
Another time
Another time
Another time
Another time
Another time
Another time
Another time
Another time
Another time
Another time
Another time
Another time
Another time
Another time
Another time
Another time
Another time
Another time
Another time
Another time
Another time
Another time
Another time
Another time
Another time
Another time
Another time
Another time
Another time
Another time
Another time
Another time
Another time
Another time
Another time
Another time
Another time
Another time
Another time
Another time
Another time
Another time
Another time
Another time
Another time
Another time
Another time
Another time
Another time
Another time
Another time
Another time
Another time
Another time
Another time
Another time
Another time
Another time
Another time
Another time
Another time
Another time
Another time
Another time
Another time
Another time
Another time
Another time
Another time
Another time
Another time
Another time
Another time
Another time
Another time
Another time
Another time
Another time
Another time
Another time
Another time
Another time
Another time
Another time
Another time
Another time
Another time
Another time
Another time
Another time
Another time
Another time
Another time
Another time
Another time
Another time
Another time
Another time
Another time
Another time
Another time
Another time
Another time
Another time
Another time
Another time
Another time
Another time
Another time
Another time
Another time
Another time
Another time
Another time
Another time
Another time
Another time
Another time
Another time
Another time
Another time
Another time
Another time
Another time
Another time
Another time
Another time
Another time
Another time
Another time
Another time
Another time
Another time
Another time
Another time
Another time
Another time
Another time
Another time
Another time
Another time
Another time
Another time
Another time
Another time
Another time
Another time
Another time
Another time
Another time
Another time
Another time
Another time
Another time
Another time
Another time
Another time
Another time
Another time
Another time
Another time
Another time
Another time
Another time
Another time
Another time
Another time
Another time
Another time
Another time
Another time
Another time
Another time
Another time
Another time
Another time
Another time
Another time
Another time
Another time
Another time
Another time
Another time
Another time
Another time
Another time
Another time
Another time
Another time
Another time
Another time
Another time
Another time
Another time
Another time
Another time
Another time
Another time
Another time
Another time
Another time
Another time
Another time
Another time
Another time
Another time
Another time
Another time
Another time
Another time
Another time
Another time
Another time
Another time
Another time
Another time
Another time
Another time
Another time
Another time
Another time
Another time
Another time
Another time
Another time
Another time
Another time
Another time
Another time
Another time
Another time
Another time
Another time
Another time
Another time
Another time
Another time
Another time
Another time
Another time
Another time
Another time
Another time
Another time
Another time
Another time
Another time
Another time
Another time
Another time
Another time
Another time
Another time
Another time
Another time
Another time
Another time
Another time
Another time
Another time
Another time
Another time
Another time
Another time
Another time
Another time
Another time
Another time
Another time
Another time
Another time
Another time
Another time
Another time
Another time
Another time
Another time
Another time
Another time
Another time
Another time
Another time
Another time
Another time
Another time
Another time
Another time
Another time
Another time
Another time
Another time
Another time
Another time
Another time
Another time
Another time
Another time
Another time
Another time
Another time
Another time
Another time
Another time
Another time
Another time
Another time
Another time
Another time
Another time
Another time
Another time
Another time
Another time
Another time
Another time
Another time
Another time
Another time
Another time
Another time
Another time
Another time
Another time
Another time
Another time
Another time
Another time
Another time
Another time
Another time
Another time
Another time
Another time
Another time
Another time
Another time
Another time
Another time
Another time
Another time
Another time
Another time
Another time
Another time
Another time
Another time
Another time
Another time
Another time
Another time
Another time
Another time
Another time
Another time
Another time
Another time
Another time
Another time
Another time
Another time
Another time
Another time
Another time
Another time
Another time
Another time
Another time
Another time
Another time
Another time
Another time
Another time
Another time
Another time
Another time
Another time
Another time
Another time
Another time
Another time
Another time
Another time
Another time
Another time
Another time
Another time
Another time
Another time
Another time
Another time
Another time
Another time
Another time
Another time
Another time
Another time
Another time
Another time
Another time
Another time
Another time
Another time
Another time
Another time
Another time
Another time
Another time
Another time
Another time
Another time
Another time
Another time
Another time
Another time
Another time
Another time
Another time
Another time
Another time
Another time
Another time
Another time
Another time
Another time
Another time
Another time
Another time
Another time
Another time
Another time
Another time
Another time
Another time
Another time
Another time
Another time
Another time
Another time
Another time
Another time
Another time
Another time
Another time
Another time
Another time
Another time
Another time
Another time
Another time
Another time
Another time
Another time
Another time
Another time
Another time
Another time
Another time
Another time
Another time
Another time
Another time
Another time
Another time
Another time
Another time
Another time
Another time
Another time
Another time
Another time
Another time
Another time
Another time
Another time
Another time
Another time
Another time
Another time
Another time
Another time
Another time
Another time
Another time
Another time
Another time
Another time
Another time
Another time
Another time
Another time
Another time
Another time
Another time
Another time
Another time
Another time
Another time
Another time
Another time
Another time
Another time
Another time
Another time
Another time
Another time
Another time
Another time
Another time
Another time
Another time
Another time
Another time
Another time
Another time
Another time
Another time
Another time
Another time
Another time
Another time
Another time
Another time
Another time
Another time
Another time
Another time
Another time
Another time
Another time
Another time
Another time
Another time
Another time
Another time
Another time
Another time
Another time
Another time
Another time
Another time
Another time
Another time
Another time
Another time
Another time
Another time
Another time
Another time
Another time
Another time
Another time
Another time
Another time
Another time
Another time
Another time
Another time
Another time
Another time
Another time
Another time
Another time
Another time
Another time
Another time
Another time
Another time
Another time
Another time
Another time
Another time
Another time
Another time
Another time
Another time
Another time
Another time
Another time
Another time
Another time
Another time
Another time
Another time
Another time
Another time
Another time
Another time
Another time
Another time
Another time
Another time
Another time
Another time
Another time
Another time
Another time
Another time
Another time
Another time
Another time
Another time
Another time
Another time
Another time
Another time
Another time
Another time
Another time
Another time
Another time
Another time
Another time
Another time
Another time
Another time
Another time
Another time
Another time
Another time
Another time
Another time
Another time
Another time
Another time
Another time
Another time
Another time
Another time
Another time
Another time
Another time
Another time
Another time
Another time
Another time
Another time
Another time
Another time
Another time
Another time
Another time
Another time
Another time
Another time
Another time
Another time
Another time
Another time
Another time
Another time
Another time
Another time
Another time
Another time
Another time
Another time
Another time
Another time
Another time
Another time
Another time
Another time
Another time
Another time
Another time
Another time
Another time
Another time
Another time
Another time
Another time
Another time
Another time
Another time
Another time
Another time
Another time
Another time
Another time
Another time
Another time
Another time
Another time
Another time
Another time
Another time
Another time
Another time
Another time
Another time
Another time
Another time
Another time
Another time
Another time
Another time
Another time
Another time
Another time
Another time
Another time
Another time
Another time
Another time
Another time
Another time
Another time
Another time
Another time
Another time
Another time
Another time
Another time
Another time
Another time
Another time
Another time
Another time
Another time
Another time
Another time
Another time
Another time
Another time
Another time
Another time
Another time
Another time
Another time
Another time
Another time
Another time
Another time
Another time
Another time
Another time
Another time
Another time
Another time
Another time
Another time
Another time
Another time
Another time
Another time
Another time
Another time
Another time
Another time
Another time
Another time
Another time
Another time
Another time
Another time
Another time
Another time
Another time
Another time
Another time
Another time
Another time
Another time
Another time
Another time
Another time
Another time
Another time
Another time
Another time
Another time
Another time
Another time
Another time
Another time
Another time
Another time
Another time
Another time
Another time
Another time
Another time
Another time
Another time
Another time
Another time
Another time
Another time
Another time
Another time
Another time
Another time
Another time
Another time
Another time
Another time
Another time
Another time
Another time
Another time
Another time
Another time
Another time
Another time
Another time
Another time
Another time
Another time
Another time
Another time
Another time
Another time
Another time
Another time
Another time
Another time
Another time
Another time
Another time
Another time
Another time
Another time
Another time
Another time
Another time
Another time
Another time
Another time
Another time
Another time
Another time
Another time
Another time
Another time
Another time
Another time
Another time
Another time
Another time
Another time
Another time
Another time
Another time
Another time
Another time
Another time
Another time
Another time
Another time
Another time
Another time
Another time
Another time
Another time
Another time
Another time
Another time
Another time
Another time
Another time
Another time
Another time
Another time
Another time
Another time
Another time
Another time
Another time
Another time
Another time
Another time
Another time
Another time
Another time
Another time
Another time
Another time
Another time
Another time
Another time
Another time
Another time
Another time
Another time
Another time
Another time
Another time
Another time
Another time
Another time
Another time
Another time
Another time
Another time
Another time
Another time
Another time
Another time
Another time
Another time
Another time
Another time
Another time
Another time
Another time
Another time
Another time
Another time
Another time
Another time
Another time
Another time
Another time
Another time
Another time
Another time
Another time
Another time
Another time
Another time
Another time
Another time
Another time
Another time
Another time
Another time
Another time
Another time
Another time
Another time
Another time
Another time
Another time
Another time
Another time
Another time
Another time
Another time
Another time
Another time
Another time
Another time
Another time
Another time
Another time
Another time
Another time
Another time
Another time
Another time
Another time
Another time
Another time
Another time
Another time
Another time
Another time
Another time
Another time
Another time
Another time
Another time
Another time
Another time
Another time
Another time
Another time
Another time
Another time
Another time
Another time
Another time
Another time
Another time
Another time
Another time
Another time
Another time
Another time
Another time
Another time
Another time
Another time
Another time
Another time
Another time
Another time
Another time
Another time
Another time
Another time
Another time
Another time
Another time
Another time
Another time
Another time
Another time
Another time
Another time
Another time
Another time
Another time
Another time
Another time
Another time
Another time
Another time
Another time
Another time
Another time
Another time
Another time
Another time
Another time
Another time
Another time
Another time
Another time
Another time
Another time
Another time
Another time
Another time
Another time
Another time
Another time
Another time
Another time
Another time
Another time
Another time
Another time
Another time
Another time
Another time
Another time
Another time
Another time
Another time
Another time
Another time
Another time
Another time
Another time
Another time
Another time
Another time
Another time
Another time
Another time
Another time
Another time
Another time
Another time
Another time
Another time
Another time
Another time
Another time
Another time
Another time
Another time
Another time
Another time
Another time
Another time
Another time
Another time
Another time
Another time
Another time
Another time
Another time
Another time
Another time
Another time
Another time
Another time
Another time
Another time
Another time
Another time
Another time
Another time
Another time
Another time
Another time
Another time
Another time
Another time
Another time
Another time
Another time
Another time
Another time
Another time
Another time
Another time
Another time
Another time
Another time
Another time
Another time
Another time
Another time
Another time
Another time
Another time
Another time
Another time
Another time
Another time
Another time
Another time
Another time
Another time
Another time
Another time
Another time
Another time
Another time
Another time
Another time
Another time
Another time
Another time
Another time
Another time
Another time
Another time
Another time
Another time
Another time
Another time
Another time
Another time
Another time
Another time
Another time
Another time
Another time
Another time
Another time
Another time
Another time
Another time
Another time
Another time
Another time
Another time
Another time
Another time
Another time
Another time
Another time
Another time
Another time
Another time
Another time
Another time
Another time
Another time
Another time
Another time
Another time
Another time
Another time
Another time
Another time
Another time
Another time
Another time
Another time
Another time
Another time
Another time
Another time
Another time
Another time
Another time
Another time
Another time
Another time
Another time
Another time
Another time
Another time
Another time
Another time
Another time
Another time
Another time
Another time
Another time
Another time
Another time
Another time
Another time
Another time
Another time
Another time
Another time
Another time
Another time
Another time
Another time
Another time
Another time
Another time
Another time
Another time
Another time
Another time
Another time
Another time
Another time
Another time
Another time
Another time
Another time
Another time
Another time
Another time
Another time
Another time
Another time
Another time
Another time
Another time
Another time
Another time
Another time
Another time
Another time
Another time
Another time
Another time
Another time
Another time
Another time
Another time
Another time
Another time
Another time
Another time
Another time
Another time
Another time
Another time
Another time
Another time
Another time
Another time
Another time
Another time
Another time
Another time
Another time
Another time
Another time
Another time
Another time
Another time
Another time
Another time
Another time
Another time
Another time
Another time
Another time
Another time
Another time
Another time
Another time
Another time
Another time
Another time
Another time
Another time
Another time
Another time
Another time
Another time
Another time
Another time
Another time
Another time
Another time
Another time
Another time
Another time
Another time
Another time
Another time
Another time
Another time
Another time
Another time
Another time
Another time
Another time
Another time
Another time
Another time
Another time
Another time
Another time
Another time
Another time
Another time
Another time
Another time
Another time
Another time
Another time
Another time
Another time
Another time
Another time
Another time
Another time
Another time
Another time
Another time
Another time
Another time
Another time
Another time
Another time
Another time
Another time
Another time
Another time
Another time
Another time
Another time
Another time
Another time
Another time
Another time
Another time
Another time
Another time
Another time
Another time
Another time
Another time
Another time
Another time
Another time
Another time
Another time
Another time
Another time
Another time
Another time
Another time
Another time
Another time
Another time
Another time
Another time
Another time
Another time
Another time
Another time
Another time
Another time
Another time
Another time
Another time
Another time
Another time
Another time
Another time
Another time
Another time
Another time
Another time
Another time
Another time
Another time
Another time
Another time
Another time
Another time
Another time
Another time
Another time
Another time
Another time
Another time
Another time
Another time
Another time
Another time
Another time
Another time
Another time
Another time
Another time
Another time
Another time
Another time
Another time
Another time
Another time
Another time
Another time
Another time
Another time
Another time
Another time
Another time
Another time
Another time
Another time
Another time
Another time
Another time
Another time
Another time
Another time
Another time
Another time
Another time
Another time
Another time
Another time
Another time
Another time
Another time
Another time
Another time
Another time
Another time
Another time
Another time
Another time
Another time
Another time
Another time
Another time
Another time
Another time
Another time
Another time
Another time
Another time
Another time
Another time
Another time
Another time
Another time
Another time
Another time
Another time
Another time
Another time
Another time
Another time
Another time
Another time
Another time
Another time
Another time
Another time
Another time
Another time
Another time
Another time
Another time
Another time
Another time
Another time
Another time
Another time
Another time
Another time
Another time
Another time
Another time
Another time
Another time
Another time
Another time
Another time
Another time
Another time
Another time
Another time
Another time
Another time
Another time
Another time
Another time
Another time
Another time
Another time
Another time
Another time
Another time
Another time
Another time
Another time
Another time
Another time
Another time
Another time
Another time
Another time
Another time
Another time
Another time
Another time
Another time
Another time
Another time
Another time
Another time
Another time
Another time
Another time
Another time
Another time
Another time
Another time
Another time
Another time
Another time
Another time
Another time
Another time
Another time
Another time
Another time
Another time
Another time
Another time
Another time
Another time
Another time
Another time
Another time
Another time
Another time
Another time
Another time
Another time
Another time
Another time
Another time
Another time
Another time
Another time
Another time
Another time
Another time
Another time
Another time
Another time
Another time
Another time
Another time
Another time
Another time
Another time
Another time
Another time
Another time
Another time
Another time
Another time
Another time
Another time
Another time
Another time
Another time
Another time
Another time
Another time
Another time
Another time
Another time
Another time
Another time
Another time
Another time
Another time
Another time
Another time
Another time
Another time
Another time
Another time
Another time
Another time
Another time
Another time
Another time
Another time
Another time
Another time
Another time
Another time
Another time
Another time
Another time
Another time
Another time
Another time
Another time
Another time
Another time
Another time
Another time
Another time
Another time
Another time
Another time
Another time
Another time
Another time
Another time
Another time
Another time
Another time
Another time
Another time
Another time
Another time
Another time
Another time
Another time
Another time
Another time
Another time
Another time
Another time
Another time
Another time
Another time
Another time
Another time
Another time
Another time
Another time
Another time
Another time
Another time
Another time
Another time
Another time
Another time
Another time
Another time
Another time
Another time
Another time
Another time
Another time
Another time
Another time
Another time
Another time
Another time
Another time
Another time
Another time
Another time
Another time
Another time
Another time
Another time
Another time
Another time
Another time
Another time
Another time
Another time
Another time
Another time
Another time
Another time
Another time
Another time
Another time
Another time
Another time
Another time
Another time
Another time
Another time
Another time
Another time
Another time
Another time
Another time
Another time
Another time
Another time
Another time
Another time
Another time
Another time
Another time
Another time
Another time
Another time
Another time
Another time
Another time
Another time
Another time
Another time
Another time
Another time
Another time
Another time
Another time
Another time
Another time
Another time
Another time
Another time
Another time
Another time
Another time
Another time
Another time
Another time
Another time
Another time
Another time
Another time
Another time
Another time
Another time
Another time
Another time
Another time
Another time
Another time
Another time
Another time
Another time
Another time
Another time
Another time
Another time
Another time
Another time
Another time
Another time
Another time
Another time
Another time
Another time
Another time
Another time
Another time
Another time
Another time
Another time
Another time
Another time
Another time
Another time
Another time
Another time
Another time
Another time
Another time
Another time
Another time
Another time
Another time
Another time
Another time
Another time
Another time
Another time
Another time
Another time
Another time
Another time
Another time
Another time
Another time
Another time
Another time
Another time
Another time
Another time
Another time
Another time
Another time
Another time
Another time
Another time
Another time
Another time
Another time
Another time
Another time
Another time
Another time
Another time
Another time
Another time
Another time
Another time
Another time
Another time
Another time
Another time
Another time
Another time
Another time
Another time
Another time
Another time
Another time
Another time
Another time
Another time
Another time
Another time
Another time
Another time
Another time
Another time
Another time
Another time
Another time
Another time
Another time
Another time
Another time
Another time
Another time
Another time
Another time
Another time
Another time
Another time
Another time
Another time
Another time
Another time
Another time
Another time
Another time
Another time
Another time
Another time
Another time
Another time
Another time
Another time
Another time
Another time
Another time
Another time
Another time
Another time
Another time
Another time
Another time
Another time
Another time
Another time
Another time
Another time
Another time
Another time
Another time
Another time
Another time
Another time
Another time
Another time
Another time
Another time
Another time
Another time
Another time
Another time
Another time
Another time
Another time
Another time
Another time
Another time
Another time
Another time
Another time
Another time
Another time
Another time
Another time
Another time
Another time
Another time
Another time
Another time
Another time
Another time
Another time
Another time
Another time
Another time
Another time
Another time
Another time
Another time
Another time
Another time
Another time
Another time
Another time
Another time
Another time
Another time
Another time
Another time
Another time
Another time
Another time
Another time
Another time
Another time
Another time
Another time
Another time
Another time
Another time
Another time
Another time
Another time
Another time
Another time
Another time
Another time
Another time
Another time
Another time
Another time
Another time
Another time
Another time
Another time
Another time
Another time
Another time
Another time
Another time
Another time
Another time
Another time
Another time
Another time
Another time
Another time
Another time
Another time
Another time
Another time
Another time
Another time
Another time
Another time
Another time
Another time
Another time
Another time
Another time
Another time
Another time
Another time
Another time
Another time
Another time
Another time
Another time
Another time
Another time
Another time
Another time
Another time
Another time
Another time
Another time
Another time
Another time
Another time
Another time
Another time
Another time
Another time
Another time
Another time
Another time
Another time
Another time
Another time
Another time
Another time
Another time
Another time
Another time
Another time
Another time
Another time
Another time
Another time
Another time
Another time
Another time
Another time
Another time
Another time
Another time
Another time
Another time
Another time
Another time
Another time
Another time
Another time
Another time
Another time
Another time
Another time
Another time
Another time
Another time
Another time
Another time
Another time
Another time
Another time
Another time
Another time
Another time
Another time
Another time
Another time
Another time
Another time
Another time
Another time
Another time
Another time
Another time
Another time
Another time
Another time
Another time
Another time
Another time
Another time
Another time
Another time
Another time
Another time
Another time
Another time
Another time
Another time
Another time
Another time
Another time
Another time
Another time
Another time
Another time
Another time
Another time
Another time
Another time
Another time
Another time
Another time
Another time
Another time
Another time
Another time
Another time
Another time
Another time
Another time
Another time
Another time
Another time
Another time
Another time
Another time
Another time
Another time
Another time
Another time
Another time
Another time
Another time
Another time
Another time
Another time
Another time
Another time
Another time
Another time
Another time
Another time
Another time
Another time
Another time
Another time
Another time
Another time
Another time
Another time
Another time
Another time
Another time
Another time
Another time
Another time
Another time
Another time
Another time
Another time
Another time
Another time
Another time
Another time
Another time
Another time
Another time
Another time
Another time
Another time
Another time
Another time
Another time
Another time
Another time
Another time
Another time
Another time
Another time
Another time
Another time
Another time
Another time
Another time
Another time
Another time
Another time
Another time
Another time
Another time
Another time
Another time
Another time
Another time
Another time
Another time
Another time
Another time
Another time
Another time
Another time
Another time
Another time
Another time
Another time
Another time
Another time
Another time
Another time
Another time
Another time
Another time
Another time
Another time
Another time
Another time
Another time
Another time
Another time
Another time
Another time
Another time
Another time
Another time
Another time
Another time
Another time
Another time
Another time
Another time
Another time
Another time
Another time
Another time
Another time
Another time
Another time
Another time
Another time
Another time
Another time
Another time
Another time
Another time
Another time
Another time
Another time
Another time
Another time
Another time
Another time
Another time
Another time
Another time
Another time
Another time
Another time
Another time
Another time
Another time
Another time
Another time
Another time
Another time
Another time
Another time
Another time
Another time
Another time
Another time
Another time
Another time
Another time
Another time
Another time
Another time
Another time
Another time
Another time
Another time
Another time
Another time
Another time
Another time
Another time
Another time
Another time
Another time
Another time
Another time
Another time
Another time
Another time
Another time
Another time
Another time
Another time
Another time
Another time
Another time
Another time
Another time
Another time
Another time
Another time
Another time
Another time
Another time
Another time
Another time
Another time
Another time
Another time
Another time
Another time
Another time
Another time
Another time
Another time
Another time
Another time
Another time
Another time
Another time
Another time
Another time
Another time
Another time
Another time
Another time
Another time
Another time
Another time
Another time
Another time
Another time
Another time
Another time
Another time
Another time
Another time
Another time
Another time
Another time
Another time
Another time
Another time
Another time
Another time
Another time
Another time
Another time
Another time
Another time
Another time
Another time
Another time
Another time
Another time
Another time
Another time
Another time
Another time
Another time
Another time
Another time
Another time
Another time
Another time
Another time
Another time
Another time
Another time
Another time
Another time
Another time
Another time
Another time
Another time
Another time
Another time
Another time
Another time
Another time
Another time
Another time
Another time
Another time
Another time
Another time
Another time
Another time
Another time
Another time
Another time
Another time
Another time
Another time
Another time
Another time
Another time
Another time
Another time
Another time
Another time
Another time
Another time
Another time
Another time
Another time
Another time
Another time
Another time
Another time
Another time
Another time
Another time
Another time
Another time
Another time
Another time
Another time
Another time
Another time
Another time
Another time
Another time
Another time
Another time
Another time
Another time
Another time
Another time
Another time
Another time
Another time
Another time
Another time
Another time
Another time
Another time
Another time
Another time
Another time
Another time
Another time
Another time
Another time
Another time
Another time
Another time
Another time
Another time
Another time
Another time
Another time
Another time
Another time
Another time
Another time
Another time
Another time
Another time
Another time
Another time
Another time
Another time
Another time
Another time
Another time
Another time
Another time
Another time
Another time
Another time
Another time
Another time
Another time
Another time
Another time
Another time
Another time
Another time
Another time
Another time
Another time
Another time
Another time
Another time
Another time
Another time
Another time
Another time
Another time
Another time
Another time
Another time
Another time
Another time
Another time
Another time
Another time
Another time
Another time
Another time
Another time
Another time
Another time
Another time
Another time
Another time
Another time
Another time
Another time
Another time
Another time
Another time
Another time
Another time
Another time
Another time
Another time
Another time
Another time
Another time
Another time
Another time
Another time
Another time
Another time
Another time
Another time
Another time
Another time
Another time
Another time
Another time
Another time
Another time
Another time
Another time
Another time
Another time
Another time
Another time
Another time
Another time
Another time
Another time
Another time
Another time
Another time
Another time
Another time
Another time
Another time
Another time
Another time
Another time
Another time
Another time
Another time
Another time
Another time
Another time
Another time
Another time
Another time
Another time
Another time
Another time
Another time
Another time
Another time
Another time
Another time
Another time
Another time
Another time
Another time
Another time
Another time
Another time
Another time
Another time
Another time
Another time
Another time
Another time
Another time
Another time
Another time
Another time
Another time
Another time
Another time
Another time
Another time
Another time
Another time
Another time
Another time
Another time
Another time
Another time
Another time
Another time
Another time
Another time
Another time
Another time
Another time
Another time
Another time
Another time
Another time
Another time
Another time
Another time
Another time
Another time
Another time
Another time
Another time
Another time
Another time
Another time
Another time
Another time
Another time
Another time
Another time
Another time
Another time
Another time
Another time
Another time
Another time
Another time
Another time
Another time
Another time
Another time
Another time
Another time
Another time
Another time
Another time
Another time
Another time
Another time
Another time
Another time
Another time
Another time
Another time
Another time
Another time
Another time
Another time
Another time
Another time
Another time
Another time
Another time
Another time
Another time
Another time
Another time
Another time
Another time
Another time
Another time
Another time
Another time
Another time
Another time
Another time
Another time
Another time
Another time
Another time
Another time
Another time
Another time
Another time
Another time
Another time
Another time
Another time
Another time
Another time
Another time
Another time
Another time
Another time
Another time
Another time
Another time
Another time
Another time
Another time
Another time
Another time
Another time
Another time
Another time
Another time
Another time
Another time
Another time
Another time
Another time
Another time
Another time
Another time
Another time
Another time
Another time
Another time
Another time
Another time
Another time
Another time
Another time
Another time
Another time
Another time
Another time
Another time
Another time
Another time
Another time
Another time
Another time
Another time
Another time
Another time
Another time
Another time
Another time
Another time
Another time
Another time
Another time
Another time
Another time
Another time
Another time
Another time
Another time
Another time
Another time
Another time
Another time
Another time
Another time
Another time
Another time
Another time
Another time
Another time
Another time
Another time
Another time
Another time
Another time
Another time
Another time
Another time
Another time
Another time
Another time
Another time
Another time
Another time
Another time
Another time
Another time
Another time
Another time
Another time
Another time
Another time
Another time
Another time
Another time
Another time
Another time
Another time
Another time
Another time
Another time
Another time
Another time
Another time
Another time
Another time
Another time
Another time
Another time
Another time
Another time
Another time
Another time
Another time
Another time
Another time
Another time
Another time
Another time
Another time
Another time
Another time
Another time
Another time
Another time
Another time
Another time
Another time
Another time
Another time
Another time
Another time
Another time
Another time
Another time
Another time
Another time
Another time
Another time
Another time
Another time
Another time
Another time
Another time
Another time
Another time
Another time
Another time
Another time
Another time
Another time
Another time
Another time
Another time
Another time
Another time
Another time
Another time
Another time
Another time
Another time
Another time
Another time
Another time
Another time
Another time
Another time
Another time
Another time
Another time
Another time
Another time
Another time
Another time
Another time
Another time
Another time
Another time
Another time
Another time
Another time
Another time
Another time
Another time
Another time
Another time
Another time
Another time
Another time
Another time
Another time
Another time
Another time
Another time
Another time
Another time
Another time
Another time
Another time
Another time
Another time
Another time
Another time
Another time
Another time
Another time
Another time
Another time
Another time
Another time
Another time
Another time
Another time
Another time
Another time
Another time
Another time
Another time
Another time
Another time
Another time
Another time
Another time
Another time
Another time
Another time
Another time
Another time
Another time
Another time
Another time
Another time
Another time
Another time
Another time
Another time
Another time
Another time
Another time
Another time
Another time
Another time
Another time
Another time
Another time
Another time
Another time
Another time
Another time
Another time
Another time
Another time
Another time
Another time
Another time
Another time
Another time
Another time
Another time
Another time
Another time
Another time
Another time
Another time
Another time
Another time
Another time
Another time
Another time
Another time
Another time
Another time
Another time
Another time
Another time
Another time
Another time
Another time
Another time
Another time
Another time
Another time
Another time
Another time
Another time
Another time
Another time
Another time
Another time
Another time
Another time
Another time
Another time
Another time
Another time
Another time
Another time
Another time
Another time
Another time
Another time
Another time
Another time
Another time
Another time
Another time
Another time
Another time
Another time
Another time
Another time
Another time
Another time
Another time
Another time
Another time
Another time
Another time
Another time
Another time
Another time
Another time
Another time
Another time
Another time
Another time
Another time
Another time
Another time
Another time
Another time
Another time
Another time
Another time
Another time
Another time
Another time
Another time
Another time
Another time
Another time
Another time
Another time
Another time
Another time
Another time
Another time
Another time
Another time
Another time
Another time
Another time
Another time
Another time
Another time
Another time
Another time
Another time
Another time
Another time
Another time
Another time
Another time
Another time
Another time
Another time
Another time
Another time
Another time
Another time
Another time
Another time
Another time
Another time
Another time
Another time
Another time
Another time
Another time
Another time
Another time
Another time
Another time
Another time
Another time
Another time
Another time
Another time
Another time
Another time
Another time
Another time
Another time
Another time
Another time
Another time
Another time
Another time
Another time
Another time
Another time
Another time
Another time
Another time
Another time
Another time
Another time
Another time
Another time
Another time
Another time
Another time
Another time
Another time
Another time
Another time
Another time
Another time
Another time
Another time
Another time
Another time
Another time
Another time
Another time
Another time
Another time
Another time
Another time
Another time
Another time
Another time
Another time
Another time
Another time
Another time
Another time
Another time
Another time
Another time
Another time
Another time
Another time
Another time
Another time
Another time
Another time
Another time
Another time
Another time
Another time
Another time
Another time
Another time
Another time
Another time
Another time
Another time
Another time
Another time
Another time
Another time
Another time
Another time
Another time
Another time
Another time
Another time
Another time
Another time
Another time
Another time
Another time
Another time
Another time
Another time
Another time
Another time
Another time
Another time
Another time
Another time
Another time
Another time
Another time
Another time
Another time
Another time
Another time
Another time
Another time
Another time
Another time
Another time
Another time
Another time
Another time
Another time
Another time
Another time
Another time
Another time
Another time
Another time
Another time
Another time
Another time
Another time
Another time
Another time
Another time
Another time
Another time
Another time
Another time
Another time
Another time
Another time
Another time
Another time
Another time
Another time
Another time
Another time
Another time
Another time
Another time
Another time
Another time
Another time
Another time
Another time
Another time
Another time
Another time
Another time
Another time
Another time
Another time
Another time
Another time
Another time
Another time
Another time
Another time
Another time
Another time
Another time
Another time
Another time
Another time
Another time
Another time
Another time
Another time
Another time
Another time
Another time
Another time
Another time
Another time
Another time
Another time
Another time
Another time
Another time
Another time
Another time
Another time
Another time
Another time
Another time
Another time
Another time
Another time
Another time
Another time
Another time
Another time
Another time
Another time
Another time
Another time
Another time
Another time
Another time
Another time
Another time
Another time
Another time
Another time
Another time
Another time
Another time
Another time
Another time
Another time
Another time
Another time
Another time
Another time
Another time
Another time
Another time
Another time
Another time
Another time
Another time
Another time
Another time
Another time
Another time
Another time
Another time
Another time
Another time
Another time
Another time
Another time
Another time
Another time
Another time
Another time
Another time
Another time
Another time
Another time
Another time
Another time
Another time
Another time
Another time
Another time
Another time
Another time
Another time
Another time
Another time
Another time
Another time
Another time
Another time
Another time
Another time
Another time
Another time
Another time
Another time
Another time
Another time
Another time
Another time
Another time
Another time
Another time
Another time
Another time
Another time
Another time
Another time
Another time
Another time
Another time
Another time
Another time
Another time
Another time
Another time
Another time
Another time
Another time
Another time
Another time
Another time
Another time
Another time
Another time
Another time
Another time
Another time
Another time
Another time
Another time
Another time
Another time
Another time
Another time
Another time
Another time
Another time
Another time
Another time
Another time
Another time
Another time
Another time
Another time
Another time
Another time
Another time
Another time
Another time
Another time
Another time
Another time
Another time
Another time
Another time
Another time
Another time
Another time
Another time
Another time
Another time
Another time
Another time
Another time
Another time
Another time
Another time
Another time
Another time
Another time
Another time
Another time
Another time
Another time
Another time
Another time
Another time
Another time
Another time
Another time
Another time
Another time
Another time
Another time
Another time
Another time
Another time
Another time
Another time
Another time
Another time
Another time
Another time
Another time
Another time
Another time
Another time
Another time
Another time
Another time
Another time
Another time
Another time
Another time
Another time
Another time
Another time
Another time
Another time
Another time
Another time
Another time
Another time
Another time
Another time
Another time
Another time
Another time
Another time
Another time
Another time
Another time
Another time
Another time
Another time
Another time
Another time
Another time
Another time
Another time
Another time
Another time
Another time
Another time
Another time
Another time
Another time
Another time
Another time
Another time
Another time
Another time
Another time
Another time
Another time
Another time
Another time
Another time
Another time
Another time
Another time
Another time
Another time
Another time
Another time
Another time
Another time
Another time
Another time
Another time
Another time
Another time
Another time
Another time
Another time
Another time
Another time
Another time
Another time
Another time
Another time
Another time
Another time
Another time
Another time
Another time
Another time
Another time
Another time
Another time
Another time
Another time
Another time
Another time
Another time
Another time
Another time
Another time
Another time
Another time
Another time
Another time
Another time
Another time
Another time
Another time
Another time
Another time
Another time
Another time
Another time
Another time
Another time
Another time
Another time
Another time
Another time
Another time
Another time
Another time
Another time
Another time
Another time
Another time
Another time
Another time
Another time
Another time
Another time
Another time
Another time
Another time
Another time
Another time
Another time
Another time
Another time
Another time
Another time
Another time
Another time
Another time
Another time
Another time
Another time
Another time
Another time
Another time
Another time
Another time
Another time
Another time
Another time
Another time
Another time
Another time
Another time
Another time
Another time
Another time
Another time
Another time
Another time
Another time
Another time
Another time
Another time
Another time
Another time
Another time
Another time
Another time
Another time
Another time
Another time
Another time
Another time
Another time
Another time
Another time
Another time
Another time
Another time
Another time
Another time
Another time
Another time
Another time
Another time
Another time
Another time
Another time
Another time
Another time
Another time
Another time
Another time
Another time
Another time
Another time
Another time
Another time
Another time
Another time
Another time
Another time
Another time
Another time
Another time
Another time
Another time
Another time
Another time
Another time
Another time
Another time
Another time
Another time
Another time
Another time
Another time
Another time
Another time
Another time
Another time
Another time
Another time
Another time
Another time
Another time
Another time
Another time
Another time
Another time
Another time
Another time
Another time
Another time
Another time
Another time
Another time
Another time
Another time
Another time
Another time
Another time
Another time
Another time
Another time
Another time
Another time
Another time
Another time
Another time
Another time
Another time
Another time
Another time
Another time
Another time
Another time
Another time
Another time
Another time
Another time
Another time
Another time
Another time
Another time
Another time
Another time
Another time
Another time
Another time
Another time
Another time
Another time
Another time
Another time
Another time
Another time
Another time
Another time
Another time
Another time
Another time
Another time
Another time
Another time
Another time
Another time
Another time
Another time
Another time
Another time
Another time
Another time
Another time
Another time
Another time
Another time
Another time
Another time
Another time
Another time
Another time
Another time
Another time
Another time
Another time
Another time
Another time
Another time
Another time
Another time
Another time
Another time
Another time
Another time
Another time
Another time
Another time
Another time
Another time
Another time
Another time
Another time
Another time
Another time
Another time
Another time
Another time
Another time
Another time
Another time
Another time
Another time
Another time
Another time
Another time
Another time
Another time
Another time
Another time
Another time
Another time
Another time
Another time
Another time
Another time
Another time
Another time
Another time
Another time
Another time
Another time
Another time
Another time
Another time
Another time
Another time
Another time
Another time
Another time
Another time
Another time
Another time
Another time
Another time
Another time
Another time
Another time
Another time
Another time
Another time
Another time
Another time
Another time
Another time
Another time
Another time
Another time
Another time
Another time
Another time
Another time
Another time
Another time
Another time
Another time
Another time
Another time
Another time
Another time
Another time
Another time
Another time
Another time
Another time
Another time
Another time
Another time
Another time
Another time
Another time
Another time
Another time
Another time
Another time
Another time
Another time
Another time
Another time
Another time
Another time
Another time
Another time
Another time
Another time
Another time
Another time
Another time
Another time
Another time
Another time
Another time
Another time
Another time
Another time
Another time
Another time
Another time
Another time
Another time
Another time
Another time
Another time
Another time
Another time
Another time
Another time
Another time
Another time
Another time
Another time
Another time
Another time
Another time
Another time
Another time
Another time
Another time
Another time
Another time
Another time
Another time
Another time
Another time
Another time
Another time
Another time
Another time
Another time
Another time
Another time
Another time
Another time
Another time
Another time
Another time
Another time
Another time
Another time
Another time
Another time
Another time
Another time
Another time
Another time
Another time
Another time
Another time
Another time
Another time
Another time
Another time
Another time
Another time
Another time
Another time
Another time
Another time
Another time
Another time
Another time
Another time
Another time
Another time
Another time
Another time
Another time
Another time
Another time
Another time
Another time
Another time
Another time
Another time
Another time
Another time
Another time
Another time
Another time
Another time
Another time
Another time
Another time
Another time
Another time
Another time
Another time
Another time
Another time
Another time
Another time
Another time
Another time
Another time
Another time
Another time
Another time
Another time
Another time
Another time
Another time
Another time
Another time
Another time
Another time
Another time
Another time
Another time
Another time
Another time
Another time
Another time
Another time
Another time
Another time
Another time
Another time
Another time
Another time
Another time
Another time
Another time
Another time
Another time
Another time
Another time
Another time
Another time
Another time
Another time
Another time
Another time
Another time
Another time
Another time
Another time
Another time
Another time
Another time
Another time
Another time
Another time
Another time
Another time
Another time
Another time
Another time
Another time
Another time
Another time
Another time
Another time
Another time
Another time
Another time
Another time
Another time
Another time
Another time
Another time
Another time
Another time
Another time
Another time
Another time
Another time
Another time
Another time
Another time
Another time
Another time
Another time
Another time
Another time
Another time
Another time
Another time
Another time
Another time
Another time
Another time
Another time
Another time
Another time
Another time
Another time
Another time
Another time
Another time
Another time
Another time
Another time
Another time
Another time
Another time
Another time
Another time
Another time
Another time
Another time
Another time
Another time
Another time
Another time
Another time
Another time
Another time
Another time
Another time
Another time
Another time
Another time
Another time
Another time
Another time
Another time
Another time
Another time
Another time
Another time
Another time
Another time
Another time
Another time
Another time
Another time
Another time
Another time
Another time
Another time
Another time
Another time
Another time
Another time
Another time
Another time
Another time
Another time
Another time
Another time
Another time
Another time
Another time
Another time
Another time
Another time
Another time
Another time
Another time
Another time
Another time
Another time
Another time
Another time
Another time
Another time
Another time
Another time
Another time
Another time
Another time
Another time
Another time
Another time
Another time
Another time
Another time
Another time
Another time
Another time
Another time
Another time
Another time
Another time
Another time
Another time
Another time
Another time
Another time
Another time
Another time
Another time
Another time
Another time
Another time
Another time
Another time
Another time
Another time
Another time
Another time
Another time
Another time
Another time
Another time
Another time
Another time
Another time
Another time
Another time
Another time
Another time
Another time
Another time
Another time
Another time
Another time
Another time
Another time
Another time
Another time
Another time
Another time
Another time
Another time
Another time
Another time
Another time
Another time
Another time
Another time
Another time
Another time
Another time
Another time
Another time
Another time
Another time
Another time
Another time
Another time
Another time
Another time
Another time
Another time
Another time
Another time
Another time
Another time
Another time
Another time
Another time
Another time
Another time
Another time
Another time
Another time
Another time
Another time
Another time
Another time
Another time
Another time
Another time
Another time
Another time
Another time
Another time
Another time
Another time
Another time
Another time
Another time
Another time
Another time
Another time
Another time
Another time
Another time
Another time
Another time
Another time
Another time
Another time
Another time
Another time
Another time
Another time
Another time
Another time
Another time
Another time
Another time
Another time
Another time
Another time
Another time
Another time
Another time
Another time
Another time
Another time
Another time
Another time
Another time
Another time
Another time
Another time
Another time
Another time
Another time
Another time
Another time
Another time
Another time
Another time
Another time
Another time
Another time
Another time
Another time
Another time
Another time
Another time
Another time
Another time
Another time
Another time
Another time
Another time
Another time
Another time
Another time
Another time
Another time
Another time
Another time
Another time
Another time
Another time
Another time
Another time
Another time
Another time
Another time
Another time
Another time
Another time
Another time
Another time
Another time
Another time
Another time
Another time
Another time
Another time
Another time
Another time
Another time
Another time
Another time
Another time
Another time
Another time
Another time
Another time
Another time
Another time
Another time
Another time
Another time
Another time
Another time
Another time
Another time
Another time
Another time
Another time
Another time
Another time
Another time
Another time
Another time
Another time
Another time
Another time
Another time
Another time
Another time
Another time
Another time
Another time
Another time
Another time
Another time
Another time
Another time
Another time
Another time
Another time
Another time
Another time
Another time
Another time
Another time
Another time
Another time
Another time
Another time
Another time
Another time
Another time
Another time
Another time
Another time
Another time
Another time
Another time
Another time
Another time
Another time
Another time
Another time
Another time
Another time
Another time
Another time
Another time
Another time
Another time
Another time
Another time
Another time
Another time
Another time
Another time
Another time
Another time
Another time
Another time
Another time
Another time
Another time
Another time
Another time
Another time
Another time
Another time
Another time
Another time
Another time
Another time
Another time
Another time
Another time
Another time
Another time
Another time
Another time
Another time
Another time
Another time
Another time
Another time
Another time
Another time
Another time
Another time
Another time
Another time
Another time
Another time
Another time
Another time
Another time
Another time
Another time
Another time
Another time
Another time
Another time
Another time
Another time
Another time
Another time
Another time
Another time
Another time
Another time
Another time
Another time
Another time
Another time
Another time
Another time
Another time
Another time
Another time
Another time
Another time
Another time
Another time
Another time
Another time
Another time
Another time
Another time
Another time
Another time
Another time
Another time
Another time
Another time
Another time
Another time
Another time
Another time
Another time
Another time
Another time
Another time
Another time
Another time
Another time
Another time
Another time
Another time
Another time
Another time
Another time
Another time
Another time
Another time
Another time
Another time
Another time
Another time
Another time
Another time
Another time
Another time
Another time
Another time
Another time
Another time
Another time
Another time
Another time
Another time
Another time
Another time
Another time
Another time
Another time
Another time
Another time
Another time
Another time
Another time
Another time
Another time
Another time
Another time
Another time
Another time
Another time
Another time
Another time
Another time
Another time
Another time
Another time
Another time
Another time
Another time
Another time
Another time
Another time
Another time
Another time
Another time
Another time
Another time
Another time
Another time
Another time
Another time
Another time
Another time
Another time
Another time
Another time
Another time
Another time
Another time
Another time
Another time
Another time
Another time
Another time
Another time
Another time
Another time
Another time
Another time
Another time
Another time
Another time
Another time
Another time
Another time
Another time
Another time
Another time
Another time
Another time
Another time
Another time
Another time
Another time
Another time
Another time
Another time
Another time
Another time
Another time
Another time
Another time
Another time
Another time
Another time
Another time
Another time
Another time
Another time
Another time
Another time
Another time
Another time
Another time
Another time
Another time
Another time
Another time
Another time
Another time
Another time
Another time
Another time
Another time
Another time
Another time
Another time
Another time
Another time
Another time
Another time
Another time
Another time
Another time
Another time
Another time
Another time
Another time
Another time
Another time
Another time
Another time
Another time
Another time
Another time
Another time
Another time
Another time
Another time
Another time
Another time
Another time
Another time
Another time
Another time
Another time
Another time
Another time
Another time
Another time
Another time
Another time
Another time
Another time
Another time
Another time
Another time
Another time
Another time
Another time
Another time
Another time
Another time
Another time
Another time
Another time
Another time
Another time
Another time
Another time
Another time
Another time
Another time
Another time
Another time
Another time
Another time
Another time
Another time
Another time
Another time
Another time
Another time
Another time
Another time
Another time
Another time
Another time
Another time
Another time
Another time
Another time
Another time
Another time
Another time
Another time
Another time
Another time
Another time
Another time
Another time
Another time
Another time
Another time
Another time
Another time
Another time
Another time
Another time
Another time
Another time
Another time
Another time
Another time
Another time
Another time
Another time
Another time
Another time
Another time
Another time
Another time
Another time
Another time
Another time
Another time
Another time
Another time
Another time
Another time
Another time
Another time
Another time
Another time
Another time
Another time
Another time
Another time
Another time
Another time
Another time
Another time
Another time
Another time
Another time
Another time
Another time
Another time
Another time
Another time
Another time
Another time
Another time
Another time
Another time
Another time
Another time
Another time
Another time
Another time
Another time
Another time
Another time
Another time
Another time
Another time
Another time
Another time
Another time
Another time
Another time
Another time
Another time
Another time
Another time
Another time
Another time
Another time
Another time
Another time
Another time
Another time
Another time
Another time
Another time
Another time
Another time
Another time
Another time
Another time
Another time
Another time
Another time
Another time
Another time
Another time
Another time
Another time
Another time
Another time
Another time
Another time
Another time
Another time
Another time
Another time
Another time
Another time
Another time
Another time
Another time
Another time
Another time
Another time
Another time
Another time
Another time
Another time
Another time
Another time
Another time
Another time
Another time
Another time
Another time
Another time
Another time
Another time
Another time
Another time
Another time
Another time
Another time
Another time
Another time
Another time
Another time
Another time
Another time
Another time
Another time
Another time
Another time
Another time
Another time
Another time
Another time
Another time
Another time
Another time
Another time
Another time
Another time
Another time
Another time
Another time
Another time
Another time
Another time
Another time
Another time
Another time
Another time
Another time
Another time
Another time
Another time
Another time
Another time
Another time
Another time
Another time
Another time
Another time
Another time
Another time
Another time
Another time
Another time
Another time
Another time
Another time
Another time
Another time
Another time
Another time
Another time
Another time
Another time
Another time
Another time
Another time
Another time
Another time
Another time
Another time
Another time
Another time
Another time
Another time
Another time
Another time
Another time
Another time
Another time
Another time
Another time
Another time
Another time
Another time
Another time
Another time
Another time
Another time
Another time
Another time
Another time
Another time
Another time
Another time
Another time
Another time
Another time
Another time
Another time
Another time
Another time
Another time
Another time
Another time
Another time
Another time
Another time
Another time
Another time
Another time
Another time
Another time
Another time
Another time
Another time
Another time
Another time
Another time
Another time
Another time
Another time
Another time
Another time
Another time
Another time
Another time
Another time
Another time
Another time
Another time
Another time
Another time
Another time
Another time
Another time
Another time
Another time
Another time
Another time
Another time
Another time
Another time
Another time
Another time
Another time
Another time
Another time
Another time
Another time
Another time
Another time
Another time
Another time
Another time
Another time
Another time
Another time
Another time
Another time
Another time
Another time
Another time
Another time
Another time
Another time
Another time
Another time
Another time
Another time
Another time
Another time
Another time
Another time
Another time
Another time
Another time
Another time
Another time
Another time
Another time
Another time
Another time
Another time
Another time
Another time
Another time
Another time
Another time
Another time
Another time
Another time
Another time
Another time
Another time
Another time
Another time
Another time
Another time
Another time
Another time
Another time
Another time
Another time
Another time
Another time
Another time
Another time
Another time
Another time
Another time
Another time
Another time
Another time
Another time
Another time
Another time
Another time
Another time
Another time
Another time
Another time
Another time
Another time
Another time
Another time
Another time
Another time
Another time
Another time
Another time
Another time
Another time
Another time
Another time
Another time
Another time
Another time
Another time
Another time
Another time
Another time
Another time
Another time
Another time
Another time
Another time
Another time
Another time
Another time
Another time
Another time
Another time
Another time
Another time
Another time
Another time
Another time
Another time
Another time
Another time
Another time
Another time
Another time
Another time
Another time
Another time
Another time
Another time
Another time
Another time
Another time
Another time
Another time
Another time
Another time
Another time
Another time
Another time
Another time
Another time
Another time
Another time
Another time
Another time
Another time
Another time
Another time
Another time
Another time
Another time
Another time
Another time
Another time
Another time
Another time
Another time
Another time
Another time
Another time
Another time
Another time
Another time
Another time
Another time
Another time
Another time
Another time
Another time
Another time
Another time
Another time
Another time
Another time
Another time
Another time
Another time
Another time
Another time
Another time
Another time
Another time
Another time
Another time
Another time
Another time
Another time
Another time
Another time
Another time
Another time
Another time
Another time
Another time
Another time
Another time
Another time
Another time
Another time
Another time
Another time
Another time
Another time
Another time
Another time
Another time
Another time
Another time
Another time
Another time
Another time
Another time
Another time
Another time
Another time
Another time
Another time
Another time
Another time
Another time
Another time
Another time
Another time
Another time
Another time
Another time
Another time
Another time
Another time
Another time
Another time
Another time
Another time
Another time
Another time
Another time
Another time
Another time
Another time
Another time
Another time
Another time
Another time
Another time
Another time
Another time
Another time
Another time
Another time
Another time
Another time
Another time
Another time
Another time
Another time
Another time
Another time
Another time
Another time
Another time
Another time
Another time
Another time
Another time
Another time
Another time
Another time
Another time
Another time
Another time
Another time
Another time
Another time
Another time
Another time
Another time
Another time
Another time
Another time
Another time
Another time
Another time
Another time
Another time
Another time
Another time
Another time
Another time
Another time
Another time
Another time
Another time
Another time
Another time
Another time
Another time
Another time
Another time
Another time
Another time
Another time
Another time
Another time
Another time
Another time
Another time
Another time
Another time
Another time
Another time
Another time
Another time
Another time
Another time
Another time
Another time
Another time
Another time
Another time
Another time
Another time
Another time
Another time
Another time
Another time
Another time
Another time
Another time
Another time
Another time
Another time
Another time
Another time
Another time
Another time
Another time
Another time
Another time
Another time
Another time
Another time
Another time
Another time
Another time
Another time
Another time
Another time
Another time
Another time
Another time
Another time
Another time
Another time
Another time
Another time
Another time
Another time
Another time
Another time
Another time
Another time
Another time
Another time
Another time
Another time
Another time
Another time
Another time
Another time
Another time
Another time
Another time
Another time
Another time
Another time
Another time
Another time
Another time
Another time
Another time
Another time
Another time
Another time
Another time
Another time
Another time
Another time
Another time
Another time
Another time
Another time
Another time
Another time
Another time
Another time
Another time
Another time
Another time
Another time
Another time
Another time
Another time
Another time
Another time
Another time
Another time
Another time
Another time
Another time
Another time
Another time
Another time
Another time
Another time
Another time
Another time
Another time
Another time
Another time
Another time
Another time
Another time
Another time
Another time
Another time
Another time
Another time
Another time
Another time
Another time
Another time
Another time
Another time
Another time
Another time
Another time
Another time
Another time
Another time
Another time
Another time
Another time
Another time
Another time
Another time
Another time
Another time
Another time
Another time
Another time
Another time
Another time
Another time
Another time
Another time
Another time
Another time
Another time
Another time
Another time
Another time
Another time
Another time
Another time
Another time
Another time
Another time
Another time
Another time
Another time
Another time
Another time
Another time
Another time
Another time
Another time
Another time
Another time
Another time
Another time
Another time
Another time
Another time
Another time
Another time
Another time
Another time
Another time
Another time
Another time
Another time
Another time
Another time
Another time
Another time
Another time
Another time
Another time
Another time
Another time
Another time
Another time
Another time
Another time
Another time
Another time
Another time
Another time
Another time
Another time
Another time
Another time
Another time
Another time
Another time
Another time
Another time
Another time
Another time
Another time
Another time
Another time
Another time
Another time
Another time
Another time
Another time
Another time
Another time
Another time
Another time
Another time
Another time
Another time
Another time
Another time
Another time
Another time
Another time
Another time
Another time
Another time
Another time
Another time
Another time
Another time
Another time
Another time
Another time
Another time
Another time
Another time
Another time
Another time
Another time
Another time
Another time
Another time
Another time
Another time
Another time
Another time
Another time
Another time
Another time
Another time
Another time
Another time
Another time
Another time
Another time
Another time
Another time
Another time
Another time
Another time
Another time
Another time
Another time
Another time
Another time
Another time
Another time
Another time
Another time
Another time
Another time
Another time
Another time
Another time
Another time
Another time
Another time
Another time
Another time
Another time
Another time
Another time
Another time
Another time
Another time
Another time
Another time
Another time
Another time
Another time
Another time
Another time
Another time
Another time
Another time
Another time
Another time
Another time
Another time
Another time
Another time
Another time
Another time
Another time
Another time
Another time
Another time
Another time
Another time
Another time
Another time
Another time
Another time
Another time
Another time
Another time
Another time
Another time
Another time
Another time
Another time
Another time
Another time
Another time
Another time
Another time
Another time
Another time
Another time
Another time
Another time
Another time
Another time
Another time
Another time
Another time
Another time
Another time
Another time
Another time
Another time
Another time
Another time
Another time
Another time
Another time
Another time
Another time
Another time
Another time
Another time
Another time
Another time
Another time
Another time
Another time
Another time
Another time
Another time
Another time
Another time
Another time
Another time
Another time
Another time
Another time
Another time
Another time
Another time
Another time
Another time
Another time
Another time
Another time
Another time
Another time
Another time
Another time
Another time
Another time
Another time
Another time
Another time
Another time
Another time
Another time
Another time
Another time
Another time
Another time
Another time
Another time
Another time
Another time
Another time
Another time
Another time
Another time
Another time
Another time
Another time
Another time
Another time
Another time
Another time
Another time
Another time
Another time
Another time
Another time
Another time
Another time
Another time
Another time
Another time
Another time
Another time
Another time
Another time
Another time
Another time
Another time
Another time
Another time
Another time
Another time
Another time
Another time
Another time
Another time
Another time
Another time
Another time
Another time
Another time
Another time
Another time
Another time
Another time
Another time
Another time
Another time
Another time
Another time
Another time
Another time
Another time
Another time
Another time
Another time
Another time
Another time
Another time
Another time
Another time
Another time
Another time
Another time
Another time
Another time
Another time
Another time
Another time
Another time
Another time
Another time
Another time
Another time
Another time
Another time
Another time
Another time
Another time
Another time
Another time
Another time
Another time
Another time
Another time
Another time
Another time
Another time
Another time
Another time
Another time
Another time
Another time
Another time
Another time
Another time
Another time
Another time
Another time
Another time
Another time
Another time
Another time
Another time
Another time
Another time
Another time
Another time
Another time
Another time
Another time
Another time
Another time
Another time
Another time
Another time
Another time
Another time
Another time
Another time
Another time
Another time
Another time
Another time
Another time
Another time
Another time
Another time
Another time
Another time
Another time
Another time
Another time
Another time
Another time
Another time
Another time
Another time
Another time
Another time
Another time
Another time
Another time
Another time
Another time
Another time
Another time
Another time
Another time
Another time
Another time
Another time
Another time
Another time
Another time
Another time
Another time
Another time
Another time
Another time
Another time
Another time
Another time
Another time
Another time
Another time
Another time
Another time
Another time
Another time
Another time
Another time
Another time
Another time
Another time
Another time
Another time
Another time
Another time
Another time
Another time
Another time
Another time
Another time
Another time
Another time
Another time
Another time
Another time
Another time
Another time
Another time
Another time
Another time
Another time
Another time
Another time
Another time
Another time
Another time
Another time
Another time
Another time
Another time
Another time
Another time
Another time
Another time
Another time
Another time
Another time
Another time
Another time
Another time
Another time
Another time
Another time
Another time
Another time
Another time
Another time
Another time
Another time
Another time
Another time
Another time
Another time
Another time
Another time
Another time
Another time
Another time
Another time
Another time
Another time
Another time
Another time
Another time
Another time
Another time
Another time
Another time
Another time
Another time
Another time
Another time
Another time
Another time
Another time
Another time
Another time
Another time
Another time
Another time
Another time
Another time
Another time
Another time
Another time
Another time
Another time
Another time
Another time
Another time
Another time
Another time
Another time
Another time
Another time
Another time
Another time
Another time
Another time
Another time
Another time
Another time
Another time
Another time
Another time
Another time
Another time
Another time
Another time
Another time
Another time
Another time
Another time
Another time
Another time
Another time
Another time
Another time
Another time
Another time
Another time
Another time
Another time
Another time
Another time
Another time
Another time
Another time
Another time
Another time
Another time
Another time
Another time
Another time
Another time
Another time
Another time
Another time
Another time
Another time
Another time
Another time
Another time
Another time
Another time
Another time
Another time
Another time
Another time
Another time
Another time
Another time
Another time
Another time
Another time
Another time
Another time
Another time
Another time
Another time
Another time
Another time
Another time
Another time
Another time
Another time
Another time
Another time
Another time
Another time
Another time
Another time
Another time
Another time
Another time
Another time
Another time
Another time
Another time
Another time
Another time
Another time
Another time
Another time
Another time
Another time
Another time
Another time
Another time
Another time
Another time
Another time
Another time
Another time
Another time
Another time
Another time
Another time
Another time
Another time
Another time
Another time
Another time
Another time
Another time
Another time
Another time
Another time
Another time
Another time
Another time
Another time
Another time
Another time
Another time
Another time
Another time
Another time
Another time
Another time
Another time
Another time
Another time
Another time
Another time
Another time
Another time
Another time
Another time
Another time
Another time
Another time
Another time
Another time
Another time
Another time
Another time
Another time
Another time
Another time
Another time
Another time
Another time
Another time
Another time
Another time
Another time
Another time
Another time
Another time
Another time
Another time
Another time
Another time
Another time
Another time
Another time
Another time
Another time
Another time
Another time
Another time
Another time
Another time
Another time
Another time
Another time
Another time
Another time
Another time
Another time
Another time
Another time
Another time
Another time
Another time
Another time
Another time
Another time
Another time
Another time
Another time
Another time
Another time
Another time
Another time
Another time
Another time
Another time
Another time
Another time
Another time
Another time
Another time
Another time
Another time
Another time
Another time
Another time
Another time
Another time
Another time
Another time
Another time
Another time
Another time
Another time
Another time
Another time
Another time
Another time
Another time
Another time
Another time
Another time
Another time
Another time
Another time
Another time
Another time
Another time
Another time
Another time
Another time
Another time
Another time
Another time
Another time
Another time
Another time
Another time
Another time
Another time
Another time
Another time
Another time
Another time
Another time
Another time
Another time
Another time
Another time
Another time
Another time
Another time
Another time
Another time
Another time
Another time
Another time
Another time
Another time
Another time
Another time
Another time
Another time
Another time
Another time
Another time
Another time
Another time
Another time
Another time
Another time
Another time
Another time
Another time
Another time
Another time
Another time
Another time
Another time
Another time
Another time
Another time
Another time
Another time
Another time
Another time
Another time
Another time
Another time
Another time
Another time
Another time
Another time
Another time
Another time
Another time
Another time
Another time
Another time
Another time
Another time
Another time
Another time
Another time
Another time
Another time
Another time
Another time
Another time
Another time
Another time
Another time
Another time
Another time
Another time
Another time
Another time
Another time
Another time
Another time
Another time
Another time
Another time
Another time
Another time
Another time
Another time
Another time
Another time
Another time
Another time
Another time
Another time
Another time
Another time
Another time
Another time
Another time
Another time
Another time
Another time
Another time
Another time
Another time
Another time
Another time
Another time
Another time
Another time
Another time
Another time
Another time
Another time
Another time
Another time
Another time
Another time
Another time
Another time
Another time
Another time
Another time
Another time
Another time
Another time
Another time
Another time
Another time
Another time
Another time
Another time
Another time
Another time
Another time
Another time
Another time
Another time
Another time
Another time
Another time
Another time
Another time
Another time
Another time
Another time
Another time
Another time
Another time
Another time
Another time
Another time
Another time
Another time
Another time
Another time
Another time
Another time
Another time
Another time
Another time
Another time
Another time
Another time
Another time
Another time
Another time
Another time
Another time
Another time
Another time
Another time
Another time
Another time
Another time
Another time
Another time
Another time
Another time
Another time
Another time
Another time
Another time
Another time
Another time
Another time
Another time
Another time
Another time
Another time
Another time
Another time
Another time
Another time
Another time
Another time
Another time
Another time
Another time
Another time
Another time
Another time
Another time
Another time
Another time
Another time
Another time
Another time
Another time
Another time
Another time
Another time
Another time
Another time
Another time
Another time
Another time
Another time
Another time
Another time
Another time
Another time
Another time
Another time
Another time
Another time
Another time
Another time
Another time
Another time
Another time
Another time
Another time
Another time
Another time
Another time
Another time
Another time
Another time
Another time
Another time
Another time
Another time
Another time
Another time
Another time
Another time
Another time
Another time
Another time
Another time
Another time
Another time
Another time
Another time
Another time
Another time
Another time
Another time
Another time
Another time
Another time
Another time
Another time
Another time
Another time
Another time
Another time
Another time
Another time
Another time
Another time
Another time
Another time
Another time
Another time
Another time
Another time
Another time
Another time
Another time
Another time
Another time
Another time
Another time
Another time
Another time
Another time
Another time
Another time
Another time
Another time
Another time
Another time
Another time
Another time
Another time
Another time
Another time
Another time
Another time
Another time
Another time
Another time
Another time
Another time
Another time
Another time
Another time
Another time
Another time
Another time
Another time
Another time
Another time
Another time
Another time
Another time
Another time
Another time
Another time
Another time
Another time
Another time
Another time
Another time
Another time
Another time
Another time
Another time
Another time
Another time
Another time
Another time
Another time
Another time
Another time
Another time
Another time
Another time
Another time
Another time
Another time
Another time
Another time
Another time
Another time
Another time
Another time
Another time
Another time
Another time
Another time
Another time
Another time
Another time
Another time
Another time
Another time
Another time
Another time
Another time
Another time
Another time
Another time
Another time
Another time
Another time
Another time
Another time
Another time
Another time
Another time
Another time
Another time
Another time
Another time
Another time
Another time
Another time
Another time
Another time
Another time
Another time
Another time
Another time
Another time
Another time
Another time
Another time
Another time
Another time
Another time
Another time
Another time
Another time
Another time
Another time
Another time
Another time
Another time
Another time
Another time
Another time
Another time
Another time
Another time
Another time
Another time
Another time
Another time
Another time
Another time
Another time
Another time
Another time
Another time
Another time
Another time
Another time
Another time
Another time
Another time
Another time
Another time
Another time
Another time
Another time
Another time
Another time
Another time
Another time
Another time
Another time
Another time
Another time
Another time
Another time
Another time
Another time
Another time
Another time
Another time
Another time
Another time
Another time
Another time
Another time
Another time
Another time
Another time
Another time
Another time
Another time
Another time
Another time
Another time
Another time
Another time
Another time
Another time
Another time
Another time
Another time
Another time
Another time
Another time
Another time
Another time
Another time
Another time
Another time
Another time
Another time
Another time
Another time
Another time
Another time
Another time
Another time
Another time
Another time
Another time
Another time
Another time
Another time
Another time
Another time
Another time
Another time
Another time
Another time
Another time
Another time
Another time
Another time
Another time
Another time
Another time
Another time
Another time
Another time
Another time
Another time
Another time
Another time
Another time
Another time
Another time
Another time
Another time
Another time
Another time
Another time
Another time
Another time
Another time
Another time
Another time
Another time
Another time
Another time
Another time
Another time
Another time
Another time
Another time
Another time
Another time
Another time
Another time
Another time
Another time
Another time
Another time
Another time
Another time
Another time
Another time
Another time
Another time
Another time
Another time
Another time
Another time
Another time
Another time
Another time
Another time
Another time
Another time
Another time
Another time
Another time
Another time
Another time
Another time
Another time
Another time
Another time
Another time
Another time
Another time
Another time
Another time
Another time
Another time
Another time
Another time
Another time
Another time
Another time
Another time
Another time
Another time
Another time
Another time
Another time
Another time
Another time
Another time
Another time
Another time
Another time
Another time
Another time
Another time
Another time
Another time
Another time
Another time
Another time
Another time
Another time
Another time
Another time
Another time
Another time
Another time
Another time
Another time
Another time
Another time
Another time
Another time
Another time
Another time
Another time
Another time
Another time
Another time
Another time
Another time
Another time
Another time
Another time
Another time
Another time
Another time
Another time
Another time
Another time
Another time
Another time
Another time
Another time
Another time
Another time
Another time
Another time
Another time
Another time
Another time
Another time
Another time
Another time
Another time
Another time
Another time
Another time
Another time
Another time
Another time
Another time
Another time
Another time
Another time
Another time
Another time
Another time
Another time
Another time
Another time
Another time
Another time
Another time
Another time
Another time
Another time
Another time
Another time
Another time
Another time
Another time
Another time
Another time
Another time
Another time
Another time
Another time
Another time
Another time
Another time
Another time
Another time
Another time
Another time
Another time
Another time
Another time
Another time
Another time
Another time
Another time
Another time
Another time
Another time
Another time
Another time
Another time
Another time
Another time
Another time
Another time
Another time
Another time
Another time
Another time
Another time
Another time
Another time
Another time
Another time
Another time
Another time
Another time
Another time
Another time
Another time
Another time
Another time
Another time
Another time
Another time
Another time
Another time
Another time
Another time
Another time
Another time
Another time
Another time
Another time
Another time
Another time
Another time
Another time
Another time
Another time
Another time
Another time
Another time
Another time
Another time
Another time
Another time
Another time
Another time
Another time
Another time
Another time
Another time
Another time
Another time
Another time
Another time
Another time
Another time
Another time
Another time
Another time
Another time
Another time
Another time
Another time
Another time
Another time
Another time
Another time
Another time
Another time
Another time
Another time
Another time
Another time
Another time
Another time
Another time
Another time
Another time
Another time
Another time
Another time
Another time
Another time
Another time
Another time
Another time
Another time
Another time
Another time
Another time
Another time
Another time
Another time
Another time
Another time
Another time
Another time
Another time
Another time
Another time
Another time
Another time
Another time
Another time
Another time
Another time
Another time
Another time
Another time
Another time
Another time
Another time
Another time
Another time
Another time
Another time
Another time
Another time
Another time
Another time
Another time
Another time
Another time
Another time
Another time
Another time
Another time
Another time
Another time
Another time
Another time
Another time
Another time
Another time
Another time
Another time
Another time
Another time
Another time
Another time
Another time
Another time
Another time
Another time
Another time
Another time
Another time
Another time
Another time
Another time
Another time
Another time
Another time
Another time
Another time
Another time
Another time
Another time
Another time
Another time
Another time
Another time
Another time
Another time
Another time
Another time
Another time
Another time
Another time
Another time
Another time
Another time
Another time
Another time
Another time
Another time
Another time
Another time
Another time
Another time
Another time
Another time
Another time
Another time
Another time
Another time
Another time
Another time
Another time
Another time
Another time
Another time
Another time
Another time
Another time
Another time
Another time
Another time
Another time
Another time
Another time
Another time
Another time
Another time
Another time
Another time
Another time
Another time
Another time
Another time
Another time
Another time
Another time
Another time
Another time
Another time
Another time
Another time
Another time
Another time
Another time
Another time
Another time
Another time
Another time
Another time
Another time
Another time
Another time
Another time
Another time
Another time
Another time
Another time
Another time
Another time
Another time
Another time
Another time
Another time
Another time
Another time
Another time
Another time
Another time
Another time
Another time
Another time
Another time
Another time
Another time
Another time
Another time
Another time
Another time
Another time
Another time
Another time
Another time
Another time
Another time
Another time
Another time
Another time
Another time
Another time
Another time
Another time
Another time
Another time
Another time
Another time
Another time
Another time
Another time
Another time
Another time
Another time
Another time
Another time
Another time
Another time
Another time
Another time
Another time
Another time
Another time
Another time
Another time
Another time
Another time
Another time
Another time
Another time
Another time
Another time
Another time
Another time
Another time
Another time
Another time
Another time
Another time
Another time
Another time
Another time
Another time
Another time
Another time
Another time
Another time
Another time
Another time
Another time
Another time
Another time
Another time
Another time
Another time
Another time
Another time
Another time
Another time
Another time
Another time
Another time
Another time
Another time
Another time
Another time
Another time
Another time
Another time
Another time
Another time
Another time
Another time
Another time
Another time
Another time
Another time
Another time
Another time
Another time
Another time
Another time
Another time
Another time
Another time
Another time
Another time
Another time
Another time
Another time
Another time
Another time
Another time
Another time
Another time
Another time
Another time
Another time
Another time
Another time
Another time
Another time
Another time
Another time
Another time
Another time
Another time
Another time
Another time
Another time
Another time
Another time
Another time
Another time
Another time
Another time
Another time
Another time
Another time
Another time
Another time
Another time
Another time
Another time
Another time
Another time
Another time
Another time
Another time
Another time
Another time
Another time
Another time
Another time
Another time
Another time
Another time
Another time
Another time
Another time
Another time
Another time
Another time
Another time
Another time
Another time
Another time
Another time
Another time
Another time
Another time
Another time
Another time
Another time
Another time
Another time
Another time
Another time
Another time
Another time
Another time
Another time
Another time
Another time
Another time
Another time
Another time
Another time
Another time
Another time
Another time
Another time
Another time
Another time
Another time
Another time
Another time
Another time
Another time
Another time
Another time
Another time
Another time
Another time
Another time
Another time
Another time
Another time
Another time
Another time
Another time
Another time
Another time
Another time
Another time
Another time
Another time
Another time
Another time
Another time
Another time
Another time
Another time
Another time
Another time
Another time
Another time
Another time
Another time
Another time
Another time
Another time
Another time
Another time
Another time
Another time
Another time
Another time
Another time
Another time
Another time
Another time
Another time
Another time
Another time
Another time
Another time
Another time
Another time
Another time
Another time
Another time
Another time
Another time
Another time
Another time
Another time
Another time
Another time
Another time
Another time
Another time
Another time
Another time
Another time
Another time
Another time
Another time
Another time
Another time
Another time
Another time
Another time
Another time
Another time
Another time
Another time
Another time
Another time
Another time
Another time
Another time
Another time
Another time
Another time
Another time
Another time
Another time
Another time
Another time
Another time
Another time
Another time
Another time
Another time
Another time
Another time
Another time
Another time
Another time
Another time
Another time
Another time
Another time
Another time
Another time
Another time
Another time
Another time
Another time
Another time
Another time
Another time
Another time
Another time
Another time
Another time
Another time
Another time
Another time
Another time
Another time
Another time
Another time
Another time
Another time
Another time
Another time
Another time
Another time
Another time
Another time
Another time
Another time
Another time
Another time
Another time
Another time
Another time
Another time
Another time
Another time
Another time
Another time
Another time
Another time
Another time
Another time
Another time
Another time
Another time
Another time
Another time
Another time
Another time
Another time
Another time
Another time
Another time
Another time
Another time
Another time
Another time
Another time
Another time
Another time
Another time
Another time
Another time
Another time
Another time
Another time
Another time
Another time
Another time
Another time
Another time
Another time
Another time
Another time
Another time
Another time
Another time
Another time
Another time
Another time
Another time
Another time
Another time
Another time
Another time
Another time
Another time
Another time
Another time
Another time
Another time
Another time
Another time
Another time
Another time
Another time
Another time
Another time
Another time
Another time
Another time
Another time
Another time
Another time
Another time
Another time
Another time
Another time
Another time
Another time
Another time
Another time
Another time
Another time
Another time
Another time
Another time
Another time
Another time
Another time
Another time
Another time
Another time
Another time
Another time
Another time
Another time
Another time
Another time
Another time
Another time
Another time
Another time
Another time
Another time
Another time
Another time
Another time
Another time
Another time
Another time
Another time
Another time
Another time
Another time
Another time
Another time
Another time
Another time
Another time
Another time
Another time
Another time
Another time
Another time
Another time
Another time
Another time
Another time
Another time
Another time
Another time
Another time
Another time
Another time
Another time
Another time
Another time
Another time
Another time
Another time
Another time
Another time
Another time
Another time
Another time
Another time
Another time
Another time
Another time
Another time
Another time
Another time
Another time
Another time
Another time
Another time
Another time
Another time
Another time
Another time
Another time
Another time
Another time
Another time
Another time
Another time
Another time
Another time
Another time
Another time
Another time
Another time
Another time
Another time
Another time
Another time
Another time
Another time
Another time
Another time
Another time
Another time
Another time
Another time
Another time
Another time
Another time
Another time
Another time
Another time
Another time
Another time
Another time
Another time
Another time
Another time
Another time
Another time
Another time
Another time
Another time
Another time
Another time
Another time
Another time
Another time
Another time
Another time
Another time
Another time
Another time
Another time
Another time
Another time
Another time
Another time
Another time
Another time
Another time
Another time
Another time
Another time
Another time
Another time
Another time
Another time
Another time
Another time
Another time
Another time
Another time
Another time
Another time
Another time
Another time
Another time
Another time
Another time
Another time
Another time
Another time
Another time
Another time
Another time
Another time
Another time
Another time
Another time
Another time
Another time
Another time
Another time
Another time
Another time
Another time
Another time
Another time
Another time
Another time
Another time
Another time
Another time
Another time
Another time
Another time
Another time
Another time
Another time
Another time
Another time
Another time
Another time
Another time
Another time
Another time
Another time
Another time
Another time
Another time
Another time
Another time
Another time
Another time
Another time
Another time
Another time
Another time
Another time
Another time
Another time
Another time
Another time
Another time
Another time
Another time
Another time
Another time
Another time
Another time
Another time
Another time
Another time
Another time
Another time
Another time
Another time
Another time
Another time
Another time
Another time
Another time
Another time
Another time
Another time
Another time
Another time
Another time
Another time
Another time
Another time
Another time
Another time
Another time
Another time
Another time
Another time
Another time
Another time
Another time
Another time
Another time
Another time
Another time
Another time
Another time
Another time
Another time
Another time
Another time
Another time
Another time
Another time
Another time
Another time
Another time
Another time
Another time
Another time
Another time
Another time
Another time
Another time
Another time
Another time
Another time
Another time
Another time
Another time
Another time
Another time
Another time
Another time
Another time
Another time
Another time
Another time
Another time
Another time
Another time
Another time
Another time
Another time
Another time
Another time
Another time
Another time
Another time
Another time
Another time
Another time
Another time
Another time
Another time
Another time
Another time
Another time
Another time
Another time
Another time
Another time
Another time
Another time
Another time
Another time
Another time
Another time
Another time
Another time
Another time
Another time
Another time
Another time
Another time
Another time
Another time
Another time
Another time
Another time
Another time
Another time
Another time
Another time
Another time
Another time
Another time
Another time
Another time
Another time
Another time
Another time
Another time
Another time
Another time
Another time
Another time
Another time
Another time
Another time
Another time
Another time
Another time
Another time
Another time
Another time
Another time
Another time
Another time
Another time
Another time
Another time
Another time
Another time
Another time
Another time
Another time
Another time
Another time
Another time
Another time
Another time
Another time
Another time
Another time
Another time
Another time
Another time
Another time
Another time
Another time
Another time
Another time
Another time
Another time
Another time
Another time
Another time
Another time
Another time
Another time
Another time
Another time
Another time
Another time
Another time
Another time
Another time
Another time
Another time
Another time
Another time
Another time
Another time
Another time
Another time
Another time
Another time
Another time
Another time
Another time
Another time
Another time
Another time
Another time
Another time
Another time
Another time
Another time
Another time
Another time
Another time
Another time
Another time
Another time
Another time
Another time
Another time
Another time
Another time
Another time
Another time
Another time
Another time
Another time
Another time
Another time
Another time
Another time
Another time
Another time
Another time
Another time
Another time
Another time
Another time
Another time
Another time
Another time
Another time
Another time
Another time
Another time
Another time
Another time
Another time
Another time
Another time
Another time
Another time
Another time
Another time
Another time
Another time
Another time
Another time
Another time
Another time
Another time
Another time
Another time
Another time
Another time
Another time
Another time
Another time
Another time
Another time
Another time
Another time
Another time
Another time
Another time
Another time
Another time
Another time
Another time
Another time
Another time
Another time
Another time
Another time
Another time
Another time
Another time
Another time
Another time
Another time
Another time
Another time
Another time
Another time
Another time
Another time
Another time
Another time
Another time
Another time
Another time
Another time
Another time
Another time
Another time
Another time
Another time
Another time
Another time
Another time
Another time
Another time
Another time
Another time
Another time
Another time
Another time
Another time
Another time
Another time
Another time
Another time
Another time
Another time
Another time
Another time
Another time
Another time
Another time
Another time
Another time
Another time
Another time
Another time
Another time
Another time
Another time
Another time
Another time
Another time
Another time
Another time
Another time
Another time
Another time
Another time
Another time
Another time
Another time
Another time
Another time
Another time
Another time
Another time
Another time
Another time
Another time
Another time
Another time
Another time
Another time
Another time
Another time
Another time
Another time
Another time
Another time
Another time
Another time
Another time
Another time
Another time
Another time
Another time
Another time
Another time
Another time
Another time
Another time
Another time
Another time
Another time
Another time
Another time
Another time
Another time
Another time
Another time
Another time
Another time
Another time
Another time
Another time
Another time
Another time
Another time
Another time
Another time
Another time
Another time
Another time
Another time
Another time
Another time
Another time
Another time
Another time
Another time
Another time
Another time
Another time
Another time
Another time
Another time
Another time
Another time
Another time
Another time
Another time
Another time
Another time
Another time
Another time
Another time
Another time
Another time
Another time
Another time
Another time
Another time
Another time
Another time
Another time
Another time
Another time
Another time
Another time
Another time
Another time
Another time
Another time
Another time
Another time
Another time
Another time
Another time
Another time
Another time
Another time
Another time
Another time
Another time
Another time
Another time
Another time
Another time
Another time
Another time
Another time
Another time
Another time
Another time
Another time
Another time
Another time
Another time
Another time
Another time
Another time
Another time
Another time
Another time
Another time
Another time
Another time
Another time
Another time
Another time
Another time
Another time
Another time
Another time
Another time
Another time
Another time
Another time
Another time
Another time
Another time
Another time
Another time
Another time
Another time
Another time
Another time
Another time
Another time
Another time
Another time
Another time
Another time
Another time
Another time
Another time
Another time
Another time
Another time
Another time
Another time
Another time
Another time
Another time
Another time
Another time
Another time
Another time
Another time
Another time
Another time
Another time
Another time
Another time
Another time
Another time
Another time
Another time
Another time
Another time
Another time
Another time
Another time
Another time
Another time
Another time
Another time
Another time
Another time
Another time
Another time
Another time
Another time
Another time
Another time
Another time
Another time
Another time
Another time
Another time
Another time
Another time
Another time
Another time
Another time
Another time
Another time
Another time
Another time
Another time
Another time
Another time
Another time
Another time
Another time
Another time
Another time
Another time
Another time
Another time
Another time
Another time
Another time
Another time
Another time
Another time
Another time
Another time
Another time
Another time
Another time
Another time
Another time
Another time
Another time
Another time
Another time
Another time
Another time
Another time
Another time
Another time
Another time
Another time
Another time
Another time
Another time
Another time
Another time
Another time
Another time
Another time
Another time
Another time
Another time
Another time
Another time
Another time
Another time
Another time
Another time
Another time
Another time
Another time
Another time
Another time
Another time
Another time
Another time
Another time
Another time
Another time
Another time
Another time
Another time
Another time
Another time
Another time
Another time
Another time
Another time
Another time
Another time
Another time
Another time
Another time
Another time
Another time
Another time
Another time
Another time
Another time
Another time
Another time
Another time
Another time
Another time
Another time
Another time
Another time
Another time
Another time
Another time
Another time
Another time
Another time
Another time
Another time
Another time
Another time
Another time
Another time
Another time
Another time
Another time
Another time
Another time
Another time
Another time
Another time
Another time
Another time
Another time
Another time
Another time
Another time
Another time
Another time
Another time
Another time
Another time
Another time
Another time
Another time
Another time
Another time
Another time
Another time
Another time
Another time
Another time
Another time
Another time
Another time
Another time
Another time
Another time
Another time
Another time
Another time
Another time
Another time
Another time
Another time
Another time
Another time
Another time
Another time
Another time
Another time
Another time
Another time
Another time
Another time
Another time
Another time
Another time
Another time
Another time
Another time
Another time
Another time
Another time
Another time
Another time
Another time
Another time
Another time
Another time
Another time
Another time
Another time
Another time
Another time
Another time
Another time
Another time
Another time
Another time
Another time
Another time
Another time
Another time
Another time
Another time
Another time
Another time
Another time
Another time
Another time
Another time
Another time
Another time
Another time
Another time
Another time
Another time
Another time
Another time
Another time
Another time
Another time
Another time
Another time
Another time
Another time
Another time
Another time
Another time
Another time
Another time
Another time
Another time
Another time
Another time
Another time
Another time
Another time
Another time
Another time
Another time
Another time
Another time
Another time
Another time
Another time
Another time
Another time
Another time
Another time
Another time
Another time
Another time
Another time
Another time
Another time
Another time
Another time
Another time
Another time
Another time
Another time
Another time
Another time
Another time
Another time
Another time
Another time
Another time
Another time
Another time
Another time
Another time
Another time
Another time
Another time
Another time
Another time
Another time
Another time
Another time
Another time
Another time
Another time
Another time
Another time
Another time
Another time
Another time
Another time
Another time
Another time
Another time
Another time
Another time
Another time
Another time
Another time
Another time
Another time
Another time
Another time
Another time
Another time
Another time
Another time
Another time
Another time
Another time
Another time
Another time
Another time
Another time
Another time
Another time
Another time
Another time
Another time
Another time
Another time
Another time
Another time
Another time
Another time
Another time
Another time
Another time
Another time
Another time
Another time
Another time
Another time
Another time
Another time
Another time
Another time
Another time
Another time
Another time
Another time
Another time
Another time
Another time
Another time
Another time
Another time
Another time
Another time
Another time
Another time
Another time
Another time
Another time
Another time
Another time
Another time
Another time
Another time
Another time
Another time
Another time
Another time
Another time
Another time
Another time
Another time
Another time
Another time
Another time
Another time
Another time
Another time
Another time
Another time
Another time
Another time
Another time
Another time
Another time
Another time
Another time
Another time
Another time
Another time
Another time
Another time
Another time
Another time
Another time
Another time
Another time
Another time
Another time
Another time
Another time
Another time
Another time
Another time
Another time
Another time
Another time
Another time
Another time
Another time
Another time
Another time
Another time
Another time
Another time
Another time
Another time
Another time
Another time
Another time
Another time
Another time
Another time
Another time
Another time
Another time
Another time
Another time
Another time
Another time
Another time
Another time
Another time
Another time
Another time
Another time
Another time
Another time
Another time
Another time
Another time
Another time
Another time
Another time
Another time
Another time
Another time
Another time
Another time
Another time
Another time
Another time
Another time
Another time
Another time
Another time
Another time
Another time
Another time
Another time
Another time
Another time
Another time
Another time
Another time
Another time
Another time
Another time
Another time
Another time
Another time
Another time
Another time
Another time
Another time
Another time
Another time
Another time
Another time
Another time
Another time
Another time
Another time
Another time
Another time
Another time
Another time
Another time
Another time
Another time
Another time
Another time
Another time
Another time
Another time
Another time
Another time
Another time
Another time
Another time
Another time
Another time
Another time
Another time
Another time
Another time
Another time
Another time
Another time
Another time
Another time
Another time
Another time
Another time
Another time
Another time
Another time
Another time
Another time
Another time
Another time
Another time
Another time
Another time
Another time
Another time
Another time
Another time
Another time
Another time
Another time
Another time
Another time
Another time
Another time
Another time
Another time
Another time
Another time
Another time
Another time
Another time
Another time
Another time
Another time
Another time
Another time
Another time
Another time
Another time
Another time
Another time
Another time
Another time
Another time
Another time
Another time
Another time
Another time
Another time
Another time
Another time
Another time
Another time
Another time
Another time
Another time
Another time
Another time
Another time
Another time
Another time
Another time
Another time
Another time
Another time
Another time
Another time
Another time
Another time
Another time
Another time
Another time
Another time
Another time
Another time
Another time
Another time
Another time
Another time
Another time
Another time
Another time
Another time
Another time
Another time
Another time
Another time
Another time
Another time
Another time
Another time
Another time
Another time
Another time
Another time
Another time
Another time
Another time
Another time
Another time
Another time
Another time
Another time
Another time
Another time
Another time
Another time
Another time
Another time
Another time
Another time
Another time
Another time
Another time
Another time
Another time
Another time
Another time
Another time
Another time
Another time
Another time
Another time
Another time
Another time
Another time
Another time
Another time
Another time
Another time
Another time
Another time
Another time
Another time
Another time
Another time
Another time
Another time
Another time
Another time
Another time
Another time
Another time
Another time
Another time
Another time
Another time
Another time
Another time
Another time
Another time
Another time
Another time
Another time
Another time
Another time
Another time
Another time
Another time
Another time
Another time
Another time
Another time
Another time
Another time
Another time
Another time
Another time
Another time
Another time
Another time
Another time
Another time
Another time
Another time
Another time
Another time
Another time
Another time
Another time
Another time
Another time
Another time
Another time
Another time
Another time
Another time
Another time
Another time
Another time
Another time
Another time
Another time
Another time
Another time
Another time
Another time
Another time
Another time
Another time
Another time
Another time
Another time
Another time
Another time
Another time
Another time
Another time
Another time
Another time
Another time
Another time
Another time
Another time
Another time
Another time
Another time
Another time
Another time
Another time
Another time
Another time
Another time
Another time
Another time
Another time
Another time
Another time
Another time
Another time
Another time
Another time
Another time
Another time
Another time
Another time
Another time
Another time
Another time
Another time
Another time
Another time
Another time
Another time
Another time
Another time
Another time
Another time
Another time
Another time
Another time
Another time
Another time
Another time
Another time
Another time
Another time
Another time
Another time
Another time
Another time
Another time
Another time
Another time
Another time
Another time
Another time
Another time
Another time
Another time
Another time
Another time
Another time
Another time
Another time
Another time
Another time
Another time
Another time
Another time
Another time
Another time
Another time
Another time
Another time
Another time
Another time
Another time
Another time
Another time
Another time
Another time
Another time
Another time
Another time
Another time
Another time
Another time
Another time
Another time
Another time
Another time
Another time
Another time
Another time
Another time
Another time
Another time
Another time
Another time
Another time
Another time
Another time
Another time
Another time
Another time
Another time
Another time
Another time
Another time
Another time
Another time
Another time
Another time
Another time
Another time
Another time
Another time
Another time
Another time
Another time
Another time
Another time
Another time
Another time
Another time
Another time
Another time
Another time
Another time
Another time
Another time
Another time
Another time
Another time
Another time
Another time
Another time
Another time
Another time
Another time
Another time
Another time
Another time
Another time
Another time
Another time
Another time
Another time
Another time
Another time
Another time
Another time
Another time
Another time
Another time
Another time
Another time
Another time
Another time
Another time
Another time
Another time
Another time
Another time
Another time
Another time
Another time
Another time
Another time
Another time
Another time
Another time
Another time
Another time
Another time
Another time
Another time
Another time
Another time
Another time
Another time
Another time
Another time
Another time
Another time
Another time
Another time
Another time
Another time
Another time
Another time
Another time
Another time
Another time
Another time
Another time
Another time
Another time
Another time
Another time
Another time
Another time
Another time
Another time
Another time
Another time
Another time
Another time
Another time
Another time
Another time
Another time
Another time
Another time
Another time
Another time
Another time
Another time
Another time
Another time
Another time
Another time
Another time
Another time
Another time
Another time
Another time
Another time
Another time
Another time
Another time
Another time
Another time
Another time
Another time
Another time
Another time
Another time
Another time
Another time
Another time
Another time
Another time
Another time
Another time
Another time
Another time
Another time
Another time
Another time
Another time
Another time
Another time
Another time
Another time
Another time
Another time
Another time
Another time
Another time
Another time
Another time
Another time
Another time
Another time
Another time
Another time
Another time
Another time
Another time
Another time
Another time
Another time
Another time
Another time
Another time
Another time
Another time
Another time
Another time
Another time
Another time
Another time
Another time
Another time
Another time
Another time
Another time
Another time
Another time
Another time
Another time
Another time
Another time
Another time
Another time
Another time
Another time
Another time
Another time
Another time
Another time
Another time
Another time
Another time
Another time
Another time
Another time
Another time
Another time
Another time
Another time
Another time
Another time
Another time
Another time
Another time
Another time
Another time
Another time
Another time
Another time
Another time
Another time
Another time
Another time
Another time
Another time
Another time
Another time
Another time
Another time
Another time
Another time
Another time
Another time
Another time
Another time
Another time
Another time
Another time
Another time
Another time
Another time
Another time
Another time
Another time
Another time
Another time
Another time
Another time
Another time
Another time
Another time
Another time
Another time
Another time
Another time
Another time
Another time
Another time
Another time
Another time
Another time
Another time
Another time
Another time
Another time
Another time
Another time
Another time
Another time
Another time
Another time
Another time
Another time
Another time
Another time
Another time
Another time
Another time
Another time
Another time
Another time
Another time
Another time
Another time
Another time
Another time
Another time
Another time
Another time
Another time
Another time
Another time
Another time
Another time
Another time
Another time
Another time
Another time
Another time
Another time
Another time
Another time
Another time
Another time
Another time
Another time
Another time
Another time
Another time
Another time
Another time
Another time
Another time
Another time
Another time
Another time
Another time
Another time
Another time
Another time
Another time
Another time
Another time
Another time
Another time
Another time
Another time
Another time
Another time
Another time
Another time
Another time
Another time
Another time
Another time
Another time
Another time
Another time
Another time
Another time
Another time
Another time
Another time
Another time
Another time
Another time
Another time
Another time
Another time
Another time
Another time
Another time
Another time
Another time
Another time
Another time
Another time
Another time
Another time
Another time
Another time
Another time
Another time
Another time
Another time
Another time
Another time
Another time
Another time
Another time
Another time
Another time
Another time
Another time
Another time
Another time
Another time
Another time
Another time
Another time
Another time
Another time
Another time
Another time
Another time
Another time
Another time
Another time
Another time
Another time
Another time
Another time
Another time
Another time
Another time
Another time
Another time
Another time
Another time
Another time
Another time
Another time
Another time
Another time
Another time
Another time
Another time
Another time
Another time
Another time
Another time
Another time
Another time
Another time
Another time
Another time
Another time
Another time
Another time
Another time
Another time
Another time
Another time
Another time
Another time
Another time
Another time
Another time
Another time
Another time
Another time
Another time
Another time
Another time
Another time
Another time
Another time
Another time
Another time
Another time
Another time
Another time
Another time
Another time
Another time
Another time
Another time
Another time
Another time
Another time
Another time
Another time
Another time
Another time
Another time
Another time
Another time
Another time
Another time
Another time
Another time
Another time
Another time
Another time
Another time
Another time
Another time
Another time
Another time
Another time
Another time
Another time
Another time
Another time
Another time
Another time
Another time
Another time
Another time
Another time
Another time
Another time
Another time
Another time
Another time
Another time
Another time
Another time
Another time
Another time
Another time
Another time
Another time
Another time
Another time
Another time
Another time
Another time
Another time
Another time
Another time
Another time
Another time
Another time
Another time
Another time
Another time
Another time
Another time
Another time
Another time
Another time
Another time
Another time
Another time
Another time
Another time
Another time
Another time
Another time
Another time
Another time
Another time
Another time
Another time
Another time
Another time
Another time
Another time
Another time
Another time
Another time
Another time
Another time
Another time
Another time
Another time
Another time
Another time
Another time
Another time
Another time
Another time
Another time
Another time
Another time
Another time
Another time
Another time
Another time
Another time
Another time
Another time
Another time
Another time
Another time
Another time
Another time
Another time
Another time
Another time
Another time
Another time
Another time
Another time
Another time
Another time
Another time
Another time
Another time
Another time
Another time
Another time
Another time
Another time
Another time
Another time
Another time
Another time
Another time
Another time
Another time
Another time
Another time
Another time
Another time
Another time
Another time
Another time
Another time
Another time
Another time
Another time
Another time
Another time
Another time
Another time
Another time
Another time
Another time
Another time
Another time
Another time
Another time
Another time
Another time
Another time
Another time
Another time
Another time
Another time
Another time
Another time
Another time
Another time
Another time
Another time
Another time
Another time
Another time
Another time
Another time
Another time
Another time
Another time
Another time
Another time
Another time
Another time
Another time
Another time
Another time
Another time
Another time
Another time
Another time
Another time
Another time
Another time
Another time
Another time
Another time
Another time
Another time
Another time
Another time
Another time
Another time
Another time
Another time
Another time
Another time
Another time
Another time
Another time
Another time
Another time
Another time
Another time
Another time
Another time
Another time
Another time
Another time
Another time
Another time
Another time
Another time
Another time
Another time
Another time
Another time
Another time
Another time
Another time
Another time
Another time
Another time
Another time
Another time
Another time
Another time
Another time
Another time
Another time
Another time
Another time
Another time
Another time
Another time
Another time
Another time
Another time
Another time
Another time
Another time
Another time
Another time
Another time
Another time
Another time
Another time
Another time
Another time
Another time
Another time
Another time
Another time
Another time
Another time
Another time
Another time
Another time
Another time
Another time
Another time
Another time
Another time
Another time
Another time
Another time
Another time
Another time
Another time
Another time
Another time
Another time
Another time
Another time
Another time
Another time
Another time
Another time
Another time
Another time
Another time
Another time
Another time
Another time
Another time
Another time
Another time
Another time
Another time
Another time
Another time
Another time
Another time
Another time
Another time
Another time
Another time
Another time
Another time
Another time
Another time
Another time
Another time
Another time
Another time
Another time
Another time
Another time
Another time
Another time
Another time
Another time
Another time
Another time
Another time
Another time
Another time
Another time
Another time
Another time
Another time
Another time
Another time
Another time
Another time
Another time
Another time
Another time
Another time
Another time
Another time
Another time
Another time
Another time
Another time
Another time
Another time
Another time
Another time
Another time
Another time
Another time
Another time
Another time
Another time
Another time
Another time
Another time
Another time
Another time
Another time
Another time
Another time
Another time
Another time
Another time
Another time
Another time
Another time
Another time
Another time
Another time
Another time
Another time
Another time
Another time
Another time
Another time
Another time
Another time
Another time
Another time
Another time
Another time
Another time
Another time
Another time
Another time
Another time
Another time
Another time
Another time
Another time
Another time
Another time
Another time
Another time
Another time
Another time
Another time
Another time
Another time
Another time
Another time
Another time
Another time
Another time
Another time
Another time
Another time
Another time
Another time
Another time
Another time
Another time
Another time
Another time
Another time
Another time
Another time
Another time
Another time
Another time
Another time
Another time
Another time
Another time
Another time
Another time
Another time
Another time
Another time
Another time
Another time
Another time
Another time
Another time
Another time
Another time
Another time
Another time
Another time
Another time
Another time
Another time
Another time
Another time
Another time
Another time
Another time
Another time
Another time
Another time
Another time
Another time
Another time
Another time
Another time
Another time
Another time
Another time
Another time
Another time
Another time
Another time
Another time
Another time
Another time
Another time
Another time
Another time
Another time
Another time
Another time
Another time
Another time
Another time
Another time
Another time
Another time
Another time
Another time
Another time
Another time
Another time
Another time
Another time
Another time
Another time
Another time
Another time
Another time
Another time
Another time
Another time
Another time
Another time
Another time
Another time
Another time
Another time
Another time
Another time
Another time
Another time
Another time
Another time
Another time
Another time
Another time
Another time
Another time
Another time
Another time
Another time
Another time
Another time
Another time
Another time
Another time
Another time
Another time
Another time
Another time
Another time
Another time
Another time
Another time
Another time
Another time
Another time
Another time
Another time
Another time
Another time
Another time
Another time
Another time
Another time
Another time
Another time
Another time
Another time
Another time
Another time
Another time
Another time
Another time
Another time
Another time
Another time
Another time
Another time
Another time
Another time
Another time
Another time
Another time
Another time
Another time
Another time
Another time
Another time
Another time
Another time
Another time
Another time
Another time
Another time
Another time
Another time
Another time
Another time
Another time
Another time
Another time
Another time
Another time
Another time
Another time
Another time
Another time
Another time
Another time
Another time
Another time
Another time
Another time
Another time
Another time
Another time
Another time
Another time
Another time
Another time
Another time
Another time
Another time
Another time
Another time
Another time
Another time
Another time
Another time
Another time
Another time
Another time
Another time
Another time
Another time
Another time
Another time
Another time
Another time
Another time
Another time
Another time
Another time
Another time
Another time
Another time
Another time
Another time
Another time
Another time
Another time
Another time
Another time
Another time
Another time
Another time
Another time
Another time
Another time
Another time
Another time
Another time
Another time
Another time
Another time
Another time
Another time
Another time
Another time
Another time
Another time
Another time
Another time
Another time
Another time
Another time
Another time
Another time
Another time
Another time
Another time
Another time
Another time
Another time
Another time
Another time
Another time
Another time
Another time
Another time
Another time
Another time
Another time
Another time
Another time
Another time
Another time
Another time
Another time
Another time
Another time
Another time
Another time
Another time
Another time
Another time
Another time
Another time
Another time
Another time
Another time
Another time
Another time
Another time
Another time
Another time
Another time
Another time
Another time
Another time
Another time
Another time
Another time
Another time
Another time
Another time
Another time
Another time
Another time
Another time
Another time
Another time
Another time
Another time
Another time
Another time
Another time
Another time
Another time
Another time
Another time
Another time
Another time
Another time
Another time
Another time
Another time
Another time
Another time
Another time
Another time
Another time
Another time
Another time
Another time
Another time
Another time
Another time
Another time
Another time
Another time
Another time
Another time
Another time
Another time
Another time
Another time
Another time
Another time
Another time
Another time
Another time
Another time
Another time
Another time
Another time
Another time
Another time
Another time
Another time
Another time
Another time
Another time
Another time
Another time
Another time
Another time
Another time
Another time
Another time
Another time
Another time
Another time
Another time
Another time
Another time
Another time
Another time
Another time
Another time
Another time
Another time
Another time
Another time
Another time
Another time
Another time
Another time
Another time
Another time
Another time
Another time
Another time
Another time
Another time
Another time
Another time
Another time
Another time
Another time
Another time
Another time
Another time
Another time
Another time
Another time
Another time
Another time
Another time
Another time
Another time
Another time
Another time
Another time
Another time
Another time
Another time
Another time
Another time
Another time
Another time
Another time
Another time
Another time
Another time
Another time
Another time
Another time
Another time
Another time
Another time
Another time
Another time
Another time
Another time
Another time
Another time
Another time
Another time
Another time
Another time
Another time
Another time
Another time
Another time
Another time
Another time
Another time
Another time
Another time
Another time
Another time
Another time
Another time
Another time
Another time
Another time
Another time
Another time
Another time
Another time
Another time
Another time
Another time
Another time
Another time
Another time
Another time
Another time
Another time
Another time
Another time
Another time
Another time
Another time
Another time
Another time
Another time
Another time
Another time
Another time
Another time
Another time
Another time
Another time
Another time
Another time
Another time
Another time
Another time
Another time
Another time
Another time
Another time
Another time
Another time
Another time
Another time
Another time
Another time
Another time
Another time
Another time
Another time
Another time
Another time
Another time
Another time
Another time
Another time
Another time
Another time
Another time
Another time
Another time
Another time
Another time
Another time
Another time
Another time
Another time
Another time
Another time
Another time
Another time
Another time
Another time
Another time
Another time
Another time
Another time
Another time
Another time
Another time
Another time
Another time
Another time
Another time
Another time
Another time
Another time
Another time
Another time
Another time
Another time
Another time
Another time
Another time
Another time
Another time
Another time
Another time
Another time
Another time
Another time
Another time
Another time
Another time
Another time
Another time
Another time
Another time
Another time
Another time
Another time
Another time
Another time
Another time
Another time
Another time
Another time
Another time
Another time
Another time
Another time
Another time
Another time
Another time
Another time
Another time
Another time
Another time
Another time
Another time
Another time
Another time
Another time
Another time
Another time
Another time
Another time
Another time
Another time
Another time
Another time
Another time
Another time
Another time
Another time
Another time
Another time
Another time
Another time
Another time
Another time
Another time
Another time
Another time
Another time
Another time
Another time
Another time
Another time
Another time
Another time
Another time
Another time
Another time
Another time
Another time
Another time
Another time
Another time
Another time
Another time
Another time
Another time
Another time
Another time
Another time
Another time
Another time
Another time
Another time
Another time
Another time
Another time
Another time
Another time
Another time
Another time
Another time
Another time
Another time
Another time
Another time
Another time
Another time
Another time
Another time
Another time
Another time
Another time
Another time
Another time
Another time
Another time
Another time
Another time
Another time
Another time
Another time
Another time
Another time
Another time
Another time
Another time
Another time
Another time
Another time
Another time
Another time
Another time
Another time
Another time
Another time
Another time
Another time
Another time
Another time
Another time
Another time
Another time
Another time
Another time
Another time
Another time
Another time
Another time
Another time
Another time
Another time
Another time
Another time
Another time
Another time
Another time
Another time
Another time
Another time
Another time
Another time
Another time
Another time
Another time
Another time
Another time
Another time
Another time
Another time
Another time
Another time
Another time
Another time
Another time
Another time
Another time
Another time
Another time
Another time
Another time
Another time
Another time
Another time
Another time
Another time
Another time
Another time
Another time
Another time
Another time
Another time
Another time
Another time
Another time
Another time
Another time
Another time
Another time
Another time
Another time
Another time
Another time
Another time
Another time
Another time
Another time
Another time
Another time
Another time
Another time
Another time
Another time
Another time
Another time
Another time
Another time
Another time
Another time
Another time
Another time
Another time
Another time
Another time
Another time
Another time
Another time
Another time
Another time
Another time
Another time
Another time
Another time
Another time
Another time
Another time
Another time
Another time
Another time
Another time
Another time
Another time
Another time
Another time
Another time
Another time
Another time
Another time
Another time
Another time
Another time
Another time
Another time
Another time
Another time
Another time
Another time
Another time
Another time
Another time
Another time
Another time
Another time
Another time
Another time
Another time
Another time
Another time
Another time
Another time
Another time
Another time
Another time
Another time
Another time
Another time
Another time
Another time
Another time
Another time
Another time
Another time
Another time
Another time
Another time
Another time
Another time
Another time
Another time
Another time
Another time
Another time
Another time
Another time
Another time
Another time
Another time
Another time
Another time
Another time
Another time
Another time
Another time
Another time
Another time
Another time
Another time
Another time
Another time
Another time
Another time
Another time
Another time
Another time
Another time
Another time
Another time
Another time
Another time
Another time
Another time
Another time
Another time
Another time
Another time
Another time
Another time
Another time
Another time
Another time
Another time
Another time
Another time
Another time
Another time
Another time
Another time
Another time
Another time
Another time
Another time
Another time
Another time
Another time
Another time
Another time
Another time
Another time
Another time
Another time
Another time
Another time
Another time
Another time
Another time
Another time
Another time
Another time
Another time
Another time
Another time
Another time
Another time
Another time
Another time
Another time
Another time
Another time
Another time
Another time
Another time
Another time
Another time
Another time
Another time
Another time
Another time
Another time
Another time
Another time
Another time
Another time
Another time
Another time
Another time
Another time
Another time
Another time
Another time
Another time
Another time
Another time
Another time
Another time
Another time
Another time
Another time
Another time
Another time
Another time
Another time
Another time
Another time
Another time
Another time
Another time
Another time
Another time
Another time
Another time
Another time
Another time
Another time
Another time
Another time
Another time
Another time
Another time
Another time
Another time
Another time
Another time
Another time
Another time
Another time
Another time
Another time
Another time
Another time
Another time
Another time
Another time
Another time
Another time
Another time
Another time
Another time
Another time
Another time
Another time
Another time
Another time
Another time
Another time
Another time
Another time
Another time
Another time
Another time
Another time
Another time
Another time
Another time
Another time
Another time
Another time
Another time
Another time
Another time
Another time
Another time
Another time
Another time
Another time
Another time
Another time
Another time
Another time
Another time
Another time
Another time
Another time
Another time
Another time
Another time
Another time
Another time
Another time
Another time
Another time
Another time
Another time
Another time
Another time
Another time
Another time
Another time
Another time
Another time
Another time
Another time
Another time
Another time
Another time
Another time
Another time
Another time
Another time
Another time
Another time
Another time
Another time
Another time
Another time
Another time
Another time
Another time
Another time
Another time
Another time
Another time
Another time
Another time
Another time
Another time
Another time
Another time
Another time
Another time
Another time
Another time
Another time
Another time
Another time
Another time
Another time
Another time
Another time
Another time
Another time
Another time
Another time
Another time
Another time
Another time
Another time
Another time
Another time
Another time
Another time
Another time
Another time
Another time
Another time
Another time
Another time
Another time
Another time
Another time
Another time
Another time
Another time
Another time
Another time
Another time
Another time
Another time
Another time
Another time
Another time
Another time
Another time
Another time
Another time
Another time
Another time
Another time
Another time
Another time
Another time
Another time
Another time
Another time
Another time
Another time
Another time
Another time
Another time
Another time
Another time
Another time
Another time
Another time
Another time
Another time
Another time
Another time
Another time
Another time
Another time
Another time
Another time
Another time
Another time
Another time
Another time
Another time
Another time
Another time
Another time
Another time
Another time
Another time
Another time
Another time
Another time
Another time
Another time
Another time
Another time
Another time
Another time
Another time
Another time
Another time
Another time
Another time
Another time
Another time
Another time
Another time
Another time
Another time
Another time
Another time
Another time
Another time
Another time
Another time
Another time
Another time
Another time
Another time
Another time
Another time
Another time
Another time
Another time
Another time
Another time
Another time
Another time
Another time
Another time
Another time
Another time
Another time
Another time
Another time
Another time
Another time
Another time
Another time
Another time
Another time
Another time
Another time
Another time
Another time
Another time
Another time
Another time
Another time
Another time
Another time
Another time
Another time
Another time
Another time
Another time
Another time
Another time
Another time
Another time
Another time
Another time
Another time
Another time
Another time
Another time
Another time
Another time
Another time
Another time
Another time
Another time
Another time
Another time
Another time
Another time
Another time
Another time
Another time
Another time
Another time
Another time
Another time
Another time
Another time
Another time
Another time
Another time
Another time
Another time
Another time
Another time
Another time
Another time
Another time
Another time
Another time
Another time
Another time
Another time
Another time
Another time
Another time
Another time
Another time
Another time
Another time
Another time
Another time
Another time
Another time
Another time
Another time
Another time
Another time
Another time
Another time
Another time
Another time
Another time
Another time
Another time
Another time
Another time
Another time
Another time
Another time
Another time
Another time
Another time
Another time
Another time
Another time
Another time
Another time
Another time
Another time
Another time
Another time
Another time
Another time
Another time
Another time
Another time
Another time
Another time
Another time
Another time
Another time
Another time
Another time
Another time
Another time
Another time
Another time
Another time
Another time
Another time
Another time
Another time
Another time
Another time
Another time
Another time
Another time
Another time
Another time
Another time
Another time
Another time
Another time
Another time
Another time
Another time
Another time
Another time
Another time
Another time
Another time
Another time
Another time
Another time
Another time
Another time
Another time
Another time
Another time
Another time
Another time
Another time
Another time
Another time
Another time
Another time
Another time
Another time
Another time
Another time
Another time
Another time
Another time
Another time
Another time
Another time
Another time
Another time
Another time
Another time
Another time
Another time
Another time
Another time
Another time
Another time
Another time
Another time
Another time
Another time
Another time
Another time
Another time
Another time
Another time
Another time
Another time
Another time
Another time
Another time
Another time
Another time
Another time
Another time
Another time
Another time
Another time
Another time
Another time
Another time
Another time
Another time
Another time
Another time
Another time
Another time
Another time
Another time
Another time
Another time
Another time
Another time
Another time
Another time
Another time
Another time
Another time
Another time
Another time
Another time
Another time
Another time
Another time
Another time
Another time
Another time
Another time
Another time
Another time
Another time
Another time
Another time
Another time
Another time
Another time
Another time
Another time
Another time
Another time
Another time
Another time
Another time
Another time
Another time
Another time
Another time
Another time
Another time
Another time
Another time
Another time
Another time
Another time
Another time
Another time
Another time
Another time
Another time
Another time
Another time
Another time
Another time
Another time
Another time
Another time
Another time
Another time
Another time
Another time
Another time
Another time
Another time
Another time
Another time
Another time
Another time
Another time
Another time
Another time
Another time
Another time
Another time
Another time
Another time
Another time
Another time
Another time
Another time
Another time
Another time
Another time
Another time
Another time
Another time
Another time
Another time
Another time
Another time
Another time
Another time
Another time
Another time
Another time
Another time
Another time
Another time
Another time
Another time
Another time
Another time
Another time
Another time
Another time
Another time
Another time
Another time
Another time
Another time
Another time
Another time
Another time
Another time
Another time
Another time
Another time
Another time
Another time
Another time
Another time
Another time
Another time
Another time
Another time
Another time
Another time
Another time
Another time
Another time
Another time
Another time
Another time
Another time
Another time
Another time
Another time
Another time
Another time
Another time
Another time
Another time
Another time
Another time
Another time
Another time
Another time
Another time
Another time
Another time
Another time
Another time
Another time
Another time
Another time
Another time
Another time
Another time
Another time
Another time
Another time
Another time
Another time
Another time
Another time
Another time
Another time
Another time
Another time
Another time
Another time
Another time
Another time
Another time
Another time
Another time
Another time
Another time
Another time
Another time
Another time
Another time
Another time
Another time
Another time
Another time
Another time
Another time
Another time
Another time
Another time
Another time
Another time
Another time
Another time
Another time
Another time
Another time
Another time
Another time
Another time
Another time
Another time
Another time
Another time
Another time
Another time
Another time
Another time
Another time
Another time
Another time
Another time
Another time
Another time
Another time
Another time
Another time
Another time
Another time
Another time
Another time
Another time
Another time
Another time
Another time
Another time
Another time
Another time
Another time
Another time
Another time
Another time
Another time
Another time
Another time
Another time
Another time
Another time
Another time
Another time
Another time
Another time
Another time
Another time
Another time
Another time
Another time
Another time
Another time
Another time
Another time
Another time
Another time
Another time
Another time
Another time
Another time
Another time
Another time
Another time
Another time
Another time
Another time
Another time
Another time
Another time
Another time
Another time
Another time
Another time
Another time
Another time
Another time
Another time
Another time
Another time
Another time
Another time
Another time
Another time
Another time
Another time
Another time
Another time
Another time
Another time
Another time
Another time
Another time
Another time
Another time
Another time
Another time
Another time
Another time
Another time
Another time
Another time
Another time
Another time
Another time
Another time
Another time
Another time
Another time
Another time
Another time
Another time
Another time
Another time
Another time
Another time
Another time
Another time
Another time
Another time
Another time
Another time
Another time
Another time
Another time
Another time
Another time
Another time
Another time
Another time
Another time
Another time
Another time
Another time
Another time
Another time
Another time
Another time
Another time
Another time
Another time
Another time
Another time
Another time
Another time
Another time
Another time
Another time
Another time
Another time
Another time
Another time
Another time
Another time
Another time
Another time
Another time
Another time
Another time
Another time
Another time
Another time
Another time
Another time
Another time
Another time
Another time
Another time
Another time
Another time
Another time
Another time
Another time
Another time
Another time
Another time
Another time
Another time
Another time
Another time
Another time
Another time
Another time
Another time
Another time
Another time
Another time
Another time
Another time
Another time
Another time
Another time
Another time
Another time
Another time
Another time
Another time
Another time
Another time
Another time
Another time
Another time
Another time
Another time
Another time
Another time
Another time
Another time
Another time
Another time
Another time
Another time
Another time
Another time
Another time
Another time
Another time
Another time
Another time
Another time
Another time
Another time
Another time
Another time
Another time
Another time
Another time
Another time
Another time
Another time
Another time
Another time
Another time
Another time
Another time
Another time
Another time
Another time
Another time
Another time
Another time
Another time
Another time
Another time
Another time
Another time
Another time
Another time
Another time
Another time
Another time
Another time
Another time
Another time
Another time
Another time
Another time
Another time
Another time
Another time
Another time
Another time
Another time
Another time
Another time
Another time
Another time
Another time
Another time
Another time
Another time
Another time
Another time
Another time
Another time
Another time
Another time
Another time
Another time
Another time
Another time
Another time
Another time
Another time
Another time
Another time
Another time
Another time
Another time
Another time
Another time
Another time
Another time
Another time
Another time
Another time
Another time
Another time
Another time
Another time
Another time
Another time
Another time
Another time
Another time
Another time
Another time
Another time
Another time
Another time
Another time
Another time
Another time
Another time
Another time
Another time
Another time
Another time
Another time
Another time
Another time
Another time
Another time
Another time
Another time
Another time
Another time
Another time
Another time
Another time
Another time
Another time
Another time
Another time
Another time
Another time
Another time
Another time
Another time
Another time
Another time
Another time
Another time
Another time
Another time
Another time
Another time
Another time
Another time
Another time
Another time
Another time
Another time
Another time
Another time
Another time
Another time
Another time
Another time
Another time
Another time
Another time
Another time
Another time
Another time
Another time
Another time
Another time
Another time
Another time
Another time
Another time
Another time
Another time
Another time
Another time
Another time
Another time
Another time
Another time
Another time
Another time
Another time
Another time
Another time
Another time
Another time
Another time
Another time
Another time
Another time
Another time
Another time
Another time
Another time
Another time
Another time
Another time
Another time
Another time
Another time
Another time
Another time
Another time
Another time
Another time
Another time
Another time
Another time
Another time
Another time
Another time
Another time
Another time
Another time
Another time
Another time
Another time
Another time
Another time
Another time
Another time
Another time
Another time
Another time
Another time
Another time
Another time
Another time
Another time
Another time
Another time
Another time
Another time
Another time
Another time
Another time
Another time
Another time
Another time
Another time
Another time
Another time
Another time
Another time
Another time
Another time
Another time
Another time
Another time
Another time
Another time
Another time
Another time
Another time
Another time
Another time
Another time
Another time
Another time
Another time
Another time
Another time
Another time
Another time
Another time
Another time
Another time
Another time
Another time
Another time
Another time
Another time
Another time
Another time
Another time
Another time
Another time
Another time
Another time
Another time
Another time
Another time
Another time
Another time
Another time
Another time
Another time
Another time
Another time
Another time
Another time
Another time
Another time
Another time
Another time
Another time
Another time
Another time
Another time
Another time
Another time
Another time
Another time
Another time
Another time
Another time
Another time
Another time
Another time
Another time
Another time
Another time
Another time
Another time
Another time
Another time
Another time
Another time
Another time
Another time
Another time
Another time
Another time
Another time
Another time
Another time
Another time
Another time
Another time
Another time
Another time
Another time
Another time
Another time
Another time
Another time
Another time
Another time
Another time
Another time
Another time
Another time
Another time
Another time
Another time
Another time
Another time
Another time
Another time
Another time
Another time
Another time
Another time
Another time
Another time
Another time
Another time
Another time
Another time
Another time
Another time
Another time
Another time
Another time
Another time
Another time
Another time
Another time
Another time
Another time
Another time
Another time
Another time
Another time
Another time
Another time
Another time
Another time
Another time
Another time
Another time
Another time
Another time
Another time
Another time
Another time
Another time
Another time
Another time
Another time
Another time
Another time
Another time
Another time
Another time
Another time
Another time
Another time
Another time
Another time
Another time
Another time
Another time
Another time
Another time
Another time
Another time
Another time
Another time
Another time
Another time
Another time
Another time
Another time
Another time
Another time
Another time
Another time
Another time
Another time
Another time
Another time
Another time
Another time
Another time
Another time
Another time
Another time
Another time
Another time
Another time
Another time
Another time
Another time
Another time
Another time
Another time
Another time
Another time
Another time
Another time
Another time
Another time
Another time
Another time
Another time
Another time
Another time
Another time
Another time
Another time
Another time
Another time
Another time
Another time
Another time
Another time
Another time
Another time
Another time
Another time
Another time
Another time
Another time
Another time
Another time
Another time
Another time
Another time
Another time
Another time
Another time
Another time
Another time
Another time
Another time
Another time
Another time
Another time
Another time
Another time
Another time
Another time
Another time
Another time
Another time
Another time
Another time
Another time
Another time
Another time
Another time
Another time
Another time
Another time
Another time
Another time
Another time
Another time
Another time
Another time
Another time
Another time
Another time
Another time
Another time
Another time
Another time
Another time
Another time
Another time
Another time
Another time
Another time
Another time
Another time
Another time
Another time
Another time
Another time
Another time
Another time
Another time
Another time
Another time
Another time
Another time
Another time
Another time
Another time
Another time
Another time
Another time
Another time
Another time
Another time
Another time
Another time
Another time
Another time
Another time
Another time
Another time
Another time
Another time
Another time
Another time
Another time
Another time
Another time
Another time
Another time
Another time
Another time
Another time
Another time
Another time
Another time
Another time
Another time
Another time
Another time
Another time
Another time
Another time
Another time
Another time
Another time
Another time
Another time
Another time
Another time
Another time
Another time
Another time
Another time
Another time
Another time
Another time
Another time
Another time
Another time
Another time
Another time
Another time
Another time
Another time
Another time
Another time
Another time
Another time
Another time
Another time
Another time
Another time
Another time
Another time
Another time
Another time
Another time
Another time
Another time
Another time
Another time
Another time
Another time
Another time
Another time
Another time
Another time
Another time
Another time
Another time
Another time
Another time
Another time
Another time
Another time
Another time
Another time
Another time
Another time
Another time
Another time
Another time
Another time
Another time
Another time
Another time
Another time
Another time
Another time
Another time
Another time
Another time
Another time
Another time
Another time
Another time
Another time
Another time
Another time
Another time
Another time
Another time
Another time
Another time
Another time
Another time
Another time
Another time
Another time
Another time
Another time
Another time
Another time
Another time
Another time
Another time
Another time
Another time
Another time
Another time
Another time
Another time
Another time
Another time
Another time
Another time
Another time
Another time
Another time
Another time
Another time
Another time
Another time
Another time
Another time
Another time
Another time
Another time
Another time
Another time
Another time
Another time
Another time
Another time
Another time
Another time
Another time
Another time
Another time
Another time
Another time
Another time
Another time
Another time
Another time
Another time
Another time
Another time
Another time
Another time
Another time
Another time
Another time
Another time
Another time
Another time
Another time
Another time
Another time
Another time
Another time
Another time
Another time
Another time
Another time
Another time
Another time
Another time
Another time
Another time
Another time
Another time
Another time
Another time
Another time
Another time
Another time
Another time
Another time
Another time
Another time
Another time
Another time
Another time
Another time
Another time
Another time
Another time
Another time
Another time
Another time
Another time
Another time
Another time
Another time
Another time
Another time
Another time
Another time
Another time
Another time
Another time
Another time
Another time
Another time
Another time
Another time
Another time
Another time
Another time
Another time
Another time
Another time
Another time
Another time
Another time
Another time
Another time
Another time
Another time
Another time
Another time
Another time
Another time
Another time
Another time
Another time
Another time
Another time
Another time
Another time
Another time
Another time
Another time
Another time
Another time
Another time
Another time
Another time
Another time
Another time
Another time
Another time
Another time
Another time
Another time
Another time
Another time
Another time
Another time
Another time
Another time
Another time
Another time
Another time
Another time
Another time
Another time
Another time
Another time
Another time
Another time
Another time
Another time
Another time
Another time
Another time
Another time
Another time
Another time
Another time
Another time
Another time
Another time
Another time
Another time
Another time
Another time
Another time
Another time
Another time
Another time
Another time
Another time
Another time
Another time
Another time
Another time
Another time
Another time
Another time
Another time
Another time
Another time
Another time
Another time
Another time
Another time
Another time
Another time
Another time
Another time
Another time
Another time
Another time
Another time
Another time
Another time
Another time
Another time
Another time
Another time
Another time
Another time
Another time
Another time
Another time
Another time
Another time
Another time
Another time
Another time
Another time
Another time
Another time
Another time
Another time
Another time
Another time
Another time
Another time
Another time
Another time
Another time
Another time
Another time
Another time
Another time
Another time
Another time
Another time
Another time
Another time
Another time
Another time
Another time
Another time
Another time
Another time
Another time
Another time
Another time
Another time
Another time
Another time
Another time
Another time
Another time
Another time
Another time
Another time
Another time
Another time
Another time
Another time
Another time
Another time
Another time
Another time
Another time
Another time
Another time
Another time
Another time
Another time
Another time
Another time
Another time
Another time
Another time
Another time
Another time
Another time
Another time
Another time
Another time
Another time
Another time
Another time
Another time
Another time
Another time
Another time
Another time
Another time
Another time
Another time
Another time
Another time
Another time
Another time
Another time
Another time
Another time
Another time
Another time
Another time
Another time
Another time
Another time
Another time
Another time
Another time
Another time
Another time
Another time
Another time
Another time
Another time
Another time
Another time
Another time
Another time
Another time
Another time
Another time
Another time
Another time
Another time
Another time
Another time
Another time
Another time
Another time
Another time
Another time
Another time
Another time
Another time
Another time
Another time
Another time
Another time
Another time
Another time
Another time
Another time
Another time
Another time
Another time
Another time
Another time
Another time
Another time
Another time
Another time
Another time
Another time
Another time
Another time
Another time
Another time
Another time
Another time
Another time
Another time
Another time
Another time
Another time
Another time
Another time
Another time
Another time
Another time
Another time
Another time
Another time
Another time
Another time
Another time
Another time
Another time
Another time
Another time
Another time
Another time
Another time
Another time
Another time
Another time
Another time
Another time
Another time
Another time
Another time
Another time
Another time
Another time
Another time
Another time
Another time
Another time
Another time
Another time
Another time
Another time
Another time
Another time
Another time
Another time
Another time
Another time
Another time
Another time
Another time
Another time
Another time
Another time
Another time
Another time
Another time
Another time
Another time
Another time
Another time
Another time
Another time
Another time
Another time
Another time
Another time
Another time
Another time
Another time
Another time
Another time
Another time
Another time
Another time
Another time
Another time
Another time
Another time
Another time
Another time
Another time
Another time
Another time
Another time
Another time
Another time
Another time
Another time
Another time
Another time
Another time
Another time
Another time
Another time
Another time
Another time
Another time
Another time
Another time
Another time
Another time
Another time
Another time
Another time
Another time
Another time
Another time
Another time
Another time
Another time
Another time
Another time
Another time
Another time
Another time
Another time
Another time
Another time
Another time
Another time
Another time
Another time
Another time
Another time
Another time
Another time
Another time
Another time
Another time
Another time
Another time
Another time
Another time
Another time
Another time
Another time
Another time
Another time
Another time
Another time
Another time
Another time
Another time
Another time
Another time
Another time
Another time
Another time
Another time
Another time
Another time
Another time
Another time
Another time
Another time
Another time
Another time
Another time
Another time
Another time
Another time
Another time
Another time
Another time
Another time
Another time
Another time
Another time
Another time
Another time
Another time
Another time
Another time
Another time
Another time
Another time
Another time
Another time
Another time
Another time
Another time
Another time
Another time
Another time
Another time
Another time
Another time
Another time
Another time
Another time
Another time
Another time
Another time
Another time
Another time
Another time
Another time
Another time
Another time
Another time
Another time
Another time
Another time
Another time
Another time
Another time
Another time
Another time
Another time
Another time
Another time
Another time
Another time
Another time
Another time
Another time
Another time
Another time
Another time
Another time
Another time
Another time
Another time
Another time
Another time
Another time
Another time
Another time
Another time
Another time
Another time
Another time
Another time
Another time
Another time
Another time
Another time
Another time
Another time
Another time
Another time
Another time
Another time
Another time
Another time
Another time
Another time
Another time
Another time
Another time
Another time
Another time
Another time
Another time
Another time
Another time
Another time
Another time
Another time
Another time
Another time
Another time
Another time
Another time
Another time
Another time
Another time
Another time
Another time
Another time
Another time
Another time
Another time
Another time
Another time
Another time
Another time
Another time
Another time
Another time
Another time
Another time
Another time
Another time
Another time
Another time
Another time
Another time
Another time
Another time
Another time
Another time
Another time
Another time
Another time
Another time
Another time
Another time
Another time
Another time
Another time
Another time
Another time
Another time
Another time
Another time
Another time
Another time
Another time
Another time
Another time
Another time
Another time
Another time
Another time
Another time
Another time
Another time
Another time
Another time
Another time
Another time
Another time
Another time
Another time
Another time
Another time
Another time
Another time
Another time
Another time
Another time
Another time
Another time
Another time
Another time
Another time
Another time
Another time
Another time
Another time
Another time
Another time
Another time
Another time
Another time
Another time
Another time
Another time
Another time
Another time
Another time
Another time
Another time
Another time
Another time
Another time
Another time
Another time
Another time
Another time
Another time
Another time
Another time
Another time
Another time
Another time
Another time
Another time
Another time
Another time
Another time
Another time
Another time
Another time
Another time
Another time
Another time
Another time
Another time
Another time
Another time
Another time
Another time
Another time
Another time
Another time
Another time
Another time
Another time
Another time
Another time
Another time
Another time
Another time
Another time
Another time
Another time
Another time
Another time
Another time
Another time
Another time
Another time
Another time
Another time
Another time
Another time
Another time
Another time
Another time
Another time
Another time
Another time
Another time
Another time
Another time
Another time
Another time
Another time
Another time
Another time
Another time
Another time
Another time
Another time
Another time
Another time
Another time
Another time
Another time
Another time
Another time
Another time
Another time
Another time
Another time
Another time
Another time
Another time
Another time
Another time
Another time
Another time
Another time
Another time
Another time
Another time
Another time
Another time
Another time
Another time
Another time
Another time
Another time
Another time
Another time
Another time
Another time
Another time
Another time
Another time
Another time
Another time
Another time
Another time
Another time
Another time
Another time
Another time
Another time
Another time
Another time
Another time
Another time
Another time
Another time
Another time
Another time
Another time
Another time
Another time
Another time
Another time
Another time
Another time
Another time
Another time
Another time
Another time
Another time
Another time
Another time
Another time
Another time
Another time
Another time
Another time
Another time
Another time
Another time
Another time
Another time
Another time
Another time
Another time
Another time
Another time
Another time
Another time
Another time
Another time
Another time
Another time
Another time
Another time
Another time
Another time
Another time
Another time
Another time
Another time
Another time
Another time
Another time
Another time
Another time
Another time
Another time
Another time
Another time
Another time
Another time
Another time
Another time
Another time
Another time
Another time
Another time
Another time
Another time
Another time
Another time
Another time
Another time
Another time
Another time
Another time
Another time
Another time
Another time
Another time
Another time
Another time
Another time
Another time
Another time
Another time
Another time
Another time
Another time
Another time
Another time
Another time
Another time
Another time
Another time
Another time
Another time
Another time
Another time
Another time
Another time
Another time
Another time
Another time
Another time
Another time
Another time
Another time
Another time
Another time
Another time
Another time
Another time
Another time
Another time
Another time
Another time
Another time
Another time
Another time
Another time
Another time
Another time
Another time
Another time
Another time
Another time
Another time
Another time
Another time
Another time
Another time
Another time
Another time
Another time
Another time
Another time
Another time
Another time
Another time
Another time
Another time
Another time
Another time
Another time
Another time
Another time
Another time
Another time
Another time
Another time
Another time
Another time
Another time
Another time
Another time
Another time
Another time
Another time
Another time
Another time
Another time
Another time
Another time
Another time
Another time
Another time
Another time
Another time
Another time
Another time
Another time
Another time
Another time
Another time
Another time
Another time
Another time
Another time
Another time
Another time
Another time
Another time
Another time
Another time
Another time
Another time
Another time
Another time
Another time
Another time
Another time
Another time
Another time
Another time
Another time
Another time
Another time
Another time
Another time
Another time
Another time
Another time
Another time
Another time
Another time
Another time
Another time
Another time
Another time
Another time
Another time
Another time
Another time
Another time
Another time
Another time
Another time
Another time
Another time
Another time
Another time
Another time
Another time
Another time
Another time
Another time
Another time
Another time
Another time
Another time
Another time
Another time
Another time
Another time
Another time
Another time
Another time
Another time
Another time
Another time
Another time
Another time
Another time
Another time
Another time
Another time
Another time
Another time
Another time
Another time
Another time
Another time
Another time
Another time
Another time
Another time
Another time
Another time
Another time
Another time
Another time
Another time
Another time
Another time
Another time
Another time
Another time
Another time
Another time
Another time
Another time
Another time
Another time
Another time
Another time
Another time
Another time
Another time
Another time
Another time
Another time
Another time
Another time
Another time
Another time
Another time
Another time
Another time
Another time
Another time
Another time
Another time
Another time
Another time
Another time
Another time
Another time
Another time
Another time
Another time
Another time
Another time
Another time
Another time
Another time
Another time
Another time
Another time
Another time
Another time
Another time
Another time
Another time
Another time
Another time
Another time
Another time
Another time
Another time
Another time
Another time
Another time
Another time
Another time
Another time
Another time
Another time
Another time
Another time
Another time
Another time
Another time
Another time
Another time
Another time
Another time
Another time
Another time
Another time
Another time
Another time
Another time
Another time
Another time
Another time
Another time
Another time
Another time
Another time
Another time
Another time
Another time
Another time
Another time
Another time
Another time
Another time
Another time
Another time
Another time
Another time
Another time
Another time
Another time
Another time
Another time
Another time
Another time
Another time
Another time
Another time
Another time
Another time
Another time
Another time
Another time
Another time
Another time
Another time
Another time
Another time
Another time
Another time
Another time
Another time
Another time
Another time
Another time
Another time
Another time
Another time
Another time
Another time
Another time
Another time
Another time
Another time
Another time
Another time
Another time
Another time
Another time
Another time
Another time
Another time
Another time
Another time
Another time
Another time
Another time
Another time
Another time
Another time
Another time
Another time
Another time
Another time
Another time
Another time
Another time
Another time
Another time
Another time
Another time
Another time
Another time
Another time
Another time
Another time
Another time
Another time
Another time
Another time
Another time
Another time
Another time
Another time
Another time
Another time
Another time
Another time
Another time
Another time
Another time
Another time
Another time
Another time
Another time
Another time
Another time
Another time
Another time
Another time
Another time
Another time
Another time
Another time
Another time
Another time
Another time
Another time
Another time
Another time
Another time
Another time
Another time
Another time
Another time
Another time
Another time
Another time
Another time
Another time
Another time
Another time
Another time
Another time
Another time
Another time
Another time
Another time
Another time
Another time
Another time
Another time
Another time
Another time
Another time
Another time
Another time
Another time
Another time
Another time
Another time
Another time
Another time
Another time
Another time
Another time
Another time
Another time
Another time
Another time
Another time
Another time
Another time
Another time
Another time
Another time
Another time
Another time
Another time
Another time
Another time
Another time
Another time
Another time
Another time
Another time
Another time
Another time
Another time
Another time
Another time
Another time
Another time
Another time
Another time
Another time
Another time
Another time
Another time
Another time
Another time
Another time
Another time
Another time
Another time
Another time
Another time
Another time
Another time
Another time
Another time
Another time
Another time
Another time
Another time
Another time
Another time
Another time
Another time
Another time
Another time
Another time
Another time
Another time
Another time
Another time
Another time
Another time
Another time
Another time
Another time
Another time
Another time
Another time
Another time
Another time
Another time
Another time
Another time
Another time
Another time
Another time
Another time
Another time
Another time
Another time
Another time
Another time
Another time
Another time
Another time
Another time
Another time
Another time
Another time
Another time
Another time
Another time
Another time
Another time
Another time
Another time
Another time
Another time
Another time
Another time
Another time
Another time
Another time
Another time
Another time
Another time
Another time
Another time
Another time
Another time
Another time
Another time
Another time
Another time
Another time
Another time
Another time
Another time
Another time
Another time
Another time
Another time
Another time
Another time
Another time
Another time
Another time
Another time
Another time
Another time
Another time
Another time
Another time
Another time
Another time
Another time
Another time
Another time
Another time
Another time
Another time
Another time
Another time
Another time
Another time
Another time
Another time
Another time
Another time
Another time
Another time
Another time
Another time
Another time
Another time
Another time
Another time
Another time
Another time
Another time
Another time
Another time
Another time
Another time
Another time
Another time
Another time
Another time
Another time
Another time
Another time
Another time
Another time
Another time
Another time
Another time
Another time
Another time
Another time
Another time
Another time
Another time
Another time
Another time
Another time
Another time
Another time
Another time
Another time
Another time
Another time
Another time
Another time
Another time
Another time
Another time
Another time
Another time
Another time
Another time
Another time
Another time
Another time
Another time
Another time
Another time
Another time
Another time
Another time
Another time
Another time
Another time
Another time
Another time
Another time
Another time
Another time
Another time
Another time
Another time
Another time
Another time
Another time
Another time
Another time
Another time
Another time
Another time
Another time
Another time
Another time
Another time
Another time
Another time
Another time
Another time
Another time
Another time
Another time
Another time
Another time
Another time
Another time
Another time
Another time
Another time
Another time
Another time
Another time
Another time
Another time
Another time
Another time
Another time
Another time
Another time
Another time
Another time
Another time
Another time
Another time
Another time
Another time
Another time
Another time
Another time
Another time
Another time
Another time
Another time
Another time
Another time
Another time
Another time
Another time
Another time
Another time
Another time
Another time
Another time
Another time
Another time
Another time
Another time
Another time
Another time
Another time
Another time
Another time
Another time
Another time
Another time
Another time
Another time
Another time
Another time
Another time
Another time
Another time
Another time
Another time
Another time
Another time
Another time
Another time
Another time
Another time
Another time
Another time
Another time
Another time
Another time
Another time
Another time
Another time
Another time
Another time
Another time
Another time
Another time
Another time
Another time
Another time
Another time
Another time
Another time
Another time
Another time
Another time
Another time
Another time
Another time
Another time
Another time
Another time
Another time
Another time
Another time
Another time
Another time
Another time
Another time
Another time
Another time
Another time
Another time
Another time
Another time
Another time
Another time
Another time
Another time
Another time
Another time
Another time
Another time
Another time
Another time
Another time
Another time
Another time
Another time
Another time
Another time
Another time
Another time
Another time
Another time
Another time
Another time
Another time
Another time
Another time
Another time
Another time
Another time
Another time
Another time
Another time
Another time
Another time
Another time
Another time
Another time
Another time
Another time
Another time
Another time
Another time
Another time
Another time
Another time
Another time
Another time
Another time
Another time
Another time
Another time
Another time
Another time
Another time
Another time
Another time
Another time
Another time
Another time
Another time
Another time
Another time
Another time
Another time
Another time
Another time
Another time
Another time
Another time
Another time
Another time
Another time
Another time
Another time
Another time
Another time
Another time
Another time
Another time
Another time
Another time
Another time
Another time
Another time
Another time
Another time
Another time
Another time
Another time
Another time
Another time
Another time
Another time
Another time
Another time
Another time
Another time
Another time
Another time
Another time
Another time
Another time
Another time
Another time
Another time
Another time
Another time
Another time
Another time
Another time
Another time
Another time
Another time
Another time
Another time
Another time
Another time
Another time
Another time
Another time
Another time
Another time
Another time
Another time
Another time
Another time
Another time
Another time
Another time
Another time
Another time
Another time
Another time
Another time
Another time
Another time
Another time
Another time
Another time
Another time
Another time
Another time
Another time
Another time
Another time
Another time
Another time
Another time
Another time
Another time
Another time
Another time
Another time
Another time
Another time
Another time
Another time
Another time
Another time
Another time
Another time
Another time
Another time
Another time
Another time
Another time
Another time
Another time
Another time
Another time
Another time
Another time
Another time
Another time
Another time
Another time
Another time
Another time
Another time
Another time
Another time
Another time
Another time
Another time
Another time
Another time
Another time
Another time
Another time
Another time
Another time
Another time
Another time
Another time
Another time
Another time
Another time
Another time
Another time
Another time
Another time
Another time
Another time
Another time
Another time
Another time
Another time
Another time
Another time
Another time
Another time
Another time
Another time
Another time
Another time
Another time
Another time
Another time
Another time
Another time
Another time
Another time
Another time
Another time
Another time
Another time
Another time
Another time
Another time
Another time
Another time
Another time
Another time
Another time
Another time
Another time
Another time
Another time
Another time
Another time
Another time
Another time
Another time
Another time
Another time
Another time
Another time
Another time
Another time
Another time
Another time
Another time
Another time
Another time
Another time
Another time
Another time
Another time
Another time
Another time
Another time
Another time
Another time
Another time
Another time
Another time
Another time
Another time
Another time
Another time
Another time
Another time
Another time
Another time
Another time
Another time
Another time
Another time
Another time
Another time
Another time
Another time
Another time
Another time
Another time
Another time
Another time
Another time
Another time
Another time
Another time
Another time
Another time
Another time
Another time
Another time
Another time
Another time
Another time
Another time
Another time
Another time
Another time
Another time
Another time
Another time
Another time
Another time
Another time
Another time
Another time
Another time
Another time
Another time
Another time
Another time
Another time
Another time
Another time
Another time
Another time
Another time
Another time
Another time
Another time
Another time
Another time
Another time
Another time
Another time
Another time
Another time
Another time
Another time
Another time
Another time
Another time
Another time
Another time
Another time
Another time
Another time
Another time
Another time
Another time
Another time
Another time
Another time
Another time
Another time
Another time
Another time
Another time
Another time
Another time
Another time
Another time
Another time
Another time
Another time
Another time
Another time
Another time
Another time
Another time
Another time
Another time
Another time
Another time
Another time
Another time
Another time
Another time
Another time
Another time
Another time
Another time
Another time
Another time
Another time
Another time
Another time
Another time
Another time
Another time
Another time
Another time
Another time
Another time
Another time
Another time
Another time
Another time
Another time
Another time
Another time
Another time
Another time
Another time
Another time
Another time
Another time
Another time
Another time
Another time
Another time
Another time
Another time
Another time
Another time
Another time
Another time
Another time
Another time
Another time
Another time
Another time
Another time
Another time
Another time
Another time
Another time
Another time
Another time
Another time
Another time
Another time
Another time
Another time
Another time
Another time
Another time
Another time
Another time
Another time
Another time
Another time
Another time
Another time
Another time
Another time
Another time
Another time
Another time
Another time
Another time
Another time
Another time
Another time
Another time
Another time
Another time
Another time
Another time
Another time
Another time
Another time
Another time
Another time
Another time
Another time
Another time
Another time
Another time
Another time
Another time
Another time
Another time
Another time
Another time
Another time
Another time
Another time
Another time
Another time
Another time
Another time
Another time
Another time
Another time
Another time
Another time
Another time
Another time
Another time
Another time
Another time
Another time
Another time
Another time
Another time
Another time
Another time
Another time
Another time
Another time
Another time
Another time
Another time
Another time
Another time
Another time
Another time
Another time
Another time
Another time
Another time
Another time
Another time
Another time
Another time
Another time
Another time
Another time
Another time
Another time
Another time
Another time
Another time
Another time
Another time
Another time
Another time
Another time
Another time
Another time
Another time
Another time
Another time
Another time
Another time
Another time
Another time
Another time
Another time
Another time
Another time
Another time
Another time
Another time
Another time
Another time
Another time
Another time
Another time
Another time
Another time
Another time
Another time
Another time
Another time
Another time
Another time
Another time
Another time
Another time
Another time
Another time
Another time
Another time
Another time
Another time
Another time
Another time
Another time
Another time
Another time
Another time
Another time
Another time
Another time
Another time
Another time
Another time
Another time
Another time
Another time
Another time
Another time
Another time
Another time
Another time
Another time
Another time
Another time
Another time
Another time
Another time
Another time
Another time
Another time
Another time
Another time
Another time
Another time
Another time
Another time
Another time
Another time
Another time
Another time
Another time
Another time
Another time
Another time
Another time
Another time
Another time
Another time
Another time
Another time
Another time
Another time
Another time
Another time
Another time
Another time
Another time
Another time
Another time
Another time
Another time
Another time
Another time
Another time
Another time
Another time
Another time
Another time
Another time
Another time
Another time
Another time
Another time
Another time
Another time
Another time
Another time
Another time
Another time
Another time
Another time
Another time
Another time
Another time
Another time
Another time
Another time
Another time
Another time
Another time
Another time
Another time
Another time
Another time
Another time
Another time
Another time
Another time
Another time
Another time
Another time
Another time
Another time
Another time
Another time
Another time
Another time
Another time
Another time
Another time
Another time
Another time
Another time
Another time
Another time
Another time
Another time
Another time
Another time
Another time
Another time
Another time
Another time
Another time
Another time
Another time
Another time
Another time
Another time
Another time
Another time
Another time
Another time
Another time
Another time
Another time
Another time
Another time
Another time
Another time
Another time
Another time
Another time
Another time
Another time
Another time
Another time
Another time
Another time
Another time
Another time
Another time
Another time
Another time
Another time
Another time
Another time
Another time
Another time
Another time
Another time
Another time
Another time
Another time
Another time
Another time
Another time
Another time
Another time
Another time
Another time
Another time
Another time
Another time
Another time
Another time
Another time
Another time
Another time
Another time
Another time
Another time
Another time
Another time
Another time
Another time
Another time
Another time
Another time
Another time
Another time
Another time
Another time
Another time
Another time
Another time
Another time
Another time
Another time
Another time
Another time
Another time
Another time
Another time
Another time
Another time
Another time
Another time
Another time
Another time
Another time
Another time
Another time
Another time
Another time
Another time
Another time
Another time
Another time
Another time
Another time
Another time
Another time
Another time
Another time
Another time
Another time
Another time
Another time
Another time
Another time
Another time
Another time
Another time
Another time
Another time
Another time
Another time
Another time
Another time
Another time
Another time
Another time
Another time
Another time
Another time
Another time
Another time
Another time
Another time
Another time
Another time
Another time
Another time
Another time
Another time
Another time
Another time
Another time
Another time
Another time
Another time
Another time
Another time
Another time
Another time
Another time
Another time
Another time
Another time
Another time
Another time
Another time
Another time
Another time
Another time
Another time
Another time
Another time
Another time
Another time
Another time
Another time
Another time
Another time
Another time
Another time
Another time
Another time
Another time
Another time
Another time
Another time
Another time
Another time
Another time
Another time
Another time
Another time
Another time
Another time
Another time
Another time
Another time
Another time
Another time
Another time
Another time
Another time
Another time
Another time
Another time
Another time
Another time
Another time
Another time
Another time
Another time
Another time
Another time
Another time
Another time
Another time
Another time
Another time
Another time
Another time
Another time
Another time
Another time
Another time
Another time
Another time
Another time
Another time
Another time
Another time
Another time
Another time
Another time
Another time
Another time
Another time
Another time
Another time
Another time
Another time
Another time
Another time
Another time
Another time
Another time
Another time
Another time
Another time
Another time
Another time
Another time
Another time
Another time
Another time
Another time
Another time
Another time
Another time
Another time
Another time
Another time
Another time
Another time
Another time
Another time
Another time
Another time
Another time
Another time
Another time
Another time
Another time
Another time
Another time
Another time
Another time
Another time
Another time
Another time
Another time
Another time
Another time
Another time
Another time
Another time
Another time
Another time
Another time
Another time
Another time
Another time
Another time
Another time
Another time
Another time
Another time
Another time
Another time
Another time
Another time
Another time
Another time
Another time
Another time
Another time
Another time
Another time
Another time
Another time
Another time
Another time
Another time
Another time
Another time
Another time
Another time
Another time
Another time
Another time
Another time
Another time
Another time
Another time
Another time
Another time
Another time
Another time
Another time
Another time
Another time
Another time
Another time
Another time
Another time
Another time
Another time
Another time
Another time
Another time
Another time
Another time
Another time
Another time
Another time
Another time
Another time
Another time
Another time
Another time
Another time
Another time
Another time
Another time
Another time
Another time
Another time
Another time
Another time
Another time
Another time
Another time
Another time
Another time
Another time
Another time
Another time
Another time
Another time
Another time
Another time
Another time
Another time
Another time
Another time
Another time
Another time
Another time
Another time
Another time
Another time
Another time
Another time
Another time
Another time
Another time
Another time
Another time
Another time
Another time
Another time
Another time
Another time
Another time
Another time
Another time
Another time
Another time
Another time
Another time
Another time
Another time
Another time
Another time
Another time
Another time
Another time
Another time
Another time
Another time
Another time
Another time
Another time
Another time
Another time
Another time
Another time
Another time
Another time
Another time
Another time
Another time
Another time
Another time
Another time
Another time
Another time
Another time
Another time
Another time
Another time
Another time
Another time
Another time
Another time
Another time
Another time
Another time
Another time
Another time
Another time
Another time
Another time
Another time
Another time
Another time
Another time
Another time
Another time
Another time
Another time
Another time
Another time
Another time
Another time
Another time
Another time
Another time
Another time
Another time
Another time
Another time
Another time
Another time
Another time
Another time
Another time
Another time
Another time
Another time
Another time
Another time
Another time
Another time
Another time
Another time
Another time
Another time
Another time
Another time
Another time
Another time
Another time
Another time
Another time
Another time
Another time
Another time
Another time
Another time
Another time
Another time
Another time
Another time
Another time
Another time
Another time
Another time
Another time
Another time
Another time
Another time
Another time
Another time
Another time
Another time
Another time
Another time
Another time
Another time
Another time
Another time
Another time
Another time
Another time
Another time
Another time
Another time
Another time
Another time
Another time
Another time
Another time
Another time
Another time
Another time
Another time
Another time
Another time
Another time
Another time
Another time
Another time
Another time
Another time
Another time
Another time
Another time
Another time
Another time
Another time
Another time
Another time
Another time
Another time
Another time
Another time
Another time
Another time
Another time
Another time
Another time
Another time
Another time
Another time
Another time
Another time
Another time
Another time
Another time
Another time
Another time
Another time
Another time
Another time
Another time
Another time
Another time
Another time
Another time
Another time
Another time
Another time
Another time
Another time
Another time
Another time
Another time
Another time
Another time
Another time
Another time
Another time
Another time
Another time
Another time
Another time
Another time
Another time
Another time
Another time
Another time
Another time
Another time
Another time
Another time
Another time
Another time
Another time
Another time
Another time
Another time
Another time
Another time
Another time
Another time
Another time
Another time
Another time
Another time
Another time
Another time
Another time
Another time
Another time
Another time
Another time
Another time
Another time
Another time
Another time
Another time
Another time
Another time
Another time
Another time
Another time
Another time
Another time
Another time
Another time
Another time
Another time
Another time
Another time
Another time
Another time
Another time
Another time
Another time
Another time
Another time
Another time
Another time
Another time
Another time
Another time
Another time
Another time
Another time
Another time
Another time
Another time
Another time
Another time
Another time
Another time
Another time
Another time
Another time
Another time
Another time
Another time
Another time
Another time
Another time
Another time
Another time
Another time
Another time
Another time
Another time
Another time
Another time
Another time
Another time
Another time
Another time
Another time
Another time
Another time
Another time
Another time
Another time
Another time
Another time
Another time
Another time
Another time
Another time
Another time
Another time
Another time
Another time
Another time
Another time
Another time
Another time
Another time
Another time
Another time
Another time
Another time
Another time
Another time
Another time
Another time
Another time
Another time
Another time
Another time
Another time
Another time
Another time
Another time
Another time
Another time
Another time
Another time
Another time
Another time
Another time
Another time
Another time
Another time
Another time
Another time
Another time
Another time
Another time
Another time
Another time
Another time
Another time
Another time
Another time
Another time
Another time
Another time
Another time
Another time
Another time
Another time
Another time
Another time
Another time
Another time
Another time
Another time
Another time
Another time
Another time
Another time
Another time
Another time
Another time
Another time
Another time
Another time
Another time
Another time
Another time
Another time
Another time
Another time
Another time
Another time
Another time
Another time
Another time
Another time
Another time
Another time
Another time
Another time
Another time
Another time
Another time
Another time
Another time
Another time
Another time
Another time
Another time
Another time
Another time
Another time
Another time
Another time
Another time
Another time
Another time
Another time
Another time
Another time
Another time
Another time
Another time
Another time
Another time
Another time
Another time
Another time
Another time
Another time
Another time
Another time
Another time
Another time
Another time
Another time
Another time
Another time
Another time
Another time
Another time
Another time
Another time
Another time
Another time
Another time
Another time
Another time
Another time
Another time
Another time
Another time
Another time
Another time
Another time
Another time
Another time
Another time
Another time
Another time
Another time
Another time
Another time
Another time
Another time
Another time
Another time
Another time
Another time
Another time
Another time
Another time
Another time
Another time
Another time
Another time
Another time
Another time
Another time
Another time
Another time
Another time
Another time
Another time
Another time
Another time
Another time
Another time
Another time
Another time
Another time
Another time
Another time
Another time
Another time
Another time
Another time
Another time
Another time
Another time
Another time
Another time
Another time
Another time
Another time
Another time
Another time
Another time
Another time
Another time
Another time
Another time
Another time
Another time
Another time
Another time
Another time
Another time
Another time
Another time
Another time
Another time
Another time
Another time
Another time
Another time
Another time
Another time
Another time
Another time
Another time
Another time
Another time
Another time
Another time
Another time
Another time
Another time
Another time
Another time
Another time
Another time
Another time
Another time
Another time
Another time
Another time
Another time
Another time
Another time
Another time
Another time
Another time
Another time
Another time
Another time
Another time
Another time
Another time
Another time
Another time
Another time
Another time
Another time
Another time
Another time
Another time
Another time
Another time
Another time
Another time
Another time
Another time
Another time
Another time
Another time
Another time
Another time
Another time
Another time
Another time
Another time
Another time
Another time
Another time
Another time
Another time
Another time
Another time
Another time
Another time
Another time
Another time
Another time
Another time
Another time
Another time
Another time
Another time
Another time
Another time
Another time
Another time
Another time
Another time
Another time
Another time
Another time
Another time
Another time
Another time
Another time
Another time
Another time
Another time
Another time
Another time
Another time
Another time
Another time
Another time
Another time
Another time
Another time
Another time
Another time
Another time
Another time
Another time
Another time
Another time
Another time
Another time
Another time
Another time
Another time
Another time
Another time
Another time
Another time
Another time
Another time
Another time
Another time
Another time
Another time
Another time
Another time
Another time
Another time
Another time
Another time
Another time
Another time
Another time
Another time
Another time
Another time
Another time
Another time
Another time
Another time
Another time
Another time
Another time
Another time
Another time
Another time
Another time
Another time
Another time
Another time
Another time
Another time
Another time
Another time
Another time
Another time
Another time
Another time
Another time
Another time
Another time
Another time
Another time
Another time
Another time
Another time
Another time
Another time
Another time
Another time
Another time
Another time
Another time
Another time
Another time
Another time
Another time
Another time
Another time
Another time
Another time
Another time
Another time
Another time
Another time
Another time
Another time
Another time
Another time
Another time
Another time
Another time
Another time
Another time
Another time
Another time
Another time
Another time
Another time
Another time
Another time
Another time
Another time
Another time
Another time
Another time
Another time
Another time
Another time
Another time
Another time
Another time
Another time
Another time
Another time
Another time
Another time
Another time
Another time
Another time
Another time
Another time
Another time
Another time
Another time
Another time
Another time
Another time
Another time
Another time
Another time
Another time
Another time
Another time
Another time
Another time
Another time
Another time
Another time
Another time
Another time
Another time
Another time
Another time
Another time
Another time
Another time
Another time
Another time
Another time
Another time
Another time
Another time
Another time
Another time
Another time
Another time
Another time
Another time
Another time
Another time
Another time
Another time
Another time
Another time
Another time
Another time
Another time
Another time
Another time
Another time
Another time
Another time
Another time
Another time
Another time
Another time
Another time
Another time
Another time
Another time
Another time
Another time
Another time
Another time
Another time
Another time
Another time
Another time
Another time
Another time
Another time
Another time
Another time
Another time
Another time
Another time
Another time
Another time
Another time
Another time
Another time
Another time
Another time
Another time
Another time
Another time
Another time
Another time
Another time
Another time
Another time
Another time
Another time
Another time
Another time
Another time
Another time
Another time
Another time
Another time
Another time
Another time
Another time
Another time
Another time
Another time
Another time
Another time
Another time
Another time
Another time
Another time
Another time
Another time
Another time
Another time
Another time
Another time
Another time
Another time
Another time
Another time
Another time
Another time
Another time
Another time
Another time
Another time
Another time
Another time
Another time
Another time
Another time
Another time
Another time
Another time
Another time
Another time
Another time
Another time
Another time
Another time
Another time
Another time
Another time
Another time
Another time
Another time
Another time
Another time
Another time
Another time
Another time
Another time
Another time
Another time
Another time
Another time
Another time
Another time
Another time
Another time
Another time
Another time
Another time
Another time
Another time
Another time
Another time
Another time
Another time
Another time
Another time
Another time
Another time
Another time
Another time
Another time
Another time
Another time
Another time
Another time
Another time
Another time
Another time
Another time
Another time
Another time
Another time
Another time
Another time
Another time
Another time
Another time
Another time
Another time
Another time
Another time
Another time
Another time
Another time
Another time
Another time
Another time
Another time
Another time
Another time
Another time
Another time
Another time
Another time
Another time
Another time
Another time
Another time
Another time
Another time
Another time
Another time
Another time
Another time
Another time
Another time
Another time
Another time
Another time
Another time
Another time
Another time
Another time
Another time
Another time
Another time
Another time
Another time
Another time
Another time
Another time
Another time
Another time
Another time
Another time
Another time
Another time
Another time
Another time
Another time
Another time
Another time
Another time
Another time
Another time
Another time
Another time
Another time
Another time
Another time
Another time
Another time
Another time
Another time
Another time
Another time
Another time
Another time
Another time
Another time
Another time
Another time
Another time
Another time
Another time
Another time
Another time
Another time
Another time
Another time
Another time
Another time
Another time
Another time
Another time
Another time
Another time
Another time
Another time
Another time
Another time
Another time
Another time
Another time
Another time
Another time
Another time
Another time
Another time
Another time
Another time
Another time
Another time
Another time
Another time
Another time
Another time
Another time
Another time
Another time
Another time
Another time
Another time
Another time
Another time
Another time
Another time
Another time
Another time
Another time
Another time
Another time
Another time
Another time
Another time
Another time
Another time
Another time
Another time
Another time
Another time
Another time
Another time
Another time
Another time
Another time
Another time
Another time
Another time
Another time
Another time
Another time
Another time
Another time
Another time
Another time
Another time
Another time
Another time
Another time
Another time
Another time
Another time
Another time
Another time
Another time
Another time
Another time
Another time
Another time
Another time
Another time
Another time
Another time
Another time
Another time
Another time
Another time
Another time
Another time
Another time
Another time
Another time
Another time
Another time
Another time
Another time
Another time
Another time
Another time
Another time
Another time
Another time
Another time
Another time
Another time
Another time
Another time
Another time
Another time
Another time
Another time
Another time
Another time
Another time
Another time
Another time
Another time
Another time
Another time
Another time
Another time
Another time
Another time
Another time
Another time
Another time
Another time
Another time
Another time
Another time
Another time
Another time
Another time
Another time
Another time
Another time
Another time
Another time
Another time
Another time
Another time
Another time
Another time
Another time
Another time
Another time
Another time
Another time
Another time
Another time
Another time
Another time
Another time
Another time
Another time
Another time
Another time
Another time
Another time
Another time
Another time
Another time
Another time
Another time
Another time
Another time
Another time
Another time
Another time
Another time
Another time
Another time
Another time
Another time
Another time
Another time
Another time
Another time
Another time
Another time
Another time
Another time
Another time
Another time
Another time
Another time
Another time
Another time
Another time
Another time
Another time
Another time
Another time
Another time
Another time
Another time
Another time
Another time
Another time
Another time
Another time
Another time
Another time
Another time
Another time
Another time
Another time
Another time
Another time
Another time
Another time
Another time
Another time
Another time
Another time
Another time
Another time
Another time
Another time
Another time
Another time
Another time
Another time
Another time
Another time
Another time
Another time
Another time
Another time
Another time
Another time
Another time
Another time
Another time
Another time
Another time
Another time
Another time
Another time
Another time
Another time
Another time
Another time
Another time
Another time
Another time
Another time
Another time
Another time
Another time
Another time
Another time
Another time
Another time
Another time
Another time
Another time
Another time
Another time
Another time
Another time
Another time
Another time
Another time
Another time
Another time
Another time
Another time
Another time
Another time
Another time
Another time
Another time
Another time
Another time
Another time
Another time
Another time
Another time
Another time
Another time
Another time
Another time
Another time
Another time
Another time
Another time
Another time
Another time
Another time
Another time
Another time
Another time
Another time
Another time
Another time
Another time
Another time
Another time
Another time
Another time
Another time
Another time
Another time
Another time
Another time
Another time
Another time
Another time
Another time
Another time
Another time
Another time
Another time
Another time
Another time
Another time
Another time
Another time
Another time
Another time
Another time
Another time
Another time
Another time
Another time
Another time
Another time
Another time
Another time
Another time
Another time
Another time
Another time
Another time
Another time
Another time
Another time
Another time
Another time
Another time
Another time
Another time
Another time
Another time
Another time
Another time
Another time
Another time
Another time
Another time
Another time
Another time
Another time
Another time
Another time
Another time
Another time
Another time
Another time
Another time
Another time
Another time
Another time
Another time
Another time
Another time
Another time
Another time
Another time
Another time
Another time
Another time
Another time
Another time
Another time
Another time
Another time
Another time
Another time
Another time
Another time
Another time
Another time
Another time
Another time
Another time
Another time
Another time
Another time
Another time
Another time
Another time
Another time
Another time
Another time
Another time
Another time
Another time
Another time
Another time
Another time
Another time
Another time
Another time
Another time
Another time
Another time
Another time
Another time
Another time
Another time
Another time
Another time
Another time
Another time
Another time
Another time
Another time
Another time
Another time
Another time
Another time
Another time
Another time
Another time
Another time
Another time
Another time
Another time
Another time
Another time
Another time
Another time
Another time
Another time
Another time
Another time
Another time
Another time
Another time
Another time
Another time
Another time
Another time
Another time
Another time
Another time
Another time
Another time
Another time
Another time
Another time
Another time
Another time
Another time
Another time
Another time
Another time
Another time
Another time
Another time
Another time
Another time
Another time
Another time
Another time
Another time
Another time
Another time
Another time
Another time
Another time
Another time
Another time
Another time
Another time
Another time
Another time
Another time
Another time
Another time
Another time
Another time
Another time
Another time
Another time
Another time
Another time
Another time
Another time
Another time
Another time
Another time
Another time
Another time
Another time
Another time
Another time
Another time
Another time
Another time
Another time
Another time
Another time
Another time
Another time
Another time
Another time
Another time
Another time
Another time
Another time
Another time
Another time
Another time
Another time
Another time
Another time
Another time
Another time
Another time
Another time
Another time
Another time
Another time
Another time
Another time
Another time
Another time
Another time
Another time
Another time
Another time
Another time
Another time
Another time
Another time
Another time
Another time
Another time
Another time
Another time
Another time
Another time
Another time
Another time
Another time
Another time
Another time
Another time
Another time
Another time
Another time
Another time
Another time
Another time
Another time
Another time
Another time
Another time
Another time
Another time
Another time
Another time
Another time
Another time
Another time
Another time
Another time
Another time
Another time
Another time
Another time
Another time
Another time
Another time
Another time
Another time
Another time
Another time
Another time
Another time
Another time
Another time
Another time
Another time
Another time
Another time
Another time
Another time
Another time
Another time
Another time
Another time
Another time
Another time
Another time
Another time
Another time
Another time
Another time
Another time
Another time
Another time
Another time
Another time
Another time
Another time
Another time
Another time
Another time
Another time
Another time
Another time
Another time
Another time
Another time
Another time
Another time
Another time
Another time
Another time
Another time
Another time
Another time
Another time
Another time
Another time
Another time
Another time
Another time
Another time
Another time
Another time
Another time
Another time
Another time
Another time
Another time
Another time
Another time
Another time
Another time
Another time
Another time
Another time
Another time
Another time
Another time
Another time
Another time
Another time
Another time
Another time
Another time
Another time
Another time
Another time
Another time
Another time
Another time
Another time
Another time
Another time
Another time
Another time
Another time
Another time
Another time
Another time
Another time
Another time
Another time
Another time
Another time
Another time
Another time
Another time
Another time
Another time
Another time
Another time
Another time
Another time
Another time
Another time
Another time
Another time
Another time
Another time
Another time
Another time
Another time
Another time
Another time
Another time
Another time
Another time
Another time
Another time
Another time
Another time
Another time
Another time
Another time
Another time
Another time
Another time
Another time
Another time
Another time
Another time
Another time
Another time
Another time
Another time
Another time
Another time
Another time
Another time
Another time
Another time
Another time
Another time
Another time
Another time
Another time
Another time
Another time
Another time
Another time
Another time
Another time
Another time
Another time
Another time
Another time
Another time
Another time
Another time
Another time
Another time
Another time
Another time
Another time
Another time
Another time
Another time
Another time
Another time
Another time
Another time
Another time
Another time
Another time
Another time
Another time
Another time
Another time
Another time
Another time
Another time
Another time
Another time
Another time
Another time
Another time
Another time
Another time
Another time
Another time
Another time
Another time
Another time
Another time
Another time
Another time
Another time
Another time
Another time
Another time
Another time
Another time
Another time
Another time
Another time
Another time
Another time
Another time
Another time
Another time
Another time
Another time
Another time
Another time
Another time
Another time
Another time
Another time
Another time
Another time
Another time
Another time
Another time
Another time
Another time
Another time
Another time
Another time
Another time
Another time
Another time
Another time
Another time
Another time
Another time
Another time
Another time
Another time
Another time
Another time
Another time
Another time
Another time
Another time
Another time
Another time
Another time
Another time
Another time
Another time
Another time
Another time
Another time
Another time
Another time
Another time
Another time
Another time
Another time
Another time
Another time
Another time
Another time
Another time
Another time
Another time
Another time
Another time
Another time
Another time
Another time
Another time
Another time
Another time
Another time
Another time
Another time
Another time
Another time
Another time
Another time
Another time
Another time
Another time
Another time
Another time
Another time
Another time
Another time
Another time
Another time
Another time
Another time
Another time
Another time
Another time
Another time
Another time
Another time
Another time
Another time
Another time
Another time
Another time
Another time
Another time
Another time
Another time
Another time
Another time
Another time
Another time
Another time
Another time
Another time
Another time
Another time
Another time
Another time
Another time
Another time
Another time
Another time
Another time
Another time
Another time
Another time
Another time
Another time
Another time
Another time
Another time
Another time
Another time
Another time
Another time
Another time
Another time
Another time
Another time
Another time
Another time
Another time
Another time
Another time
Another time
Another time
Another time
Another time
Another time
Another time
Another time
Another time
Another time
Another time
Another time
Another time
Another time
Another time
Another time
Another time
Another time
Another time
Another time
Another time
Another time
Another time
Another time
Another time
Another time
Another time
Another time
Another time
Another time
Another time
Another time
Another time
Another time
Another time
Another time
Another time
Another time
Another time
Another time
Another time
Another time
Another time
Another time
Another time
Another time
Another time
Another time
Another time
Another time
Another time
Another time
Another time
Another time
Another time
Another time
Another time
Another time
Another time
Another time
Another time
Another time
Another time
Another time
Another time
Another time
Another time
Another time
Another time
Another time
Another time
Another time
Another time
Another time
Another time
Another time
Another time
Another time
Another time
Another time
Another time
Another time
Another time
Another time
Another time
Another time
Another time
Another time
Another time
Another time
Another time
Another time
Another time
Another time
Another time
Another time
Another time
Another time
Another time
Another time
Another time
Another time
Another time
Another time
Another time
Another time
Another time
Another time
Another time
Another time
Another time
Another time
Another time
Another time
Another time
Another time
Another time
Another time
Another time
Another time
Another time
Another time
Another time
Another time
Another time
Another time
Another time
Another time
Another time
Another time
Another time
Another time
Another time
Another time
Another time
Another time
Another time
Another time
Another time
Another time
Another time
Another time
Another time
Another time
Another time
Another time
Another time
Another time
Another time
Another time
Another time
Another time
Another time
Another time
Another time
Another time
Another time
Another time
Another time
Another time
Another time
Another time
Another time
Another time
Another time
Another time
Another time
Another time
Another time
Another time
Another time
Another time
Another time
Another time
Another time
Another time
Another time
Another time
Another time
Another time
Another time
Another time
Another time
Another time
Another time
Another time
Another time
Another time
Another time
Another time
Another time
Another time
Another time
Another time
Another time
Another time
Another time
Another time
Another time
Another time
Another time
Another time
Another time
Another time
Another time
Another time
Another time
Another time
Another time
Another time
Another time
Another time
Another time
Another time
Another time
Another time
Another time
Another time
Another time
Another time
Another time
Another time
Another time
Another time
Another time
Another time
Another time
Another time
Another time
Another time
Another time
Another time
Another time
Another time
Another time
Another time
Another time
Another time
Another time
Another time
Another time
Another time
Another time
Another time
Another time
Another time
Another time
Another time
Another time
Another time
Another time
Another time
Another time
Another time
Another time
Another time
Another time
Another time
Another time
Another time
Another time
Another time
Another time
Another time
Another time
Another time
Another time
Another time
Another time
Another time
Another time
Another time
Another time
Another time
Another time
Another time
Another time
Another time
Another time
Another time
Another time
Another time
Another time
Another time
Another time
Another time
Another time
Another time
Another time
Another time
Another time
Another time
Another time
Another time
Another time
Another time
Another time
Another time
Another time
Another time
Another time
Another time
Another time
Another time
Another time
Another time
Another time
Another time
Another time
Another time
Another time
Another time
Another time
Another time
Another time
Another time
Another time
Another time
Another time
Another time
Another time
Another time
Another time
Another time
Another time
Another time
Another time
Another time
Another time
Another time
Another time
Another time
Another time
Another time
Another time
Another time
Another time
Another time
Another time
Another time
Another time
Another time
Another time
Another time
Another time
Another time
Another time
Another time
Another time
Another time
Another time
Another time
Another time
Another time
Another time
Another time
Another time
Another time
Another time
Another time
Another time
Another time
Another time
Another time
Another time
Another time
Another time
Another time
Another time
Another time
Another time
Another time
Another time
Another time
Another time
Another time
Another time
Another time
Another time
Another time
Another time
Another time
Another time
Another time
Another time
Another time
Another time
Another time
Another time
Another time
Another time
Another time
Another time
Another time
Another time
Another time
Another time
Another time
Another time
Another time
Another time
Another time
Another time
Another time
Another time
Another time
Another time
Another time
Another time
Another time
Another time
Another time
Another time
Another time
Another time
Another time
Another time
Another time
Another time
Another time
Another time
Another time
Another time
Another time
Another time
Another time
Another time
Another time
Another time
Another time
Another time
Another time
Another time
Another time
Another time
Another time
Another time
Another time
Another time
Another time
Another time
Another time
Another time
Another time
Another time
Another time
Another time
Another time
Another time
Another time
Another time
Another time
Another time
Another time
Another time
Another time
Another time
Another time
Another time
Another time
Another time
Another time
Another time
Another time
Another time
Another time
Another time
Another time
Another time
Another time
Another time
Another time
Another time
Another time
Another time
Another time
Another time
Another time
Another time
Another time
Another time
Another time
Another time
Another time
Another time
Another time
Another time
Another time
Another time
Another time
Another time
Another time
Another time
Another time
Another time
Another time
Another time
Another time
Another time
Another time
Another time
Another time
Another time
Another time
Another time
Another time
Another time
Another time
Another time
Another time
Another time
Another time
Another time
Another time
Another time
Another time
Another time
Another time
Another time
Another time
Another time
Another time
Another time
Another time
Another time
Another time
Another time
Another time
Another time
Another time
Another time
Another time
Another time
Another time
Another time
Another time
Another time
Another time
Another time
Another time
Another time
Another time
Another time
Another time
Another time
Another time
Another time
Another time
Another time
Another time
Another time
Another time
Another time
Another time
Another time
Another time
Another time
Another time
Another time
Another time
Another time
Another time
Another time
Another time
Another time
Another time
Another time
Another time
Another time
Another time
Another time
Another time
Another time
Another time
Another time
Another time
Another time
Another time
Another time
Another time
Another time
Another time
Another time
Another time
Another time
Another time
Another time
Another time
Another time
Another time
Another time
Another time
Another time
Another time
Another time
Another time
Another time
Another time
Another time
Another time
Another time
Another time
Another time
Another time
Another time
Another time
Another time
Another time
Another time
Another time
Another time
Another time
Another time
Another time
Another time
Another time
Another time
Another time
Another time
Another time
Another time
Another time
Another time
Another time
Another time
Another time
Another time
Another time
Another time
Another time
Another time
Another time
Another time
Another time
Another time
Another time
Another time
Another time
Another time
Another time
Another time
Another time
Another time
Another time
Another time
Another time
Another time
Another time
Another time
Another time
Another time
Another time
Another time
Another time
Another time
Another time
Another time
Another time
Another time
Another time
Another time
Another time
Another time
Another time
Another time
Another time
Another time
Another time
Another time
Another time
Another time
Another time
Another time
Another time
Another time
Another time
Another time
Another time
Another time
Another time
Another time
Another time
Another time
Another time
Another time
Another time
Another time
Another time
Another time
Another time
Another time
Another time
Another time
Another time
Another time
Another time
Another time
Another time
Another time
Another time
Another time
Another time
Another time
Another time
Another time
Another time
Another time
Another time
Another time
Another time
Another time
Another time
Another time
Another time
Another time
Another time
Another time
Another time
Another time
Another time
Another time
Another time
Another time
Another time
Another time
Another time
Another time
Another time
Another time
Another time
Another time
Another time
Another time
Another time
Another time
Another time
Another time
Another time
Another time
Another time
Another time
Another time
Another time
Another time
Another time
Another time
Another time
Another time
Another time
Another time
Another time
Another time
Another time
Another time
Another time
Another time
Another time
Another time
Another time
Another time
Another time
Another time
Another time
Another time
Another time
Another time
Another time
Another time
Another time
Another time
Another time
Another time
Another time
Another time
Another time
Another time
Another time
Another time
Another time
Another time
Another time
Another time
Another time
Another time
Another time
Another time
Another time
Another time
Another time
Another time
Another time
Another time
Another time
Another time
Another time
Another time
Another time
Another time
Another time
Another time
Another time
Another time
Another time
Another time
Another time
Another time
Another time
Another time
Another time
Another time
Another time
Another time
Another time
Another time
Another time
Another time
Another time
Another time
Another time
Another time
Another time
Another time
Another time
Another time
Another time
Another time
Another time
Another time
Another time
Another time
Another time
Another time
Another time
Another time
Another time
Another time
Another time
Another time
Another time
Another time
Another time
Another time
Another time
Another time
Another time
Another time
Another time
Another time
Another time
Another time
Another time
Another time
Another time
Another time
Another time
Another time
Another time
Another time
Another time
Another time
Another time
Another time
Another time
Another time
Another time
Another time
Another time
Another time
Another time
Another time
Another time
Another time
Another time
Another time
Another time
Another time
Another time
Another time
Another time
Another time
Another time
Another time
Another time
Another time
Another time
Another time
Another time
Another time
Another time
Another time
Another time
Another time
Another time
Another time
Another time
Another time
Another time
Another time
Another time
Another time
Another time
Another time
Another time
Another time
Another time
Another time
Another time
Another time
Another time
Another time
Another time
Another time
Another time
Another time
Another time
Another time
Another time
Another time
Another time
Another time
Another time
Another time
Another time
Another time
Another time
Another time
Another time
Another time
Another time
Another time
Another time
Another time
Another time
Another time
Another time
Another time
Another time
Another time
Another time
Another time
Another time
Another time
Another time
Another time
Another time
Another time
Another time
Another time
Another time
Another time
Another time
Another time
Another time
Another time
Another time
Another time
Another time
Another time
Another time
Another time
Another time
Another time
Another time
Another time
Another time
Another time
Another time
Another time
Another time
Another time
Another time
Another time
Another time
Another time
Another time
Another time
Another time
Another time
Another time
Another time
Another time
Another time
Another time
Another time
Another time
Another time
Another time
Another time
Another time
Another time
Another time
Another time
Another time
Another time
Another time
Another time
Another time
Another time
Another time
Another time
Another time
Another time
Another time
Another time
Another time
Another time
Another time
Another time
Another time
Another time
Another time
Another time
Another time
Another time
Another time
Another time
Another time
Another time
Another time
Another time
Another time
Another time
Another time
Another time
Another time
Another time
Another time
Another time
Another time
Another time
Another time
Another time
Another time
Another time
Another time
Another time
Another time
Another time
Another time
Another time
Another time
Another time
Another time
Another time
Another time
Another time
Another time
Another time
Another time
Another time
Another time
Another time
Another time
Another time
Another time
Another time
Another time
Another time
Another time
Another time
Another time
Another time
Another time
Another time
Another time
Another time
Another time
Another time
Another time
Another time
Another time
Another time
Another time
Another time
Another time
Another time
Another time
Another time
Another time
Another time
Another time
Another time
Another time
Another time
Another time
Another time
Another time
Another time
Another time
Another time
Another time
Another time
Another time
Another time
Another time
Another time
Another time
Another time
Another time
Another time
Another time
Another time
Another time
Another time
Another time
Another time
Another time
Another time
Another time
Another time
Another time
Another time
Another time
Another time
Another time
Another time
Another time
Another time
Another time
Another time
Another time
Another time
Another time
Another time
Another time
Another time
Another time
Another time
Another time
Another time
Another time
Another time
Another time
Another time
Another time
Another time
Another time
Another time
Another time
Another time
Another time
Another time
Another time
Another time
Another time
Another time
Another time
Another time
Another time
Another time
Another time
Another time
Another time
Another time
Another time
Another time
Another time
Another time
Another time
Another time
Another time
Another time
Another time
Another time
Another time
Another time
Another time
Another time
Another time
Another time
Another time
Another time
Another time
Another time
Another time
Another time
Another time
Another time
Another time
Another time
Another time
Another time
Another time
Another time
Another time
Another time
Another time
Another time
Another time
Another time
Another time
Another time
Another time
Another time
Another time
Another time
Another time
Another time
Another time
Another time
Another time
Another time
Another time
Another time
Another time
Another time
Another time
Another time
Another time
Another time
Another time
Another time
Another time
Another time
Another time
Another time
Another time
Another time
Another time
Another time
Another time
Another time
Another time
Another time
Another time
Another time
Another time
Another time
Another time
Another time
Another time
Another time
Another time
Another time
Another time
Another time
Another time
Another time
Another time
Another time
Another time
Another time
Another time
Another time
Another time
Another time
Another time
Another time
Another time
Another time
Another time
Another time
Another time
Another time
Another time
Another time
Another time
Another time
Another time
Another time
Another time
Another time
Another time
Another time
Another time
Another time
Another time
Another time
Another time
Another time
Another time
Another time
Another time
Another time
Another time
Another time
Another time
Another time
Another time
Another time
Another time
Another time
Another time
Another time
Another time
Another time
Another time
Another time
Another time
Another time
Another time
Another time
Another time
Another time
Another time
Another time
Another time
Another time
Another time
Another time
Another time
Another time
Another time
Another time
Another time
Another time
Another time
Another time
Another time
Another time
Another time
Another time
Another time
Another time
Another time
Another time
Another time
Another time
Another time
Another time
Another time
Another time
Another time
Another time
Another time
Another time
Another time
Another time
Another time
Another time
Another time
Another time
Another time
Another time
Another time
Another time
Another time
Another time
Another time
Another time
Another time
Another time
Another time
Another time
Another time
Another time
Another time
Another time
Another time
Another time
Another time
Another time
Another time
Another time
Another time
Another time
Another time
Another time
Another time
Another time
Another time
Another time
Another time
Another time
Another time
Another time
Another time
Another time
Another time
Another time
Another time
Another time
Another time
Another time
Another time
Another time
Another time
Another time
Another time
Another time
Another time
Another time
Another time
Another time
Another time
Another time
Another time
Another time
Another time
Another time
Another time
Another time
Another time
Another time
Another time
Another time
Another time
Another time
Another time
Another time
Another time
Another time
Another time
Another time
Another time
Another time
Another time
Another time
Another time
Another time
Another time
Another time
Another time
Another time
Another time
Another time
Another time
Another time
Another time
Another time
Another time
Another time
Another time
Another time
Another time
Another time
Another time
Another time
Another time
Another time
Another time
Another time
Another time
Another time
Another time
Another time
Another time
Another time
Another time
Another time
Another time
Another time
Another time
Another time
Another time
Another time
Another time
Another time
Another time
Another time
Another time
Another time
Another time
Another time
Another time
Another time
Another time
Another time
Another time
Another time
Another time
Another time
Another time
Another time
Another time
Another time
Another time
Another time
Another time
Another time
Another time
Another time
Another time
Another time
Another time
Another time
Another time
Another time
Another time
Another time
Another time
Another time
Another time
Another time
Another time
Another time
Another time
Another time
Another time
Another time
Another time
Another time
Another time
Another time
Another time
Another time
Another time
Another time
Another time
Another time
Another time
Another time
Another time
Another time
Another time
Another time
Another time
Another time
Another time
Another time
Another time
Another time
Another time
Another time
Another time
Another time
Another time
Another time
Another time
Another time
Another time
Another time
Another time
Another time
Another time
Another time
Another time
Another time
Another time
Another time
Another time
Another time
Another time
Another time
Another time
Another time
Another time
Another time
Another time
Another time
Another time
Another time
Another time
Another time
Another time
Another time
Another time
Another time
Another time
Another time
Another time
Another time
Another time
Another time
Another time
Another time
Another time
Another time
Another time
Another time
Another time
Another time
Another time
Another time
Another time
Another time
Another time
Another time
Another time
Another time
Another time
Another time
Another time
Another time
Another time
Another time
Another time
Another time
Another time
Another time
Another time
Another time
Another time
Another time
Another time
Another time
Another time
Another time
Another time
Another time
Another time
Another time
Another time
Another time
Another time
Another time
Another time
Another time
Another time
Another time
Another time
Another time
Another time
Another time
Another time
Another time
Another time
Another time
Another time
Another time
Another time
Another time
Another time
Another time
Another time
Another time
Another time
Another time
Another time
Another time
Another time
Another time
Another time
Another time
Another time
Another time
Another time
Another time
Another time
Another time
Another time
Another time
Another time
Another time
Another time
Another time
Another time
Another time
Another time
Another time
Another time
Another time
Another time
Another time
Another time
Another time
Another time
Another time
Another time
Another time
Another time
Another time
Another time
Another time
Another time
Another time
Another time
Another time
Another time
Another time
Another time
Another time
Another time
Another time
Another time
Another time
Another time
Another time
Another time
Another time
Another time
Another time
Another time
Another time
Another time
Another time
Another time
Another time
Another time
Another time
Another time
Another time
Another time
Another time
Another time
Another time
Another time
Another time
Another time
Another time
Another time
Another time
Another time
Another time
Another time
Another time
Another time
Another time
Another time
Another time
Another time
Another time
Another time
Another time
Another time
Another time
Another time
Another time
Another time
Another time
Another time
Another time
Another time
Another time
Another time
Another time
Another time
Another time
Another time
Another time
Another time
Another time
Another time
Another time
Another time
Another time
Another time
Another time
Another time
Another time
Another time
Another time
Another time
Another time
Another time
Another time
Another time
Another time
Another time
Another time
Another time
Another time
Another time
Another time
Another time
Another time
Another time
Another time
Another time
Another time
Another time
Another time
Another time
Another time
Another time
Another time
Another time
Another time
Another time
Another time
Another time
Another time
Another time
Another time
Another time
Another time
Another time
Another time
Another time
Another time
Another time
Another time
Another time
Another time
Another time
Another time
Another time
Another time
Another time
Another time
Another time
Another time
Another time
Another time
Another time
Another time
Another time
Another time
Another time
Another time
Another time
Another time
Another time
Another time
Another time
Another time
Another time
Another time
Another time
Another time
Another time
Another time
Another time
Another time
Another time
Another time
Another time
Another time
Another time
Another time
Another time
Another time
Another time
Another time
Another time
Another time
Another time
Another time
Another time
Another time
Another time
Another time
Another time
Another time
Another time
Another time
Another time
Another time
Another time
Another time
Another time
Another time
Another time
Another time
Another time
Another time
Another time
Another time
Another time
Another time
Another time
Another time
Another time
Another time
Another time
Another time
Another time
Another time
Another time
Another time
Another time
Another time
Another time
Another time
Another time
Another time
Another time
Another time
Another time
Another time
Another time
Another time
Another time
Another time
Another time
Another time
Another time
Another time
Another time
Another time
Another time
Another time
Another time
Another time
Another time
Another time
Another time
Another time
Another time
Another time
Another time
Another time
Another time
Another time
Another time
Another time
Another time
Another time
Another time
Another time
Another time
Another time
Another time
Another time
Another time
Another time
Another time
Another time
Another time
Another time
Another time
Another time
Another time
Another time
Another time
Another time
Another time
Another time
Another time
Another time
Another time
Another time
Another time
Another time
Another time
Another time
Another time
Another time
Another time
Another time
Another time
Another time
Another time
Another time
Another time
Another time
Another time
Another time
Another time
Another time
Another time
Another time
Another time
Another time
Another time
Another time
Another time
Another time
Another time
Another time
Another time
Another time
Another time
Another time
Another time
Another time
Another time
Another time
Another time
Another time
Another time
Another time
Another time
Another time
Another time
Another time
Another time
Another time
Another time
Another time
Another time
Another time
Another time
Another time
Another time
Another time
Another time
Another time
Another time
Another time
Another time
Another time
Another time
Another time
Another time
Another time
Another time
Another time
Another time
Another time
Another time
Another time
Another time
Another time
Another time
Another time
Another time
Another time
Another time
Another time
Another time
Another time
Another time
Another time
Another time
Another time
Another time
Another time
Another time
Another time
Another time
Another time
Another time
Another time
Another time
Another time
Another time
Another time
Another time
Another time
Another time
Another time
Another time
Another time
Another time
Another time
Another time
Another time
Another time
Another time
Another time
Another time
Another time
Another time
Another time
Another time
Another time
Another time
Another time
Another time
Another time
Another time
Another time
Another time
Another time
Another time
Another time
Another time
Another time
Another time
Another time
Another time
Another time
Another time
Another time
Another time
Another time
Another time
Another time
Another time
Another time
Another time
Another time
Another time
Another time
Another time
Another time
Another time
Another time
Another time
Another time
Another time
Another time
Another time
Another time
Another time
Another time
Another time
Another time
Another time
Another time
Another time
Another time
Another time
Another time
Another time
Another time
Another time
Another time
Another time
Another time
Another time
Another time
Another time
Another time
Another time
Another time
Another time
Another time
Another time
Another time
Another time
Another time
Another time
Another time
Another time
Another time
Another time
Another time
Another time
Another time
Another time
Another time
Another time
Another time
Another time
Another time
Another time
Another time
Another time
Another time
Another time
Another time
Another time
Another time
Another time
Another time
Another time
Another time
Another time
Another time
Another time
Another time
Another time
Another time
Another time
Another time
Another time
Another time
Another time
Another time
Another time
Another time
Another time
Another time
Another time
Another time
Another time
Another time
Another time
Another time
Another time
Another time
Another time
Another time
Another time
Another time
Another time
Another time
Another time
Another time
Another time
Another time
Another time
Another time
Another time
Another time
Another time
Another time
Another time
Another time
Another time
Another time
Another time
Another time
Another time
Another time
Another time
Another time
Another time
Another time
Another time
Another time
Another time
Another time
Another time
Another time
Another time
Another time
Another time
Another time
Another time
Another time
Another time
Another time
Another time
Another time
Another time
Another time
Another time
Another time
Another time
Another time
Another time
Another time
Another time
Another time
Another time
Another time
Another time
Another time
Another time
Another time
Another time
Another time
Another time
Another time
Another time
Another time
Another time
Another time
Another time
Another time
Another time
Another time
Another time
Another time
Another time
Another time
Another time
Another time
Another time
Another time
Another time
Another time
Another time
Another time
Another time
Another time
Another time
Another time
Another time
Another time
Another time
Another time
Another time
Another time
Another time
Another time
Another time
Another time
Another time
Another time
Another time
Another time
Another time
Another time
Another time
Another time
Another time
Another time
Another time
Another time
Another time
Another time
Another time
Another time
Another time
Another time
Another time
Another time
Another time
Another time
Another time
Another time
Another time
Another time
Another time
Another time
Another time
Another time
Another time
Another time
Another time
Another time
Another time
Another time
Another time
Another time
Another time
Another time
Another time
Another time
Another time
Another time
Another time
Another time
Another time
Another time
Another time
Another time
Another time
Another time
Another time
Another time
Another time
Another time
Another time
Another time
Another time
Another time
Another time
Another time
Another time
Another time
Another time
Another time
Another time
Another time
Another time
Another time
Another time
Another time
Another time
Another time
Another time
Another time
Another time
Another time
Another time
Another time
Another time
Another time
Another time
Another time
Another time
Another time
Another time
Another time
Another time
Another time
Another time
Another time
Another time
Another time
Another time
Another time
Another time
Another time
Another time
Another time
Another time
Another time
Another time
Another time
Another time
Another time
Another time
Another time
Another time
Another time
Another time
Another time
Another time
Another time
Another time
Another time
Another time
Another time
Another time
Another time
Another time
Another time
Another time
Another time
Another time
Another time
Another time
Another time
Another time
Another time
Another time
Another time
Another time
Another time
Another time
Another time
Another time
Another time
Another time
Another time
Another time
Another time
Another time
Another time
Another time
Another time
Another time
Another time
Another time
Another time
Another time
Another time
Another time
Another time
Another time
Another time
Another time
Another time
Another time
Another time
Another time
Another time
Another time
Another time
Another time
Another time
Another time
Another time
Another time
Another time
Another time
Another time
Another time
Another time
Another time
Another time
Another time
Another time
Another time
Another time
Another time
Another time
Another time
Another time
Another time
Another time
Another time
Another time
Another time
Another time
Another time
Another time
Another time
Another time
Another time
Another time
Another time
Another time
Another time
Another time
Another time
Another time
Another time
Another time
Another time
Another time
Another time
Another time
Another time
Another time
Another time
Another time
Another time
Another time
Another time
Another time
Another time
Another time
Another time
Another time
Another time
Another time
Another time
Another time
Another time
Another time
Another time
Another time
Another time
Another time
Another time
Another time
Another time
Another time
Another time
Another time
Another time
Another time
Another time
Another time
Another time
Another time
Another time
Another time
Another time
Another time
Another time
Another time
Another time
Another time
Another time
Another time
Another time
Another time
Another time
Another time
Another time
Another time
Another time
Another time
Another time
Another time
Another time
Another time
Another time
Another time
Another time
Another time
Another time
Another time
Another time
Another time
Another time
Another time
Another time
Another time
Another time
Another time
Another time
Another time
Another time
Another time
Another time
Another time
Another time
Another time
Another time
Another time
Another time
Another time
Another time
Another time
Another time
Another time
Another time
Another time
Another time
Another time
Another time
Another time
Another time
Another time
Another time
Another time
Another time
Another time
Another time
Another time
Another time
Another time
Another time
Another time
Another time
Another time
Another time
Another time
Another time
Another time
Another time
Another time
Another time
Another time
Another time
Another time
Another time
Another time
Another time
Another time
Another time
Another time
Another time
Another time
Another time
Another time
Another time
Another time
Another time
Another time
Another time
Another time
Another time
Another time
Another time
Another time
Another time
Another time
Another time
Another time
Another time
Another time
Another time
Another time
Another time
Another time
Another time
Another time
Another time
Another time
Another time
Another time
Another time
Another time
Another time
Another time
Another time
Another time
Another time
Another time
Another time
Another time
Another time
Another time
Another time
Another time
Another time
Another time
Another time
Another time
Another time
Another time
Another time
Another time
Another time
Another time
Another time
Another time
Another time
Another time
Another time
Another time
Another time
Another time
Another time
Another time
Another time
Another time
Another time
Another time
Another time
Another time
Another time
Another time
Another time
Another time
Another time
Another time
Another time
Another time
Another time
Another time
Another time
Another time
Another time
Another time
Another time
Another time
Another time
Another time
Another time
Another time
Another time
Another time
Another time
Another time
Another time
Another time
Another time
Another time
Another time
Another time
Another time
Another time
Another time
Another time
Another time
Another time
Another time
Another time
Another time
Another time
Another time
Another time
Another time
Another time
Another time
Another time
Another time
Another time
Another time
Another time
Another time
Another time
Another time
Another time
Another time
Another time
Another time
Another time
Another time
Another time
Another time
Another time
Another time
Another time
Another time
Another time
Another time
Another time
Another time
Another time
Another time
Another time
Another time
Another time
Another time
Another time
Another time
Another time
Another time
Another time
Another time
Another time
Another time
Another time
Another time
Another time
Another time
Another time
Another time
Another time
Another time
Another time
Another time
Another time
Another time
Another time
Another time
Another time
Another time
Another time
Another time
Another time
Another time
Another time
Another time
Another time
Another time
Another time
Another time
Another time
Another time
Another time
Another time
Another time
Another time
Another time
Another time
Another time
Another time
Another time
Another time
Another time
Another time
Another time
Another time
Another time
Another time
Another time
Another time
Another time
Another time
Another time
Another time
Another time
Another time
Another time
Another time
Another time
Another time
Another time
Another time
Another time
Another time
Another time
Another time
Another time
Another time
Another time
Another time
Another time
Another time
Another time
Another time
Another time
Another time
Another time
Another time
Another time
Another time
Another time
Another time
Another time
Another time
Another time
Another time
Another time
Another time
Another time
Another time
Another time
Another time
Another time
Another time
Another time
Another time
Another time
Another time
Another time
Another time
Another time
Another time
Another time
Another time
Another time
Another time
Another time
Another time
Another time
Another time
Another time
Another time
Another time
Another time
Another time
Another time
Another time
Another time
Another time
Another time
Another time
Another time
Another time
Another time
Another time
Another time
Another time
Another time
Another time
Another time
Another time
Another time
Another time
Another time
Another time
Another time
Another time
Another time
Another time
Another time
Another time
Another time
Another time
Another time
Another time
Another time
Another time
Another time
Another time
Another time
Another time
Another time
Another time
Another time
Another time
Another time
Another time
Another time
Another time
Another time
Another time
Another time
Another time
Another time
Another time
Another time
Another time
Another time
Another time
Another time
Another time
Another time
Another time
Another time
Another time
Another time
Another time
Another time
Another time
Another time
Another time
Another time
Another time
Another time
Another time
Another time
Another time
Another time
Another time
Another time
Another time
Another time
Another time
Another time
Another time
Another time
Another time
Another time
Another time
Another time
Another time
Another time
Another time
Another time
Another time
Another time
Another time
Another time
Another time
Another time
Another time
Another time
Another time
Another time
Another time
Another time
Another time
Another time
Another time
Another time
Another time
Another time
Another time
Another time
Another time
Another time
Another time
Another time
Another time
Another time
Another time
Another time
Another time
Another time
Another time
Another time
Another time
Another time
Another time
Another time
Another time
Another time
Another time
Another time
Another time
Another time
Another time
Another time
Another time
Another time
Another time
Another time
Another time
Another time
Another time
Another time
Another time
Another time
Another time
Another time
Another time
Another time
Another time
Another time
Another time
Another time
Another time
Another time
Another time
Another time
Another time
Another time
Another time
Another time
Another time
Another time
Another time
Another time
Another time
Another time
Another time
Another time
Another time
Another time
Another time
Another time
Another time
Another time
Another time
Another time
Another time
Another time
Another time
Another time
Another time
Another time
Another time
Another time
Another time
Another time
Another time
Another time
Another time
Another time
Another time
Another time
Another time
Another time
Another time
Another time
Another time
Another time
Another time
Another time
Another time
Another time
Another time
Another time
Another time
Another time
Another time
Another time
Another time
Another time
Another time
Another time
Another time
Another time
Another time
Another time
Another time
Another time
Another time
Another time
Another time
Another time
Another time
Another time
Another time
Another time
Another time
Another time
Another time
Another time
Another time
Another time
Another time
Another time
Another time
Another time
Another time
Another time
Another time
Another time
Another time
Another time
Another time
Another time
Another time
Another time
Another time
Another time
Another time
Another time
Another time
Another time
Another time
Another time
Another time
Another time
Another time
Another time
Another time
Another time
Another time
Another time
Another time
Another time
Another time
Another time
Another time
Another time
Another time
Another time
Another time
Another time
Another time
Another time
Another time
Another time
Another time
Another time
Another time
Another time
Another time
Another time
Another time
Another time
Another time
Another time
Another time
Another time
Another time
Another time
Another time
Another time
Another time
Another time
Another time
Another time
Another time
Another time
Another time
Another time
Another time
Another time
Another time
Another time
Another time
Another time
Another time
Another time
Another time
Another time
Another time
Another time
Another time
Another time
Another time
Another time
Another time
Another time
Another time
Another time
Another time
Another time
Another time
Another time
Another time
Another time
Another time
Another time
Another time
Another time
Another time
Another time
Another time
Another time
Another time
Another time
Another time
Another time
Another time
Another time
Another time
Another time
Another time
Another time
Another time
Another time
Another time
Another time
Another time
Another time
Another time
Another time
Another time
Another time
Another time
Another time
Another time
Another time
Another time
Another time
Another time
Another time
Another time
Another time
Another time
Another time
Another time
Another time
Another time
Another time
Another time
Another time
Another time
Another time
Another time
Another time
Another time
Another time
Another time
Another time
Another time
Another time
Another time
Another time
Another time
Another time
Another time
Another time
Another time
Another time
Another time
Another time
Another time
Another time
Another time
Another time
Another time
Another time
Another time
Another time
Another time
Another time
Another time
Another time
Another time
Another time
Another time
Another time
Another time
Another time
Another time
Another time
Another time
Another time
Another time
Another time
Another time
Another time
Another time
Another time
Another time
Another time
Another time
Another time
Another time
Another time
Another time
Another time
Another time
Another time
Another time
Another time
Another time
Another time
Another time
Another time
Another time
Another time
Another time
Another time
Another time
Another time
Another time
Another time
Another time
Another time
Another time
Another time
Another time
Another time
Another time
Another time
Another time
Another time
Another time
Another time
Another time
Another time
Another time
Another time
Another time
Another time
Another time
Another time
Another time
Another time
Another time
Another time
Another time
Another time
Another time
Another time
Another time
Another time
Another time
Another time
Another time
Another time
Another time
Another time
Another time
Another time
Another time
Another time
Another time
Another time
Another time
Another time
Another time
Another time
Another time
Another time
Another time
Another time
Another time
Another time
Another time
Another time
Another time
Another time
Another time
Another time
Another time
Another time
Another time
Another time
Another time
Another time
Another time
Another time
Another time
Another time
Another time
Another time
Another time
Another time
Another time
Another time
Another time
Another time
Another time
Another time
Another time
Another time
Another time
Another time
Another time
Another time
Another time
Another time
Another time
Another time
Another time
Another time
Another time
Another time
Another time
Another time
Another time
Another time
Another time
Another time
Another time
Another time
Another time
Another time
Another time
Another time
Another time
Another time
Another time
Another time
Another time
Another time
Another time
Another time
Another time
Another time
Another time
Another time
Another time
Another time
Another time
Another time
Another time
Another time
Another time
Another time
Another time
Another time
Another time
Another time
Another time
Another time
Another time
Another time
Another time
Another time
Another time
Another time
Another time
Another time
Another time
Another time
Another time
Another time
Another time
Another time
Another time
Another time
Another time
Another time
Another time
Another time
Another time
Another time
Another time
Another time
Another time
Another time
Another time
Another time
Another time
Another time
Another time
Another time
Another time
Another time
Another time
Another time
Another time
Another time
Another time
Another time
Another time
Another time
Another time
Another time
Another time
Another time
Another time
Another time
Another time
Another time
Another time
Another time
Another time
Another time
Another time
Another time
Another time
Another time
Another time
Another time
Another time
Another time
Another time
Another time
Another time
Another time
Another time
Another time
Another time
Another time
Another time
Another time
Another time
Another time
Another time
Another time
Another time
Another time
Another time
Another time
Another time
Another time
Another time
Another time
Another time
Another time
Another time
Another time
Another time
Another time
Another time
Another time
Another time
Another time
Another time
Another time
Another time
Another time
Another time
Another time
Another time
Another time
Another time
Another time
Another time
Another time
Another time
Another time
Another time
Another time
Another time
Another time
Another time
Another time
Another time
Another time
Another time
Another time
Another time
Another time
Another time
Another time
Another time
Another time
Another time
Another time
Another time
Another time
Another time
Another time
Another time
Another time
Another time
Another time
Another time
Another time
Another time
Another time
Another time
Another time
Another time
Another time
Another time
Another time
Another time
Another time
Another time
Another time
Another time
Another time
Another time
Another time
Another time
Another time
Another time
Another time
Another time
Another time
Another time
Another time
Another time
Another time
Another time
Another time
Another time
Another time
Another time
Another time
Another time
Another time
Another time
Another time
Another time
Another time
Another time
Another time
Another time
Another time
Another time
Another time
Another time
Another time
Another time
Another time
Another time
Another time
Another time
Another time
Another time
Another time
Another time
Another time
Another time
Another time
Another time
Another time
Another time
Another time
Another time
Another time
Another time
Another time
Another time
Another time
Another time
Another time
Another time
Another time
Another time
Another time
Another time
Another time
Another time
Another time
Another time
Another time
Another time
Another time
Another time
Another time
Another time
Another time
Another time
Another time
Another time
Another time
Another time
Another time
Another time
Another time
Another time
Another time
Another time
Another time
Another time
Another time
Another time
Another time
Another time
Another time
Another time
Another time
Another time
Another time
Another time
Another time
Another time
Another time
Another time
Another time
Another time
Another time
Another time
Another time
Another time
Another time
Another time
Another time
Another time
Another time
Another time
Another time
Another time
Another time
Another time
Another time
Another time
Another time
Another time
Another time
Another time
Another time
Another time
Another time
Another time
Another time
Another time
Another time
Another time
Another time
Another time
Another time
Another time
Another time
Another time
Another time
Another time
Another time
Another time
Another time
Another time
Another time
Another time
Another time
Another time
Another time
Another time
Another time
Another time
Another time
Another time
Another time
Another time
Another time
Another time
Another time
Another time
Another time
Another time
Another time
Another time
Another time
Another time
Another time
Another time
Another time
Another time
Another time
Another time
Another time
Another time
Another time
Another time
Another time
Another time
Another time
Another time
Another time
Another time
Another time
Another time
Another time
Another time
Another time
Another time
Another time
Another time
Another time
Another time
Another time
Another time
Another time
Another time
Another time
Another time
Another time
Another time
Another time
Another time
Another time
Another time
Another time
Another time
Another time
Another time
Another time
Another time
Another time
Another time
Another time
Another time
Another time
Another time
Another time
Another time
Another time
Another time
Another time
Another time
Another time
Another time
Another time
Another time
Another time
Another time
Another time
Another time
Another time
Another time
Another time
Another time
Another time
Another time
Another time
Another time
Another time
Another time
Another time
Another time
Another time
Another time
Another time
Another time
Another time
Another time
Another time
Another time
Another time
Another time
Another time
Another time
Another time
Another time
Another time
Another time
Another time
Another time
Another time
Another time
Another time
Another time
Another time
Another time
Another time
Another time
Another time
Another time
Another time
Another time
Another time
Another time
Another time
Another time
Another time
Another time
Another time
Another time
Another time
Another time
Another time
Another time
Another time
Another time
Another time
Another time
Another time
Another time
Another time
Another time
Another time
Another time
Another time
Another time
Another time
Another time
Another time
Another time
Another time
Another time
Another time
Another time
Another time
Another time
Another time
Another time
Another time
Another time
Another time
Another time
Another time
Another time
Another time
Another time
Another time
Another time
Another time
Another time
Another time
Another time
Another time
Another time
Another time
Another time
Another time
Another time
Another time
Another time
Another time
Another time
Another time
Another time
Another time
Another time
Another time
Another time
Another time
Another time
Another time
Another time
Another time
Another time
Another time
Another time
Another time
Another time
Another time
Another time
Another time
Another time
Another time
Another time
Another time
Another time
Another time
Another time
Another time
Another time
Another time
Another time
Another time
Another time
Another time
Another time
Another time
Another time
Another time
Another time
Another time
Another time
Another time
Another time
Another time
Another time
Another time
Another time
Another time
Another time
Another time
Another time
Another time
Another time
Another time
Another time
Another time
Another time
Another time
Another time
Another time
Another time
Another time
Another time
Another time
Another time
Another time
Another time
Another time
Another time
Another time
Another time
Another time
Another time
Another time
Another time
Another time
Another time
Another time
Another time
Another time
Another time
Another time
Another time
Another time
Another time
Another time
Another time
Another time
Another time
Another time
Another time
Another time
Another time
Another time
Another time
Another time
Another time
Another time
Another time
Another time
Another time
Another time
Another time
Another time
Another time
Another time
Another time
Another time
Another time
Another time
Another time
Another time
Another time
Another time
Another time
Another time
Another time
Another time
Another time
Another time
Another time
Another time
Another time
Another time
Another time
Another time
Another time
Another time
Another time
Another time
Another time
Another time
Another time
Another time
Another time
Another time
Another time
Another time
Another time
Another time
Another time
Another time
Another time
Another time
Another time
Another time
Another time
Another time
Another time
Another time
Another time
Another time
Another time
Another time
Another time
Another time
Another time
Another time
Another time
Another time
Another time
Another time
Another time
Another time
Another time
Another time
Another time
Another time
Another time
Another time
Another time
Another time
Another time
Another time
Another time
Another time
Another time
Another time
Another time
Another time
Another time
Another time
Another time
Another time
Another time
Another time
Another time
Another time
Another time
Another time
Another time
Another time
Another time
Another time
Another time
Another time
Another time
Another time
Another time
Another time
Another time
Another time
Another time
Another time
Another time
Another time
Another time
Another time
Another time
Another time
Another time
Another time
Another time
Another time
Another time
Another time
Another time
Another time
Another time
Another time
Another time
Another time
Another time
Another time
Another time
Another time
Another time
Another time
Another time
Another time
Another time
Another time
Another time
Another time
Another time
Another time
Another time
Another time
Another time
Another time
Another time
Another time
Another time
Another time
Another time
Another time
Another time
Another time
Another time
Another time
Another time
Another time
Another time
Another time
Another time
Another time
Another time
Another time
Another time
Another time
Another time
Another time
Another time
Another time
Another time
Another time
Another time
Another time
Another time
Another time
Another time
Another time
Another time
Another time
Another time
Another time
Another time
Another time
Another time
Another time
Another time
Another time
Another time
Another time
Another time
Another time
Another time
Another time
Another time
Another time
Another time
Another time
Another time
Another time
Another time
Another time
Another time
Another time
Another time
Another time
Another time
Another time
Another time
Another time
Another time
Another time
Another time
Another time
Another time
Another time
Another time
Another time
Another time
Another time
Another time
Another time
Another time
Another time
Another time
Another time
Another time
Another time
Another time
Another time
Another time
Another time
Another time
Another time
Another time
Another time
Another time
Another time
Another time
Another time
Another time
Another time
Another time
Another time
Another time
Another time
Another time
Another time
Another time
Another time
Another time
Another time
Another time
Another time
Another time
Another time
Another time
Another time
Another time
Another time
Another time
Another time
Another time
Another time
Another time
Another time
Another time
Another time
Another time
Another time
Another time
Another time
Another time
Another time
Another time
Another time
Another time
Another time
Another time
Another time
Another time
Another time
Another time
Another time
Another time
Another time
Another time
Another time
Another time
Another time
Another time
Another time
Another time
Another time
Another time
Another time
Another time
Another time
Another time
Another time
Another time
Another time
Another time
Another time
Another time
Another time
Another time
Another time
Another time
Another time
Another time
Another time
Another time
Another time
Another time
Another time
Another time
Another time
Another time
Another time
Another time
Another time
Another time
Another time
Another time
Another time
Another time
Another time
Another time
Another time
Another time
Another time
Another time
Another time
Another time
Another time
Another time
Another time
Another time
Another time
Another time
Another time
Another time
Another time
Another time
Another time
Another time
Another time
Another time
Another time
Another time
Another time
Another time
Another time
Another time
Another time
Another time
Another time
Another time
Another time
Another time
Another time
Another time
Another time
Another time
Another time
Another time
Another time
Another time
Another time
Another time
Another time
Another time
Another time
Another time
Another time
Another time
Another time
Another time
Another time
Another time
Another time
Another time
Another time
Another time
Another time
Another time
Another time
Another time
Another time
Another time
Another time
Another time
Another time
Another time
Another time
Another time
Another time
Another time
Another time
Another time
Another time
Another time
Another time
Another time
Another time
Another time
Another time
Another time
Another time
Another time
Another time
Another time
Another time
Another time
Another time
Another time
Another time
Another time
Another time
Another time
Another time
Another time
Another time
Another time
Another time
Another time
Another time
Another time
Another time
Another time
Another time
Another time
Another time
Another time
Another time
Another time
Another time
Another time
Another time
Another time
Another time
Another time
Another time
Another time
Another time
Another time
Another time
Another time
Another time
Another time
Another time
Another time
Another time
Another time
Another time
Another time
Another time
Another time
Another time
Another time
Another time
Another time
Another time
Another time
Another time
Another time
Another time
Another time
Another time
Another time
Another time
Another time
Another time
Another time
Another time
Another time
Another time
Another time
Another time
Another time
Another time
Another time
Another time
Another time
Another time
Another time
Another time
Another time
Another time
Another time
Another time
Another time
Another time
Another time
Another time
Another time
Another time
Another time
Another time
Another time
Another time
Another time
Another time
Another time
Another time
Another time
Another time
Another time
Another time
Another time
Another time
Another time
Another time
Another time
Another time
Another time
Another time
Another time
Another time
Another time
Another time
Another time
Another time
Another time
Another time
Another time
Another time
Another time
Another time
Another time
Another time
Another time
Another time
Another time
Another time
Another time
Another time
Another time
Another time
Another time
Another time
Another time
Another time
Another time
Another time
Another time
Another time
Another time
Another time
Another time
Another time
Another time
Another time
Another time
Another time
Another time
Another time
Another time
Another time
Another time
Another time
Another time
Another time
Another time
Another time
Another time
Another time
Another time
Another time
Another time
Another time
Another time
Another time
Another time
Another time
Another time
Another time
Another time
Another time
Another time
Another time
Another time
Another time
Another time
Another time
Another time
Another time
Another time
Another time
Another time
Another time
Another time
Another time
Another time
Another time
Another time
Another time
Another time
Another time
Another time
Another time
Another time
Another time
Another time
Another time
Another time
Another time
Another time
Another time
Another time
Another time
Another time
Another time
Another time
Another time
Another time
Another time
Another time
Another time
Another time
Another time
Another time
Another time
Another time
Another time
Another time
Another time
Another time
Another time
Another time
Another time
Another time
Another time
Another time
Another time
Another time
Another time
Another time
Another time
Another time
Another time
Another time
Another time
Another time
Another time
Another time
Another time
Another time
Another time
Another time
Another time
Another time
Another time
Another time
Another time
Another time
Another time
Another time
Another time
Another time
Another time
Another time
Another time
Another time
Another time
Another time
Another time
Another time
Another time
Another time
Another time
Another time
Another time
Another time
Another time
Another time
Another time
Another time
Another time
Another time
Another time
Another time
Another time
Another time
Another time
Another time
Another time
Another time
Another time
Another time
Another time
Another time
Another time
Another time
Another time
Another time
Another time
Another time
Another time
Another time
Another time
Another time
Another time
Another time
Another time
Another time
Another time
Another time
Another time
Another time
Another time
Another time
Another time
Another time
Another time
Another time
Another time
Another time
Another time
Another time
Another time
Another time
Another time
Another time
Another time
Another time
Another time
Another time
Another time
Another time
Another time
Another time
Another time
Another time
Another time
Another time
Another time
Another time
Another time
Another time
Another time
Another time
Another time
Another time
Another time
Another time
Another time
Another time
Another time
Another time
Another time
Another time
Another time
Another time
Another time
Another time
Another time
Another time
Another time
Another time
Another time
Another time
Another time
Another time
Another time
Another time
Another time
Another time
Another time
Another time
Another time
Another time
Another time
Another time
Another time
Another time
Another time
Another time
Another time
Another time
Another time
Another time
Another time
Another time
Another time
Another time
Another time
Another time
Another time
Another time
Another time
Another time
Another time
Another time
Another time
Another time
Another time
Another time
Another time
Another time
Another time
Another time
Another time
Another time
Another time
Another time
Another time
Another time
Another time
Another time
Another time
Another time
Another time
Another time
Another time
Another time
Another time
Another time
Another time
Another time
Another time
Another time
Another time
Another time
Another time
Another time
Another time
Another time
Another time
Another time
Another time
Another time
Another time
Another time
Another time
Another time
Another time
Another time
Another time
Another time
Another time
Another time
Another time
Another time
Another time
Another time
Another time
Another time
Another time
Another time
Another time
Another time
Another time
Another time
Another time
Another time
Another time
Another time
Another time
Another time
Another time
Another time
Another time
Another time
Another time
Another time
Another time
Another time
Another time
Another time
Another time
Another time
Another time
Another time
Another time
Another time
Another time
Another time
Another time
Another time
Another time
Another time
Another time
Another time
Another time
Another time
Another time
Another time
Another time
Another time
Another time
Another time
Another time
Another time
Another time
Another time
Another time
Another time
Another time
Another time
Another time
Another time
Another time
Another time
Another time
Another time
Another time
Another time
Another time
Another time
Another time
Another time
Another time
Another time
Another time
Another time
Another time
Another time
Another time
Another time
Another time
Another time
Another time
Another time
Another time
Another time
Another time
Another time
Another time
Another time
Another time
Another time
Another time
Another time
Another time
Another time
Another time
Another time
Another time
Another time
Another time
Another time
Another time
Another time
Another time
Another time
Another time
Another time
Another time
Another time
Another time
Another time
Another time
Another time
Another time
Another time
Another time
Another time
Another time
Another time
Another time
Another time
Another time
Another time
Another time
Another time
Another time
Another time
Another time
Another time
Another time
Another time
Another time
Another time
Another time
Another time
Another time
Another time
Another time
Another time
Another time
Another time
Another time
Another time
Another time
Another time
Another time
Another time
Another time
Another time
Another time
Another time
Another time
Another time
Another time
Another time
Another time
Another time
Another time
Another time
Another time
Another time
Another time
Another time
Another time
Another time
Another time
Another time
Another time
Another time
Another time
Another time
Another time
Another time
Another time
Another time
Another time
Another time
Another time
Another time
Another time
Another time
Another time
Another time
Another time
Another time
Another time
Another time
Another time
Another time
Another time
Another time
Another time
Another time
Another time
Another time
Another time
Another time
Another time
Another time
Another time
Another time
Another time
Another time
Another time
Another time
Another time
Another time
Another time
Another time
Another time
Another time
Another time
Another time
Another time
Another time
Another time
Another time
Another time
Another time
Another time
Another time
Another time
Another time
Another time
Another time
Another time
Another time
Another time
Another time
Another time
Another time
Another time
Another time
Another time
Another time
Another time
Another time
Another time
Another time
Another time
Another time
Another time
Another time
Another time
Another time
Another time
Another time
Another time
Another time
Another time
Another time
Another time
Another time
Another time
Another time
Another time
Another time
Another time
Another time
Another time
Another time
Another time
Another time
Another time
Another time
Another time
Another time
Another time
Another time
Another time
Another time
Another time
Another time
Another time
Another time
Another time
Another time
Another time
Another time
Another time
Another time
Another time
Another time
Another time
Another time
Another time
Another time
Another time
Another time
Another time
Another time
Another time
Another time
Another time
Another time
Another time
Another time
Another time
Another time
Another time
Another time
Another time
Another time
Another time
Another time
Another time
Another time
Another time
Another time
Another time
Another time
Another time
Another time
Another time
Another time
Another time
Another time
Another time
Another time
Another time
Another time
Another time
Another time
Another time
Another time
Another time
Another time
Another time
Another time
Another time
Another time
Another time
Another time
Another time
Another time
Another time
Another time
Another time
Another time
Another time
Another time
Another time
Another time
Another time
Another time
Another time
Another time
Another time
Another time
Another time
Another time
Another time
Another time
Another time
Another time
Another time
Another time
Another time
Another time
Another time
Another time
Another time
Another time
Another time
Another time
Another time
Another time
Another time
Another time
Another time
Another time
Another time
Another time
Another time
Another time
Another time
Another time
Another time
Another time
Another time
Another time
Another time
Another time
Another time
Another time
Another time
Another time
Another time
Another time
Another time
Another time
Another time
Another time
Another time
Another time
Another time
Another time
Another time
Another time
Another time
Another time
Another time
Another time
Another time
Another time
Another time
Another time
Another time
Another time
Another time
Another time
Another time
Another time
Another time
Another time
Another time
Another time
Another time
Another time
Another time
Another time
Another time
Another time
Another time
Another time
Another time
Another time
Another time
Another time
Another time
Another time
Another time
Another time
Another time
Another time
Another time
Another time
Another time
Another time
Another time
Another time
Another time
Another time
Another time
Another time
Another time
Another time
Another time
Another time
Another time
Another time
Another time
Another time
Another time
Another time
Another time
Another time
Another time
Another time
Another time
Another time
Another time
Another time
Another time
Another time
Another time
Another time
Another time
Another time
Another time
Another time
Another time
Another time
Another time
Another time
Another time
Another time
Another time
Another time
Another time
Another time
Another time
Another time
Another time
Another time
Another time
Another time
Another time
Another time
Another time
Another time
Another time
Another time
Another time
Another time
Another time
Another time
Another time
Another time
Another time
Another time
Another time
Another time
Another time
Another time
Another time
Another time
Another time
Another time
Another time
Another time
Another time
Another time
Another time
Another time
Another time
Another time
Another time
Another time
Another time
Another time
Another time
Another time
Another time
Another time
Another time
Another time
Another time
Another time
Another time
Another time
Another time
Another time
Another time
Another time
Another time
Another time
Another time
Another time
Another time
Another time
Another time
Another time
Another time
Another time
Another time
Another time
Another time
Another time
Another time
Another time
Another time
Another time
Another time
Another time
Another time
Another time
Another time
Another time
Another time
Another time
Another time
Another time
Another time
Another time
Another time
Another time
Another time
Another time
Another time
Another time
Another time
Another time
Another time
Another time
Another time
Another time
Another time
Another time
Another time
Another time
Another time
Another time
Another time
Another time
Another time
Another time
Another time
Another time
Another time
Another time
Another time
Another time
Another time
Another time
Another time
Another time
Another time
Another time
Another time
Another time
Another time
Another time
Another time
Another time
Another time
Another time
Another time
Another time
Another time
Another time
Another time
Another time
Another time
Another time
Another time
Another time
Another time
Another time
Another time
Another time
Another time
Another time
Another time
Another time
Another time
Another time
Another time
Another time
Another time
Another time
Another time
Another time
Another time
Another time
Another time
Another time
Another time
Another time
Another time
Another time
Another time
Another time
Another time
Another time
Another time
Another time
Another time
Another time
Another time
Another time
Another time
Another time
Another time
Another time
Another time
Another time
Another time
Another time
Another time
Another time
Another time
Another time
Another time
Another time
Another time
Another time
Another time
Another time
Another time
Another time
Another time
Another time
Another time
Another time
Another time
Another time
Another time
Another time
Another time
Another time
Another time
Another time
Another time
Another time
Another time
Another time
Another time
Another time
Another time
Another time
Another time
Another time
Another time
Another time
Another time
Another time
Another time
Another time
Another time
Another time
Another time
Another time
Another time
Another time
Another time
Another time
Another time
Another time
Another time
Another time
Another time
Another time
Another time
Another time
Another time
Another time
Another time
Another time
Another time
Another time
Another time
Another time
Another time
Another time
Another time
Another time
Another time
Another time
Another time
Another time
Another time
Another time
Another time
Another time
Another time
Another time
Another time
Another time
Another time
Another time
Another time
Another time
Another time
Another time
Another time
Another time
Another time
Another time
Another time
Another time
Another time
Another time
Another time
Another time
Another time
Another time
Another time
Another time
Another time
Another time
Another time
Another time
Another time
Another time
Another time
Another time
Another time
Another time
Another time
Another time
Another time
Another time
Another time
Another time
Another time
Another time
Another time
Another time
Another time
Another time
Another time
Another time
Another time
Another time
Another time
Another time
Another time
Another time
Another time
Another time
Another time
Another time
Another time
Another time
Another time
Another time
Another time
Another time
Another time
Another time
Another time
Another time
Another time
Another time
Another time
Another time
Another time
Another time
Another time
Another time
Another time
Another time
Another time
Another time
Another time
Another time
Another time
Another time
Another time
Another time
Another time
Another time
Another time
Another time
Another time
Another time
Another time
Another time
Another time
Another time
Another time
Another time
Another time
Another time
Another time
Another time
Another time
Another time
Another time
Another time
Another time
Another time
Another time
Another time
Another time
Another time
Another time
Another time
Another time
Another time
Another time
Another time
Another time
Another time
Another time
Another time
Another time
Another time
Another time
Another time
Another time
Another time
Another time
Another time
Another time
Another time
Another time
Another time
Another time
Another time
Another time
Another time
Another time
Another time
Another time
Another time
Another time
Another time
Another time
Another time
Another time
Another time
Another time
Another time
Another time
Another time
Another time
Another time
Another time
Another time
Another time
Another time
Another time
Another time
Another time
Another time
Another time
Another time
Another time
Another time
Another time
Another time
Another time
Another time
Another time
Another time
Another time
Another time
Another time
Another time
Another time
Another time
Another time
Another time
Another time
Another time
Another time
Another time
Another time
Another time
Another time
Another time
Another time
Another time
Another time
Another time
Another time
Another time
Another time
Another time
Another time
Another time
Another time
Another time
Another time
Another time
Another time
Another time
Another time
Another time
Another time
Another time
Another time
Another time
Another time
Another time
Another time
Another time
Another time
Another time
Another time
Another time
Another time
Another time
Another time
Another time
Another time
Another time
Another time
Another time
Another time
Another time
Another time
Another time
Another time
Another time
Another time
Another time
Another time
Another time
Another time
Another time
Another time
Another time
Another time
Another time
Another time
Another time
Another time
Another time
Another time
Another time
Another time
Another time
Another time
Another time
Another time
Another time
Another time
Another time
Another time
Another time
Another time
Another time
Another time
Another time
Another time
Another time
Another time
Another time
Another time
Another time
Another time
Another time
Another time
Another time
Another time
Another time
Another time
Another time
Another time
Another time
Another time
Another time
Another time
Another time
Another time
Another time
Another time
Another time
Another time
Another time
Another time
Another time
Another time
Another time
Another time
Another time
Another time
Another time
Another time
Another time
Another time
Another time
Another time
Another time
Another time
Another time
Another time
Another time
Another time
Another time
Another time
Another time
Another time
Another time
Another time
Another time
Another time
Another time
Another time
Another time
Another time
Another time
Another time
Another time
Another time
Another time
Another time
Another time
Another time
Another time
Another time
Another time
Another time
Another time
Another time
Another time
Another time
Another time
Another time
Another time
Another time
Another time
Another time
Another time
Another time
Another time
Another time
Another time
Another time
Another time
Another time
Another time
Another time
Another time
Another time
Another time
Another time
Another time
Another time
Another time
Another time
Another time
Another time
Another time
Another time
Another time
Another time
Another time
Another time
Another time
Another time
Another time
Another time
Another time
Another time
Another time
Another time
Another time
Another time
Another time
Another time
Another time
Another time
Another time
Another time
Another time
Another time
Another time
Another time
Another time
Another time
Another time
Another time
Another time
Another time
Another time
Another time
Another time
Another time
Another time
Another time
Another time
Another time
Another time
Another time
Another time
Another time
Another time
Another time
Another time
Another time
Another time
Another time
Another time
Another time
Another time
Another time
Another time
Another time
Another time
Another time
Another time
Another time
Another time
Another time
Another time
Another time
Another time
Another time
Another time
Another time
Another time
Another time
Another time
Another time
Another time
Another time
Another time
Another time
Another time
Another time
Another time
Another time
Another time
Another time
Another time
Another time
Another time
Another time
Another time
Another time
Another time
Another time
Another time
Another time
Another time
Another time
Another time
Another time
Another time
Another time
Another time
Another time
Another time
Another time
Another time
Another time
Another time
Another time
Another time
Another time
Another time
Another time
Another time
Another time
Another time
Another time
Another time
Another time
Another time
Another time
Another time
Another time
Another time
Another time
Another time
Another time
Another time
Another time
Another time
Another time
Another time
Another time
Another time
Another time
Another time
Another time
Another time
Another time
Another time
Another time
Another time
Another time
Another time
Another time
Another time
Another time
Another time
Another time
Another time
Another time
Another time
Another time
Another time
Another time
Another time
Another time
Another time
Another time
Another time
Another time
Another time
Another time
Another time
Another time
Another time
Another time
Another time
Another time
Another time
Another time
Another time
Another time
Another time
Another time
Another time
Another time
Another time
Another time
Another time
Another time
Another time
Another time
Another time
Another time
Another time
Another time
Another time
Another time
Another time
Another time
Another time
Another time
Another time
Another time
Another time
Another time
Another time
Another time
Another time
Another time
Another time
Another time
Another time
Another time
Another time
Another time
Another time
Another time
Another time
Another time
Another time
Another time
Another time
Another time
Another time
Another time
Another time
Another time
Another time
Another time
Another time
Another time
Another time
Another time
Another time
Another time
Another time
Another time
Another time
Another time
Another time
Another time
Another time
Another time
Another time
Another time
Another time
Another time
Another time
Another time
Another time
Another time
Another time
Another time
Another time
Another time
Another time
Another time
Another time
Another time
Another time
Another time
Another time
Another time
Another time
Another time
Another time
Another time
Another time
Another time
Another time
Another time
Another time
Another time
Another time
Another time
Another time
Another time
Another time
Another time
Another time
Another time
Another time
Another time
Another time
Another time
Another time
Another time
Another time
Another time
Another time
Another time
Another time
Another time
Another time
Another time
Another time
Another time
Another time
Another time
Another time
Another time
Another time
Another time
Another time
Another time
Another time
Another time
Another time
Another time
Another time
Another time
Another time
Another time
Another time
Another time
Another time
Another time
Another time
Another time
Another time
Another time
Another time
Another time
Another time
Another time
Another time
Another time
Another time
Another time
Another time
Another time
Another time
Another time
Another time
Another time
Another time
Another time
Another time
Another time
Another time
Another time
Another time
Another time
Another time
Another time
Another time
Another time
Another time
Another time
Another time
Another time
Another time
Another time
Another time
Another time
Another time
Another time
Another time
Another time
Another time
Another time
Another time
Another time
Another time
Another time
Another time
Another time
Another time
Another time
Another time
Another time
Another time
Another time
Another time
Another time
Another time
Another time
Another time
Another time
Another time
Another time
Another time
Another time
Another time
Another time
Another time
Another time
Another time
Another time
Another time
Another time
Another time
Another time
Another time
Another time
Another time
Another time
Another time
Another time
Another time
Another time
Another time
Another time
Another time
Another time
Another time
Another time
Another time
Another time
Another time
Another time
Another time
Another time
Another time
Another time
Another time
Another time
Another time
Another time
Another time
Another time
Another time
Another time
Another time
Another time
Another time
Another time
Another time
Another time
Another time
Another time
Another time
Another time
Another time
Another time
Another time
Another time
Another time
Another time
Another time
Another time
Another time
Another time
Another time
Another time
Another time
Another time
Another time
Another time
Another time
Another time
Another time
Another time
Another time
Another time
Another time
Another time
Another time
Another time
Another time
Another time
Another time
Another time
Another time
Another time
Another time
Another time
Another time
Another time
Another time
Another time
Another time
Another time
Another time
Another time
Another time
Another time
Another time
Another time
Another time
Another time
Another time
Another time
Another time
Another time
Another time
Another time
Another time
Another time
Another time
Another time
Another time
Another time
Another time
Another time
Another time
Another time
Another time
Another time
Another time
Another time
Another time
Another time
Another time
Another time
Another time
Another time
Another time
Another time
Another time
Another time
Another time
Another time
Another time
Another time
Another time
Another time
Another time
Another time
Another time
Another time
Another time
Another time
Another time
Another time
Another time
Another time
Another time
Another time
Another time
Another time
Another time
Another time
Another time
Another time
Another time
Another time
Another time
Another time
Another time
Another time
Another time
Another time
Another time
Another time
Another time
Another time
Another time
Another time
Another time
Another time
Another time
Another time
Another time
Another time
Another time
Another time
Another time
Another time
Another time
Another time
Another time
Another time
Another time
Another time
Another time
Another time
Another time
Another time
Another time
Another time
Another time
Another time
Another time
Another time
Another time
Another time
Another time
Another time
Another time
Another time
Another time
Another time
Another time
Another time
Another time
Another time
Another time
Another time
Another time
Another time
Another time
Another time
Another time
Another time
Another time
Another time
Another time
Another time
Another time
Another time
Another time
Another time
Another time
Another time
Another time
Another time
Another time
Another time
Another time
Another time
Another time
Another time
Another time
Another time
Another time
Another time
Another time
Another time
Another time
Another time
Another time
Another time
Another time
Another time
Another time
Another time
Another time
Another time
Another time
Another time
Another time
Another time
Another time
Another time
Another time
Another time
Another time
Another time
Another time
Another time
Another time
Another time
Another time
Another time
Another time
Another time
Another time
Another time
Another time
Another time
Another time
Another time
Another time
Another time
Another time
Another time
Another time
Another time
Another time
Another time
Another time
Another time
Another time
Another time
Another time
Another time
Another time
Another time
Another time
Another time
Another time
Another time
Another time
Another time
Another time
Another time
Another time
Another time
Another time
Another time
Another time
Another time
Another time
Another time
Another time
Another time
Another time
Another time
Another time
Another time
Another time
Another time
Another time
Another time
Another time
Another time
Another time
Another time
Another time
Another time
Another time
Another time
Another time
Another time
Another time
Another time
Another time
Another time
Another time
Another time
Another time
Another time
Another time
Another time
Another time
Another time
Another time
Another time
Another time
Another time
Another time
Another time
Another time
Another time
Another time
Another time
Another time
Another time
Another time
Another time
Another time
Another time
Another time
Another time
Another time
Another time
Another time
Another time
Another time
Another time
Another time
Another time
Another time
Another time
Another time
Another time
Another time
Another time
Another time
Another time
Another time
Another time
Another time
Another time
Another time
Another time
Another time
Another time
Another time
Another time
Another time
Another time
Another time
Another time
Another time
Another time
Another time
Another time
Another time
Another time
Another time
Another time
Another time
Another time
Another time
Another time
Another time
Another time
Another time
Another time
Another time
Another time
Another time
Another time
Another time
Another time
Another time
Another time
Another time
Another time
Another time
Another time
Another time
Another time
Another time
Another time
Another time
Another time
Another time
Another time
Another time
Another time
Another time
Another time
Another time
Another time
Another time
Another time
Another time
Another time
Another time
Another time
Another time
Another time
Another time
Another time
Another time
Another time
Another time
Another time
Another time
Another time
Another time
Another time
Another time
Another time
Another time
Another time
Another time
Another time
Another time
Another time
Another time
Another time
Another time
Another time
Another time
Another time
Another time
Another time
Another time
Another time
Another time
Another time
Another time
Another time
Another time
Another time
Another time
Another time
Another time
Another time
Another time
Another time
Another time
Another time
Another time
Another time
Another time
Another time
Another time
Another time
Another time
Another time
Another time
Another time
Another time
Another time
Another time
Another time
Another time
Another time
Another time
Another time
Another time
Another time
Another time
Another time
Another time
Another time
Another time
Another time
Another time
Another time
Another time
Another time
Another time
Another time
Another time
Another time
Another time
Another time
Another time
Another time
Another time
Another time
Another time
Another time
Another time
Another time
Another time
Another time
Another time
Another time
Another time
Another time
Another time
Another time
Another time
Another time
Another time
Another time
Another time
Another time
Another time
Another time
Another time
Another time
Another time
Another time
Another time
Another time
Another time
Another time
Another time
Another time
Another time
Another time
Another time
Another time
Another time
Another time
Another time
Another time
Another time
Another time
Another time
Another time
Another time
Another time
Another time
Another time
Another time
Another time
Another time
Another time
Another time
Another time
Another time
Another time
Another time
Another time
Another time
Another time
Another time
Another time
Another time
Another time
Another time
Another time
Another time
Another time
Another time
Another time
Another time
Another time
Another time
Another time
Another time
Another time
Another time
Another time
Another time
Another time
Another time
Another time
Another time
Another time
Another time
Another time
Another time
Another time
Another time
Another time
Another time
Another time
Another time
Another time
Another time
Another time
Another time
Another time
Another time
Another time
Another time
Another time
Another time
Another time
Another time
Another time
Another time
Another time
Another time
Another time
Another time
Another time
Another time
Another time
Another time
Another time
Another time
Another time
Another time
Another time
Another time
Another time
Another time
Another time
Another time
Another time
Another time
Another time
Another time
Another time
Another time
Another time
Another time
Another time
Another time
Another time
Another time
Another time
Another time
Another time
Another time
Another time
Another time
Another time
Another time
Another time
Another time
Another time
Another time
Another time
Another time
Another time
Another time
Another time
Another time
Another time
Another time
Another time
Another time
Another time
Another time
Another time
Another time
Another time
Another time
Another time
Another time
Another time
Another time
Another time
Another time
Another time
Another time
Another time
Another time
Another time
Another time
Another time
Another time
Another time
Another time
Another time
Another time
Another time
Another time
Another time
Another time
Another time
Another time
Another time
Another time
Another time
Another time
Another time
Another time
Another time
Another time
Another time
Another time
Another time
Another time
Another time
Another time
Another time
Another time
Another time
Another time
Another time
Another time
Another time
Another time
Another time
Another time
Another time
Another time
Another time
Another time
Another time
Another time
Another time
Another time
Another time
Another time
Another time
Another time
Another time
Another time
Another time
Another time
Another time
Another time
Another time
Another time
Another time
Another time
Another time
Another time
Another time
Another time
Another time
Another time
Another time
Another time
Another time
Another time
Another time
Another time
Another time
Another time
Another time
Another time
Another time
Another time
Another time
Another time
Another time
Another time
Another time
Another time
Another time
Another time
Another time
Another time
Another time
Another time
Another time
Another time
Another time
Another time
Another time
Another time
Another time
Another time
Another time
Another time
Another time
Another time
Another time
Another time
Another time
Another time
Another time
Another time
Another time
Another time
Another time
Another time
Another time
Another time
Another time
Another time
Another time
Another time
Another time
Another time
Another time
Another time
Another time
Another time
Another time
Another time
Another time
Another time
Another time
Another time
Another time
Another time
Another time
Another time
Another time
Another time
Another time
Another time
Another time
Another time
Another time
Another time
Another time
Another time
Another time
Another time
Another time
Another time
Another time
Another time
Another time
Another time
Another time
Another time
Another time
Another time
Another time
Another time
Another time
Another time
Another time
Another time
Another time
Another time
Another time
Another time
Another time
Another time
Another time
Another time
Another time
Another time
Another time
Another time
Another time
Another time
Another time
Another time
Another time
Another time
Another time
Another time
Another time
Another time
Another time
Another time
Another time
Another time
Another time
Another time
Another time
Another time
Another time
Another time
Another time
Another time
Another time
Another time
Another time
Another time
Another time
Another time
Another time
Another time
Another time
Another time
Another time
Another time
Another time
Another time
Another time
Another time
Another time
Another time
Another time
Another time
Another time
Another time
Another time
Another time
Another time
Another time
Another time
Another time
Another time
Another time
Another time
Another time
Another time
Another time
Another time
Another time
Another time
Another time
Another time
Another time
Another time
Another time
Another time
Another time
Another time
Another time
Another time
Another time
Another time
Another time
Another time
Another time
Another time
Another time
Another time
Another time
Another time
Another time
Another time
Another time
Another time
Another time
Another time
Another time
Another time
Another time
Another time
Another time
Another time
Another time
Another time
Another time
Another time
Another time
Another time
Another time
Another time
Another time
Another time
Another time
Another time
Another time
Another time
Another time
Another time
Another time
Another time
Another time
Another time
Another time
Another time
Another time
Another time
Another time
Another time
Another time
Another time
Another time
Another time
Another time
Another time
Another time
Another time
Another time
Another time
Another time
Another time
Another time
Another time
Another time
Another time
Another time
Another time
Another time
Another time
Another time
Another time
Another time
Another time
Another time
Another time
Another time
Another time
Another time
Another time
Another time
Another time
Another time
Another time
Another time
Another time
Another time
Another time
Another time
Another time
Another time
Another time
Another time
Another time
Another time
Another time
Another time
Another time
Another time
Another time
Another time
Another time
Another time
Another time
Another time
Another time
Another time
Another time
Another time
Another time
Another time
Another time
Another time
Another time
Another time
Another time
Another time
Another time
Another time
Another time
Another time
Another time
Another time
Another time
Another time
Another time
Another time
Another time
Another time
Another time
Another time
Another time
Another time
Another time
Another time
Another time
Another time
Another time
Another time
Another time
Another time
Another time
Another time
Another time
Another time
Another time
Another time
Another time
Another time
Another time
Another time
Another time
Another time
Another time
Another time
Another time
Another time
Another time
Another time
Another time
Another time
Another time
Another time
Another time
Another time
Another time
Another time
Another time
Another time
Another time
Another time
Another time
Another time
Another time
Another time
Another time
Another time
Another time
Another time
Another time
Another time
Another time
Another time
Another time
Another time
Another time
Another time
Another time
Another time
Another time
Another time
Another time
Another time
Another time
Another time
Another time
Another time
Another time
Another time
Another time
Another time
Another time
Another time
Another time
Another time
Another time
Another time
Another time
Another time
Another time
Another time
Another time
Another time
Another time
Another time
Another time
Another time
Another time
Another time
Another time
Another time
Another time
Another time
Another time
Another time
Another time
Another time
Another time
Another time
Another time
Another time
Another time
Another time
Another time
Another time
Another time
Another time
Another time
Another time
Another time
Another time
Another time
Another time
Another time
Another time
Another time
Another time
Another time
Another time
Another time
Another time
Another time
Another time
Another time
Another time
Another time
Another time
Another time
Another time
Another time
Another time
Another time
Another time
Another time
Another time
Another time
Another time
Another time
Another time
Another time
Another time
Another time
Another time
Another time
Another time
Another time
Another time
Another time
Another time
Another time
Another time
Another time
Another time
Another time
Another time
Another time
Another time
Another time
Another time
Another time
Another time
Another time
Another time
Another time
Another time
Another time
Another time
Another time
Another time
Another time
Another time
Another time
Another time
Another time
Another time
Another time
Another time
Another time
Another time
Another time
Another time
Another time
Another time
Another time
Another time
Another time
Another time
Another time
Another time
Another time
Another time
Another time
Another time
Another time
Another time
Another time
Another time
Another time
Another time
Another time
Another time
Another time
Another time
Another time
Another time
Another time
Another time
Another time
Another time
Another time
Another time
Another time
Another time
Another time
Another time
Another time
Another time
Another time
Another time
Another time
Another time
Another time
Another time
Another time
Another time
Another time
Another time
Another time
Another time
Another time
Another time
Another time
Another time
Another time
Another time
Another time
Another time
Another time
Another time
Another time
Another time
Another time
Another time
Another time
Another time
Another time
Another time
Another time
Another time
Another time
Another time
Another time
Another time
Another time
Another time
Another time
Another time
Another time
Another time
Another time
Another time
Another time
Another time
Another time
Another time
Another time
Another time
Another time
Another time
Another time
Another time
Another time
Another time
Another time
Another time
Another time
Another time
Another time
Another time
Another time
Another time
Another time
Another time
Another time
Another time
Another time
Another time
Another time
Another time
Another time
Another time
Another time
Another time
Another time
Another time
Another time
Another time
Another time
Another time
Another time
Another time
Another time
Another time
Another time
Another time
Another time
Another time
Another time
Another time
Another time
Another time
Another time
Another time
Another time
Another time
Another time
Another time
Another time
Another time
Another time
Another time
Another time
Another time
Another time
Another time
Another time
Another time
Another time
Another time
Another time
Another time
Another time
Another time
Another time
Another time
Another time
Another time
Another time
Another time
Another time
Another time
Another time
Another time
Another time
Another time
Another time
Another time
Another time
Another time
Another time
Another time
Another time
Another time
Another time
Another time
Another time
Another time
Another time
Another time
Another time
Another time
Another time
Another time
Another time
Another time
Another time
Another time
Another time
Another time
Another time
Another time
Another time
Another time
Another time
Another time
Another time
Another time
Another time
Another time
Another time
Another time
Another time
Another time
Another time
Another time
Another time
Another time
Another time
Another time
Another time
Another time
Another time
Another time
Another time
Another time
Another time
Another time
Another time
Another time
Another time
Another time
Another time
Another time
Another time
Another time
Another time
Another time
Another time
Another time
Another time
Another time
Another time
Another time
Another time
Another time
Another time
Another time
Another time
Another time
Another time
Another time
Another time
Another time
Another time
Another time
Another time
Another time
Another time
Another time
Another time
Another time
Another time
Another time
Another time
Another time
Another time
Another time
Another time
Another time
Another time
Another time
Another time
Another time
Another time
Another time
Another time
Another time
Another time
Another time
Another time
Another time
Another time
Another time
Another time
Another time
Another time
Another time
Another time
Another time
Another time
Another time
Another time
Another time
Another time
Another time
Another time
Another time
Another time
Another time
Another time
Another time
Another time
Another time
Another time
Another time
Another time
Another time
Another time
Another time
Another time
Another time
Another time
Another time
Another time
Another time
Another time
Another time
Another time
Another time
Another time
Another time
Another time
Another time
Another time
Another time
Another time
Another time
Another time
Another time
Another time
Another time
Another time
Another time
Another time
Another time
Another time
Another time
Another time
Another time
Another time
Another time
Another time
Another time
Another time
Another time
Another time
Another time
Another time
Another time
Another time
Another time
Another time
Another time
Another time
Another time
Another time
Another time
Another time
Another time
Another time
Another time
Another time
Another time
Another time
Another time
Another time
Another time
Another time
Another time
Another time
Another time
Another time
Another time
Another time
Another time
Another time
Another time
Another time
Another time
Another time
Another time
Another time
Another time
Another time
Another time
Another time
Another time
Another time
Another time
Another time
Another time
Another time
Another time
Another time
Another time
Another time
Another time
Another time
Another time
Another time
Another time
Another time
Another time
Another time
Another time
Another time
Another time
Another time
Another time
Another time
Another time
Another time
Another time
Another time
Another time
Another time
Another time
Another time
Another time
Another time
Another time
Another time
Another time
Another time
Another time
Another time
Another time
Another time
Another time
Another time
Another time
Another time
Another time
Another time
Another time
Another time
Another time
Another time
Another time
Another time
Another time
Another time
Another time
Another time
Another time
Another time
Another time
Another time
Another time
Another time
Another time
Another time
Another time
Another time
Another time
Another time
Another time
Another time
Another time
Another time
Another time
Another time
Another time
Another time
Another time
Another time
Another time
Another time
Another time
Another time
Another time
Another time
Another time
Another time
Another time
Another time
Another time
Another time
Another time
Another time
Another time
Another time
Another time
Another time
Another time
Another time
Another time
Another time
Another time
Another time
Another time
Another time
Another time
Another time
Another time
Another time
Another time
Another time
Another time
Another time
Another time
Another time
Another time
Another time
Another time
Another time
Another time
Another time
Another time
Another time
Another time
Another time
Another time
Another time
Another time
Another time
Another time
Another time
Another time
Another time
Another time
Another time
Another time
Another time
Another time
Another time
Another time
Another time
Another time
Another time
Another time
Another time
Another time
Another time
Another time
Another time
Another time
Another time
Another time
Another time
Another time
Another time
Another time
Another time
Another time
Another time
Another time
Another time
Another time
Another time
Another time
Another time
Another time
Another time
Another time
Another time
Another time
Another time
Another time
Another time
Another time
Another time
Another time
Another time
Another time
Another time
Another time
Another time
Another time
Another time
Another time
Another time
Another time
Another time
Another time
Another time
Another time
Another time
Another time
Another time
Another time
Another time
Another time
Another time
Another time
Another time
Another time
Another time
Another time
Another time
Another time
Another time
Another time
Another time
Another time
Another time
Another time
Another time
Another time
Another time
Another time
Another time
Another time
Another time
Another time
Another time
Another time
Another time
Another time
Another time
Another time
Another time
Another time
Another time
Another time
Another time
Another time
Another time
Another time
Another time
Another time
Another time
Another time
Another time
Another time
Another time
Another time
Another time
Another time
Another time
Another time
Another time
Another time
Another time
Another time
Another time
Another time
Another time
Another time
Another time
Another time
Another time
Another time
Another time
Another time
Another time
Another time
Another time
Another time
Another time
Another time
Another time
Another time
Another time
Another time
Another time
Another time
Another time
Another time
Another time
Another time
Another time
Another time
Another time
Another time
Another time
Another time
Another time
Another time
Another time
Another time
Another time
Another time
Another time
Another time
Another time
Another time
Another time
Another time
Another time
Another time
Another time
Another time
Another time
Another time
Another time
Another time
Another time
Another time
Another time
Another time
Another time
Another time
Another time
Another time
Another time
Another time
Another time
Another time
Another time
Another time
Another time
Another time
Another time
Another time
Another time
Another time
Another time
Another time
Another time
Another time
Another time
Another time
Another time
Another time
Another time
Another time
Another time
Another time
Another time
Another time
Another time
Another time
Another time
Another time
Another time
Another time
Another time
Another time
Another time
Another time
Another time
Another time
Another time
Another time
Another time
Another time
Another time
Another time
Another time
Another time
Another time
Another time
Another time
Another time
Another time
Another time
Another time
Another time
Another time
Another time
Another time
Another time
Another time
Another time
Another time
Another time
Another time
Another time
Another time
Another time
Another time
Another time
Another time
Another time
Another time
Another time
Another time
Another time
Another time
Another time
Another time
Another time
Another time
Another time
Another time
Another time
Another time
Another time
Another time
Another time
Another time
Another time
Another time
Another time
Another time
Another time
Another time
Another time
Another time
Another time
Another time
Another time
Another time
Another time
Another time
Another time
Another time
Another time
Another time
Another time
Another time
Another time
Another time
Another time
Another time
Another time
Another time
Another time
Another time
Another time
Another time
Another time
Another time
Another time
Another time
Another time
Another time
Another time
Another time
Another time
Another time
Another time
Another time
Another time
Another time
Another time
Another time
Another time
Another time
Another time
Another time
Another time
Another time
Another time
Another time
Another time
Another time
Another time
Another time
Another time
Another time
Another time
Another time
Another time
Another time
Another time
Another time
Another time
Another time
Another time
Another time
Another time
Another time
Another time
Another time
Another time
Another time
Another time
Another time
Another time
Another time
Another time
Another time
Another time
Another time
Another time
Another time
Another time
Another time
Another time
Another time
Another time
Another time
Another time
Another time
Another time
Another time
Another time
Another time
Another time
Another time
Another time
Another time
Another time
Another time
Another time
Another time
Another time
Another time
Another time
Another time
Another time
Another time
Another time
Another time
Another time
Another time
Another time
Another time
Another time
Another time
Another time
Another time
Another time
Another time
Another time
Another time
Another time
Another time
Another time
Another time
Another time
Another time
Another time
Another time
Another time
Another time
Another time
Another time
Another time
Another time
Another time
Another time
Another time
Another time
Another time
Another time
Another time
Another time
Another time
Another time
Another time
Another time
Another time
Another time
Another time
Another time
Another time
Another time
Another time
Another time
Another time
Another time
Another time
Another time
Another time
Another time
Another time
Another time
Another time
Another time
Another time
Another time
Another time
Another time
Another time
Another time
Another time
Another time
Another time
Another time
Another time
Another time
Another time
Another time
Another time
Another time
Another time
Another time
Another time
Another time
Another time
Another time
Another time
Another time
Another time
Another time
Another time
Another time
Another time
Another time
Another time
Another time
Another time
Another time
Another time
Another time
Another time
Another time
Another time
Another time
Another time
Another time
Another time
Another time
Another time
Another time
Another time
Another time
Another time
Another time
Another time
Another time
Another time
Another time
Another time
Another time
Another time
Another time
Another time
Another time
Another time
Another time
Another time
Another time
Another time
Another time
Another time
Another time
Another time
Another time
Another time
Another time
Another time
Another time
Another time
Another time
Another time
Another time
Another time
Another time
Another time
Another time
Another time
Another time
Another time
Another time
Another time
Another time
Another time
Another time
Another time
Another time
Another time
Another time
Another time
Another time
Another time
Another time
Another time
Another time
Another time
Another time
Another time
Another time
Another time
Another time
Another time
Another time
Another time
Another time
Another time
Another time
Another time
Another time
Another time
Another time
Another time
Another time
Another time
Another time
Another time
Another time
Another time
Another time
Another time
Another time
Another time
Another time
Another time
Another time
Another time
Another time
Another time
Another time
Another time
Another time
Another time
Another time
Another time
Another time
Another time
Another time
Another time
Another time
Another time
Another time
Another time
Another time
Another time
Another time
Another time
Another time
Another time
Another time
Another time
Another time
Another time
Another time
Another time
Another time
Another time
Another time
Another time
Another time
Another time
Another time
Another time
Another time
Another time
Another time
Another time
Another time
Another time
Another time
Another time
Another time
Another time
Another time
Another time
Another time
Another time
Another time
Another time
Another time
Another time
Another time
Another time
Another time
Another time
Another time
Another time
Another time
Another time
Another time
Another time
Another time
Another time
Another time
Another time
Another time
Another time
Another time
Another time
Another time
Another time
Another time
Another time
Another time
Another time
Another time
Another time
Another time
Another time
Another time
Another time
Another time
Another time
Another time
Another time
Another time
Another time
Another time
Another time
Another time
Another time
Another time
Another time
Another time
Another time
Another time
Another time
Another time
Another time
Another time
Another time
Another time
Another time
Another time
Another time
Another time
Another time
Another time
Another time
Another time
Another time
Another time
Another time
Another time
Another time
Another time
Another time
Another time
Another time
Another time
Another time
Another time
Another time
Another time
Another time
Another time
Another time
Another time
Another time
Another time
Another time
Another time
Another time
Another time
Another time
Another time
Another time
Another time
Another time
Another time
Another time
Another time
Another time
Another time
Another time
Another time
Another time
Another time
Another time
Another time
Another time
Another time
Another time
Another time
Another time
Another time
Another time
Another time
Another time
Another time
Another time
Another time
Another time
Another time
Another time
Another time
Another time
Another time
Another time
Another time
Another time
Another time
Another time
Another time
Another time
Another time
Another time
Another time
Another time
Another time
Another time
Another time
Another time
Another time
Another time
Another time
Another time
Another time
Another time
Another time
Another time
Another time
Another time
Another time
Another time
Another time
Another time
Another time
Another time
Another time
Another time
Another time
Another time
Another time
Another time
Another time
Another time
Another time
Another time
Another time
Another time
Another time
Another time
Another time
Another time
Another time
Another time
Another time
Another time
Another time
Another time
Another time
Another time
Another time
Another time
Another time
Another time
Another time
Another time
Another time
Another time
Another time
Another time
Another time
Another time
Another time
Another time
Another time
Another time
Another time
Another time
Another time
Another time
Another time
Another time
Another time
Another time
Another time
Another time
Another time
Another time
Another time
Another time
Another time
Another time
Another time
Another time
Another time
Another time
Another time
Another time
Another time
Another time
Another time
Another time
Another time
Another time
Another time
Another time
Another time
Another time
Another time
Another time
Another time
Another time
Another time
Another time
Another time
Another time
Another time
Another time
Another time
Another time
Another time
Another time
Another time
Another time
Another time
Another time
Another time
Another time
Another time
Another time
Another time
Another time
Another time
Another time
Another time
Another time
Another time
Another time
Another time
Another time
Another time
Another time
Another time
Another time
Another time
Another time
Another time
Another time
Another time
Another time
Another time
Another time
Another time
Another time
Another time
Another time
Another time
Another time
Another time
Another time
Another time
Another time
Another time
Another time
Another time
Another time
Another time
Another time
Another time
Another time
Another time
Another time
Another time
Another time
Another time
Another time
Another time
Another time
Another time
Another time
Another time
Another time
Another time
Another time
Another time
Another time
Another time
Another time
Another time
Another time
Another time
Another time
Another time
Another time
Another time
Another time
Another time
Another time
Another time
Another time
Another time
Another time
Another time
Another time
Another time
Another time
Another time
Another time
Another time
Another time
Another time
Another time
Another time
Another time
Another time
Another time
Another time
Another time
Another time
Another time
Another time
Another time
Another time
Another time
Another time
Another time
Another time
Another time
Another time
Another time
Another time
Another time
Another time
Another time
Another time
Another time
Another time
Another time
Another time
Another time
Another time
Another time
Another time
Another time
Another time
Another time
Another time
Another time
Another time
Another time
Another time
Another time
Another time
Another time
Another time
Another time
Another time
Another time
Another time
Another time
Another time
Another time
Another time
Another time
Another time
Another time
Another time
Another time
Another time
Another time
Another time
Another time
Another time
Another time
Another time
Another time
Another time
Another time
Another time
Another time
Another time
Another time
Another time
Another time
Another time
Another time
Another time
Another time
Another time
Another time
Another time
Another time
Another time
Another time
Another time
Another time
Another time
Another time
Another time
Another time
Another time
Another time
Another time
Another time
Another time
Another time
Another time
Another time
Another time
Another time
Another time
Another time
Another time
Another time
Another time
Another time
Another time
Another time
Another time
Another time
Another time
Another time
Another time
Another time
Another time
Another time
Another time
Another time
Another time
Another time
Another time
Another time
Another time
Another time
Another time
Another time
Another time
Another time
Another time
Another time
Another time
Another time
Another time
Another time
Another time
Another time
Another time
Another time
Another time
Another time
Another time
Another time
Another time
Another time
Another time
Another time
Another time
Another time
Another time
Another time
Another time
Another time
Another time
Another time
Another time
Another time
Another time
Another time
Another time
Another time
Another time
Another time
Another time
Another time
Another time
Another time
Another time
Another time
Another time
Another time
Another time
Another time
Another time
Another time
Another time
Another time
Another time
Another time
Another time
Another time
Another time
Another time
Another time
Another time
Another time
Another time
Another time
Another time
Another time
Another time
Another time
Another time
Another time
Another time
Another time
Another time
Another time
Another time
Another time
Another time
Another time
Another time
Another time
Another time
Another time
Another time
Another time
Another time
Another time
Another time
Another time
Another time
Another time
Another time
Another time
Another time
Another time
Another time
Another time
Another time
Another time
Another time
Another time
Another time
Another time
Another time
Another time
Another time
Another time
Another time
Another time
Another time
Another time
Another time
Another time
Another time
Another time
Another time
Another time
Another time
Another time
Another time
Another time
Another time
Another time
Another time
Another time
Another time
Another time
Another time
Another time
Another time
Another time
Another time
Another time
Another time
Another time
Another time
Another time
Another time
Another time
Another time
Another time
Another time
Another time
Another time
Another time
Another time
Another time
Another time
Another time
Another time
Another time
Another time
Another time
Another time
Another time
Another time
Another time
Another time
Another time
Another time
Another time
Another time
Another time
Another time
Another time
Another time
Another time
Another time
Another time
Another time
Another time
Another time
Another time
Another time
Another time
Another time
Another time
Another time
Another time
Another time
Another time
Another time
Another time
Another time
Another time
Another time
Another time
Another time
Another time
Another time
Another time
Another time
Another time
Another time
Another time
Another time
Another time
Another time
Another time
Another time
Another time
Another time
Another time
Another time
Another time
Another time
Another time
Another time
Another time
Another time
Another time
Another time
Another time
Another time
Another time
Another time
Another time
Another time
Another time
Another time
Another time
Another time
Another time
Another time
Another time
Another time
Another time
Another time
Another time
Another time
Another time
Another time
Another time
Another time
Another time
Another time
Another time
Another time
Another time
Another time
Another time
Another time
Another time
Another time
Another time
Another time
Another time
Another time
Another time
Another time
Another time
Another time
Another time
Another time
Another time
Another time
Another time
Another time
Another time
Another time
Another time
Another time
Another time
Another time
Another time
Another time
Another time
Another time
Another time
Another time
Another time
Another time
Another time
Another time
Another time
Another time
Another time
Another time
Another time
Another time
Another time
Another time
Another time
Another time
Another time
Another time
Another time
Another time
Another time
Another time
Another time
Another time
Another time
Another time
Another time
Another time
Another time
Another time
Another time
Another time
Another time
Another time
Another time
Another time
Another time
Another time
Another time
Another time
Another time
Another time
Another time
Another time
Another time
Another time
Another time
Another time
Another time
Another time
Another time
Another time
Another time
Another time
Another time
Another time
Another time
Another time
Another time
Another time
Another time
Another time
Another time
Another time
Another time
Another time
Another time
Another time
Another time
Another time
Another time
Another time
Another time
Another time
Another time
Another time
Another time
Another time
Another time
Another time
Another time
Another time
Another time
Another time
Another time
Another time
Another time
Another time
Another time
Another time
Another time
Another time
Another time
Another time
Another time
Another time
Another time
Another time
Another time
Another time
Another time
Another time
Another time
Another time
Another time
Another time
Another time
Another time
Another time
Another time
Another time
Another time
Another time
Another time
Another time
Another time
Another time
Another time
Another time
Another time
Another time
Another time
Another time
Another time
Another time
Another time
Another time
Another time
Another time
Another time
Another time
Another time
Another time
Another time
Another time
Another time
Another time
Another time
Another time
Another time
Another time
Another time
Another time
Another time
Another time
Another time
Another time
Another time
Another time
Another time
Another time
Another time
Another time
Another time
Another time
Another time
Another time
Another time
Another time
Another time
Another time
Another time
Another time
Another time
Another time
Another time
Another time
Another time
Another time
Another time
Another time
Another time
Another time
Another time
Another time
Another time
Another time
Another time
Another time
Another time
Another time
Another time
Another time
Another time
Another time
Another time
Another time
Another time
Another time
Another time
Another time
Another time
Another time
Another time
Another time
Another time
Another time
Another time
Another time
Another time
Another time
Another time
Another time
Another time
Another time
Another time
Another time
Another time
Another time
Another time
Another time
Another time
Another time
Another time
Another time
Another time
Another time
Another time
Another time
Another time
Another time
Another time
Another time
Another time
Another time
Another time
Another time
Another time
Another time
Another time
Another time
Another time
Another time
Another time
Another time
Another time
Another time
Another time
Another time
Another time
Another time
Another time
Another time
Another time
Another time
Another time
Another time
Another time
Another time
Another time
Another time
Another time
Another time
Another time
Another time
Another time
Another time
Another time
Another time
Another time
Another time
Another time
Another time
Another time
Another time
Another time
Another time
Another time
Another time
Another time
Another time
Another time
Another time
Another time
Another time
Another time
Another time
Another time
Another time
Another time
Another time
Another time
Another time
Another time
Another time
Another time
Another time
Another time
Another time
Another time
Another time
Another time
Another time
Another time
Another time
Another time
Another time
Another time
Another time
Another time
Another time
Another time
Another time
Another time
Another time
Another time
Another time
Another time
Another time
Another time
Another time
Another time
Another time
Another time
Another time
Another time
Another time
Another time
Another time
Another time
Another time
Another time
Another time
Another time
Another time
Another time
Another time
Another time
Another time
Another time
Another time
Another time
Another time
Another time
Another time
Another time
Another time
Another time
Another time
Another time
Another time
Another time
Another time
Another time
Another time
Another time
Another time
Another time
Another time
Another time
Another time
Another time
Another time
Another time
Another time
Another time
Another time
Another time
Another time
Another time
Another time
Another time
Another time
Another time
Another time
Another time
Another time
Another time
Another time
Another time
Another time
Another time
Another time
Another time
Another time
Another time
Another time
Another time
Another time
Another time
Another time
Another time
Another time
Another time
Another time
Another time
Another time
Another time
Another time
Another time
Another time
Another time
Another time
Another time
Another time
Another time
Another time
Another time
Another time
Another time
Another time
Another time
Another time
Another time
Another time
Another time
Another time
Another time
Another time
Another time
Another time
Another time
Another time
Another time
Another time
Another time
Another time
Another time
Another time
Another time
Another time
Another time
Another time
Another time
Another time
Another time
Another time
Another time
Another time
Another time
Another time
Another time
Another time
Another time
Another time
Another time
Another time
Another time
Another time
Another time
Another time
Another time
Another time
Another time
Another time
Another time
Another time
Another time
Another time
Another time
Another time
Another time
Another time
Another time
Another time
Another time
Another time
Another time
Another time
Another time
Another time
Another time
Another time
Another time
Another time
Another time
Another time
Another time
Another time
Another time
Another time
Another time
Another time
Another time
Another time
Another time
Another time
Another time
Another time
Another time
Another time
Another time
Another time
Another time
Another time
Another time
Another time
Another time
Another time
Another time
Another time
Another time
Another time
Another time
Another time
Another time
Another time
Another time
Another time
Another time
Another time
Another time
Another time
Another time
Another time
Another time
Another time
Another time
Another time
Another time
Another time
Another time
Another time
Another time
Another time
Another time
Another time
Another time
Another time
Another time
Another time
Another time
Another time
Another time
Another time
Another time
Another time
Another time
Another time
Another time
Another time
Another time
Another time
Another time
Another time
Another time
Another time
Another time
Another time
Another time
Another time
Another time
Another time
Another time
Another time
Another time
Another time
Another time
Another time
Another time
Another time
Another time
Another time
Another time
Another time
Another time
Another time
Another time
Another time
Another time
Another time
Another time
Another time
Another time
Another time
Another time
Another time
Another time
Another time
Another time
Another time
Another time
Another time
Another time
Another time
Another time
Another time
Another time
Another time
Another time
Another time
Another time
Another time
Another time
Another time
Another time
Another time
Another time
Another time
Another time
Another time
Another time
Another time
Another time
Another time
Another time
Another time
Another time
Another time
Another time
Another time
Another time
Another time
Another time
Another time
Another time
Another time
Another time
Another time
Another time
Another time
Another time
Another time
Another time
Another time
Another time
Another time
Another time
Another time
Another time
Another time
Another time
Another time
Another time
Another time
Another time
Another time
Another time
Another time
Another time
Another time
Another time
Another time
Another time
Another time
Another time
Another time
Another time
Another time
Another time
Another time
Another time
Another time
Another time
Another time
Another time
Another time
Another time
Another time
Another time
Another time
Another time
Another time
Another time
Another time
Another time
Another time
Another time
Another time
Another time
Another time
Another time
Another time
Another time
Another time
Another time
Another time
Another time
Another time
Another time
Another time
Another time
Another time
Another time
Another time
Another time
Another time
Another time
Another time
Another time
Another time
Another time
Another time
Another time
Another time
Another time
Another time
Another time
Another time
Another time
Another time
Another time
Another time
Another time
Another time
Another time
Another time
Another time
Another time
Another time
Another time
Another time
Another time
Another time
Another time
Another time
Another time
Another time
Another time
Another time
Another time
Another time
Another time
Another time
Another time
Another time
Another time
Another time
Another time
Another time
Another time
Another time
Another time
Another time
Another time
Another time
Another time
Another time
Another time
Another time
Another time
Another time
Another time
Another time
Another time
Another time
Another time
Another time
Another time
Another time
Another time
Another time
Another time
Another time
Another time
Another time
Another time
Another time
Another time
Another time
Another time
Another time
Another time
Another time
Another time
Another time
Another time
Another time
Another time
Another time
Another time
Another time
Another time
Another time
Another time
Another time
Another time
Another time
Another time
Another time
Another time
Another time
Another time
Another time
Another time
Another time
Another time
Another time
Another time
Another time
Another time
Another time
Another time
Another time
Another time
Another time
Another time
Another time
Another time
Another time
Another time
Another time
Another time
Another time
Another time
Another time
Another time
Another time
Another time
Another time
Another time
Another time
Another time
Another time
Another time
Another time
Another time
Another time
Another time
Another time
Another time
Another time
Another time
Another time
Another time
Another time
Another time
Another time
Another time
Another time
Another time
Another time
Another time
Another time
Another time
Another time
Another time
Another time
Another time
Another time
Another time
Another time
Another time
Another time
Another time
Another time
Another time
Another time
Another time
Another time
Another time
Another time
Another time
Another time
Another time
Another time
Another time
Another time
Another time
Another time
Another time
Another time
Another time
Another time
Another time
Another time
Another time
Another time
Another time
Another time
Another time
Another time
Another time
Another time
Another time
Another time
Another time
Another time
Another time
Another time
Another time
Another time
Another time
Another time
Another time
Another time
Another time
Another time
Another time
Another time
Another time
Another time
Another time
Another time
Another time
Another time
Another time
Another time
Another time
Another time
Another time
Another time
Another time
Another time
Another time
Another time
Another time
Another time
Another time
Another time
Another time
Another time
Another time
Another time
Another time
Another time
Another time
Another time
Another time
Another time
Another time
Another time
Another time
Another time
Another time
Another time
Another time
Another time
Another time
Another time
Another time
Another time
Another time
Another time
Another time
Another time
Another time
Another time
Another time
Another time
Another time
Another time
Another time
Another time
Another time
Another time
Another time
Another time
Another time
Another time
Another time
Another time
Another time
Another time
Another time
Another time
Another time
Another time
Another time
Another time
Another time
Another time
Another time
Another time
Another time
Another time
Another time
Another time
Another time
Another time
Another time
Another time
Another time
Another time
Another time
Another time
Another time
Another time
Another time
Another time
Another time
Another time
Another time
Another time
Another time
Another time
Another time
Another time
Another time
Another time
Another time
Another time
Another time
Another time
Another time
Another time
Another time
Another time
Another time
Another time
Another time
Another time
Another time
Another time
Another time
Another time
Another time
Another time
Another time
Another time
Another time
Another time
Another time
Another time
Another time
Another time
Another time
Another time
Another time
Another time
Another time
Another time
Another time
Another time
Another time
Another time
Another time
Another time
Another time
Another time
Another time
Another time
Another time
Another time
Another time
Another time
Another time
Another time
Another time
Another time
Another time
Another time
Another time
Another time
Another time
Another time
Another time
Another time
Another time
Another time
Another time
Another time
Another time
Another time
Another time
Another time
Another time
Another time
Another time
Another time
Another time
Another time
Another time
Another time
Another time
Another time
Another time
Another time
Another time
Another time
Another time
Another time
Another time
Another time
Another time
Another time
Another time
Another time
Another time
Another time
Another time
Another time
Another time
Another time
Another time
Another time
Another time
Another time
Another time
Another time
Another time
Another time
Another time
Another time
Another time
Another time
Another time
Another time
Another time
Another time
Another time
Another time
Another time
Another time
Another time
Another time
Another time
Another time
Another time
Another time
Another time
Another time
Another time
Another time
Another time
Another time
Another time
Another time
Another time
Another time
Another time
Another time
Another time
Another time
Another time
Another time
Another time
Another time
Another time
Another time
Another time
Another time
Another time
Another time
Another time
Another time
Another time
Another time
Another time
Another time
Another time
Another time
Another time
Another time
Another time
Another time
Another time
Another time
Another time
Another time
Another time
Another time
Another time
Another time
Another time
Another time
Another time
Another time
Another time
Another time
Another time
Another time
Another time
Another time
Another time
Another time
Another time
Another time
Another time
Another time
Another time
Another time
Another time
Another time
Another time
Another time
Another time
Another time
Another time
Another time
Another time
Another time
Another time
Another time
Another time
Another time
Another time
Another time
Another time
Another time
Another time
Another time
Another time
Another time
Another time
Another time
Another time
Another time
Another time
Another time
Another time
Another time
Another time
Another time
Another time
Another time
Another time
Another time
Another time
Another time
Another time
Another time
Another time
Another time
Another time
Another time
Another time
Another time
Another time
Another time
Another time
Another time
Another time
Another time
Another time
Another time
Another time
Another time
Another time
Another time
Another time
Another time
Another time
Another time
Another time
Another time
Another time
Another time
Another time
Another time
Another time
Another time
Another time
Another time
Another time
Another time
Another time
Another time
Another time
Another time
Another time
Another time
Another time
Another time
Another time
Another time
Another time
Another time
Another time
Another time
Another time
Another time
Another time
Another time
Another time
Another time
Another time
Another time
Another time
Another time
Another time
Another time
Another time
Another time
Another time
Another time
Another time
Another time
Another time
Another time
Another time
Another time
Another time
Another time
Another time
Another time
Another time
Another time
Another time
Another time
Another time
Another time
Another time
Another time
Another time
Another time
Another time
Another time
Another time
Another time
Another time
Another time
Another time
Another time
Another time
Another time
Another time
Another time
Another time
Another time
Another time
Another time
Another time
Another time
Another time
Another time
Another time
Another time
Another time
Another time
Another time
Another time
Another time
Another time
Another time
Another time
Another time
Another time
Another time
Another time
Another time
Another time
Another time
Another time
Another time
Another time
Another time
Another time
Another time
Another time
Another time
Another time
Another time
Another time
Another time
Another time
Another time
Another time
Another time
Another time
Another time
Another time
Another time
Another time
Another time
Another time
Another time
Another time
Another time
Another time
Another time
Another time
Another time
Another time
Another time
Another time
Another time
Another time
Another time
Another time
Another time
Another time
Another time
Another time
Another time
Another time
Another time
Another time
Another time
Another time
Another time
Another time
Another time
Another time
Another time
Another time
Another time
Another time
Another time
Another time
Another time
Another time
Another time
Another time
Another time
Another time
Another time
Another time
Another time
Another time
Another time
Another time
Another time
Another time
Another time
Another time
Another time
Another time
Another time
Another time
Another time
Another time
Another time
Another time
Another time
Another time
Another time
Another time
Another time
Another time
Another time
Another time
Another time
Another time
Another time
Another time
Another time
Another time
Another time
Another time
Another time
Another time
Another time
Another time
Another time
Another time
Another time
Another time
Another time
Another time
Another time
Another time
Another time
Another time
Another time
Another time
Another time
Another time
Another time
Another time
Another time
Another time
Another time
Another time
Another time
Another time
Another time
Another time
Another time
Another time
Another time
Another time
Another time
Another time
Another time
Another time
Another time
Another time
Another time
Another time
Another time
Another time
Another time
Another time
Another time
Another time
Another time
Another time
Another time
Another time
Another time
Another time
Another time
Another time
Another time
Another time
Another time
Another time
Another time
Another time
Another time
Another time
Another time
Another time
Another time
Another time
Another time
Another time
Another time
Another time
Another time
Another time
Another time
Another time
Another time
Another time
Another time
Another time
Another time
Another time
Another time
Another time
Another time
Another time
Another time
Another time
Another time
Another time
Another time
Another time
Another time
Another time
Another time
Another time
Another time
Another time
Another time
Another time
Another time
Another time
Another time
Another time
Another time
Another time
Another time
Another time
Another time
Another time
Another time
Another time
Another time
Another time
Another time
Another time
Another time
Another time
Another time
Another time
Another time
Another time
Another time
Another time
Another time
Another time
Another time
Another time
Another time
Another time
Another time
Another time
Another time
Another time
Another time
Another time
Another time
Another time
Another time
Another time
Another time
Another time
Another time
Another time
Another time
Another time
Another time
Another time
Another time
Another time
Another time
Another time
Another time
Another time
Another time
Another time
Another time
Another time
Another time
Another time
Another time
Another time
Another time
Another time
Another time
Another time
Another time
Another time
Another time
Another time
Another time
Another time
Another time
Another time
Another time
Another time
Another time
Another time
Another time
Another time
Another time
Another time
Another time
Another time
Another time
Another time
Another time
Another time
Another time
Another time
Another time
Another time
Another time
Another time
Another time
Another time
Another time
Another time
Another time
Another time
Another time
Another time
Another time
Another time
Another time
Another time
Another time
Another time
Another time
Another time
Another time
Another time
Another time
Another time
Another time
Another time
Another time
Another time
Another time
Another time
Another time
Another time
Another time
Another time
Another time
Another time
Another time
Another time
Another time
Another time
Another time
Another time
Another time
Another time
Another time
Another time
Another time
Another time
Another time
Another time
Another time
Another time
Another time
Another time
Another time
Another time
Another time
Another time
Another time
Another time
Another time
Another time
Another time
Another time
Another time
Another time
Another time
Another time
Another time
Another time
Another time
Another time
Another time
Another time
Another time
Another time
Another time
Another time
Another time
Another time
Another time
Another time
Another time
Another time
Another time
Another time
Another time
Another time
Another time
Another time
Another time
Another time
Another time
Another time
Another time
Another time
Another time
Another time
Another time
Another time
Another time
Another time
Another time
Another time
Another time
Another time
Another time
Another time
Another time
Another time
Another time
Another time
Another time
Another time
Another time
Another time
Another time
Another time
Another time
Another time
Another time
Another time
Another time
Another time
Another time
Another time
Another time
Another time
Another time
Another time
Another time
Another time
Another time
Another time
Another time
Another time
Another time
Another time
Another time
Another time
Another time
Another time
Another time
Another time
Another time
Another time
Another time
Another time
Another time
Another time
Another time
Another time
Another time
Another time
Another time
Another time
Another time
Another time
Another time
Another time
Another time
Another time
Another time
Another time
Another time
Another time
Another time
Another time
Another time
Another time
Another time
Another time
Another time
Another time
Another time
Another time
Another time
Another time
Another time
Another time
Another time
Another time
Another time
Another time
Another time
Another time
Another time
Another time
Another time
Another time
Another time
Another time
Another time
Another time
Another time
Another time
Another time
Another time
Another time
Another time
Another time
Another time
Another time
Another time
Another time
Another time
Another time
Another time
Another time
Another time
Another time
Another time
Another time
Another time
Another time
Another time
Another time
Another time
Another time
Another time
Another time
Another time
Another time
Another time
Another time
Another time
Another time
Another time
Another time
Another time
Another time
Another time
Another time
Another time
Another time
Another time
Another time
Another time
Another time
Another time
Another time
Another time
Another time
Another time
Another time
Another time
Another time
Another time
Another time
Another time
Another time
Another time
Another time
Another time
Another time
Another time
Another time
Another time
Another time
Another time
Another time
Another time
Another time
Another time
Another time
Another time
Another time
Another time
Another time
Another time
Another time
Another time
Another time
Another time
Another time
Another time
Another time
Another time
Another time
Another time
Another time
Another time
Another time
Another time
Another time
Another time
Another time
Another time
Another time
Another time
Another time
Another time
Another time
Another time
Another time
Another time
Another time
Another time
Another time
Another time
Another time
Another time
Another time
Another time
Another time
Another time
Another time
Another time
Another time
Another time
Another time
Another time
Another time
Another time
Another time
Another time
Another time
Another time
Another time
Another time
Another time
Another time
Another time
Another time
Another time
Another time
Another time
Another time
Another time
Another time
Another time
Another time
Another time
Another time
Another time
Another time
Another time
Another time
Another time
Another time
Another time
Another time
Another time
Another time
Another time
Another time
Another time
Another time
Another time
Another time
Another time
Another time
Another time
Another time
Another time
Another time
Another time
Another time
Another time
Another time
Another time
Another time
Another time
Another time
Another time
Another time
Another time
Another time
Another time
Another time
Another time
Another time
Another time
Another time
Another time
Another time
Another time
Another time
Another time
Another time
Another time
Another time
Another time
Another time
Another time
Another time
Another time
Another time
Another time
Another time
Another time
Another time
Another time
Another time
Another time
Another time
Another time
Another time
Another time
Another time
Another time
Another time
Another time
Another time
Another time
Another time
Another time
Another time
Another time
Another time
Another time
Another time
Another time
Another time
Another time
Another time
Another time
Another time
Another time
Another time
Another time
Another time
Another time
Another time
Another time
Another time
Another time
Another time
Another time
Another time
Another time
Another time
Another time
Another time
Another time
Another time
Another time
Another time
Another time
Another time
Another time
Another time
Another time
Another time
Another time
Another time
Another time
Another time
Another time
Another time
Another time
Another time
Another time
Another time
Another time
Another time
Another time
Another time
Another time
Another time
Another time
Another time
Another time
Another time
Another time
Another time
Another time
Another time
Another time
Another time
Another time
Another time
Another time
Another time
Another time
Another time
Another time
Another time
Another time
Another time
Another time
Another time
Another time
Another time
Another time
Another time
Another time
Another time
Another time
Another time
Another time
Another time
Another time
Another time
Another time
Another time
Another time
Another time
Another time
Another time
Another time
Another time
Another time
Another time
Another time
Another time
Another time
Another time
Another time
Another time
Another time
Another time
Another time
Another time
Another time
Another time
Another time
Another time
Another time
Another time
Another time
Another time
Another time
Another time
Another time
Another time
Another time
Another time
Another time
Another time
Another time
Another time
Another time
Another time
Another time
Another time
Another time
Another time
Another time
Another time
Another time
Another time
Another time
Another time
Another time
Another time
Another time
Another time
Another time
Another time
Another time
Another time
Another time
Another time
Another time
Another time
Another time
Another time
Another time
Another time
Another time
Another time
Another time
Another time
Another time
Another time
Another time
Another time
Another time
Another time
Another time
Another time
Another time
Another time
Another time
Another time
Another time
Another time
Another time
Another time
Another time
Another time
Another time
Another time
Another time
Another time
Another time
Another time
Another time
Another time
Another time
Another time
Another time
Another time
Another time
Another time
Another time
Another time
Another time
Another time
Another time
Another time
Another time
Another time
Another time
Another time
Another time
Another time
Another time
Another time
Another time
Another time
Another time
Another time
Another time
Another time
Another time
Another time
Another time
Another time
Another time
Another time
Another time
Another time
Another time
Another time
Another time
Another time
Another time
Another time
Another time
Another time
Another time
Another time
Another time
Another time
Another time
Another time
Another time
Another time
Another time
Another time
Another time
Another time
Another time
Another time
Another time
Another time
Another time
Another time
Another time
Another time
Another time
Another time
Another time
Another time
Another time
Another time
Another time
Another time
Another time
Another time
Another time
Another time
Another time
Another time
Another time
Another time
Another time
Another time
Another time
Another time
Another time
Another time
Another time
Another time
Another time
Another time
Another time
Another time
Another time
Another time
Another time
Another time
Another time
Another time
Another time
Another time
Another time
Another time
Another time
Another time
Another time
Another time
Another time
Another time
Another time
Another time
Another time
Another time
Another time
Another time
Another time
Another time
Another time
Another time
Another time
Another time
Another time
Another time
Another time
Another time
Another time
Another time
Another time
Another time
Another time
Another time
Another time
Another time
Another time
Another time
Another time
Another time
Another time
Another time
Another time
Another time
Another time
Another time
Another time
Another time
Another time
Another time
Another time
Another time
Another time
Another time
Another time
Another time
Another time
Another time
Another time
Another time
Another time
Another time
Another time
Another time
Another time
Another time
Another time
Another time
Another time
Another time
Another time
Another time
Another time
Another time
Another time
Another time
Another time
Another time
Another time
Another time
Another time
Another time
Another time
Another time
Another time
Another time
Another time
Another time
Another time
Another time
Another time
Another time
Another time
Another time
Another time
Another time
Another time
Another time
Another time
Another time
Another time
Another time
Another time
Another time
Another time
Another time
Another time
Another time
Another time
Another time
Another time
Another time
Another time
Another time
Another time
Another time
Another time
Another time
Another time
Another time
Another time
Another time
Another time
Another time
Another time
Another time
Another time
Another time
Another time
Another time
Another time
Another time
Another time
Another time
Another time
Another time
Another time
Another time
Another time
Another time
Another time
Another time
Another time
Another time
Another time
Another time
Another time
Another time
Another time
Another time
Another time
Another time
Another time
Another time
Another time
Another time
Another time
Another time
Another time
Another time
Another time
Another time
Another time
Another time
Another time
Another time
Another time
Another time
Another time
Another time
Another time
Another time
Another time
Another time
Another time
Another time
Another time
Another time
Another time
Another time
Another time
Another time
Another time
Another time
Another time
Another time
Another time
Another time
Another time
Another time
Another time
Another time
Another time
Another time
Another time
Another time
Another time
Another time
Another time
Another time
Another time
Another time
Another time
Another time
Another time
Another time
Another time
Another time
Another time
Another time
Another time
Another time
Another time
Another time
Another time
Another time
Another time
Another time
Another time
Another time
Another time
Another time
Another time
Another time
Another time
Another time
Another time
Another time
Another time
Another time
Another time
Another time
Another time
Another time
Another time
Another time
Another time
Another time
Another time
Another time
Another time
Another time
Another time
Another time
Another time
Another time
Another time
Another time
Another time
Another time
Another time
Another time
Another time
Another time
Another time
Another time
Another time
Another time
Another time
Another time
Another time
Another time
Another time
Another time
Another time
Another time
Another time
Another time
Another time
Another time
Another time
Another time
Another time
Another time
Another time
Another time
Another time
Another time
Another time
Another time
Another time
Another time
Another time
Another time
Another time
Another time
Another time
Another time
Another time
Another time
Another time
Another time
Another time
Another time
Another time
Another time
Another time
Another time
Another time
Another time
Another time
Another time
Another time
Another time
Another time
Another time
Another time
Another time
Another time
Another time
Another time
Another time
Another time
Another time
Another time
Another time
Another time
Another time
Another time
Another time
Another time
Another time
Another time
Another time
Another time
Another time
Another time
Another time
Another time
Another time
Another time
Another time
Another time
Another time
Another time
Another time
Another time
Another time
Another time
Another time
Another time
Another time
Another time
Another time
Another time
Another time
Another time
Another time
Another time
Another time
Another time
Another time
Another time
Another time
Another time
Another time
Another time
Another time
Another time
Another time
Another time
Another time
Another time
Another time
Another time
Another time
Another time
Another time
Another time
Another time
Another time
Another time
Another time
Another time
Another time
Another time
Another time
Another time
Another time
Another time
Another time
Another time
Another time
Another time
Another time
Another time
Another time
Another time
Another time
Another time
Another time
Another time
Another time
Another time
Another time
Another time
Another time
Another time
Another time
Another time
Another time
Another time
Another time
Another time
Another time
Another time
Another time
Another time
Another time
Another time
Another time
Another time
Another time
Another time
Another time
Another time
Another time
Another time
Another time
Another time
Another time
Another time
Another time
Another time
Another time
Another time
Another time
Another time
Another time
Another time
Another time
Another time
Another time
Another time
Another time
Another time
Another time
Another time
Another time
Another time
Another time
Another time
Another time
Another time
Another time
Another time
Another time
Another time
Another time
Another time
Another time
Another time
Another time
Another time
Another time
Another time
Another time
Another time
Another time
Another time
Another time
Another time
Another time
Another time
Another time
Another time
Another time
Another time
Another time
Another time
Another time
Another time
Another time
Another time
Another time
Another time
Another time
Another time
Another time
Another time
Another time
Another time
Another time
Another time
Another time
Another time
Another time
Another time
Another time
Another time
Another time
Another time
Another time
Another time
Another time
Another time
Another time
Another time
Another time
Another time
Another time
Another time
Another time
Another time
Another time
Another time
Another time
Another time
Another time
Another time
Another time
Another time
Another time
Another time
Another time
Another time
Another time
Another time
Another time
Another time
Another time
Another time
Another time
Another time
Another time
Another time
Another time
Another time
Another time
Another time
Another time
Another time
Another time
Another time
Another time
Another time
Another time
Another time
Another time
Another time
Another time
Another time
Another time
Another time
Another time
Another time
Another time
Another time
Another time
Another time
Another time
Another time
Another time
Another time
Another time
Another time
Another time
Another time
Another time
Another time
Another time
Another time
Another time
Another time
Another time
Another time
Another time
Another time
Another time
Another time
Another time
Another time
Another time
Another time
Another time
Another time
Another time
Another time
Another time
Another time
Another time
Another time
Another time
Another time
Another time
Another time
Another time
Another time
Another time
Another time
Another time
Another time
Another time
Another time
Another time
Another time
Another time
Another time
Another time
Another time
Another time
Another time
Another time
Another time
Another time
Another time
Another time
Another time
Another time
Another time
Another time
Another time
Another time
Another time
Another time
Another time
Another time
Another time
Another time
Another time
Another time
Another time
Another time
Another time
Another time
Another time
Another time
Another time
Another time
Another time
Another time
Another time
Another time
Another time
Another time
Another time
Another time
Another time
Another time
Another time
Another time
Another time
Another time
Another time
Another time
Another time
Another time
Another time
Another time
Another time
Another time
Another time
Another time
Another time
Another time
Another time
Another time
Another time
Another time
Another time
Another time
Another time
Another time
Another time
Another time
Another time
Another time
Another time
Another time
Another time
Another time
Another time
Another time
Another time
Another time
Another time
Another time
Another time
Another time
Another time
Another time
Another time
Another time
Another time
Another time
Another time
Another time
Another time
Another time
Another time
Another time
Another time
Another time
Another time
Another time
Another time
Another time
Another time
Another time
Another time
Another time
Another time
Another time
Another time
Another time
Another time
Another time
Another time
Another time
Another time
Another time
Another time
Another time
Another time
Another time
Another time
Another time
Another time
Another time
Another time
Another time
Another time
Another time
Another time
Another time
Another time
Another time
Another time
Another time
Another time
Another time
Another time
Another time
Another time
Another time
Another time
Another time
Another time
Another time
Another time
Another time
Another time
Another time
Another time
Another time
Another time
Another time
Another time
Another time
Another time
Another time
Another time
Another time
Another time
Another time
Another time
Another time
Another time
Another time
Another time
Another time
Another time
Another time
Another time
Another time
Another time
Another time
Another time
Another time
Another time
Another time
Another time
Another time
Another time
Another time
Another time
Another time
Another time
Another time
Another time
Another time
Another time
Another time
Another time
Another time
Another time
Another time
Another time
Another time
Another time
Another time
Another time
Another time
Another time
Another time
Another time
Another time
Another time
Another time
Another time
Another time
Another time
Another time
Another time
Another time
Another time
Another time
Another time
Another time
Another time
Another time
Another time
Another time
Another time
Another time
Another time
Another time
Another time
Another time
Another time
Another time
Another time
Another time
Another time
Another time
Another time
Another time
Another time
Another time
Another time
Another time
Another time
Another time
Another time
Another time
Another time
Another time
Another time
Another time
Another time
Another time
Another time
Another time
Another time
Another time
Another time
Another time
Another time
Another time
Another time
Another time
Another time
Another time
Another time
Another time
Another time
Another time
Another time
Another time
Another time
Another time
Another time
Another time
Another time
Another time
Another time
Another time
Another time
Another time
Another time
Another time
Another time
Another time
Another time
Another time
Another time
Another time
Another time
Another time
Another time
Another time
Another time
Another time
Another time
Another time
Another time
Another time
Another time
Another time
Another time
Another time
Another time
Another time
Another time
Another time
Another time
Another time
Another time
Another time
Another time
Another time
Another time
Another time
Another time
Another time
Another time
Another time
Another time
Another time
Another time
Another time
Another time
Another time
Another time
Another time
Another time
Another time
Another time
Another time
Another time
Another time
Another time
Another time
Another time
Another time
Another time
Another time
Another time
Another time
Another time
Another time
Another time
Another time
Another time
Another time
Another time
Another time
Another time
Another time
Another time
Another time
Another time
Another time
Another time
Another time
Another time
Another time
Another time
Another time
Another time
Another time
Another time
Another time
Another time
Another time
Another time
Another time
Another time
Another time
Another time
Another time
Another time
Another time
Another time
Another time
Another time
Another time
Another time
Another time
Another time
Another time
Another time
Another time
Another time
Another time
Another time
Another time
Another time
Another time
Another time
Another time
Another time
Another time
Another time
Another time
Another time
Another time
Another time
Another time
Another time
Another time
Another time
Another time
Another time
Another time
Another time
Another time
Another time
Another time
Another time
Another time
Another time
Another time
Another time
Another time
Another time
Another time
Another time
Another time
Another time
Another time
Another time
Another time
Another time
Another time
Another time
Another time
Another time
Another time
Another time
Another time
Another time
Another time
Another time
Another time
Another time
Another time
Another time
Another time
Another time
Another time
Another time
Another time
Another time
Another time
Another time
Another time
Another time
Another time
Another time
Another time
Another time
Another time
Another time
Another time
Another time
Another time
Another time
Another time
Another time
Another time
Another time
Another time
Another time
Another time
Another time
Another time
Another time
Another time
Another time
Another time
Another time
Another time
Another time
Another time
Another time
Another time
Another time
Another time
Another time
Another time
Another time
Another time
Another time
Another time
Another time
Another time
Another time
Another time
Another time
Another time
Another time
Another time
Another time
Another time
Another time
Another time
Another time
Another time
Another time
Another time
Another time
Another time
Another time
Another time
Another time
Another time
Another time
Another time
Another time
Another time
Another time
Another time
Another time
Another time
Another time
Another time
Another time
Another time
Another time
Another time
Another time
Another time
Another time
Another time
Another time
Another time
Another time
Another time
Another time
Another time
Another time
Another time
Another time
Another time
Another time
Another time
Another time
Another time
Another time
Another time
Another time
Another time
Another time
Another time
Another time
Another time
Another time
Another time
Another time
Another time
Another time
Another time
Another time
Another time
Another time
Another time
Another time
Another time
Another time
Another time
Another time
Another time
Another time
Another time
Another time
Another time
Another time
Another time
Another time
Another time
Another time
Another time
Another time
Another time
Another time
Another time
Another time
Another time
Another time
Another time
Another time
Another time
Another time
Another time
Another time
Another time
Another time
Another time
Another time
Another time
Another time
Another time
Another time
Another time
Another time
Another time
Another time
Another time
Another time
Another time
Another time
Another time
Another time
Another time
Another time
Another time
Another time
Another time
Another time
Another time
Another time
Another time
Another time
Another time
Another time
Another time
Another time
Another time
Another time
Another time
Another time
Another time
Another time
Another time
Another time
Another time
Another time
Another time
Another time
Another time
Another time
Another time
Another time
Another time
Another time
Another time
Another time
Another time
Another time
Another time
Another time
Another time
Another time
Another time
Another time
Another time
Another time
Another time
Another time
Another time
Another time
Another time
Another time
Another time
Another time
Another time
Another time
Another time
Another time
Another time
Another time
Another time
Another time
Another time
Another time
Another time
Another time
Another time
Another time
Another time
Another time
Another time
Another time
Another time
Another time
Another time
Another time
Another time
Another time
Another time
Another time
Another time
Another time
Another time
Another time
Another time
Another time
Another time
Another time
Another time
Another time
Another time
Another time
Another time
Another time
Another time
Another time
Another time
Another time
Another time
Another time
Another time
Another time
Another time
Another time
Another time
Another time
Another time
Another time
Another time
Another time
Another time
Another time
Another time
Another time
Another time
Another time
Another time
Another time
Another time
Another time
Another time
Another time
Another time
Another time
Another time
Another time
Another time
Another time
Another time
Another time
Another time
Another time
Another time
Another time
Another time
Another time
Another time
Another time
Another time
Another time
Another time
Another time
Another time
Another time
Another time
Another time
Another time
Another time
Another time
Another time
Another time
Another time
Another time
Another time
Another time
Another time
Another time
Another time
Another time
Another time
Another time
Another time
Another time
Another time
Another time
Another time
Another time
Another time
Another time
Another time
Another time
Another time
Another time
Another time
Another time
Another time
Another time
Another time
Another time
Another time
Another time
Another time
Another time
Another time
Another time
Another time
Another time
Another time
Another time
Another time
Another time
Another time
Another time
Another time
Another time
Another time
Another time
Another time
Another time
Another time
Another time
Another time
Another time
Another time
Another time
Another time
Another time
Another time
Another time
Another time
Another time
Another time
Another time
Another time
Another time
Another time
Another time
Another time
Another time
Another time
Another time
Another time
Another time
Another time
Another time
Another time
Another time
Another time
Another time
Another time
Another time
Another time
Another time
Another time
Another time
Another time
Another time
Another time
Another time
Another time
Another time
Another time
Another time
Another time
Another time
Another time
Another time
Another time
Another time
Another time
Another time
Another time
Another time
Another time
Another time
Another time
Another time
Another time
Another time
Another time
Another time
Another time
Another time
Another time
Another time
Another time
Another time
Another time
Another time
Another time
Another time
Another time
Another time
Another time
Another time
Another time
Another time
Another time
Another time
Another time
Another time
Another time
Another time
Another time
Another time
Another time
Another time
Another time
Another time
Another time
Another time
Another time
Another time
Another time
Another time
Another time
Another time
Another time
Another time
Another time
Another time
Another time
Another time
Another time
Another time
Another time
Another time
Another time
Another time
Another time
Another time
Another time
Another time
Another time
Another time
Another time
Another time
Another time
Another time
Another time
Another time
Another time
Another time
Another time
Another time
Another time
Another time
Another time
Another time
Another time
Another time
Another time
Another time
Another time
Another time
Another time
Another time
Another time
Another time
Another time
Another time
Another time
Another time
Another time
Another time
Another time
Another time
Another time
Another time
Another time
Another time
Another time
Another time
Another time
Another time
Another time
Another time
Another time
Another time
Another time
Another time
Another time
Another time
Another time
Another time
Another time
Another time
Another time
Another time
Another time
Another time
Another time
Another time
Another time
Another time
Another time
Another time
Another time
Another time
Another time
Another time
Another time
Another time
Another time
Another time
Another time
Another time
Another time
Another time
Another time
Another time
Another time
Another time
Another time
Another time
Another time
Another time
Another time
Another time
Another time
Another time
Another time
Another time
Another time
Another time
Another time
Another time
Another time
Another time
Another time
Another time
Another time
Another time
Another time
Another time
Another time
Another time
Another time
Another time
Another time
Another time
Another time
Another time
Another time
Another time
Another time
Another time
Another time
Another time
Another time
Another time
Another time
Another time
Another time
Another time
Another time
Another time
Another time
Another time
Another time
Another time
Another time
Another time
Another time
Another time
Another time
Another time
Another time
Another time
Another time
Another time
Another time
Another time
Another time
Another time
Another time
Another time
Another time
Another time
Another time
Another time
Another time
Another time
Another time
Another time
Another time
Another time
Another time
Another time
Another time
Another time
Another time
Another time
Another time
Another time
Another time
Another time
Another time
Another time
Another time
Another time
Another time
Another time
Another time
Another time
Another time
Another time
Another time
Another time
Another time
Another time
Another time
Another time
Another time
Another time
Another time
Another time
Another time
Another time
Another time
Another time
Another time
Another time
Another time
Another time
Another time
Another time
Another time
Another time
Another time
Another time
Another time
Another time
Another time
Another time
Another time
Another time
Another time
Another time
Another time
Another time
Another time
Another time
Another time
Another time
Another time
Another time
Another time
Another time
Another time
Another time
Another time
Another time
Another time
Another time
Another time
Another time
Another time
Another time
Another time
Another time
Another time
Another time
Another time
Another time
Another time
Another time
Another time
Another time
Another time
Another time
Another time
Another time
Another time
Another time
Another time
Another time
Another time
Another time
Another time
Another time
Another time
Another time
Another time
Another time
Another time
Another time
Another time
Another time
Another time
Another time
Another time
Another time
Another time
Another time
Another time
Another time
Another time
Another time
Another time
Another time
Another time
Another time
Another time
Another time
Another time
Another time
Another time
Another time
Another time
Another time
Another time
Another time
Another time
Another time
Another time
Another time
Another time
Another time
Another time
Another time
Another time
Another time
Another time
Another time
Another time
Another time
Another time
Another time
Another time
Another time
Another time
Another time
Another time
Another time
Another time
Another time
Another time
Another time
Another time
Another time
Another time
Another time
Another time
Another time
Another time
Another time
Another time
Another time
Another time
Another time
Another time
Another time
Another time
Another time
Another time
Another time
Another time
Another time
Another time
Another time
Another time
Another time
Another time
Another time
Another time
Another time
Another time
Another time
Another time
Another time
Another time
Another time
Another time
Another time
Another time
Another time
Another time
Another time
Another time
Another time
Another time
Another time
Another time
Another time
Another time
Another time
Another time
Another time
Another time
Another time
Another time
Another time
Another time
Another time
Another time
Another time
Another time
Another time
Another time
Another time
Another time
Another time
Another time
Another time
Another time
Another time
Another time
Another time
Another time
Another time
Another time
Another time
Another time
Another time
Another time
Another time
Another time
Another time
Another time
Another time
Another time
Another time
Another time
Another time
Another time
Another time
Another time
Another time
Another time
Another time
Another time
Another time
Another time
Another time
Another time
Another time
Another time
Another time
Another time
Another time
Another time
Another time
Another time
Another time
Another time
Another time
Another time
Another time
Another time
Another time
Another time
Another time
Another time
Another time
Another time
Another time
Another time
Another time
Another time
Another time
Another time
Another time
Another time
Another time
Another time
Another time
Another time
Another time
Another time
Another time
Another time
Another time
Another time
Another time
Another time
Another time
Another time
Another time
Another time
Another time
Another time
Another time
Another time
Another time
Another time
Another time
Another time
Another time
Another time
Another time
Another time
Another time
Another time
Another time
Another time
Another time
Another time
Another time
Another time
Another time
Another time
Another time
Another time
Another time
Another time
Another time
Another time
Another time
Another time
Another time
Another time
Another time
Another time
Another time
Another time
Another time
Another time
Another time
Another time
Another time
Another time
Another time
Another time
Another time
Another time
Another time
Another time
Another time
Another time
Another time
Another time
Another time
Another time
Another time
Another time
Another time
Another time
Another time
Another time
Another time
Another time
Another time
Another time
Another time
Another time
Another time
Another time
Another time
Another time
Another time
Another time
Another time
Another time
Another time
Another time
Another time
Another time
Another time
Another time
Another time
Another time
Another time
Another time
Another time
Another time
Another time
Another time
Another time
Another time
Another time
Another time
Another time
Another time
Another time
Another time
Another time
Another time
Another time
Another time
Another time
Another time
Another time
Another time
Another time
Another time
Another time
Another time
Another time
Another time
Another time
Another time
Another time
Another time
Another time
Another time
Another time
Another time
Another time
Another time
Another time
Another time
Another time
Another time
Another time
Another time
Another time
Another time
Another time
Another time
Another time
Another time
Another time
Another time
Another time
Another time
Another time
Another time
Another time
Another time
Another time
Another time
Another time
Another time
Another time
Another time
Another time
Another time
Another time
Another time
Another time
Another time
Another time
Another time
Another time
Another time
Another time
Another time
Another time
Another time
Another time
Another time
Another time
Another time
Another time
Another time
Another time
Another time
Another time
Another time
Another time
Another time
Another time
Another time
Another time
Another time
Another time
Another time
Another time
Another time
Another time
Another time
Another time
Another time
Another time
Another time
Another time
Another time
Another time
Another time
Another time
Another time
Another time
Another time
Another time
Another time
Another time
Another time
Another time
Another time
Another time
Another time
Another time
Another time
Another time
Another time
Another time
Another time
Another time
Another time
Another time
Another time
Another time
Another time
Another time
Another time
Another time
Another time
Another time
Another time
Another time
Another time
Another time
Another time
Another time
Another time
Another time
Another time
Another time
Another time
Another time
Another time
Another time
Another time
Another time
Another time
Another time
Another time
Another time
Another time
Another time
Another time
Another time
Another time
Another time
Another time
Another time
Another time
Another time
Another time
Another time
Another time
Another time
Another time
Another time
Another time
Another time
Another time
Another time
Another time
Another time
Another time
Another time
Another time
Another time
Another time
Another time
Another time
Another time
Another time
Another time
Another time
Another time
Another time
Another time
Another time
Another time
Another time
Another time
Another time
Another time
Another time
Another time
Another time
Another time
Another time
Another time
Another time
Another time
Another time
Another time
Another time
Another time
Another time
Another time
Another time
Another time
Another time
Another time
Another time
Another time
Another time
Another time
Another time
Another time
Another time
Another time
Another time
Another time
Another time
Another time
Another time
Another time
Another time
Another time
Another time
Another time
Another time
Another time
Another time
Another time
Another time
Another time
Another time
Another time
Another time
Another time
Another time
Another time
Another time
Another time
Another time
Another time
Another time
Another time
Another time
Another time
Another time
Another time
Another time
Another time
Another time
Another time
Another time
Another time
Another time
Another time
Another time
Another time
Another time
Another time
Another time
Another time
Another time
Another time
Another time
Another time
Another time
Another time
Another time
Another time
Another time
Another time
Another time
Another time
Another time
Another time
Another time
Another time
Another time
Another time
Another time
Another time
Another time
Another time
Another time
Another time
Another time
Another time
Another time
Another time
Another time
Another time
Another time
Another time
Another time
Another time
Another time
Another time
Another time
Another time
Another time
Another time
Another time
Another time
Another time
Another time
Another time
Another time
Another time
Another time
Another time
Another time
Another time
Another time
Another time
Another time
Another time
Another time
Another time
Another time
Another time
Another time
Another time
Another time
Another time
Another time
Another time
Another time
Another time
Another time
Another time
Another time
Another time
Another time
Another time
Another time
Another time
Another time
Another time
Another time
Another time
Another time
Another time
Another time
Another time
Another time
Another time
Another time
Another time
Another time
Another time
Another time
Another time
Another time
Another time
Another time
Another time
Another time
Another time
Another time
Another time
Another time
Another time
Another time
Another time
Another time
Another time
Another time
Another time
Another time
Another time
Another time
Another time
Another time
Another time
Another time
Another time
Another time
Another time
Another time
Another time
Another time
Another time
Another time
Another time
Another time
Another time
Another time
Another time
Another time
Another time
Another time
Another time
Another time
Another time
Another time
Another time
Another time
Another time
Another time
Another time
Another time
Another time
Another time
Another time
Another time
Another time
Another time
Another time
Another time
Another time
Another time
Another time
Another time
Another time
Another time
Another time
Another time
Another time
Another time
Another time
Another time
Another time
Another time
Another time
Another time
Another time
Another time
Another time
Another time
Another time
Another time
Another time
Another time
Another time
Another time
Another time
Another time
Another time
Another time
Another time
Another time
Another time
Another time
Another time
Another time
Another time
Another time
Another time
Another time
Another time
Another time
Another time
Another time
Another time
Another time
Another time
Another time
Another time
Another time
Another time
Another time
Another time
Another time
Another time
Another time
Another time
Another time
Another time
Another time
Another time
Another time
Another time
Another time
Another time
Another time
Another time
Another time
Another time
Another time
Another time
Another time
Another time
Another time
Another time
Another time
Another time
Another time
Another time
Another time
Another time
Another time
Another time
Another time
Another time
Another time
Another time
Another time
Another time
Another time
Another time
Another time
Another time
Another time
Another time
Another time
Another time
Another time
Another time
Another time
Another time
Another time
Another time
Another time
Another time
Another time
Another time
Another time
Another time
Another time
Another time
Another time
Another time
Another time
Another time
Another time
Another time
Another time
Another time
Another time
Another time
Another time
Another time
Another time
Another time
Another time
Another time
Another time
Another time
Another time
Another time
Another time
Another time
Another time
Another time
Another time
Another time
Another time
Another time
Another time
Another time
Another time
Another time
Another time
Another time
Another time
Another time
Another time
Another time
Another time
Another time
Another time
Another time
Another time
Another time
Another time
Another time
Another time
Another time
Another time
Another time
Another time
Another time
Another time
Another time
Another time
Another time
Another time
Another time
Another time
Another time
Another time
Another time
Another time
Another time
Another time
Another time
Another time
Another time
Another time
Another time
Another time
Another time
Another time
Another time
Another time
Another time
Another time
Another time
Another time
Another time
Another time
Another time
Another time
Another time
Another time
Another time
Another time
Another time
Another time
Another time
Another time
Another time
Another time
Another time
Another time
Another time
Another time
Another time
Another time
Another time
Another time
Another time
Another time
Another time
Another time
Another time
Another time
Another time
Another time
Another time
Another time
Another time
Another time
Another time
Another time
Another time
Another time
Another time
Another time
Another time
Another time
Another time
Another time
Another time
Another time
Another time
Another time
Another time
Another time
Another time
Another time
Another time
Another time
Another time
Another time
Another time
Another time
Another time
Another time
Another time
Another time
Another time
Another time
Another time
Another time
Another time
Another time
Another time
Another time
Another time
Another time
Another time
Another time
Another time
Another time
Another time
Another time
Another time
Another time
Another time
Another time
Another time
Another time
Another time
Another time
Another time
Another time
Another time
Another time
Another time
Another time
Another time
Another time
Another time
Another time
Another time
Another time
Another time
Another time
Another time
Another time
Another time
Another time
Another time
Another time
Another time
Another time
Another time
Another time
Another time
Another time
Another time
Another time
Another time
Another time
Another time
Another time
Another time
Another time
Another time
Another time
Another time
Another time
Another time
Another time
Another time
Another time
Another time
Another time
Another time
Another time
Another time
Another time
Another time
Another time
Another time
Another time
Another time
Another time
Another time
Another time
Another time
Another time
Another time
Another time
Another time
Another time
Another time
Another time
Another time
Another time
Another time
Another time
Another time
Another time
Another time
Another time
Another time
Another time
Another time
Another time
Another time
Another time
Another time
Another time
Another time
Another time
Another time
Another time
Another time
Another time
Another time
Another time
Another time
Another time
Another time
Another time
Another time
Another time
Another time
Another time
Another time
Another time
Another time
Another time
Another time
Another time
Another time
Another time
Another time
Another time
Another time
Another time
Another time
Another time
Another time
Another time
Another time
Another time
Another time
Another time
Another time
Another time
Another time
Another time
Another time
Another time
Another time
Another time
Another time
Another time
Another time
Another time
Another time
Another time
Another time
Another time
Another time
Another time
Another time
Another time
Another time
Another time
Another time
Another time
Another time
Another time
Another time
Another time
Another time
Another time
Another time
Another time
Another time
Another time
Another time
Another time
Another time
Another time
Another time
Another time
Another time
Another time
Another time
Another time
Another time
Another time
Another time
Another time
Another time
Another time
Another time
Another time
Another time
Another time
Another time
Another time
Another time
Another time
Another time
Another time
Another time
Another time
Another time
Another time
Another time
Another time
Another time
Another time
Another time
Another time
Another time
Another time
Another time
Another time
Another time
Another time
Another time
Another time
Another time
Another time
Another time
Another time
Another time
Another time
Another time
Another time
Another time
Another time
Another time
Another time
Another time
Another time
Another time
Another time
Another time
Another time
Another time
Another time
Another time
Another time
Another time
Another time
Another time
Another time
Another time
Another time
Another time
Another time
Another time
Another time
Another time
Another time
Another time
Another time
Another time
Another time
Another time
Another time
Another time
Another time
Another time
Another time
Another time
Another time
Another time
Another time
Another time
Another time
Another time
Another time
Another time
Another time
Another time
Another time
Another time
Another time
Another time
Another time
Another time
Another time
Another time
Another time
Another time
Another time
Another time
Another time
Another time
Another time
Another time
Another time
Another time
Another time
Another time
Another time
Another time
Another time
Another time
Another time
Another time
Another time
Another time
Another time
Another time
Another time
Another time
Another time
Another time
Another time
Another time
Another time
Another time
Another time
Another time
Another time
Another time
Another time
Another time
Another time
Another time
Another time
Another time
Another time
Another time
Another time
Another time
Another time
Another time
Another time
Another time
Another time
Another time
Another time
Another time
Another time
Another time
Another time
Another time
Another time
Another time
Another time
Another time
Another time
Another time
Another time
Another time
Another time
Another time
Another time
Another time
Another time
Another time
Another time
Another time
Another time
Another time
Another time
Another time
Another time
Another time
Another time
Another time
Another time
Another time
Another time
Another time
Another time
Another time
Another time
Another time
Another time
Another time
Another time
Another time
Another time
Another time
Another time
Another time
Another time
Another time
Another time
Another time
Another time
Another time
Another time
Another time
Another time
Another time
Another time
Another time
Another time
Another time
Another time
Another time
Another time
Another time
Another time
Another time
Another time
Another time
Another time
Another time
Another time
Another time
Another time
Another time
Another time
Another time
Another time
Another time
Another time
Another time
Another time
Another time
Another time
Another time
Another time
Another time
Another time
Another time
Another time
Another time
Another time
Another time
Another time
Another time
Another time
Another time
Another time
Another time
Another time
Another time
Another time
Another time
Another time
Another time
Another time
Another time
Another time
Another time
Another time
Another time
Another time
Another time
Another time
Another time
Another time
Another time
Another time
Another time
Another time
Another time
Another time
Another time
Another time
Another time
Another time
Another time
Another time
Another time
Another time
Another time
Another time
Another time
Another time
Another time
Another time
Another time
Another time
Another time
Another time
Another time
Another time
Another time
Another time
Another time
Another time
Another time
Another time
Another time
Another time
Another time
Another time
Another time
Another time
Another time
Another time
Another time
Another time
Another time
Another time
Another time
Another time
Another time
Another time
Another time
Another time
Another time
Another time
Another time
Another time
Another time
Another time
Another time
Another time
Another time
Another time
Another time
Another time
Another time
Another time
Another time
Another time
Another time
Another time
Another time
Another time
Another time
Another time
Another time
Another time
Another time
Another time
Another time
Another time
Another time
Another time
Another time
Another time
Another time
Another time
Another time
Another time
Another time
Another time
Another time
Another time
Another time
Another time
Another time
Another time
Another time
Another time
Another time
Another time
Another time
Another time
Another time
Another time
Another time
Another time
Another time
Another time
Another time
Another time
Another time
Another time
Another time
Another time
Another time
Another time
Another time
Another time
Another time
Another time
Another time
Another time
Another time
Another time
Another time
Another time
Another time
Another time
Another time
Another time
Another time
Another time
Another time
Another time
Another time
Another time
Another time
Another time
Another time
Another time
Another time
Another time
Another time
Another time
Another time
Another time
Another time
Another time
Another time
Another time
Another time
Another time
Another time
Another time
Another time
Another time
Another time
Another time
Another time
Another time
Another time
Another time
Another time
Another time
Another time
Another time
Another time
Another time
Another time
Another time
Another time
Another time
Another time
Another time
Another time
Another time
Another time
Another time
Another time
Another time
Another time
Another time
Another time
Another time
Another time
Another time
Another time
Another time
Another time
Another time
Another time
Another time
Another time
Another time
Another time
Another time
Another time
Another time
Another time
Another time
Another time
Another time
Another time
Another time
Another time
Another time
Another time
Another time
Another time
Another time
Another time
Another time
Another time
Another time
Another time
Another time
Another time
Another time
Another time
Another time
Another time
Another time
Another time
Another time
Another time
Another time
Another time
Another time
Another time
Another time
Another time
Another time
Another time
Another time
Another time
Another time
Another time
Another time
Another time
Another time
Another time
Another time
Another time
Another time
Another time
Another time
Another time
Another time
Another time
Another time
Another time
Another time
Another time
Another time
Another time
Another time
Another time
Another time
Another time
Another time
Another time
Another time
Another time
Another time
Another time
Another time
Another time
Another time
Another time
Another time
Another time
Another time
Another time
Another time
Another time
Another time
Another time
Another time
Another time
Another time
Another time
Another time
Another time
Another time
Another time
Another time
Another time
Another time
Another time
Another time
Another time
Another time
Another time
Another time
Another time
Another time
Another time
Another time
Another time
Another time
Another time
Another time
Another time
Another time
Another time
Another time
Another time
Another time
Another time
Another time
Another time
Another time
Another time
Another time
Another time
Another time
Another time
Another time
Another time
Another time
Another time
Another time
Another time
Another time
Another time
Another time
Another time
Another time
Another time
Another time
Another time
Another time
Another time
Another time
Another time
Another time
Another time
Another time
Another time
Another time
Another time
Another time
Another time
Another time
Another time
Another time
Another time
Another time
Another time
Another time
Another time
Another time
Another time
Another time
Another time
Another time
Another time
Another time
Another time
Another time
Another time
Another time
Another time
Another time
Another time
Another time
Another time
Another time
Another time
Another time
Another time
Another time
Another time
Another time
Another time
Another time
Another time
Another time
Another time
Another time
Another time
Another time
Another time
Another time
Another time
Another time
Another time
Another time
Another time
Another time
Another time
Another time
Another time
Another time
Another time
Another time
Another time
Another time
Another time
Another time
Another time
Another time
Another time
Another time
Another time
Another time
Another time
Another time
Another time
Another time
Another time
Another time
Another time
Another time
Another time
Another time
Another time
Another time
Another time
Another time
Another time
Another time
Another time
Another time
Another time
Another time
Another time
Another time
Another time
Another time
Another time
Another time
Another time
Another time
Another time
Another time
Another time
Another time
Another time
Another time
Another time
Another time
Another time
Another time
Another time
Another time
Another time
Another time
Another time
Another time
Another time
Another time
Another time
Another time
Another time
Another time
Another time
Another time
Another time
Another time
Another time
Another time
Another time
Another time
Another time
Another time
Another time
Another time
Another time
Another time
Another time
Another time
Another time
Another time
Another time
Another time
Another time
Another time
Another time
Another time
Another time
Another time
Another time
Another time
Another time
Another time
Another time
Another time
Another time
Another time
Another time
Another time
Another time
Another time
Another time
Another time
Another time
Another time
Another time
Another time
Another time
Another time
Another time
Another time
Another time
Another time
Another time
Another time
Another time
Another time
Another time
Another time
Another time
Another time
Another time
Another time
Another time
Another time
Another time
Another time
Another time
Another time
Another time
Another time
Another time
Another time
Another time
Another time
Another time
Another time
Another time
Another time
Another time
Another time
Another time
Another time
Another time
Another time
Another time
Another time
Another time
Another time
Another time
Another time
Another time
Another time
Another time
Another time
Another time
Another time
Another time
Another time
Another time
Another time
Another time
Another time
Another time
Another time
Another time
Another time
Another time
Another time
Another time
Another time
Another time
Another time
Another time
Another time
Another time
Another time
Another time
Another time
Another time
Another time
Another time
Another time
Another time
Another time
Another time
Another time
Another time
Another time
Another time
Another time
Another time
Another time
Another time
Another time
Another time
Another time
Another time
Another time
Another time
Another time
Another time
Another time
Another time
Another time
Another time
Another time
Another time
Another time
Another time
Another time
Another time
Another time
Another time
Another time
Another time
Another time
Another time
Another time
Another time
Another time
Another time
Another time
Another time
Another time
Another time
Another time
Another time
Another time
Another time
Another time
Another time
Another time
Another time
Another time
Another time
Another time
Another time
Another time
Another time
Another time
Another time
Another time
Another time
Another time
Another time
Another time
Another time
Another time
Another time
Another time
Another time
Another time
Another time
Another time
Another time
Another time
Another time
Another time
Another time
Another time
Another time
Another time
Another time
Another time
Another time
Another time
Another time
Another time
Another time
Another time
Another time
Another time
Another time
Another time
Another time
Another time
Another time
Another time
Another time
Another time
Another time
Another time
Another time
Another time
Another time
Another time
Another time
Another time
Another time
Another time
Another time
Another time
Another time
Another time
Another time
Another time
Another time
Another time
Another time
Another time
Another time
Another time
Another time
Another time
Another time
Another time
Another time
Another time
Another time
Another time
Another time
Another time
Another time
Another time
Another time
Another time
Another time
Another time
Another time
Another time
Another time
Another time
Another time
Another time
Another time
Another time
Another time
Another time
Another time
Another time
Another time
Another time
Another time
Another time
Another time
Another time
Another time
Another time
Another time
Another time
Another time
Another time
Another time
Another time
Another time
Another time
Another time
Another time
Another time
Another time
Another time
Another time
Another time
Another time
Another time
Another time
Another time
Another time
Another time
Another time
Another time
Another time
Another time
Another time
Another time
Another time
Another time
Another time
Another time
Another time
Another time
Another time
Another time
Another time
Another time
Another time
Another time
Another time
Another time
Another time
Another time
Another time
Another time
Another time
Another time
Another time
Another time
Another time
Another time
Another time
Another time
Another time
Another time
Another time
Another time
Another time
Another time
Another time
Another time
Another time
Another time
Another time
Another time
Another time
Another time
Another time
Another time
Another time
Another time
Another time
Another time
Another time
Another time
Another time
Another time
Another time
Another time
Another time
Another time
Another time
Another time
Another time
Another time
Another time
Another time
Another time
Another time
Another time
Another time
Another time
Another time
Another time
Another time
Another time
Another time
Another time
Another time
Another time
Another time
Another time
Another time
Another time
Another time
Another time
Another time
Another time
Another time
Another time
Another time
Another time
Another time
Another time
Another time
Another time
Another time
Another time
Another time
Another time
Another time
Another time
Another time
Another time
Another time
Another time
Another time
Another time
Another time
Another time
Another time
Another time
Another time
Another time
Another time
Another time
Another time
Another time
Another time
Another time
Another time
Another time
Another time
Another time
Another time
Another time
Another time
Another time
Another time
Another time
Another time
Another time
Another time
Another time
Another time
Another time
Another time
Another time
Another time
Another time
Another time
Another time
Another time
Another time
Another time
Another time
Another time
Another time
Another time
Another time
Another time
Another time
Another time
Another time
Another time
Another time
Another time
Another time
Another time
Another time
Another time
Another time
Another time
Another time
Another time
Another time
Another time
Another time
Another time
Another time
Another time
Another time
Another time
Another time
Another time
Another time
Another time
Another time
Another time
Another time
Another time
Another time
Another time
Another time
Another time
Another time
Another time
Another time
Another time
Another time
Another time
Another time
Another time
Another time
Another time
Another time
Another time
Another time
Another time
Another time
Another time
Another time
Another time
Another time
Another time
Another time
Another time
Another time
Another time
Another time
Another time
Another time
Another time
Another time
Another time
Another time
Another time
Another time
Another time
Another time
Another time
Another time
Another time
Another time
Another time
Another time
Another time
Another time
Another time
Another time
Another time
Another time
Another time
Another time
Another time
Another time
Another time
Another time
Another time
Another time
Another time
Another time
Another time
Another time
Another time
Another time
Another time
Another time
Another time
Another time
Another time
Another time
Another time
Another time
Another time
Another time
Another time
Another time
Another time
Another time
Another time
Another time
Another time
Another time
Another time
Another time
Another time
Another time
Another time
Another time
Another time
Another time
Another time
Another time
Another time
Another time
Another time
Another time
Another time
Another time
Another time
Another time
Another time
Another time
Another time
Another time
Another time
Another time
Another time
Another time
Another time
Another time
Another time
Another time
Another time
Another time
Another time
Another time
Another time
Another time
Another time
Another time
Another time
Another time
Another time
Another time
Another time
Another time
Another time
Another time
Another time
Another time
Another time
Another time
Another time
Another time
Another time
Another time
Another time
Another time
Another time
Another time
Another time
Another time
Another time
Another time
Another time
Another time
Another time
Another time
Another time
Another time
Another time
Another time
Another time
Another time
Another time
Another time
Another time
Another time
Another time
Another time
Another time
Another time
Another time
Another time
Another time
Another time
Another time
Another time
Another time
Another time
Another time
Another time
Another time
Another time
Another time
Another time
Another time
Another time
Another time
Another time
Another time
Another time
Another time
Another time
Another time
Another time
Another time
Another time
Another time
Another time
Another time
Another time
Another time
Another time
Another time
Another time
Another time
Another time
Another time
Another time
Another time
Another time
Another time
Another time
Another time
Another time
Another time
Another time
Another time
Another time
Another time
Another time
Another time
Another time
Another time
Another time
Another time
Another time
Another time
Another time
Another time
Another time
Another time
Another time
Another time
Another time
Another time
Another time
Another time
Another time
Another time
Another time
Another time
Another time
Another time
Another time
Another time
Another time
Another time
Another time
Another time
Another time
Another time
Another time
Another time
Another time
Another time
Another time
Another time
Another time
Another time
Another time
Another time
Another time
Another time
Another time
Another time
Another time
Another time
Another time
Another time
Another time
Another time
Another time
Another time
Another time
Another time
Another time
Another time
Another time
Another time
Another time
Another time
Another time
Another time
Another time
Another time
Another time
Another time
Another time
Another time
Another time
Another time
Another time
Another time
Another time
Another time
Another time
Another time
Another time
Another time
Another time
Another time
Another time
Another time
Another time
Another time
Another time
Another time
Another time
Another time
Another time
Another time
Another time
Another time
Another time
Another time
Another time
Another time
Another time
Another time
Another time
Another time
Another time
Another time
Another time
Another time
Another time
Another time
Another time
Another time
Another time
Another time
Another time
Another time
Another time
Another time
Another time
Another time
Another time
Another time
Another time
Another time
Another time
Another time
Another time
Another time
Another time
Another time
Another time
Another time
Another time
Another time
Another time
Another time
Another time
Another time
Another time
Another time
Another time
Another time
Another time
Another time
Another time
Another time
Another time
Another time
Another time
Another time
Another time
Another time
Another time
Another time
Another time
Another time
Another time
Another time
Another time
Another time
Another time
Another time
Another time
Another time
Another time
Another time
Another time
Another time
Another time
Another time
Another time
Another time
Another time
Another time
Another time
Another time
Another time
Another time
Another time
Another time
Another time
Another time
Another time
Another time
Another time
Another time
Another time
Another time
Another time
Another time
Another time
Another time
Another time
Another time
Another time
Another time
Another time
Another time
Another time
Another time
Another time
Another time
Another time
Another time
Another time
Another time
Another time
Another time
Another time
Another time
Another time
Another time
Another time
Another time
Another time
Another time
Another time
Another time
Another time
Another time
Another time
Another time
Another time
Another time
Another time
Another time
Another time
Another time
Another time
Another time
Another time
Another time
Another time
Another time
Another time
Another time
Another time
Another time
Another time
Another time
Another time
Another time
Another time
Another time
Another time
Another time
Another time
Another time
Another time
Another time
Another time
Another time
Another time
Another time
Another time
Another time
Another time
Another time
Another time
Another time
Another time
Another time
Another time
Another time
Another time
Another time
Another time
Another time
Another time
Another time
Another time
Another time
Another time
Another time
Another time
Another time
Another time
Another time
Another time
Another time
Another time
Another time
Another time
Another time
Another time
Another time
Another time
Another time
Another time
Another time
Another time
Another time
Another time
Another time
Another time
Another time
Another time
Another time
Another time
Another time
Another time
Another time
Another time
Another time
Another time
Another time
Another time
Another time
Another time
Another time
Another time
Another time
Another time
Another time
Another time
Another time
Another time
Another time
Another time
Another time
Another time
Another time
Another time
Another time
Another time
Another time
Another time
Another time
Another time
Another time
Another time
Another time
Another time
Another time
Another time
Another time
Another time
Another time
Another time
Another time
Another time
Another time
Another time
Another time
Another time
Another time
Another time
Another time
Another time
Another time
Another time
Another time
Another time
Another time
Another time
Another time
Another time
Another time
Another time
Another time
Another time
Another time
Another time
Another time
Another time
Another time
Another time
Another time
Another time
Another time
Another time
Another time
Another time
Another time
Another time
Another time
Another time
Another time
Another time
Another time
Another time
Another time
Another time
Another time
Another time
Another time
Another time
Another time
Another time
Another time
Another time
Another time
Another time
Another time
Another time
Another time
Another time
Another time
Another time
Another time
Another time
Another time
Another time
Another time
Another time
Another time
Another time
Another time
Another time
Another time
Another time
Another time
Another time
Another time
Another time
Another time
Another time
Another time
Another time
Another time
Another time
Another time
Another time
Another time
Another time
Another time
Another time
Another time
Another time
Another time
Another time
Another time
Another time
Another time
Another time
Another time
Another time
Another time
Another time
Another time
Another time
Another time
Another time
Another time
Another time
Another time
Another time
Another time
Another time
Another time
Another time
Another time
Another time
Another time
Another time
Another time
Another time
Another time
Another time
Another time
Another time
Another time
Another time
Another time
Another time
Another time
Another time
Another time
Another time
Another time
Another time
Another time
Another time
Another time
Another time
Another time
Another time
Another time
Another time
Another time
Another time
Another time
Another time
Another time
Another time
Another time
Another time
Another time
Another time
Another time
Another time
Another time
Another time
Another time
Another time
Another time
Another time
Another time
Another time
Another time
Another time
Another time
Another time
Another time
Another time
Another time
Another time
Another time
Another time
Another time
Another time
Another time
Another time
Another time
Another time
Another time
Another time
Another time
Another time
Another time
Another time
Another time
Another time
Another time
Another time
Another time
Another time
Another time
Another time
Another time
Another time
Another time
Another time
Another time
Another time
Another time
Another time
Another time
Another time
Another time
Another time
Another time
Another time
Another time
Another time
Another time
Another time
Another time
Another time
Another time
Another time
Another time
Another time
Another time
Another time
Another time
Another time
Another time
Another time
Another time
Another time
Another time
Another time
Another time
Another time
Another time
Another time
Another time
Another time
Another time
Another time
Another time
Another time
Another time
Another time
Another time
Another time
Another time
Another time
Another time
Another time
Another time
Another time
Another time
Another time
Another time
Another time
Another time
Another time
Another time
Another time
Another time
Another time
Another time
Another time
Another time
Another time
Another time
Another time
Another time
Another time
Another time
Another time
Another time
Another time
Another time
Another time
Another time
Another time
Another time
Another time
Another time
Another time
Another time
Another time
Another time
Another time
Another time
Another time
Another time
Another time
Another time
Another time
Another time
Another time
Another time
Another time
Another time
Another time
Another time
Another time
Another time
Another time
Another time
Another time
Another time
Another time
Another time
Another time
Another time
Another time
Another time
Another time
Another time
Another time
Another time
Another time
Another time
Another time
Another time
Another time
Another time
Another time
Another time
Another time
Another time
Another time
Another time
Another time
Another time
Another time
Another time
Another time
Another time
Another time
Another time
Another time
Another time
Another time
Another time
Another time
Another time
Another time
Another time
Another time
Another time
Another time
Another time
Another time
Another time
Another time
Another time
Another time
Another time
Another time
Another time
Another time
Another time
Another time
Another time
Another time
Another time
Another time
Another time
Another time
Another time
Another time
Another time
Another time
Another time
Another time
Another time
Another time
Another time
Another time
Another time
Another time
Another time
Another time
Another time
Another time
Another time
Another time
Another time
Another time
Another time
Another time
Another time
Another time
Another time
Another time
Another time
Another time
Another time
Another time
Another time
Another time
Another time
Another time
Another time
Another time
Another time
Another time
Another time
Another time
Another time
Another time
Another time
Another time
Another time
Another time
Another time
Another time
Another time
Another time
Another time
Another time
Another time
Another time
Another time
Another time
Another time
Another time
Another time
Another time
Another time
Another time
Another time
Another time
Another time
Another time
Another time
Another time
Another time
Another time
Another time
Another time
Another time
Another time
Another time
Another time
Another time
Another time
Another time
Another time
Another time
Another time
Another time
Another time
Another time
Another time
Another time
Another time
Another time
Another time
Another time
Another time
Another time
Another time
Another time
Another time
Another time
Another time
Another time
Another time
Another time
Another time
Another time
Another time
Another time
Another time
Another time
Another time
Another time
Another time
Another time
Another time
Another time
Another time
Another time
Another time
Another time
Another time
Another time
Another time
Another time
Another time
Another time
Another time
Another time
Another time
Another time
Another time
Another time
Another time
Another time
Another time
Another time
Another time
Another time
Another time
Another time
Another time
Another time
Another time
Another time
Another time
Another time
Another time
Another time
Another time
Another time
Another time
Another time
Another time
Another time
Another time
Another time
Another time
Another time
Another time
Another time
Another time
Another time
Another time
Another time
Another time
Another time
Another time
Another time
Another time
Another time
Another time
Another time
Another time
Another time
Another time
Another time
Another time
Another time
Another time
Another time
Another time
Another time
Another time
Another time
Another time
Another time
Another time
Another time
Another time
Another time
Another time
Another time
Another time
Another time
Another time
Another time
Another time
Another time
Another time
Another time
Another time
Another time
Another time
Another time
Another time
Another time
Another time
Another time
Another time
Another time
Another time
Another time
Another time
Another time
Another time
Another time
Another time
Another time
Another time
Another time
Another time
Another time
Another time
Another time
Another time
Another time
Another time
Another time
Another time
Another time
Another time
Another time
Another time
Another time
Another time
Another time
Another time
Another time
Another time
Another time
Another time
Another time
Another time
Another time
Another time
Another time
Another time
Another time
Another time
Another time
Another time
Another time
Another time
Another time
Another time
Another time
Another time
Another time
Another time
Another time
Another time
Another time
Another time
Another time
Another time
Another time
Another time
Another time
Another time
Another time
Another time
Another time
Another time
Another time
Another time
Another time
Another time
Another time
Another time
Another time
Another time
Another time
Another time
Another time
Another time
Another time
Another time
Another time
Another time
Another time
Another time
Another time
Another time
Another time
Another time
Another time
Another time
Another time
Another time
Another time
Another time
Another time
Another time
Another time
Another time
Another time
Another time
Another time
Another time
Another time
Another time
Another time
Another time
Another time
Another time
Another time
Another time
Another time
Another time
Another time
Another time
Another time
Another time
Another time
Another time
Another time
Another time
Another time
Another time
Another time
Another time
Another time
Another time
Another time
Another time
Another time
Another time
Another time
Another time
Another time
Another time
Another time
Another time
Another time
Another time
Another time
Another time
Another time
Another time
Another time
Another time
Another time
Another time
Another time
Another time
Another time
Another time
Another time
Another time
Another time
Another time
Another time
Another time
Another time
Another time
Another time
Another time
Another time
Another time
Another time
Another time
Another time
Another time
Another time
Another time
Another time
Another time
Another time
Another time
Another time
Another time
Another time
Another time
Another time
Another time
Another time
Another time
Another time
Another time
Another time
Another time
Another time
Another time
Another time
Another time
Another time
Another time
Another time
Another time
Another time
Another time
Another time
Another time
Another time
Another time
Another time
Another time
Another time
Another time
Another time
Another time
Another time
Another time
Another time
Another time
Another time
Another time
Another time
Another time
Another time
Another time
Another time
Another time
Another time
Another time
Another time
Another time
Another time
Another time
Another time
Another time
Another time
Another time
Another time
Another time
Another time
Another time
Another time
Another time
Another time
Another time
Another time
Another time
Another time
Another time
Another time
Another time
Another time
Another time
Another time
Another time
Another time
Another time
Another time
Another time
Another time
Another time
Another time
Another time
Another time
Another time
Another time
Another time
Another time
Another time
Another time
Another time
Another time
Another time
Another time
Another time
Another time
Another time
Another time
Another time
Another time
Another time
Another time
Another time
Another time
Another time
Another time
Another time
Another time
Another time
Another time
Another time
Another time
Another time
Another time
Another time
Another time
Another time
Another time
Another time
Another time
Another time
Another time
Another time
Another time
Another time
Another time
Another time
Another time
Another time
Another time
Another time
Another time
Another time
Another time
Another time
Another time
Another time
Another time
Another time
Another time
Another time
Another time
Another time
Another time
Another time
Another time
Another time
Another time
Another time
Another time
Another time
Another time
Another time
Another time
Another time
Another time
Another time
Another time
Another time
Another time
Another time
Another time
Another time
Another time
Another time
Another time
Another time
Another time
Another time
Another time
Another time
Another time
Another time
Another time
Another time
Another time
Another time
Another time
Another time
Another time
Another time
Another time
Another time
Another time
Another time
Another time
Another time
Another time
Another time
Another time
Another time
Another time
Another time
Another time
Another time
Another time
Another time
Another time
Another time
Another time
Another time
Another time
Another time
Another time
Another time
Another time
Another time
Another time
Another time
Another time
Another time
Another time
Another time
Another time
Another time
Another time
Another time
Another time
Another time
Another time
Another time
Another time
Another time
Another time
Another time
Another time
Another time
Another time
Another time
Another time
Another time
Another time
Another time
Another time
Another time
Another time
Another time
Another time
Another time
Another time
Another time
Another time
Another time
Another time
Another time
Another time
Another time
Another time
Another time
Another time
Another time
Another time
Another time
Another time
Another time
Another time
Another time
Another time
Another time
Another time
Another time
Another time
Another time
Another time
Another time
Another time
Another time
Another time
Another time
Another time
Another time
Another time
Another time
Another time
Another time
Another time
Another time
Another time
Another time
Another time
Another time
Another time
Another time
Another time
Another time
Another time
Another time
Another time
Another time
Another time
Another time
Another time
Another time
Another time
Another time
Another time
Another time
Another time
Another time
Another time
Another time
Another time
Another time
Another time
Another time
Another time
Another time
Another time
Another time
Another time
Another time
Another time
Another time
Another time
Another time
Another time
Another time
Another time
Another time
Another time
Another time
Another time
Another time
Another time
Another time
Another time
Another time
Another time
Another time
Another time
Another time
Another time
Another time
Another time
Another time
Another time
Another time
Another time
Another time
Another time
Another time
Another time
Another time
Another time
Another time
Another time
Another time
Another time
Another time
Another time
Another time
Another time
Another time
Another time
Another time
Another time
Another time
Another time
Another time
Another time
Another time
Another time
Another time
Another time
Another time
Another time
Another time
Another time
Another time
Another time
Another time
Another time
Another time
Another time
Another time
Another time
Another time
Another time
Another time
Another time
Another time
Another time
Another time
Another time
Another time
Another time
Another time
Another time
Another time
Another time
Another time
Another time
Another time
Another time
Another time
Another time
Another time
Another time
Another time
Another time
Another time
Another time
Another time
Another time
Another time
Another time
Another time
Another time
Another time
Another time
Another time
Another time
Another time
Another time
Another time
Another time
Another time
Another time
Another time
Another time
Another time
Another time
Another time
Another time
Another time
Another time
Another time
Another time
Another time
Another time
Another time
Another time
Another time
Another time
Another time
Another time
Another time
Another time
Another time
Another time
Another time
Another time
Another time
Another time
Another time
Another time
Another time
Another time
Another time
Another time
Another time
Another time
Another time
Another time
Another time
Another time
Another time
Another time
Another time
Another time
Another time
Another time
Another time
Another time
Another time
Another time
Another time
Another time
Another time
Another time
Another time
Another time
Another time
Another time
Another time
Another time
Another time
Another time
Another time
Another time
Another time
Another time
Another time
Another time
Another time
Another time
Another time
Another time
Another time
Another time
Another time
Another time
Another time
Another time
Another time
Another time
Another time
Another time
Another time
Another time
Another time
Another time
Another time
Another time
Another time
Another time
Another time
Another time
Another time
Another time
Another time
Another time
Another time
Another time
Another time
Another time
Another time
Another time
Another time
Another time
Another time
Another time
Another time
Another time
Another time
Another time
Another time
Another time
Another time
Another time
Another time
Another time
Another time
Another time
Another time
Another time
Another time
Another time
Another time
Another time
Another time
Another time
Another time
Another time
Another time
Another time
Another time
Another time
Another time
Another time
Another time
Another time
Another time
Another time
Another time
Another time
Another time
Another time
Another time
Another time
Another time
Another time
Another time
Another time
Another time
Another time
Another time
Another time
Another time
Another time
Another time
Another time
Another time
Another time
Another time
Another time
Another time
Another time
Another time
Another time
Another time
Another time
Another time
Another time
Another time
Another time
Another time
Another time
Another time
Another time
Another time
Another time
Another time
Another time
Another time
Another time
Another time
Another time
Another time
Another time
Another time
Another time
Another time
Another time
Another time
Another time
Another time
Another time
Another time
Another time
Another time
Another time
Another time
Another time
Another time
Another time
Another time
Another time
Another time
Another time
Another time
Another time
Another time
Another time
Another time
Another time
Another time
Another time
Another time
Another time
Another time
Another time
Another time
Another time
Another time
Another time
Another time
Another time
Another time
Another time
Another time
Another time
Another time
Another time
Another time
Another time
Another time
Another time
Another time
Another time
Another time
Another time
Another time
Another time
Another time
Another time
Another time
Another time
Another time
Another time
Another time
Another time
Another time
Another time
Another time
Another time
Another time
Another time
Another time
Another time
Another time
Another time
Another time
Another time
Another time
Another time
Another time
Another time
Another time
Another time
Another time
Another time
Another time
Another time
Another time
Another time
Another time
Another time
Another time
Another time
Another time
Another time
Another time
Another time
Another time
Another time
Another time
Another time
Another time
Another time
Another time
Another time
Another time
Another time
Another time
Another time
Another time
Another time
Another time
Another time
Another time
Another time
Another time
Another time
Another time
Another time
Another time
Another time
Another time
Another time
Another time
Another time
Another time
Another time
Another time
Another time
Another time
Another time
Another time
Another time
Another time
Another time
Another time
Another time
Another time
Another time
Another time
Another time
Another time
Another time
Another time
Another time
Another time
Another time
Another time
Another time
Another time
Another time
Another time
Another time
Another time
Another time
Another time
Another time
Another time
Another time
Another time
Another time
Another time
Another time
Another time
Another time
Another time
Another time
Another time
Another time
Another time
Another time
Another time
Another time
Another time
Another time
Another time
Another time
Another time
Another time
Another time
Another time
Another time
Another time
Another time
Another time
Another time
Another time
Another time
Another time
Another time
Another time
Another time
Another time
Another time
Another time
Another time
Another time
Another time
Another time
Another time
Another time
Another time
Another time
Another time
Another time
Another time
Another time
Another time
Another time
Another time
Another time
Another time
Another time
Another time
Another time
Another time
Another time
Another time
Another time
Another time
Another time
Another time
Another time
Another time
Another time
Another time
Another time
Another time
Another time
Another time
Another time
Another time
Another time
Another time
Another time
Another time
Another time
Another time
Another time
Another time
Another time
Another time
Another time
Another time
Another time
Another time
Another time
Another time
Another time
Another time
Another time
Another time
Another time
Another time
Another time
Another time
Another time
Another time
Another time
Another time
Another time
Another time
Another time
Another time
Another time
Another time
Another time
Another time
Another time
Another time
Another time
Another time
Another time
Another time
Another time
Another time
Another time
Another time
Another time
Another time
Another time
Another time
Another time
Another time
Another time
Another time
Another time
Another time
Another time
Another time
Another time
Another time
Another time
Another time
Another time
Another time
Another time
Another time
Another time
Another time
Another time
Another time
Another time
Another time
Another time
Another time
Another time
Another time
Another time
Another time
Another time
Another time
Another time
Another time
Another time
Another time
Another time
Another time
Another time
Another time
Another time
Another time
Another time
Another time
Another time
Another time
Another time
Another time
Another time
Another time
Another time
Another time
Another time
Another time
Another time
Another time
Another time
Another time
Another time
Another time
Another time
Another time
Another time
Another time
Another time
Another time
Another time
Another time
Another time
Another time
Another time
Another time
Another time
Another time
Another time
Another time
Another time
Another time
Another time
Another time
Another time
Another time
Another time
Another time
Another time
Another time
Another time
Another time
Another time
Another time
Another time
Another time
Another time
Another time
Another time
Another time
Another time
Another time
Another time
Another time
Another time
Another time
Another time
Another time
Another time
Another time
Another time
Another time
Another time
Another time
Another time
Another time
Another time
Another time
Another time
Another time
Another time
Another time
Another time
Another time
Another time
Another time
Another time
Another time
Another time
Another time
Another time
Another time
Another time
Another time
Another time
Another time
Another time
Another time
Another time
Another time
Another time
Another time
Another time
Another time
Another time
Another time
Another time
Another time
Another time
Another time
Another time
Another time
Another time
Another time
Another time
Another time
Another time
Another time
Another time
Another time
Another time
Another time
Another time
Another time
Another time
Another time
Another time
Another time
Another time
Another time
Another time
Another time
Another time
Another time
Another time
Another time
Another time
Another time
Another time
Another time
Another time
Another time
Another time
Another time
Another time
Another time
Another time
Another time
Another time
Another time
Another time
Another time
Another time
Another time
Another time
Another time
Another time
Another time
Another time
Another time
Another time
Another time
Another time
Another time
Another time
Another time
Another time
Another time
Another time
Another time
Another time
Another time
Another time
Another time
Another time
Another time
Another time
Another time
Another time
Another time
Another time
Another time
Another time
Another time
Another time
Another time
Another time
Another time
Another time
Another time
Another time
Another time
Another time
Another time
Another time
Another time
Another time
Another time
Another time
Another time
Another time
Another time
Another time
Another time
Another time
Another time
Another time
Another time
Another time
Another time
Another time
Another time
Another time
Another time
Another time
Another time
Another time
Another time
Another time
Another time
Another time
Another time
Another time
Another time
Another time
Another time
Another time
Another time
Another time
Another time
Another time
Another time
Another time
Another time
Another time
Another time
Another time
Another time
Another time
Another time
Another time
Another time
Another time
Another time
Another time
Another time
Another time
Another time
Another time
Another time
Another time
Another time
Another time
Another time
Another time
Another time
Another time
Another time
Another time
Another time
Another time
Another time
Another time
Another time
Another time
Another time
Another time
Another time
Another time
Another time
Another time
Another time
Another time
Another time
Another time
Another time
Another time
Another time
Another time
Another time
Another time
Another time
Another time
Another time
Another time
Another time
Another time
Another time
Another time
Another time
Another time
Another time
Another time
Another time
Another time
Another time
Another time
Another time
Another time
Another time
Another time
Another time
Another time
Another time
Another time
Another time
Another time
Another time
Another time
Another time
Another time
Another time
Another time
Another time
Another time
Another time
Another time
Another time
Another time
Another time
Another time
Another time
Another time
Another time
Another time
Another time
Another time
Another time
Another time
Another time
Another time
Another time
Another time
Another time
Another time
Another time
Another time
Another time
Another time
Another time
Another time
Another time
Another time
Another time
Another time
Another time
Another time
Another time
Another time
Another time
Another time
Another time
Another time
Another time
Another time
Another time
Another time
Another time
Another time
Another time
Another time
Another time
Another time
Another time
Another time
Another time
Another time
Another time
Another time
Another time
Another time
Another time
Another time
Another time
Another time
Another time
Another time
Another time
Another time
Another time
Another time
Another time
Another time
Another time
Another time
Another time
Another time
Another time
Another time
Another time
Another time
Another time
Another time
Another time
Another time
Another time
Another time
Another time
Another time
Another time
Another time
Another time
Another time
Another time
Another time
Another time
Another time
Another time
Another time
Another time
Another time
Another time
Another time
Another time
Another time
Another time
Another time
Another time
Another time
Another time
Another time
Another time
Another time
Another time
Another time
Another time
Another time
Another time
Another time
Another time
Another time
Another time
Another time
Another time
Another time
Another time
Another time
Another time
Another time
Another time
Another time
Another time
Another time
Another time
Another time
Another time
Another time
Another time
Another time
Another time
Another time
Another time
Another time
Another time
Another time
Another time
Another time
Another time
Another time
Another time
Another time
Another time
Another time
Another time
Another time
Another time
Another time
Another time
Another time
Another time
Another time
Another time
Another time
Another time
Another time
Another time
Another time
Another time
Another time
Another time
Another time
Another time
Another time
Another time
Another time
Another time
Another time
Another time
Another time
Another time
Another time
Another time
Another time
Another time
Another time
Another time
Another time
Another time
Another time
Another time
Another time
Another time
Another time
Another time
Another time
Another time
Another time
Another time
Another time
Another time
Another time
Another time
Another time
Another time
Another time
Another time
Another time
Another time
Another time
Another time
Another time
Another time
Another time
Another time
Another time
Another time
Another time
Another time
Another time
Another time
Another time
Another time
Another time
Another time
Another time
Another time
Another time
Another time
Another time
Another time
Another time
Another time
Another time
Another time
Another time
Another time
Another time
Another time
Another time
Another time
Another time
Another time
Another time
Another time
Another time
Another time
Another time
Another time
Another time
Another time
Another time
Another time
Another time
Another time
Another time
Another time
Another time
Another time
Another time
Another time
Another time
Another time
Another time
Another time
Another time
Another time
Another time
Another time
Another time
Another time
Another time
Another time
Another time
Another time
Another time
Another time
Another time
Another time
Another time
Another time
Another time
Another time
Another time
Another time
Another time
Another time
Another time
Another time
Another time
Another time
Another time
Another time
Another time
Another time
Another time
Another time
Another time
Another time
Another time
Another time
Another time
Another time
Another time
Another time
Another time
Another time
Another time
Another time
Another time
Another time
Another time
Another time
Another time
Another time
Another time
Another time
Another time
Another time
Another time
Another time
Another time
Another time
Another time
Another time
Another time
Another time
Another time
Another time
Another time
Another time
Another time
Another time
Another time
Another time
Another time
Another time
Another time
Another time
Another time
Another time
Another time
Another time
Another time
Another time
Another time
Another time
Another time
Another time
Another time
Another time
Another time
Another time
Another time
Another time
Another time
Another time
Another time
Another time
Another time
Another time
Another time
Another time
Another time
Another time
Another time
Another time
Another time
Another time
Another time
Another time
Another time
Another time
Another time
Another time
Another time
Another time
Another time
Another time
Another time
Another time
Another time
Another time
Another time
Another time
Another time
Another time
Another time
Another time
Another time
Another time
Another time
Another time
Another time
Another time
Another time
Another time
Another time
Another time
Another time
Another time
Another time
Another time
Another time
Another time
Another time
Another time
Another time
Another time
Another time
Another time
Another time
Another time
Another time
Another time
Another time
Another time
Another time
Another time
Another time
Another time
Another time
Another time
Another time
Another time
Another time
Another time
Another time
Another time
Another time
Another time
Another time
Another time
Another time
Another time
Another time
Another time
Another time
Another time
Another time
Another time
Another time
Another time
Another time
Another time
Another time
Another time
Another time
Another time
Another time
Another time
Another time
Another time
Another time
Another time
Another time
Another time
Another time
Another time
Another time
Another time
Another time
Another time
Another time
Another time
Another time
Another time
Another time
Another time
Another time
Another time
Another time
Another time
Another time
Another time
Another time
Another time
Another time
Another time
Another time
Another time
Another time
Another time
Another time
Another time
Another time
Another time
Another time
Another time
Another time
Another time
Another time
Another time
Another time
Another time
Another time
Another time
Another time
Another time
Another time
Another time
Another time
Another time
Another time
Another time
Another time
Another time
Another time
Another time
Another time
Another time
Another time
Another time
Another time
Another time
Another time
Another time
Another time
Another time
Another time
Another time
Another time
Another time
Another time
Another time
Another time
Another time
Another time
Another time
Another time
Another time
Another time
Another time
Another time
Another time
Another time
Another time
Another time
Another time
Another time
Another time
Another time
Another time
Another time
Another time
Another time
Another time
Another time
Another time
Another time
Another time
Another time
Another time
Another time
Another time
Another time
Another time
Another time
Another time
Another time
Another time
Another time
Another time
Another time
Another time
Another time
Another time
Another time
Another time
Another time
Another time
Another time
Another time
Another time
Another time
Another time
Another time
Another time
Another time
Another time
Another time
Another time
Another time
Another time
Another time
Another time
Another time
Another time
Another time
Another time
Another time
Another time
Another time
Another time
Another time
Another time
Another time
Another time
Another time
Another time
Another time
Another time
Another time
Another time
Another time
Another time
Another time
Another time
Another time
Another time
Another time
Another time
Another time
Another time
Another time
Another time
Another time
Another time
Another time
Another time
Another time
Another time
Another time
Another time
Another time
Another time
Another time
Another time
Another time
Another time
Another time
Another time
Another time
Another time
Another time
Another time
Another time
Another time
Another time
Another time
Another time
Another time
Another time
Another time
Another time
Another time
Another time
Another time
Another time
Another time
Another time
Another time
Another time
Another time
Another time
Another time
Another time
Another time
Another time
Another time
Another time
Another time
Another time
Another time
Another time
Another time
Another time
Another time
Another time
Another time
Another time
Another time
Another time
Another time
Another time
Another time
Another time
Another time
Another time
Another time
Another time
Another time
Another time
Another time
Another time
Another time
Another time
Another time
Another time
Another time
Another time
Another time
Another time
Another time
Another time
Another time
Another time
Another time
Another time
Another time
Another time
Another time
Another time
Another time
Another time
Another time
Another time
Another time
Another time
Another time
Another time
Another time
Another time
Another time
Another time
Another time
Another time
Another time
Another time
Another time
Another time
Another time
Another time
Another time
Another time
Another time
Another time
Another time
Another time
Another time
Another time
Another time
Another time
Another time
Another time
Another time
Another time
Another time
Another time
Another time
Another time
Another time
Another time
Another time
Another time
Another time
Another time
Another time
Another time
Another time
Another time
Another time
Another time
Another time
Another time
Another time
Another time
Another time
Another time
Another time
Another time
Another time
Another time
Another time
Another time
Another time
Another time
Another time
Another time
Another time
Another time
Another time
Another time
Another time
Another time
Another time
Another time
Another time
Another time
Another time
Another time
Another time
Another time
Another time
Another time
Another time
Another time
Another time
Another time
Another time
Another time
Another time
Another time
Another time
Another time
Another time
Another time
Another time
Another time
Another time
Another time
Another time
Another time
Another time
Another time
Another time
Another time
Another time
Another time
Another time
Another time
Another time
Another time
Another time
Another time
Another time
Another time
Another time
Another time
Another time
Another time
Another time
Another time
Another time
Another time
Another time
Another time
Another time
Another time
Another time
Another time
Another time
Another time
Another time
Another time
Another time
Another time
Another time
Another time
Another time
Another time
Another time
Another time
Another time
Another time
Another time
Another time
Another time
Another time
Another time
Another time
Another time
Another time
Another time
Another time
Another time
Another time
Another time
Another time
Another time
Another time
Another time
Another time
Another time
Another time
Another time
Another time
Another time
Another time
Another time
Another time
Another time
Another time
Another time
Another time
Another time
Another time
Another time
Another time
Another time
Another time
Another time
Another time
Another time
Another time
Another time
Another time
Another time
Another time
Another time
Another time
Another time
Another time
Another time
Another time
Another time
Another time
Another time
Another time
Another time
Another time
Another time
Another time
Another time
Another time
Another time
Another time
Another time
Another time
Another time
Another time
Another time
Another time
Another time
Another time
Another time
Another time
Another time
Another time
Another time
Another time
Another time
Another time
Another time
Another time
Another time
Another time
Another time
Another time
Another time
Another time
Another time
Another time
Another time
Another time
Another time
Another time
Another time
Another time
Another time
Another time
Another time
Another time
Another time
Another time
Another time
Another time
Another time
Another time
Another time
Another time
Another time
Another time
Another time
Another time
Another time
Another time
Another time
Another time
Another time
Another time
Another time
Another time
Another time
Another time
Another time
Another time
Another time
Another time
Another time
Another time
Another time
Another time
Another time
Another time
Another time
Another time
Another time
Another time
Another time
Another time
Another time
Another time
Another time
Another time
Another time
Another time
Another time
Another time
Another time
Another time
Another time
Another time
Another time
Another time
Another time
Another time
Another time
Another time
Another time
Another time
Another time
Another time
Another time
Another time
Another time
Another time
Another time
Another time
Another time
Another time
Another time
Another time
Another time
Another time
Another time
Another time
Another time
Another time
Another time
Another time
Another time
Another time
Another time
Another time
Another time
Another time
Another time
Another time
Another time
Another time
Another time
Another time
Another time
Another time
Another time
Another time
Another time
Another time
Another time
Another time
Another time
Another time
Another time
Another time
Another time
Another time
Another time
Another time
Another time
Another time
Another time
Another time
Another time
Another time
Another time
Another time
Another time
Another time
Another time
Another time
Another time
Another time
Another time
Another time
Another time
Another time
Another time
Another time
Another time
Another time
Another time
Another time
Another time
Another time
Another time
Another time
Another time
Another time
Another time
Another time
Another time
Another time
Another time
Another time
Another time
Another time
Another time
Another time
Another time
Another time
Another time
Another time
Another time
Another time
Another time
Another time
Another time
Another time
Another time
Another time
Another time
Another time
Another time
Another time
Another time
Another time
Another time
Another time
Another time
Another time
Another time
Another time
Another time
Another time
Another time
Another time
Another time
Another time
Another time
Another time
Another time
Another time
Another time
Another time
Another time
Another time
Another time
Another time
Another time
Another time
Another time
Another time
Another time
Another time
Another time
Another time
Another time
Another time
Another time
Another time
Another time
Another time
Another time
Another time
Another time
Another time
Another time
Another time
Another time
Another time
Another time
Another time
Another time
Another time
Another time
Another time
Another time
Another time
Another time
Another time
Another time
Another time
Another time
Another time
Another time
Another time
Another time
Another time
Another time
Another time
Another time
Another time
Another time
Another time
Another time
Another time
Another time
Another time
Another time
Another time
Another time
Another time
Another time
Another time
Another time
Another time
Another time
Another time
Another time
Another time
Another time
Another time
Another time
Another time
Another time
Another time
Another time
Another time
Another time
Another time
Another time
Another time
Another time
Another time
Another time
Another time
Another time
Another time
Another time
Another time
Another time
Another time
Another time
Another time
Another time
Another time
Another time
Another time
Another time
Another time
Another time
Another time
Another time
Another time
Another time
Another time
Another time
Another time
Another time
Another time
Another time
Another time
Another time
Another time
Another time
Another time
Another time
Another time
Another time
Another time
Another time
Another time
Another time
Another time
Another time
Another time
Another time
Another time
Another time
Another time
Another time
Another time
Another time
Another time
Another time
Another time
Another time
Another time
Another time
Another time
Another time
Another time
Another time
Another time
Another time
Another time
Another time
Another time
Another time
Another time
Another time
Another time
Another time
Another time
Another time
Another time
Another time
Another time
Another time
Another time
Another time
Another time
Another time
Another time
Another time
Another time
Another time
Another time
Another time
Another time
Another time
Another time
Another time
Another time
Another time
Another time
Another time
Another time
Another time
Another time
Another time
Another time
Another time
Another time
Another time
Another time
Another time
Another time
Another time
Another time
Another time
Another time
Another time
Another time
Another time
Another time
Another time
Another time
Another time
Another time
Another time
Another time
Another time
Another time
Another time
Another time
Another time
Another time
Another time
Another time
Another time
Another time
Another time
Another time
Another time
Another time
Another time
Another time
Another time
Another time
Another time
Another time
Another time
Another time
Another time
Another time
Another time
Another time
Another time
Another time
Another time
Another time
Another time
Another time
Another time
Another time
Another time
Another time
Another time
Another time
Another time
Another time
Another time
Another time
Another time
Another time
Another time
Another time
Another time
Another time
Another time
Another time
Another time
Another time
Another time
Another time
Another time
Another time
Another time
Another time
Another time
Another time
Another time
Another time
Another time
Another time
Another time
Another time
Another time
Another time
Another time
Another time
Another time
Another time
Another time
Another time
Another time
Another time
Another time
Another time
Another time
Another time
Another time
Another time
Another time
Another time
Another time
Another time
Another time
Another time
Another time
Another time
Another time
Another time
Another time
Another time
Another time
Another time
Another time
Another time
Another time
Another time
Another time
Another time
Another time
Another time
Another time
Another time
Another time
Another time
Another time
Another time
Another time
Another time
Another time
Another time
Another time
Another time
Another time
Another time
Another time
Another time
Another time
Another time
Another time
Another time
Another time
Another time
Another time
Another time
Another time
Another time
Another time
Another time
Another time
Another time
Another time
Another time
Another time
Another time
Another time
Another time
Another time
Another time
Another time
Another time
Another time
Another time
Another time
Another time
Another time
Another time
Another time
Another time
Another time
Another time
Another time
Another time
Another time
Another time
Another time
Another time
Another time
Another time
Another time
Another time
Another time
Another time
Another time
Another time
Another time
Another time
Another time
Another time
Another time
Another time
Another time
Another time
Another time
Another time
Another time
Another time
Another time
Another time
Another time
Another time
Another time
Another time
Another time
Another time
Another time
Another time
Another time
Another time
Another time
Another time
Another time
Another time
Another time
Another time
Another time
Another time
Another time
Another time
Another time
Another time
Another time
Another time
Another time
Another time
Another time
Another time
Another time
Another time
Another time
Another time
Another time
Another time
Another time
Another time
Another time
Another time
Another time
Another time
Another time
Another time
Another time
Another time
Another time
Another time
Another time
Another time
Another time
Another time
Another time
Another time
Another time
Another time
Another time
Another time
Another time
Another time
Another time
Another time
Another time
Another time
Another time
Another time
Another time
Another time
Another time
Another time
Another time
Another time
Another time
Another time
Another time
Another time
Another time
Another time
Another time
Another time
Another time
Another time
Another time
Another time
Another time
Another time
Another time
Another time
Another time
Another time
Another time
Another time
Another time
Another time
Another time
Another time
Another time
Another time
Another time
Another time
Another time
Another time
Another time
Another time
Another time
Another time
Another time
Another time
Another time
Another time
Another time
Another time
Another time
Another time
Another time
Another time
Another time
Another time
Another time
Another time
Another time
Another time
Another time
Another time
Another time
Another time
Another time
Another time
Another time
Another time
Another time
Another time
Another time
Another time
Another time
Another time
Another time
Another time
Another time
Another time
Another time
Another time
Another time
Another time
Another time
Another time
Another time
Another time
Another time
Another time
Another time
Another time
Another time
Another time
Another time
Another time
Another time
Another time
Another time
Another time
Another time
Another time
Another time
Another time
Another time
Another time
Another time
Another time
Another time
Another time
Another time
Another time
Another time
Another time
Another time
Another time
Another time
Another time
Another time
Another time
Another time
Another time
Another time
Another time
Another time
Another time
Another time
Another time
Another time
Another time
Another time
Another time
Another time
Another time
Another time
Another time
Another time
Another time
Another time
Another time
Another time
Another time
Another time
Another time
Another time
Another time
Another time
Another time
Another time
Another time
Another time
Another time
Another time
Another time
Another time
Another time
Another time
Another time
Another time
Another time
Another time
Another time
Another time
Another time
Another time
Another time
Another time
Another time
Another time
Another time
Another time
Another time
Another time
Another time
Another time
Another time
Another time
Another time
Another time
Another time
Another time
Another time
Another time
Another time
Another time
Another time
Another time
Another time
Another time
Another time
Another time
Another time
Another time
Another time
Another time
Another time
Another time
Another time
Another time
Another time
Another time
Another time
Another time
Another time
Another time
Another time
Another time
Another time
Another time
Another time
Another time
Another time
Another time
Another time
Another time
Another time
Another time
Another time
Another time
Another time
Another time
Another time
Another time
Another time
Another time
Another time
Another time
Another time
Another time
Another time
Another time
Another time
Another time
Another time
Another time
Another time
Another time
Another time
Another time
Another time
Another time
Another time
Another time
Another time
Another time
Another time
Another time
Another time
Another time
Another time
Another time
Another time
Another time
Another time
Another time
Another time
Another time
Another time
Another time
Another time
Another time
Another time
Another time
Another time
Another time
Another time
Another time
Another time
Another time
Another time
Another time
Another time
Another time
Another time
Another time
Another time
Another time
Another time
Another time
Another time
Another time
Another time
Another time
Another time
Another time
Another time
Another time
Another time
Another time
Another time
Another time
Another time
Another time
Another time
Another time
Another time
Another time
Another time
Another time
Another time
Another time
Another time
Another time
Another time
Another time
Another time
Another time
Another time
Another time
Another time
Another time
Another time
Another time
Another time
Another time
Another time
Another time
Another time
Another time
Another time
Another time
Another time
Another time
Another time
Another time
Another time
Another time
Another time
Another time
Another time
Another time
Another time
Another time
Another time
Another time
Another time
Another time
Another time
Another time
Another time
Another time
Another time
Another time
Another time
Another time
Another time
Another time
Another time
Another time
Another time
Another time
Another time
Another time
Another time
Another time
Another time
Another time
Another time
Another time
Another time
Another time
Another time
Another time
Another time
Another time
Another time
Another time
Another time
Another time
Another time
Another time
Another time
Another time
Another time
Another time
Another time
Another time
Another time
Another time
Another time
Another time
Another time
Another time
Another time
Another time
Another time
Another time
Another time
Another time
Another time
Another time
Another time
Another time
Another time
Another time
Another time
Another time
Another time
Another time
Another time
Another time
Another time
Another time
Another time
Another time
Another time
Another time
Another time
Another time
Another time
Another time
Another time
Another time
Another time
Another time
Another time
Another time
Another time
Another time
Another time
Another time
Another time
Another time
Another time
Another time
Another time
Another time
Another time
Another time
Another time
Another time
Another time
Another time
Another time
Another time
Another time
Another time
Another time
Another time
Another time
Another time
Another time
Another time
Another time
Another time
Another time
Another time
Another time
Another time
Another time
Another time
Another time
Another time
Another time
Another time
Another time
Another time
Another time
Another time
Another time
Another time
Another time
Another time
Another time
Another time
Another time
Another time
Another time
Another time
Another time
Another time
Another time
Another time
Another time
Another time
Another time
Another time
Another time
Another time
Another time
Another time
Another time
Another time
Another time
Another time
Another time
Another time
Another time
Another time
Another time
Another time
Another time
Another time
Another time
Another time
Another time
Another time
Another time
Another time
Another time
Another time
Another time
Another time
Another time
Another time
Another time
Another time
Another time
Another time
Another time
Another time
Another time
Another time
Another time
Another time
Another time
Another time
Another time
Another time
Another time
Another time
Another time
Another time
Another time
Another time
Another time
Another time
Another time
Another time
Another time
Another time
Another time
Another time
Another time
Another time
Another time
Another time
Another time
Another time
Another time
Another time
Another time
Another time
Another time
Another time
Another time
Another time
Another time
Another time
Another time
Another time
Another time
Another time
Another time
Another time
Another time
Another time
Another time
Another time
Another time
Another time
Another time
Another time
Another time
Another time
Another time
Another time
Another time
Another time
Another time
Another time
Another time
Another time
Another time
Another time
Another time
Another time
Another time
Another time
Another time
Another time
Another time
Another time
Another time
Another time
Another time
Another time
Another time
Another time
Another time
Another time
Another time
Another time
Another time
Another time
Another time
Another time
Another time
Another time
Another time
Another time
Another time
Another time
Another time
Another time
Another time
Another time
Another time
Another time
Another time
Another time
Another time
Another time
Another time
Another time
Another time
Another time
Another time
Another time
Another time
Another time
Another time
Another time
Another time
Another time
Another time
Another time
Another time
Another time
Another time
Another time
Another time
Another time
Another time
Another time
Another time
Another time
Another time
Another time
Another time
Another time
Another time
Another time
Another time
Another time
Another time
Another time
Another time
Another time
Another time
Another time
Another time
Another time
Another time
Another time
Another time
Another time
Another time
Another time
Another time
Another time
Another time
Another time
Another time
Another time
Another time
Another time
Another time
Another time
Another time
Another time
Another time
Another time
Another time
Another time
Another time
Another time
Another time
Another time
Another time
Another time
Another time
Another time
Another time
Another time
Another time
Another time
Another time
Another time
Another time
Another time
Another time
Another time
Another time
Another time
Another time
Another time
Another time
Another time
Another time
Another time
Another time
Another time
Another time
Another time
Another time
Another time
Another time
Another time
Another time
Another time
Another time
Another time
Another time
Another time
Another time
Another time
Another time
Another time
Another time
Another time
Another time
Another time
Another time
Another time
Another time
Another time
Another time
Another time
Another time
Another time
Another time
Another time
Another time
Another time
Another time
Another time
Another time
Another time
Another time
Another time
Another time
Another time
Another time
Another time
Another time
Another time
Another time
Another time
Another time
Another time
Another time
Another time
Another time
Another time
Another time
Another time
Another time
Another time
Another time
Another time
Another time
Another time
Another time
Another time
Another time
Another time
Another time
Another time
Another time
Another time
Another time
Another time
Another time
Another time
Another time
Another time
Another time
Another time
Another time
Another time
Another time
Another time
Another time
Another time
Another time
Another time
Another time
Another time
Another time
Another time
Another time
Another time
Another time
Another time
Another time
Another time
Another time
Another time
Another time
Another time
Another time
Another time
Another time
Another time
Another time
Another time
Another time
Another time
Another time
Another time
Another time
Another time
Another time
Another time
Another time
Another time
Another time
Another time
Another time
Another time
Another time
Another time
Another time
Another time
Another time
Another time
Another time
Another time
Another time
Another time
Another time
Another time
Another time
Another time
Another time
Another time
Another time
Another time
Another time
Another time
Another time
Another time
Another time
Another time
Another time
Another time
Another time
Another time
Another time
Another time
Another time
Another time
Another time
Another time
Another time
Another time
Another time
Another time
Another time
Another time
Another time
Another time
Another time
Another time
Another time
Another time
Another time
Another time
Another time
Another time
Another time
Another time
Another time
Another time
Another time
Another time
Another time
Another time
Another time
Another time
Another time
Another time
Another time
Another time
Another time
Another time
Another time
Another time
Another time
Another time
Another time
Another time
Another time
Another time
Another time
Another time
Another time
Another time
Another time
Another time
Another time
Another time
Another time
Another time
Another time
Another time
Another time
Another time
Another time
Another time
Another time
Another time
Another time
Another time
Another time
Another time
Another time
Another time
Another time
Another time
Another time
Another time
Another time
Another time
Another time
Another time
Another time
Another time
Another time
Another time
Another time
Another time
Another time
Another time
Another time
Another time
Another time
Another time
Another time
Another time
Another time
Another time
Another time
Another time
Another time
Another time
Another time
Another time
Another time
Another time
Another time
Another time
Another time
Another time
Another time
Another time
Another time
Another time
Another time
Another time
Another time
Another time
Another time
Another time
Another time
Another time
Another time
Another time
Another time
Another time
Another time
Another time
Another time
Another time
Another time
Another time
Another time
Another time
Another time
Another time
Another time
Another time
Another time
Another time
Another time
Another time
Another time
Another time
Another time
Another time
Another time
Another time
Another time
Another time
Another time
Another time
Another time
Another time
Another time
Another time
Another time
Another time
Another time
Another time
Another time
Another time
Another time
Another time
Another time
Another time
Another time
Another time
Another time
Another time
Another time
Another time
Another time
Another time
Another time
Another time
Another time
Another time
Another time
Another time
Another time
Another time
Another time
Another time
Another time
Another time
Another time
Another time
Another time
Another time
Another time
Another time
Another time
Another time
Another time
Another time
Another time
Another time
Another time
Another time
Another time
Another time
Another time
Another time
Another time
Another time
Another time
Another time
Another time
Another time
Another time
Another time
Another time
Another time
Another time
Another time
Another time
Another time
Another time
Another time
Another time
Another time
Another time
Another time
Another time
Another time
Another time
Another time
Another time
Another time
Another time
Another time
Another time
Another time
Another time
Another time
Another time
Another time
Another time
Another time
Another time
Another time
Another time
Another time
Another time
Another time
Another time
Another time
Another time
Another time
Another time
Another time
Another time
Another time
Another time
Another time
Another time
Another time
Another time
Another time
Another time
Another time
Another time
Another time
Another time
Another time
Another time
Another time
Another time
Another time
Another time
Another time
Another time
Another time
Another time
Another time
Another time
Another time
Another time
Another time
Another time
Another time
Another time
Another time
Another time
Another time
Another time
Another time
Another time
Another time
Another time
Another time
Another time
Another time
Another time
Another time
Another time
Another time
Another time
Another time
Another time
Another time
Another time
Another time
Another time
Another time
Another time
Another time
Another time
Another time
Another time
Another time
Another time
Another time
Another time
Another time
Another time
Another time
Another time
Another time
Another time
Another time
Another time
Another time
Another time
Another time
Another time
Another time
Another time
Another time
Another time
Another time
Another time
Another time
Another time
Another time
Another time
Another time
Another time
Another time
Another time
Another time
Another time
Another time
Another time
Another time
Another time
Another time
Another time
Another time
Another time
Another time
Another time
Another time
Another time
Another time
Another time
Another time
Another time
Another time
Another time
Another time
Another time
Another time
Another time
Another time
Another time
Another time
Another time
Another time
Another time
Another time
Another time
Another time
Another time
Another time
Another time
Another time
Another time
Another time
Another time
Another time
Another time
Another time
Another time
Another time
Another time
Another time
Another time
Another time
Another time
Another time
Another time
Another time
Another time
Another time
Another time
Another time
Another time
Another time
Another time
Another time
Another time
Another time
Another time
Another time
Another time
Another time
Another time
Another time
Another time
Another time
Another time
Another time
Another time
Another time
Another time
Another time
Another time
Another time
Another time
Another time
Another time
Another time
Another time
Another time
Another time
Another time
Another time
Another time
Another time
Another time
Another time
Another time
Another time
Another time
Another time
Another time
Another time
Another time
Another time
Another time
Another time
Another time
Another time
Another time
Another time
Another time
Another time
Another time
Another time
Another time
Another time
Another time
Another time
Another time
Another time
Another time
Another time
Another time
Another time
Another time
Another time
Another time
Another time
Another time
Another time
Another time
Another time
Another time
Another time
Another time
Another time
Another time
Another time
Another time
Another time
Another time
Another time
Another time
Another time
Another time
Another time
Another time
Another time
Another time
Another time
Another time
Another time
Another time
Another time
Another time
Another time
Another time
Another time
Another time
Another time
Another time
Another time
Another time
Another time
Another time
Another time
Another time
Another time
Another time
Another time
Another time
Another time
Another time
Another time
Another time
Another time
Another time
Another time
Another time
Another time
Another time
Another time
Another time
Another time
Another time
Another time
Another time
Another time
Another time
Another time
Another time
Another time
Another time
Another time
Another time
Another time
Another time
Another time
Another time
Another time
Another time
Another time
Another time
Another time
Another time
Another time
Another time
Another time
Another time
Another time
Another time
Another time
Another time
Another time
Another time
Another time
Another time
Another time
Another time
Another time
Another time
Another time
Another time
Another time
Another time
Another time
Another time
Another time
Another time
Another time
Another time
Another time
Another time
Another time
Another time
Another time
Another time
Another time
Another time
Another time
Another time
Another time
Another time
Another time
Another time
Another time
Another time
Another time
Another time
Another time
Another time
Another time
Another time
Another time
Another time
Another time
Another time
Another time
Another time
Another time
Another time
Another time
Another time
Another time
Another time
Another time
Another time
Another time
Another time
Another time
Another time
Another time
Another time
Another time
Another time
Another time
Another time
Another time
Another time
Another time
Another time
Another time
Another time
Another time
Another time
Another time
Another time
Another time
Another time
Another time
Another time
Another time
Another time
Another time
Another time
Another time
Another time
Another time
Another time
Another time
Another time
Another time
Another time
Another time
Another time
Another time
Another time
Another time
Another time
Another time
Another time
Another time
Another time
Another time
Another time
Another time
Another time
Another time
Another time
Another time
Another time
Another time
Another time
Another time
Another time
Another time
Another time
Another time
Another time
Another time
Another time
Another time
Another time
Another time
Another time
Another time
Another time
Another time
Another time
Another time
Another time
Another time
Another time
Another time
Another time
Another time
Another time
Another time
Another time
Another time
Another time
Another time
Another time
Another time
Another time
Another time
Another time
Another time
Another time
Another time
Another time
Another time
Another time
Another time
Another time
Another time
Another time
Another time
Another time
Another time
Another time
Another time
Another time
Another time
Another time
Another time
Another time
Another time
Another time
Another time
Another time
Another time
Another time
Another time
Another time
Another time
Another time
Another time
Another time
Another time
Another time
Another time
Another time
Another time
Another time
Another time
Another time
Another time
Another time
Another time
Another time
Another time
Another time
Another time
Another time
Another time
Another time
Another time
Another time
Another time
Another time
Another time
Another time
Another time
Another time
Another time
Another time
Another time
Another time
Another time
Another time
Another time
Another time
Another time
Another time
Another time
Another time
Another time
Another time
Another time
Another time
Another time
Another time
Another time
Another time
Another time
Another time
Another time
Another time
Another time
Another time
Another time
Another time
Another time
Another time
Another time
Another time
Another time
Another time
Another time
Another time
Another time
Another time
Another time
Another time
Another time
Another time
Another time
Another time
Another time
Another time
Another time
Another time
Another time
Another time
Another time
Another time
Another time
Another time
Another time
Another time
Another time
Another time
Another time
Another time
Another time
Another time
Another time
Another time
Another time
Another time
Another time
Another time
Another time
Another time
Another time
Another time
Another time
Another time
Another time
Another time
Another time
Another time
Another time
Another time
Another time
Another time
Another time
Another time
Another time
Another time
Another time
Another time
Another time
Another time
Another time
Another time
Another time
Another time
Another time
Another time
Another time
Another time
Another time
Another time
Another time
Another time
Another time
Another time
Another time
Another time
Another time
Another time
Another time
Another time
Another time
Another time
Another time
Another time
Another time
Another time
Another time
Another time
Another time
Another time
Another time
Another time
Another time
Another time
Another time
Another time
Another time
Another time
Another time
Another time
Another time
Another time
Another time
Another time
Another time
Another time
Another time
Another time
Another time
Another time
Another time
Another time
Another time
Another time
Another time
Another time
Another time
Another time
Another time
Another time
Another time
Another time
Another time
Another time
Another time
Another time
Another time
Another time
Another time
Another time
Another time
Another time
Another time
Another time
Another time
Another time
Another time
Another time
Another time
Another time
Another time
Another time
Another time
Another time
Another time
Another time
Another time
Another time
Another time
Another time
Another time
Another time
Another time
Another time
Another time
Another time
Another time
Another time
Another time
Another time
Another time
Another time
Another time
Another time
Another time
Another time
Another time
Another time
Another time
Another time
Another time
Another time
Another time
Another time
Another time
Another time
Another time
Another time
Another time
Another time
Another time
Another time
Another time
Another time
Another time
Another time
Another time
Another time
Another time
Another time
Another time
Another time
Another time
Another time
Another time
Another time
Another time
Another time
Another time
Another time
Another time
Another time
Another time
Another time
Another time
Another time
Another time
Another time
Another time
Another time
Another time
Another time
Another time
Another time
Another time
Another time
Another time
Another time
Another time
Another time
Another time
Another time
Another time
Another time
Another time
Another time
Another time
Another time
Another time
Another time
Another time
Another time
Another time
Another time
Another time
Another time
Another time
Another time
Another time
Another time
Another time
Another time
Another time
Another time
Another time
Another time
Another time
Another time
Another time
Another time
Another time
Another time
Another time
Another time
Another time
Another time
Another time
Another time
Another time
Another time
Another time
Another time
Another time
Another time
Another time
Another time
Another time
Another time
Another time
Another time
Another time
Another time
Another time
Another time
Another time
Another time
Another time
Another time
Another time
Another time
Another time
Another time
Another time
Another time
Another time
Another time
Another time
Another time
Another time
Another time
Another time
Another time
Another time
Another time
Another time
Another time
Another time
Another time
Another time
Another time
Another time
Another time
Another time
Another time
Another time
Another time
Another time
Another time
Another time
Another time
Another time
Another time
Another time
Another time
Another time
Another time
Another time
Another time
Another time
Another time
Another time
Another time
Another time
Another time
Another time
Another time
Another time
Another time
Another time
Another time
Another time
Another time
Another time
Another time
Another time
Another time
Another time
Another time
Another time
Another time
Another time
Another time
Another time
Another time
Another time
Another time
Another time
Another time
Another time
Another time
Another time
Another time
Another time
Another time
Another time
Another time
Another time
Another time
Another time
Another time
Another time
Another time
Another time
Another time
Another time
Another time
Another time
Another time
Another time
Another time
Another time
Another time
Another time
Another time
Another time
Another time
Another time
Another time
Another time
Another time
Another time
Another time
Another time
Another time
Another time
Another time
Another time
Another time
Another time
Another time
Another time
Another time
Another time
Another time
Another time
Another time
Another time
Another time
Another time
Another time
Another time
Another time
Another time
Another time
Another time
Another time
Another time
Another time
Another time
Another time
Another time
Another time
Another time
Another time
Another time
Another time
Another time
Another time
Another time
Another time
Another time
Another time
Another time
Another time
Another time
Another time
Another time
Another time
Another time
Another time
Another time
Another time
Another time
Another time
Another time
Another time
Another time
Another time
Another time
Another time
Another time
Another time
Another time
Another time
Another time
Another time
Another time
Another time
Another time
Another time
Another time
Another time
Another time
Another time
Another time
Another time
Another time
Another time
Another time
Another time
Another time
Another time
Another time
Another time
Another time
Another time
Another time
Another time
Another time
Another time
Another time
Another time
Another time
Another time
Another time
Another time
Another time
Another time
Another time
Another time
Another time
Another time
Another time
Another time
Another time
Another time
Another time
Another time
Another time
Another time
Another time
Another time
Another time
Another time
Another time
Another time
Another time
Another time
Another time
Another time
Another time
Another time
Another time
Another time
Another time
Another time
Another time
Another time
Another time
Another time
Another time
Another time
Another time
Another time
Another time
Another time
Another time
Another time
Another time
Another time
Another time
Another time
Another time
Another time
Another time
Another time
Another time
Another time
Another time
Another time
Another time
Another time
Another time
Another time
Another time
Another time
Another time
Another time
Another time
Another time
Another time
Another time
Another time
Another time
Another time
Another time
Another time
Another time
Another time
Another time
Another time
Another time
Another time
Another time
Another time
Another time
Another time
Another time
Another time
Another time
Another time
Another time
Another time
Another time
Another time
Another time
Another time
Another time
Another time
Another time
Another time
Another time
Another time
Another time
Another time
Another time
Another time
Another time
Another time
Another time
Another time
Another time
Another time
Another time
Another time
Another time
Another time
Another time
Another time
Another time
Another time
Another time
Another time
Another time
Another time
Another time
Another time
Another time
Another time
Another time
Another time
Another time
Another time
Another time
Another time
Another time
Another time
Another time
Another time
Another time
Another time
Another time
Another time
Another time
Another time
Another time
Another time
Another time
Another time
Another time
Another time
Another time
Another time
Another time
Another time
Another time
Another time
Another time
Another time
Another time
Another time
Another time
Another time
Another time
Another time
Another time
Another time
Another time
Another time
Another time
Another time
Another time
Another time
Another time
Another time
Another time
Another time
Another time
Another time
Another time
Another time
Another time
Another time
Another time
Another time
Another time
Another time
Another time
Another time
Another time
Another time
Another time
Another time
Another time
Another time
Another time
Another time
Another time
Another time
Another time
Another time
Another time
Another time
Another time
Another time
Another time
Another time
Another time
Another time
Another time
Another time
Another time
Another time
Another time
Another time
Another time
Another time
Another time
Another time
Another time
Another time
Another time
Another time
Another time
Another time
Another time
Another time
Another time
Another time
Another time
Another time
Another time
Another time
Another time
Another time
Another time
Another time
Another time
Another time
Another time
Another time
Another time
Another time
Another time
Another time
Another time
Another time
Another time
Another time
Another time
Another time
Another time
Another time
Another time
Another time
Another time
Another time
Another time
Another time
Another time
Another time
Another time
Another time
Another time
Another time
Another time
Another time
Another time
Another time
Another time
Another time
Another time
Another time
Another time
Another time
Another time
Another time
Another time
Another time
Another time
Another time
Another time
Another time
Another time
Another time
Another time
Another time
Another time
Another time
Another time
Another time
Another time
Another time
Another time
Another time
Another time
Another time
Another time
Another time
Another time
Another time
Another time
Another time
Another time
Another time
Another time
Another time
Another time
Another time
Another time
Another time
Another time
Another time
Another time
Another time
Another time
Another time
Another time
Another time
Another time
Another time
Another time
Another time
Another time
Another time
Another time
Another time
Another time
Another time
Another time
Another time
Another time
Another time
Another time
Another time
Another time
Another time
Another time
Another time
Another time
Another time
Another time
Another time
Another time
Another time
Another time
Another time
Another time
Another time
Another time
Another time
Another time
Another time
Another time
Another time
Another time
Another time
Another time
Another time
Another time
Another time
Another time
Another time
Another time
Another time
Another time
Another time
Another time
Another time
Another time
Another time
Another time
Another time
Another time
Another time
Another time
Another time
Another time
Another time
Another time
Another time
Another time
Another time
Another time
Another time
Another time
Another time
Another time
Another time
Another time
Another time
Another time
Another time
Another time
Another time
Another time
Another time
Another time
Another time
Another time
Another time
Another time
Another time
Another time
Another time
Another time
Another time
Another time
Another time
Another time
Another time
Another time
Another time
Another time
Another time
Another time
Another time
Another time
Another time
Another time
Another time
Another time
Another time
Another time
Another time
Another time
Another time
Another time
Another time
Another time
Another time
Another time
Another time
Another time
Another time
Another time
Another time
Another time
Another time
Another time
Another time
Another time
Another time
Another time
Another time
Another time
Another time
Another time
Another time
Another time
Another time
Another time
Another time
Another time
Another time
Another time
Another time
Another time
Another time
Another time
Another time
Another time
Another time
Another time
Another time
Another time
Another time
Another time
Another time
Another time
Another time
Another time
Another time
Another time
Another time
Another time
Another time
Another time
Another time
Another time
Another time
Another time
Another time
Another time
Another time
Another time
Another time
Another time
Another time
Another time
Another time
Another time
Another time
Another time
Another time
Another time
Another time
Another time
Another time
Another time
Another time
Another time
Another time
Another time
Another time
Another time
Another time
Another time
Another time
Another time
Another time
Another time
Another time
Another time
Another time
Another time
Another time
Another time
Another time
Another time
Another time
Another time
Another time
Another time
Another time
Another time
Another time
Another time
Another time
Another time
Another time
Another time
Another time
Another time
Another time
Another time
Another time
Another time
Another time
Another time
Another time
Another time
Another time
Another time
Another time
Another time
Another time
Another time
Another time
Another time
Another time
Another time
Another time
Another time
Another time
Another time
Another time
Another time
Another time
Another time
Another time
Another time
Another time
Another time
Another time
Another time
Another time
Another time
Another time
Another time
Another time
Another time
Another time
Another time
Another time
Another time
Another time
Another time
Another time
Another time
Another time
Another time
Another time
Another time
Another time
Another time
Another time
Another time
Another time
Another time
Another time
Another time
Another time
Another time
Another time
Another time
Another time
Another time
Another time
Another time
Another time
Another time
Another time
Another time
Another time
Another time
Another time
Another time
Another time
Another time
Another time
Another time
Another time
Another time
Another time
Another time
Another time
Another time
Another time
Another time
Another time
Another time
Another time
Another time
Another time
Another time
Another time
Another time
Another time
Another time
Another time
Another time
Another time
Another time
Another time
Another time
Another time
Another time
Another time
Another time
Another time
Another time
Another time
Another time
Another time
Another time
Another time
Another time
Another time
Another time
Another time
Another time
Another time
Another time
Another time
Another time
Another time
Another time
Another time
Another time
Another time
Another time
Another time
Another time
Another time
Another time
Another time
Another time
Another time
Another time
Another time
Another time
Another time
Another time
Another time
Another time
Another time
Another time
Another time
Another time
Another time
Another time
Another time
Another time
Another time
Another time
Another time
Another time
Another time
Another time
Another time
Another time
Another time
Another time
Another time
Another time
Another time
Another time
Another time
Another time
Another time
Another time
Another time
Another time
Another time
Another time
Another time
Another time
Another time
Another time
Another time
Another time
Another time
Another time
Another time
Another time
Another time
Another time
Another time
Another time
Another time
Another time
Another time
Another time
Another time
Another time
Another time
Another time
Another time
Another time
Another time
Another time
Another time
Another time
Another time
Another time
Another time
Another time
Another time
Another time
Another time
Another time
Another time
Another time
Another time
Another time
Another time
Another time
Another time
Another time
Another time
Another time
Another time
Another time
Another time
Another time
Another time
Another time
Another time
Another time
Another time
Another time
Another time
Another time
Another time
Another time
Another time
Another time
Another time
Another time
Another time
Another time
Another time
Another time
Another time
Another time
Another time
Another time
Another time
Another time
Another time
Another time
Another time
Another time
Another time
Another time
Another time
Another time
Another time
Another time
Another time
Another time
Another time
Another time
Another time
Another time
Another time
Another time
Another time
Another time
Another time
Another time
Another time
Another time
Another time
Another time
Another time
Another time
Another time
Another time
Another time
Another time
Another time
Another time
Another time
Another time
Another time
Another time
Another time
Another time
Another time
Another time
Another time
Another time
Another time
Another time
Another time
Another time
Another time
Another time
Another time
Another time
Another time
Another time
Another time
Another time
Another time
Another time
Another time
Another time
Another time
Another time
Another time
Another time
Another time
Another time
Another time
Another time
Another time
Another time
Another time
Another time
Another time
Another time
Another time
Another time
Another time
Another time
Another time
Another time
Another time
Another time
Another time
Another time
Another time
Another time
Another time
Another time
Another time
Another time
Another time
Another time
Another time
Another time
Another time
Another time
Another time
Another time
Another time
Another time
Another time
Another time
Another time
Another time
Another time
Another time
Another time
Another time
Another time
Another time
Another time
Another time
Another time
Another time
Another time
Another time
Another time
Another time
Another time
Another time
Another time
Another time
Another time
Another time
Another time
Another time
Another time
Another time
Another time
Another time
Another time
Another time
Another time
Another time
Another time
Another time
Another time
Another time
Another time
Another time
Another time
Another time
Another time
Another time
Another time
Another time
Another time
Another time
Another time
Another time
Another time
Another time
Another time
Another time
Another time
Another time
Another time
Another time
Another time
Another time
Another time
Another time
Another time
Another time
Another time
Another time
Another time
Another time
Another time
Another time
Another time
Another time
Another time
Another time
Another time
Another time
Another time
Another time
Another time
Another time
Another time
Another time
Another time
Another time
Another time
Another time
Another time
Another time
Another time
Another time
Another time
Another time
Another time
Another time
Another time
Another time
Another time
Another time
Another time
Another time
Another time
Another time
Another time
Another time
Another time
Another time
Another time
Another time
Another time
Another time
Another time
Another time
Another time
Another time
Another time
Another time
Another time
Another time
Another time
Another time
Another time
Another time
Another time
Another time
Another time
Another time
Another time
Another time
Another time
Another time
Another time
Another time
Another time
Another time
Another time
Another time
Another time
Another time
Another time
Another time
Another time
Another time
Another time
Another time
Another time
Another time
Another time
Another time
Another time
Another time
Another time
Another time
Another time
Another time
Another time
Another time
Another time
Another time
Another time
Another time
Another time
Another time
Another time
Another time
Another time
Another time
Another time
Another time
Another time
Another time
Another time
Another time
Another time
Another time
Another time
Another time
Another time
Another time
Another time
Another time
Another time
Another time
Another time
Another time
Another time
Another time
Another time
Another time
Another time
Another time
Another time
Another time
Another time
Another time
Another time
Another time
Another time
Another time
Another time
Another time
Another time
Another time
Another time
Another time
Another time
Another time
Another time
Another time
Another time
Another time
Another time
Another time
Another time
Another time
Another time
Another time
Another time
Another time
Another time
Another time
Another time
Another time
Another time
Another time
Another time
Another time
Another time
Another time
Another time
Another time
Another time
Another time
Another time
Another time
Another time
Another time
Another time
Another time
Another time
Another time
Another time
Another time
Another time
Another time
Another time
Another time
Another time
Another time
Another time
Another time
Another time
Another time
Another time
Another time
Another time
Another time
Another time
Another time
Another time
Another time
Another time
Another time
Another time
Another time
Another time
Another time
Another time
Another time
Another time
Another time
Another time
Another time
Another time
Another time
Another time
Another time
Another time
Another time
Another time
Another time
Another time
Another time
Another time
Another time
Another time
Another time
Another time
Another time
Another time
Another time
Another time
Another time
Another time
Another time
Another time
Another time
Another time
Another time
Another time
Another time
Another time
Another time
Another time
Another time
Another time
Another time
Another time
Another time
Another time
Another time
Another time
Another time
Another time
Another time
Another time
Another time
Another time
Another time
Another time
Another time
Another time
Another time
Another time
Another time
Another time
Another time
Another time
Another time
Another time
Another time
Another time
Another time
Another time
Another time
Another time
Another time
Another time
Another time
Another time
Another time
Another time
Another time
Another time
Another time
Another time
Another time
Another time
Another time
Another time
Another time
Another time
Another time
Another time
Another time
Another time
Another time
Another time
Another time
Another time
Another time
Another time
Another time
Another time
Another time
Another time
Another time
Another time
Another time
Another time
Another time
Another time
Another time
Another time
Another time
Another time
Another time
Another time
Another time
Another time
Another time
Another time
Another time
Another time
Another time
Another time
Another time
Another time
Another time
Another time
Another time
Another time
Another time
Another time
Another time
Another time
Another time
Another time
Another time
Another time
Another time
Another time
Another time
Another time
Another time
Another time
Another time
Another time
Another time
Another time
Another time
Another time
Another time
Another time
Another time
Another time
Another time
Another time
Another time
Another time
Another time
Another time
Another time
Another time
Another time
Another time
Another time
Another time
Another time
Another time
Another time
Another time
Another time
Another time
Another time
Another time
Another time
Another time
Another time
Another time
Another time
Another time
Another time
Another time
Another time
Another time
Another time
Another time
Another time
Another time
Another time
Another time
Another time
Another time
Another time
Another time
Another time
Another time
Another time
Another time
Another time
Another time
Another time
Another time
Another time
Another time
Another time
Another time
Another time
Another time
Another time
Another time
Another time
Another time
Another time
Another time
Another time
Another time
Another time
Another time
Another time
Another time
Another time
Another time
Another time
Another time
Another time
Another time
Another time
Another time
Another time
Another time
Another time
Another time
Another time
Another time
Another time
Another time
Another time
Another time
Another time
Another time
Another time
Another time
Another time
Another time
Another time
Another time
Another time
Another time
Another time
Another time
Another time
Another time
Another time
Another time
Another time
Another time
Another time
Another time
Another time
Another time
Another time
Another time
Another time
Another time
Another time
Another time
Another time
Another time
Another time
Another time
Another time
Another time
Another time
Another time
Another time
Another time
Another time
Another time
Another time
Another time
Another time
Another time
Another time
Another time
Another time
Another time
Another time
Another time
Another time
Another time
Another time
Another time
Another time
Another time
Another time
Another time
Another time
Another time
Another time
Another time
Another time
Another time
Another time
Another time
Another time
Another time
Another time
Another time
Another time
Another time
Another time
Another time
Another time
Another time
Another time
Another time
Another time
Another time
Another time
Another time
Another time
Another time
Another time
Another time
Another time
Another time
Another time
Another time
Another time
Another time
Another time
Another time
Another time
Another time
Another time
Another time
Another time
Another time
Another time
Another time
Another time
Another time
Another time
Another time
Another time
Another time
Another time
Another time
Another time
Another time
Another time
Another time
Another time
Another time
Another time
Another time
Another time
Another time
Another time
Another time
Another time
Another time
Another time
Another time
Another time
Another time
Another time
Another time
Another time
Another time
Another time
Another time
Another time
Another time
Another time
Another time
Another time
Another time
Another time
Another time
Another time
Another time
Another time
Another time
Another time
Another time
Another time
Another time
Another time
Another time
Another time
Another time
Another time
Another time
Another time
Another time
Another time
Another time
Another time
Another time
Another time
Another time
Another time
Another time
Another time
Another time
Another time
Another time
Another time
Another time
Another time
Another time
Another time
Another time
Another time
Another time
Another time
Another time
Another time
Another time
Another time
Another time
Another time
Another time
Another time
Another time
Another time
Another time
Another time
Another time
Another time
Another time
Another time
Another time
Another time
Another time
Another time
Another time
Another time
Another time
Another time
Another time
Another time
Another time
Another time
Another time
Another time
Another time
Another time
Another time
Another time
Another time
Another time
Another time
Another time
Another time
Another time
Another time
Another time
Another time
Another time
Another time
Another time
Another time
Another time
Another time
Another time
Another time
Another time
Another time
Another time
Another time
Another time
Another time
Another time
Another time
Another time
Another time
Another time
Another time
Another time
Another time
Another time
Another time
Another time
Another time
Another time
Another time
Another time
Another time
Another time
Another time
Another time
Another time
Another time
Another time
Another time
Another time
Another time
Another time
Another time
Another time
Another time
Another time
Another time
Another time
Another time
Another time
Another time
Another time
Another time
Another time
Another time
Another time
Another time
Another time
Another time
Another time
Another time
Another time
Another time
Another time
Another time
Another time
Another time
Another time
Another time
Another time
Another time
Another time
Another time
Another time
Another time
Another time
Another time
Another time
Another time
Another time
Another time
Another time
Another time
Another time
Another time
Another time
Another time
Another time
Another time
Another time
Another time
Another time
Another time
Another time
Another time
Another time
Another time
Another time
Another time
Another time
Another time
Another time
Another time
Another time
Another time
Another time
Another time
Another time
Another time
Another time
Another time
Another time
Another time
Another time
Another time
Another time
Another time
Another time
Another time
Another time
Another time
Another time
Another time
Another time
Another time
Another time
Another time
Another time
Another time
Another time
Another time
Another time
Another time
Another time
Another time
Another time
Another time
Another time
Another time
Another time
Another time
Another time
Another time
Another time
Another time
Another time
Another time
Another time
Another time
Another time
Another time
Another time
Another time
Another time
Another time
Another time
Another time
Another time
Another time
Another time
Another time
Another time
Another time
Another time
Another time
Another time
Another time
Another time
Another time
Another time
Another time
Another time
Another time
Another time
Another time
Another time
Another time
Another time
Another time
Another time
Another time
Another time
Another time
Another time
Another time
Another time
Another time
Another time
Another time
Another time
Another time
Another time
Another time
Another time
Another time
Another time
Another time
Another time
Another time
Another time
Another time
Another time
Another time
Another time
Another time
Another time
Another time
Another time
Another time
Another time
Another time
Another time
Another time
Another time
Another time
Another time
Another time
Another time
Another time
Another time
Another time
Another time
Another time
Another time
Another time
Another time
Another time
Another time
Another time
Another time
Another time
Another time
Another time
Another time
Another time
Another time
Another time
Another time
Another time
Another time
Another time
Another time
Another time
Another time
Another time
Another time
Another time
Another time
Another time
Another time
Another time
Another time
Another time
Another time
Another time
Another time
Another time
Another time
Another time
Another time
Another time
Another time
Another time
Another time
Another time
Another time
Another time
Another time
Another time
Another time
Another time
Another time
Another time
Another time
Another time
Another time
Another time
Another time
Another time
Another time
Another time
Another time
Another time
Another time
Another time
Another time
Another time
Another time
Another time
Another time
Another time
Another time
Another time
Another time
Another time
Another time
Another time
Another time
Another time
Another time
Another time
Another time
Another time
Another time
Another time
Another time
Another time
Another time
Another time
Another time
Another time
Another time
Another time
Another time
Another time
Another time
Another time
Another time
Another time
Another time
Another time
Another time
Another time
Another time
Another time
Another time
Another time
Another time
Another time
Another time
Another time
Another time
Another time
Another time
Another time
Another time
Another time
Another time
Another time
Another time
Another time
Another time
Another time
Another time
Another time
Another time
Another time
Another time
Another time
Another time
Another time
Another time
Another time
Another time
Another time
Another time
Another time
Another time
Another time
Another time
Another time
Another time
Another time
Another time
Another time
Another time
Another time
Another time
Another time
Another time
Another time
Another time
Another time
Another time
Another time
Another time
Another time
Another time
Another time
Another time
Another time
Another time
Another time
Another time
Another time
Another time
Another time
Another time
Another time
Another time
Another time
Another time
Another time
Another time
Another time
Another time
Another time
Another time
Another time
Another time
Another time
Another time
Another time
Another time
Another time
Another time
Another time
Another time
Another time
Another time
Another time
Another time
Another time
Another time
Another time
Another time
Another time
Another time
Another time
Another time
Another time
Another time
Another time
Another time
Another time
Another time
Another time
Another time
Another time
Another time
Another time
Another time
Another time
Another time
Another time
Another time
Another time
Another time
Another time
Another time
Another time
Another time
Another time
Another time
Another time
Another time
Another time
Another time
Another time
Another time
Another time
Another time
Another time
Another time
Another time
Another time
Another time
Another time
Another time
Another time
Another time
Another time
Another time
Another time
Another time
Another time
Another time
Another time
Another time
Another time
Another time
Another time
Another time
Another time
Another time
Another time
Another time
Another time
Another time
Another time
Another time
Another time
Another time
Another time
Another time
Another time
Another time
Another time
Another time
Another time
Another time
Another time
Another time
Another time
Another time
Another time
Another time
Another time
Another time
Another time
Another time
Another time
Another time
Another time
Another time
Another time
Another time
Another time
Another time
Another time
Another time
Another time
Another time
Another time
Another time
Another time
Another time
Another time
Another time
Another time
Another time
Another time
Another time
Another time
Another time
Another time
Another time
Another time
Another time
Another time
Another time
Another time
Another time
Another time
Another time
Another time
Another time
Another time
Another time
Another time
Another time
Another time
Another time
Another time
Another time
Another time
Another time
Another time
Another time
Another time
Another time
Another time
Another time
Another time
Another time
Another time
Another time
Another time
Another time
Another time
Another time
Another time
Another time
Another time
Another time
Another time
Another time
Another time
Another time
Another time
Another time
Another time
Another time
Another time
Another time
Another time
Another time
Another time
Another time
Another time
Another time
Another time
Another time
Another time
Another time
Another time
Another time
Another time
Another time
Another time
Another time
Another time
Another time
Another time
Another time
Another time
Another time
Another time
Another time
Another time
Another time
Another time
Another time
Another time
Another time
Another time
Another time
Another time
Another time
Another time
Another time
Another time
Another time
Another time
Another time
Another time
Another time
Another time
Another time
Another time
Another time
Another time
Another time
Another time
Another time
Another time
Another time
Another time
Another time
Another time
Another time
Another time
Another time
Another time
Another time
Another time
Another time
Another time
Another time
Another time
Another time
Another time
Another time
Another time
Another time
Another time
Another time
Another time
Another time
Another time
Another time
Another time
Another time
Another time
Another time
Another time
Another time
Another time
Another time
Another time
Another time
Another time
Another time
Another time
Another time
Another time
Another time
Another time
Another time
Another time
Another time
Another time
Another time
Another time
Another time
Another time
Another time
Another time
Another time
Another time
Another time
Another time
Another time
Another time
Another time
Another time
Another time
Another time
Another time
Another time
Another time
Another time
Another time
Another time
Another time
Another time
Another time
Another time
Another time
Another time
Another time
Another time
Another time
Another time
Another time
Another time
Another time
Another time
Another time
Another time
Another time
Another time
Another time
Another time
Another time
Another time
Another time
Another time
Another time
Another time
Another time
Another time
Another time
Another time
Another time
Another time
Another time
Another time
Another time
Another time
Another time
Another time
Another time
Another time
Another time
Another time
Another time
Another time
Another time
Another time
Another time
Another time
Another time
Another time
Another time
Another time
Another time
Another time
Another time
Another time
Another time
Another time
Another time
Another time
Another time
Another time
Another time
Another time
Another time
Another time
Another time
Another time
Another time
Another time
Another time
Another time
Another time
Another time
Another time
Another time
Another time
Another time
Another time
Another time
Another time
Another time
Another time
Another time
Another time
Another time
Another time
Another time
Another time
Another time
Another time
Another time
Another time
Another time
Another time
Another time
Another time
Another time
Another time
Another time
Another time
Another time
Another time
Another time
Another time
Another time
Another time
Another time
Another time
Another time
Another time
Another time
Another time
Another time
Another time
Another time
Another time
Another time
Another time
Another time
Another time
Another time
Another time
Another time
Another time
Another time
Another time
Another time
Another time
Another time
Another time
Another time
Another time
Another time
Another time
Another time
Another time
Another time
Another time
Another time
Another time
Another time
Another time
Another time
Another time
Another time
Another time
Another time
Another time
Another time
Another time
Another time
Another time
Another time
Another time
Another time
Another time
Another time
Another time
Another time
Another time
Another time
Another time
Another time
Another time
Another time
Another time
Another time
Another time
Another time
Another time
Another time
Another time
Another time
Another time
Another time
Another time
Another time
Another time
Another time
Another time
Another time
Another time
Another time
Another time
Another time
Another time
Another time
Another time
Another time
Another time
Another time
Another time
Another time
Another time
Another time
Another time
Another time
Another time
Another time
Another time
Another time
Another time
Another time
Another time
Another time
Another time
Another time
Another time
Another time
Another time
Another time
Another time
Another time
Another time
Another time
Another time
Another time
Another time
Another time
Another time
Another time
Another time
Another time
Another time
Another time
Another time
Another time
Another time
Another time
Another time
Another time
Another time
Another time
Another time
Another time
Another time
Another time
Another time
Another time
Another time
Another time
Another time
Another time
Another time
Another time
Another time
Another time
Another time
Another time
Another time
Another time
Another time
Another time
Another time
Another time
Another time
Another time
Another time
Another time
Another time
Another time
Another time
Another time
Another time
Another time
Another time
Another time
Another time
Another time
Another time
Another time
Another time
Another time
Another time
Another time
Another time
Another time
Another time
Another time
Another time
Another time
Another time
Another time
Another time
Another time
Another time
Another time
Another time
Another time
Another time
Another time
Another time
Another time
Another time
Another time
Another time
Another time
Another time
Another time
Another time
Another time
Another time
Another time
Another time
Another time
Another time
Another time
Another time
Another time
Another time
Another time
Another time
Another time
Another time
Another time
Another time
Another time
Another time
Another time
Another time
Another time
Another time
Another time
Another time
Another time
Another time
Another time
Another time
Another time
Another time
Another time
Another time
Another time
Another time
Another time
Another time
Another time
Another time
Another time
Another time
Another time
Another time
Another time
Another time
Another time
Another time
Another time
Another time
Another time
Another time
Another time
Another time
Another time
Another time
Another time
Another time
Another time
Another time
Another time
Another time
Another time
Another time
Another time
Another time
Another time
Another time
Another time
Another time
Another time
Another time
Another time
Another time
Another time
Another time
Another time
Another time
Another time
Another time
Another time
Another time
Another time
Another time
Another time
Another time
Another time
Another time
Another time
Another time
Another time
Another time
Another time
Another time
Another time
Another time
Another time
Another time
Another time
Another time
Another time
Another time
Another time
Another time
Another time
Another time
Another time
Another time
Another time
Another time
Another time
Another time
Another time
Another time
Another time
Another time
Another time
Another time
Another time
Another time
Another time
Another time
Another time
Another time
Another time
Another time
Another time
Another time
Another time
Another time
Another time
Another time
Another time
Another time
Another time
Another time
Another time
Another time
Another time
Another time
Another time
Another time
Another time
Another time
Another time
Another time
Another time
Another time
Another time
Another time
Another time
Another time
Another time
Another time
Another time
Another time
Another time
Another time
Another time
Another time
Another time
Another time
Another time
Another time
Another time
Another time
Another time
Another time
Another time
Another time
Another time
Another time
Another time
Another time
Another time
Another time
Another time
Another time
Another time
Another time
Another time
Another time
Another time
Another time
Another time
Another time
Another time
Another time
Another time
Another time
Another time
Another time
Another time
Another time
Another time
Another time
Another time
Another time
Another time
Another time
Another time
Another time
Another time
Another time
Another time
Another time
Another time
Another time
Another time
Another time
Another time
Another time
Another time
Another time
Another time
Another time
Another time
Another time
Another time
Another time
Another time
Another time
Another time
Another time
Another time
Another time
Another time
Another time
Another time
Another time
Another time
Another time
Another time
Another time
Another time
Another time
Another time
Another time
Another time
Another time
Another time
Another time
Another time
Another time
Another time
Another time
Another time
Another time
Another time
Another time
Another time
Another time
Another time
Another time
Another time
Another time
Another time
Another time
Another time
Another time
Another time
Another time
Another time
Another time
Another time
Another time
Another time
Another time
Another time
Another time
Another time
Another time
Another time
Another time
Another time
Another time
Another time
Another time
Another time
Another time
Another time
Another time
Another time
Another time
Another time
Another time
Another time
Another time
Another time
Another time
Another time
Another time
Another time
Another time
Another time
Another time
Another time
Another time
Another time
Another time
Another time
Another time
Another time
Another time
Another time
Another time
Another time
Another time
Another time
Another time
Another time
Another time
Another time
Another time
Another time
Another time
Another time
Another time
Another time
Another time
Another time
Another time
Another time
Another time
Another time
Another time
Another time
Another time
Another time
Another time
Another time
Another time
Another time
Another time
Another time
Another time
Another time
Another time
Another time
Another time
Another time
Another time
Another time
Another time
Another time
Another time
Another time
Another time
Another time
Another time
Another time
Another time
Another time
Another time
Another time
Another time
Another time
Another time
Another time
Another time
Another time
Another time
Another time
Another time
Another time
Another time
Another time
Another time
Another time
Another time
Another time
Another time
Another time
Another time
Another time
Another time
Another time
Another time
Another time
Another time
Another time
Another time
Another time
Another time
Another time
Another time
Another time
Another time
Another time
Another time
Another time
Another time
Another time
Another time
Another time
Another time
Another time
Another time
Another time
Another time
Another time
Another time
Another time
Another time
Another time
Another time
Another time
Another time
Another time
Another time
Another time
Another time
Another time
Another time
Another time
Another time
Another time
Another time
Another time
Another time
Another time
Another time
Another time
Another time
Another time
Another time
Another time
Another time
Another time
Another time
Another time
Another time
Another time
Another time
Another time
Another time
Another time
Another time
Another time
Another time
Another time
Another time
Another time
Another time
Another time
Another time
Another time
Another time
Another time
Another time
Another time
Another time
Another time
Another time
Another time
Another time
Another time
Another time
Another time
Another time
Another time
Another time
Another time
Another time
Another time
Another time
Another time
Another time
Another time
Another time
Another time
Another time
Another time
Another time
Another time
Another time
Another time
Another time
Another time
Another time
Another time
Another time
Another time
Another time
Another time
Another time
Another time
Another time
Another time
Another time
Another time
Another time
Another time
Another time
Another time
Another time
Another time
Another time
Another time
Another time
Another time
Another time
Another time
Another time
Another time
Another time
Another time
Another time
Another time
Another time
Another time
Another time
Another time
Another time
Another time
Another time
Another time
Another time
Another time
Another time
Another time
Another time
Another time
Another time
Another time
Another time
Another time
Another time
Another time
Another time
Another time
Another time
Another time
Another time
Another time
Another time
Another time
Another time
Another time
Another time
Another time
Another time
Another time
Another time
Another time
Another time
Another time
Another time
Another time
Another time
Another time
Another time
Another time
Another time
Another time
Another time
Another time
Another time
Another time
Another time
Another time
Another time
Another time
Another time
Another time
Another time
Another time
Another time
Another time
Another time
Another time
Another time
Another time
Another time
Another time
Another time
Another time
Another time
Another time
Another time
Another time
Another time
Another time
Another time
Another time
Another time
Another time
Another time
Another time
Another time
Another time
Another time
Another time
Another time
Another time
Another time
Another time
Another time
Another time
Another time
Another time
Another time
Another time
Another time
Another time
Another time
Another time
Another time
Another time
Another time
Another time
Another time
Another time
Another time
Another time
Another time
Another time
Another time
Another time
Another time
Another time
Another time
Another time
Another time
Another time
Another time
Another time
Another time
Another time
Another time
Another time
Another time
Another time
Another time
Another time
Another time
Another time
Another time
Another time
Another time
Another time
Another time
Another time
Another time
Another time
Another time
Another time
Another time
Another time
Another time
Another time
Another time
Another time
Another time
Another time
Another time
Another time
Another time
Another time
Another time
Another time
Another time
Another time
Another time
Another time
Another time
Another time
Another time
Another time
Another time
Another time
Another time
Another time
Another time
Another time
Another time
Another time
Another time
Another time
Another time
Another time
Another time
Another time
Another time
Another time
Another time
Another time
Another time
Another time
Another time
Another time
Another time
Another time
Another time
Another time
Another time
Another time
Another time
Another time
Another time
Another time
Another time
Another time
Another time
Another time
Another time
Another time
Another time
Another time
Another time
Another time
Another time
Another time
Another time
Another time
Another time
Another time
Another time
Another time
Another time
Another time
Another time
Another time
Another time
Another time
Another time
Another time
Another time
Another time
Another time
Another time
Another time
Another time
Another time
Another time
Another time
Another time
Another time
Another time
Another time
Another time
Another time
Another time
Another time
Another time
Another time
Another time
Another time
Another time
Another time
Another time
Another time
Another time
Another time
Another time
Another time
Another time
Another time
Another time
Another time
Another time
Another time
Another time
Another time
Another time
Another time
Another time
Another time
Another time
Another time
Another time
Another time
Another time
Another time
Another time
Another time
Another time
Another time
Another time
Another time
Another time
Another time
Another time
Another time
Another time
Another time
Another time
Another time
Another time
Another time
Another time
Another time
Another time
Another time
Another time
Another time
Another time
Another time
Another time
Another time
Another time
Another time
Another time
Another time
Another time
Another time
Another time
Another time
Another time
Another time
Another time
Another time
Another time
Another time
Another time
Another time
Another time
Another time
Another time
Another time
Another time
Another time
Another time
Another time
Another time
Another time
Another time
Another time
Another time
Another time
Another time
Another time
Another time
Another time
Another time
Another time
Another time
Another time
Another time
Another time
Another time
Another time
Another time
Another time
Another time
Another time
Another time
Another time
Another time
Another time
Another time
Another time
Another time
Another time
Another time
Another time
Another time
Another time
Another time
Another time
Another time
Another time
Another time
Another time
Another time
Another time
Another time
Another time
Another time
Another time
Another time
Another time
Another time
Another time
Another time
Another time
Another time
Another time
Another time
Another time
Another time
Another time
Another time
Another time
Another time
Another time
Another time
Another time
Another time
Another time
Another time
Another time
Another time
Another time
Another time
Another time
Another time
Another time
Another time
Another time
Another time
Another time
Another time
Another time
Another time
Another time
Another time
Another time
Another time
Another time
Another time
Another time
Another time
Another time
Another time
Another time
Another time
Another time
Another time
Another time
Another time
Another time
Another time
Another time
Another time
Another time
Another time
Another time
Another time
Another time
Another time
Another time
Another time
Another time
Another time
Another time
Another time
Another time
Another time
Another time
Another time
Another time
Another time
Another time
Another time
Another time
Another time
Another time
Another time
Another time
Another time
Another time
Another time
Another time
Another time
Another time
Another time
Another time
Another time
Another time
Another time
Another time
Another time
Another time
Another time
Another time
Another time
Another time
Another time
Another time
Another time
Another time
Another time
Another time
Another time
Another time
Another time
Another time
Another time
Another time
Another time
Another time
Another time
Another time
Another time
Another time
Another time
Another time
Another time
Another time
Another time
Another time
Another time
Another time
Another time
Another time
Another time
Another time
Another time
Another time
Another time
Another time
Another time
Another time
Another time
Another time
Another time
Another time
Another time
Another time
Another time
Another time
Another time
Another time
Another time
Another time
Another time
Another time
Another time
Another time
Another time
Another time
Another time
Another time
Another time
Another time
Another time
Another time
Another time
Another time
Another time
Another time
Another time
Another time
Another time
Another time
Another time
Another time
Another time
Another time
Another time
Another time
Another time
Another time
Another time
Another time
Another time
Another time
Another time
Another time
Another time
Another time
Another time
Another time
Another time
Another time
Another time
Another time
Another time
Another time
Another time
Another time
Another time
Another time
Another time
Another time
Another time
Another time
Another time
Another time
Another time
Another time
Another time
Another time
Another time
Another time
Another time
Another time
Another time
Another time
Another time
Another time
Another time
Another time
Another time
Another time
Another time
Another time
Another time
Another time
Another time
Another time
Another time
Another time
Another time
Another time
Another time
Another time
Another time
Another time
Another time
Another time
Another time
Another time
Another time
Another time
Another time
Another time
Another time
Another time
Another time
Another time
Another time
Another time
Another time
Another time
Another time
Another time
Another time
Another time
Another time
Another time
Another time
Another time
Another time
Another time
Another time
Another time
Another time
Another time
Another time
Another time
Another time
Another time
Another time
Another time
Another time
Another time
Another time
Another time
Another time
Another time
Another time
Another time
Another time
Another time
Another time
Another time
Another time
Another time
Another time
Another time
Another time
Another time
Another time
Another time
Another time
Another time
Another time
Another time
Another time
Another time
Another time
Another time
Another time
Another time
Another time
Another time
Another time
Another time
Another time
Another time
Another time
Another time
Another time
Another time
Another time
Another time
Another time
Another time
Another time
Another time
Another time
Another time
Another time
Another time
Another time
Another time
Another time
Another time
Another time
Another time
Another time
Another time
Another time
Another time
Another time
Another time
Another time
Another time
Another time
Another time
Another time
Another time
Another time
Another time
Another time
Another time
Another time
Another time
Another time
Another time
Another time
Another time
Another time
Another time
Another time
Another time
Another time
Another time
Another time
Another time
Another time
Another time
Another time
Another time
Another time
Another time
Another time
Another time
Another time
Another time
Another time
Another time
Another time
Another time
Another time
Another time
Another time
Another time
Another time
Another time
Another time
Another time
Another time
Another time
Another time
Another time
Another time
Another time
Another time
Another time
Another time
Another time
Another time
Another time
Another time
Another time
Another time
Another time
Another time
Another time
Another time
Another time
Another time
Another time
Another time
Another time
Another time
Another time
Another time
Another time
Another time
Another time
Another time
Another time
Another time
Another time
Another time
Another time
Another time
Another time
Another time
Another time
Another time
Another time
Another time
Another time
Another time
Another time
Another time
Another time
Another time
Another time
Another time
Another time
Another time
Another time
Another time
Another time
Another time
Another time
Another time
Another time
Another time
Another time
Another time
Another time
Another time
Another time
Another time
Another time
Another time
Another time
Another time
Another time
Another time
Another time
Another time
Another time
Another time
Another time
Another time
Another time
Another time
Another time
Another time
Another time
Another time
Another time
Another time
Another time
Another time
Another time
Another time
Another time
Another time
Another time
Another time
Another time
Another time
Another time
Another time
Another time
Another time
Another time
Another time
Another time
Another time
Another time
Another time
Another time
Another time
Another time
Another time
Another time
Another time
Another time
Another time
Another time
Another time
Another time
Another time
Another time
Another time
Another time
Another time
Another time
Another time
Another time
Another time
Another time
Another time
Another time
Another time
Another time
Another time
Another time
Another time
Another time
Another time
Another time
Another time
Another time
Another time
Another time
Another time
Another time
Another time
Another time
Another time
Another time
Another time
Another time
Another time
Another time
Another time
Another time
Another time
Another time
Another time
Another time
Another time
Another time
Another time
Another time
Another time
Another time
Another time
Another time
Another time
Another time
Another time
Another time
Another time
Another time
Another time
Another time
Another time
Another time
Another time
Another time
Another time
Another time
Another time
Another time
Another time
Another time
Another time
Another time
Another time
Another time
Another time
Another time
Another time
Another time
Another time
Another time
Another time
Another time
Another time
Another time
Another time
Another time
Another time
Another time
Another time
Another time
Another time
Another time
Another time
Another time
Another time
Another time
Another time
Another time
Another time
Another time
Another time
Another time
Another time
Another time
Another time
Another time
Another time
Another time
Another time
Another time
Another time
Another time
Another time
Another time
Another time
Another time
Another time
Another time
Another time
Another time
Another time
Another time
Another time
Another time
Another time
Another time
Another time
Another time
Another time
Another time
Another time
Another time
Another time
Another time
Another time
Another time
Another time
Another time
Another time
Another time
Another time
Another time
Another time
Another time
Another time
Another time
Another time
Another time
Another time
Another time
Another time
Another time
Another time
Another time
Another time
Another time
Another time
Another time
Another time
Another time
Another time
Another time
Another time
Another time
Another time
Another time
Another time
Another time
Another time
Another time
Another time
Another time
Another time
Another time
Another time
Another time
Another time
Another time
Another time
Another time
Another time
Another time
Another time
Another time
Another time
Another time
Another time
Another time
Another time
Another time
Another time
Another time
Another time
Another time
Another time
Another time
Another time
Another time
Another time
Another time
Another time
Another time
Another time
Another time
Another time
Another time
Another time
Another time
Another time
Another time
Another time
Another time
Another time
Another time
Another time
Another time
Another time
Another time
Another time
Another time
Another time
Another time
Another time
Another time
Another time
Another time
Another time
Another time
Another time
Another time
Another time
Another time
Another time
Another time
Another time
Another time
Another time
Another time
Another time
Another time
Another time
Another time
Another time
Another time
Another time
Another time
Another time
Another time
Another time
Another time
Another time
Another time
Another time
Another time
Another time
Another time
Another time
Another time
Another time
Another time
Another time
Another time
Another time
Another time
Another time
Another time
Another time
Another time
Another time
Another time
Another time
Another time
Another time
Another time
Another time
Another time
Another time
Another time
Another time
Another time
Another time
Another time
Another time
Another time
Another time
Another time
Another time
Another time
Another time
Another time
Another time
Another time
Another time
Another time
Another time
Another time
Another time
Another time
Another time
Another time
Another time
Another time
Another time
Another time
Another time
Another time
Another time
Another time
Another time
Another time
Another time
Another time
Another time
Another time
Another time
Another time
Another time
Another time
Another time
Another time
Another time
Another time
Another time
Another time
Another time
Another time
Another time
Another time
Another time
Another time
Another time
Another time
Another time
Another time
Another time
Another time
Another time
Another time
Another time
Another time
Another time
Another time
Another time
Another time
Another time
Another time
Another time
Another time
Another time
Another time
Another time
Another time
Another time
Another time
Another time
Another time
Another time
Another time
Another time
Another time
Another time
Another time
Another time
Another time
Another time
Another time
Another time
Another time
Another time
Another time
Another time
Another time
Another time
Another time
Another time
Another time
Another time
Another time
Another time
Another time
Another time
Another time
Another time
Another time
Another time
Another time
Another time
Another time
Another time
Another time
Another time
Another time
Another time
Another time
Another time
Another time
Another time
Another time
Another time
Another time
Another time
Another time
Another time
Another time
Another time
Another time
Another time
Another time
Another time
Another time
Another time
Another time
Another time
Another time
Another time
Another time
Another time
Another time
Another time
Another time
Another time
Another time
Another time
Another time
Another time
Another time
Another time
Another time
Another time
Another time
Another time
Another time
Another time
Another time
Another time
Another time
Another time
Another time
Another time
Another time
Another time
Another time
Another time
Another time
Another time
Another time
Another time
Another time
Another time
Another time
Another time
Another time
Another time
Another time
Another time
Another time
Another time
Another time
Another time
Another time
Another time
Another time
Another time
Another time
Another time
Another time
Another time
Another time
Another time
Another time
Another time
Another time
Another time
Another time
Another time
Another time
Another time
Another time
Another time
Another time
Another time
Another time
Another time
Another time
Another time
Another time
Another time
Another time
Another time
Another time
Another time
Another time
Another time
Another time
Another time
Another time
Another time
Another time
Another time
Another time
Another time
Another time
Another time
Another time
Another time
Another time
Another time
Another time
Another time
Another time
Another time
Another time
Another time
Another time
Another time
Another time
Another time
Another time
Another time
Another time
Another time
Another time
Another time
Another time
Another time
Another time
Another time
Another time
Another time
Another time
Another time
Another time
Another time
Another time
Another time
Another time
Another time
Another time
Another time
Another time
Another time
Another time
Another time
Another time
Another time
Another time
Another time
Another time
Another time
Another time
Another time
Another time
Another time
Another time
Another time
Another time
Another time
Another time
Another time
Another time
Another time
Another time
Another time
Another time
Another time
Another time
Another time
Another time
Another time
Another time
Another time
Another time
Another time
Another time
Another time
Another time
Another time
Another time
Another time
Another time
Another time
Another time
Another time
Another time
Another time
Another time
Another time
Another time
Another time
Another time
Another time
Another time
Another time
Another time
Another time
Another time
Another time
Another time
Another time
Another time
Another time
Another time
Another time
Another time
Another time
Another time
Another time
Another time
Another time
Another time
Another time
Another time
Another time
Another time
Another time
Another time
Another time
Another time
Another time
Another time
Another time
Another time
Another time
Another time
Another time
Another time
Another time
Another time
Another time
Another time
Another time
Another time
Another time
Another time
Another time
Another time
Another time
Another time
Another time
Another time
Another time
Another time
Another time
Another time
Another time
Another time
Another time
Another time
Another time
Another time
Another time
Another time
Another time
Another time
Another time
Another time
Another time
Another time
Another time
Another time
Another time
Another time
Another time
Another time
Another time
Another time
Another time
Another time
Another time
Another time
Another time
Another time
Another time
Another time
Another time
Another time
Another time
Another time
Another time
Another time
Another time
Another time
Another time
Another time
Another time
Another time
Another time
Another time
Another time
Another time
Another time
Another time
Another time
Another time
Another time
Another time
Another time
Another time
Another time
Another time
Another time
Another time
Another time
Another time
Another time
Another time
Another time
Another time
Another time
Another time
Another time
Another time
Another time
Another time
Another time
Another time
Another time
Another time
Another time
Another time
Another time
Another time
Another time
Another time
Another time
Another time
Another time
Another time
Another time
Another time
Another time
Another time
Another time
Another time
Another time
Another time
Another time
Another time
Another time
Another time
Another time
Another time
Another time
Another time
Another time
Another time
Another time
Another time
Another time
Another time
Another time
Another time
Another time
Another time
Another time
Another time
Another time
Another time
Another time
Another time
Another time
Another time
Another time
Another time
Another time
Another time
Another time
Another time
Another time
Another time
Another time
Another time
Another time
Another time
Another time
Another time
Another time
Another time
Another time
Another time
Another time
Another time
Another time
Another time
Another time
Another time
Another time
Another time
Another time
Another time
Another time
Another time
Another time
Another time
Another time
Another time
Another time
Another time
Another time
Another time
Another time
Another time
Another time
Another time
Another time
Another time
Another time
Another time
Another time
Another time
Another time
Another time
Another time
Another time
Another time
Another time
Another time
Another time
Another time
Another time
Another time
Another time
Another time
Another time
Another time
Another time
Another time
Another time
Another time
Another time
Another time
Another time
Another time
Another time
Another time
Another time
Another time
Another time
Another time
Another time
Another time
Another time
Another time
Another time
Another time
Another time
Another time
Another time
Another time
Another time
Another time
Another time
Another time
Another time
Another time
Another time
Another time
Another time
Another time
Another time
Another time
Another time
Another time
Another time
Another time
Another time
Another time
Another time
Another time
Another time
Another time
Another time
Another time
Another time
Another time
Another time
Another time
Another time
Another time
Another time
Another time
Another time
Another time
Another time
Another time
Another time
Another time
Another time
Another time
Another time
Another time
Another time
Another time
Another time
Another time
Another time
Another time
Another time
Another time
Another time
Another time
Another time
Another time
Another time
Another time
Another time
Another time
Another time
Another time
Another time
Another time
Another time
Another time
Another time
Another time
Another time
Another time
Another time
Another time
Another time
Another time
Another time
Another time
Another time
Another time
Another time
Another time
Another time
Another time
Another time
Another time
Another time
Another time
Another time
Another time
Another time
Another time
Another time
Another time
Another time
Another time
Another time
Another time
Another time
Another time
Another time
Another time
Another time
Another time
Another time
Another time
Another time
Another time
Another time
Another time
Another time
Another time
Another time
Another time
Another time
Another time
Another time
Another time
Another time
Another time
Another time
Another time
Another time
Another time
Another time
Another time
Another time
Another time
Another time
Another time
Another time
Another time
Another time
Another time
Another time
Another time
Another time
Another time
Another time
Another time
Another time
Another time
Another time
Another time
Another time
Another time
Another time
Another time
Another time
Another time
Another time
Another time
Another time
Another time
Another time
Another time
Another time
Another time
Another time
Another time
Another time
Another time
Another time
Another time
Another time
Another time
Another time
Another time
Another time
Another time
Another time
Another time
Another time
Another time
Another time
Another time
Another time
Another time
Another time
Another time
Another time
Another time
Another time
Another time
Another time
Another time
Another time
Another time
Another time
Another time
Another time
Another time
Another time
Another time
Another time
Another time
Another time
Another time
Another time
Another time
Another time
Another time
Another time
Another time
Another time
Another time
Another time
Another time
Another time
Another time
Another time
Another time
Another time
Another time
Another time
Another time
Another time
Another time
Another time
Another time
Another time
Another time
Another time
Another time
Another time
Another time
Another time
Another time
Another time
Another time
Another time
Another time
Another time
Another time
Another time
Another time
Another time
Another time
Another time
Another time
Another time
Another time
Another time
Another time
Another time
Another time
Another time
Another time
Another time
Another time
Another time
Another time
Another time
Another time
Another time
Another time
Another time
Another time
Another time
Another time
Another time
Another time
Another time
Another time
Another time
Another time
Another time
Another time
Another time
Another time
Another time
Another time
Another time
Another time
Another time
Another time
Another time
Another time
Another time
Another time
Another time
Another time
Another time
Another time
Another time
Another time
Another time
Another time
Another time
Another time
Another time
Another time
Another time
Another time
Another time
Another time
Another time
Another time
Another time
Another time
Another time
Another time
Another time
Another time
Another time
Another time
Another time
Another time
Another time
Another time
Another time
Another time
Another time
Another time
Another time
Another time
Another time
Another time
Another time
Another time
Another time
Another time
Another time
Another time
Another time
Another time
Another time
Another time
Another time
Another time
Another time
Another time
Another time
Another time
Another time
Another time
Another time
Another time
Another time
Another time
Another time
Another time
Another time
Another time
Another time
Another time
Another time
Another time
Another time
Another time
Another time
Another time
Another time
Another time
Another time
Another time
Another time
Another time
Another time
Another time
Another time
Another time
Another time
Another time
Another time
Another time
Another time
Another time
Another time
Another time
Another time
Another time
Another time
Another time
Another time
Another time
Another time
Another time
Another time
Another time
Another time
Another time
Another time
Another time
Another time
Another time
Another time
Another time
Another time
Another time
Another time
Another time
Another time
Another time
Another time
Another time
Another time
Another time
Another time
Another time
Another time
Another time
Another time
Another time
Another time
Another time
Another time
Another time
Another time
Another time
Another time
Another time
Another time
Another time
Another time
Another time
Another time
Another time
Another time
Another time
Another time
Another time
Another time
Another time
Another time
Another time
Another time
Another time
Another time
Another time
Another time
Another time
Another time
Another time
Another time
Another time
Another time
Another time
Another time
Another time
Another time
Another time
Another time
Another time
Another time
Another time
Another time
Another time
Another time
Another time
Another time
Another time
Another time
Another time
Another time
Another time
Another time
Another time
Another time
Another time
Another time
Another time
Another time
Another time
Another time
Another time
Another time
Another time
Another time
Another time
Another time
Another time
Another time
Another time
Another time
Another time
Another time
Another time
Another time
Another time
Another time
Another time
Another time
Another time
Another time
Another time
Another time
Another time
Another time
Another time
Another time
Another time
Another time
Another time
Another time
Another time
Another time
Another time
Another time
Another time
Another time
Another time
Another time
Another time
Another time
Another time
Another time
Another time
Another time
Another time
Another time
Another time
Another time
Another time
Another time
Another time
Another time
Another time
Another time
Another time
Another time
Another time
Another time
Another time
Another time
Another time
Another time
Another time
Another time
Another time
Another time
Another time
Another time
Another time
Another time
Another time
Another time
Another time
Another time
Another time
Another time
Another time
Another time
Another time
Another time
Another time
Another time
Another time
Another time
Another time
Another time
Another time
Another time
Another time
Another time
Another time
Another time
Another time
Another time
Another time
Another time
Another time
Another time
Another time
Another time
Another time
Another time
Another time
Another time
Another time
Another time
Another time
Another time
Another time
Another time
Another time
Another time
Another time
Another time
Another time
Another time
Another time
Another time
Another time
Another time
Another time
Another time
Another time
Another time
Another time
Another time
Another time
Another time
Another time
Another time
Another time
Another time
Another time
Another time
Another time
Another time
Another time
Another time
Another time
Another time
Another time
Another time
Another time
Another time
Another time
Another time
Another time
Another time
Another time
Another time
Another time
Another time
Another time
Another time
Another time
Another time
Another time
Another time
Another time
Another time
Another time
Another time
Another time
Another time
Another time
Another time
Another time
Another time
Another time
Another time
Another time
Another time
Another time
Another time
Another time
Another time
Another time
Another time
Another time
Another time
Another time
Another time
Another time
Another time
Another time
Another time
Another time
Another time
Another time
Another time
Another time
Another time
Another time
Another time
Another time
Another time
Another time
Another time
Another time
Another time
Another time
Another time
Another time
Another time
Another time
Another time
Another time
Another time
Another time
Another time
Another time
Another time
Another time
Another time
Another time
Another time
Another time
Another time
Another time
Another time
Another time
Another time
Another time
Another time
Another time
Another time
Another time
Another time
Another time
Another time
Another time
Another time
Another time
Another time
Another time
Another time
Another time
Another time
Another time
Another time
Another time
Another time
Another time
Another time
Another time
Another time
Another time
Another time
Another time
Another time
Another time
Another time
Another time
Another time
Another time
Another time
Another time
Another time
Another time
Another time
Another time
Another time
Another time
Another time
Another time
Another time
Another time
Another time
Another time
Another time
Another time
Another time
Another time
Another time
Another time
Another time
Another time
Another time
Another time
Another time
Another time
Another time
Another time
Another time
Another time
Another time
Another time
Another time
Another time
Another time
Another time
Another time
Another time
Another time
Another time
Another time
Another time
Another time
Another time
Another time
Another time
Another time
Another time
Another time
Another time
Another time
Another time
Another time
Another time
Another time
Another time
Another time
Another time
Another time
Another time
Another time
Another time
Another time
Another time
Another time
Another time
Another time
Another time
Another time
Another time
Another time
Another time
Another time
Another time
Another time
Another time
Another time
Another time
Another time
Another time
Another time
Another time
Another time
Another time
Another time
Another time
Another time
Another time
Another time
Another time
Another time
Another time
Another time
Another time
Another time
Another time
Another time
Another time
Another time
Another time
Another time
Another time
Another time
Another time
Another time
Another time
Another time
Another time
Another time
Another time
Another time
Another time
Another time
Another time
Another time
Another time
Another time
Another time
Another time
Another time
Another time
Another time
Another time
Another time
Another time
Another time
Another time
Another time
Another time
Another time
Another time
Another time
Another time
Another time
Another time
Another time
Another time
Another time
Another time
Another time
Another time
Another time
Another time
Another time
Another time
Another time
Another time
Another time
Another time
Another time
Another time
Another time
Another time
Another time
Another time
Another time
Another time
Another time
Another time
Another time
Another time
Another time
Another time
Another time
Another time
Another time
Another time
Another time
Another time
Another time
Another time
Another time
Another time
Another time
Another time
Another time
Another time
Another time
Another time
Another time
Another time
Another time
Another time
Another time
Another time
Another time
Another time
Another time
Another time
Another time
Another time
Another time
Another time
Another time
Another time
Another time
Another time
Another time
Another time
Another time
Another time
Another time
Another time
Another time
Another time
Another time
Another time
Another time
Another time
Another time
Another time
Another time
Another time
Another time
Another time
Another time
Another time
Another time
Another time
Another time
Another time
Another time
Another time
Another time
Another time
Another time
Another time
Another time
Another time
Another time
Another time
Another time
Another time
Another time
Another time
Another time
Another time
Another time
Another time
Another time
Another time
Another time
Another time
Another time
Another time
Another time
Another time
Another time
Another time
Another time
Another time
Another time
Another time
Another time
Another time
Another time
Another time
Another time
Another time
Another time
Another time
Another time
Another time
Another time
Another time
Another time
Another time
Another time
Another time
Another time
Another time
Another time
Another time
Another time
Another time
Another time
Another time
Another time
Another time
Another time
Another time
Another time
Another time
Another time
Another time
Another time
Another time
Another time
Another time
Another time
Another time
Another time
Another time
Another time
Another time
Another time
Another time
Another time
Another time
Another time
Another time
Another time
Another time
Another time
Another time
Another time
Another time
Another time
Another time
Another time
Another time
Another time
Another time
Another time
Another time
Another time
Another time
Another time
Another time
Another time
Another time
Another time
Another time
Another time
Another time
Another time
Another time
Another time
Another time
Another time
Another time
Another time
Another time
Another time
Another time
Another time
Another time
Another time
Another time
Another time
Another time
Another time
Another time
Another time
Another time
Another time
Another time
Another time
Another time
Another time
Another time
Another time
Another time
Another time
Another time
Another time
Another time
Another time
Another time
Another time
Another time
Another time
Another time
Another time
Another time
Another time
Another time
Another time
Another time
Another time
Another time
Another time
Another time
Another time
Another time
Another time
Another time
Another time
Another time
Another time
Another time
Another time
Another time
Another time
Another time
Another time
Another time
Another time
Another time
Another time
Another time
Another time
Another time
Another time
Another time
Another time
Another time
Another time
Another time
Another time
Another time
Another time
Another time
Another time
Another time
Another time
Another time
Another time
Another time
Another time
Another time
Another time
Another time
Another time
Another time
Another time
Another time
Another time
Another time
Another time
Another time
Another time
Another time
Another time
Another time
Another time
Another time
Another time
Another time
Another time
Another time
Another time
Another time
Another time
Another time
Another time
Another time
Another time
Another time
Another time
Another time
Another time
Another time
Another time
Another time
Another time
Another time
Another time
Another time
Another time
Another time
Another time
Another time
Another time
Another time
Another time
Another time
Another time
Another time
Another time
Another time
Another time
Another time
Another time
Another time
Another time
Another time
Another time
Another time
Another time
Another time
Another time
Another time
Another time
Another time
Another time
Another time
Another time
Another time
Another time
Another time
Another time
Another time
Another time
Another time
Another time
Another time
Another time
Another time
Another time
Another time
Another time
Another time
Another time
Another time
Another time
Another time
Another time
Another time
Another time
Another time
Another time
Another time
Another time
Another time
Another time
Another time
Another time
Another time
Another time
Another time
Another time
Another time
Another time
Another time
Another time
Another time
Another time
Another time
Another time
Another time
Another time
Another time
Another time
Another time
Another time
Another time
Another time
Another time
Another time
Another time
Another time
Another time
Another time
Another time
Another time
Another time
Another time
Another time
Another time
Another time
Another time
Another time
Another time
Another time
Another time
Another time
Another time
Another time
Another time
Another time
Another time
Another time
Another time
Another time
Another time
Another time
Another time
Another time
Another time
Another time
Another time
Another time
Another time
Another time
Another time
Another time
Another time
Another time
Another time
Another time
Another time
Another time
Another time
Another time
Another time
Another time
Another time
Another time
Another time
Another time
Another time
Another time
Another time
Another time
Another time
Another time
Another time
Another time
Another time
Another time
Another time
Another time
Another time
Another time
Another time
Another time
Another time
Another time
Another time
Another time
Another time
Another time
Another time
Another time
Another time
Another time
Another time
Another time
Another time
Another time
Another time
Another time
Another time
Another time
Another time
Another time
Another time
Another time
Another time
Another time
Another time
Another time
Another time
Another time
Another time
Another time
Another time
Another time
Another time
Another time
Another time
Another time
Another time
Another time
Another time
Another time
Another time
Another time
Another time
Another time
Another time
Another time
Another time
Another time
Another time
Another time
Another time
Another time
Another time
Another time
Another time
Another time
Another time
Another time
Another time
Another time
Another time
Another time
Another time
Another time
Another time
Another time
Another time
Another time
Another time
Another time
Another time
Another time
Another time
Another time
Another time
Another time
Another time
Another time
Another time
Another time
Another time
Another time
Another time
Another time
Another time
Another time
Another time
Another time
Another time
Another time
Another time
Another time
Another time
Another time
Another time
Another time
Another time
Another time
Another time
Another time
Another time
Another time
Another time
Another time
Another time
Another time
Another time
Another time
Another time
Another time
Another time
Another time
Another time
Another time
Another time
Another time
Another time
Another time
Another time
Another time
Another time
Another time
Another time
Another time
Another time
Another time
Another time
Another time
Another time
Another time
Another time
Another time
Another time
Another time
Another time
Another time
Another time
Another time
Another time
Another time
Another time
Another time
Another time
Another time
Another time
Another time
Another time
Another time
Another time
Another time
Another time
Another time
Another time
Another time
Another time
Another time
Another time
Another time
Another time
Another time
Another time
Another time
Another time
Another time
Another time
Another time
Another time
Another time
Another time
Another time
Another time
Another time
Another time
Another time
Another time
Another time
Another time
Another time
Another time
Another time
Another time
Another time
Another time
Another time
Another time
Another time
Another time
Another time
Another time
Another time
Another time
Another time
Another time
Another time
Another time
Another time
Another time
Another time
Another time
Another time
Another time
Another time
Another time
Another time
Another time
Another time
Another time
Another time
Another time
Another time
Another time
Another time
Another time
Another time
Another time
Another time
Another time
Another time
Another time
Another time
Another time
Another time
Another time
Another time
Another time
Another time
Another time
Another time
Another time
Another time
Another time
Another time
Another time
Another time
Another time
Another time
Another time
Another time
Another time
Another time
Another time
Another time
Another time
Another time
Another time
Another time
Another time
Another time
Another time
Another time
Another time
Another time
Another time
Another time
Another time
Another time
Another time
Another time
Another time
Another time
Another time
Another time
Another time
Another time
Another time
Another time
Another time
Another time
Another time
Another time
Another time
Another time
Another time
Another time
Another time
Another time
Another time
Another time
Another time
Another time
Another time
Another time
Another time
Another time
Another time
Another time
Another time
Another time
Another time
Another time
Another time
Another time
Another time
Another time
Another time
Another time
Another time
Another time
Another time
Another time
Another time
Another time
Another time
Another time
Another time
Another time
Another time
Another time
Another time
Another time
Another time
Another time
Another time
Another time
Another time
Another time
Another time
Another time
Another time
Another time
Another time
Another time
Another time
Another time
Another time
Another time
Another time
Another time
Another time
Another time
Another time
Another time
Another time
Another time
Another time
Another time
Another time
Another time
Another time
Another time
Another time
Another time
Another time
Another time
Another time
Another time
Another time
Another time
Another time
Another time
Another time
Another time
Another time
Another time
Another time
Another time
Another time
Another time
Another time
Another time
Another time
Another time
Another time
Another time
Another time
Another time
Another time
Another time
Another time
Another time
Another time
Another time
Another time
Another time
Another time
Another time
Another time
Another time
Another time
Another time
Another time
Another time
Another time
Another time
Another time
Another time
Another time
Another time
Another time
Another time
Another time
Another time
Another time
Another time
Another time
Another time
Another time
Another time
Another time
Another time
Another time
Another time
Another time
Another time
Another time
Another time
Another time
Another time
Another time
Another time
Another time
Another time
Another time
Another time
Another time
Another time
Another time
Another time
Another time
Another time
Another time
Another time
Another time
Another time
Another time
Another time
Another time
Another time
Another time
Another time
Another time
Another time
Another time
Another time
Another time
Another time
Another time
Another time
Another time
Another time
Another time
Another time
Another time
Another time
Another time
Another time
Another time
Another time
Another time
Another time
Another time
Another time
Another time
Another time
Another time
Another time
Another time
Another time
Another time
Another time
Another time
Another time
Another time
Another time
Another time
Another time
Another time
Another time
Another time
Another time
Another time
Another time
Another time
Another time
Another time
Another time
Another time
Another time
Another time
Another time
Another time
Another time
Another time
Another time
Another time
Another time
Another time
Another time
Another time
Another time
Another time
Another time
Another time
Another time
Another time
Another time
Another time
Another time
Another time
Another time
Another time
Another time
Another time
Another time
Another time
Another time
Another time
Another time
Another time
Another time
Another time
Another time
Another time
Another time
Another time
Another time
Another time
Another time
Another time
Another time
Another time
Another time
Another time
Another time
Another time
Another time
Another time
Another time
Another time
Another time
Another time
Another time
Another time
Another time
Another time
Another time
Another time
Another time
Another time
Another time
Another time
Another time
Another time
Another time
Another time
Another time
Another time
Another time
Another time
Another time
Another time
Another time
Another time
Another time
Another time
Another time
Another time
Another time
Another time
Another time
Another time
Another time
Another time
Another time
Another time
Another time
Another time
Another time
Another time
Another time
Another time
Another time
Another time
Another time
Another time
Another time
Another time
Another time
Another time
Another time
Another time
Another time
Another time
Another time
Another time
Another time
Another time
Another time
Another time
Another time
Another time
Another time
Another time
Another time
Another time
Another time
Another time
Another time
Another time
Another time
Another time
Another time
Another time
Another time
Another time
Another time
Another time
Another time
Another time
Another time
Another time
Another time
Another time
Another time
Another time
Another time
Another time
Another time
Another time
Another time
Another time
Another time
Another time
Another time
Another time
Another time
Another time
Another time
Another time
Another time
Another time
Another time
Another time
Another time
Another time
Another time
Another time
Another time
Another time
Another time
Another time
Another time
Another time
Another time
Another time
Another time
Another time
Another time
Another time
Another time
Another time
Another time
Another time
Another time
Another time
Another time
Another time
Another time
Another time
Another time
Another time
Another time
Another time
Another time
Another time
Another time
Another time
Another time
Another time
Another time
Another time
Another time
Another time
Another time
Another time
Another time
Another time
Another time
Another time
Another time
Another time
Another time
Another time
Another time
Another time
Another time
Another time
Another time
Another time
Another time
Another time
Another time
Another time
Another time
Another time
Another time
Another time
Another time
Another time
Another time
Another time
Another time
Another time
Another time
Another time
Another time
Another time
Another time
Another time
Another time
Another time
Another time
Another time
Another time
Another time
Another time
Another time
Another time
Another time
Another time
Another time
Another time
Another time
Another time
Another time
Another time
Another time
Another time
Another time
Another time
Another time
Another time
Another time
Another time
Another time
Another time
Another time
Another time
Another time
Another time
Another time
Another time
Another time
Another time
Another time
Another time
Another time
Another time
Another time
Another time
Another time
Another time
Another time
Another time
Another time
Another time
Another time
Another time
Another time
Another time
Another time
Another time
Another time
Another time
Another time
Another time
Another time
Another time
Another time
Another time
Another time
Another time
Another time
Another time
Another time
Another time
Another time
Another time
Another time
Another time
Another time
Another time
Another time
Another time
Another time
Another time
Another time
Another time
Another time
Another time
Another time
Another time
Another time
Another time
Another time
Another time
Another time
Another time
Another time
Another time
Another time
Another time
Another time
Another time
Another time
Another time
Another time
Another time
Another time
Another time
Another time
Another time
Another time
Another time
Another time
Another time
Another time
Another time
Another time
Another time
Another time
Another time
Another time
Another time
Another time
Another time
Another time
Another time
Another time
Another time
Another time
Another time
Another time
Another time
Another time
Another time
Another time
Another time
Another time
Another time
Another time
Another time
Another time
Another time
Another time
Another time
Another time
Another time
Another time
Another time
Another time
Another time
Another time
Another time
Another time
Another time
Another time
Another time
Another time
Another time
Another time
Another time
Another time
Another time
Another time
Another time
Another time
Another time
Another time
Another time
Another time
Another time
Another time
Another time
Another time
Another time
Another time
Another time
Another time
Another time
Another time
Another time
Another time
Another time
Another time
Another time
Another time
Another time
Another time
Another time
Another time
Another time
Another time
Another time
Another time
Another time
Another time
Another time
Another time
Another time
Another time
Another time
Another time
Another time
Another time
Another time
Another time
Another time
Another time
Another time
Another time
Another time
Another time
Another time
Another time
Another time
Another time
Another time
Another time
Another time
Another time
Another time
Another time
Another time
Another time
Another time
Another time
Another time
Another time
Another time
Another time
Another time
Another time
Another time
Another time
Another time
Another time
Another time
Another time
Another time
Another time
Another time
Another time
Another time
Another time
Another time
Another time
Another time
Another time
Another time
Another time
Another time
Another time
Another time
Another time
Another time
Another time
Another time
Another time
Another time
Another time
Another time
Another time
Another time
Another time
Another time
Another time
Another time
Another time
Another time
Another time
Another time
Another time
Another time
Another time
Another time
Another time
Another time
Another time
Another time
Another time
Another time
Another time
Another time
Another time
Another time
Another time
Another time
Another time
Another time
Another time
Another time
Another time
Another time
Another time
Another time
Another time
Another time
Another time
Another time
Another time
Another time
Another time
Another time
Another time
Another time
Another time
Another time
Another time
Another time
Another time
Another time
Another time
Another time
Another time
Another time
Another time
Another time
Another time
Another time
Another time
Another time
Another time
Another time
Another time
Another time
Another time
Another time
Another time
Another time
Another time
Another time
Another time
Another time
Another time
Another time
Another time
Another time
Another time
Another time
Another time
Another time
Another time
Another time
Another time
Another time
Another time
Another time
Another time
Another time
Another time
Another time
Another time
Another time
Another time
Another time
Another time
Another time
Another time
Another time
Another time
Another time
Another time
Another time
Another time
Another time
Another time
Another time
Another time
Another time
Another time
Another time
Another time
Another time
Another time
Another time
Another time
Another time
Another time
Another time
Another time
Another time
Another time
Another time
Another time
Another time
Another time
Another time
Another time
Another time
Another time
Another time
Another time
Another time
Another time
Another time
Another time
Another time
Another time
Another time
Another time
Another time
Another time
Another time
Another time
Another time
Another time
Another time
Another time
Another time
Another time
Another time
Another time
Another time
Another time
Another time
Another time
Another time
Another time
Another time
Another time
Another time
Another time
Another time
Another time
Another time
Another time
Another time
Another time
Another time
Another time
Another time
Another time
Another time
Another time
Another time
Another time
Another time
Another time
Another time
Another time
Another time
Another time
Another time
Another time
Another time
Another time
Another time
Another time
Another time
Another time
Another time
Another time
Another time
Another time
Another time
Another time
Another time
Another time
Another time
Another time
Another time
Another time
Another time
Another time
Another time
Another time
Another time
Another time
Another time
Another time
Another time
Another time
Another time
Another time
Another time
Another time
Another time
Another time
Another time
Another time
Another time
Another time
Another time
Another time
Another time
Another time
Another time
Another time
Another time
Another time
Another time
Another time
Another time
Another time
Another time
Another time
Another time
Another time
Another time
Another time
Another time
Another time
Another time
Another time
Another time
Another time
Another time
Another time
Another time
Another time
Another time
Another time
Another time
Another time
Another time
Another time
Another time
Another time
Another time
Another time
Another time
Another time
Another time
Another time
Another time
Another time
Another time
Another time
Another time
Another time
Another time
Another time
Another time
Another time
Another time
Another time
Another time
Another time
Another time
Another time
Another time
Another time
Another time
Another time
Another time
Another time
Another time
Another time
Another time
Another time
Another time
Another time
Another time
Another time
Another time
Another time
Another time
Another time
Another time
Another time
Another time
Another time
Another time
Another time
Another time
Another time
Another time
Another time
Another time
Another time
Another time
Another time
Another time
Another time
Another time
Another time
Another time
Another time
Another time
Another time
Another time
Another time
Another time
Another time
Another time
Another time
Another time
Another time
Another time
Another time
Another time
Another time
Another time
Another time
Another time
Another time
Another time
Another time
Another time
Another time
Another time
Another time
Another time
Another time
Another time
Another time
Another time
Another time
Another time
Another time
Another time
Another time
Another time
Another time
Another time
Another time
Another time
Another time
Another time
Another time
Another time
Another time
Another time
Another time
Another time
Another time
Another time
Another time
Another time
Another time
Another time
Another time
Another time
Another time
Another time
Another time
Another time
Another time
Another time
Another time
Another time
Another time
Another time
Another time
Another time
Another time
Another time
Another time
Another time
Another time
Another time
Another time
Another time
Another time
Another time
Another time
Another time
Another time
Another time
Another time
Another time
Another time
Another time
Another time
Another time
Another time
Another time
Another time
Another time
Another time
Another time
Another time
Another time
Another time
Another time
Another time
Another time
Another time
Another time
Another time
Another time
Another time
Another time
Another time
Another time
Another time
Another time
Another time
Another time
Another time
Another time
Another time
Another time
Another time
Another time
Another time
Another time
Another time
Another time
Another time
Another time
Another time
Another time
Another time
Another time
Another time
Another time
Another time
Another time
Another time
Another time
Another time
Another time
Another time
Another time
Another time
Another time
Another time
Another time
Another time
Another time
Another time
Another time
Another time
Another time
Another time
Another time
Another time
Another time
Another time
Another time
Another time
Another time
Another time
Another time
Another time
Another time
Another time
Another time
Another time
Another time
Another time
Another time
Another time
Another time
Another time
Another time
Another time
Another time
Another time
Another time
Another time
Another time
Another time
Another time
Another time
Another time
Another time
Another time
Another time
Another time
Another time
Another time
Another time
Another time
Another time
Another time
Another time
Another time
Another time
Another time
Another time
Another time
Another time
Another time
Another time
Another time
Another time
Another time
Another time
Another time
Another time
Another time
Another time
Another time
Another time
Another time
Another time
Another time
Another time
Another time
Another time
Another time
Another time
Another time
Another time
Another time
Another time
Another time
Another time
Another time
Another time
Another time
Another time
Another time
Another time
Another time
Another time
Another time
Another time
Another time
Another time
Another time
Another time
Another time
Another time
Another time
Another time
Another time
Another time
Another time
Another time
Another time
Another time
Another time
Another time
Another time
Another time
Another time
Another time
Another time
Another time
Another time
Another time
Another time
Another time
Another time
Another time
Another time
Another time
Another time
Another time
Another time
Another time
Another time
Another time
Another time
Another time
Another time
Another time
Another time
Another time
Another time
Another time
Another time
Another time
Another time
Another time
Another time
Another time
Another time
Another time
Another time
Another time
Another time
Another time
Another time
Another time
Another time
Another time
Another time
Another time
Another time
Another time
Another time
Another time
Another time
Another time
Another time
Another time
Another time
Another time
Another time
Another time
Another time
Another time
Another time
Another time
Another time
Another time
Another time
Another time
Another time
Another time
Another time
Another time
Another time
Another time
Another time
Another time
Another time
Another time
Another time
Another time
Another time
Another time
Another time
Another time
Another time
Another time
Another time
Another time
Another time
Another time
Another time
Another time
Another time
Another time
Another time
Another time
Another time
Another time
Another time
Another time
Another time
Another time
Another time
Another time
Another time
Another time
Another time
Another time
Another time
Another time
Another time
Another time
Another time
Another time
Another time
Another time
Another time
Another time
Another time
Another time
Another time
Another time
Another time
Another time
Another time
Another time
Another time
Another time
Another time
Another time
Another time
Another time
Another time
Another time
Another time
Another time
Another time
Another time
Another time
Another time
Another time
Another time
Another time
Another time
Another time
Another time
Another time
Another time
Another time
Another time
Another time
Another time
Another time
Another time
Another time
Another time
Another time
Another time
Another time
Another time
Another time
Another time
Another time
Another time
Another time
Another time
Another time
Another time
Another time
Another time
Another time
Another time
Another time
Another time
Another time
Another time
Another time
Another time
Another time
Another time
Another time
Another time
Another time
Another time
Another time
Another time
Another time
Another time
Another time
Another time
Another time
Another time
Another time
Another time
Another time
Another time
Another time
Another time
Another time
Another time
Another time
Another time
Another time
Another time
Another time
Another time
Another time
Another time
Another time
Another time
Another time
Another time
Another time
Another time
Another time
Another time
Another time
Another time
Another time
Another time
Another time
Another time
Another time
Another time
Another time
Another time
Another time
Another time
Another time
Another time
Another time
Another time
Another time
Another time
Another time
Another time
Another time
Another time
Another time
Another time
Another time
Another time
Another time
Another time
Another time
Another time
Another time
Another time
Another time
Another time
Another time
Another time
Another time
Another time
Another time
Another time
Another time
Another time
Another time
Another time
Another time
Another time
Another time
Another time
Another time
Another time
Another time
Another time
Another time
Another time
Another time
Another time
Another time
Another time
Another time
Another time
Another time
Another time
Another time
Another time
Another time
Another time
Another time
Another time
Another time
Another time
Another time
Another time
Another time
Another time
Another time
Another time
Another time
Another time
Another time
Another time
Another time
Another time
Another time
Another time
Another time
Another time
Another time
Another time
Another time
Another time
Another time
Another time
Another time
Another time
Another time
Another time
Another time
Another time
Another time
Another time
Another time
Another time
Another time
Another time
Another time
Another time
Another time
Another time
Another time
Another time
Another time
Another time
Another time
Another time
Another time
Another time
Another time
Another time
Another time
Another time
Another time
Another time
Another time
Another time
Another time
Another time
Another time
Another time
Another time
Another time
Another time
Another time
Another time
Another time
Another time
Another time
Another time
Another time
Another time
Another time
Another time
Another time
Another time
Another time
Another time
Another time
Another time
Another time
Another time
Another time
Another time
Another time
Another time
Another time
Another time
Another time
Another time
Another time
Another time
Another time
Another time
Another time
Another time
Another time
Another time
Another time
Another time
Another time
Another time
Another time
Another time
Another time
Another time
Another time
Another time
Another time
Another time
Another time
Another time
Another time
Another time
Another time
Another time
Another time
Another time
Another time
Another time
Another time
Another time
Another time
Another time
Another time
Another time
Another time
Another time
Another time
Another time
Another time
Another time
Another time
Another time
Another time
Another time
Another time
Another time
Another time
Another time
Another time
Another time
Another time
Another time
Another time
Another time
Another time
Another time
Another time
Another time
Another time
Another time
Another time
Another time
Another time
Another time
Another time
Another time
Another time
Another time
Another time
Another time
Another time
Another time
Another time
Another time
Another time
Another time
Another time
Another time
Another time
Another time
Another time
Another time
Another time
Another time
Another time
Another time
Another time
Another time
Another time
Another time
Another time
Another time
Another time
Another time
Another time
Another time
Another time
Another time
Another time
Another time
Another time
Another time
Another time
Another time
Another time
Another time
Another time
Another time
Another time
Another time
Another time
Another time
Another time
Another time
Another time
Another time
Another time
Another time
Another time
Another time
Another time
Another time
Another time
Another time
Another time
Another time
Another time
Another time
Another time
Another time
Another time
Another time
Another time
Another time
Another time
Another time
Another time
Another time
Another time
Another time
Another time
Another time
Another time
Another time
Another time
Another time
Another time
Another time
Another time
Another time
Another time
Another time
Another time
Another time
Another time
Another time
Another time
Another time
Another time
Another time
Another time
Another time
Another time
Another time
Another time
Another time
Another time
Another time
Another time
Another time
Another time
Another time
Another time
Another time
Another time
Another time
Another time
Another time
Another time
Another time
Another time
Another time
Another time
Another time
Another time
Another time
Another time
Another time
Another time
Another time
Another time
Another time
Another time
Another time
Another time
Another time
Another time
Another time
Another time
Another time
Another time
Another time
Another time
Another time
Another time
Another time
Another time
Another time
Another time
Another time
Another time
Another time
Another time
Another time
Another time
Another time
Another time
Another time
Another time
Another time
Another time
Another time
Another time
Another time
Another time
Another time
Another time
Another time
Another time
Another time
Another time
Another time
Another time
Another time
Another time
Another time
Another time
Another time
Another time
Another time
Another time
Another time
Another time
Another time
Another time
Another time
Another time
Another time
Another time
Another time
Another time
Another time
Another time
Another time
Another time
Another time
Another time
Another time
Another time
Another time
Another time
Another time
Another time
Another time
Another time
Another time
Another time
Another time
Another time
Another time
Another time
Another time
Another time
Another time
Another time
Another time
Another time
Another time
Another time
Another time
Another time
Another time
Another time
Another time
Another time
Another time
Another time
Another time
Another time
Another time
Another time
Another time
Another time
Another time
Another time
Another time
Another time
Another time
Another time
Another time
Another time
Another time
Another time
Another time
Another time
Another time
Another time
Another time
Another time
Another time
Another time
Another time
Another time
Another time
Another time
Another time
Another time
Another time
Another time
Another time
Another time
Another time
Another time
Another time
Another time
Another time
Another time
Another time
Another time
Another time
Another time
Another time
Another time
Another time
Another time
Another time
Another time
Another time
Another time
Another time
Another time
Another time
Another time
Another time
Another time
Another time
Another time
Another time
Another time
Another time
Another time
Another time
Another time
Another time
Another time
Another time
Another time
Another time
Another time
Another time
Another time
Another time
Another time
Another time
Another time
Another time
Another time
Another time
Another time
Another time
Another time
Another time
Another time
Another time
Another time
Another time
Another time
Another time
Another time
Another time
Another time
Another time
Another time
Another time
Another time
Another time
Another time
Another time
Another time
Another time
Another time
Another time
Another time
Another time
Another time
Another time
Another time
Another time
Another time
Another time
Another time
Another time
Another time
Another time
Another time
Another time
Another time
Another time
Another time
Another time
Another time
Another time
Another time
Another time
Another time
Another time
Another time
Another time
Another time
Another time
Another time
Another time
Another time
Another time
Another time
Another time
Another time
Another time
Another time
Another time
Another time
Another time
Another time
Another time
Another time
Another time
Another time
Another time
Another time
Another time
Another time
Another time
Another time
Another time
Another time
Another time
Another time
Another time
Another time
Another time
Another time
Another time
Another time
Another time
Another time
Another time
Another time
Another time
Another time
Another time
Another time
Another time
Another time
Another time
Another time
Another time
Another time
Another time
Another time
Another time
Another time
Another time
Another time
Another time
Another time
Another time
Another time
Another time
Another time
Another time
Another time
Another time
Another time
Another time
Another time
Another time
Another time
Another time
Another time
Another time
Another time
Another time
Another time
Another time
Another time
Another time
Another time
Another time
Another time
Another time
Another time
Another time
Another time
Another time
Another time
Another time
Another time
Another time
Another time
Another time
Another time
Another time
Another time
Another time
Another time
Another time
Another time
Another time
Another time
Another time
Another time
Another time
Another time
Another time
Another time
Another time
Another time
Another time
Another time
Another time
Another time
Another time
Another time
Another time
Another time
Another time
Another time
Another time
Another time
Another time
Another time
Another time
Another time
Another time
Another time
Another time
Another time
Another time
Another time
Another time
Another time
Another time
Another time
Another time
Another time
Another time
Another time
Another time
Another time
Another time
Another time
Another time
Another time
Another time
Another time
Another time
Another time
Another time
Another time
Another time
Another time
Another time
Another time
Another time
Another time
Another time
Another time
Another time
Another time
Another time
Another time
Another time
Another time
Another time
Another time
Another time
Another time
Another time
Another time
Another time
Another time
Another time
Another time
Another time
Another time
Another time
Another time
Another time
Another time
Another time
Another time
Another time
Another time
Another time
Another time
Another time
Another time
Another time
Another time
Another time
Another time
Another time
Another time
Another time
Another time
Another time
Another time
Another time
Another time
Another time
Another time
Another time
Another time
Another time
Another time
Another time
Another time
Another time
Another time
Another time
Another time
Another time
Another time
Another time
Another time
Another time
Another time
Another time
Another time
Another time
Another time
Another time
Another time
Another time
Another time
Another time
Another time
Another time
Another time
Another time
Another time
Another time
Another time
Another time
Another time
Another time
Another time
Another time
Another time
Another time
Another time
Another time
Another time
Another time
Another time
Another time
Another time
Another time
Another time
Another time
Another time
Another time
Another time
Another time
Another time
Another time
Another time
Another time
Another time
Another time
Another time
Another time
Another time
Another time
Another time
Another time
Another time
Another time
Another time
Another time
Another time
Another time
Another time
Another time
Another time
Another time
Another time
Another time
Another time
Another time
Another time
Another time
Another time
Another time
Another time
Another time
Another time
Another time
Another time
Another time
Another time
Another time
Another time
Another time
Another time
Another time
Another time
Another time
Another time
Another time
Another time
Another time
Another time
Another time
Another time
Another time
Another time
Another time
Another time
Another time
Another time
Another time
Another time
Another time
Another time
Another time
Another time
Another time
Another time
Another time
Another time
Another time
Another time
Another time
Another time
Another time
Another time
Another time
Another time
Another time
Another time
Another time
Another time
Another time
Another time
Another time
Another time
Another time
Another time
Another time
Another time
Another time
Another time
Another time
Another time
Another time
Another time
Another time
Another time
Another time
Another time
Another time
Another time
Another time
Another time
Another time
Another time
Another time
Another time
Another time
Another time
Another time
Another time
Another time
Another time
Another time
Another time
Another time
Another time
Another time
Another time
Another time
Another time
Another time
Another time
Another time
Another time
Another time
Another time
Another time
Another time
Another time
Another time
Another time
Another time
Another time
Another time
Another time
Another time
Another time
Another time
Another time
Another time
Another time
Another time
Another time
Another time
Another time
Another time
Another time
Another time
Another time
Another time
Another time
Another time
Another time
Another time
Another time
Another time
Another time
Another time
Another time
Another time
Another time
Another time
Another time
Another time
Another time
Another time
Another time
Another time
Another time
Another time
Another time
Another time
Another time
Another time
Another time
Another time
Another time
Another time
Another time
Another time
Another time
Another time
Another time
Another time
Another time
Another time
Another time
Another time
Another time
Another time
Another time
Another time
Another time
Another time
Another time
Another time
Another time
Another time
Another time
Another time
Another time
Another time
Another time
Another time
Another time
Another time
Another time
Another time
Another time
Another time
Another time
Another time
Another time
Another time
Another time
Another time
Another time
Another time
Another time
Another time
Another time
Another time
Another time
Another time
Another time
Another time
Another time
Another time
Another time
Another time
Another time
Another time
Another time
Another time
Another time
Another time
Another time
Another time
Another time
Another time
Another time
Another time
Another time
Another time
Another time
Another time
Another time
Another time
Another time
Another time
Another time
Another time
Another time
Another time
Another time
Another time
Another time
Another time
Another time
Another time
Another time
Another time
Another time
Another time
Another time
Another time
Another time
Another time
Another time
Another time
Another time
Another time
Another time
Another time
Another time
Another time
Another time
Another time
Another time
Another time
Another time
Another time
Another time
Another time
Another time
Another time
Another time
Another time
Another time
Another time
Another time
Another time
Another time
Another time
Another time
Another time
Another time
Another time
Another time
Another time
Another time
Another time
Another time
Another time
Another time
Another time
Another time
Another time
Another time
Another time
Another time
Another time
Another time
Another time
Another time
Another time
Another time
Another time
Another time
Another time
Another time
Another time
Another time
Another time
Another time
Another time
Another time
Another time
Another time
Another time
Another time
Another time
Another time
Another time
Another time
Another time
Another time
Another time
Another time
Another time
Another time
Another time
Another time
Another time
Another time
Another time
Another time
Another time
Another time
Another time
Another time
Another time
Another time
Another time
Another time
Another time
Another time
Another time
Another time
Another time
Another time
Another time
Another time
Another time
Another time
Another time
Another time
Another time
Another time
Another time
Another time
Another time
Another time
Another time
Another time
Another time
Another time
Another time
Another time
Another time
Another time
Another time
Another time
Another time
Another time
Another time
Another time
Another time
Another time
Another time
Another time
Another time
Another time
Another time
Another time
Another time
Another time
Another time
Another time
Another time
Another time
Another time
Another time
Another time
Another time
Another time
Another time
Another time
Another time
Another time
Another time
Another time
Another time
Another time
Another time
Another time
Another time
Another time
Another time
Another time
Another time
Another time
Another time
Another time
Another time
Another time
Another time
Another time
Another time
Another time
Another time
Another time
Another time
Another time
Another time
Another time
Another time
Another time
Another time
Another time
Another time
Another time
Another time
Another time
Another time
Another time
Another time
Another time
Another time
Another time
Another time
Another time
Another time
Another time
Another time
Another time
Another time
Another time
Another time
Another time
Another time
Another time
Another time
Another time
Another time
Another time
Another time
Another time
Another time
Another time
Another time
Another time
Another time
Another time
Another time
Another time
Another time
Another time
Another time
Another time
Another time
Another time
Another time
Another time
Another time
Another time
Another time
Another time
Another time
Another time
Another time
Another time
Another time
Another time
Another time
Another time
Another time
Another time
Another time
Another time
Another time
Another time
Another time
Another time
Another time
Another time
Another time
Another time
Another time
Another time
Another time
Another time
Another time
Another time
Another time
Another time
Another time
Another time
Another time
Another time
Another time
Another time
Another time
Another time
Another time
Another time
Another time
Another time
Another time
Another time
Another time
Another time
Another time
Another time
Another time
Another time
Another time
Another time
Another time
Another time
Another time
Another time
Another time
Another time
Another time
Another time
Another time
Another time
Another time
Another time
Another time
Another time
Another time
Another time
Another time
Another time
Another time
Another time
Another time
Another time
Another time
Another time
Another time
Another time
Another time
Another time
Another time
Another time
Another time
Another time
Another time
Another time
Another time
Another time
Another time
Another time
Another time
Another time
Another time
Another time
Another time
Another time
Another time
Another time
Another time
Another time
Another time
Another time
Another time
Another time
Another time
Another time
Another time
Another time
Another time
Another time
Another time
Another time
Another time
Another time
Another time
Another time
Another time
Another time
Another time
Another time
Another time
Another time
Another time
Another time
Another time
Another time
Another time
Another time
Another time
Another time
Another time
Another time
Another time
Another time
Another time
Another time
Another time
Another time
Another time
Another time
Another time
Another time
Another time
Another time
Another time
Another time
Another time
Another time
Another time
Another time
Another time
Another time
Another time
Another time
Another time
Another time
Another time
Another time
Another time
Another time
Another time
Another time
Another time
Another time
Another time
Another time
Another time
Another time
Another time
Another time
Another time
Another time
Another time
Another time
Another time
Another time
Another time
Another time
Another time
Another time
Another time
Another time
Another time
Another time
Another time
Another time
Another time
Another time
Another time
Another time
Another time
Another time
Another time
Another time
Another time
Another time
Another time
Another time
Another time
Another time
Another time
Another time
Another time
Another time
Another time
Another time
Another time
Another time
Another time
Another time
Another time
Another time
Another time
Another time
Another time
Another time
Another time
Another time
Another time
Another time
Another time
Another time
Another time
Another time
Another time
Another time
Another time
Another time
Another time
Another time
Another time
Another time
Another time
Another time
Another time
Another time
Another time
Another time
Another time
Another time
Another time
Another time
Another time
Another time
Another time
Another time
Another time
Another time
Another time
Another time
Another time
Another time
Another time
Another time
Another time
Another time
Another time
Another time
Another time
Another time
Another time
Another time
Another time
Another time
Another time
Another time
Another time
Another time
Another time
Another time
Another time
Another time
Another time
Another time
Another time
Another time
Another time
Another time
Another time
Another time
Another time
Another time
Another time
Another time
Another time
Another time
Another time
Another time
Another time
Another time
Another time
Another time
Another time
Another time
Another time
Another time
Another time
Another time
Another time
Another time
Another time
Another time
Another time
Another time
Another time
Another time
Another time
Another time
Another time
Another time
Another time
Another time
Another time
Another time
Another time
Another time
Another time
Another time
Another time
Another time
Another time
Another time
Another time
Another time
Another time
Another time
Another time
Another time
Another time
Another time
Another time
Another time
Another time
Another time
Another time
Another time
Another time
Another time
Another time
Another time
Another time
Another time
Another time
Another time
Another time
Another time
Another time
Another time
Another time
Another time
Another time
Another time
Another time
Another time
Another time
Another time
Another time
Another time
Another time
Another time
Another time
Another time
Another time
Another time
Another time
Another time
Another time
Another time
Another time
Another time
Another time
Another time
Another time
Another time
Another time
Another time
Another time
Another time
Another time
Another time
Another time
Another time
Another time
Another time
Another time
Another time
Another time
Another time
Another time
Another time
Another time
Another time
Another time
Another time
Another time
Another time
Another time
Another time
Another time
Another time
Another time
Another time
Another time
Another time
Another time
Another time
Another time
Another time
Another time
Another time
Another time
Another time
Another time
Another time
Another time
Another time
Another time
Another time
Another time
Another time
Another time
Another time
Another time
Another time
Another time
Another time
Another time
Another time
Another time
Another time
Another time
Another time
Another time
Another time
Another time
Another time
Another time
Another time
Another time
Another time
Another time
Another time
Another time
Another time
Another time
Another time
Another time
Another time
Another time
Another time
Another time
Another time
Another time
Another time
Another time
Another time
Another time
Another time
Another time
Another time
Another time
Another time
Another time
Another time
Another time
Another time
Another time
Another time
Another time
Another time
Another time
Another time
Another time
Another time
Another time
Another time
Another time
Another time
Another time
Another time
Another time
Another time
Another time
Another time
Another time
Another time
Another time
Another time
Another time
Another time
Another time
Another time
Another time
Another time
Another time
Another time
Another time
Another time
Another time
Another time
Another time
Another time
Another time
Another time
Another time
Another time
Another time
Another time
Another time
Another time
Another time
Another time
Another time
Another time
Another time
Another time
Another time
Another time
Another time
Another time
Another time
Another time
Another time
Another time
Another time
Another time
Another time
Another time
Another time
Another time
Another time
Another time
Another time
Another time
Another time
Another time
Another time
Another time
Another time
Another time
Another time
Another time
Another time
Another time
Another time
Another time
Another time
Another time
Another time
Another time
Another time
Another time
Another time
Another time
Another time
Another time
Another time
Another time
Another time
Another time
Another time
Another time
Another time
Another time
Another time
Another time
Another time
Another time
Another time
Another time
Another time
Another time
Another time
Another time
Another time
Another time
Another time
Another time
Another time
Another time
Another time
Another time
Another time
Another time
Another time
Another time
Another time
Another time
Another time
Another time
Another time
Another time
Another time
Another time
Another time
Another time
Another time
Another time
Another time
Another time
Another time
Another time
Another time
Another time
Another time
Another time
Another time
Another time
Another time
Another time
Another time
Another time
Another time
Another time
Another time
Another time
Another time
Another time
Another time
Another time
Another time
Another time
Another time
Another time
Another time
Another time
Another time
Another time
Another time
Another time
Another time
Another time
Another time
Another time
Another time
Another time
Another time
Another time
Another time
Another time
Another time
Another time
Another time
Another time
Another time
Another time
Another time
Another time
Another time
Another time
Another time
Another time
Another time
Another time
Another time
Another time
Another time
Another time
Another time
Another time
Another time
Another time
Another time
Another time
Another time
Another time
Another time
Another time
Another time
Another time
Another time
Another time
Another time
Another time
Another time
Another time
Another time
Another time
Another time
Another time
Another time
Another time
Another time
Another time
Another time
Another time
Another time
Another time
Another time
Another time
Another time
Another time
Another time
Another time
Another time
Another time
Another time
Another time
Another time
Another time
Another time
Another time
Another time
Another time
Another time
Another time
Another time
Another time
Another time
Another time
Another time
Another time
Another time
Another time
Another time
Another time
Another time
Another time
Another time
Another time
Another time
Another time
Another time
Another time
Another time
Another time
Another time
Another time
Another time
Another time
Another time
Another time
Another time
Another time
Another time
Another time
Another time
Another time
Another time
Another time
Another time
Another time
Another time
Another time
Another time
Another time
Another time
Another time
Another time
Another time
Another time
Another time
Another time
Another time
Another time
Another time
Another time
Another time
Another time
Another time
Another time
Another time
Another time
Another time
Another time
Another time
Another time
Another time
Another time
Another time
Another time
Another time
Another time
Another time
Another time
Another time
Another time
Another time
Another time
Another time
Another time
Another time
Another time
Another time
Another time
Another time
Another time
Another time
Another time
Another time
Another time
Another time
Another time
Another time
Another time
Another time
Another time
Another time
Another time
Another time
Another time
Another time
Another time
Another time
Another time
Another time
Another time
Another time
Another time
Another time
Another time
Another time
Another time
Another time
Another time
Another time
Another time
Another time
Another time
Another time
Another time
Another time
Another time
Another time
Another time
Another time
Another time
Another time
Another time
Another time
Another time
Another time
Another time
Another time
Another time
Another time
Another time
Another time
Another time
Another time
Another time
Another time
Another time
Another time
Another time
Another time
Another time
Another time
Another time
Another time
Another time
Another time
Another time
Another time
Another time
Another time
Another time
Another time
Another time
Another time
Another time
Another time
Another time
Another time
Another time
Another time
Another time
Another time
Another time
Another time
Another time
Another time
Another time
Another time
Another time
Another time
Another time
Another time
Another time
Another time
Another time
Another time
Another time
Another time
Another time
Another time
Another time
Another time
Another time
Another time
Another time
Another time
Another time
Another time
Another time
Another time
Another time
Another time
Another time
Another time
Another time
Another time
Another time
Another time
Another time
Another time
Another time
Another time
Another time
Another time
Another time
Another time
Another time
Another time
Another time
Another time
Another time
Another time
Another time
Another time
Another time
Another time
Another time
Another time
Another time
Another time
Another time
Another time
Another time
Another time
Another time
Another time
Another time
Another time
Another time
Another time
Another time
Another time
Another time
Another time
Another time
Another time
Another time
Another time
Another time
Another time
Another time
Another time
Another time
Another time
Another time
Another time
Another time
Another time
Another time
Another time
Another time
Another time
Another time
Another time
Another time
Another time
Another time
Another time
Another time
Another time
Another time
Another time
Another time
Another time
Another time
Another time
Another time
Another time
Another time
Another time
Another time
Another time
Another time
Another time
Another time
Another time
Another time
Another time
Another time
Another time
Another time
Another time
Another time
Another time
Another time
Another time
Another time
Another time
Another time
Another time
Another time
Another time
Another time
Another time
Another time
Another time
Another time
Another time
Another time
Another time
Another time
Another time
Another time
Another time
Another time
Another time
Another time
Another time
Another time
Another time
Another time
Another time
Another time
Another time
Another time
Another time
Another time
Another time
Another time
Another time
Another time
Another time
Another time
Another time
Another time
Another time
Another time
Another time
Another time
Another time
Another time
Another time
Another time
Another time
Another time
Another time
Another time
Another time
Another time
Another time
Another time
Another time
Another time
Another time
Another time
Another time
Another time
Another time
Another time
Another time
Another time
Another time
Another time
Another time
Another time
Another time
Another time
Another time
Another time
Another time
Another time
Another time
Another time
Another time
Another time
Another time
Another time
Another time
Another time
Another time
Another time
Another time
Another time
Another time
Another time
Another time
Another time
Another time
Another time
Another time
Another time
Another time
Another time
Another time
Another time
Another time
Another time
Another time
Another time
Another time
Another time
Another time
Another time
Another time
Another time
Another time
Another time
Another time
Another time
Another time
Another time
Another time
Another time
Another time
Another time
Another time
Another time
Another time
Another time
Another time
Another time
Another time
Another time
Another time
Another time
Another time
Another time
Another time
Another time
Another time
Another time
Another time
Another time
Another time
Another time
Another time
Another time
Another time
Another time
Another time
Another time
Another time
Another time
Another time
Another time
Another time
Another time
Another time
Another time
Another time
Another time
Another time
Another time
Another time
Another time
Another time
Another time
Another time
Another time
Another time
Another time
Another time
Another time
Another time
Another time
Another time
Another time
Another time
Another time
Another time
Another time
Another time
Another time
Another time
Another time
Another time
Another time
Another time
Another time
Another time
Another time
Another time
Another time
Another time
Another time
Another time
Another time
Another time
Another time
Another time
Another time
Another time
Another time
Another time
Another time
Another time
Another time
Another time
Another time
Another time
Another time
Another time
Another time
Another time
Another time
Another time
Another time
Another time
Another time
Another time
Another time
Another time
Another time
Another time
Another time
Another time
Another time
Another time
Another time
Another time
Another time
Another time
Another time
Another time
Another time
Another time
Another time
Another time
Another time
Another time
Another time
Another time
Another time
Another time
Another time
Another time
Another time
Another time
Another time
Another time
Another time
Another time
Another time
Another time
Another time
Another time
Another time
Another time
Another time
Another time
Another time
Another time
Another time
Another time
Another time
Another time
Another time
Another time
Another time
Another time
Another time
Another time
Another time
Another time
Another time
Another time
Another time
Another time
Another time
Another time
Another time
Another time
Another time
Another time
Another time
Another time
Another time
Another time
Another time
Another time
Another time
Another time
Another time
Another time
Another time
Another time
Another time
Another time
Another time
Another time
Another time
Another time
Another time
Another time
Another time
Another time
Another time
Another time
Another time
Another time
Another time
Another time
Another time
Another time
Another time
Another time
Another time
Another time
Another time
Another time
Another time
Another time
Another time
Another time
Another time
Another time
Another time
Another time
Another time
Another time
Another time
Another time
Another time
Another time
Another time
Another time
Another time
Another time
Another time
Another time
Another time
Another time
Another time
Another time
Another time
Another time
Another time
Another time
Another time
Another time
Another time
Another time
Another time
Another time
Another time
Another time
Another time
Another time
Another time
Another time
Another time
Another time
Another time
Another time
Another time
Another time
Another time
Another time
Another time
Another time
Another time
Another time
Another time
Another time
Another time
Another time
Another time
Another time
Another time
Another time
Another time
Another time
Another time
Another time
Another time
Another time
Another time
Another time
Another time
Another time
Another time
Another time
Another time
Another time
Another time
Another time
Another time
Another time
Another time
Another time
Another time
Another time
Another time
Another time
Another time
Another time
Another time
Another time
Another time
Another time
Another time
Another time
Another time
Another time
Another time
Another time
Another time
Another time
Another time
Another time
Another time
Another time
Another time
Another time
Another time
Another time
Another time
Another time
Another time
Another time
Another time
Another time
Another time
Another time
Another time
Another time
Another time
Another time
Another time
Another time
Another time
Another time
Another time
Another time
Another time
Another time
Another time
Another time
Another time
Another time
Another time
Another time
Another time
Another time
Another time
Another time
Another time
Another time
Another time
Another time
Another time
Another time
Another time
Another time
Another time
Another time
Another time
Another time
Another time
Another time
Another time
Another time
Another time
Another time
Another time
Another time
Another time
Another time
Another time
Another time
Another time
Another time
Another time
Another time
Another time
Another time
Another time
Another time
Another time
Another time
Another time
Another time
Another time
Another time
Another time
Another time
Another time
Another time
Another time
Another time
Another time
Another time
Another time
Another time
Another time
Another time
Another time
Another time
Another time
Another time
Another time
Another time
Another time
Another time
Another time
Another time
Another time
Another time
Another time
Another time
Another time
Another time
Another time
Another time
Another time
Another time
Another time
Another time
Another time
Another time
Another time
Another time
Another time
Another time
Another time
Another time
Another time
Another time
Another time
Another time
Another time
Another time
Another time
Another time
Another time
Another time
Another time
Another time
Another time
Another time
Another time
Another time
Another time
Another time
Another time
Another time
Another time
Another time
Another time
Another time
Another time
Another time
Another time
Another time
Another time
Another time
Another time
Another time
Another time
Another time
Another time
Another time
Another time
Another time
Another time
Another time
Another time
Another time
Another time
Another time
Another time
Another time
Another time
Another time
Another time
Another time
Another time
Another time
Another time
Another time
Another time
Another time
Another time
Another time
Another time
Another time
Another time
Another time
Another time
Another time
Another time
Another time
Another time
Another time
Another time
Another time
Another time
Another time
Another time
Another time
Another time
Another time
Another time
Another time
Another time
Another time
Another time
Another time
Another time
Another time
Another time
Another time
Another time
Another time
Another time
Another time
Another time
Another time
Another time
Another time
Another time
Another time
Another time
Another time
Another time
Another time
Another time
Another time
Another time
Another time
Another time
Another time
Another time
Another time
Another time
Another time
Another time
Another time
Another time
Another time
Another time
Another time
Another time
Another time
Another time
Another time
Another time
Another time
Another time
Another time
Another time
Another time
Another time
Another time
Another time
Another time
Another time
Another time
Another time
Another time
Another time
Another time
Another time
Another time
Another time
Another time
Another time
Another time
Another time
Another time
Another time
Another time
Another time
Another time
Another time
Another time
Another time
Another time
Another time
Another time
Another time
Another time
Another time
Another time
Another time
Another time
Another time
Another time
Another time
Another time
Another time
Another time
Another time
Another time
Another time
Another time
Another time
Another time
Another time
Another time
Another time
Another time
Another time
Another time
Another time
Another time
Another time
Another time
Another time
Another time
Another time
Another time
Another time
Another time
Another time
Another time
Another time
Another time
Another time
Another time
Another time
Another time
Another time
Another time
Another time
Another time
Another time
Another time
Another time
Another time
Another time
Another time
Another time
Another time
Another time
Another time
Another time
Another time
Another time
Another time
Another time
Another time
Another time
Another time
Another time
Another time
Another time
Another time
Another time
Another time
Another time
Another time
Another time
Another time
Another time
Another time
Another time
Another time
Another time
Another time
Another time
Another time
Another time
Another time
Another time
Another time
Another time
Another time
Another time
Another time
Another time
Another time
Another time
Another time
Another time
Another time
Another time
Another time
Another time
Another time
Another time
Another time
Another time
Another time
Another time
Another time
Another time
Another time
Another time
Another time
Another time
Another time
Another time
Another time
Another time
Another time
Another time
Another time
Another time
Another time
Another time
Another time
Another time
Another time
Another time
Another time
Another time
Another time
Another time
Another time
Another time
Another time
Another time
Another time
Another time
Another time
Another time
Another time
Another time
Another time
Another time
Another time
Another time
Another time
Another time
Another time
Another time
Another time
Another time
Another time
Another time
Another time
Another time
Another time
Another time
Another time
Another time
Another time
Another time
Another time
Another time
Another time
Another time
Another time
Another time
Another time
Another time
Another time
Another time
Another time
Another time
Another time
Another time
Another time
Another time
Another time
Another time
Another time
Another time
Another time
Another time
Another time
Another time
Another time
Another time
Another time
Another time
Another time
Another time
Another time
Another time
Another time
Another time
Another time
Another time
Another time
Another time
Another time
Another time
Another time
Another time
Another time
Another time
Another time
Another time
Another time
Another time
Another time
Another time
Another time
Another time
Another time
Another time
Another time
Another time
Another time
Another time
Another time
Another time
Another time
Another time
Another time
Another time
Another time
Another time
Another time
Another time
Another time
Another time
Another time
Another time
Another time
Another time
Another time
Another time
Another time
Another time
Another time
Another time
Another time
Another time
Another time
Another time
Another time
Another time
Another time
Another time
Another time
Another time
Another time
Another time
Another time
Another time
Another time
Another time
Another time
Another time
Another time
Another time
Another time
Another time
Another time
Another time
Another time
Another time
Another time
Another time
Another time
Another time
Another time
Another time
Another time
Another time
Another time
Another time
Another time
Another time
Another time
Another time
Another time
Another time
Another time
Another time
Another time
Another time
Another time
Another time
Another time
Another time
Another time
Another time
Another time
Another time
Another time
Another time
Another time
Another time
Another time
Another time
Another time
Another time
Another time
Another time
Another time
Another time
Another time
Another time
Another time
Another time
Another time
Another time
Another time
Another time
Another time
Another time
Another time
Another time
Another time
Another time
Another time
Another time
Another time
Another time
Another time
Another time
Another time
Another time
Another time
Another time
Another time
Another time
Another time
Another time
Another time
Another time
Another time
Another time
Another time
Another time
Another time
Another time
Another time
Another time
Another time
Another time
Another time
Another time
Another time
Another time
Another time
Another time
Another time
Another time
Another time
Another time
Another time
Another time
Another time
Another time
Another time
Another time
Another time
Another time
Another time
Another time
Another time
Another time
Another time
Another time
Another time
Another time
Another time
Another time
Another time
Another time
Another time
Another time
Another time
Another time
Another time
Another time
Another time
Another time
Another time
Another time
Another time
Another time
Another time
Another time
Another time
Another time
Another time
Another time
Another time
Another time
Another time
Another time
Another time
Another time
Another time
Another time
Another time
Another time
Another time
Another time
Another time
Another time
Another time
Another time
Another time
Another time
Another time
Another time
Another time
Another time
Another time
Another time
Another time
Another time
Another time
Another time
Another time
Another time
Another time
Another time
Another time
Another time
Another time
Another time
Another time
Another time
Another time
Another time
Another time
Another time
Another time
Another time
Another time
Another time
Another time
Another time
Another time
Another time
Another time
Another time
Another time
Another time
Another time
Another time
Another time
Another time
Another time
Another time
Another time
Another time
Another time
Another time
Another time
Another time
Another time
Another time
Another time
Another time
Another time
Another time
Another time
Another time
Another time
Another time
Another time
Another time
Another time
Another time
Another time
Another time
Another time
Another time
Another time
Another time
Another time
Another time
Another time
Another time
Another time
Another time
Another time
Another time
Another time
Another time
Another time
Another time
Another time
Another time
Another time
Another time
Another time
Another time
Another time
Another time
Another time
Another time
Another time
Another time
Another time
Another time
Another time
Another time
Another time
Another time
Another time
Another time
Another time
Another time
Another time
Another time
Another time
Another time
Another time
Another time
Another time
Another time
Another time
Another time
Another time
Another time
Another time
Another time
Another time
Another time
Another time
Another time
Another time
Another time
Another time
Another time
Another time
Another time
Another time
Another time
Another time
Another time
Another time
Another time
Another time
Another time
Another time
Another time
Another time
Another time
Another time
Another time
Another time
Another time
Another time
Another time
Another time
Another time
Another time
Another time
Another time
Another time
Another time
Another time
Another time
Another time
Another time
Another time
Another time
Another time
Another time
Another time
Another time
Another time
Another time
Another time
Another time
Another time
Another time
Another time
Another time
Another time
Another time
Another time
Another time
Another time
Another time
Another time
Another time
Another time
Another time
Another time
Another time
Another time
Another time
Another time
Another time
Another time
Another time
Another time
Another time
Another time
Another time
Another time
Another time
Another time
Another time
Another time
Another time
Another time
Another time
Another time
Another time
Another time
Another time
Another time
Another time
Another time
Another time
Another time
Another time
Another time
Another time
Another time
Another time
Another time
Another time
Another time
Another time
Another time
Another time
Another time
Another time
Another time
Another time
Another time
Another time
Another time
Another time
Another time
Another time
Another time
Another time
Another time
Another time
Another time
Another time
Another time
Another time
Another time
Another time
Another time
Another time
Another time
Another time
Another time
Another time
Another time
Another time
Another time
Another time
Another time
Another time
Another time
Another time
Another time
Another time
Another time
Another time
Another time
Another time
Another time
Another time
Another time
Another time
Another time
Another time
Another time
Another time
Another time
Another time
Another time
Another time
Another time
Another time
Another time
Another time
Another time
Another time
Another time
Another time
Another time
Another time
Another time
Another time
Another time
Another time
Another time
Another time
Another time
Another time
Another time
Another time
Another time
Another time
Another time
Another time
Another time
Another time
Another time
Another time
Another time
Another time
Another time
Another time
Another time
Another time
Another time
Another time
Another time
Another time
Another time
Another time
Another time
Another time
Another time
Another time
Another time
Another time
Another time
Another time
Another time
Another time
Another time
Another time
Another time
Another time
Another time
Another time
Another time
Another time
Another time
Another time
Another time
Another time
Another time
Another time
Another time
Another time
Another time
Another time
Another time
Another time
Another time
Another time
Another time
Another time
Another time
Another time
Another time
Another time
Another time
Another time
Another time
Another time
Another time
Another time
Another time
Another time
Another time
Another time
Another time
Another time
Another time
Another time
Another time
Another time
Another time
Another time
Another time
Another time
Another time
Another time
Another time
Another time
Another time
Another time
Another time
Another time
Another time
Another time
Another time
Another time
Another time
Another time
Another time
Another time
Another time
Another time
Another time
Another time
Another time
Another time
Another time
Another time
Another time
Another time
Another time
Another time
Another time
Another time
Another time
Another time
Another time
Another time
Another time
Another time
Another time
Another time
Another time
Another time
Another time
Another time
Another time
Another time
Another time
Another time
Another time
Another time
Another time
Another time
Another time
Another time
Another time
Another time
Another time
Another time
Another time
Another time
Another time
Another time
Another time
Another time
Another time
Another time
Another time
Another time
Another time
Another time
Another time
Another time
Another time
Another time
Another time
Another time
Another time
Another time
Another time
Another time
Another time
Another time
Another time
Another time
Another time
Another time
Another time
Another time
Another time
Another time
Another time
Another time
Another time
Another time
Another time
Another time
Another time
Another time
Another time
Another time
Another time
Another time
Another time
Another time
Another time
Another time
Another time
Another time
Another time
Another time
Another time
Another time
Another time
Another time
Another time
Another time
Another time
Another time
Another time
Another time
Another time
Another time
Another time
Another time
Another time
Another time
Another time
Another time
Another time
Another time
Another time
Another time
Another time
Another time
Another time
Another time
Another time
Another time
Another time
Another time
Another time
Another time
Another time
Another time
Another time
Another time
Another time
Another time
Another time
Another time
Another time
Another time
Another time
Another time
Another time
Another time
Another time
Another time
Another time
Another time
Another time
Another time
Another time
Another time
Another time
Another time
Another time
Another time
Another time
Another time
Another time
Another time
Another time
Another time
Another time
Another time
Another time
Another time
Another time
Another time
Another time
Another time
Another time
Another time
Another time
Another time
Another time
Another time
Another time
Another time
Another time
Another time
Another time
Another time
Another time
Another time
Another time
Another time
Another time
Another time
Another time
Another time
Another time
Another time
Another time
Another time
Another time
Another time
Another time
Another time
Another time
Another time
Another time
Another time
Another time
Another time
Another time
Another time
Another time
Another time
Another time
Another time
Another time
Another time
Another time
Another time
Another time
Another time
Another time
Another time
Another time
Another time
Another time
Another time
Another time
Another time
Another time
Another time
Another time
Another time
Another time
Another time
Another time
Another time
Another time
Another time
Another time
Another time
Another time
Another time
Another time
Another time
Another time
Another time
Another time
Another time
Another time
Another time
Another time
Another time
Another time
Another time
Another time
Another time
Another time
Another time
Another time
Another time
Another time
Another time
Another time
Another time
Another time
Another time
Another time
Another time
Another time
Another time
Another time
Another time
Another time
Another time
Another time
Another time
Another time
Another time
Another time
Another time
Another time
Another time
Another time
Another time
Another time
Another time
Another time
Another time
Another time
Another time
Another time
Another time
Another time
Another time
Another time
Another time
Another time
Another time
Another time
Another time
Another time
Another time
Another time
Another time
Another time
Another time
Another time
Another time
Another time
Another time
Another time
Another time
Another time
Another time
Another time
Another time
Another time
Another time
Another time
Another time
Another time
Another time
Another time
Another time
Another time
Another time
Another time
Another time
Another time
Another time
Another time
Another time
Another time
Another time
Another time
Another time
Another time
Another time
Another time
Another time
Another time
Another time
Another time
Another time
Another time
Another time
Another time
Another time
Another time
Another time
Another time
Another time
Another time
Another time
Another time
Another time
Another time
Another time
Another time
Another time
Another time
Another time
Another time
Another time
Another time
Another time
Another time
Another time
Another time
Another time
Another time
Another time
Another time
Another time
Another time
Another time
Another time
Another time
Another time
Another time
Another time
Another time
Another time
Another time
Another time
Another time
Another time
Another time
Another time
Another time
Another time
Another time
Another time
Another time
Another time
Another time
Another time
Another time
Another time
Another time
Another time
Another time
Another time
Another time
Another time
Another time
Another time
Another time
Another time
Another time
Another time
Another time
Another time
Another time
Another time
Another time
Another time
Another time
Another time
Another time
Another time
Another time
Another time
Another time
Another time
Another time
Another time
Another time
Another time
Another time
Another time
Another time
Another time
Another time
Another time
Another time
Another time
Another time
Another time
Another time
Another time
Another time
Another time
Another time
Another time
Another time
Another time
Another time
Another time
Another time
Another time
Another time
Another time
Another time
Another time
Another time
Another time
Another time
Another time
Another time
Another time
Another time
Another time
Another time
Another time
Another time
Another time
Another time
Another time
Another time
Another time
Another time
Another time
Another time
Another time
Another time
Another time
Another time
Another time
Another time
Another time
Another time
Another time
Another time
Another time
Another time
Another time
Another time
Another time
Another time
Another time
Another time
Another time
Another time
Another time
Another time
Another time
Another time
Another time
Another time
Another time
Another time
Another time
Another time
Another time
Another time
Another time
Another time
Another time
Another time
Another time
Another time
Another time
Another time
Another time
Another time
Another time
Another time
Another time
Another time
Another time
Another time
Another time
Another time
Another time
Another time
Another time
Another time
Another time
Another time
Another time
Another time
Another time
Another time
Another time
Another time
Another time
Another time
Another time
Another time
Another time
Another time
Another time
Another time
Another time
Another time
Another time
Another time
Another time
Another time
Another time
Another time
Another time
Another time
Another time
Another time
Another time
Another time
Another time
Another time
Another time
Another time
Another time
Another time
Another time
Another time
Another time
Another time
Another time
Another time
Another time
Another time
Another time
Another time
Another time
Another time
Another time
Another time
Another time
Another time
Another time
Another time
Another time
Another time
Another time
Another time
Another time
Another time
Another time
Another time
Another time
Another time
Another time
Another time
Another time
Another time
Another time
Another time
Another time
Another time
Another time
Another time
Another time
Another time
Another time
Another time
Another time
Another time
Another time
Another time
Another time
Another time
Another time
Another time
Another time
Another time
Another time
Another time
Another time
Another time
Another time
Another time
Another time
Another time
Another time
Another time
Another time
Another time
Another time
Another time
Another time
Another time
Another time
Another time
Another time
Another time
Another time
Another time
Another time
Another time
Another time
Another time
Another time
Another time
Another time
Another time
Another time
Another time
Another time
Another time
Another time
Another time
Another time
Another time
Another time
Another time
Another time
Another time
Another time
Another time
Another time
Another time
Another time
Another time
Another time
Another time
Another time
Another time
Another time
Another time
Another time
Another time
Another time
Another time
Another time
Another time
Another time
Another time
Another time
Another time
Another time
Another time
Another time
Another time
Another time
Another time
Another time
Another time
Another time
Another time
Another time
Another time
Another time
Another time
Another time
Another time
Another time
Another time
Another time
Another time
Another time
Another time
Another time
Another time
Another time
Another time
Another time
Another time
Another time
Another time
Another time
Another time
Another time
Another time
Another time
Another time
Another time
Another time
Another time
Another time
Another time
Another time
Another time
Another time
Another time
Another time
Another time
Another time
Another time
Another time
Another time
Another time
Another time
Another time
Another time
Another time
Another time
Another time
Another time
Another time
Another time
Another time
Another time
Another time
Another time
Another time
Another time
Another time
Another time
Another time
Another time
Another time
Another time
Another time
Another time
Another time
Another time
Another time
Another time
Another time
Another time
Another time
Another time
Another time
Another time
Another time
Another time
Another time
Another time
Another time
Another time
Another time
Another time
Another time
Another time
Another time
Another time
Another time
Another time
Another time
Another time
Another time
Another time
Another time
Another time
Another time
Another time
Another time
Another time
Another time
Another time
Another time
Another time
Another time
Another time
Another time
Another time
Another time
Another time
Another time
Another time
Another time
Another time
Another time
Another time
Another time
Another time
Another time
Another time
Another time
Another time
Another time
Another time
Another time
Another time
Another time
Another time
Another time
Another time
Another time
Another time
Another time
Another time
Another time
Another time
Another time
Another time
Another time
Another time
Another time
Another time
Another time
Another time
Another time
Another time
Another time
Another time
Another time
Another time
Another time
Another time
Another time
Another time
Another time
Another time
Another time
Another time
Another time
Another time
Another time
Another time
Another time
Another time
Another time
Another time
Another time
Another time
Another time
Another time
Another time
Another time
Another time
Another time
Another time
Another time
Another time
Another time
Another time
Another time
Another time
Another time
Another time
Another time
Another time
Another time
Another time
Another time
Another time
Another time
Another time
Another time
Another time
Another time
Another time
Another time
Another time
Another time
Another time
Another time
Another time
Another time
Another time
Another time
Another time
Another time
Another time
Another time
Another time
Another time
Another time
Another time
Another time
Another time
Another time
Another time
Another time
Another time
Another time
Another time
Another time
Another time
Another time
Another time
Another time
Another time
Another time
Another time
Another time
Another time
Another time
Another time
Another time
Another time
Another time
Another time
Another time
Another time
Another time
Another time
Another time
Another time
Another time
Another time
Another time
Another time
Another time
Another time
Another time
Another time
Another time
Another time
Another time
Another time
Another time
Another time
Another time
Another time
Another time
Another time
Another time
Another time
Another time
Another time
Another time
Another time
Another time
Another time
Another time
Another time
Another time
Another time
Another time
Another time
Another time
Another time
Another time
Another time
Another time
Another time
Another time
Another time
Another time
Another time
Another time
Another time
Another time
Another time
Another time
Another time
Another time
Another time
Another time
Another time
Another time
Another time
Another time
Another time
Another time
Another time
Another time
Another time
Another time
Another time
Another time
Another time
Another time
Another time
Another time
Another time
Another time
Another time
Another time
Another time
Another time
Another time
Another time
Another time
Another time
Another time
Another time
Another time
Another time
Another time
Another time
Another time
Another time
Another time
Another time
Another time
Another time
Another time
Another time
Another time
Another time
Another time
Another time
Another time
Another time
Another time
Another time
Another time
Another time
Another time
Another time
Another time
Another time
Another time
Another time
Another time
Another time
Another time
Another time
Another time
Another time
Another time
Another time
Another time
Another time
Another time
Another time
Another time
Another time
Another time
Another time
Another time
Another time
Another time
Another time
Another time
</system-out>
  </testcase>
  <testcase classname="edu.byui.cit360.controller.ProcessClientTest" name="testConvertToJSONString" time="3.292"/>
</testsuite>