<?xml version="1.0" encoding="UTF-8" ?>
<testsuite tests="4" failures="1" name="edu.byui.cit360.controller.sendClientInfoTest" time="0.11" errors="3" skipped="0">
  <properties>
    <property name="java.runtime.name" value="Java(TM) SE Runtime Environment"/>
    <property name="sun.boot.library.path" value="C:\Program Files\Java\jdk1.8.0_121\jre\bin"/>
    <property name="java.vm.version" value="25.121-b13"/>
    <property name="java.vm.vendor" value="Oracle Corporation"/>
    <property name="java.vendor.url" value="http://java.oracle.com/"/>
    <property name="path.separator" value=";"/>
    <property name="guice.disable.misplaced.annotation.check" value="true"/>
    <property name="java.vm.name" value="Java HotSpot(TM) 64-Bit Server VM"/>
    <property name="file.encoding.pkg" value="sun.io"/>
    <property name="user.script" value=""/>
    <property name="user.country" value="US"/>
    <property name="sun.java.launcher" value="SUN_STANDARD"/>
    <property name="sun.os.patch.level" value=""/>
    <property name="test" value="edu.byui.cit360.controller.sendClientInfoTest"/>
    <property name="java.vm.specification.name" value="Java Virtual Machine Specification"/>
    <property name="user.dir" value="C:\Users\jesus\OneDrive - BYU-Idaho\CIT 360\Code topics\CIT360\CIT360-Samples"/>
    <property name="java.runtime.version" value="1.8.0_121-b13"/>
    <property name="java.awt.graphicsenv" value="sun.awt.Win32GraphicsEnvironment"/>
    <property name="java.endorsed.dirs" value="C:\Program Files\Java\jdk1.8.0_121\jre\lib\endorsed"/>
    <property name="os.arch" value="amd64"/>
    <property name="java.io.tmpdir" value="C:\Users\jesus\AppData\Local\Temp\2\"/>
    <property name="line.separator" value="
"/>
    <property name="java.vm.specification.vendor" value="Oracle Corporation"/>
    <property name="user.variant" value=""/>
    <property name="os.name" value="Windows Server 2012 R2"/>
    <property name="maven.ext.class.path" value="C:\Program Files\NetBeans 8.0.2\java\maven-nblib\netbeans-eventspy.jar"/>
    <property name="classworlds.conf" value="C:\Program Files\NetBeans 8.0.2\java\maven\bin\m2.conf"/>
    <property name="sun.jnu.encoding" value="Cp1252"/>
    <property name="java.library.path" value="C:\Program Files\Java\jdk1.8.0_121\bin;C:\Windows\Sun\Java\bin;C:\Windows\system32;C:\Windows;C:\ProgramData\Oracle\Java\javapath;C:\Program Files (x86)\PHP\v5.6;C:\Program Files (x86)\Google\Chrome\Application;C:\Windows\system32;C:\Windows;C:\Windows\System32\Wbem;C:\Windows\System32\WindowsPowerShell\v1.0\;C:\Program Files (x86)\Skype\Phone\;C:\xampp\php;C:\ProgramData\ComposerSetup\bin;C:\Program Files\Heroku\bin;C:\Users\jesus\AppData\Roaming\Composer\vendor\bin;C:\Program Files\Git\cmd;C:\Bitnami\wappstack-5.6.29-0\apache2\lib;C:\Bitnami\wappstack-5.6.29-0\apache2\bin;C:\Program Files\Heroku\bin;C:\Users\jesus\AppData\Roaming\Composer\vendor\bin;C:\Bitnami\wappstack-5.6.29-0\apache2\bin;C:\Bitnami\wappstack-5.6.29-0\apache2\lib;C:\Bitnami\wappstack-5.6.29-0\postgresql\bin;."/>
    <property name="java.specification.name" value="Java Platform API Specification"/>
    <property name="java.class.version" value="52.0"/>
    <property name="sun.management.compiler" value="HotSpot 64-Bit Tiered Compilers"/>
    <property name="os.version" value="6.3"/>
    <property name="user.home" value="C:\Users\jesus"/>
    <property name="user.timezone" value="UTC"/>
    <property name="java.awt.printerjob" value="sun.awt.windows.WPrinterJob"/>
    <property name="java.specification.version" value="1.8"/>
    <property name="file.encoding" value="UTF-8"/>
    <property name="user.name" value="jesus"/>
    <property name="java.class.path" value="C:\Program Files\NetBeans 8.0.2\java\maven\boot\plexus-classworlds-2.4.jar"/>
    <property name="java.vm.specification.version" value="1.8"/>
    <property name="sun.arch.data.model" value="64"/>
    <property name="java.home" value="C:\Program Files\Java\jdk1.8.0_121\jre"/>
    <property name="sun.java.command" value="org.codehaus.plexus.classworlds.launcher.Launcher -Dtest=edu.byui.cit360.controller.sendClientInfoTest -Dmaven.ext.class.path=C:\Program Files\NetBeans 8.0.2\java\maven-nblib\netbeans-eventspy.jar -Dfile.encoding=UTF-8 surefire:test"/>
    <property name="java.specification.vendor" value="Oracle Corporation"/>
    <property name="user.language" value="en"/>
    <property name="awt.toolkit" value="sun.awt.windows.WToolkit"/>
    <property name="java.vm.info" value="mixed mode"/>
    <property name="java.version" value="1.8.0_121"/>
    <property name="java.ext.dirs" value="C:\Program Files\Java\jdk1.8.0_121\jre\lib\ext;C:\Windows\Sun\Java\lib\ext"/>
    <property name="sun.boot.class.path" value="C:\Program Files\Java\jdk1.8.0_121\jre\lib\resources.jar;C:\Program Files\Java\jdk1.8.0_121\jre\lib\rt.jar;C:\Program Files\Java\jdk1.8.0_121\jre\lib\sunrsasign.jar;C:\Program Files\Java\jdk1.8.0_121\jre\lib\jsse.jar;C:\Program Files\Java\jdk1.8.0_121\jre\lib\jce.jar;C:\Program Files\Java\jdk1.8.0_121\jre\lib\charsets.jar;C:\Program Files\Java\jdk1.8.0_121\jre\lib\jfr.jar;C:\Program Files\Java\jdk1.8.0_121\jre\classes"/>
    <property name="java.vendor" value="Oracle Corporation"/>
    <property name="maven.home" value="C:\Program Files\NetBeans 8.0.2\java\maven"/>
    <property name="file.separator" value="\"/>
    <property name="java.vendor.url.bug" value="http://bugreport.sun.com/bugreport/"/>
    <property name="sun.cpu.endian" value="little"/>
    <property name="sun.io.unicode.encoding" value="UnicodeLittle"/>
    <property name="sun.desktop" value="windows"/>
    <property name="sun.cpu.isalist" value="amd64"/>
  </properties>
  <testcase classname="edu.byui.cit360.controller.sendClientInfoTest" name="testDoPost" time="0.076">
    <error type="java.lang.NullPointerException">java.lang.NullPointerException
	at edu.byui.cit360.controller.sendClientInfo.processRequest(sendClientInfo.java:42)
	at edu.byui.cit360.controller.sendClientInfo.doPost(sendClientInfo.java:101)
	at edu.byui.cit360.controller.sendClientInfoTest.testDoPost(sendClientInfoTest.java:56)
</error>
    <system-out>doPost
</system-out>
  </testcase>
  <testcase classname="edu.byui.cit360.controller.sendClientInfoTest" name="testDoGet" time="0">
    <error type="java.lang.NullPointerException">java.lang.NullPointerException
	at edu.byui.cit360.controller.sendClientInfo.processRequest(sendClientInfo.java:42)
	at edu.byui.cit360.controller.sendClientInfo.doGet(sendClientInfo.java:87)
	at edu.byui.cit360.controller.sendClientInfoTest.testDoGet(sendClientInfoTest.java:43)
</error>
    <system-out>doGet
</system-out>
  </testcase>
  <testcase classname="edu.byui.cit360.controller.sendClientInfoTest" name="testProcessRequest" time="0.001">
    <error type="java.lang.NullPointerException">java.lang.NullPointerException
	at edu.byui.cit360.controller.sendClientInfo.processRequest(sendClientInfo.java:42)
	at edu.byui.cit360.controller.sendClientInfoTest.testProcessRequest(sendClientInfoTest.java:30)
</error>
    <system-out>processRequest
</system-out>
  </testcase>
  <testcase classname="edu.byui.cit360.controller.sendClientInfoTest" name="testGetServletInfo" time="0">
    <failure message="expected:&lt;[]&gt; but was:&lt;[Short description]&gt;" type="junit.framework.ComparisonFailure">junit.framework.ComparisonFailure: expected:&lt;[]&gt; but was:&lt;[Short description]&gt;
	at junit.framework.Assert.assertEquals(Assert.java:81)
	at junit.framework.Assert.assertEquals(Assert.java:87)
	at edu.byui.cit360.controller.sendClientInfoTest.testGetServletInfo(sendClientInfoTest.java:69)
</failure>
    <system-out>getServletInfo
</system-out>
  </testcase>
</testsuite>