<?xml version="1.0" encoding="UTF-8" ?>
<testsuite tests="7" failures="0" name="edu.byui.cit360.controller.ProcessClientTest" time="5.864" errors="1" skipped="1">
  <properties>
    <property name="java.runtime.name" value="Java(TM) SE Runtime Environment"/>
    <property name="sun.boot.library.path" value="C:\Program Files\Java\jdk1.8.0_77\jre\bin"/>
    <property name="java.vm.version" value="25.77-b03"/>
    <property name="java.vm.vendor" value="Oracle Corporation"/>
    <property name="java.vendor.url" value="http://java.oracle.com/"/>
    <property name="path.separator" value=";"/>
    <property name="guice.disable.misplaced.annotation.check" value="true"/>
    <property name="java.vm.name" value="Java HotSpot(TM) 64-Bit Server VM"/>
    <property name="file.encoding.pkg" value="sun.io"/>
    <property name="user.script" value=""/>
    <property name="user.country" value="US"/>
    <property name="sun.java.launcher" value="SUN_STANDARD"/>
    <property name="sun.os.patch.level" value=""/>
    <property name="test" value="edu.byui.cit360.controller.ProcessClientTest"/>
    <property name="java.vm.specification.name" value="Java Virtual Machine Specification"/>
    <property name="user.dir" value="C:\Users\Jesus Arredondo\Documents\NetBeansProjects\CIT360-Samples\CIT360-Samples"/>
    <property name="java.runtime.version" value="1.8.0_77-b03"/>
    <property name="java.awt.graphicsenv" value="sun.awt.Win32GraphicsEnvironment"/>
    <property name="java.endorsed.dirs" value="C:\Program Files\Java\jdk1.8.0_77\jre\lib\endorsed"/>
    <property name="os.arch" value="amd64"/>
    <property name="java.io.tmpdir" value="C:\Users\JESUSA~1\AppData\Local\Temp\"/>
    <property name="line.separator" value="
"/>
    <property name="java.vm.specification.vendor" value="Oracle Corporation"/>
    <property name="user.variant" value=""/>
    <property name="os.name" value="Windows 10"/>
    <property name="maven.ext.class.path" value="C:\Program Files\NetBeans 8.2\java\maven-nblib\netbeans-eventspy.jar"/>
    <property name="classworlds.conf" value="C:\Program Files\NetBeans 8.2\java\maven\bin\m2.conf"/>
    <property name="sun.jnu.encoding" value="Cp1252"/>
    <property name="java.library.path" value="C:\Program Files\Java\jdk1.8.0_77\bin;C:\WINDOWS\Sun\Java\bin;C:\WINDOWS\system32;C:\WINDOWS;C:\Program Files\PHP\v7.0;C:\Program Files\PHP\v7.0;C:\ProgramData\Oracle\Java\javapath;C:\WINDOWS\system32;C:\WINDOWS;C:\WINDOWS\System32\Wbem;C:\WINDOWS\System32\WindowsPowerShell\v1.0\;C:\Program Files\SourceGear\Common\DiffMerge\;C:\Program Files\MySQL\MySQL Utilities 1.6\;C:\Users\Jesus Arredondo\AppData\Local\Microsoft\WindowsApps;C:\Program Files\Heroku\bin;C:\ProgramData\ComposerSetup\bin;C:\Users\Jesus Arredondo\AppData\Roaming\Composer\vendor\bin;C:\Program Files\Git\cmd;C:\Program Files\nodejs\;C:\Program Files (x86)\Skype\Phone\;C:\Ruby23-x64\bin;C:\Users\Jesus Arredondo\AppData\Local\Microsoft\WindowsApps;C:\Program Files\Heroku\bin;C:\Users\Jesus Arredondo\AppData\Roaming\Composer\vendor\bin;C:\Bitnami\wappstack-5.6.29-1\postgresql\bin;C:\Bitnami\wappstack-5.6.29-1\postgresql\lib;C:\Users\Jesus Arredondo\AppData\Roaming\npm;."/>
    <property name="java.specification.name" value="Java Platform API Specification"/>
    <property name="java.class.version" value="52.0"/>
    <property name="sun.management.compiler" value="HotSpot 64-Bit Tiered Compilers"/>
    <property name="os.version" value="10.0"/>
    <property name="user.home" value="C:\Users\Jesus Arredondo"/>
    <property name="user.timezone" value="America/Mexico_City"/>
    <property name="java.awt.printerjob" value="sun.awt.windows.WPrinterJob"/>
    <property name="java.specification.version" value="1.8"/>
    <property name="file.encoding" value="UTF-8"/>
    <property name="user.name" value="Jesus Arredondo"/>
    <property name="java.class.path" value="C:\Program Files\NetBeans 8.2\java\maven\boot\plexus-classworlds-2.4.jar"/>
    <property name="java.vm.specification.version" value="1.8"/>
    <property name="sun.arch.data.model" value="64"/>
    <property name="java.home" value="C:\Program Files\Java\jdk1.8.0_77\jre"/>
    <property name="sun.java.command" value="org.codehaus.plexus.classworlds.launcher.Launcher -Dtest=edu.byui.cit360.controller.ProcessClientTest -Dmaven.ext.class.path=C:\Program Files\NetBeans 8.2\java\maven-nblib\netbeans-eventspy.jar -Dfile.encoding=UTF-8 surefire:test"/>
    <property name="java.specification.vendor" value="Oracle Corporation"/>
    <property name="user.language" value="en"/>
    <property name="awt.toolkit" value="sun.awt.windows.WToolkit"/>
    <property name="java.vm.info" value="mixed mode"/>
    <property name="java.version" value="1.8.0_77"/>
    <property name="java.ext.dirs" value="C:\Program Files\Java\jdk1.8.0_77\jre\lib\ext;C:\WINDOWS\Sun\Java\lib\ext"/>
    <property name="sun.boot.class.path" value="C:\Program Files\Java\jdk1.8.0_77\jre\lib\resources.jar;C:\Program Files\Java\jdk1.8.0_77\jre\lib\rt.jar;C:\Program Files\Java\jdk1.8.0_77\jre\lib\sunrsasign.jar;C:\Program Files\Java\jdk1.8.0_77\jre\lib\jsse.jar;C:\Program Files\Java\jdk1.8.0_77\jre\lib\jce.jar;C:\Program Files\Java\jdk1.8.0_77\jre\lib\charsets.jar;C:\Program Files\Java\jdk1.8.0_77\jre\lib\jfr.jar;C:\Program Files\Java\jdk1.8.0_77\jre\classes"/>
    <property name="java.vendor" value="Oracle Corporation"/>
    <property name="maven.home" value="C:\Program Files\NetBeans 8.2\java\maven"/>
    <property name="file.separator" value="\"/>
    <property name="java.vendor.url.bug" value="http://bugreport.sun.com/bugreport/"/>
    <property name="sun.cpu.endian" value="little"/>
    <property name="sun.io.unicode.encoding" value="UnicodeLittle"/>
    <property name="sun.desktop" value="windows"/>
    <property name="sun.cpu.isalist" value="amd64"/>
  </properties>
  <testcase classname="edu.byui.cit360.controller.ProcessClientTest" name="testGetClientInfo" time="0.007"/>
  <testcase classname="edu.byui.cit360.controller.ProcessClientTest" name="testConvertToJSONObjectNull" time="0"/>
  <testcase classname="edu.byui.cit360.controller.ProcessClientTest" name="testConvertToJSONStringClient" time="0"/>
  <testcase classname="edu.byui.cit360.controller.ProcessClientTest" name="testTestInfinteloop" time="4.584">
    <error message="test timed out after 1000 milliseconds" type="java.lang.Exception">java.lang.Exception: test timed out after 1000 milliseconds
	at java.io.FileOutputStream.writeBytes(Native Method)
	at java.io.FileOutputStream.write(FileOutputStream.java:326)
	at java.io.BufferedOutputStream.flushBuffer(BufferedOutputStream.java:82)
	at java.io.BufferedOutputStream.flush(BufferedOutputStream.java:140)
	at java.io.PrintStream.write(PrintStream.java:482)
	at org.apache.maven.surefire.booter.ForkingRunListener.writeTestOutput(ForkingRunListener.java:177)
	at org.apache.maven.surefire.report.ConsoleOutputCapture$ForwardingPrintStream.println(ConsoleOutputCapture.java:88)
	at edu.byui.cit360.controller.ProcessClient.testInfinteloop(ProcessClient.java:94)
	at edu.byui.cit360.controller.ProcessClientTest.testTestInfinteloop(ProcessClientTest.java:165)
	at sun.reflect.NativeMethodAccessorImpl.invoke0(Native Method)
	at sun.reflect.NativeMethodAccessorImpl.invoke(NativeMethodAccessorImpl.java:62)
	at sun.reflect.DelegatingMethodAccessorImpl.invoke(DelegatingMethodAccessorImpl.java:43)
	at java.lang.reflect.Method.invoke(Method.java:498)
	at org.junit.runners.model.FrameworkMethod$1.runReflectiveCall(FrameworkMethod.java:44)
	at org.junit.internal.runners.model.ReflectiveCallable.run(ReflectiveCallable.java:15)
	at org.junit.runners.model.FrameworkMethod.invokeExplosively(FrameworkMethod.java:41)
	at org.junit.internal.runners.statements.InvokeMethod.evaluate(InvokeMethod.java:20)
	at org.junit.internal.runners.statements.FailOnTimeout$1.run(FailOnTimeout.java:28)
</error>
    <system-out>testInfinteloop
Another time
Another time
Another time
Another time
Another time
Another time
Another time
Another time
Another time
Another time
Another time
Another time
Another time
Another time
Another time
Another time
Another time
Another time
Another time
Another time
Another time
Another time
Another time
Another time
Another time
Another time
Another time
Another time
Another time
Another time
Another time
Another time
Another time
Another time
Another time
Another time
Another time
Another time
Another time
Another time
Another time
Another time
Another time
Another time
Another time
Another time
Another time
Another time
Another time
Another time
Another time
Another time
Another time
Another time
Another time
Another time
Another time
Another time
Another time
Another time
Another time
Another time
Another time
Another time
Another time
Another time
Another time
Another time
Another time
Another time
Another time
Another time
Another time
Another time
Another time
Another time
Another time
Another time
Another time
Another time
Another time
Another time
Another time
Another time
Another time
Another time
Another time
Another time
Another time
Another time
Another time
Another time
Another time
Another time
Another time
Another time
Another time
Another time
Another time
Another time
Another time
Another time
Another time
Another time
Another time
Another time
Another time
Another time
Another time
Another time
Another time
Another time
Another time
Another time
Another time
Another time
Another time
Another time
Another time
Another time
Another time
Another time
Another time
Another time
Another time
Another time
Another time
Another time
Another time
Another time
Another time
Another time
Another time
Another time
Another time
Another time
Another time
Another time
Another time
Another time
Another time
Another time
Another time
Another time
Another time
Another time
Another time
Another time
Another time
Another time
Another time
Another time
Another time
Another time
Another time
Another time
Another time
Another time
Another time
Another time
Another time
Another time
Another time
Another time
Another time
Another time
Another time
Another time
Another time
Another time
Another time
Another time
Another time
Another time
Another time
Another time
Another time
Another time
Another time
Another time
Another time
Another time
Another time
Another time
Another time
Another time
Another time
Another time
Another time
Another time
Another time
Another time
Another time
Another time
Another time
Another time
Another time
Another time
Another time
Another time
Another time
Another time
Another time
Another time
Another time
Another time
Another time
Another time
Another time
Another time
Another time
Another time
Another time
Another time
Another time
Another time
Another time
Another time
Another time
Another time
Another time
Another time
Another time
Another time
Another time
Another time
Another time
Another time
Another time
Another time
Another time
Another time
Another time
Another time
Another time
Another time
Another time
Another time
Another time
Another time
Another time
Another time
Another time
Another time
Another time
Another time
Another time
Another time
Another time
Another time
Another time
Another time
Another time
Another time
Another time
Another time
Another time
Another time
Another time
Another time
Another time
Another time
Another time
Another time
Another time
Another time
Another time
Another time
Another time
Another time
Another time
Another time
Another time
Another time
Another time
Another time
Another time
Another time
Another time
Another time
Another time
Another time
Another time
Another time
Another time
Another time
Another time
Another time
Another time
Another time
Another time
Another time
Another time
Another time
Another time
Another time
Another time
Another time
Another time
Another time
Another time
Another time
Another time
Another time
Another time
Another time
Another time
Another time
Another time
Another time
Another time
Another time
Another time
Another time
Another time
Another time
Another time
Another time
Another time
Another time
Another time
Another time
Another time
Another time
Another time
Another time
Another time
Another time
Another time
Another time
Another time
Another time
Another time
Another time
Another time
Another time
Another time
Another time
Another time
Another time
Another time
Another time
Another time
Another time
Another time
Another time
Another time
Another time
Another time
Another time
Another time
Another time
Another time
Another time
Another time
Another time
Another time
Another time
Another time
Another time
Another time
Another time
Another time
Another time
Another time
Another time
Another time
Another time
Another time
Another time
Another time
Another time
Another time
Another time
Another time
Another time
Another time
Another time
Another time
Another time
Another time
Another time
Another time
Another time
Another time
Another time
Another time
Another time
Another time
Another time
Another time
Another time
Another time
Another time
Another time
Another time
Another time
Another time
Another time
Another time
Another time
Another time
Another time
Another time
Another time
Another time
Another time
Another time
Another time
Another time
Another time
Another time
Another time
Another time
Another time
Another time
Another time
Another time
Another time
Another time
Another time
Another time
Another time
Another time
Another time
Another time
Another time
Another time
Another time
Another time
Another time
Another time
Another time
Another time
Another time
Another time
Another time
Another time
Another time
Another time
Another time
Another time
Another time
Another time
Another time
Another time
Another time
Another time
Another time
Another time
Another time
Another time
Another time
Another time
Another time
Another time
Another time
Another time
Another time
Another time
Another time
Another time
Another time
Another time
Another time
Another time
Another time
Another time
Another time
Another time
Another time
Another time
Another time
Another time
Another time
Another time
Another time
Another time
Another time
Another time
Another time
Another time
Another time
Another time
Another time
Another time
Another time
Another time
Another time
Another time
Another time
Another time
Another time
Another time
Another time
Another time
Another time
Another time
Another time
Another time
Another time
Another time
Another time
Another time
Another time
Another time
Another time
Another time
Another time
Another time
Another time
Another time
Another time
Another time
Another time
Another time
Another time
Another time
Another time
Another time
Another time
Another time
Another time
Another time
Another time
Another time
Another time
Another time
Another time
Another time
Another time
Another time
Another time
Another time
Another time
Another time
Another time
Another time
Another time
Another time
Another time
Another time
Another time
Another time
Another time
Another time
Another time
Another time
Another time
Another time
Another time
Another time
Another time
Another time
Another time
Another time
Another time
Another time
Another time
Another time
Another time
Another time
Another time
Another time
Another time
Another time
Another time
Another time
Another time
Another time
Another time
Another time
Another time
Another time
Another time
Another time
Another time
Another time
Another time
Another time
Another time
Another time
Another time
Another time
Another time
Another time
Another time
Another time
Another time
Another time
Another time
Another time
Another time
Another time
Another time
Another time
Another time
Another time
Another time
Another time
Another time
Another time
Another time
Another time
Another time
Another time
Another time
Another time
Another time
Another time
Another time
Another time
Another time
Another time
Another time
Another time
Another time
Another time
Another time
Another time
Another time
Another time
Another time
Another time
Another time
Another time
Another time
Another time
Another time
Another time
Another time
Another time
Another time
Another time
Another time
Another time
Another time
Another time
Another time
Another time
Another time
Another time
Another time
Another time
Another time
Another time
Another time
Another time
Another time
Another time
Another time
Another time
Another time
Another time
Another time
Another time
Another time
Another time
Another time
Another time
Another time
Another time
Another time
Another time
Another time
Another time
Another time
Another time
Another time
Another time
Another time
Another time
Another time
Another time
Another time
Another time
Another time
Another time
Another time
Another time
Another time
Another time
Another time
Another time
Another time
Another time
Another time
Another time
Another time
Another time
Another time
Another time
Another time
Another time
Another time
Another time
Another time
Another time
Another time
Another time
Another time
Another time
Another time
Another time
Another time
Another time
Another time
Another time
Another time
Another time
Another time
Another time
Another time
Another time
Another time
Another time
Another time
Another time
Another time
Another time
Another time
Another time
Another time
Another time
Another time
Another time
Another time
Another time
Another time
Another time
Another time
Another time
Another time
Another time
Another time
Another time
Another time
Another time
Another time
Another time
Another time
Another time
Another time
Another time
Another time
Another time
Another time
Another time
Another time
Another time
Another time
Another time
Another time
Another time
Another time
Another time
Another time
Another time
Another time
Another time
Another time
Another time
Another time
Another time
Another time
Another time
Another time
Another time
Another time
Another time
Another time
Another time
Another time
Another time
Another time
Another time
Another time
Another time
Another time
Another time
Another time
Another time
Another time
Another time
Another time
Another time
Another time
Another time
Another time
Another time
Another time
Another time
Another time
Another time
Another time
Another time
Another time
Another time
Another time
Another time
Another time
Another time
Another time
Another time
Another time
Another time
Another time
Another time
Another time
Another time
Another time
Another time
Another time
Another time
Another time
Another time
Another time
Another time
Another time
Another time
Another time
Another time
Another time
Another time
Another time
Another time
Another time
Another time
Another time
Another time
Another time
Another time
Another time
Another time
Another time
Another time
Another time
Another time
Another time
Another time
Another time
Another time
Another time
Another time
Another time
Another time
Another time
Another time
Another time
Another time
Another time
Another time
Another time
Another time
Another time
Another time
Another time
Another time
Another time
Another time
Another time
Another time
Another time
Another time
Another time
Another time
Another time
Another time
Another time
Another time
Another time
Another time
Another time
Another time
Another time
Another time
Another time
Another time
Another time
Another time
Another time
Another time
Another time
Another time
Another time
Another time
Another time
Another time
Another time
Another time
Another time
Another time
Another time
Another time
Another time
Another time
Another time
Another time
Another time
Another time
Another time
Another time
Another time
Another time
Another time
Another time
Another time
Another time
Another time
Another time
Another time
Another time
Another time
Another time
Another time
Another time
Another time
Another time
Another time
Another time
Another time
Another time
Another time
Another time
Another time
Another time
Another time
Another time
Another time
Another time
Another time
Another time
Another time
Another time
Another time
Another time
Another time
Another time
Another time
Another time
Another time
Another time
Another time
Another time
Another time
Another time
Another time
Another time
Another time
Another time
Another time
Another time
Another time
Another time
Another time
Another time
Another time
Another time
Another time
Another time
Another time
Another time
Another time
Another time
Another time
Another time
Another time
Another time
Another time
Another time
Another time
Another time
Another time
Another time
Another time
Another time
Another time
Another time
Another time
Another time
Another time
Another time
Another time
Another time
Another time
Another time
Another time
Another time
Another time
Another time
Another time
Another time
Another time
Another time
Another time
Another time
Another time
Another time
Another time
Another time
Another time
Another time
Another time
Another time
Another time
Another time
Another time
Another time
Another time
Another time
Another time
Another time
Another time
Another time
Another time
Another time
Another time
Another time
Another time
Another time
Another time
Another time
Another time
Another time
Another time
Another time
Another time
Another time
Another time
Another time
Another time
Another time
Another time
Another time
Another time
Another time
Another time
Another time
Another time
Another time
Another time
Another time
Another time
Another time
Another time
Another time
Another time
Another time
Another time
Another time
Another time
Another time
Another time
Another time
Another time
Another time
Another time
Another time
Another time
Another time
Another time
Another time
Another time
Another time
Another time
Another time
Another time
Another time
Another time
Another time
Another time
Another time
Another time
Another time
Another time
Another time
Another time
Another time
Another time
Another time
Another time
Another time
Another time
Another time
Another time
Another time
Another time
Another time
Another time
Another time
Another time
Another time
Another time
Another time
Another time
Another time
Another time
Another time
Another time
Another time
Another time
Another time
Another time
Another time
Another time
Another time
Another time
Another time
Another time
Another time
Another time
Another time
Another time
Another time
Another time
Another time
Another time
Another time
Another time
Another time
Another time
Another time
Another time
Another time
Another time
Another time
Another time
Another time
Another time
Another time
Another time
Another time
Another time
Another time
Another time
Another time
Another time
Another time
Another time
Another time
Another time
Another time
Another time
Another time
Another time
Another time
Another time
Another time
Another time
Another time
Another time
Another time
Another time
Another time
Another time
Another time
Another time
Another time
Another time
Another time
Another time
Another time
Another time
Another time
Another time
Another time
Another time
Another time
Another time
Another time
Another time
Another time
Another time
Another time
Another time
Another time
Another time
Another time
Another time
Another time
Another time
Another time
Another time
Another time
Another time
Another time
Another time
Another time
Another time
Another time
Another time
Another time
Another time
Another time
Another time
Another time
Another time
Another time
Another time
Another time
Another time
Another time
Another time
Another time
Another time
Another time
Another time
Another time
Another time
Another time
Another time
Another time
Another time
Another time
Another time
Another time
Another time
Another time
Another time
Another time
Another time
Another time
Another time
Another time
Another time
Another time
Another time
Another time
Another time
Another time
Another time
Another time
Another time
Another time
Another time
Another time
Another time
Another time
Another time
Another time
Another time
Another time
Another time
Another time
Another time
Another time
Another time
Another time
Another time
Another time
Another time
Another time
Another time
Another time
Another time
Another time
Another time
Another time
Another time
Another time
Another time
Another time
Another time
Another time
Another time
Another time
Another time
Another time
Another time
Another time
Another time
Another time
Another time
Another time
Another time
Another time
Another time
Another time
Another time
Another time
Another time
Another time
Another time
Another time
Another time
Another time
Another time
Another time
Another time
Another time
Another time
Another time
Another time
Another time
Another time
Another time
Another time
Another time
Another time
Another time
Another time
Another time
Another time
Another time
Another time
Another time
Another time
Another time
Another time
Another time
Another time
Another time
Another time
Another time
Another time
Another time
Another time
Another time
Another time
Another time
Another time
Another time
Another time
Another time
Another time
Another time
Another time
Another time
Another time
Another time
Another time
Another time
Another time
Another time
Another time
Another time
Another time
Another time
Another time
Another time
Another time
Another time
Another time
Another time
Another time
Another time
Another time
Another time
Another time
Another time
Another time
Another time
Another time
Another time
Another time
Another time
Another time
Another time
Another time
Another time
Another time
Another time
Another time
Another time
Another time
Another time
Another time
Another time
Another time
Another time
Another time
Another time
Another time
Another time
Another time
Another time
Another time
Another time
Another time
Another time
Another time
Another time
Another time
Another time
Another time
Another time
Another time
Another time
Another time
Another time
Another time
Another time
Another time
Another time
Another time
Another time
Another time
Another time
Another time
Another time
Another time
Another time
Another time
Another time
Another time
Another time
Another time
Another time
Another time
Another time
Another time
Another time
Another time
Another time
Another time
Another time
Another time
Another time
Another time
Another time
Another time
Another time
Another time
Another time
Another time
Another time
Another time
Another time
Another time
Another time
Another time
Another time
Another time
Another time
Another time
Another time
Another time
Another time
Another time
Another time
Another time
Another time
Another time
Another time
Another time
Another time
Another time
Another time
Another time
Another time
Another time
Another time
Another time
Another time
Another time
Another time
Another time
Another time
Another time
Another time
Another time
Another time
Another time
Another time
Another time
Another time
Another time
Another time
Another time
Another time
Another time
Another time
Another time
Another time
Another time
Another time
Another time
Another time
Another time
Another time
Another time
Another time
Another time
Another time
Another time
Another time
Another time
Another time
Another time
Another time
Another time
Another time
Another time
Another time
Another time
Another time
Another time
Another time
Another time
Another time
Another time
Another time
Another time
Another time
Another time
Another time
Another time
Another time
Another time
Another time
Another time
Another time
Another time
Another time
Another time
Another time
Another time
Another time
Another time
Another time
Another time
Another time
Another time
Another time
Another time
Another time
Another time
Another time
Another time
Another time
Another time
Another time
Another time
Another time
Another time
Another time
Another time
Another time
Another time
Another time
Another time
Another time
Another time
Another time
Another time
Another time
Another time
Another time
Another time
Another time
Another time
Another time
Another time
Another time
Another time
Another time
Another time
Another time
Another time
Another time
Another time
Another time
Another time
Another time
Another time
Another time
Another time
Another time
Another time
Another time
Another time
Another time
Another time
Another time
Another time
Another time
Another time
Another time
Another time
Another time
Another time
Another time
Another time
Another time
Another time
Another time
Another time
Another time
Another time
Another time
Another time
Another time
Another time
Another time
Another time
Another time
Another time
Another time
Another time
Another time
Another time
Another time
Another time
Another time
Another time
Another time
Another time
Another time
Another time
Another time
Another time
Another time
Another time
Another time
Another time
Another time
Another time
Another time
Another time
Another time
Another time
Another time
Another time
Another time
Another time
Another time
Another time
Another time
Another time
Another time
Another time
Another time
Another time
Another time
Another time
Another time
Another time
Another time
Another time
Another time
Another time
Another time
Another time
Another time
Another time
Another time
Another time
Another time
Another time
Another time
Another time
Another time
Another time
Another time
Another time
Another time
Another time
Another time
Another time
Another time
Another time
Another time
Another time
Another time
Another time
Another time
Another time
Another time
Another time
Another time
Another time
Another time
Another time
Another time
Another time
Another time
Another time
Another time
Another time
Another time
Another time
Another time
Another time
Another time
Another time
Another time
Another time
Another time
Another time
Another time
Another time
Another time
Another time
Another time
Another time
Another time
Another time
Another time
Another time
Another time
Another time
Another time
Another time
Another time
Another time
Another time
Another time
Another time
Another time
Another time
Another time
Another time
Another time
Another time
Another time
Another time
Another time
Another time
Another time
Another time
Another time
Another time
Another time
Another time
Another time
Another time
Another time
Another time
Another time
Another time
Another time
Another time
Another time
Another time
Another time
Another time
Another time
Another time
Another time
Another time
Another time
Another time
Another time
Another time
Another time
Another time
Another time
Another time
Another time
Another time
Another time
Another time
Another time
Another time
Another time
Another time
Another time
Another time
Another time
Another time
Another time
Another time
Another time
Another time
Another time
Another time
Another time
Another time
Another time
Another time
Another time
Another time
Another time
Another time
Another time
Another time
Another time
Another time
Another time
Another time
Another time
Another time
Another time
Another time
Another time
Another time
Another time
Another time
Another time
Another time
Another time
Another time
Another time
Another time
Another time
Another time
Another time
Another time
Another time
Another time
Another time
Another time
Another time
Another time
Another time
Another time
Another time
Another time
Another time
Another time
Another time
Another time
Another time
Another time
Another time
Another time
Another time
Another time
Another time
Another time
Another time
Another time
Another time
Another time
Another time
Another time
Another time
Another time
Another time
Another time
Another time
Another time
Another time
Another time
Another time
Another time
Another time
Another time
Another time
Another time
Another time
Another time
Another time
Another time
Another time
Another time
Another time
Another time
Another time
Another time
Another time
Another time
Another time
Another time
Another time
Another time
Another time
Another time
Another time
Another time
Another time
Another time
Another time
Another time
Another time
Another time
Another time
Another time
Another time
Another time
Another time
Another time
Another time
Another time
Another time
Another time
Another time
Another time
Another time
Another time
Another time
Another time
Another time
Another time
Another time
Another time
Another time
Another time
Another time
Another time
Another time
Another time
Another time
Another time
Another time
Another time
Another time
Another time
Another time
Another time
Another time
Another time
Another time
Another time
Another time
Another time
Another time
Another time
Another time
Another time
Another time
Another time
Another time
Another time
Another time
Another time
Another time
Another time
Another time
Another time
Another time
Another time
Another time
Another time
Another time
Another time
Another time
Another time
Another time
Another time
Another time
Another time
Another time
Another time
Another time
Another time
Another time
Another time
Another time
Another time
Another time
Another time
Another time
Another time
Another time
Another time
Another time
Another time
Another time
Another time
Another time
Another time
Another time
Another time
Another time
Another time
Another time
Another time
Another time
Another time
Another time
Another time
Another time
Another time
Another time
Another time
Another time
Another time
Another time
Another time
Another time
Another time
Another time
Another time
Another time
Another time
Another time
Another time
Another time
Another time
Another time
Another time
Another time
Another time
Another time
Another time
Another time
Another time
Another time
Another time
Another time
Another time
Another time
Another time
Another time
Another time
Another time
Another time
Another time
Another time
Another time
Another time
Another time
Another time
Another time
Another time
Another time
Another time
Another time
Another time
Another time
Another time
Another time
Another time
Another time
Another time
Another time
Another time
Another time
Another time
Another time
Another time
Another time
Another time
Another time
Another time
Another time
Another time
Another time
Another time
Another time
Another time
Another time
Another time
Another time
Another time
Another time
Another time
Another time
Another time
Another time
Another time
Another time
Another time
Another time
Another time
Another time
Another time
Another time
Another time
Another time
Another time
Another time
Another time
Another time
Another time
Another time
Another time
Another time
Another time
Another time
Another time
Another time
Another time
Another time
Another time
Another time
Another time
Another time
Another time
Another time
Another time
Another time
Another time
Another time
Another time
Another time
Another time
Another time
Another time
Another time
Another time
Another time
Another time
Another time
Another time
Another time
Another time
Another time
Another time
Another time
Another time
Another time
Another time
Another time
Another time
Another time
Another time
Another time
Another time
Another time
Another time
Another time
Another time
Another time
Another time
Another time
Another time
Another time
Another time
Another time
Another time
Another time
Another time
Another time
Another time
Another time
Another time
Another time
Another time
Another time
Another time
Another time
Another time
Another time
Another time
Another time
Another time
Another time
Another time
Another time
Another time
Another time
Another time
Another time
Another time
Another time
Another time
Another time
Another time
Another time
Another time
Another time
Another time
Another time
Another time
Another time
Another time
Another time
Another time
Another time
Another time
Another time
Another time
Another time
Another time
Another time
Another time
Another time
Another time
Another time
Another time
Another time
Another time
Another time
Another time
Another time
Another time
Another time
Another time
Another time
Another time
Another time
Another time
Another time
Another time
Another time
Another time
Another time
Another time
Another time
Another time
Another time
Another time
Another time
Another time
Another time
Another time
Another time
Another time
Another time
Another time
Another time
Another time
Another time
Another time
Another time
Another time
Another time
Another time
Another time
Another time
Another time
Another time
Another time
Another time
Another time
Another time
Another time
Another time
Another time
Another time
Another time
Another time
Another time
Another time
Another time
Another time
Another time
Another time
Another time
Another time
Another time
Another time
Another time
Another time
Another time
Another time
Another time
Another time
Another time
Another time
Another time
Another time
Another time
Another time
Another time
Another time
Another time
Another time
Another time
Another time
Another time
Another time
Another time
Another time
Another time
Another time
Another time
Another time
Another time
Another time
Another time
Another time
Another time
Another time
Another time
Another time
Another time
Another time
Another time
Another time
Another time
Another time
Another time
Another time
Another time
Another time
Another time
Another time
Another time
Another time
Another time
Another time
Another time
Another time
Another time
Another time
Another time
Another time
Another time
Another time
Another time
Another time
Another time
Another time
Another time
Another time
Another time
Another time
Another time
Another time
Another time
Another time
Another time
Another time
Another time
Another time
Another time
Another time
Another time
Another time
Another time
Another time
Another time
Another time
Another time
Another time
Another time
Another time
Another time
Another time
Another time
Another time
Another time
Another time
Another time
Another time
Another time
Another time
Another time
Another time
Another time
Another time
Another time
Another time
Another time
Another time
Another time
Another time
Another time
Another time
Another time
Another time
Another time
Another time
Another time
Another time
Another time
Another time
Another time
Another time
Another time
Another time
Another time
Another time
Another time
Another time
Another time
Another time
Another time
Another time
Another time
Another time
Another time
Another time
Another time
Another time
Another time
Another time
Another time
Another time
Another time
Another time
Another time
Another time
Another time
Another time
Another time
Another time
Another time
Another time
Another time
Another time
Another time
Another time
Another time
Another time
Another time
Another time
Another time
Another time
Another time
Another time
Another time
Another time
Another time
Another time
Another time
Another time
Another time
Another time
Another time
Another time
Another time
Another time
Another time
Another time
Another time
Another time
Another time
Another time
Another time
Another time
Another time
Another time
Another time
Another time
Another time
Another time
Another time
Another time
Another time
Another time
Another time
Another time
Another time
Another time
Another time
Another time
Another time
Another time
Another time
Another time
Another time
Another time
Another time
Another time
Another time
Another time
Another time
Another time
Another time
Another time
Another time
Another time
Another time
Another time
Another time
Another time
Another time
Another time
Another time
Another time
Another time
Another time
Another time
Another time
Another time
Another time
Another time
Another time
Another time
Another time
Another time
Another time
Another time
Another time
Another time
Another time
Another time
Another time
Another time
Another time
Another time
Another time
Another time
Another time
Another time
Another time
Another time
Another time
Another time
Another time
Another time
Another time
Another time
Another time
Another time
Another time
Another time
Another time
Another time
Another time
Another time
Another time
Another time
Another time
Another time
Another time
Another time
Another time
Another time
Another time
Another time
Another time
Another time
Another time
Another time
Another time
Another time
Another time
Another time
Another time
Another time
Another time
Another time
Another time
Another time
Another time
Another time
Another time
Another time
Another time
Another time
Another time
Another time
Another time
Another time
Another time
Another time
Another time
Another time
Another time
Another time
Another time
Another time
Another time
Another time
Another time
Another time
Another time
Another time
Another time
Another time
Another time
Another time
Another time
Another time
Another time
Another time
Another time
Another time
Another time
Another time
Another time
Another time
Another time
Another time
Another time
Another time
Another time
Another time
Another time
Another time
Another time
Another time
Another time
Another time
Another time
Another time
Another time
Another time
Another time
Another time
Another time
Another time
Another time
Another time
Another time
Another time
Another time
Another time
Another time
Another time
Another time
Another time
Another time
Another time
Another time
Another time
Another time
Another time
Another time
Another time
Another time
Another time
Another time
Another time
Another time
Another time
Another time
Another time
Another time
Another time
Another time
Another time
Another time
Another time
Another time
Another time
Another time
Another time
Another time
Another time
Another time
Another time
Another time
Another time
Another time
Another time
Another time
Another time
Another time
Another time
Another time
Another time
Another time
Another time
Another time
Another time
Another time
Another time
Another time
Another time
Another time
Another time
Another time
Another time
Another time
Another time
Another time
Another time
Another time
Another time
Another time
Another time
Another time
Another time
Another time
Another time
Another time
Another time
Another time
Another time
Another time
Another time
Another time
Another time
Another time
Another time
Another time
Another time
Another time
Another time
Another time
Another time
Another time
Another time
Another time
Another time
Another time
Another time
Another time
Another time
Another time
Another time
Another time
Another time
Another time
Another time
Another time
Another time
Another time
Another time
Another time
Another time
Another time
Another time
Another time
Another time
Another time
Another time
Another time
Another time
Another time
Another time
Another time
Another time
Another time
Another time
Another time
Another time
Another time
Another time
Another time
Another time
Another time
Another time
Another time
Another time
Another time
Another time
Another time
Another time
Another time
Another time
Another time
Another time
Another time
Another time
Another time
Another time
Another time
Another time
Another time
Another time
Another time
Another time
Another time
Another time
Another time
Another time
Another time
Another time
Another time
Another time
Another time
Another time
Another time
Another time
Another time
Another time
Another time
Another time
Another time
Another time
Another time
Another time
Another time
Another time
Another time
Another time
Another time
Another time
Another time
Another time
Another time
Another time
Another time
Another time
Another time
Another time
Another time
Another time
Another time
Another time
Another time
Another time
Another time
Another time
Another time
Another time
Another time
Another time
Another time
Another time
Another time
Another time
Another time
Another time
Another time
Another time
Another time
Another time
Another time
Another time
Another time
Another time
Another time
Another time
Another time
Another time
Another time
Another time
Another time
Another time
Another time
Another time
Another time
Another time
Another time
Another time
Another time
Another time
Another time
Another time
Another time
Another time
Another time
Another time
Another time
Another time
Another time
Another time
Another time
Another time
Another time
Another time
Another time
Another time
Another time
Another time
Another time
Another time
Another time
Another time
Another time
Another time
Another time
Another time
Another time
Another time
Another time
Another time
Another time
Another time
Another time
Another time
Another time
Another time
Another time
Another time
Another time
Another time
Another time
Another time
Another time
Another time
Another time
Another time
Another time
Another time
Another time
Another time
Another time
Another time
Another time
Another time
Another time
Another time
Another time
Another time
Another time
Another time
Another time
Another time
Another time
Another time
Another time
Another time
Another time
Another time
Another time
Another time
Another time
Another time
Another time
Another time
Another time
Another time
Another time
Another time
Another time
Another time
Another time
Another time
Another time
Another time
Another time
Another time
Another time
Another time
Another time
Another time
Another time
Another time
Another time
Another time
Another time
Another time
Another time
Another time
Another time
Another time
Another time
Another time
Another time
Another time
Another time
Another time
Another time
Another time
Another time
Another time
Another time
Another time
Another time
Another time
Another time
Another time
Another time
Another time
Another time
Another time
Another time
Another time
Another time
Another time
Another time
Another time
Another time
Another time
Another time
Another time
Another time
Another time
Another time
Another time
Another time
Another time
Another time
Another time
Another time
Another time
Another time
Another time
Another time
Another time
Another time
Another time
Another time
Another time
Another time
Another time
Another time
Another time
Another time
Another time
Another time
Another time
Another time
Another time
Another time
Another time
Another time
Another time
Another time
Another time
Another time
Another time
Another time
Another time
Another time
Another time
Another time
Another time
Another time
Another time
Another time
Another time
Another time
Another time
Another time
Another time
Another time
Another time
Another time
Another time
Another time
Another time
Another time
Another time
Another time
Another time
Another time
Another time
Another time
Another time
Another time
Another time
Another time
Another time
Another time
Another time
Another time
Another time
Another time
Another time
Another time
Another time
Another time
Another time
Another time
Another time
Another time
Another time
Another time
Another time
Another time
Another time
Another time
Another time
Another time
Another time
Another time
Another time
Another time
Another time
Another time
Another time
Another time
Another time
Another time
Another time
Another time
Another time
Another time
Another time
Another time
Another time
Another time
Another time
Another time
Another time
Another time
Another time
Another time
Another time
Another time
Another time
Another time
Another time
Another time
Another time
Another time
Another time
Another time
Another time
Another time
Another time
Another time
Another time
Another time
Another time
Another time
Another time
Another time
Another time
Another time
Another time
Another time
Another time
Another time
Another time
Another time
Another time
Another time
Another time
Another time
Another time
Another time
Another time
Another time
Another time
Another time
Another time
Another time
Another time
Another time
Another time
Another time
Another time
Another time
Another time
Another time
Another time
Another time
Another time
Another time
Another time
Another time
Another time
Another time
Another time
Another time
Another time
Another time
Another time
Another time
Another time
Another time
Another time
Another time
Another time
Another time
Another time
Another time
Another time
Another time
Another time
Another time
Another time
Another time
Another time
Another time
Another time
Another time
Another time
Another time
Another time
Another time
Another time
Another time
Another time
Another time
Another time
Another time
Another time
Another time
Another time
Another time
Another time
Another time
Another time
Another time
Another time
Another time
Another time
Another time
Another time
Another time
Another time
Another time
Another time
Another time
Another time
Another time
Another time
Another time
Another time
Another time
Another time
Another time
Another time
Another time
Another time
Another time
Another time
Another time
Another time
Another time
Another time
Another time
Another time
Another time
Another time
Another time
Another time
Another time
Another time
Another time
Another time
Another time
Another time
Another time
Another time
Another time
Another time
Another time
Another time
Another time
Another time
Another time
Another time
Another time
Another time
Another time
Another time
Another time
Another time
Another time
Another time
Another time
Another time
Another time
Another time
Another time
Another time
Another time
Another time
Another time
Another time
Another time
Another time
Another time
Another time
Another time
Another time
Another time
Another time
Another time
Another time
Another time
Another time
Another time
Another time
Another time
Another time
Another time
Another time
Another time
Another time
Another time
Another time
Another time
Another time
Another time
Another time
Another time
Another time
Another time
Another time
Another time
Another time
Another time
Another time
Another time
Another time
Another time
Another time
Another time
Another time
Another time
Another time
Another time
Another time
Another time
Another time
Another time
Another time
Another time
Another time
Another time
Another time
Another time
Another time
Another time
Another time
Another time
Another time
Another time
Another time
Another time
Another time
Another time
Another time
Another time
Another time
Another time
Another time
Another time
Another time
Another time
Another time
Another time
Another time
Another time
Another time
Another time
Another time
Another time
Another time
Another time
Another time
Another time
Another time
Another time
Another time
Another time
Another time
Another time
Another time
Another time
Another time
Another time
Another time
Another time
Another time
Another time
Another time
Another time
Another time
Another time
Another time
Another time
Another time
Another time
Another time
Another time
Another time
Another time
Another time
Another time
Another time
Another time
Another time
Another time
Another time
Another time
Another time
Another time
Another time
Another time
Another time
Another time
Another time
Another time
Another time
Another time
Another time
Another time
Another time
Another time
Another time
Another time
Another time
Another time
Another time
Another time
Another time
Another time
Another time
Another time
Another time
Another time
Another time
Another time
Another time
Another time
Another time
Another time
Another time
Another time
Another time
Another time
Another time
Another time
Another time
Another time
Another time
Another time
Another time
Another time
Another time
Another time
Another time
Another time
Another time
Another time
Another time
Another time
Another time
Another time
Another time
Another time
Another time
Another time
Another time
Another time
Another time
Another time
Another time
Another time
Another time
Another time
Another time
Another time
Another time
Another time
Another time
Another time
Another time
Another time
Another time
Another time
Another time
Another time
Another time
Another time
Another time
Another time
Another time
Another time
Another time
Another time
Another time
Another time
Another time
Another time
Another time
Another time
Another time
Another time
Another time
Another time
Another time
Another time
Another time
Another time
Another time
Another time
Another time
Another time
Another time
Another time
Another time
Another time
Another time
Another time
Another time
Another time
Another time
Another time
Another time
Another time
Another time
Another time
Another time
Another time
Another time
Another time
Another time
Another time
Another time
Another time
Another time
Another time
Another time
Another time
Another time
Another time
Another time
Another time
Another time
Another time
Another time
Another time
Another time
Another time
Another time
Another time
Another time
Another time
Another time
Another time
Another time
Another time
Another time
Another time
Another time
Another time
Another time
Another time
Another time
Another time
Another time
Another time
Another time
Another time
Another time
Another time
Another time
Another time
Another time
Another time
Another time
Another time
Another time
Another time
Another time
Another time
Another time
Another time
Another time
Another time
Another time
Another time
Another time
Another time
Another time
Another time
Another time
Another time
Another time
Another time
Another time
Another time
Another time
Another time
Another time
Another time
Another time
Another time
Another time
Another time
Another time
Another time
Another time
Another time
Another time
Another time
Another time
Another time
Another time
Another time
Another time
Another time
Another time
Another time
Another time
Another time
Another time
Another time
Another time
Another time
Another time
Another time
Another time
Another time
Another time
Another time
Another time
Another time
Another time
Another time
Another time
Another time
Another time
Another time
Another time
Another time
Another time
Another time
Another time
Another time
Another time
Another time
Another time
Another time
Another time
Another time
Another time
Another time
Another time
Another time
Another time
Another time
Another time
Another time
Another time
Another time
Another time
Another time
Another time
Another time
Another time
Another time
Another time
Another time
Another time
Another time
Another time
Another time
Another time
Another time
Another time
Another time
Another time
Another time
Another time
Another time
Another time
Another time
Another time
Another time
Another time
Another time
Another time
Another time
Another time
Another time
Another time
Another time
Another time
Another time
Another time
Another time
Another time
Another time
Another time
Another time
Another time
Another time
Another time
Another time
Another time
Another time
Another time
Another time
Another time
Another time
Another time
Another time
Another time
Another time
Another time
Another time
Another time
Another time
Another time
Another time
Another time
Another time
Another time
Another time
Another time
Another time
Another time
Another time
Another time
Another time
Another time
Another time
Another time
Another time
Another time
Another time
Another time
Another time
Another time
Another time
Another time
Another time
Another time
Another time
Another time
Another time
Another time
Another time
Another time
Another time
Another time
Another time
Another time
Another time
Another time
Another time
Another time
Another time
Another time
Another time
Another time
Another time
Another time
Another time
Another time
Another time
Another time
Another time
Another time
Another time
Another time
Another time
Another time
Another time
Another time
Another time
Another time
Another time
Another time
Another time
Another time
Another time
Another time
Another time
Another time
Another time
Another time
Another time
Another time
Another time
Another time
Another time
Another time
Another time
Another time
Another time
Another time
Another time
Another time
Another time
Another time
Another time
Another time
Another time
Another time
Another time
Another time
Another time
Another time
Another time
Another time
Another time
Another time
Another time
Another time
Another time
Another time
Another time
Another time
Another time
Another time
Another time
Another time
Another time
Another time
Another time
Another time
Another time
Another time
Another time
Another time
Another time
Another time
Another time
Another time
Another time
Another time
Another time
Another time
Another time
Another time
Another time
Another time
Another time
Another time
Another time
Another time
Another time
Another time
Another time
Another time
Another time
Another time
Another time
Another time
Another time
Another time
Another time
Another time
Another time
Another time
Another time
Another time
Another time
Another time
Another time
Another time
Another time
Another time
Another time
Another time
Another time
Another time
Another time
Another time
Another time
Another time
Another time
Another time
Another time
Another time
Another time
Another time
Another time
Another time
Another time
Another time
Another time
Another time
Another time
Another time
Another time
Another time
Another time
Another time
Another time
Another time
Another time
Another time
Another time
Another time
Another time
Another time
Another time
Another time
Another time
Another time
Another time
Another time
Another time
Another time
Another time
Another time
Another time
Another time
Another time
Another time
Another time
Another time
Another time
Another time
Another time
Another time
Another time
Another time
Another time
Another time
Another time
Another time
Another time
Another time
Another time
Another time
Another time
Another time
Another time
Another time
Another time
Another time
Another time
Another time
Another time
Another time
Another time
Another time
Another time
Another time
Another time
Another time
Another time
Another time
Another time
Another time
Another time
Another time
Another time
Another time
Another time
Another time
Another time
Another time
Another time
Another time
Another time
Another time
Another time
Another time
Another time
Another time
Another time
Another time
Another time
Another time
Another time
Another time
Another time
Another time
Another time
Another time
Another time
Another time
Another time
Another time
Another time
Another time
Another time
Another time
Another time
Another time
Another time
Another time
Another time
Another time
Another time
Another time
Another time
Another time
Another time
Another time
Another time
Another time
Another time
Another time
Another time
Another time
Another time
Another time
Another time
Another time
Another time
Another time
Another time
Another time
Another time
Another time
Another time
Another time
Another time
Another time
Another time
Another time
Another time
Another time
Another time
Another time
Another time
Another time
Another time
Another time
Another time
Another time
Another time
Another time
Another time
Another time
Another time
Another time
Another time
Another time
Another time
Another time
Another time
Another time
Another time
Another time
Another time
Another time
Another time
Another time
Another time
Another time
Another time
Another time
Another time
Another time
Another time
Another time
Another time
Another time
Another time
Another time
Another time
Another time
Another time
Another time
Another time
Another time
Another time
Another time
Another time
Another time
Another time
Another time
Another time
Another time
Another time
Another time
Another time
Another time
Another time
Another time
Another time
Another time
Another time
Another time
Another time
Another time
Another time
Another time
Another time
Another time
Another time
Another time
Another time
Another time
Another time
Another time
Another time
Another time
Another time
Another time
Another time
Another time
Another time
Another time
Another time
Another time
Another time
Another time
Another time
Another time
Another time
Another time
Another time
Another time
Another time
Another time
Another time
Another time
Another time
Another time
Another time
Another time
Another time
Another time
Another time
Another time
Another time
Another time
Another time
Another time
Another time
Another time
Another time
Another time
Another time
Another time
Another time
Another time
Another time
Another time
Another time
Another time
Another time
Another time
Another time
Another time
Another time
Another time
Another time
Another time
Another time
Another time
Another time
Another time
Another time
Another time
Another time
Another time
Another time
Another time
Another time
Another time
Another time
Another time
Another time
Another time
Another time
Another time
Another time
Another time
Another time
Another time
Another time
Another time
Another time
Another time
Another time
Another time
Another time
Another time
Another time
Another time
Another time
Another time
Another time
Another time
Another time
Another time
Another time
Another time
Another time
Another time
Another time
Another time
Another time
Another time
Another time
Another time
Another time
Another time
Another time
Another time
Another time
Another time
Another time
Another time
Another time
Another time
Another time
Another time
Another time
Another time
Another time
Another time
Another time
Another time
Another time
Another time
Another time
Another time
Another time
Another time
Another time
Another time
Another time
Another time
Another time
Another time
Another time
Another time
Another time
Another time
Another time
Another time
Another time
Another time
Another time
Another time
Another time
Another time
Another time
Another time
Another time
Another time
Another time
Another time
Another time
Another time
Another time
Another time
Another time
Another time
Another time
Another time
Another time
Another time
Another time
Another time
Another time
Another time
Another time
Another time
Another time
Another time
Another time
Another time
Another time
Another time
Another time
Another time
Another time
Another time
Another time
Another time
Another time
Another time
Another time
Another time
Another time
Another time
Another time
Another time
Another time
Another time
Another time
Another time
Another time
Another time
Another time
Another time
Another time
Another time
Another time
Another time
Another time
Another time
Another time
Another time
Another time
Another time
Another time
Another time
Another time
Another time
Another time
Another time
Another time
Another time
Another time
Another time
Another time
Another time
Another time
Another time
Another time
Another time
Another time
Another time
Another time
Another time
Another time
Another time
Another time
Another time
Another time
Another time
Another time
Another time
Another time
Another time
Another time
Another time
Another time
Another time
Another time
Another time
Another time
Another time
Another time
Another time
Another time
Another time
Another time
Another time
Another time
Another time
Another time
Another time
Another time
Another time
Another time
Another time
Another time
Another time
Another time
Another time
Another time
Another time
Another time
Another time
Another time
Another time
Another time
Another time
Another time
Another time
Another time
Another time
Another time
Another time
Another time
Another time
Another time
Another time
Another time
Another time
Another time
Another time
Another time
Another time
Another time
Another time
Another time
Another time
Another time
Another time
Another time
Another time
Another time
Another time
Another time
Another time
Another time
Another time
Another time
Another time
Another time
Another time
Another time
Another time
Another time
Another time
Another time
Another time
Another time
Another time
Another time
Another time
Another time
Another time
Another time
Another time
Another time
Another time
Another time
Another time
Another time
Another time
Another time
Another time
Another time
Another time
Another time
Another time
Another time
Another time
Another time
Another time
Another time
Another time
Another time
Another time
Another time
Another time
Another time
Another time
Another time
Another time
Another time
Another time
Another time
Another time
Another time
Another time
Another time
Another time
Another time
Another time
Another time
Another time
Another time
Another time
Another time
Another time
Another time
Another time
Another time
Another time
Another time
Another time
Another time
Another time
Another time
Another time
Another time
Another time
Another time
Another time
Another time
Another time
Another time
Another time
Another time
Another time
Another time
Another time
Another time
Another time
Another time
Another time
Another time
Another time
Another time
Another time
Another time
Another time
Another time
Another time
Another time
Another time
Another time
Another time
Another time
Another time
Another time
Another time
Another time
Another time
Another time
Another time
Another time
Another time
Another time
Another time
Another time
Another time
Another time
Another time
Another time
Another time
Another time
Another time
Another time
Another time
Another time
Another time
Another time
Another time
Another time
Another time
Another time
Another time
Another time
Another time
Another time
Another time
Another time
Another time
Another time
Another time
Another time
Another time
Another time
Another time
Another time
Another time
Another time
Another time
Another time
Another time
Another time
Another time
Another time
Another time
Another time
Another time
Another time
Another time
Another time
Another time
Another time
Another time
Another time
Another time
Another time
Another time
Another time
Another time
Another time
Another time
Another time
Another time
Another time
Another time
Another time
Another time
Another time
Another time
Another time
Another time
Another time
Another time
Another time
Another time
Another time
Another time
Another time
Another time
Another time
Another time
Another time
Another time
Another time
Another time
Another time
Another time
Another time
Another time
Another time
Another time
Another time
Another time
Another time
Another time
Another time
Another time
Another time
Another time
Another time
Another time
Another time
Another time
Another time
Another time
Another time
Another time
Another time
Another time
Another time
Another time
Another time
Another time
Another time
Another time
Another time
Another time
Another time
Another time
Another time
Another time
Another time
Another time
Another time
Another time
Another time
Another time
Another time
Another time
Another time
Another time
Another time
Another time
Another time
Another time
Another time
Another time
Another time
Another time
Another time
Another time
Another time
Another time
Another time
Another time
Another time
Another time
Another time
Another time
Another time
Another time
Another time
Another time
Another time
Another time
Another time
Another time
Another time
Another time
Another time
Another time
Another time
Another time
Another time
Another time
Another time
Another time
Another time
Another time
Another time
Another time
Another time
Another time
Another time
Another time
Another time
Another time
Another time
Another time
Another time
Another time
Another time
Another time
Another time
Another time
Another time
Another time
Another time
Another time
Another time
Another time
Another time
Another time
Another time
Another time
Another time
Another time
Another time
Another time
Another time
Another time
Another time
Another time
Another time
Another time
Another time
Another time
Another time
Another time
Another time
Another time
Another time
Another time
Another time
Another time
Another time
Another time
Another time
Another time
Another time
Another time
Another time
Another time
Another time
Another time
Another time
Another time
Another time
Another time
Another time
Another time
Another time
Another time
Another time
Another time
Another time
Another time
Another time
Another time
Another time
Another time
Another time
Another time
Another time
Another time
Another time
Another time
Another time
Another time
Another time
Another time
Another time
Another time
Another time
Another time
Another time
Another time
Another time
Another time
Another time
Another time
Another time
Another time
Another time
Another time
Another time
Another time
Another time
Another time
Another time
Another time
Another time
Another time
Another time
Another time
Another time
Another time
Another time
Another time
Another time
Another time
Another time
Another time
Another time
Another time
Another time
Another time
Another time
Another time
Another time
Another time
Another time
Another time
Another time
Another time
Another time
Another time
Another time
Another time
Another time
Another time
Another time
Another time
Another time
Another time
Another time
Another time
Another time
Another time
Another time
Another time
Another time
Another time
Another time
Another time
Another time
Another time
Another time
Another time
Another time
Another time
Another time
Another time
Another time
Another time
Another time
Another time
Another time
Another time
Another time
Another time
Another time
Another time
Another time
Another time
Another time
Another time
Another time
Another time
Another time
Another time
Another time
Another time
Another time
Another time
Another time
Another time
Another time
Another time
Another time
Another time
Another time
Another time
Another time
Another time
Another time
Another time
Another time
Another time
Another time
Another time
Another time
Another time
Another time
Another time
Another time
Another time
Another time
Another time
Another time
Another time
Another time
Another time
Another time
Another time
Another time
Another time
Another time
Another time
Another time
Another time
Another time
Another time
Another time
Another time
Another time
Another time
Another time
Another time
Another time
Another time
Another time
Another time
Another time
Another time
Another time
Another time
Another time
Another time
Another time
Another time
Another time
Another time
Another time
Another time
Another time
Another time
Another time
Another time
Another time
Another time
Another time
Another time
Another time
Another time
Another time
Another time
Another time
Another time
Another time
Another time
Another time
Another time
Another time
Another time
Another time
Another time
Another time
Another time
Another time
Another time
Another time
Another time
Another time
Another time
Another time
Another time
Another time
Another time
Another time
Another time
Another time
Another time
Another time
Another time
Another time
Another time
Another time
Another time
Another time
Another time
Another time
Another time
Another time
Another time
Another time
Another time
Another time
Another time
Another time
Another time
Another time
Another time
Another time
Another time
Another time
Another time
Another time
Another time
Another time
Another time
Another time
Another time
Another time
Another time
Another time
Another time
Another time
Another time
Another time
Another time
Another time
Another time
Another time
Another time
Another time
Another time
Another time
Another time
Another time
Another time
Another time
Another time
Another time
Another time
Another time
Another time
Another time
Another time
Another time
Another time
Another time
Another time
Another time
Another time
Another time
Another time
Another time
Another time
Another time
Another time
Another time
Another time
Another time
Another time
Another time
Another time
Another time
Another time
Another time
Another time
Another time
Another time
Another time
Another time
Another time
Another time
Another time
Another time
Another time
Another time
Another time
Another time
Another time
Another time
Another time
Another time
Another time
Another time
Another time
Another time
Another time
Another time
Another time
Another time
Another time
Another time
Another time
Another time
Another time
Another time
Another time
Another time
Another time
Another time
Another time
Another time
Another time
Another time
Another time
Another time
Another time
Another time
Another time
Another time
Another time
Another time
Another time
Another time
Another time
Another time
Another time
Another time
Another time
Another time
Another time
Another time
Another time
Another time
Another time
Another time
Another time
Another time
Another time
Another time
Another time
Another time
Another time
Another time
Another time
Another time
Another time
Another time
Another time
Another time
Another time
Another time
Another time
Another time
Another time
Another time
Another time
Another time
Another time
Another time
Another time
Another time
Another time
Another time
Another time
Another time
Another time
Another time
Another time
Another time
Another time
Another time
Another time
Another time
Another time
Another time
Another time
Another time
Another time
Another time
Another time
Another time
Another time
Another time
Another time
Another time
Another time
Another time
Another time
Another time
Another time
Another time
Another time
Another time
Another time
Another time
Another time
Another time
Another time
Another time
Another time
Another time
Another time
Another time
Another time
Another time
Another time
Another time
Another time
Another time
Another time
Another time
Another time
Another time
Another time
Another time
Another time
Another time
Another time
Another time
Another time
Another time
Another time
Another time
Another time
Another time
Another time
Another time
Another time
Another time
Another time
Another time
Another time
Another time
Another time
Another time
Another time
Another time
Another time
Another time
Another time
Another time
Another time
Another time
Another time
Another time
Another time
Another time
Another time
Another time
Another time
Another time
Another time
Another time
Another time
Another time
Another time
Another time
Another time
Another time
Another time
Another time
Another time
Another time
Another time
Another time
Another time
Another time
Another time
Another time
Another time
Another time
Another time
Another time
Another time
Another time
Another time
Another time
Another time
Another time
Another time
Another time
Another time
Another time
Another time
Another time
Another time
Another time
Another time
Another time
Another time
Another time
Another time
Another time
Another time
Another time
Another time
Another time
Another time
Another time
Another time
Another time
Another time
Another time
Another time
Another time
Another time
Another time
Another time
Another time
Another time
Another time
Another time
Another time
Another time
Another time
Another time
Another time
Another time
Another time
Another time
Another time
Another time
Another time
Another time
Another time
Another time
Another time
Another time
Another time
Another time
Another time
Another time
Another time
Another time
Another time
Another time
Another time
Another time
Another time
Another time
Another time
Another time
Another time
Another time
Another time
Another time
Another time
Another time
Another time
Another time
Another time
Another time
Another time
Another time
Another time
Another time
Another time
Another time
Another time
Another time
Another time
Another time
Another time
Another time
Another time
Another time
Another time
Another time
Another time
Another time
Another time
Another time
Another time
Another time
Another time
Another time
Another time
Another time
Another time
Another time
Another time
Another time
Another time
Another time
Another time
Another time
Another time
Another time
Another time
Another time
Another time
Another time
Another time
Another time
Another time
Another time
Another time
Another time
Another time
Another time
Another time
Another time
Another time
Another time
Another time
Another time
Another time
Another time
Another time
Another time
Another time
Another time
Another time
Another time
Another time
Another time
Another time
Another time
Another time
Another time
Another time
Another time
Another time
Another time
Another time
Another time
Another time
Another time
Another time
Another time
Another time
Another time
Another time
Another time
Another time
Another time
Another time
Another time
Another time
Another time
Another time
Another time
Another time
Another time
Another time
Another time
Another time
Another time
Another time
Another time
Another time
Another time
Another time
Another time
Another time
Another time
Another time
Another time
Another time
Another time
Another time
Another time
Another time
Another time
Another time
Another time
Another time
Another time
Another time
Another time
Another time
Another time
Another time
Another time
Another time
Another time
Another time
Another time
Another time
Another time
Another time
Another time
Another time
Another time
Another time
Another time
Another time
Another time
Another time
Another time
Another time
Another time
Another time
Another time
Another time
Another time
Another time
Another time
Another time
Another time
Another time
Another time
Another time
Another time
Another time
Another time
Another time
Another time
Another time
Another time
Another time
Another time
Another time
Another time
Another time
Another time
Another time
Another time
Another time
Another time
Another time
Another time
Another time
Another time
Another time
Another time
Another time
Another time
Another time
Another time
Another time
Another time
Another time
Another time
Another time
Another time
Another time
Another time
Another time
Another time
Another time
Another time
Another time
Another time
Another time
Another time
Another time
Another time
Another time
Another time
Another time
Another time
Another time
Another time
Another time
Another time
Another time
Another time
Another time
Another time
Another time
Another time
Another time
Another time
Another time
Another time
Another time
Another time
Another time
Another time
Another time
Another time
Another time
Another time
Another time
Another time
Another time
Another time
Another time
Another time
Another time
Another time
Another time
Another time
Another time
Another time
Another time
Another time
Another time
Another time
Another time
Another time
Another time
Another time
Another time
Another time
Another time
Another time
Another time
Another time
Another time
Another time
Another time
Another time
Another time
Another time
Another time
Another time
Another time
Another time
Another time
Another time
Another time
Another time
Another time
Another time
Another time
Another time
Another time
Another time
Another time
Another time
Another time
Another time
Another time
Another time
Another time
Another time
Another time
Another time
Another time
Another time
Another time
Another time
Another time
Another time
Another time
Another time
Another time
Another time
Another time
Another time
Another time
Another time
Another time
Another time
Another time
Another time
Another time
Another time
Another time
Another time
Another time
Another time
Another time
Another time
Another time
Another time
Another time
Another time
Another time
Another time
Another time
Another time
Another time
Another time
Another time
Another time
Another time
Another time
Another time
Another time
Another time
Another time
Another time
Another time
Another time
Another time
Another time
Another time
Another time
Another time
Another time
Another time
Another time
Another time
Another time
Another time
Another time
Another time
Another time
Another time
Another time
Another time
Another time
Another time
Another time
Another time
Another time
Another time
Another time
Another time
Another time
Another time
Another time
Another time
Another time
Another time
Another time
Another time
Another time
Another time
Another time
Another time
Another time
Another time
Another time
Another time
Another time
Another time
Another time
Another time
Another time
Another time
Another time
Another time
Another time
Another time
Another time
Another time
Another time
Another time
Another time
Another time
Another time
Another time
Another time
Another time
Another time
Another time
Another time
Another time
Another time
Another time
Another time
Another time
Another time
Another time
Another time
Another time
Another time
Another time
Another time
Another time
Another time
Another time
Another time
Another time
Another time
Another time
Another time
Another time
Another time
Another time
Another time
Another time
Another time
Another time
Another time
Another time
Another time
Another time
Another time
Another time
Another time
Another time
Another time
Another time
Another time
Another time
Another time
Another time
Another time
Another time
Another time
Another time
Another time
Another time
Another time
Another time
Another time
Another time
Another time
Another time
Another time
Another time
Another time
Another time
Another time
Another time
Another time
Another time
Another time
Another time
Another time
Another time
Another time
Another time
Another time
Another time
Another time
Another time
Another time
Another time
Another time
Another time
Another time
Another time
Another time
Another time
Another time
Another time
Another time
Another time
Another time
Another time
Another time
Another time
Another time
Another time
Another time
Another time
Another time
Another time
Another time
Another time
Another time
Another time
Another time
Another time
Another time
Another time
Another time
Another time
Another time
Another time
Another time
Another time
Another time
Another time
Another time
Another time
Another time
Another time
Another time
Another time
Another time
Another time
Another time
Another time
Another time
Another time
Another time
Another time
Another time
Another time
Another time
Another time
Another time
Another time
Another time
Another time
Another time
Another time
Another time
Another time
Another time
Another time
Another time
Another time
Another time
Another time
Another time
Another time
Another time
Another time
Another time
Another time
Another time
Another time
Another time
Another time
Another time
Another time
Another time
Another time
Another time
Another time
Another time
Another time
Another time
Another time
Another time
Another time
Another time
Another time
Another time
Another time
Another time
Another time
Another time
Another time
Another time
Another time
Another time
Another time
Another time
Another time
Another time
Another time
Another time
Another time
Another time
Another time
Another time
Another time
Another time
Another time
Another time
Another time
Another time
Another time
Another time
Another time
Another time
Another time
Another time
Another time
Another time
Another time
Another time
Another time
Another time
Another time
Another time
Another time
Another time
Another time
Another time
Another time
Another time
Another time
Another time
Another time
Another time
Another time
Another time
Another time
Another time
Another time
Another time
Another time
Another time
Another time
Another time
Another time
Another time
Another time
Another time
Another time
Another time
Another time
Another time
Another time
Another time
Another time
Another time
Another time
Another time
Another time
Another time
Another time
Another time
Another time
Another time
Another time
Another time
Another time
Another time
Another time
Another time
Another time
Another time
Another time
Another time
Another time
Another time
Another time
Another time
Another time
Another time
Another time
Another time
Another time
Another time
Another time
Another time
Another time
Another time
Another time
Another time
Another time
Another time
Another time
Another time
Another time
Another time
Another time
Another time
Another time
Another time
Another time
Another time
Another time
Another time
Another time
Another time
Another time
Another time
Another time
Another time
Another time
Another time
Another time
Another time
Another time
Another time
Another time
Another time
Another time
Another time
Another time
Another time
Another time
Another time
Another time
Another time
Another time
Another time
Another time
Another time
Another time
Another time
Another time
Another time
Another time
Another time
Another time
Another time
Another time
Another time
Another time
Another time
Another time
Another time
Another time
Another time
Another time
Another time
Another time
Another time
Another time
Another time
Another time
Another time
Another time
Another time
Another time
Another time
Another time
Another time
Another time
Another time
Another time
Another time
Another time
Another time
Another time
Another time
Another time
Another time
Another time
Another time
Another time
Another time
Another time
Another time
Another time
Another time
Another time
Another time
Another time
Another time
Another time
Another time
Another time
Another time
Another time
Another time
Another time
Another time
Another time
Another time
Another time
Another time
Another time
Another time
Another time
Another time
Another time
Another time
Another time
Another time
Another time
Another time
Another time
Another time
Another time
Another time
Another time
Another time
Another time
Another time
Another time
Another time
Another time
Another time
Another time
Another time
Another time
Another time
Another time
Another time
Another time
Another time
Another time
Another time
Another time
Another time
Another time
Another time
Another time
Another time
Another time
Another time
Another time
Another time
Another time
Another time
Another time
Another time
Another time
Another time
Another time
Another time
Another time
Another time
Another time
Another time
Another time
Another time
Another time
Another time
Another time
Another time
Another time
Another time
Another time
Another time
Another time
Another time
Another time
Another time
Another time
Another time
Another time
Another time
Another time
Another time
Another time
Another time
Another time
Another time
Another time
Another time
Another time
Another time
Another time
Another time
Another time
Another time
Another time
Another time
Another time
Another time
Another time
Another time
Another time
Another time
Another time
Another time
Another time
Another time
Another time
Another time
Another time
Another time
Another time
Another time
Another time
Another time
Another time
Another time
Another time
Another time
Another time
Another time
Another time
Another time
Another time
Another time
Another time
Another time
Another time
Another time
Another time
Another time
Another time
Another time
Another time
Another time
Another time
Another time
Another time
Another time
Another time
Another time
Another time
Another time
Another time
Another time
Another time
Another time
Another time
Another time
Another time
Another time
Another time
Another time
Another time
Another time
Another time
Another time
Another time
Another time
Another time
Another time
Another time
Another time
Another time
Another time
Another time
Another time
Another time
Another time
Another time
Another time
Another time
Another time
Another time
Another time
Another time
Another time
Another time
Another time
Another time
Another time
Another time
Another time
Another time
Another time
Another time
Another time
Another time
Another time
Another time
Another time
Another time
Another time
Another time
Another time
Another time
Another time
Another time
Another time
Another time
Another time
Another time
Another time
Another time
Another time
Another time
Another time
Another time
Another time
Another time
Another time
Another time
Another time
Another time
Another time
Another time
Another time
Another time
Another time
Another time
Another time
Another time
Another time
Another time
Another time
Another time
Another time
Another time
Another time
Another time
Another time
Another time
Another time
Another time
Another time
Another time
Another time
Another time
Another time
Another time
Another time
Another time
Another time
Another time
Another time
Another time
Another time
Another time
Another time
Another time
Another time
Another time
Another time
Another time
Another time
Another time
Another time
Another time
Another time
Another time
Another time
Another time
Another time
Another time
Another time
Another time
Another time
Another time
Another time
Another time
Another time
Another time
Another time
Another time
Another time
Another time
Another time
Another time
Another time
Another time
Another time
Another time
Another time
Another time
Another time
Another time
Another time
Another time
Another time
Another time
Another time
Another time
Another time
Another time
Another time
Another time
Another time
Another time
Another time
Another time
Another time
Another time
Another time
Another time
Another time
Another time
Another time
Another time
Another time
Another time
Another time
Another time
Another time
Another time
Another time
Another time
Another time
Another time
Another time
Another time
Another time
Another time
Another time
Another time
Another time
Another time
Another time
Another time
Another time
Another time
Another time
Another time
Another time
Another time
Another time
Another time
Another time
Another time
Another time
Another time
Another time
Another time
Another time
Another time
Another time
Another time
Another time
Another time
Another time
Another time
Another time
Another time
Another time
Another time
Another time
Another time
Another time
Another time
Another time
Another time
Another time
Another time
Another time
Another time
Another time
Another time
Another time
Another time
Another time
Another time
Another time
Another time
Another time
Another time
Another time
Another time
Another time
Another time
Another time
Another time
Another time
Another time
Another time
Another time
Another time
Another time
Another time
Another time
Another time
Another time
Another time
Another time
Another time
Another time
Another time
Another time
Another time
Another time
Another time
Another time
Another time
Another time
Another time
Another time
Another time
Another time
Another time
Another time
Another time
Another time
Another time
Another time
Another time
Another time
Another time
Another time
Another time
Another time
Another time
Another time
Another time
Another time
Another time
Another time
Another time
Another time
Another time
Another time
Another time
Another time
Another time
Another time
Another time
Another time
Another time
Another time
Another time
Another time
Another time
Another time
Another time
Another time
Another time
Another time
Another time
Another time
Another time
Another time
Another time
Another time
Another time
Another time
Another time
Another time
Another time
Another time
Another time
Another time
Another time
Another time
Another time
Another time
Another time
Another time
Another time
Another time
Another time
Another time
Another time
Another time
Another time
Another time
Another time
Another time
Another time
Another time
Another time
Another time
Another time
Another time
Another time
Another time
Another time
Another time
Another time
Another time
Another time
Another time
Another time
Another time
Another time
Another time
Another time
Another time
Another time
Another time
Another time
Another time
Another time
Another time
Another time
Another time
Another time
Another time
Another time
Another time
Another time
Another time
Another time
Another time
Another time
Another time
Another time
Another time
Another time
Another time
Another time
Another time
Another time
Another time
Another time
Another time
Another time
Another time
Another time
Another time
Another time
Another time
Another time
Another time
Another time
Another time
Another time
Another time
Another time
Another time
Another time
Another time
Another time
Another time
Another time
Another time
Another time
Another time
Another time
Another time
Another time
Another time
Another time
Another time
Another time
Another time
Another time
Another time
Another time
Another time
Another time
Another time
Another time
Another time
Another time
Another time
Another time
Another time
Another time
Another time
Another time
Another time
Another time
Another time
Another time
Another time
Another time
Another time
Another time
Another time
Another time
Another time
Another time
Another time
Another time
Another time
Another time
Another time
Another time
Another time
Another time
Another time
Another time
Another time
Another time
Another time
Another time
Another time
Another time
Another time
Another time
Another time
Another time
Another time
Another time
Another time
Another time
Another time
Another time
Another time
Another time
Another time
Another time
Another time
Another time
Another time
Another time
Another time
Another time
Another time
Another time
Another time
Another time
Another time
Another time
Another time
Another time
Another time
Another time
Another time
Another time
Another time
Another time
Another time
Another time
Another time
Another time
Another time
Another time
Another time
Another time
Another time
Another time
Another time
Another time
Another time
Another time
Another time
Another time
Another time
Another time
Another time
Another time
Another time
Another time
Another time
Another time
Another time
Another time
Another time
Another time
Another time
Another time
Another time
Another time
Another time
Another time
Another time
Another time
Another time
Another time
Another time
Another time
Another time
Another time
Another time
Another time
Another time
Another time
Another time
Another time
Another time
Another time
Another time
Another time
Another time
Another time
Another time
Another time
Another time
Another time
Another time
Another time
Another time
Another time
Another time
Another time
Another time
Another time
Another time
Another time
Another time
Another time
Another time
Another time
Another time
Another time
Another time
Another time
Another time
Another time
Another time
Another time
Another time
Another time
Another time
Another time
Another time
Another time
Another time
Another time
Another time
Another time
Another time
Another time
Another time
Another time
Another time
Another time
Another time
Another time
Another time
Another time
Another time
Another time
Another time
Another time
Another time
Another time
Another time
Another time
Another time
Another time
Another time
Another time
Another time
Another time
Another time
Another time
Another time
Another time
Another time
Another time
Another time
Another time
Another time
Another time
Another time
Another time
Another time
Another time
Another time
Another time
Another time
Another time
Another time
Another time
Another time
Another time
Another time
Another time
Another time
Another time
Another time
Another time
Another time
Another time
Another time
Another time
Another time
Another time
Another time
Another time
Another time
Another time
Another time
Another time
Another time
Another time
Another time
Another time
Another time
Another time
Another time
Another time
Another time
Another time
Another time
Another time
Another time
Another time
Another time
Another time
Another time
Another time
Another time
Another time
Another time
Another time
Another time
Another time
Another time
Another time
Another time
Another time
Another time
Another time
Another time
Another time
Another time
Another time
Another time
Another time
Another time
Another time
Another time
Another time
Another time
Another time
Another time
Another time
Another time
Another time
Another time
Another time
Another time
Another time
Another time
Another time
Another time
Another time
Another time
Another time
Another time
Another time
Another time
Another time
Another time
Another time
Another time
Another time
Another time
Another time
Another time
Another time
Another time
Another time
Another time
Another time
Another time
Another time
Another time
Another time
Another time
Another time
Another time
Another time
Another time
Another time
Another time
Another time
Another time
Another time
Another time
Another time
Another time
Another time
Another time
Another time
Another time
Another time
Another time
Another time
Another time
Another time
Another time
Another time
Another time
Another time
Another time
Another time
Another time
Another time
Another time
Another time
Another time
Another time
Another time
Another time
Another time
Another time
Another time
Another time
Another time
Another time
Another time
Another time
Another time
Another time
Another time
Another time
Another time
Another time
Another time
Another time
Another time
Another time
Another time
Another time
Another time
Another time
Another time
Another time
Another time
Another time
Another time
Another time
Another time
Another time
Another time
Another time
Another time
Another time
Another time
Another time
Another time
Another time
Another time
Another time
Another time
Another time
Another time
Another time
Another time
Another time
Another time
Another time
Another time
Another time
Another time
Another time
Another time
Another time
Another time
Another time
Another time
Another time
Another time
Another time
Another time
Another time
Another time
Another time
Another time
Another time
Another time
Another time
Another time
Another time
Another time
Another time
Another time
Another time
Another time
Another time
Another time
Another time
Another time
Another time
Another time
Another time
Another time
Another time
Another time
Another time
Another time
Another time
Another time
Another time
Another time
Another time
Another time
Another time
Another time
Another time
Another time
Another time
Another time
Another time
Another time
Another time
Another time
Another time
Another time
Another time
Another time
Another time
Another time
Another time
Another time
Another time
Another time
Another time
Another time
Another time
Another time
Another time
Another time
Another time
Another time
Another time
Another time
Another time
Another time
Another time
Another time
Another time
Another time
Another time
Another time
Another time
Another time
Another time
Another time
Another time
Another time
Another time
Another time
Another time
Another time
Another time
Another time
Another time
Another time
Another time
Another time
Another time
Another time
Another time
Another time
Another time
Another time
Another time
Another time
Another time
Another time
Another time
Another time
Another time
Another time
Another time
Another time
Another time
Another time
Another time
Another time
Another time
Another time
Another time
Another time
Another time
Another time
Another time
Another time
Another time
Another time
Another time
Another time
Another time
Another time
Another time
Another time
Another time
Another time
Another time
Another time
Another time
Another time
Another time
Another time
Another time
Another time
Another time
Another time
Another time
Another time
Another time
Another time
Another time
Another time
Another time
Another time
Another time
Another time
Another time
Another time
Another time
Another time
Another time
Another time
Another time
Another time
Another time
Another time
Another time
Another time
Another time
Another time
Another time
Another time
Another time
Another time
Another time
Another time
Another time
Another time
Another time
Another time
Another time
Another time
Another time
Another time
Another time
Another time
Another time
Another time
Another time
Another time
Another time
Another time
Another time
Another time
Another time
Another time
Another time
Another time
Another time
Another time
Another time
Another time
Another time
Another time
Another time
Another time
Another time
Another time
Another time
Another time
Another time
Another time
Another time
Another time
Another time
Another time
Another time
Another time
Another time
Another time
Another time
Another time
Another time
Another time
Another time
Another time
Another time
Another time
Another time
Another time
Another time
Another time
Another time
Another time
Another time
Another time
Another time
Another time
Another time
Another time
Another time
Another time
Another time
Another time
Another time
Another time
Another time
Another time
Another time
Another time
Another time
Another time
Another time
Another time
Another time
Another time
Another time
Another time
Another time
Another time
Another time
Another time
Another time
Another time
Another time
Another time
Another time
Another time
Another time
Another time
Another time
Another time
Another time
Another time
Another time
Another time
Another time
Another time
Another time
Another time
Another time
Another time
Another time
Another time
Another time
Another time
Another time
Another time
Another time
Another time
Another time
Another time
Another time
Another time
Another time
Another time
Another time
Another time
Another time
Another time
Another time
Another time
Another time
Another time
Another time
Another time
Another time
Another time
Another time
Another time
Another time
Another time
Another time
Another time
Another time
Another time
Another time
Another time
Another time
Another time
Another time
Another time
Another time
Another time
Another time
Another time
Another time
Another time
Another time
Another time
Another time
Another time
Another time
Another time
Another time
Another time
Another time
Another time
Another time
Another time
Another time
Another time
Another time
Another time
Another time
Another time
Another time
Another time
Another time
Another time
Another time
Another time
Another time
Another time
Another time
Another time
Another time
Another time
Another time
Another time
Another time
Another time
Another time
Another time
Another time
Another time
Another time
Another time
Another time
Another time
Another time
Another time
Another time
Another time
Another time
Another time
Another time
Another time
Another time
Another time
Another time
Another time
Another time
Another time
Another time
Another time
Another time
Another time
Another time
Another time
Another time
Another time
Another time
Another time
Another time
Another time
Another time
Another time
Another time
Another time
Another time
Another time
Another time
Another time
Another time
Another time
Another time
Another time
Another time
Another time
Another time
Another time
Another time
Another time
Another time
Another time
Another time
Another time
Another time
Another time
Another time
Another time
Another time
Another time
Another time
Another time
Another time
Another time
Another time
Another time
Another time
Another time
Another time
Another time
Another time
Another time
Another time
Another time
Another time
Another time
Another time
Another time
Another time
Another time
Another time
Another time
Another time
Another time
Another time
Another time
Another time
Another time
Another time
Another time
Another time
Another time
Another time
Another time
Another time
Another time
Another time
Another time
Another time
Another time
Another time
Another time
Another time
Another time
Another time
Another time
Another time
Another time
Another time
Another time
Another time
Another time
Another time
Another time
Another time
Another time
Another time
Another time
Another time
Another time
Another time
Another time
Another time
Another time
Another time
Another time
Another time
Another time
Another time
Another time
Another time
Another time
Another time
Another time
Another time
Another time
Another time
Another time
Another time
Another time
Another time
Another time
Another time
Another time
Another time
Another time
Another time
Another time
Another time
Another time
Another time
Another time
Another time
Another time
Another time
Another time
Another time
Another time
Another time
Another time
Another time
Another time
Another time
Another time
Another time
Another time
Another time
Another time
Another time
Another time
Another time
Another time
Another time
Another time
Another time
Another time
Another time
Another time
Another time
Another time
Another time
Another time
Another time
Another time
Another time
Another time
Another time
Another time
Another time
Another time
Another time
Another time
Another time
Another time
Another time
Another time
Another time
Another time
Another time
Another time
Another time
Another time
Another time
Another time
Another time
Another time
Another time
Another time
Another time
Another time
Another time
Another time
Another time
Another time
Another time
Another time
Another time
Another time
Another time
Another time
Another time
Another time
Another time
Another time
Another time
Another time
Another time
Another time
Another time
Another time
Another time
Another time
Another time
Another time
Another time
Another time
Another time
Another time
Another time
Another time
Another time
Another time
Another time
Another time
Another time
Another time
Another time
Another time
Another time
Another time
Another time
Another time
Another time
Another time
Another time
Another time
Another time
Another time
Another time
Another time
Another time
Another time
Another time
Another time
Another time
Another time
Another time
Another time
Another time
Another time
Another time
Another time
Another time
Another time
Another time
Another time
Another time
Another time
Another time
Another time
Another time
Another time
Another time
Another time
Another time
Another time
Another time
Another time
Another time
Another time
Another time
Another time
Another time
Another time
Another time
Another time
Another time
Another time
Another time
Another time
Another time
Another time
Another time
Another time
Another time
Another time
Another time
Another time
Another time
Another time
Another time
Another time
Another time
Another time
Another time
Another time
Another time
Another time
Another time
Another time
Another time
Another time
Another time
Another time
Another time
Another time
Another time
Another time
Another time
Another time
Another time
Another time
Another time
Another time
Another time
Another time
Another time
Another time
Another time
Another time
Another time
Another time
Another time
Another time
Another time
Another time
Another time
Another time
Another time
Another time
Another time
Another time
Another time
Another time
Another time
Another time
Another time
Another time
Another time
Another time
Another time
Another time
Another time
Another time
Another time
Another time
Another time
Another time
Another time
Another time
Another time
Another time
Another time
Another time
Another time
Another time
Another time
Another time
Another time
Another time
Another time
Another time
Another time
Another time
Another time
Another time
Another time
Another time
Another time
Another time
Another time
Another time
Another time
Another time
Another time
Another time
Another time
Another time
Another time
Another time
Another time
Another time
Another time
Another time
Another time
Another time
Another time
Another time
Another time
Another time
Another time
Another time
Another time
Another time
Another time
Another time
Another time
Another time
Another time
Another time
Another time
Another time
Another time
Another time
Another time
Another time
Another time
Another time
Another time
Another time
Another time
Another time
Another time
Another time
Another time
Another time
Another time
Another time
Another time
Another time
Another time
Another time
Another time
Another time
Another time
Another time
Another time
Another time
Another time
Another time
Another time
Another time
Another time
Another time
Another time
Another time
Another time
Another time
Another time
Another time
Another time
Another time
Another time
Another time
Another time
Another time
Another time
Another time
Another time
Another time
Another time
Another time
Another time
Another time
Another time
Another time
Another time
Another time
Another time
Another time
Another time
Another time
Another time
Another time
Another time
Another time
Another time
Another time
Another time
Another time
Another time
Another time
Another time
Another time
Another time
Another time
Another time
Another time
Another time
Another time
Another time
Another time
Another time
Another time
Another time
Another time
Another time
Another time
Another time
Another time
Another time
Another time
Another time
Another time
Another time
Another time
Another time
Another time
Another time
Another time
Another time
Another time
Another time
Another time
Another time
Another time
Another time
Another time
Another time
Another time
Another time
Another time
Another time
Another time
Another time
Another time
Another time
Another time
Another time
Another time
Another time
Another time
Another time
Another time
Another time
Another time
Another time
Another time
Another time
Another time
Another time
Another time
Another time
Another time
Another time
Another time
Another time
Another time
Another time
Another time
Another time
Another time
Another time
Another time
Another time
Another time
Another time
Another time
Another time
Another time
Another time
Another time
Another time
Another time
Another time
Another time
Another time
Another time
Another time
Another time
Another time
Another time
Another time
Another time
Another time
Another time
Another time
Another time
Another time
Another time
Another time
Another time
Another time
Another time
Another time
Another time
Another time
Another time
Another time
Another time
Another time
Another time
Another time
Another time
Another time
Another time
Another time
Another time
Another time
Another time
Another time
Another time
Another time
Another time
Another time
Another time
Another time
Another time
Another time
Another time
Another time
Another time
Another time
Another time
Another time
Another time
Another time
Another time
Another time
Another time
Another time
Another time
Another time
Another time
Another time
Another time
Another time
Another time
Another time
Another time
Another time
Another time
Another time
Another time
Another time
Another time
Another time
Another time
Another time
Another time
Another time
Another time
Another time
Another time
Another time
Another time
Another time
Another time
Another time
Another time
Another time
Another time
Another time
Another time
Another time
Another time
Another time
Another time
Another time
Another time
Another time
Another time
Another time
Another time
Another time
Another time
Another time
Another time
Another time
Another time
Another time
Another time
Another time
Another time
Another time
Another time
Another time
Another time
Another time
Another time
Another time
Another time
Another time
Another time
Another time
Another time
Another time
Another time
Another time
Another time
Another time
Another time
Another time
Another time
Another time
Another time
Another time
Another time
Another time
Another time
Another time
Another time
Another time
Another time
Another time
Another time
Another time
Another time
Another time
Another time
Another time
Another time
Another time
Another time
Another time
Another time
Another time
Another time
Another time
Another time
Another time
Another time
Another time
Another time
Another time
Another time
Another time
Another time
Another time
Another time
Another time
Another time
Another time
Another time
Another time
Another time
Another time
Another time
Another time
Another time
Another time
Another time
Another time
Another time
Another time
Another time
Another time
Another time
Another time
Another time
Another time
Another time
Another time
Another time
Another time
Another time
Another time
Another time
Another time
Another time
Another time
Another time
Another time
Another time
Another time
Another time
Another time
Another time
Another time
Another time
Another time
Another time
Another time
Another time
Another time
Another time
Another time
Another time
Another time
Another time
Another time
Another time
Another time
Another time
Another time
Another time
Another time
Another time
Another time
Another time
Another time
Another time
Another time
Another time
Another time
Another time
Another time
Another time
Another time
Another time
Another time
Another time
Another time
Another time
Another time
Another time
Another time
Another time
Another time
Another time
Another time
Another time
Another time
Another time
Another time
Another time
Another time
Another time
Another time
Another time
Another time
Another time
Another time
Another time
Another time
Another time
Another time
Another time
Another time
Another time
Another time
Another time
Another time
Another time
Another time
Another time
Another time
Another time
Another time
Another time
Another time
Another time
Another time
Another time
Another time
Another time
Another time
Another time
Another time
Another time
Another time
Another time
Another time
Another time
Another time
Another time
Another time
Another time
Another time
Another time
Another time
Another time
Another time
Another time
Another time
Another time
Another time
Another time
Another time
Another time
Another time
Another time
Another time
Another time
Another time
Another time
Another time
Another time
Another time
Another time
Another time
Another time
Another time
Another time
Another time
Another time
Another time
Another time
Another time
Another time
Another time
Another time
Another time
Another time
Another time
Another time
Another time
Another time
Another time
Another time
Another time
Another time
Another time
Another time
Another time
Another time
Another time
Another time
Another time
Another time
Another time
Another time
Another time
Another time
Another time
Another time
Another time
Another time
Another time
Another time
Another time
Another time
Another time
Another time
Another time
Another time
Another time
Another time
Another time
Another time
Another time
Another time
Another time
Another time
Another time
Another time
Another time
Another time
Another time
Another time
Another time
Another time
Another time
Another time
Another time
Another time
Another time
Another time
Another time
Another time
Another time
Another time
Another time
Another time
Another time
Another time
Another time
Another time
Another time
Another time
Another time
Another time
Another time
Another time
Another time
Another time
Another time
Another time
Another time
Another time
Another time
Another time
Another time
Another time
Another time
Another time
Another time
Another time
Another time
Another time
Another time
Another time
Another time
Another time
Another time
Another time
Another time
Another time
Another time
Another time
Another time
Another time
Another time
Another time
Another time
Another time
Another time
Another time
Another time
Another time
Another time
Another time
Another time
Another time
Another time
Another time
Another time
Another time
Another time
Another time
Another time
Another time
Another time
Another time
Another time
Another time
Another time
Another time
Another time
Another time
Another time
Another time
Another time
Another time
Another time
Another time
Another time
Another time
Another time
Another time
Another time
Another time
Another time
Another time
Another time
Another time
Another time
Another time
Another time
Another time
Another time
Another time
Another time
Another time
Another time
Another time
Another time
Another time
Another time
Another time
Another time
Another time
Another time
Another time
Another time
Another time
Another time
Another time
Another time
Another time
Another time
Another time
Another time
Another time
Another time
Another time
Another time
Another time
Another time
Another time
Another time
Another time
Another time
Another time
Another time
Another time
Another time
Another time
Another time
Another time
Another time
Another time
Another time
Another time
Another time
Another time
Another time
Another time
Another time
Another time
Another time
Another time
Another time
Another time
Another time
Another time
Another time
Another time
Another time
Another time
Another time
Another time
Another time
Another time
Another time
Another time
Another time
Another time
Another time
Another time
Another time
Another time
Another time
Another time
Another time
Another time
Another time
Another time
Another time
Another time
Another time
Another time
Another time
Another time
Another time
Another time
Another time
Another time
Another time
Another time
Another time
Another time
Another time
Another time
Another time
Another time
Another time
Another time
Another time
Another time
Another time
Another time
Another time
Another time
Another time
Another time
Another time
Another time
Another time
Another time
Another time
Another time
Another time
Another time
Another time
Another time
Another time
Another time
Another time
Another time
Another time
Another time
Another time
Another time
Another time
Another time
Another time
Another time
Another time
Another time
Another time
Another time
Another time
Another time
Another time
Another time
Another time
Another time
Another time
Another time
Another time
Another time
Another time
Another time
Another time
Another time
Another time
Another time
Another time
Another time
Another time
Another time
Another time
Another time
Another time
Another time
Another time
Another time
Another time
Another time
Another time
Another time
Another time
Another time
Another time
Another time
Another time
Another time
Another time
Another time
Another time
Another time
Another time
Another time
Another time
Another time
Another time
Another time
Another time
Another time
Another time
Another time
Another time
Another time
Another time
Another time
Another time
Another time
Another time
Another time
Another time
Another time
Another time
Another time
Another time
Another time
Another time
Another time
Another time
Another time
Another time
Another time
Another time
Another time
Another time
Another time
Another time
Another time
Another time
Another time
Another time
Another time
Another time
Another time
Another time
Another time
Another time
Another time
Another time
Another time
Another time
Another time
Another time
Another time
Another time
Another time
Another time
Another time
Another time
Another time
Another time
Another time
Another time
Another time
Another time
Another time
Another time
Another time
Another time
Another time
Another time
Another time
Another time
Another time
Another time
Another time
Another time
Another time
Another time
Another time
Another time
Another time
Another time
Another time
Another time
Another time
Another time
Another time
Another time
Another time
Another time
Another time
Another time
Another time
Another time
Another time
Another time
Another time
Another time
Another time
Another time
Another time
Another time
Another time
Another time
Another time
Another time
Another time
Another time
Another time
Another time
Another time
Another time
Another time
Another time
Another time
Another time
Another time
Another time
Another time
Another time
Another time
Another time
Another time
Another time
Another time
Another time
Another time
Another time
Another time
Another time
Another time
Another time
Another time
Another time
Another time
Another time
Another time
Another time
Another time
Another time
Another time
Another time
Another time
Another time
Another time
Another time
Another time
Another time
Another time
Another time
Another time
Another time
Another time
Another time
Another time
Another time
Another time
Another time
Another time
Another time
Another time
Another time
Another time
Another time
Another time
Another time
Another time
Another time
Another time
Another time
Another time
Another time
Another time
Another time
Another time
Another time
Another time
Another time
Another time
Another time
Another time
Another time
Another time
Another time
Another time
Another time
Another time
Another time
Another time
Another time
Another time
Another time
Another time
Another time
Another time
Another time
Another time
Another time
Another time
Another time
Another time
Another time
Another time
Another time
Another time
Another time
Another time
Another time
Another time
Another time
Another time
Another time
Another time
Another time
Another time
Another time
Another time
Another time
Another time
Another time
Another time
Another time
Another time
Another time
Another time
Another time
Another time
Another time
Another time
Another time
Another time
Another time
Another time
Another time
Another time
Another time
Another time
Another time
Another time
Another time
Another time
Another time
Another time
Another time
Another time
Another time
Another time
Another time
Another time
Another time
Another time
Another time
Another time
Another time
Another time
Another time
Another time
Another time
Another time
Another time
Another time
Another time
Another time
Another time
Another time
Another time
Another time
Another time
Another time
Another time
Another time
Another time
Another time
Another time
Another time
Another time
Another time
Another time
Another time
Another time
Another time
Another time
Another time
Another time
Another time
Another time
Another time
Another time
Another time
Another time
Another time
Another time
Another time
Another time
Another time
Another time
Another time
Another time
Another time
Another time
Another time
Another time
Another time
Another time
Another time
Another time
Another time
Another time
Another time
Another time
Another time
Another time
Another time
Another time
Another time
Another time
Another time
Another time
Another time
Another time
Another time
Another time
Another time
Another time
Another time
Another time
Another time
Another time
Another time
Another time
Another time
Another time
Another time
Another time
Another time
Another time
Another time
Another time
Another time
Another time
Another time
Another time
Another time
Another time
Another time
Another time
Another time
Another time
Another time
Another time
Another time
Another time
Another time
Another time
Another time
Another time
Another time
Another time
Another time
Another time
Another time
Another time
Another time
Another time
Another time
Another time
Another time
Another time
Another time
Another time
Another time
Another time
Another time
Another time
Another time
Another time
Another time
Another time
Another time
Another time
Another time
Another time
Another time
Another time
Another time
Another time
Another time
Another time
Another time
Another time
Another time
Another time
Another time
Another time
Another time
Another time
Another time
Another time
Another time
Another time
Another time
Another time
Another time
Another time
Another time
Another time
Another time
Another time
Another time
Another time
Another time
Another time
Another time
Another time
Another time
Another time
Another time
Another time
Another time
Another time
Another time
Another time
Another time
Another time
Another time
Another time
Another time
Another time
Another time
Another time
Another time
Another time
Another time
Another time
Another time
Another time
Another time
Another time
Another time
Another time
Another time
Another time
Another time
Another time
Another time
Another time
Another time
Another time
Another time
Another time
Another time
Another time
Another time
Another time
Another time
Another time
Another time
Another time
Another time
Another time
Another time
Another time
Another time
Another time
Another time
Another time
Another time
Another time
Another time
Another time
Another time
Another time
Another time
Another time
Another time
Another time
Another time
Another time
Another time
Another time
Another time
Another time
Another time
Another time
Another time
Another time
Another time
Another time
Another time
Another time
Another time
Another time
Another time
Another time
Another time
Another time
Another time
Another time
Another time
Another time
Another time
Another time
Another time
Another time
Another time
Another time
Another time
Another time
Another time
Another time
Another time
Another time
Another time
Another time
Another time
Another time
Another time
Another time
Another time
Another time
Another time
Another time
Another time
Another time
Another time
Another time
Another time
Another time
Another time
Another time
Another time
Another time
Another time
Another time
Another time
Another time
Another time
Another time
Another time
Another time
Another time
Another time
Another time
Another time
Another time
Another time
Another time
Another time
Another time
Another time
Another time
Another time
Another time
Another time
Another time
Another time
Another time
Another time
Another time
Another time
Another time
Another time
Another time
Another time
Another time
Another time
Another time
Another time
Another time
Another time
Another time
Another time
Another time
Another time
Another time
Another time
Another time
Another time
Another time
Another time
Another time
Another time
Another time
Another time
Another time
Another time
Another time
Another time
Another time
Another time
Another time
Another time
Another time
Another time
Another time
Another time
Another time
Another time
Another time
Another time
Another time
Another time
Another time
Another time
Another time
Another time
Another time
Another time
Another time
Another time
Another time
Another time
Another time
Another time
Another time
Another time
Another time
Another time
Another time
Another time
Another time
Another time
Another time
Another time
Another time
Another time
Another time
Another time
Another time
Another time
Another time
Another time
Another time
Another time
Another time
Another time
Another time
Another time
Another time
Another time
Another time
Another time
Another time
Another time
Another time
Another time
Another time
Another time
Another time
Another time
Another time
Another time
Another time
Another time
Another time
Another time
Another time
Another time
Another time
Another time
Another time
Another time
Another time
Another time
Another time
Another time
Another time
Another time
Another time
Another time
Another time
Another time
Another time
Another time
Another time
Another time
Another time
Another time
Another time
Another time
Another time
Another time
Another time
Another time
Another time
Another time
Another time
Another time
Another time
Another time
Another time
Another time
Another time
Another time
Another time
Another time
Another time
Another time
Another time
Another time
Another time
Another time
Another time
Another time
Another time
Another time
Another time
Another time
Another time
Another time
Another time
Another time
Another time
Another time
Another time
Another time
Another time
Another time
Another time
Another time
Another time
Another time
Another time
Another time
Another time
Another time
Another time
Another time
Another time
Another time
Another time
Another time
Another time
Another time
Another time
Another time
Another time
Another time
Another time
Another time
Another time
Another time
Another time
Another time
Another time
Another time
Another time
Another time
Another time
Another time
Another time
Another time
Another time
Another time
Another time
Another time
Another time
Another time
Another time
Another time
Another time
Another time
Another time
Another time
Another time
Another time
Another time
Another time
Another time
Another time
Another time
Another time
Another time
Another time
Another time
Another time
Another time
Another time
Another time
Another time
Another time
Another time
Another time
Another time
Another time
Another time
Another time
Another time
Another time
Another time
Another time
Another time
Another time
Another time
Another time
Another time
Another time
Another time
Another time
Another time
Another time
Another time
Another time
Another time
Another time
Another time
Another time
Another time
Another time
Another time
Another time
Another time
Another time
Another time
Another time
Another time
Another time
Another time
Another time
Another time
Another time
Another time
Another time
Another time
Another time
Another time
Another time
Another time
Another time
Another time
Another time
Another time
Another time
Another time
Another time
Another time
Another time
Another time
Another time
Another time
Another time
Another time
Another time
Another time
Another time
Another time
Another time
Another time
Another time
Another time
Another time
Another time
Another time
Another time
Another time
Another time
Another time
Another time
Another time
Another time
Another time
Another time
Another time
Another time
Another time
Another time
Another time
Another time
Another time
Another time
Another time
Another time
Another time
Another time
Another time
Another time
Another time
Another time
Another time
Another time
Another time
Another time
Another time
Another time
Another time
Another time
Another time
Another time
Another time
Another time
Another time
Another time
Another time
Another time
Another time
Another time
Another time
Another time
Another time
Another time
Another time
Another time
Another time
Another time
Another time
Another time
Another time
Another time
Another time
Another time
Another time
Another time
Another time
Another time
Another time
Another time
Another time
Another time
Another time
Another time
Another time
Another time
Another time
Another time
Another time
Another time
Another time
Another time
Another time
Another time
Another time
Another time
Another time
Another time
Another time
Another time
Another time
Another time
Another time
Another time
Another time
Another time
Another time
Another time
Another time
Another time
Another time
Another time
Another time
Another time
Another time
Another time
Another time
Another time
Another time
Another time
Another time
Another time
Another time
Another time
Another time
Another time
Another time
Another time
Another time
Another time
Another time
Another time
Another time
Another time
Another time
Another time
Another time
Another time
Another time
Another time
Another time
Another time
Another time
Another time
Another time
Another time
Another time
Another time
Another time
Another time
Another time
Another time
Another time
Another time
Another time
Another time
Another time
Another time
Another time
Another time
Another time
Another time
Another time
Another time
Another time
Another time
Another time
Another time
Another time
Another time
Another time
Another time
Another time
Another time
Another time
Another time
Another time
Another time
Another time
Another time
Another time
Another time
Another time
Another time
Another time
Another time
Another time
Another time
Another time
Another time
Another time
Another time
Another time
Another time
Another time
Another time
Another time
Another time
Another time
Another time
Another time
Another time
Another time
Another time
Another time
Another time
Another time
Another time
Another time
Another time
Another time
Another time
Another time
Another time
Another time
Another time
Another time
Another time
Another time
Another time
Another time
Another time
Another time
Another time
Another time
Another time
Another time
Another time
Another time
Another time
Another time
Another time
Another time
Another time
Another time
Another time
Another time
Another time
Another time
Another time
Another time
Another time
Another time
Another time
Another time
Another time
Another time
Another time
Another time
Another time
Another time
Another time
Another time
Another time
Another time
Another time
Another time
Another time
Another time
Another time
Another time
Another time
Another time
Another time
Another time
Another time
Another time
Another time
Another time
Another time
Another time
Another time
Another time
Another time
Another time
Another time
Another time
Another time
Another time
Another time
Another time
Another time
Another time
Another time
Another time
Another time
Another time
Another time
Another time
Another time
Another time
Another time
Another time
Another time
Another time
Another time
Another time
Another time
Another time
Another time
Another time
Another time
Another time
Another time
Another time
Another time
Another time
Another time
Another time
Another time
Another time
Another time
Another time
Another time
Another time
Another time
Another time
Another time
Another time
Another time
Another time
Another time
Another time
Another time
Another time
Another time
Another time
Another time
Another time
Another time
Another time
Another time
Another time
Another time
Another time
Another time
Another time
Another time
Another time
Another time
Another time
Another time
Another time
Another time
Another time
Another time
Another time
Another time
Another time
Another time
Another time
Another time
Another time
Another time
Another time
Another time
Another time
Another time
Another time
Another time
Another time
Another time
Another time
Another time
Another time
Another time
Another time
Another time
Another time
Another time
Another time
Another time
Another time
Another time
Another time
Another time
Another time
Another time
Another time
Another time
Another time
Another time
Another time
Another time
Another time
Another time
Another time
Another time
Another time
Another time
Another time
Another time
Another time
Another time
Another time
Another time
Another time
Another time
Another time
Another time
Another time
Another time
Another time
Another time
Another time
Another time
Another time
Another time
Another time
Another time
Another time
Another time
Another time
Another time
Another time
Another time
Another time
Another time
Another time
Another time
Another time
Another time
Another time
Another time
Another time
Another time
Another time
Another time
Another time
Another time
Another time
Another time
Another time
Another time
Another time
Another time
Another time
Another time
Another time
Another time
Another time
Another time
Another time
Another time
Another time
Another time
Another time
Another time
Another time
Another time
Another time
Another time
Another time
Another time
Another time
Another time
Another time
Another time
Another time
Another time
Another time
Another time
Another time
Another time
Another time
Another time
Another time
Another time
Another time
Another time
Another time
Another time
Another time
Another time
Another time
Another time
Another time
Another time
Another time
Another time
Another time
Another time
Another time
Another time
Another time
Another time
Another time
Another time
Another time
Another time
Another time
Another time
Another time
Another time
Another time
Another time
Another time
Another time
Another time
Another time
Another time
Another time
Another time
Another time
Another time
Another time
Another time
Another time
Another time
Another time
Another time
Another time
Another time
Another time
Another time
Another time
Another time
Another time
Another time
Another time
Another time
Another time
Another time
Another time
Another time
Another time
Another time
Another time
Another time
Another time
Another time
Another time
Another time
Another time
Another time
Another time
Another time
Another time
Another time
Another time
Another time
Another time
Another time
Another time
Another time
Another time
Another time
Another time
Another time
Another time
Another time
Another time
Another time
Another time
Another time
Another time
Another time
Another time
Another time
Another time
Another time
Another time
Another time
Another time
Another time
Another time
Another time
Another time
Another time
Another time
Another time
Another time
Another time
Another time
Another time
Another time
Another time
Another time
Another time
Another time
Another time
Another time
Another time
Another time
Another time
Another time
Another time
Another time
Another time
Another time
Another time
Another time
Another time
Another time
Another time
Another time
Another time
Another time
Another time
Another time
Another time
Another time
Another time
Another time
Another time
Another time
Another time
Another time
Another time
Another time
Another time
Another time
Another time
Another time
Another time
Another time
Another time
Another time
Another time
Another time
Another time
Another time
Another time
Another time
Another time
Another time
Another time
Another time
Another time
Another time
Another time
Another time
Another time
Another time
Another time
Another time
Another time
Another time
Another time
Another time
Another time
Another time
Another time
Another time
Another time
Another time
Another time
Another time
Another time
Another time
Another time
Another time
Another time
Another time
Another time
Another time
Another time
Another time
Another time
Another time
Another time
Another time
Another time
Another time
Another time
Another time
Another time
Another time
Another time
Another time
Another time
Another time
Another time
Another time
Another time
Another time
Another time
Another time
Another time
Another time
Another time
Another time
Another time
Another time
Another time
Another time
Another time
Another time
Another time
Another time
Another time
Another time
Another time
Another time
Another time
Another time
Another time
Another time
Another time
Another time
Another time
Another time
Another time
Another time
Another time
Another time
Another time
Another time
Another time
Another time
Another time
Another time
Another time
Another time
Another time
Another time
Another time
Another time
Another time
Another time
Another time
Another time
Another time
Another time
Another time
Another time
Another time
Another time
Another time
Another time
Another time
Another time
Another time
Another time
Another time
Another time
Another time
Another time
Another time
Another time
Another time
Another time
Another time
Another time
Another time
Another time
Another time
Another time
Another time
Another time
Another time
Another time
Another time
Another time
Another time
Another time
Another time
Another time
Another time
Another time
Another time
Another time
Another time
Another time
Another time
Another time
Another time
Another time
Another time
Another time
Another time
Another time
Another time
Another time
Another time
Another time
Another time
Another time
Another time
Another time
Another time
Another time
Another time
Another time
Another time
Another time
Another time
Another time
Another time
Another time
Another time
Another time
Another time
Another time
Another time
Another time
Another time
Another time
Another time
Another time
Another time
Another time
Another time
Another time
Another time
Another time
Another time
Another time
Another time
Another time
Another time
Another time
Another time
Another time
Another time
Another time
Another time
Another time
Another time
Another time
Another time
Another time
Another time
Another time
Another time
Another time
Another time
Another time
Another time
Another time
Another time
Another time
Another time
Another time
Another time
Another time
Another time
Another time
Another time
Another time
Another time
Another time
Another time
Another time
Another time
Another time
Another time
Another time
Another time
Another time
Another time
Another time
Another time
Another time
Another time
Another time
Another time
Another time
Another time
Another time
Another time
Another time
Another time
Another time
Another time
Another time
Another time
Another time
Another time
Another time
Another time
Another time
Another time
Another time
Another time
Another time
Another time
Another time
Another time
Another time
Another time
Another time
Another time
Another time
Another time
Another time
Another time
Another time
Another time
Another time
Another time
Another time
Another time
Another time
Another time
Another time
Another time
Another time
Another time
Another time
Another time
Another time
Another time
Another time
Another time
Another time
Another time
Another time
Another time
Another time
Another time
Another time
Another time
Another time
Another time
Another time
Another time
Another time
Another time
Another time
Another time
Another time
Another time
Another time
Another time
Another time
Another time
Another time
Another time
Another time
Another time
Another time
Another time
Another time
Another time
Another time
Another time
Another time
Another time
Another time
Another time
Another time
Another time
Another time
Another time
Another time
Another time
Another time
Another time
Another time
Another time
Another time
Another time
Another time
Another time
Another time
Another time
Another time
Another time
Another time
Another time
Another time
Another time
Another time
Another time
Another time
Another time
Another time
Another time
Another time
Another time
Another time
Another time
Another time
Another time
Another time
Another time
Another time
Another time
Another time
Another time
Another time
Another time
Another time
Another time
Another time
Another time
Another time
Another time
Another time
Another time
Another time
Another time
Another time
Another time
Another time
Another time
Another time
Another time
Another time
Another time
Another time
Another time
Another time
Another time
Another time
Another time
Another time
Another time
Another time
Another time
Another time
Another time
Another time
Another time
Another time
Another time
Another time
Another time
Another time
Another time
Another time
Another time
Another time
Another time
Another time
Another time
Another time
Another time
Another time
Another time
Another time
Another time
Another time
Another time
Another time
Another time
Another time
Another time
Another time
Another time
Another time
Another time
Another time
Another time
Another time
Another time
Another time
Another time
Another time
Another time
Another time
Another time
Another time
Another time
Another time
Another time
Another time
Another time
Another time
Another time
Another time
Another time
Another time
Another time
Another time
Another time
Another time
Another time
Another time
Another time
Another time
Another time
Another time
Another time
Another time
Another time
Another time
Another time
Another time
Another time
Another time
Another time
Another time
Another time
Another time
Another time
Another time
Another time
Another time
Another time
Another time
Another time
Another time
Another time
Another time
Another time
Another time
Another time
Another time
Another time
Another time
Another time
Another time
Another time
Another time
Another time
Another time
Another time
Another time
Another time
Another time
Another time
Another time
Another time
Another time
Another time
Another time
Another time
Another time
Another time
Another time
Another time
Another time
Another time
Another time
Another time
Another time
Another time
Another time
Another time
Another time
Another time
Another time
Another time
Another time
Another time
Another time
Another time
Another time
Another time
Another time
Another time
Another time
Another time
Another time
Another time
Another time
Another time
Another time
Another time
Another time
Another time
Another time
Another time
Another time
Another time
Another time
Another time
Another time
Another time
Another time
Another time
Another time
Another time
Another time
Another time
Another time
Another time
Another time
Another time
Another time
Another time
Another time
Another time
Another time
Another time
Another time
Another time
Another time
Another time
Another time
Another time
Another time
Another time
Another time
Another time
Another time
Another time
Another time
Another time
Another time
Another time
Another time
Another time
Another time
Another time
Another time
Another time
Another time
Another time
Another time
Another time
Another time
Another time
Another time
Another time
Another time
Another time
Another time
Another time
Another time
Another time
Another time
Another time
Another time
Another time
Another time
Another time
Another time
Another time
Another time
Another time
Another time
Another time
Another time
Another time
Another time
Another time
Another time
Another time
Another time
Another time
Another time
Another time
Another time
Another time
Another time
Another time
Another time
Another time
Another time
Another time
Another time
Another time
Another time
Another time
Another time
Another time
Another time
Another time
Another time
Another time
Another time
Another time
Another time
Another time
Another time
Another time
Another time
Another time
Another time
Another time
Another time
Another time
Another time
Another time
Another time
Another time
Another time
Another time
Another time
Another time
Another time
Another time
Another time
Another time
Another time
Another time
Another time
Another time
Another time
Another time
Another time
Another time
Another time
Another time
Another time
Another time
Another time
Another time
Another time
Another time
Another time
Another time
Another time
Another time
Another time
Another time
Another time
Another time
Another time
Another time
Another time
Another time
Another time
Another time
Another time
Another time
Another time
Another time
Another time
Another time
Another time
Another time
Another time
Another time
Another time
Another time
Another time
Another time
Another time
Another time
Another time
Another time
Another time
Another time
Another time
Another time
Another time
Another time
Another time
Another time
Another time
Another time
Another time
Another time
Another time
Another time
Another time
Another time
Another time
Another time
Another time
Another time
Another time
Another time
Another time
Another time
Another time
Another time
Another time
Another time
Another time
Another time
Another time
Another time
Another time
Another time
Another time
Another time
Another time
Another time
Another time
Another time
Another time
Another time
Another time
Another time
Another time
Another time
Another time
Another time
Another time
Another time
Another time
Another time
Another time
Another time
Another time
Another time
Another time
Another time
Another time
Another time
Another time
Another time
Another time
Another time
Another time
Another time
Another time
Another time
Another time
Another time
Another time
Another time
Another time
Another time
Another time
Another time
Another time
Another time
Another time
Another time
Another time
Another time
Another time
Another time
Another time
Another time
Another time
Another time
Another time
Another time
Another time
Another time
Another time
Another time
Another time
Another time
Another time
Another time
Another time
Another time
Another time
Another time
Another time
Another time
Another time
Another time
Another time
Another time
Another time
Another time
Another time
Another time
Another time
Another time
Another time
Another time
Another time
Another time
Another time
Another time
Another time
Another time
Another time
Another time
Another time
Another time
Another time
Another time
Another time
Another time
Another time
Another time
Another time
Another time
Another time
Another time
Another time
Another time
Another time
Another time
Another time
Another time
Another time
Another time
Another time
Another time
Another time
Another time
Another time
Another time
Another time
Another time
Another time
Another time
Another time
Another time
Another time
Another time
Another time
Another time
Another time
Another time
Another time
Another time
Another time
Another time
Another time
Another time
Another time
Another time
Another time
Another time
Another time
Another time
Another time
Another time
Another time
Another time
Another time
Another time
Another time
Another time
Another time
Another time
Another time
Another time
Another time
Another time
Another time
Another time
Another time
Another time
Another time
Another time
Another time
Another time
Another time
Another time
Another time
Another time
Another time
Another time
Another time
Another time
Another time
Another time
Another time
Another time
Another time
Another time
Another time
Another time
Another time
Another time
Another time
Another time
Another time
Another time
Another time
Another time
Another time
Another time
Another time
Another time
Another time
Another time
Another time
Another time
Another time
Another time
Another time
Another time
Another time
Another time
Another time
Another time
Another time
Another time
Another time
Another time
Another time
Another time
Another time
Another time
Another time
Another time
Another time
Another time
Another time
Another time
Another time
Another time
Another time
Another time
Another time
Another time
Another time
Another time
Another time
Another time
Another time
Another time
Another time
Another time
Another time
Another time
Another time
Another time
Another time
Another time
Another time
Another time
Another time
Another time
Another time
Another time
Another time
Another time
Another time
Another time
Another time
Another time
Another time
Another time
Another time
Another time
Another time
Another time
Another time
Another time
Another time
Another time
Another time
Another time
Another time
Another time
Another time
Another time
Another time
Another time
Another time
Another time
Another time
Another time
Another time
Another time
Another time
Another time
Another time
Another time
Another time
Another time
Another time
Another time
Another time
Another time
Another time
Another time
Another time
Another time
Another time
Another time
Another time
Another time
Another time
Another time
Another time
Another time
Another time
Another time
Another time
Another time
Another time
Another time
Another time
Another time
Another time
Another time
Another time
Another time
Another time
Another time
Another time
Another time
Another time
Another time
Another time
Another time
Another time
Another time
Another time
Another time
Another time
Another time
Another time
Another time
Another time
Another time
Another time
Another time
Another time
Another time
Another time
Another time
Another time
Another time
Another time
Another time
Another time
Another time
Another time
Another time
Another time
Another time
Another time
Another time
Another time
Another time
Another time
Another time
Another time
Another time
Another time
Another time
Another time
Another time
Another time
Another time
Another time
Another time
Another time
Another time
Another time
Another time
Another time
Another time
Another time
Another time
Another time
Another time
Another time
Another time
Another time
Another time
Another time
Another time
Another time
Another time
Another time
Another time
Another time
Another time
Another time
Another time
Another time
Another time
Another time
Another time
Another time
Another time
Another time
Another time
Another time
Another time
Another time
Another time
Another time
Another time
Another time
Another time
Another time
Another time
Another time
Another time
Another time
Another time
Another time
Another time
Another time
Another time
Another time
Another time
Another time
Another time
Another time
Another time
Another time
Another time
Another time
Another time
Another time
Another time
Another time
Another time
Another time
Another time
Another time
Another time
Another time
Another time
Another time
Another time
Another time
Another time
Another time
Another time
Another time
Another time
Another time
Another time
Another time
Another time
Another time
Another time
Another time
Another time
Another time
Another time
Another time
Another time
Another time
Another time
Another time
Another time
Another time
Another time
Another time
Another time
Another time
Another time
Another time
Another time
Another time
Another time
Another time
Another time
Another time
Another time
Another time
Another time
Another time
Another time
Another time
Another time
Another time
Another time
Another time
Another time
Another time
Another time
Another time
Another time
Another time
Another time
Another time
Another time
Another time
Another time
Another time
Another time
Another time
Another time
Another time
Another time
Another time
Another time
Another time
Another time
Another time
Another time
Another time
Another time
Another time
Another time
Another time
Another time
Another time
Another time
Another time
Another time
Another time
Another time
Another time
Another time
Another time
Another time
Another time
Another time
Another time
Another time
Another time
Another time
Another time
Another time
Another time
Another time
Another time
Another time
Another time
Another time
Another time
Another time
Another time
Another time
Another time
Another time
Another time
Another time
Another time
Another time
Another time
Another time
Another time
Another time
Another time
Another time
Another time
Another time
Another time
Another time
Another time
Another time
Another time
Another time
Another time
Another time
Another time
Another time
Another time
Another time
Another time
Another time
Another time
Another time
Another time
Another time
Another time
Another time
Another time
Another time
Another time
Another time
Another time
Another time
Another time
Another time
Another time
Another time
Another time
Another time
Another time
Another time
Another time
Another time
Another time
Another time
Another time
Another time
Another time
Another time
Another time
Another time
Another time
Another time
Another time
Another time
Another time
Another time
Another time
Another time
Another time
Another time
Another time
Another time
Another time
Another time
Another time
Another time
Another time
Another time
Another time
Another time
Another time
Another time
Another time
Another time
Another time
Another time
Another time
Another time
Another time
Another time
Another time
Another time
Another time
Another time
Another time
Another time
Another time
Another time
Another time
Another time
Another time
Another time
Another time
Another time
Another time
Another time
Another time
Another time
Another time
Another time
Another time
Another time
Another time
Another time
Another time
Another time
Another time
Another time
Another time
Another time
Another time
Another time
Another time
Another time
Another time
Another time
Another time
Another time
Another time
Another time
Another time
Another time
Another time
Another time
Another time
Another time
Another time
Another time
Another time
Another time
Another time
Another time
Another time
Another time
Another time
Another time
Another time
Another time
Another time
Another time
Another time
Another time
Another time
Another time
Another time
Another time
Another time
Another time
Another time
Another time
Another time
Another time
Another time
Another time
Another time
Another time
Another time
Another time
Another time
Another time
Another time
Another time
Another time
Another time
Another time
Another time
Another time
Another time
Another time
Another time
Another time
Another time
Another time
Another time
Another time
Another time
Another time
Another time
Another time
Another time
Another time
Another time
Another time
Another time
Another time
Another time
Another time
Another time
Another time
Another time
Another time
Another time
Another time
Another time
Another time
Another time
Another time
Another time
Another time
Another time
Another time
Another time
Another time
Another time
Another time
Another time
Another time
Another time
Another time
Another time
Another time
Another time
Another time
Another time
Another time
Another time
Another time
Another time
Another time
Another time
Another time
Another time
Another time
Another time
Another time
Another time
Another time
Another time
Another time
Another time
Another time
Another time
Another time
Another time
Another time
Another time
Another time
Another time
Another time
Another time
Another time
Another time
Another time
Another time
Another time
Another time
Another time
Another time
Another time
Another time
Another time
Another time
Another time
Another time
Another time
Another time
Another time
Another time
Another time
Another time
Another time
Another time
Another time
Another time
Another time
Another time
Another time
Another time
Another time
Another time
Another time
Another time
Another time
Another time
Another time
Another time
Another time
Another time
Another time
Another time
Another time
Another time
Another time
Another time
Another time
Another time
Another time
Another time
Another time
Another time
Another time
Another time
Another time
Another time
Another time
Another time
Another time
Another time
Another time
Another time
Another time
Another time
Another time
Another time
Another time
Another time
Another time
Another time
Another time
Another time
Another time
Another time
Another time
Another time
Another time
Another time
Another time
Another time
Another time
Another time
Another time
Another time
Another time
Another time
Another time
Another time
Another time
Another time
Another time
Another time
Another time
Another time
Another time
Another time
Another time
Another time
Another time
Another time
Another time
Another time
Another time
Another time
Another time
Another time
Another time
Another time
Another time
Another time
Another time
Another time
Another time
Another time
Another time
Another time
Another time
Another time
Another time
Another time
Another time
Another time
Another time
Another time
Another time
Another time
Another time
Another time
Another time
Another time
Another time
Another time
Another time
Another time
Another time
Another time
Another time
Another time
Another time
Another time
Another time
Another time
Another time
Another time
Another time
Another time
Another time
Another time
Another time
Another time
Another time
Another time
Another time
Another time
Another time
Another time
Another time
Another time
Another time
Another time
Another time
Another time
Another time
Another time
Another time
Another time
Another time
Another time
Another time
Another time
Another time
Another time
Another time
Another time
Another time
Another time
Another time
Another time
Another time
Another time
Another time
Another time
Another time
Another time
Another time
Another time
Another time
Another time
Another time
Another time
Another time
Another time
Another time
Another time
Another time
Another time
Another time
Another time
Another time
Another time
Another time
Another time
Another time
Another time
Another time
Another time
Another time
Another time
Another time
Another time
Another time
Another time
Another time
Another time
Another time
Another time
Another time
Another time
Another time
Another time
Another time
Another time
Another time
Another time
Another time
Another time
Another time
Another time
Another time
Another time
Another time
Another time
Another time
Another time
Another time
Another time
Another time
Another time
Another time
Another time
Another time
Another time
Another time
Another time
Another time
Another time
Another time
Another time
Another time
Another time
Another time
Another time
Another time
Another time
Another time
Another time
Another time
Another time
Another time
Another time
Another time
Another time
Another time
Another time
Another time
Another time
Another time
Another time
Another time
Another time
Another time
Another time
Another time
Another time
Another time
Another time
Another time
Another time
Another time
Another time
Another time
Another time
Another time
Another time
Another time
Another time
Another time
Another time
Another time
Another time
Another time
Another time
Another time
Another time
Another time
Another time
Another time
Another time
Another time
Another time
Another time
Another time
Another time
Another time
Another time
Another time
Another time
Another time
Another time
Another time
Another time
Another time
Another time
Another time
Another time
Another time
Another time
Another time
Another time
Another time
Another time
Another time
Another time
Another time
Another time
Another time
Another time
Another time
Another time
Another time
Another time
Another time
Another time
Another time
Another time
Another time
Another time
Another time
Another time
Another time
Another time
Another time
Another time
Another time
Another time
Another time
Another time
Another time
Another time
Another time
Another time
Another time
Another time
Another time
Another time
Another time
Another time
Another time
Another time
Another time
Another time
Another time
Another time
Another time
Another time
Another time
Another time
Another time
Another time
Another time
Another time
Another time
Another time
Another time
Another time
Another time
Another time
Another time
Another time
Another time
Another time
Another time
Another time
Another time
Another time
Another time
Another time
Another time
Another time
Another time
Another time
Another time
Another time
Another time
Another time
Another time
Another time
Another time
Another time
Another time
Another time
Another time
Another time
Another time
Another time
Another time
Another time
Another time
Another time
Another time
Another time
Another time
Another time
Another time
Another time
Another time
Another time
Another time
Another time
Another time
Another time
Another time
Another time
Another time
Another time
Another time
Another time
Another time
Another time
Another time
Another time
Another time
Another time
Another time
Another time
Another time
Another time
Another time
Another time
Another time
Another time
Another time
Another time
Another time
Another time
Another time
Another time
Another time
Another time
Another time
Another time
Another time
Another time
Another time
Another time
Another time
Another time
Another time
Another time
Another time
Another time
Another time
Another time
Another time
Another time
Another time
Another time
Another time
Another time
Another time
Another time
Another time
Another time
Another time
Another time
Another time
Another time
Another time
Another time
Another time
Another time
Another time
Another time
Another time
Another time
Another time
Another time
Another time
Another time
Another time
Another time
Another time
Another time
Another time
Another time
Another time
Another time
Another time
Another time
Another time
Another time
Another time
Another time
Another time
Another time
Another time
Another time
Another time
Another time
Another time
Another time
Another time
Another time
Another time
Another time
Another time
Another time
Another time
Another time
Another time
Another time
Another time
Another time
Another time
Another time
Another time
Another time
Another time
Another time
Another time
Another time
Another time
Another time
Another time
Another time
Another time
Another time
Another time
Another time
Another time
Another time
Another time
Another time
Another time
Another time
Another time
Another time
Another time
Another time
Another time
Another time
Another time
Another time
Another time
Another time
Another time
Another time
Another time
Another time
Another time
Another time
Another time
Another time
Another time
Another time
Another time
Another time
Another time
Another time
Another time
Another time
Another time
Another time
Another time
Another time
Another time
Another time
Another time
Another time
Another time
Another time
Another time
Another time
Another time
Another time
Another time
Another time
Another time
Another time
Another time
Another time
Another time
Another time
Another time
Another time
Another time
Another time
Another time
Another time
Another time
Another time
Another time
Another time
Another time
Another time
Another time
Another time
Another time
Another time
Another time
Another time
Another time
Another time
Another time
Another time
Another time
Another time
Another time
Another time
Another time
Another time
Another time
Another time
Another time
Another time
Another time
Another time
Another time
Another time
Another time
Another time
Another time
Another time
Another time
Another time
Another time
Another time
Another time
Another time
Another time
Another time
Another time
Another time
Another time
Another time
Another time
Another time
Another time
Another time
Another time
Another time
Another time
Another time
Another time
Another time
Another time
Another time
Another time
Another time
Another time
Another time
Another time
Another time
Another time
Another time
Another time
Another time
Another time
Another time
Another time
Another time
Another time
Another time
Another time
Another time
Another time
Another time
Another time
Another time
Another time
Another time
Another time
Another time
Another time
Another time
Another time
Another time
Another time
Another time
Another time
Another time
Another time
Another time
Another time
Another time
Another time
Another time
Another time
Another time
Another time
Another time
Another time
Another time
Another time
Another time
Another time
Another time
Another time
Another time
Another time
Another time
Another time
Another time
Another time
Another time
Another time
Another time
Another time
Another time
Another time
Another time
Another time
Another time
Another time
Another time
Another time
Another time
Another time
Another time
Another time
Another time
Another time
Another time
Another time
Another time
Another time
Another time
Another time
Another time
Another time
Another time
Another time
Another time
Another time
Another time
Another time
Another time
Another time
Another time
Another time
Another time
Another time
Another time
Another time
Another time
Another time
Another time
Another time
Another time
Another time
Another time
Another time
Another time
Another time
Another time
Another time
Another time
Another time
Another time
Another time
Another time
Another time
Another time
Another time
Another time
Another time
Another time
Another time
Another time
Another time
Another time
Another time
Another time
Another time
Another time
Another time
Another time
Another time
Another time
Another time
Another time
Another time
Another time
Another time
Another time
Another time
Another time
Another time
Another time
Another time
Another time
Another time
Another time
Another time
Another time
Another time
Another time
Another time
Another time
Another time
Another time
Another time
Another time
Another time
Another time
Another time
Another time
Another time
Another time
Another time
Another time
Another time
Another time
Another time
Another time
Another time
Another time
Another time
Another time
Another time
Another time
Another time
Another time
Another time
Another time
Another time
Another time
Another time
Another time
Another time
Another time
Another time
Another time
Another time
Another time
Another time
Another time
Another time
Another time
Another time
Another time
Another time
Another time
Another time
Another time
Another time
Another time
Another time
Another time
Another time
Another time
Another time
Another time
Another time
Another time
Another time
Another time
Another time
Another time
Another time
Another time
Another time
Another time
Another time
Another time
Another time
Another time
Another time
Another time
Another time
Another time
Another time
Another time
Another time
Another time
Another time
Another time
Another time
Another time
Another time
Another time
Another time
Another time
Another time
Another time
Another time
Another time
Another time
Another time
Another time
Another time
Another time
Another time
Another time
Another time
Another time
Another time
Another time
Another time
Another time
Another time
Another time
Another time
Another time
Another time
Another time
Another time
Another time
Another time
Another time
Another time
Another time
Another time
Another time
Another time
Another time
Another time
Another time
Another time
Another time
Another time
Another time
Another time
Another time
Another time
Another time
Another time
Another time
Another time
Another time
Another time
Another time
Another time
Another time
Another time
Another time
Another time
Another time
Another time
Another time
Another time
Another time
Another time
Another time
Another time
Another time
Another time
Another time
Another time
Another time
Another time
Another time
Another time
Another time
Another time
Another time
Another time
Another time
Another time
Another time
Another time
Another time
Another time
Another time
Another time
Another time
Another time
Another time
Another time
Another time
Another time
Another time
Another time
Another time
Another time
Another time
Another time
Another time
Another time
Another time
Another time
Another time
Another time
Another time
Another time
Another time
Another time
Another time
Another time
Another time
Another time
Another time
Another time
Another time
Another time
Another time
Another time
Another time
Another time
Another time
Another time
Another time
Another time
Another time
Another time
Another time
Another time
Another time
Another time
Another time
Another time
Another time
Another time
Another time
Another time
Another time
Another time
Another time
Another time
Another time
Another time
Another time
Another time
Another time
Another time
Another time
Another time
Another time
Another time
Another time
Another time
Another time
Another time
Another time
Another time
Another time
Another time
Another time
Another time
Another time
Another time
Another time
Another time
Another time
Another time
Another time
Another time
Another time
Another time
Another time
Another time
Another time
Another time
Another time
Another time
Another time
Another time
Another time
Another time
Another time
Another time
Another time
Another time
Another time
Another time
Another time
Another time
Another time
Another time
Another time
Another time
Another time
Another time
Another time
Another time
Another time
Another time
Another time
Another time
Another time
Another time
Another time
Another time
Another time
Another time
Another time
Another time
Another time
Another time
Another time
Another time
Another time
Another time
Another time
Another time
Another time
Another time
Another time
Another time
Another time
Another time
Another time
Another time
Another time
Another time
Another time
Another time
Another time
Another time
Another time
Another time
Another time
Another time
Another time
Another time
Another time
Another time
Another time
Another time
Another time
Another time
Another time
Another time
Another time
Another time
Another time
Another time
Another time
Another time
Another time
Another time
Another time
Another time
Another time
Another time
Another time
Another time
Another time
Another time
Another time
Another time
Another time
Another time
Another time
Another time
Another time
Another time
Another time
Another time
Another time
Another time
Another time
Another time
Another time
Another time
Another time
Another time
Another time
Another time
Another time
Another time
Another time
Another time
Another time
Another time
Another time
Another time
Another time
Another time
Another time
Another time
Another time
Another time
Another time
Another time
Another time
Another time
Another time
Another time
Another time
Another time
Another time
Another time
Another time
Another time
Another time
Another time
Another time
Another time
Another time
Another time
Another time
Another time
Another time
Another time
Another time
Another time
Another time
Another time
Another time
Another time
Another time
Another time
Another time
Another time
Another time
Another time
Another time
Another time
Another time
Another time
Another time
Another time
Another time
Another time
Another time
Another time
Another time
Another time
Another time
Another time
Another time
Another time
Another time
Another time
Another time
Another time
Another time
Another time
Another time
Another time
Another time
Another time
Another time
Another time
Another time
Another time
Another time
Another time
Another time
Another time
Another time
Another time
Another time
Another time
Another time
Another time
Another time
Another time
Another time
Another time
Another time
Another time
Another time
Another time
Another time
Another time
Another time
Another time
Another time
Another time
Another time
Another time
Another time
Another time
Another time
Another time
Another time
Another time
Another time
Another time
Another time
Another time
Another time
Another time
Another time
Another time
Another time
Another time
Another time
Another time
Another time
Another time
Another time
Another time
Another time
Another time
Another time
Another time
Another time
Another time
Another time
Another time
Another time
Another time
Another time
Another time
Another time
Another time
Another time
Another time
Another time
Another time
Another time
Another time
Another time
Another time
Another time
Another time
Another time
Another time
Another time
Another time
Another time
Another time
Another time
Another time
Another time
Another time
Another time
Another time
Another time
Another time
Another time
Another time
Another time
Another time
Another time
Another time
Another time
Another time
Another time
Another time
Another time
Another time
Another time
Another time
Another time
Another time
Another time
Another time
Another time
Another time
Another time
Another time
Another time
Another time
Another time
Another time
Another time
Another time
Another time
Another time
Another time
Another time
Another time
Another time
Another time
Another time
Another time
Another time
Another time
Another time
Another time
Another time
Another time
Another time
Another time
Another time
Another time
Another time
Another time
Another time
Another time
Another time
Another time
Another time
Another time
Another time
Another time
Another time
Another time
Another time
Another time
Another time
Another time
Another time
Another time
Another time
Another time
Another time
Another time
Another time
Another time
Another time
Another time
Another time
Another time
Another time
Another time
Another time
Another time
Another time
Another time
Another time
Another time
Another time
Another time
Another time
Another time
Another time
Another time
Another time
Another time
Another time
Another time
Another time
Another time
Another time
Another time
Another time
Another time
Another time
Another time
Another time
Another time
Another time
Another time
Another time
Another time
Another time
Another time
Another time
Another time
Another time
Another time
Another time
Another time
Another time
Another time
Another time
Another time
Another time
Another time
Another time
Another time
Another time
Another time
Another time
Another time
Another time
Another time
Another time
Another time
Another time
Another time
Another time
Another time
Another time
Another time
Another time
Another time
Another time
Another time
Another time
Another time
Another time
Another time
Another time
Another time
Another time
Another time
Another time
Another time
Another time
Another time
Another time
Another time
Another time
Another time
Another time
Another time
Another time
Another time
Another time
Another time
Another time
Another time
Another time
Another time
Another time
Another time
Another time
Another time
Another time
Another time
Another time
Another time
Another time
Another time
Another time
Another time
Another time
Another time
Another time
Another time
Another time
Another time
Another time
Another time
Another time
Another time
Another time
Another time
Another time
Another time
Another time
Another time
Another time
Another time
Another time
Another time
Another time
Another time
Another time
Another time
Another time
Another time
Another time
Another time
Another time
Another time
Another time
Another time
Another time
Another time
Another time
Another time
Another time
Another time
Another time
Another time
Another time
Another time
Another time
Another time
Another time
Another time
Another time
Another time
Another time
Another time
Another time
Another time
Another time
Another time
Another time
Another time
Another time
Another time
Another time
Another time
Another time
Another time
Another time
Another time
Another time
Another time
Another time
Another time
Another time
Another time
Another time
Another time
Another time
Another time
Another time
Another time
Another time
Another time
Another time
Another time
Another time
Another time
Another time
Another time
Another time
Another time
Another time
Another time
Another time
Another time
Another time
Another time
Another time
Another time
Another time
Another time
Another time
Another time
Another time
Another time
Another time
Another time
Another time
Another time
Another time
Another time
Another time
Another time
Another time
Another time
Another time
Another time
Another time
Another time
Another time
Another time
Another time
Another time
Another time
Another time
Another time
Another time
Another time
Another time
Another time
Another time
Another time
Another time
Another time
Another time
Another time
Another time
Another time
Another time
Another time
Another time
Another time
Another time
Another time
Another time
Another time
Another time
Another time
Another time
Another time
Another time
Another time
Another time
Another time
Another time
Another time
Another time
Another time
Another time
Another time
Another time
Another time
Another time
Another time
Another time
Another time
Another time
Another time
Another time
Another time
Another time
Another time
Another time
Another time
Another time
Another time
Another time
Another time
Another time
Another time
Another time
Another time
Another time
Another time
Another time
Another time
Another time
Another time
Another time
Another time
Another time
Another time
Another time
Another time
Another time
Another time
Another time
Another time
Another time
Another time
Another time
Another time
Another time
Another time
Another time
Another time
Another time
Another time
Another time
Another time
Another time
Another time
Another time
Another time
Another time
Another time
Another time
Another time
Another time
Another time
Another time
Another time
Another time
Another time
Another time
Another time
Another time
Another time
Another time
Another time
Another time
Another time
Another time
Another time
Another time
Another time
Another time
Another time
Another time
Another time
Another time
Another time
Another time
Another time
Another time
Another time
Another time
Another time
Another time
Another time
Another time
Another time
Another time
Another time
Another time
Another time
Another time
Another time
Another time
Another time
Another time
Another time
Another time
Another time
Another time
Another time
Another time
Another time
Another time
Another time
Another time
Another time
Another time
Another time
Another time
Another time
Another time
Another time
Another time
Another time
Another time
Another time
Another time
Another time
Another time
Another time
Another time
Another time
Another time
Another time
Another time
Another time
Another time
Another time
Another time
Another time
Another time
Another time
Another time
Another time
Another time
Another time
Another time
Another time
Another time
Another time
Another time
Another time
Another time
Another time
Another time
Another time
Another time
Another time
Another time
Another time
Another time
Another time
Another time
Another time
Another time
Another time
Another time
Another time
Another time
Another time
Another time
Another time
Another time
Another time
Another time
Another time
Another time
Another time
Another time
Another time
Another time
Another time
Another time
Another time
Another time
Another time
Another time
Another time
Another time
Another time
Another time
Another time
Another time
Another time
Another time
Another time
Another time
Another time
Another time
Another time
Another time
Another time
Another time
Another time
Another time
Another time
Another time
Another time
Another time
Another time
Another time
Another time
Another time
Another time
Another time
Another time
Another time
Another time
Another time
Another time
Another time
Another time
Another time
Another time
Another time
Another time
Another time
Another time
Another time
Another time
Another time
Another time
Another time
Another time
Another time
Another time
Another time
Another time
Another time
Another time
Another time
Another time
Another time
Another time
Another time
Another time
Another time
Another time
Another time
Another time
Another time
Another time
Another time
Another time
Another time
Another time
Another time
Another time
Another time
Another time
Another time
Another time
Another time
Another time
Another time
Another time
Another time
Another time
Another time
Another time
Another time
Another time
Another time
Another time
Another time
Another time
Another time
Another time
Another time
Another time
Another time
Another time
Another time
Another time
Another time
Another time
Another time
Another time
Another time
Another time
Another time
Another time
Another time
Another time
Another time
Another time
Another time
Another time
Another time
Another time
Another time
Another time
Another time
Another time
Another time
Another time
Another time
Another time
Another time
Another time
Another time
Another time
Another time
Another time
Another time
Another time
Another time
Another time
Another time
Another time
Another time
Another time
Another time
Another time
Another time
Another time
Another time
Another time
Another time
Another time
Another time
Another time
Another time
Another time
Another time
Another time
Another time
Another time
Another time
Another time
Another time
Another time
Another time
Another time
Another time
Another time
Another time
Another time
Another time
Another time
Another time
Another time
Another time
Another time
Another time
Another time
Another time
Another time
Another time
Another time
Another time
Another time
Another time
Another time
Another time
Another time
Another time
Another time
Another time
Another time
Another time
Another time
Another time
Another time
Another time
Another time
Another time
Another time
Another time
Another time
Another time
Another time
Another time
Another time
Another time
Another time
Another time
Another time
Another time
Another time
Another time
Another time
Another time
Another time
Another time
Another time
Another time
Another time
Another time
Another time
Another time
Another time
Another time
Another time
Another time
Another time
Another time
Another time
Another time
Another time
Another time
Another time
Another time
Another time
Another time
Another time
Another time
Another time
Another time
Another time
Another time
Another time
Another time
Another time
Another time
Another time
Another time
Another time
Another time
Another time
Another time
Another time
Another time
Another time
Another time
Another time
Another time
Another time
Another time
Another time
Another time
Another time
Another time
Another time
Another time
Another time
Another time
Another time
Another time
Another time
Another time
Another time
Another time
Another time
Another time
Another time
Another time
Another time
Another time
Another time
Another time
Another time
Another time
Another time
Another time
Another time
Another time
Another time
Another time
Another time
Another time
Another time
Another time
Another time
Another time
Another time
Another time
Another time
Another time
Another time
Another time
Another time
Another time
Another time
Another time
Another time
Another time
Another time
Another time
Another time
Another time
Another time
Another time
Another time
Another time
Another time
Another time
Another time
Another time
Another time
Another time
Another time
Another time
Another time
Another time
Another time
Another time
Another time
Another time
Another time
Another time
Another time
Another time
Another time
Another time
Another time
Another time
Another time
Another time
Another time
Another time
Another time
Another time
Another time
Another time
Another time
Another time
Another time
Another time
Another time
Another time
Another time
Another time
Another time
Another time
Another time
Another time
Another time
Another time
Another time
Another time
Another time
Another time
Another time
Another time
Another time
Another time
Another time
Another time
Another time
Another time
Another time
Another time
Another time
Another time
Another time
Another time
Another time
Another time
Another time
Another time
Another time
Another time
Another time
Another time
Another time
Another time
Another time
Another time
Another time
Another time
Another time
Another time
Another time
Another time
Another time
Another time
Another time
Another time
Another time
Another time
Another time
Another time
Another time
Another time
Another time
Another time
Another time
Another time
Another time
Another time
Another time
Another time
Another time
Another time
Another time
Another time
Another time
Another time
Another time
Another time
Another time
Another time
Another time
Another time
Another time
Another time
Another time
Another time
Another time
Another time
Another time
Another time
Another time
Another time
Another time
Another time
Another time
Another time
Another time
Another time
Another time
Another time
Another time
Another time
Another time
Another time
Another time
Another time
Another time
Another time
Another time
Another time
Another time
Another time
Another time
Another time
Another time
Another time
Another time
Another time
Another time
Another time
Another time
Another time
Another time
Another time
Another time
Another time
Another time
Another time
Another time
Another time
Another time
Another time
Another time
Another time
Another time
Another time
Another time
Another time
Another time
Another time
Another time
Another time
Another time
Another time
Another time
Another time
Another time
Another time
Another time
Another time
Another time
Another time
Another time
Another time
Another time
Another time
Another time
Another time
Another time
Another time
Another time
Another time
Another time
Another time
Another time
Another time
Another time
Another time
Another time
Another time
Another time
Another time
Another time
Another time
Another time
Another time
Another time
Another time
Another time
Another time
Another time
Another time
Another time
Another time
Another time
Another time
Another time
Another time
Another time
Another time
Another time
Another time
Another time
Another time
Another time
Another time
Another time
Another time
Another time
Another time
Another time
Another time
Another time
Another time
Another time
Another time
Another time
Another time
Another time
Another time
Another time
Another time
Another time
Another time
Another time
Another time
Another time
Another time
Another time
Another time
Another time
Another time
Another time
Another time
Another time
Another time
Another time
Another time
Another time
Another time
Another time
Another time
Another time
Another time
Another time
Another time
Another time
Another time
Another time
Another time
Another time
Another time
Another time
Another time
Another time
Another time
Another time
Another time
Another time
Another time
Another time
Another time
Another time
Another time
Another time
Another time
Another time
Another time
Another time
Another time
Another time
Another time
Another time
Another time
Another time
Another time
Another time
Another time
Another time
Another time
Another time
Another time
Another time
Another time
Another time
Another time
Another time
Another time
Another time
Another time
Another time
Another time
Another time
Another time
Another time
Another time
Another time
Another time
Another time
Another time
Another time
Another time
Another time
Another time
Another time
Another time
Another time
Another time
Another time
Another time
Another time
Another time
Another time
Another time
Another time
Another time
Another time
Another time
Another time
Another time
Another time
Another time
Another time
Another time
Another time
Another time
Another time
Another time
Another time
Another time
Another time
Another time
Another time
Another time
Another time
Another time
Another time
Another time
Another time
Another time
Another time
Another time
Another time
Another time
Another time
Another time
Another time
Another time
Another time
Another time
Another time
Another time
Another time
Another time
Another time
Another time
Another time
Another time
Another time
Another time
Another time
Another time
Another time
Another time
Another time
Another time
Another time
Another time
Another time
Another time
Another time
Another time
Another time
Another time
Another time
Another time
Another time
Another time
Another time
Another time
Another time
Another time
Another time
Another time
Another time
Another time
Another time
Another time
Another time
Another time
Another time
Another time
Another time
Another time
Another time
Another time
Another time
Another time
Another time
Another time
Another time
Another time
Another time
Another time
Another time
Another time
Another time
Another time
Another time
Another time
Another time
Another time
Another time
Another time
Another time
Another time
Another time
Another time
Another time
Another time
Another time
Another time
Another time
Another time
Another time
Another time
Another time
Another time
Another time
Another time
Another time
Another time
Another time
Another time
Another time
Another time
Another time
Another time
Another time
Another time
Another time
Another time
Another time
Another time
Another time
Another time
Another time
Another time
Another time
Another time
Another time
Another time
Another time
Another time
Another time
Another time
Another time
Another time
Another time
Another time
Another time
Another time
Another time
Another time
Another time
Another time
Another time
Another time
Another time
Another time
Another time
Another time
Another time
Another time
Another time
Another time
Another time
Another time
Another time
Another time
Another time
Another time
Another time
Another time
Another time
Another time
Another time
Another time
Another time
Another time
Another time
Another time
Another time
Another time
Another time
Another time
Another time
Another time
Another time
Another time
Another time
Another time
Another time
Another time
Another time
Another time
Another time
Another time
Another time
Another time
Another time
Another time
Another time
Another time
Another time
Another time
Another time
Another time
Another time
Another time
Another time
Another time
Another time
Another time
Another time
Another time
Another time
Another time
Another time
Another time
Another time
Another time
Another time
Another time
Another time
Another time
Another time
Another time
Another time
Another time
Another time
Another time
Another time
Another time
Another time
Another time
Another time
Another time
Another time
Another time
Another time
Another time
Another time
Another time
Another time
Another time
Another time
Another time
Another time
Another time
Another time
Another time
Another time
Another time
Another time
Another time
Another time
Another time
Another time
Another time
Another time
Another time
Another time
Another time
Another time
Another time
Another time
Another time
Another time
Another time
Another time
Another time
Another time
Another time
Another time
Another time
Another time
Another time
Another time
Another time
Another time
Another time
Another time
Another time
Another time
Another time
Another time
Another time
Another time
Another time
Another time
Another time
Another time
Another time
Another time
Another time
Another time
Another time
Another time
Another time
Another time
Another time
Another time
Another time
Another time
Another time
Another time
Another time
Another time
Another time
Another time
Another time
Another time
Another time
Another time
Another time
Another time
Another time
Another time
Another time
Another time
Another time
Another time
Another time
Another time
Another time
Another time
Another time
Another time
Another time
Another time
Another time
Another time
Another time
Another time
Another time
Another time
Another time
Another time
Another time
Another time
Another time
Another time
Another time
Another time
Another time
Another time
Another time
Another time
Another time
Another time
Another time
Another time
Another time
Another time
Another time
Another time
Another time
Another time
Another time
Another time
Another time
Another time
Another time
Another time
Another time
Another time
Another time
Another time
Another time
Another time
Another time
Another time
Another time
Another time
Another time
Another time
Another time
Another time
Another time
Another time
Another time
Another time
Another time
Another time
Another time
Another time
Another time
Another time
Another time
Another time
Another time
Another time
Another time
Another time
Another time
Another time
Another time
Another time
Another time
Another time
Another time
Another time
Another time
Another time
Another time
Another time
Another time
Another time
Another time
Another time
Another time
Another time
Another time
Another time
Another time
Another time
Another time
Another time
Another time
Another time
Another time
Another time
Another time
Another time
Another time
Another time
Another time
Another time
Another time
Another time
Another time
Another time
Another time
Another time
Another time
Another time
Another time
Another time
Another time
Another time
Another time
Another time
Another time
Another time
Another time
Another time
Another time
Another time
Another time
Another time
Another time
Another time
Another time
Another time
Another time
Another time
Another time
Another time
Another time
Another time
Another time
Another time
Another time
Another time
Another time
Another time
Another time
Another time
Another time
Another time
Another time
Another time
Another time
Another time
Another time
Another time
Another time
Another time
Another time
Another time
Another time
Another time
Another time
Another time
Another time
Another time
Another time
Another time
Another time
Another time
Another time
Another time
Another time
Another time
Another time
Another time
Another time
Another time
Another time
Another time
Another time
Another time
Another time
Another time
Another time
Another time
Another time
Another time
Another time
Another time
Another time
Another time
Another time
Another time
Another time
Another time
Another time
Another time
Another time
Another time
Another time
Another time
Another time
Another time
Another time
Another time
Another time
Another time
Another time
Another time
Another time
Another time
Another time
Another time
Another time
Another time
Another time
Another time
Another time
Another time
Another time
Another time
Another time
Another time
Another time
Another time
Another time
Another time
Another time
Another time
Another time
Another time
Another time
Another time
Another time
Another time
Another time
Another time
Another time
Another time
Another time
Another time
Another time
Another time
Another time
Another time
Another time
Another time
Another time
Another time
Another time
Another time
Another time
Another time
Another time
Another time
Another time
Another time
Another time
Another time
Another time
Another time
Another time
Another time
Another time
Another time
Another time
Another time
Another time
Another time
Another time
Another time
Another time
Another time
Another time
Another time
Another time
Another time
Another time
Another time
Another time
Another time
Another time
Another time
Another time
Another time
Another time
Another time
Another time
Another time
Another time
Another time
Another time
Another time
Another time
Another time
Another time
Another time
Another time
Another time
Another time
Another time
Another time
Another time
Another time
Another time
Another time
Another time
Another time
Another time
Another time
Another time
Another time
Another time
Another time
Another time
Another time
Another time
Another time
Another time
Another time
Another time
Another time
Another time
Another time
Another time
Another time
Another time
Another time
Another time
Another time
Another time
Another time
Another time
Another time
Another time
Another time
Another time
Another time
Another time
Another time
Another time
Another time
Another time
Another time
Another time
Another time
Another time
Another time
Another time
Another time
Another time
Another time
Another time
Another time
Another time
Another time
Another time
Another time
Another time
Another time
Another time
Another time
Another time
Another time
Another time
Another time
Another time
Another time
Another time
Another time
Another time
Another time
Another time
Another time
Another time
Another time
Another time
Another time
Another time
Another time
Another time
Another time
Another time
Another time
Another time
Another time
Another time
Another time
Another time
Another time
Another time
Another time
Another time
Another time
Another time
Another time
Another time
Another time
Another time
Another time
Another time
Another time
Another time
Another time
Another time
Another time
Another time
Another time
Another time
Another time
Another time
Another time
Another time
Another time
Another time
Another time
Another time
Another time
Another time
Another time
Another time
Another time
Another time
Another time
Another time
Another time
Another time
Another time
Another time
Another time
Another time
Another time
Another time
Another time
Another time
Another time
Another time
Another time
Another time
Another time
Another time
Another time
Another time
Another time
Another time
Another time
Another time
Another time
Another time
Another time
Another time
Another time
Another time
Another time
Another time
Another time
Another time
Another time
Another time
Another time
Another time
Another time
Another time
Another time
Another time
Another time
Another time
Another time
Another time
Another time
Another time
Another time
Another time
Another time
Another time
Another time
Another time
Another time
Another time
Another time
Another time
Another time
Another time
Another time
Another time
Another time
Another time
Another time
Another time
Another time
Another time
Another time
Another time
Another time
Another time
Another time
Another time
Another time
Another time
Another time
Another time
Another time
Another time
Another time
Another time
Another time
Another time
Another time
Another time
Another time
Another time
Another time
Another time
Another time
Another time
Another time
Another time
Another time
Another time
Another time
Another time
Another time
Another time
Another time
Another time
Another time
Another time
Another time
Another time
Another time
Another time
Another time
Another time
Another time
Another time
Another time
Another time
Another time
Another time
Another time
Another time
Another time
Another time
Another time
Another time
Another time
Another time
Another time
Another time
Another time
Another time
Another time
Another time
Another time
Another time
Another time
Another time
Another time
Another time
Another time
Another time
Another time
Another time
Another time
Another time
Another time
Another time
Another time
Another time
Another time
Another time
Another time
Another time
Another time
Another time
Another time
Another time
Another time
Another time
Another time
Another time
Another time
Another time
Another time
Another time
Another time
Another time
Another time
Another time
Another time
Another time
Another time
Another time
Another time
Another time
Another time
Another time
Another time
Another time
Another time
Another time
Another time
Another time
Another time
Another time
Another time
Another time
Another time
Another time
Another time
Another time
Another time
Another time
Another time
Another time
Another time
Another time
Another time
Another time
Another time
Another time
Another time
Another time
Another time
Another time
Another time
Another time
Another time
Another time
Another time
Another time
Another time
Another time
Another time
Another time
Another time
Another time
Another time
Another time
Another time
Another time
Another time
Another time
Another time
Another time
Another time
Another time
Another time
Another time
Another time
Another time
Another time
Another time
Another time
Another time
Another time
Another time
Another time
Another time
Another time
Another time
Another time
Another time
Another time
Another time
Another time
Another time
Another time
Another time
Another time
Another time
Another time
Another time
Another time
Another time
Another time
Another time
Another time
Another time
Another time
Another time
Another time
Another time
Another time
Another time
Another time
Another time
Another time
Another time
Another time
Another time
Another time
Another time
Another time
Another time
Another time
Another time
Another time
Another time
Another time
Another time
Another time
Another time
Another time
Another time
Another time
Another time
Another time
Another time
Another time
Another time
Another time
Another time
Another time
Another time
Another time
Another time
Another time
Another time
Another time
Another time
Another time
Another time
Another time
Another time
Another time
Another time
Another time
Another time
Another time
Another time
Another time
Another time
Another time
Another time
Another time
Another time
Another time
Another time
Another time
Another time
Another time
Another time
Another time
Another time
Another time
Another time
Another time
Another time
Another time
Another time
Another time
Another time
Another time
Another time
Another time
Another time
Another time
Another time
Another time
Another time
Another time
Another time
Another time
Another time
Another time
Another time
Another time
Another time
Another time
Another time
Another time
Another time
Another time
Another time
Another time
Another time
Another time
Another time
Another time
Another time
Another time
Another time
Another time
Another time
Another time
Another time
Another time
Another time
Another time
Another time
Another time
Another time
Another time
Another time
Another time
Another time
Another time
Another time
Another time
Another time
Another time
Another time
Another time
Another time
Another time
Another time
Another time
Another time
Another time
Another time
Another time
Another time
Another time
Another time
Another time
Another time
Another time
Another time
Another time
Another time
Another time
Another time
Another time
Another time
Another time
Another time
Another time
Another time
Another time
Another time
Another time
Another time
Another time
Another time
Another time
Another time
Another time
Another time
Another time
Another time
Another time
Another time
Another time
Another time
Another time
Another time
Another time
Another time
Another time
Another time
Another time
Another time
Another time
Another time
Another time
Another time
Another time
Another time
Another time
Another time
Another time
Another time
Another time
Another time
Another time
Another time
Another time
Another time
Another time
Another time
Another time
Another time
Another time
Another time
Another time
Another time
Another time
Another time
Another time
Another time
Another time
Another time
Another time
Another time
Another time
Another time
Another time
Another time
Another time
Another time
Another time
Another time
Another time
Another time
Another time
Another time
Another time
Another time
Another time
Another time
Another time
Another time
Another time
Another time
Another time
Another time
Another time
Another time
Another time
Another time
Another time
Another time
Another time
Another time
Another time
Another time
Another time
Another time
Another time
Another time
Another time
Another time
Another time
Another time
Another time
Another time
Another time
Another time
Another time
Another time
Another time
Another time
Another time
Another time
Another time
Another time
Another time
Another time
Another time
Another time
Another time
Another time
Another time
Another time
Another time
Another time
Another time
Another time
Another time
Another time
Another time
Another time
Another time
Another time
Another time
Another time
Another time
Another time
Another time
Another time
Another time
Another time
Another time
Another time
Another time
Another time
Another time
Another time
Another time
Another time
Another time
Another time
Another time
Another time
Another time
Another time
Another time
Another time
Another time
Another time
Another time
Another time
Another time
Another time
Another time
Another time
Another time
Another time
Another time
Another time
Another time
Another time
Another time
Another time
Another time
Another time
Another time
Another time
Another time
Another time
Another time
Another time
Another time
Another time
Another time
Another time
Another time
Another time
Another time
Another time
Another time
Another time
Another time
Another time
Another time
Another time
Another time
Another time
Another time
Another time
Another time
Another time
Another time
Another time
Another time
Another time
Another time
Another time
Another time
Another time
Another time
Another time
Another time
Another time
Another time
Another time
Another time
Another time
Another time
Another time
Another time
Another time
Another time
Another time
Another time
Another time
Another time
Another time
Another time
Another time
Another time
Another time
Another time
Another time
Another time
Another time
Another time
Another time
Another time
Another time
Another time
Another time
Another time
Another time
Another time
Another time
Another time
Another time
Another time
Another time
Another time
Another time
Another time
Another time
Another time
Another time
Another time
Another time
Another time
Another time
Another time
Another time
Another time
Another time
Another time
Another time
Another time
Another time
Another time
Another time
Another time
Another time
Another time
Another time
Another time
Another time
Another time
Another time
Another time
Another time
Another time
Another time
Another time
Another time
Another time
Another time
Another time
Another time
Another time
Another time
Another time
Another time
Another time
Another time
Another time
Another time
Another time
Another time
Another time
Another time
Another time
Another time
Another time
Another time
Another time
Another time
Another time
Another time
Another time
Another time
Another time
Another time
Another time
Another time
Another time
Another time
Another time
Another time
Another time
Another time
Another time
Another time
Another time
Another time
Another time
Another time
Another time
Another time
Another time
Another time
Another time
Another time
Another time
Another time
Another time
Another time
Another time
Another time
Another time
Another time
Another time
Another time
Another time
Another time
Another time
Another time
Another time
Another time
Another time
Another time
Another time
Another time
Another time
Another time
Another time
Another time
Another time
Another time
Another time
Another time
Another time
Another time
Another time
Another time
Another time
Another time
Another time
Another time
Another time
Another time
Another time
Another time
Another time
Another time
Another time
Another time
Another time
Another time
Another time
Another time
Another time
Another time
Another time
Another time
Another time
Another time
Another time
Another time
Another time
Another time
Another time
Another time
Another time
Another time
Another time
Another time
Another time
Another time
Another time
Another time
Another time
Another time
Another time
Another time
Another time
Another time
Another time
Another time
Another time
Another time
Another time
Another time
Another time
Another time
Another time
Another time
Another time
Another time
Another time
Another time
Another time
Another time
Another time
Another time
Another time
Another time
Another time
Another time
Another time
Another time
Another time
Another time
Another time
Another time
Another time
Another time
Another time
Another time
Another time
Another time
Another time
Another time
Another time
Another time
Another time
Another time
Another time
Another time
Another time
Another time
Another time
Another time
Another time
Another time
Another time
Another time
Another time
Another time
Another time
Another time
Another time
Another time
Another time
Another time
Another time
Another time
Another time
Another time
Another time
Another time
Another time
Another time
Another time
Another time
Another time
Another time
Another time
Another time
Another time
Another time
Another time
Another time
Another time
Another time
Another time
Another time
Another time
Another time
Another time
Another time
Another time
Another time
Another time
Another time
Another time
Another time
Another time
Another time
Another time
Another time
Another time
Another time
Another time
Another time
Another time
Another time
Another time
Another time
Another time
Another time
Another time
Another time
Another time
Another time
Another time
Another time
Another time
Another time
Another time
Another time
Another time
Another time
Another time
Another time
Another time
Another time
Another time
Another time
Another time
Another time
Another time
Another time
Another time
Another time
Another time
Another time
Another time
Another time
Another time
Another time
Another time
Another time
Another time
Another time
Another time
Another time
Another time
Another time
Another time
Another time
Another time
Another time
Another time
Another time
Another time
Another time
Another time
Another time
Another time
Another time
Another time
Another time
Another time
Another time
Another time
Another time
Another time
Another time
Another time
Another time
Another time
Another time
Another time
Another time
Another time
Another time
Another time
Another time
Another time
Another time
Another time
Another time
Another time
Another time
Another time
Another time
Another time
Another time
Another time
Another time
Another time
Another time
Another time
Another time
Another time
Another time
Another time
Another time
Another time
Another time
Another time
Another time
Another time
Another time
Another time
Another time
Another time
Another time
Another time
Another time
Another time
Another time
Another time
Another time
Another time
Another time
Another time
Another time
Another time
Another time
Another time
Another time
Another time
Another time
Another time
Another time
Another time
Another time
Another time
Another time
Another time
Another time
Another time
Another time
Another time
Another time
Another time
Another time
Another time
Another time
Another time
Another time
Another time
Another time
Another time
Another time
Another time
Another time
Another time
Another time
Another time
Another time
Another time
Another time
Another time
Another time
Another time
Another time
Another time
Another time
Another time
Another time
Another time
Another time
Another time
Another time
Another time
Another time
Another time
Another time
Another time
Another time
Another time
Another time
Another time
Another time
Another time
Another time
Another time
Another time
Another time
Another time
Another time
Another time
Another time
Another time
Another time
Another time
Another time
Another time
Another time
Another time
Another time
Another time
Another time
Another time
Another time
Another time
Another time
Another time
Another time
Another time
Another time
Another time
Another time
Another time
Another time
Another time
Another time
Another time
Another time
Another time
Another time
Another time
Another time
Another time
Another time
Another time
Another time
Another time
Another time
Another time
Another time
Another time
Another time
Another time
Another time
Another time
Another time
Another time
Another time
Another time
Another time
Another time
Another time
Another time
Another time
Another time
Another time
Another time
Another time
Another time
Another time
Another time
Another time
Another time
Another time
Another time
Another time
Another time
Another time
Another time
Another time
Another time
Another time
Another time
Another time
Another time
Another time
Another time
Another time
Another time
Another time
Another time
Another time
Another time
Another time
Another time
Another time
Another time
Another time
Another time
Another time
Another time
Another time
Another time
Another time
Another time
Another time
Another time
Another time
Another time
Another time
Another time
Another time
Another time
Another time
Another time
Another time
Another time
Another time
Another time
Another time
Another time
Another time
Another time
Another time
Another time
Another time
Another time
Another time
Another time
Another time
Another time
Another time
Another time
Another time
Another time
Another time
Another time
Another time
Another time
Another time
Another time
Another time
Another time
Another time
Another time
Another time
Another time
Another time
Another time
Another time
Another time
Another time
Another time
Another time
Another time
Another time
Another time
Another time
Another time
Another time
Another time
Another time
Another time
Another time
Another time
Another time
Another time
Another time
Another time
Another time
Another time
Another time
Another time
Another time
Another time
Another time
Another time
Another time
Another time
Another time
Another time
Another time
Another time
Another time
Another time
Another time
Another time
Another time
Another time
Another time
Another time
Another time
Another time
Another time
Another time
Another time
Another time
Another time
Another time
Another time
Another time
Another time
Another time
Another time
Another time
Another time
Another time
Another time
Another time
Another time
Another time
Another time
Another time
Another time
Another time
Another time
Another time
Another time
Another time
Another time
Another time
Another time
Another time
Another time
Another time
Another time
Another time
Another time
Another time
Another time
Another time
Another time
Another time
Another time
Another time
Another time
Another time
Another time
Another time
Another time
Another time
Another time
Another time
Another time
Another time
Another time
Another time
Another time
Another time
Another time
Another time
Another time
Another time
Another time
Another time
Another time
Another time
Another time
Another time
Another time
Another time
Another time
Another time
Another time
Another time
Another time
Another time
Another time
Another time
Another time
Another time
Another time
Another time
Another time
Another time
Another time
Another time
Another time
Another time
Another time
Another time
Another time
Another time
Another time
Another time
Another time
Another time
Another time
Another time
Another time
Another time
Another time
Another time
Another time
Another time
Another time
Another time
Another time
Another time
Another time
Another time
Another time
Another time
Another time
Another time
Another time
Another time
Another time
Another time
Another time
Another time
Another time
Another time
Another time
Another time
Another time
Another time
Another time
Another time
Another time
Another time
Another time
Another time
Another time
Another time
Another time
Another time
Another time
Another time
Another time
Another time
Another time
Another time
Another time
Another time
Another time
Another time
Another time
Another time
Another time
Another time
Another time
Another time
Another time
Another time
Another time
Another time
Another time
Another time
Another time
Another time
Another time
Another time
Another time
Another time
Another time
Another time
Another time
Another time
Another time
Another time
Another time
Another time
Another time
Another time
Another time
Another time
Another time
Another time
Another time
Another time
Another time
Another time
Another time
Another time
Another time
Another time
Another time
Another time
Another time
Another time
Another time
Another time
Another time
Another time
Another time
Another time
Another time
Another time
Another time
Another time
Another time
Another time
Another time
Another time
Another time
Another time
Another time
Another time
Another time
Another time
Another time
Another time
Another time
Another time
Another time
Another time
Another time
Another time
Another time
Another time
Another time
Another time
Another time
Another time
Another time
Another time
Another time
Another time
Another time
Another time
Another time
Another time
Another time
Another time
Another time
Another time
Another time
Another time
Another time
Another time
Another time
Another time
Another time
Another time
Another time
Another time
Another time
Another time
Another time
Another time
Another time
Another time
Another time
Another time
Another time
Another time
Another time
Another time
Another time
Another time
Another time
Another time
Another time
Another time
Another time
Another time
Another time
Another time
Another time
Another time
Another time
Another time
Another time
Another time
Another time
Another time
Another time
Another time
Another time
Another time
Another time
Another time
Another time
Another time
Another time
Another time
Another time
Another time
Another time
Another time
Another time
Another time
Another time
Another time
Another time
Another time
Another time
Another time
Another time
Another time
Another time
Another time
Another time
Another time
Another time
Another time
Another time
Another time
Another time
Another time
Another time
Another time
Another time
Another time
Another time
Another time
Another time
Another time
Another time
Another time
Another time
Another time
Another time
Another time
Another time
Another time
Another time
Another time
Another time
Another time
Another time
Another time
Another time
Another time
Another time
Another time
Another time
Another time
Another time
Another time
Another time
Another time
Another time
Another time
Another time
Another time
Another time
Another time
Another time
Another time
Another time
Another time
Another time
Another time
Another time
Another time
Another time
Another time
Another time
Another time
Another time
Another time
Another time
Another time
Another time
Another time
Another time
Another time
Another time
Another time
Another time
Another time
Another time
Another time
Another time
Another time
Another time
Another time
Another time
Another time
Another time
Another time
Another time
Another time
Another time
Another time
Another time
Another time
Another time
Another time
Another time
Another time
Another time
Another time
Another time
Another time
Another time
Another time
Another time
Another time
Another time
Another time
Another time
Another time
Another time
Another time
Another time
Another time
Another time
Another time
Another time
Another time
Another time
Another time
Another time
Another time
Another time
Another time
Another time
Another time
Another time
Another time
Another time
Another time
Another time
Another time
Another time
Another time
Another time
Another time
Another time
Another time
Another time
Another time
Another time
Another time
Another time
Another time
Another time
Another time
Another time
Another time
Another time
Another time
Another time
Another time
Another time
Another time
Another time
Another time
Another time
Another time
Another time
Another time
Another time
Another time
Another time
Another time
Another time
Another time
Another time
Another time
Another time
Another time
Another time
Another time
Another time
Another time
Another time
Another time
Another time
Another time
Another time
Another time
Another time
Another time
Another time
Another time
Another time
Another time
Another time
Another time
Another time
Another time
Another time
Another time
Another time
Another time
Another time
Another time
Another time
Another time
Another time
Another time
Another time
Another time
Another time
Another time
Another time
Another time
Another time
Another time
Another time
Another time
Another time
Another time
Another time
Another time
Another time
Another time
Another time
Another time
Another time
Another time
Another time
Another time
Another time
Another time
Another time
Another time
Another time
Another time
Another time
Another time
Another time
Another time
Another time
Another time
Another time
Another time
Another time
Another time
Another time
Another time
Another time
Another time
Another time
Another time
Another time
Another time
Another time
Another time
Another time
Another time
Another time
Another time
Another time
Another time
Another time
Another time
Another time
Another time
Another time
Another time
Another time
Another time
Another time
Another time
Another time
Another time
Another time
Another time
Another time
Another time
Another time
Another time
Another time
Another time
Another time
Another time
Another time
Another time
Another time
Another time
Another time
Another time
Another time
Another time
Another time
Another time
Another time
Another time
Another time
Another time
Another time
Another time
Another time
Another time
Another time
Another time
Another time
Another time
Another time
Another time
Another time
Another time
Another time
Another time
Another time
Another time
Another time
Another time
Another time
Another time
Another time
Another time
Another time
Another time
Another time
Another time
Another time
Another time
Another time
Another time
Another time
Another time
Another time
Another time
Another time
Another time
Another time
Another time
Another time
Another time
Another time
Another time
Another time
Another time
Another time
Another time
Another time
Another time
Another time
Another time
Another time
Another time
Another time
Another time
Another time
Another time
Another time
Another time
Another time
Another time
Another time
Another time
Another time
Another time
Another time
Another time
Another time
Another time
Another time
Another time
Another time
Another time
Another time
Another time
Another time
Another time
Another time
Another time
Another time
Another time
Another time
Another time
Another time
Another time
Another time
Another time
Another time
Another time
Another time
Another time
Another time
Another time
Another time
Another time
Another time
Another time
Another time
Another time
Another time
Another time
Another time
Another time
Another time
Another time
Another time
Another time
Another time
Another time
Another time
Another time
Another time
Another time
Another time
Another time
Another time
Another time
Another time
Another time
Another time
Another time
Another time
Another time
Another time
Another time
Another time
Another time
Another time
Another time
Another time
Another time
Another time
Another time
Another time
Another time
Another time
Another time
Another time
Another time
Another time
Another time
Another time
Another time
Another time
Another time
Another time
Another time
Another time
Another time
Another time
Another time
Another time
Another time
Another time
Another time
Another time
Another time
Another time
Another time
Another time
Another time
Another time
Another time
Another time
Another time
Another time
Another time
Another time
Another time
Another time
Another time
Another time
Another time
Another time
Another time
Another time
Another time
Another time
Another time
Another time
Another time
Another time
Another time
Another time
Another time
Another time
Another time
Another time
Another time
Another time
Another time
Another time
Another time
Another time
Another time
Another time
Another time
Another time
Another time
Another time
Another time
Another time
Another time
Another time
Another time
Another time
Another time
Another time
Another time
Another time
Another time
Another time
Another time
Another time
Another time
Another time
Another time
Another time
Another time
Another time
Another time
Another time
Another time
Another time
Another time
Another time
Another time
Another time
Another time
Another time
Another time
Another time
Another time
Another time
Another time
Another time
Another time
Another time
Another time
Another time
Another time
Another time
Another time
Another time
Another time
Another time
Another time
Another time
Another time
Another time
Another time
Another time
Another time
Another time
Another time
Another time
Another time
Another time
Another time
Another time
Another time
Another time
Another time
Another time
Another time
Another time
Another time
Another time
Another time
Another time
Another time
Another time
Another time
Another time
Another time
Another time
Another time
Another time
Another time
Another time
Another time
Another time
Another time
Another time
Another time
Another time
Another time
Another time
Another time
Another time
Another time
Another time
Another time
Another time
Another time
Another time
Another time
Another time
Another time
Another time
Another time
Another time
Another time
Another time
Another time
Another time
Another time
Another time
Another time
Another time
Another time
Another time
Another time
Another time
Another time
Another time
Another time
Another time
Another time
Another time
Another time
Another time
Another time
Another time
Another time
Another time
Another time
Another time
Another time
Another time
Another time
Another time
Another time
Another time
Another time
Another time
Another time
Another time
Another time
Another time
Another time
Another time
Another time
Another time
Another time
Another time
Another time
Another time
Another time
Another time
Another time
Another time
Another time
Another time
Another time
Another time
Another time
Another time
Another time
Another time
Another time
Another time
Another time
Another time
Another time
Another time
Another time
Another time
Another time
Another time
Another time
Another time
Another time
Another time
Another time
Another time
Another time
Another time
Another time
Another time
Another time
Another time
Another time
Another time
Another time
Another time
Another time
Another time
Another time
Another time
Another time
Another time
Another time
Another time
Another time
Another time
Another time
Another time
Another time
Another time
Another time
Another time
Another time
Another time
Another time
Another time
Another time
Another time
Another time
Another time
Another time
Another time
Another time
Another time
Another time
Another time
Another time
Another time
Another time
Another time
Another time
Another time
Another time
Another time
Another time
Another time
Another time
Another time
Another time
Another time
Another time
Another time
Another time
Another time
Another time
Another time
Another time
Another time
Another time
Another time
Another time
Another time
Another time
Another time
Another time
Another time
Another time
Another time
Another time
Another time
Another time
Another time
Another time
Another time
Another time
Another time
Another time
Another time
Another time
Another time
Another time
Another time
Another time
Another time
Another time
Another time
Another time
Another time
Another time
Another time
Another time
Another time
Another time
Another time
Another time
Another time
Another time
Another time
Another time
Another time
Another time
Another time
Another time
Another time
Another time
Another time
Another time
Another time
Another time
Another time
Another time
Another time
Another time
Another time
Another time
Another time
Another time
Another time
Another time
Another time
Another time
Another time
Another time
Another time
Another time
Another time
Another time
Another time
Another time
Another time
Another time
Another time
Another time
Another time
Another time
Another time
Another time
Another time
Another time
Another time
Another time
Another time
Another time
Another time
Another time
Another time
Another time
Another time
Another time
Another time
Another time
Another time
Another time
Another time
Another time
Another time
Another time
Another time
Another time
Another time
Another time
Another time
Another time
Another time
Another time
Another time
Another time
Another time
Another time
Another time
Another time
Another time
Another time
Another time
Another time
Another time
Another time
Another time
Another time
Another time
Another time
Another time
Another time
Another time
Another time
Another time
Another time
Another time
Another time
Another time
Another time
Another time
Another time
Another time
Another time
Another time
Another time
Another time
Another time
Another time
Another time
Another time
Another time
Another time
Another time
Another time
Another time
Another time
Another time
Another time
Another time
Another time
Another time
Another time
Another time
Another time
Another time
Another time
Another time
Another time
Another time
Another time
Another time
Another time
Another time
Another time
Another time
Another time
Another time
Another time
Another time
Another time
Another time
Another time
Another time
Another time
Another time
Another time
Another time
Another time
Another time
Another time
Another time
Another time
Another time
Another time
Another time
Another time
Another time
Another time
Another time
Another time
Another time
Another time
Another time
Another time
Another time
Another time
Another time
Another time
Another time
Another time
Another time
Another time
Another time
Another time
Another time
Another time
Another time
Another time
Another time
Another time
Another time
Another time
Another time
Another time
Another time
Another time
Another time
Another time
Another time
Another time
Another time
Another time
Another time
Another time
Another time
Another time
Another time
Another time
Another time
Another time
Another time
Another time
Another time
Another time
Another time
Another time
Another time
Another time
Another time
Another time
Another time
Another time
Another time
Another time
Another time
Another time
Another time
Another time
Another time
Another time
Another time
Another time
Another time
Another time
Another time
Another time
Another time
Another time
Another time
Another time
Another time
Another time
Another time
Another time
Another time
Another time
Another time
Another time
Another time
Another time
Another time
Another time
Another time
Another time
Another time
Another time
Another time
Another time
Another time
Another time
Another time
Another time
Another time
Another time
Another time
Another time
Another time
Another time
Another time
Another time
Another time
Another time
Another time
Another time
Another time
Another time
Another time
Another time
Another time
Another time
Another time
Another time
Another time
Another time
Another time
Another time
Another time
Another time
Another time
Another time
Another time
Another time
Another time
Another time
Another time
Another time
Another time
Another time
Another time
Another time
Another time
Another time
Another time
Another time
Another time
Another time
Another time
Another time
Another time
Another time
Another time
Another time
Another time
Another time
Another time
Another time
Another time
Another time
Another time
Another time
Another time
Another time
Another time
Another time
Another time
Another time
Another time
Another time
Another time
Another time
Another time
Another time
Another time
Another time
Another time
Another time
Another time
Another time
Another time
Another time
Another time
Another time
Another time
Another time
Another time
Another time
Another time
Another time
Another time
Another time
Another time
Another time
Another time
Another time
Another time
Another time
Another time
Another time
Another time
Another time
Another time
Another time
Another time
Another time
Another time
Another time
Another time
Another time
Another time
Another time
Another time
Another time
Another time
Another time
Another time
Another time
Another time
Another time
Another time
Another time
Another time
Another time
Another time
Another time
Another time
Another time
Another time
Another time
Another time
Another time
Another time
Another time
Another time
Another time
Another time
Another time
Another time
Another time
Another time
Another time
Another time
Another time
Another time
Another time
Another time
Another time
Another time
Another time
Another time
Another time
Another time
Another time
Another time
Another time
Another time
Another time
Another time
Another time
Another time
Another time
Another time
Another time
Another time
Another time
Another time
Another time
Another time
Another time
Another time
Another time
Another time
Another time
Another time
Another time
Another time
Another time
Another time
Another time
Another time
Another time
Another time
Another time
Another time
Another time
Another time
Another time
Another time
Another time
Another time
Another time
Another time
Another time
Another time
Another time
Another time
Another time
Another time
Another time
Another time
Another time
Another time
Another time
Another time
Another time
Another time
Another time
Another time
Another time
Another time
Another time
Another time
Another time
Another time
Another time
Another time
Another time
Another time
Another time
Another time
Another time
Another time
Another time
Another time
Another time
Another time
Another time
Another time
Another time
Another time
Another time
Another time
Another time
Another time
Another time
Another time
Another time
Another time
Another time
Another time
Another time
Another time
Another time
Another time
Another time
Another time
Another time
Another time
Another time
Another time
Another time
Another time
Another time
Another time
Another time
Another time
Another time
Another time
Another time
Another time
Another time
Another time
Another time
Another time
Another time
Another time
Another time
Another time
Another time
Another time
Another time
Another time
Another time
Another time
Another time
Another time
Another time
Another time
Another time
Another time
Another time
Another time
Another time
Another time
Another time
Another time
Another time
Another time
Another time
Another time
Another time
Another time
Another time
Another time
Another time
Another time
Another time
Another time
Another time
Another time
Another time
Another time
Another time
Another time
Another time
Another time
Another time
Another time
Another time
Another time
Another time
Another time
Another time
Another time
Another time
Another time
Another time
Another time
Another time
Another time
Another time
Another time
Another time
Another time
Another time
Another time
Another time
Another time
Another time
Another time
Another time
Another time
Another time
Another time
Another time
Another time
Another time
Another time
Another time
Another time
Another time
Another time
Another time
Another time
Another time
Another time
Another time
Another time
Another time
Another time
Another time
Another time
Another time
Another time
Another time
Another time
Another time
Another time
Another time
Another time
Another time
Another time
Another time
Another time
Another time
Another time
Another time
Another time
Another time
Another time
Another time
Another time
Another time
Another time
Another time
Another time
Another time
Another time
Another time
Another time
Another time
Another time
Another time
Another time
Another time
Another time
Another time
Another time
Another time
Another time
Another time
Another time
Another time
Another time
Another time
Another time
Another time
Another time
Another time
Another time
Another time
Another time
Another time
Another time
Another time
Another time
Another time
Another time
Another time
Another time
Another time
Another time
Another time
Another time
Another time
Another time
Another time
Another time
Another time
Another time
Another time
Another time
Another time
Another time
Another time
Another time
Another time
Another time
Another time
Another time
Another time
Another time
Another time
Another time
Another time
Another time
Another time
Another time
Another time
Another time
Another time
Another time
Another time
Another time
Another time
Another time
Another time
Another time
Another time
Another time
Another time
Another time
Another time
Another time
Another time
Another time
Another time
Another time
Another time
Another time
Another time
Another time
Another time
Another time
Another time
Another time
Another time
Another time
Another time
Another time
Another time
Another time
Another time
Another time
Another time
Another time
Another time
Another time
Another time
Another time
Another time
Another time
Another time
Another time
Another time
Another time
Another time
Another time
Another time
Another time
Another time
Another time
Another time
Another time
Another time
Another time
Another time
Another time
Another time
Another time
Another time
Another time
Another time
Another time
Another time
Another time
Another time
Another time
Another time
Another time
Another time
Another time
Another time
Another time
Another time
Another time
Another time
Another time
Another time
Another time
Another time
Another time
Another time
Another time
Another time
Another time
Another time
Another time
Another time
Another time
Another time
Another time
Another time
Another time
Another time
Another time
Another time
Another time
Another time
Another time
Another time
Another time
Another time
Another time
Another time
Another time
Another time
Another time
Another time
Another time
Another time
Another time
Another time
Another time
Another time
Another time
Another time
Another time
Another time
Another time
Another time
Another time
Another time
Another time
Another time
Another time
Another time
Another time
Another time
Another time
Another time
Another time
Another time
Another time
Another time
Another time
Another time
Another time
Another time
Another time
Another time
Another time
Another time
Another time
Another time
Another time
Another time
Another time
Another time
Another time
Another time
Another time
Another time
Another time
Another time
Another time
Another time
Another time
Another time
Another time
Another time
Another time
Another time
Another time
Another time
Another time
Another time
Another time
Another time
Another time
Another time
Another time
Another time
Another time
Another time
Another time
Another time
Another time
Another time
Another time
Another time
Another time
Another time
Another time
Another time
Another time
Another time
Another time
Another time
Another time
Another time
Another time
Another time
Another time
Another time
Another time
Another time
Another time
Another time
Another time
Another time
Another time
Another time
Another time
Another time
Another time
Another time
Another time
Another time
Another time
Another time
Another time
Another time
Another time
Another time
Another time
Another time
Another time
Another time
Another time
Another time
Another time
Another time
Another time
Another time
Another time
Another time
Another time
Another time
Another time
Another time
Another time
Another time
Another time
Another time
Another time
Another time
Another time
Another time
Another time
Another time
Another time
Another time
Another time
Another time
Another time
Another time
Another time
Another time
Another time
Another time
Another time
Another time
Another time
Another time
Another time
Another time
Another time
Another time
Another time
Another time
Another time
Another time
Another time
Another time
Another time
Another time
Another time
Another time
Another time
Another time
Another time
Another time
Another time
Another time
Another time
Another time
Another time
Another time
Another time
Another time
Another time
Another time
Another time
Another time
Another time
Another time
Another time
Another time
Another time
Another time
Another time
Another time
Another time
Another time
Another time
Another time
Another time
Another time
Another time
Another time
Another time
Another time
Another time
Another time
Another time
Another time
Another time
Another time
Another time
Another time
Another time
Another time
Another time
Another time
Another time
Another time
Another time
Another time
Another time
Another time
Another time
Another time
Another time
Another time
Another time
Another time
Another time
Another time
Another time
Another time
Another time
Another time
Another time
Another time
Another time
Another time
Another time
Another time
Another time
Another time
Another time
Another time
Another time
Another time
Another time
Another time
Another time
Another time
Another time
Another time
Another time
Another time
Another time
Another time
Another time
Another time
Another time
Another time
Another time
Another time
Another time
Another time
Another time
Another time
Another time
Another time
Another time
Another time
Another time
Another time
Another time
Another time
Another time
Another time
Another time
Another time
Another time
Another time
Another time
Another time
Another time
Another time
Another time
Another time
Another time
Another time
Another time
Another time
Another time
Another time
Another time
Another time
Another time
Another time
Another time
Another time
Another time
Another time
Another time
Another time
Another time
Another time
Another time
Another time
Another time
Another time
Another time
Another time
Another time
Another time
Another time
Another time
Another time
Another time
Another time
Another time
Another time
Another time
Another time
Another time
Another time
Another time
Another time
Another time
Another time
Another time
Another time
Another time
Another time
Another time
Another time
Another time
Another time
Another time
Another time
Another time
Another time
Another time
Another time
Another time
Another time
Another time
Another time
Another time
Another time
Another time
Another time
Another time
Another time
Another time
Another time
Another time
Another time
Another time
Another time
Another time
Another time
Another time
Another time
Another time
Another time
Another time
Another time
Another time
Another time
Another time
Another time
Another time
Another time
Another time
Another time
Another time
Another time
Another time
Another time
Another time
Another time
Another time
Another time
Another time
Another time
Another time
Another time
Another time
Another time
Another time
Another time
Another time
Another time
Another time
Another time
Another time
Another time
Another time
Another time
Another time
Another time
Another time
Another time
Another time
Another time
Another time
Another time
Another time
Another time
Another time
Another time
Another time
Another time
Another time
Another time
Another time
Another time
Another time
Another time
Another time
Another time
Another time
Another time
Another time
Another time
Another time
Another time
Another time
Another time
Another time
Another time
Another time
Another time
Another time
Another time
Another time
Another time
Another time
Another time
Another time
Another time
Another time
Another time
Another time
Another time
Another time
Another time
Another time
Another time
Another time
Another time
Another time
Another time
Another time
Another time
Another time
Another time
Another time
Another time
Another time
Another time
Another time
Another time
Another time
Another time
Another time
Another time
Another time
Another time
Another time
Another time
Another time
Another time
Another time
Another time
Another time
Another time
Another time
Another time
Another time
Another time
Another time
Another time
Another time
Another time
Another time
Another time
Another time
Another time
Another time
Another time
Another time
Another time
Another time
Another time
Another time
Another time
Another time
Another time
Another time
Another time
Another time
Another time
Another time
Another time
Another time
Another time
Another time
Another time
Another time
Another time
Another time
Another time
Another time
Another time
Another time
Another time
Another time
Another time
Another time
Another time
Another time
Another time
Another time
Another time
Another time
Another time
Another time
Another time
Another time
Another time
Another time
Another time
Another time
Another time
Another time
Another time
Another time
Another time
Another time
Another time
Another time
Another time
Another time
Another time
Another time
Another time
Another time
Another time
Another time
Another time
Another time
Another time
Another time
Another time
Another time
Another time
Another time
Another time
Another time
Another time
Another time
Another time
Another time
Another time
Another time
Another time
Another time
Another time
Another time
Another time
Another time
Another time
Another time
Another time
Another time
Another time
Another time
Another time
Another time
Another time
Another time
Another time
Another time
Another time
Another time
Another time
Another time
Another time
Another time
Another time
Another time
Another time
Another time
Another time
Another time
Another time
Another time
Another time
Another time
Another time
Another time
Another time
Another time
Another time
Another time
Another time
Another time
Another time
Another time
Another time
Another time
Another time
Another time
Another time
Another time
Another time
Another time
Another time
Another time
Another time
Another time
Another time
Another time
Another time
Another time
Another time
Another time
Another time
Another time
Another time
Another time
Another time
Another time
Another time
Another time
Another time
Another time
Another time
Another time
Another time
Another time
Another time
Another time
Another time
Another time
Another time
Another time
Another time
Another time
Another time
Another time
Another time
Another time
Another time
Another time
Another time
Another time
Another time
Another time
Another time
Another time
Another time
Another time
Another time
Another time
Another time
Another time
Another time
Another time
Another time
Another time
Another time
Another time
Another time
Another time
Another time
Another time
Another time
Another time
Another time
Another time
Another time
Another time
Another time
Another time
Another time
Another time
Another time
Another time
Another time
Another time
Another time
Another time
Another time
Another time
Another time
Another time
Another time
Another time
Another time
Another time
Another time
Another time
Another time
Another time
Another time
Another time
Another time
Another time
Another time
Another time
Another time
Another time
Another time
Another time
Another time
Another time
Another time
Another time
Another time
Another time
Another time
Another time
Another time
Another time
Another time
Another time
Another time
Another time
Another time
Another time
Another time
Another time
Another time
Another time
Another time
Another time
Another time
Another time
Another time
Another time
Another time
Another time
Another time
Another time
Another time
Another time
Another time
Another time
Another time
Another time
Another time
Another time
Another time
Another time
Another time
Another time
Another time
Another time
Another time
Another time
Another time
Another time
Another time
Another time
Another time
Another time
Another time
Another time
Another time
Another time
Another time
Another time
Another time
Another time
Another time
Another time
Another time
Another time
Another time
Another time
Another time
Another time
Another time
Another time
Another time
Another time
Another time
Another time
Another time
Another time
Another time
Another time
Another time
Another time
Another time
Another time
Another time
Another time
Another time
Another time
Another time
Another time
Another time
Another time
Another time
Another time
Another time
Another time
Another time
Another time
Another time
Another time
Another time
Another time
Another time
Another time
Another time
Another time
Another time
Another time
Another time
Another time
Another time
Another time
Another time
Another time
Another time
Another time
Another time
Another time
Another time
Another time
Another time
Another time
Another time
Another time
Another time
Another time
Another time
Another time
Another time
Another time
Another time
Another time
Another time
Another time
Another time
Another time
Another time
Another time
Another time
Another time
Another time
Another time
Another time
Another time
Another time
Another time
Another time
Another time
Another time
Another time
Another time
Another time
Another time
Another time
Another time
Another time
Another time
Another time
Another time
Another time
Another time
Another time
Another time
Another time
Another time
Another time
Another time
Another time
Another time
Another time
Another time
Another time
Another time
Another time
Another time
Another time
Another time
Another time
Another time
Another time
Another time
Another time
Another time
Another time
Another time
Another time
Another time
Another time
Another time
Another time
Another time
Another time
Another time
Another time
Another time
Another time
Another time
Another time
Another time
Another time
Another time
Another time
Another time
Another time
Another time
Another time
Another time
Another time
Another time
Another time
Another time
Another time
Another time
Another time
Another time
Another time
Another time
Another time
Another time
Another time
Another time
Another time
Another time
Another time
Another time
Another time
Another time
Another time
Another time
Another time
Another time
Another time
Another time
Another time
Another time
Another time
Another time
Another time
Another time
Another time
Another time
Another time
Another time
Another time
Another time
Another time
Another time
Another time
Another time
Another time
Another time
Another time
Another time
Another time
Another time
Another time
Another time
Another time
Another time
Another time
Another time
Another time
Another time
Another time
Another time
Another time
Another time
Another time
Another time
Another time
Another time
Another time
Another time
Another time
Another time
Another time
Another time
Another time
Another time
Another time
Another time
Another time
Another time
Another time
Another time
Another time
Another time
Another time
Another time
Another time
Another time
Another time
Another time
Another time
Another time
Another time
Another time
Another time
Another time
Another time
Another time
Another time
Another time
Another time
Another time
Another time
Another time
Another time
Another time
Another time
Another time
Another time
Another time
Another time
Another time
Another time
Another time
Another time
Another time
Another time
Another time
Another time
Another time
Another time
Another time
Another time
Another time
Another time
Another time
Another time
Another time
Another time
Another time
Another time
Another time
Another time
Another time
Another time
Another time
Another time
Another time
Another time
Another time
Another time
Another time
Another time
Another time
Another time
Another time
Another time
Another time
Another time
Another time
Another time
Another time
Another time
Another time
Another time
Another time
Another time
Another time
Another time
Another time
Another time
Another time
Another time
Another time
Another time
Another time
Another time
Another time
Another time
Another time
Another time
Another time
Another time
Another time
Another time
Another time
Another time
Another time
Another time
Another time
Another time
Another time
Another time
Another time
Another time
Another time
Another time
Another time
Another time
Another time
Another time
Another time
Another time
Another time
Another time
Another time
Another time
Another time
Another time
Another time
Another time
Another time
Another time
Another time
Another time
Another time
Another time
Another time
Another time
Another time
Another time
Another time
Another time
Another time
Another time
Another time
Another time
Another time
Another time
Another time
Another time
Another time
Another time
Another time
Another time
Another time
Another time
Another time
Another time
Another time
Another time
Another time
Another time
Another time
Another time
Another time
Another time
Another time
Another time
Another time
Another time
Another time
Another time
Another time
Another time
Another time
Another time
Another time
Another time
Another time
Another time
Another time
Another time
Another time
Another time
Another time
Another time
Another time
Another time
Another time
Another time
Another time
Another time
Another time
Another time
Another time
Another time
Another time
Another time
Another time
Another time
Another time
Another time
Another time
Another time
Another time
Another time
Another time
Another time
Another time
Another time
Another time
Another time
Another time
Another time
Another time
Another time
Another time
Another time
Another time
Another time
Another time
Another time
Another time
Another time
Another time
Another time
Another time
Another time
Another time
Another time
Another time
Another time
Another time
Another time
Another time
Another time
Another time
Another time
Another time
Another time
Another time
Another time
Another time
Another time
Another time
Another time
Another time
Another time
Another time
Another time
Another time
Another time
Another time
Another time
Another time
Another time
Another time
Another time
Another time
Another time
Another time
Another time
Another time
Another time
Another time
Another time
Another time
Another time
Another time
Another time
Another time
Another time
Another time
Another time
Another time
Another time
Another time
Another time
Another time
Another time
Another time
Another time
Another time
Another time
Another time
Another time
Another time
Another time
Another time
Another time
Another time
Another time
Another time
Another time
Another time
Another time
Another time
Another time
Another time
Another time
Another time
Another time
Another time
Another time
Another time
Another time
Another time
Another time
Another time
Another time
Another time
Another time
Another time
Another time
Another time
Another time
Another time
Another time
Another time
Another time
Another time
Another time
Another time
Another time
Another time
Another time
Another time
Another time
Another time
Another time
Another time
Another time
Another time
Another time
Another time
Another time
Another time
Another time
Another time
Another time
Another time
Another time
Another time
Another time
Another time
Another time
Another time
Another time
Another time
Another time
Another time
Another time
Another time
Another time
Another time
Another time
Another time
Another time
Another time
Another time
Another time
Another time
Another time
Another time
Another time
Another time
Another time
Another time
Another time
Another time
Another time
Another time
Another time
Another time
Another time
Another time
Another time
Another time
Another time
Another time
Another time
Another time
Another time
Another time
Another time
Another time
Another time
Another time
Another time
Another time
Another time
Another time
Another time
Another time
Another time
Another time
Another time
Another time
Another time
Another time
Another time
Another time
Another time
Another time
Another time
Another time
Another time
Another time
Another time
Another time
Another time
Another time
Another time
Another time
Another time
Another time
Another time
Another time
Another time
Another time
Another time
Another time
Another time
Another time
Another time
Another time
Another time
Another time
Another time
Another time
Another time
Another time
Another time
Another time
Another time
Another time
Another time
Another time
Another time
Another time
Another time
Another time
Another time
Another time
Another time
Another time
Another time
Another time
Another time
Another time
Another time
Another time
Another time
Another time
Another time
Another time
Another time
Another time
Another time
Another time
Another time
Another time
Another time
Another time
Another time
Another time
Another time
Another time
Another time
Another time
Another time
Another time
Another time
Another time
Another time
Another time
Another time
Another time
Another time
Another time
Another time
Another time
Another time
Another time
Another time
Another time
Another time
Another time
Another time
Another time
Another time
Another time
Another time
Another time
Another time
Another time
Another time
Another time
Another time
Another time
Another time
Another time
Another time
Another time
Another time
Another time
Another time
Another time
Another time
Another time
Another time
Another time
Another time
Another time
Another time
Another time
Another time
Another time
Another time
Another time
Another time
Another time
Another time
Another time
Another time
Another time
Another time
Another time
Another time
Another time
Another time
Another time
Another time
Another time
Another time
Another time
Another time
Another time
Another time
Another time
Another time
Another time
Another time
Another time
Another time
Another time
Another time
Another time
Another time
Another time
Another time
Another time
Another time
Another time
Another time
Another time
Another time
Another time
Another time
Another time
Another time
Another time
Another time
Another time
Another time
Another time
Another time
Another time
Another time
Another time
Another time
Another time
Another time
Another time
Another time
Another time
Another time
Another time
Another time
Another time
Another time
Another time
Another time
Another time
Another time
Another time
Another time
Another time
Another time
Another time
Another time
Another time
Another time
Another time
Another time
Another time
Another time
Another time
Another time
Another time
Another time
Another time
Another time
Another time
Another time
Another time
Another time
Another time
Another time
Another time
Another time
Another time
Another time
Another time
Another time
Another time
Another time
Another time
Another time
Another time
Another time
Another time
Another time
Another time
Another time
Another time
Another time
Another time
Another time
Another time
Another time
Another time
Another time
Another time
Another time
Another time
Another time
Another time
Another time
Another time
Another time
Another time
Another time
Another time
Another time
Another time
Another time
Another time
Another time
Another time
Another time
Another time
Another time
Another time
Another time
Another time
Another time
Another time
Another time
Another time
Another time
Another time
Another time
Another time
Another time
Another time
Another time
Another time
Another time
Another time
Another time
Another time
Another time
Another time
Another time
Another time
Another time
Another time
Another time
Another time
Another time
Another time
Another time
Another time
Another time
Another time
Another time
Another time
Another time
Another time
Another time
Another time
Another time
Another time
Another time
Another time
Another time
Another time
Another time
Another time
Another time
Another time
Another time
Another time
Another time
Another time
Another time
Another time
Another time
Another time
Another time
Another time
Another time
Another time
Another time
Another time
Another time
Another time
Another time
Another time
Another time
Another time
Another time
Another time
Another time
Another time
Another time
Another time
Another time
Another time
Another time
Another time
Another time
Another time
Another time
Another time
Another time
Another time
Another time
Another time
Another time
Another time
Another time
Another time
Another time
Another time
Another time
Another time
Another time
Another time
Another time
Another time
Another time
Another time
Another time
Another time
Another time
Another time
Another time
Another time
Another time
Another time
Another time
Another time
Another time
Another time
Another time
Another time
Another time
Another time
Another time
Another time
Another time
Another time
Another time
Another time
Another time
Another time
Another time
Another time
Another time
Another time
Another time
Another time
Another time
Another time
Another time
Another time
Another time
Another time
Another time
Another time
Another time
Another time
Another time
Another time
Another time
Another time
Another time
Another time
Another time
Another time
Another time
Another time
Another time
Another time
Another time
Another time
Another time
Another time
Another time
Another time
Another time
Another time
Another time
Another time
Another time
Another time
Another time
Another time
Another time
Another time
Another time
Another time
Another time
Another time
Another time
Another time
Another time
Another time
Another time
Another time
Another time
Another time
Another time
Another time
Another time
Another time
Another time
Another time
Another time
Another time
Another time
Another time
Another time
Another time
Another time
Another time
Another time
Another time
Another time
Another time
Another time
Another time
Another time
Another time
Another time
Another time
Another time
Another time
Another time
Another time
Another time
Another time
Another time
Another time
Another time
Another time
Another time
Another time
Another time
Another time
Another time
Another time
Another time
Another time
Another time
Another time
Another time
Another time
Another time
Another time
Another time
Another time
Another time
Another time
Another time
Another time
Another time
Another time
Another time
Another time
Another time
Another time
Another time
Another time
Another time
Another time
Another time
Another time
Another time
Another time
Another time
Another time
Another time
Another time
Another time
Another time
Another time
Another time
Another time
Another time
Another time
Another time
Another time
Another time
Another time
Another time
Another time
Another time
Another time
Another time
Another time
Another time
Another time
Another time
Another time
Another time
Another time
Another time
Another time
Another time
Another time
Another time
Another time
Another time
Another time
Another time
Another time
Another time
Another time
Another time
Another time
Another time
Another time
Another time
Another time
Another time
Another time
Another time
Another time
Another time
Another time
Another time
Another time
Another time
Another time
Another time
Another time
Another time
Another time
Another time
Another time
Another time
Another time
Another time
Another time
Another time
Another time
Another time
Another time
Another time
Another time
Another time
Another time
Another time
Another time
Another time
Another time
Another time
Another time
Another time
Another time
Another time
Another time
Another time
Another time
Another time
Another time
Another time
Another time
Another time
Another time
Another time
Another time
Another time
Another time
Another time
Another time
Another time
Another time
Another time
Another time
Another time
Another time
Another time
Another time
Another time
Another time
Another time
Another time
Another time
Another time
Another time
Another time
Another time
Another time
Another time
Another time
Another time
Another time
Another time
Another time
Another time
Another time
Another time
Another time
Another time
Another time
Another time
Another time
Another time
Another time
Another time
Another time
Another time
Another time
Another time
Another time
Another time
Another time
Another time
Another time
Another time
Another time
Another time
Another time
Another time
Another time
Another time
Another time
Another time
Another time
Another time
Another time
Another time
Another time
Another time
Another time
Another time
Another time
Another time
Another time
Another time
Another time
Another time
Another time
Another time
Another time
Another time
Another time
Another time
Another time
Another time
Another time
Another time
Another time
Another time
Another time
Another time
Another time
Another time
Another time
Another time
Another time
Another time
Another time
Another time
Another time
Another time
Another time
Another time
Another time
Another time
Another time
Another time
Another time
Another time
Another time
Another time
Another time
Another time
Another time
Another time
Another time
Another time
Another time
Another time
Another time
Another time
Another time
Another time
Another time
Another time
Another time
Another time
Another time
Another time
Another time
Another time
Another time
Another time
Another time
Another time
Another time
Another time
Another time
Another time
Another time
Another time
Another time
Another time
Another time
Another time
Another time
Another time
Another time
Another time
Another time
Another time
Another time
Another time
Another time
Another time
Another time
Another time
Another time
Another time
Another time
Another time
Another time
Another time
Another time
Another time
Another time
Another time
Another time
Another time
Another time
Another time
Another time
Another time
Another time
Another time
Another time
Another time
Another time
Another time
Another time
Another time
Another time
Another time
Another time
Another time
Another time
Another time
Another time
Another time
Another time
Another time
Another time
Another time
Another time
Another time
Another time
Another time
Another time
Another time
Another time
Another time
Another time
Another time
Another time
Another time
Another time
Another time
Another time
Another time
Another time
Another time
Another time
Another time
Another time
Another time
Another time
Another time
Another time
Another time
Another time
Another time
Another time
Another time
Another time
Another time
Another time
Another time
Another time
Another time
Another time
Another time
Another time
Another time
Another time
Another time
Another time
Another time
Another time
Another time
Another time
Another time
Another time
Another time
Another time
Another time
Another time
Another time
Another time
Another time
Another time
Another time
Another time
Another time
Another time
Another time
Another time
Another time
Another time
Another time
Another time
Another time
Another time
Another time
Another time
Another time
Another time
Another time
Another time
Another time
Another time
Another time
Another time
Another time
Another time
Another time
Another time
Another time
Another time
Another time
Another time
Another time
Another time
Another time
Another time
Another time
Another time
Another time
Another time
Another time
Another time
Another time
Another time
Another time
Another time
Another time
Another time
Another time
Another time
Another time
Another time
Another time
Another time
Another time
Another time
Another time
Another time
Another time
Another time
Another time
Another time
Another time
Another time
Another time
Another time
Another time
Another time
Another time
Another time
Another time
Another time
Another time
Another time
Another time
Another time
Another time
Another time
Another time
Another time
Another time
Another time
Another time
Another time
Another time
Another time
Another time
Another time
Another time
Another time
Another time
Another time
Another time
Another time
Another time
Another time
Another time
Another time
Another time
Another time
Another time
Another time
Another time
Another time
Another time
Another time
Another time
Another time
Another time
Another time
Another time
Another time
Another time
Another time
Another time
Another time
Another time
Another time
Another time
Another time
Another time
Another time
Another time
Another time
Another time
Another time
Another time
Another time
Another time
Another time
Another time
Another time
Another time
Another time
Another time
Another time
Another time
Another time
Another time
Another time
Another time
Another time
Another time
Another time
Another time
Another time
Another time
Another time
Another time
Another time
Another time
Another time
Another time
Another time
Another time
Another time
Another time
Another time
Another time
Another time
Another time
Another time
Another time
Another time
Another time
Another time
Another time
Another time
Another time
Another time
Another time
Another time
Another time
Another time
Another time
Another time
Another time
Another time
Another time
Another time
Another time
Another time
Another time
Another time
Another time
Another time
Another time
Another time
Another time
Another time
Another time
Another time
Another time
Another time
Another time
Another time
Another time
Another time
Another time
Another time
Another time
Another time
Another time
Another time
Another time
Another time
Another time
Another time
Another time
Another time
Another time
Another time
Another time
Another time
Another time
Another time
Another time
Another time
Another time
Another time
Another time
Another time
Another time
Another time
Another time
Another time
Another time
Another time
Another time
Another time
Another time
Another time
Another time
Another time
Another time
Another time
Another time
Another time
Another time
Another time
Another time
Another time
Another time
Another time
Another time
Another time
Another time
Another time
Another time
Another time
Another time
Another time
Another time
Another time
Another time
Another time
Another time
Another time
Another time
Another time
Another time
Another time
Another time
Another time
Another time
Another time
Another time
Another time
Another time
Another time
Another time
Another time
Another time
Another time
Another time
Another time
Another time
Another time
Another time
Another time
Another time
Another time
Another time
Another time
Another time
Another time
Another time
Another time
Another time
Another time
Another time
Another time
Another time
Another time
Another time
Another time
Another time
Another time
Another time
Another time
Another time
Another time
Another time
Another time
Another time
Another time
Another time
Another time
Another time
Another time
Another time
Another time
Another time
Another time
Another time
Another time
Another time
Another time
Another time
Another time
Another time
Another time
Another time
Another time
Another time
Another time
Another time
Another time
Another time
Another time
Another time
Another time
Another time
Another time
Another time
Another time
Another time
Another time
Another time
Another time
Another time
Another time
Another time
Another time
Another time
Another time
Another time
Another time
Another time
Another time
Another time
Another time
Another time
Another time
Another time
Another time
Another time
Another time
Another time
Another time
Another time
Another time
Another time
Another time
Another time
Another time
Another time
Another time
Another time
Another time
Another time
Another time
Another time
Another time
Another time
Another time
Another time
Another time
Another time
Another time
Another time
Another time
Another time
Another time
Another time
Another time
Another time
Another time
Another time
Another time
Another time
Another time
Another time
Another time
Another time
Another time
Another time
Another time
Another time
Another time
Another time
Another time
Another time
Another time
Another time
Another time
Another time
Another time
Another time
Another time
Another time
Another time
Another time
Another time
Another time
Another time
Another time
Another time
Another time
Another time
Another time
Another time
Another time
Another time
Another time
Another time
Another time
Another time
Another time
Another time
Another time
Another time
Another time
Another time
Another time
Another time
Another time
Another time
Another time
Another time
Another time
Another time
Another time
Another time
Another time
Another time
Another time
Another time
Another time
Another time
Another time
Another time
Another time
Another time
Another time
Another time
Another time
Another time
Another time
Another time
Another time
Another time
Another time
Another time
Another time
Another time
Another time
Another time
Another time
Another time
Another time
Another time
Another time
Another time
Another time
Another time
Another time
Another time
Another time
Another time
Another time
Another time
Another time
Another time
Another time
Another time
Another time
Another time
Another time
Another time
Another time
Another time
Another time
Another time
Another time
Another time
Another time
Another time
Another time
Another time
Another time
Another time
Another time
Another time
Another time
Another time
Another time
Another time
Another time
Another time
Another time
Another time
Another time
Another time
Another time
Another time
Another time
Another time
Another time
Another time
Another time
Another time
Another time
Another time
Another time
Another time
Another time
Another time
Another time
Another time
Another time
Another time
Another time
Another time
Another time
Another time
Another time
Another time
Another time
Another time
Another time
Another time
Another time
Another time
Another time
Another time
Another time
Another time
Another time
Another time
Another time
Another time
Another time
Another time
Another time
Another time
Another time
Another time
Another time
Another time
Another time
Another time
Another time
Another time
Another time
Another time
Another time
Another time
Another time
Another time
Another time
Another time
Another time
Another time
Another time
Another time
Another time
Another time
Another time
Another time
Another time
Another time
Another time
Another time
Another time
Another time
Another time
Another time
Another time
Another time
Another time
Another time
Another time
Another time
Another time
Another time
Another time
Another time
Another time
Another time
Another time
Another time
Another time
Another time
Another time
Another time
Another time
Another time
Another time
Another time
Another time
Another time
Another time
Another time
Another time
Another time
Another time
Another time
Another time
Another time
Another time
Another time
Another time
Another time
Another time
Another time
Another time
Another time
Another time
Another time
Another time
Another time
Another time
Another time
Another time
Another time
Another time
Another time
Another time
Another time
Another time
Another time
Another time
Another time
Another time
Another time
Another time
Another time
Another time
Another time
Another time
Another time
Another time
Another time
Another time
Another time
Another time
Another time
Another time
Another time
Another time
Another time
Another time
Another time
Another time
Another time
Another time
Another time
Another time
Another time
Another time
Another time
Another time
Another time
Another time
Another time
Another time
Another time
Another time
Another time
Another time
Another time
Another time
Another time
Another time
Another time
Another time
Another time
Another time
Another time
Another time
Another time
Another time
Another time
Another time
Another time
Another time
Another time
Another time
Another time
Another time
Another time
Another time
Another time
Another time
Another time
Another time
Another time
Another time
Another time
Another time
Another time
Another time
Another time
Another time
Another time
Another time
Another time
Another time
Another time
Another time
Another time
Another time
Another time
Another time
Another time
Another time
Another time
Another time
Another time
Another time
Another time
Another time
Another time
Another time
Another time
Another time
Another time
Another time
Another time
Another time
Another time
Another time
Another time
Another time
Another time
Another time
Another time
Another time
Another time
Another time
Another time
Another time
Another time
Another time
Another time
Another time
Another time
Another time
Another time
Another time
Another time
Another time
Another time
Another time
Another time
Another time
Another time
Another time
Another time
Another time
Another time
Another time
Another time
Another time
Another time
Another time
Another time
Another time
Another time
Another time
Another time
Another time
Another time
Another time
Another time
Another time
Another time
Another time
Another time
Another time
Another time
Another time
Another time
Another time
Another time
Another time
Another time
Another time
Another time
Another time
Another time
Another time
Another time
Another time
Another time
Another time
Another time
Another time
Another time
Another time
Another time
Another time
Another time
Another time
Another time
Another time
Another time
Another time
Another time
Another time
Another time
Another time
Another time
Another time
Another time
Another time
Another time
Another time
Another time
Another time
Another time
Another time
Another time
Another time
Another time
Another time
Another time
Another time
Another time
Another time
Another time
Another time
Another time
Another time
Another time
Another time
Another time
Another time
Another time
Another time
Another time
Another time
Another time
Another time
Another time
Another time
Another time
Another time
Another time
Another time
Another time
Another time
Another time
Another time
Another time
Another time
Another time
Another time
Another time
Another time
Another time
Another time
Another time
Another time
Another time
Another time
Another time
Another time
Another time
Another time
Another time
Another time
Another time
Another time
Another time
Another time
Another time
Another time
Another time
Another time
Another time
Another time
Another time
Another time
Another time
Another time
Another time
Another time
Another time
Another time
Another time
Another time
Another time
Another time
Another time
Another time
Another time
Another time
Another time
Another time
Another time
Another time
Another time
Another time
Another time
Another time
Another time
Another time
Another time
Another time
Another time
Another time
Another time
Another time
Another time
Another time
Another time
Another time
Another time
Another time
Another time
Another time
Another time
Another time
Another time
Another time
Another time
Another time
Another time
Another time
Another time
Another time
Another time
Another time
Another time
Another time
Another time
Another time
Another time
Another time
Another time
Another time
Another time
Another time
Another time
Another time
Another time
Another time
Another time
Another time
Another time
Another time
Another time
Another time
Another time
Another time
Another time
Another time
Another time
Another time
Another time
Another time
Another time
Another time
Another time
Another time
Another time
Another time
Another time
Another time
Another time
Another time
Another time
Another time
Another time
Another time
Another time
Another time
Another time
Another time
Another time
Another time
Another time
Another time
Another time
Another time
Another time
Another time
Another time
Another time
Another time
Another time
Another time
Another time
Another time
Another time
Another time
Another time
Another time
Another time
Another time
Another time
Another time
Another time
Another time
Another time
Another time
Another time
Another time
Another time
Another time
Another time
Another time
Another time
Another time
Another time
Another time
Another time
Another time
Another time
Another time
Another time
Another time
Another time
Another time
Another time
Another time
Another time
Another time
Another time
Another time
Another time
Another time
Another time
Another time
Another time
Another time
Another time
Another time
Another time
Another time
Another time
Another time
Another time
Another time
Another time
Another time
Another time
Another time
Another time
Another time
Another time
Another time
Another time
Another time
Another time
Another time
Another time
Another time
Another time
Another time
Another time
Another time
Another time
Another time
Another time
Another time
Another time
Another time
Another time
Another time
Another time
Another time
Another time
Another time
Another time
Another time
Another time
Another time
Another time
Another time
Another time
Another time
Another time
Another time
Another time
Another time
Another time
Another time
Another time
Another time
Another time
Another time
Another time
Another time
Another time
Another time
Another time
Another time
Another time
Another time
Another time
Another time
Another time
Another time
Another time
Another time
Another time
Another time
Another time
Another time
Another time
Another time
Another time
Another time
Another time
Another time
Another time
Another time
Another time
Another time
Another time
Another time
Another time
Another time
Another time
Another time
Another time
Another time
Another time
Another time
Another time
Another time
Another time
Another time
Another time
Another time
Another time
Another time
Another time
Another time
Another time
Another time
Another time
Another time
Another time
Another time
Another time
Another time
Another time
Another time
Another time
Another time
Another time
Another time
Another time
Another time
Another time
Another time
Another time
Another time
Another time
Another time
Another time
Another time
Another time
Another time
Another time
Another time
Another time
Another time
Another time
Another time
Another time
Another time
Another time
Another time
Another time
Another time
Another time
Another time
Another time
Another time
Another time
Another time
Another time
Another time
Another time
Another time
Another time
Another time
Another time
Another time
Another time
Another time
Another time
Another time
Another time
Another time
Another time
Another time
Another time
Another time
Another time
Another time
Another time
Another time
Another time
Another time
Another time
Another time
Another time
Another time
Another time
Another time
Another time
Another time
Another time
Another time
Another time
Another time
Another time
Another time
Another time
Another time
Another time
Another time
Another time
Another time
Another time
Another time
Another time
Another time
Another time
Another time
Another time
Another time
Another time
Another time
Another time
Another time
Another time
Another time
Another time
Another time
Another time
Another time
Another time
Another time
Another time
Another time
Another time
Another time
Another time
Another time
Another time
Another time
Another time
Another time
Another time
Another time
Another time
Another time
Another time
Another time
Another time
Another time
Another time
Another time
Another time
Another time
Another time
Another time
Another time
Another time
Another time
Another time
Another time
Another time
Another time
Another time
Another time
Another time
Another time
Another time
Another time
Another time
Another time
Another time
Another time
Another time
Another time
Another time
Another time
Another time
Another time
Another time
Another time
Another time
Another time
Another time
Another time
Another time
Another time
Another time
Another time
Another time
Another time
Another time
Another time
Another time
Another time
Another time
Another time
Another time
Another time
Another time
Another time
Another time
Another time
Another time
Another time
Another time
Another time
Another time
Another time
Another time
Another time
Another time
Another time
Another time
Another time
Another time
Another time
Another time
Another time
Another time
Another time
Another time
Another time
Another time
Another time
Another time
Another time
Another time
Another time
Another time
Another time
Another time
Another time
Another time
Another time
Another time
Another time
Another time
Another time
Another time
Another time
Another time
Another time
Another time
Another time
Another time
Another time
Another time
Another time
Another time
Another time
Another time
Another time
Another time
Another time
Another time
Another time
Another time
Another time
Another time
Another time
Another time
Another time
Another time
Another time
Another time
Another time
Another time
Another time
Another time
Another time
Another time
Another time
Another time
Another time
Another time
Another time
Another time
Another time
Another time
Another time
Another time
Another time
Another time
Another time
Another time
Another time
Another time
Another time
Another time
Another time
Another time
Another time
Another time
Another time
Another time
Another time
Another time
Another time
Another time
Another time
Another time
Another time
Another time
Another time
Another time
Another time
Another time
Another time
Another time
Another time
Another time
Another time
Another time
Another time
Another time
Another time
Another time
Another time
Another time
Another time
Another time
Another time
Another time
Another time
Another time
Another time
Another time
Another time
Another time
Another time
Another time
Another time
Another time
Another time
Another time
Another time
Another time
Another time
Another time
Another time
Another time
Another time
Another time
Another time
Another time
Another time
Another time
Another time
Another time
Another time
Another time
Another time
Another time
Another time
Another time
Another time
Another time
Another time
Another time
Another time
Another time
Another time
Another time
Another time
Another time
Another time
Another time
Another time
Another time
Another time
Another time
Another time
Another time
Another time
Another time
Another time
Another time
Another time
Another time
Another time
Another time
Another time
Another time
Another time
Another time
Another time
Another time
Another time
Another time
Another time
Another time
Another time
Another time
Another time
Another time
Another time
Another time
Another time
Another time
Another time
Another time
Another time
Another time
Another time
Another time
Another time
Another time
Another time
Another time
Another time
Another time
Another time
Another time
Another time
Another time
Another time
Another time
Another time
Another time
Another time
Another time
Another time
Another time
Another time
Another time
Another time
Another time
Another time
Another time
Another time
Another time
Another time
Another time
Another time
Another time
Another time
Another time
Another time
Another time
Another time
Another time
Another time
Another time
Another time
Another time
Another time
Another time
Another time
Another time
Another time
Another time
Another time
Another time
Another time
Another time
Another time
Another time
Another time
Another time
Another time
Another time
Another time
Another time
Another time
Another time
Another time
Another time
Another time
Another time
Another time
Another time
Another time
Another time
Another time
Another time
Another time
Another time
Another time
Another time
Another time
Another time
Another time
Another time
Another time
Another time
Another time
Another time
Another time
Another time
Another time
Another time
Another time
Another time
Another time
Another time
Another time
Another time
Another time
Another time
Another time
Another time
Another time
Another time
Another time
Another time
Another time
Another time
Another time
Another time
Another time
Another time
Another time
Another time
Another time
Another time
Another time
Another time
Another time
Another time
Another time
Another time
Another time
Another time
Another time
Another time
Another time
Another time
Another time
Another time
Another time
Another time
Another time
Another time
Another time
Another time
Another time
Another time
Another time
Another time
Another time
Another time
Another time
Another time
Another time
Another time
Another time
Another time
Another time
Another time
Another time
Another time
Another time
Another time
Another time
Another time
Another time
Another time
Another time
Another time
Another time
Another time
Another time
Another time
Another time
Another time
Another time
Another time
Another time
Another time
Another time
Another time
Another time
Another time
Another time
Another time
Another time
Another time
Another time
Another time
Another time
Another time
Another time
Another time
Another time
Another time
Another time
Another time
Another time
Another time
Another time
Another time
Another time
Another time
Another time
Another time
Another time
Another time
Another time
Another time
Another time
Another time
Another time
Another time
Another time
Another time
Another time
Another time
Another time
Another time
Another time
Another time
Another time
Another time
Another time
Another time
Another time
Another time
Another time
Another time
Another time
Another time
Another time
Another time
Another time
Another time
Another time
Another time
Another time
Another time
Another time
Another time
Another time
Another time
Another time
Another time
Another time
Another time
Another time
Another time
Another time
Another time
Another time
Another time
Another time
Another time
Another time
Another time
Another time
Another time
Another time
Another time
Another time
Another time
Another time
Another time
Another time
Another time
Another time
Another time
Another time
Another time
Another time
Another time
Another time
Another time
Another time
Another time
Another time
Another time
Another time
Another time
Another time
Another time
Another time
Another time
Another time
Another time
Another time
Another time
Another time
Another time
Another time
Another time
Another time
Another time
Another time
Another time
Another time
Another time
Another time
Another time
Another time
Another time
Another time
Another time
Another time
Another time
Another time
Another time
Another time
Another time
Another time
Another time
Another time
Another time
Another time
Another time
Another time
Another time
Another time
Another time
Another time
Another time
Another time
Another time
Another time
Another time
Another time
Another time
Another time
Another time
Another time
Another time
Another time
Another time
Another time
Another time
Another time
Another time
Another time
Another time
Another time
Another time
Another time
Another time
Another time
Another time
Another time
Another time
Another time
Another time
Another time
Another time
Another time
Another time
Another time
Another time
Another time
Another time
Another time
Another time
Another time
Another time
Another time
Another time
Another time
Another time
Another time
Another time
Another time
Another time
Another time
Another time
Another time
Another time
Another time
Another time
Another time
Another time
Another time
Another time
Another time
Another time
Another time
Another time
Another time
Another time
Another time
Another time
Another time
Another time
Another time
Another time
Another time
Another time
Another time
Another time
Another time
Another time
Another time
Another time
Another time
Another time
Another time
Another time
Another time
Another time
Another time
Another time
Another time
Another time
Another time
Another time
Another time
Another time
Another time
Another time
Another time
Another time
Another time
Another time
Another time
Another time
Another time
Another time
Another time
Another time
Another time
Another time
Another time
Another time
Another time
Another time
Another time
Another time
Another time
Another time
Another time
Another time
Another time
Another time
Another time
Another time
Another time
Another time
Another time
Another time
Another time
Another time
Another time
Another time
Another time
Another time
Another time
Another time
Another time
Another time
Another time
Another time
Another time
Another time
Another time
Another time
Another time
Another time
Another time
Another time
Another time
Another time
Another time
Another time
Another time
Another time
Another time
Another time
Another time
Another time
Another time
Another time
Another time
Another time
Another time
Another time
Another time
Another time
Another time
Another time
Another time
Another time
Another time
Another time
Another time
Another time
Another time
Another time
Another time
Another time
Another time
Another time
Another time
Another time
Another time
Another time
Another time
Another time
Another time
Another time
Another time
Another time
Another time
Another time
Another time
Another time
Another time
Another time
Another time
Another time
Another time
Another time
Another time
Another time
Another time
Another time
Another time
Another time
Another time
Another time
Another time
Another time
Another time
Another time
Another time
Another time
Another time
Another time
Another time
Another time
Another time
Another time
Another time
Another time
Another time
Another time
Another time
Another time
Another time
Another time
Another time
Another time
Another time
Another time
Another time
Another time
Another time
Another time
Another time
Another time
Another time
Another time
Another time
Another time
Another time
Another time
Another time
Another time
Another time
Another time
Another time
Another time
Another time
Another time
Another time
Another time
Another time
Another time
Another time
Another time
Another time
Another time
Another time
Another time
Another time
Another time
Another time
Another time
Another time
Another time
Another time
Another time
Another time
Another time
Another time
Another time
Another time
Another time
Another time
Another time
Another time
Another time
Another time
Another time
Another time
Another time
Another time
Another time
Another time
Another time
Another time
Another time
Another time
Another time
Another time
Another time
Another time
Another time
Another time
Another time
Another time
Another time
Another time
Another time
Another time
Another time
Another time
Another time
Another time
Another time
Another time
Another time
Another time
Another time
Another time
Another time
Another time
Another time
Another time
Another time
Another time
Another time
Another time
Another time
Another time
Another time
Another time
Another time
Another time
Another time
Another time
Another time
Another time
Another time
Another time
Another time
Another time
Another time
Another time
Another time
Another time
Another time
Another time
Another time
Another time
Another time
Another time
Another time
Another time
Another time
Another time
Another time
Another time
Another time
Another time
Another time
Another time
Another time
Another time
Another time
Another time
Another time
Another time
Another time
Another time
Another time
Another time
Another time
Another time
Another time
Another time
Another time
Another time
Another time
Another time
Another time
Another time
Another time
Another time
Another time
Another time
Another time
Another time
Another time
Another time
Another time
Another time
Another time
Another time
Another time
Another time
Another time
Another time
Another time
Another time
Another time
Another time
Another time
Another time
Another time
Another time
Another time
Another time
Another time
Another time
Another time
Another time
Another time
Another time
Another time
Another time
Another time
Another time
Another time
Another time
Another time
Another time
Another time
Another time
Another time
Another time
Another time
Another time
Another time
Another time
Another time
Another time
Another time
Another time
Another time
Another time
Another time
Another time
Another time
Another time
Another time
Another time
Another time
Another time
Another time
Another time
Another time
Another time
Another time
Another time
Another time
Another time
Another time
Another time
Another time
Another time
Another time
Another time
Another time
Another time
Another time
Another time
Another time
Another time
Another time
Another time
Another time
Another time
Another time
Another time
Another time
Another time
Another time
Another time
Another time
Another time
Another time
Another time
Another time
Another time
Another time
Another time
Another time
Another time
Another time
Another time
Another time
Another time
Another time
Another time
Another time
Another time
Another time
Another time
Another time
Another time
Another time
Another time
Another time
Another time
Another time
Another time
Another time
Another time
Another time
Another time
Another time
Another time
Another time
Another time
Another time
Another time
Another time
Another time
Another time
Another time
Another time
Another time
Another time
Another time
Another time
Another time
Another time
Another time
Another time
Another time
Another time
Another time
Another time
Another time
Another time
Another time
Another time
Another time
Another time
Another time
Another time
Another time
Another time
Another time
Another time
Another time
Another time
Another time
Another time
Another time
Another time
Another time
Another time
Another time
Another time
Another time
Another time
Another time
Another time
Another time
Another time
Another time
Another time
Another time
Another time
Another time
Another time
Another time
Another time
Another time
Another time
Another time
Another time
Another time
Another time
Another time
Another time
Another time
Another time
Another time
Another time
Another time
Another time
Another time
Another time
Another time
Another time
Another time
Another time
Another time
Another time
Another time
Another time
Another time
Another time
Another time
Another time
Another time
Another time
Another time
Another time
Another time
Another time
Another time
Another time
Another time
Another time
Another time
Another time
Another time
Another time
Another time
Another time
Another time
Another time
Another time
Another time
Another time
Another time
Another time
Another time
Another time
Another time
Another time
Another time
Another time
Another time
Another time
Another time
Another time
Another time
Another time
Another time
Another time
Another time
Another time
Another time
Another time
Another time
Another time
Another time
Another time
Another time
Another time
Another time
Another time
Another time
Another time
Another time
Another time
Another time
Another time
Another time
Another time
Another time
Another time
Another time
Another time
Another time
Another time
Another time
Another time
Another time
Another time
Another time
Another time
Another time
Another time
Another time
Another time
Another time
Another time
Another time
Another time
Another time
Another time
Another time
Another time
Another time
Another time
Another time
Another time
Another time
Another time
Another time
Another time
Another time
Another time
Another time
Another time
Another time
Another time
Another time
Another time
Another time
Another time
Another time
Another time
Another time
Another time
Another time
Another time
Another time
Another time
Another time
Another time
Another time
Another time
Another time
Another time
Another time
Another time
Another time
Another time
Another time
Another time
Another time
Another time
Another time
Another time
Another time
Another time
Another time
Another time
Another time
Another time
Another time
Another time
Another time
Another time
Another time
Another time
Another time
Another time
Another time
Another time
Another time
Another time
Another time
Another time
Another time
Another time
Another time
Another time
Another time
Another time
Another time
Another time
Another time
Another time
Another time
Another time
Another time
Another time
Another time
Another time
Another time
Another time
Another time
Another time
Another time
Another time
Another time
Another time
Another time
Another time
Another time
Another time
Another time
Another time
Another time
Another time
Another time
Another time
Another time
Another time
Another time
Another time
Another time
Another time
Another time
Another time
Another time
Another time
Another time
Another time
Another time
Another time
Another time
Another time
Another time
Another time
Another time
Another time
Another time
Another time
Another time
Another time
Another time
Another time
Another time
Another time
Another time
Another time
Another time
Another time
Another time
Another time
Another time
Another time
Another time
Another time
Another time
Another time
Another time
Another time
Another time
Another time
Another time
Another time
Another time
Another time
Another time
Another time
Another time
Another time
Another time
Another time
Another time
Another time
Another time
Another time
Another time
Another time
Another time
Another time
Another time
Another time
Another time
Another time
Another time
Another time
Another time
Another time
Another time
Another time
Another time
Another time
Another time
Another time
Another time
Another time
Another time
Another time
Another time
Another time
Another time
Another time
Another time
Another time
Another time
Another time
Another time
Another time
Another time
Another time
Another time
Another time
Another time
Another time
Another time
Another time
Another time
Another time
Another time
Another time
Another time
Another time
Another time
Another time
Another time
Another time
Another time
Another time
Another time
Another time
Another time
Another time
Another time
Another time
Another time
Another time
Another time
Another time
Another time
Another time
Another time
Another time
Another time
Another time
Another time
Another time
Another time
Another time
Another time
Another time
Another time
Another time
Another time
Another time
Another time
Another time
Another time
Another time
Another time
Another time
Another time
Another time
Another time
Another time
Another time
Another time
Another time
Another time
Another time
Another time
Another time
Another time
Another time
Another time
Another time
Another time
Another time
Another time
Another time
Another time
Another time
Another time
Another time
Another time
Another time
Another time
Another time
Another time
Another time
Another time
Another time
Another time
Another time
Another time
Another time
Another time
Another time
Another time
Another time
Another time
Another time
Another time
Another time
Another time
Another time
Another time
Another time
Another time
Another time
Another time
Another time
Another time
Another time
Another time
Another time
Another time
Another time
Another time
Another time
Another time
Another time
Another time
Another time
Another time
Another time
Another time
Another time
Another time
Another time
Another time
Another time
Another time
Another time
Another time
Another time
Another time
Another time
Another time
Another time
Another time
Another time
Another time
Another time
Another time
Another time
Another time
Another time
Another time
Another time
Another time
Another time
Another time
Another time
Another time
Another time
Another time
Another time
Another time
Another time
Another time
Another time
Another time
Another time
Another time
Another time
Another time
Another time
Another time
Another time
Another time
Another time
Another time
Another time
Another time
Another time
Another time
Another time
Another time
Another time
Another time
Another time
Another time
Another time
Another time
Another time
Another time
Another time
Another time
Another time
Another time
Another time
Another time
Another time
Another time
Another time
Another time
Another time
Another time
Another time
Another time
Another time
Another time
Another time
Another time
Another time
Another time
Another time
Another time
Another time
Another time
Another time
Another time
Another time
Another time
Another time
Another time
Another time
Another time
Another time
Another time
Another time
Another time
Another time
Another time
Another time
Another time
Another time
Another time
Another time
Another time
Another time
Another time
Another time
Another time
Another time
Another time
Another time
Another time
Another time
Another time
Another time
Another time
Another time
Another time
Another time
Another time
Another time
Another time
Another time
Another time
Another time
Another time
Another time
Another time
Another time
Another time
Another time
Another time
Another time
Another time
Another time
Another time
Another time
Another time
Another time
Another time
Another time
Another time
Another time
Another time
Another time
Another time
Another time
Another time
Another time
Another time
Another time
Another time
Another time
Another time
Another time
Another time
Another time
Another time
Another time
Another time
Another time
Another time
Another time
Another time
Another time
Another time
Another time
Another time
Another time
Another time
Another time
Another time
Another time
Another time
Another time
Another time
Another time
Another time
Another time
Another time
Another time
Another time
Another time
Another time
Another time
Another time
Another time
Another time
Another time
Another time
Another time
Another time
Another time
Another time
Another time
Another time
Another time
Another time
Another time
Another time
Another time
Another time
Another time
Another time
Another time
Another time
Another time
Another time
Another time
Another time
Another time
Another time
Another time
Another time
Another time
Another time
Another time
Another time
Another time
Another time
Another time
Another time
Another time
Another time
Another time
Another time
Another time
Another time
Another time
Another time
Another time
Another time
Another time
Another time
Another time
Another time
Another time
Another time
Another time
Another time
Another time
Another time
Another time
Another time
Another time
Another time
Another time
Another time
Another time
Another time
Another time
Another time
Another time
Another time
Another time
Another time
Another time
Another time
Another time
Another time
Another time
Another time
Another time
Another time
Another time
Another time
Another time
Another time
Another time
Another time
Another time
Another time
Another time
Another time
Another time
Another time
Another time
Another time
Another time
Another time
Another time
Another time
Another time
Another time
Another time
Another time
Another time
Another time
Another time
Another time
Another time
Another time
Another time
Another time
Another time
Another time
Another time
Another time
Another time
Another time
Another time
Another time
Another time
Another time
Another time
Another time
Another time
Another time
Another time
Another time
Another time
Another time
Another time
Another time
Another time
Another time
Another time
Another time
Another time
Another time
Another time
Another time
Another time
Another time
Another time
Another time
Another time
Another time
Another time
Another time
Another time
Another time
Another time
Another time
Another time
Another time
Another time
Another time
Another time
Another time
Another time
Another time
Another time
Another time
Another time
Another time
Another time
Another time
Another time
Another time
Another time
Another time
Another time
Another time
Another time
Another time
Another time
Another time
Another time
Another time
Another time
Another time
Another time
Another time
Another time
Another time
Another time
Another time
Another time
Another time
Another time
Another time
Another time
Another time
Another time
Another time
Another time
Another time
Another time
Another time
Another time
Another time
Another time
Another time
Another time
Another time
Another time
Another time
Another time
Another time
Another time
Another time
Another time
Another time
Another time
Another time
Another time
Another time
Another time
Another time
Another time
Another time
Another time
Another time
Another time
Another time
Another time
Another time
Another time
Another time
Another time
Another time
Another time
Another time
Another time
Another time
Another time
Another time
Another time
Another time
Another time
Another time
Another time
Another time
Another time
Another time
Another time
Another time
Another time
Another time
Another time
Another time
Another time
Another time
Another time
Another time
Another time
Another time
Another time
Another time
Another time
Another time
Another time
Another time
Another time
Another time
Another time
Another time
Another time
Another time
Another time
Another time
Another time
Another time
Another time
Another time
Another time
Another time
Another time
Another time
Another time
Another time
Another time
Another time
Another time
Another time
Another time
Another time
Another time
Another time
Another time
Another time
Another time
Another time
Another time
Another time
Another time
Another time
Another time
Another time
Another time
Another time
Another time
Another time
Another time
Another time
Another time
Another time
Another time
Another time
Another time
Another time
Another time
Another time
Another time
Another time
Another time
Another time
Another time
Another time
Another time
Another time
Another time
Another time
Another time
Another time
Another time
Another time
Another time
Another time
Another time
Another time
Another time
Another time
Another time
Another time
Another time
Another time
Another time
Another time
Another time
Another time
Another time
Another time
Another time
Another time
Another time
Another time
Another time
Another time
Another time
Another time
Another time
Another time
Another time
Another time
Another time
Another time
Another time
Another time
Another time
Another time
Another time
Another time
Another time
Another time
Another time
Another time
Another time
Another time
Another time
Another time
Another time
Another time
Another time
Another time
Another time
Another time
Another time
Another time
Another time
Another time
Another time
Another time
Another time
Another time
Another time
Another time
Another time
Another time
Another time
Another time
Another time
Another time
Another time
Another time
Another time
Another time
Another time
Another time
Another time
Another time
Another time
Another time
Another time
Another time
Another time
Another time
Another time
Another time
Another time
Another time
Another time
Another time
Another time
Another time
Another time
Another time
Another time
Another time
Another time
Another time
Another time
Another time
Another time
Another time
Another time
Another time
Another time
Another time
Another time
Another time
Another time
Another time
Another time
Another time
Another time
Another time
Another time
Another time
Another time
Another time
Another time
Another time
Another time
Another time
Another time
Another time
Another time
Another time
Another time
Another time
Another time
Another time
Another time
Another time
Another time
Another time
Another time
Another time
Another time
Another time
Another time
Another time
Another time
Another time
Another time
Another time
Another time
Another time
Another time
Another time
Another time
Another time
Another time
Another time
Another time
Another time
Another time
Another time
Another time
Another time
Another time
Another time
Another time
Another time
Another time
Another time
Another time
Another time
Another time
Another time
Another time
Another time
Another time
Another time
Another time
Another time
Another time
Another time
Another time
Another time
Another time
Another time
Another time
Another time
Another time
Another time
Another time
Another time
Another time
Another time
Another time
Another time
Another time
Another time
Another time
Another time
Another time
Another time
Another time
Another time
Another time
Another time
Another time
Another time
Another time
Another time
Another time
Another time
Another time
Another time
Another time
Another time
Another time
Another time
Another time
Another time
Another time
Another time
Another time
Another time
Another time
Another time
Another time
Another time
Another time
Another time
Another time
Another time
Another time
Another time
Another time
Another time
Another time
Another time
Another time
Another time
Another time
Another time
Another time
Another time
Another time
Another time
Another time
Another time
Another time
Another time
Another time
Another time
Another time
Another time
Another time
Another time
Another time
Another time
Another time
Another time
Another time
Another time
Another time
Another time
Another time
Another time
Another time
Another time
Another time
Another time
Another time
Another time
Another time
Another time
Another time
Another time
Another time
Another time
Another time
Another time
Another time
Another time
Another time
Another time
Another time
Another time
Another time
Another time
Another time
Another time
Another time
Another time
Another time
Another time
Another time
Another time
Another time
Another time
Another time
Another time
Another time
Another time
Another time
Another time
Another time
Another time
Another time
Another time
Another time
Another time
Another time
Another time
Another time
Another time
Another time
Another time
Another time
Another time
Another time
Another time
Another time
Another time
Another time
Another time
Another time
Another time
Another time
Another time
Another time
Another time
Another time
Another time
Another time
Another time
Another time
Another time
Another time
Another time
Another time
Another time
Another time
Another time
Another time
Another time
Another time
Another time
Another time
Another time
Another time
Another time
Another time
Another time
Another time
Another time
Another time
Another time
Another time
Another time
Another time
Another time
Another time
Another time
Another time
Another time
Another time
Another time
Another time
Another time
Another time
Another time
Another time
Another time
Another time
Another time
Another time
Another time
Another time
Another time
Another time
Another time
Another time
Another time
Another time
Another time
Another time
Another time
Another time
Another time
Another time
Another time
Another time
Another time
Another time
Another time
Another time
Another time
Another time
Another time
Another time
Another time
Another time
Another time
Another time
Another time
Another time
Another time
Another time
Another time
Another time
Another time
Another time
Another time
Another time
Another time
Another time
Another time
Another time
Another time
Another time
Another time
Another time
Another time
Another time
Another time
Another time
Another time
Another time
Another time
Another time
Another time
Another time
Another time
Another time
Another time
Another time
Another time
Another time
Another time
Another time
Another time
Another time
Another time
Another time
Another time
Another time
Another time
Another time
Another time
Another time
Another time
Another time
Another time
Another time
Another time
Another time
Another time
Another time
Another time
Another time
Another time
Another time
Another time
Another time
Another time
Another time
Another time
Another time
Another time
Another time
Another time
Another time
Another time
Another time
Another time
Another time
Another time
Another time
Another time
Another time
Another time
Another time
Another time
Another time
Another time
Another time
Another time
Another time
Another time
Another time
Another time
Another time
Another time
Another time
Another time
Another time
Another time
Another time
Another time
Another time
Another time
Another time
Another time
Another time
Another time
Another time
Another time
Another time
Another time
Another time
Another time
Another time
Another time
Another time
Another time
Another time
Another time
Another time
Another time
Another time
Another time
Another time
Another time
Another time
Another time
Another time
Another time
Another time
Another time
Another time
Another time
Another time
Another time
Another time
Another time
Another time
Another time
Another time
Another time
Another time
Another time
Another time
Another time
Another time
Another time
Another time
Another time
Another time
Another time
Another time
Another time
Another time
Another time
Another time
Another time
Another time
Another time
Another time
Another time
Another time
Another time
Another time
Another time
Another time
Another time
Another time
Another time
Another time
Another time
Another time
Another time
Another time
Another time
Another time
Another time
Another time
Another time
Another time
Another time
Another time
Another time
Another time
Another time
Another time
Another time
Another time
Another time
Another time
Another time
Another time
Another time
Another time
Another time
Another time
Another time
Another time
Another time
Another time
Another time
Another time
Another time
Another time
Another time
Another time
Another time
Another time
Another time
Another time
Another time
Another time
Another time
Another time
Another time
Another time
Another time
Another time
Another time
Another time
Another time
Another time
Another time
Another time
Another time
Another time
Another time
Another time
Another time
Another time
Another time
Another time
Another time
Another time
Another time
Another time
Another time
Another time
Another time
Another time
Another time
Another time
Another time
Another time
Another time
Another time
Another time
Another time
Another time
Another time
Another time
Another time
Another time
Another time
Another time
Another time
Another time
Another time
Another time
Another time
Another time
Another time
Another time
Another time
Another time
Another time
Another time
Another time
Another time
Another time
Another time
Another time
Another time
Another time
Another time
Another time
Another time
Another time
Another time
Another time
Another time
Another time
Another time
Another time
Another time
Another time
Another time
Another time
Another time
Another time
Another time
Another time
Another time
Another time
Another time
Another time
Another time
Another time
Another time
Another time
Another time
Another time
Another time
Another time
Another time
Another time
Another time
Another time
Another time
Another time
Another time
Another time
Another time
Another time
Another time
Another time
Another time
Another time
Another time
Another time
Another time
Another time
Another time
Another time
Another time
Another time
Another time
Another time
Another time
Another time
Another time
Another time
Another time
Another time
Another time
Another time
Another time
Another time
Another time
Another time
Another time
Another time
Another time
Another time
Another time
Another time
Another time
Another time
Another time
Another time
Another time
Another time
Another time
Another time
Another time
Another time
Another time
Another time
Another time
Another time
Another time
Another time
Another time
Another time
Another time
Another time
Another time
Another time
Another time
Another time
Another time
Another time
Another time
Another time
Another time
Another time
Another time
Another time
Another time
Another time
Another time
Another time
Another time
Another time
Another time
Another time
Another time
Another time
Another time
Another time
Another time
Another time
Another time
Another time
Another time
Another time
Another time
Another time
Another time
Another time
Another time
Another time
Another time
Another time
Another time
Another time
Another time
Another time
Another time
Another time
Another time
Another time
Another time
Another time
Another time
Another time
Another time
Another time
Another time
Another time
Another time
Another time
Another time
Another time
Another time
Another time
Another time
Another time
Another time
Another time
Another time
Another time
Another time
Another time
Another time
Another time
Another time
Another time
Another time
Another time
Another time
Another time
Another time
Another time
Another time
Another time
Another time
Another time
Another time
Another time
Another time
Another time
Another time
Another time
Another time
Another time
Another time
Another time
Another time
Another time
Another time
Another time
Another time
Another time
Another time
Another time
Another time
Another time
Another time
Another time
Another time
Another time
Another time
Another time
Another time
Another time
Another time
Another time
Another time
Another time
Another time
Another time
Another time
Another time
Another time
Another time
Another time
Another time
Another time
Another time
Another time
Another time
Another time
Another time
Another time
Another time
Another time
Another time
Another time
Another time
Another time
Another time
Another time
Another time
Another time
Another time
Another time
Another time
Another time
Another time
Another time
Another time
Another time
Another time
Another time
Another time
Another time
Another time
Another time
Another time
Another time
Another time
Another time
Another time
Another time
Another time
Another time
Another time
Another time
Another time
Another time
Another time
Another time
Another time
Another time
Another time
Another time
Another time
Another time
Another time
Another time
Another time
Another time
Another time
Another time
Another time
Another time
Another time
Another time
Another time
Another time
Another time
Another time
Another time
Another time
Another time
Another time
Another time
Another time
Another time
Another time
Another time
Another time
Another time
Another time
Another time
Another time
Another time
Another time
Another time
Another time
Another time
Another time
Another time
Another time
Another time
Another time
Another time
Another time
Another time
Another time
Another time
Another time
Another time
Another time
Another time
Another time
Another time
Another time
Another time
Another time
Another time
Another time
Another time
Another time
Another time
Another time
Another time
Another time
Another time
Another time
Another time
Another time
Another time
Another time
Another time
Another time
Another time
Another time
Another time
Another time
Another time
Another time
Another time
Another time
Another time
Another time
Another time
Another time
Another time
Another time
Another time
Another time
Another time
Another time
Another time
Another time
Another time
Another time
Another time
Another time
Another time
Another time
Another time
Another time
Another time
Another time
Another time
Another time
Another time
Another time
Another time
Another time
Another time
Another time
Another time
Another time
Another time
Another time
Another time
Another time
Another time
Another time
Another time
Another time
Another time
Another time
Another time
Another time
Another time
Another time
Another time
Another time
Another time
Another time
Another time
Another time
Another time
Another time
Another time
Another time
Another time
Another time
Another time
Another time
Another time
Another time
Another time
Another time
Another time
Another time
Another time
Another time
Another time
Another time
Another time
Another time
Another time
Another time
Another time
Another time
Another time
Another time
Another time
Another time
Another time
Another time
Another time
Another time
Another time
Another time
Another time
Another time
Another time
Another time
Another time
Another time
Another time
Another time
Another time
Another time
Another time
Another time
Another time
Another time
Another time
Another time
Another time
Another time
Another time
Another time
Another time
Another time
Another time
Another time
Another time
Another time
Another time
Another time
Another time
Another time
Another time
Another time
Another time
Another time
Another time
Another time
Another time
Another time
Another time
Another time
Another time
Another time
Another time
Another time
Another time
Another time
Another time
Another time
Another time
Another time
Another time
Another time
Another time
Another time
Another time
Another time
Another time
Another time
Another time
Another time
Another time
Another time
Another time
Another time
Another time
Another time
Another time
Another time
Another time
Another time
Another time
Another time
Another time
Another time
Another time
Another time
Another time
Another time
Another time
Another time
Another time
Another time
Another time
Another time
Another time
Another time
Another time
Another time
Another time
Another time
Another time
Another time
Another time
Another time
Another time
Another time
Another time
Another time
Another time
Another time
Another time
Another time
Another time
Another time
Another time
Another time
Another time
Another time
Another time
Another time
Another time
Another time
Another time
Another time
Another time
Another time
Another time
Another time
Another time
Another time
Another time
Another time
Another time
Another time
Another time
Another time
Another time
Another time
Another time
Another time
Another time
Another time
Another time
Another time
Another time
Another time
Another time
Another time
Another time
Another time
Another time
Another time
Another time
Another time
Another time
Another time
Another time
Another time
Another time
Another time
Another time
Another time
Another time
Another time
Another time
Another time
Another time
Another time
Another time
Another time
Another time
Another time
Another time
Another time
Another time
Another time
Another time
Another time
Another time
Another time
Another time
Another time
Another time
Another time
Another time
Another time
Another time
Another time
Another time
Another time
Another time
Another time
Another time
Another time
Another time
Another time
Another time
Another time
Another time
Another time
Another time
Another time
Another time
Another time
Another time
Another time
Another time
Another time
Another time
Another time
Another time
Another time
Another time
Another time
Another time
Another time
Another time
Another time
Another time
Another time
Another time
Another time
Another time
Another time
Another time
Another time
Another time
Another time
Another time
Another time
Another time
Another time
Another time
Another time
Another time
Another time
Another time
Another time
Another time
Another time
Another time
Another time
Another time
Another time
Another time
Another time
Another time
Another time
Another time
Another time
Another time
Another time
Another time
Another time
Another time
Another time
Another time
Another time
Another time
Another time
Another time
Another time
Another time
Another time
Another time
Another time
Another time
Another time
Another time
Another time
Another time
Another time
Another time
Another time
Another time
Another time
Another time
Another time
Another time
Another time
Another time
Another time
Another time
Another time
Another time
Another time
Another time
Another time
Another time
Another time
Another time
Another time
Another time
Another time
Another time
Another time
Another time
Another time
Another time
Another time
Another time
Another time
Another time
Another time
Another time
Another time
Another time
Another time
Another time
Another time
Another time
Another time
Another time
Another time
Another time
Another time
Another time
Another time
Another time
Another time
Another time
Another time
Another time
Another time
Another time
Another time
Another time
Another time
Another time
Another time
Another time
Another time
Another time
Another time
Another time
Another time
Another time
Another time
Another time
Another time
Another time
Another time
Another time
Another time
Another time
Another time
Another time
Another time
Another time
Another time
Another time
Another time
Another time
Another time
Another time
Another time
Another time
Another time
Another time
Another time
Another time
Another time
Another time
Another time
Another time
Another time
Another time
Another time
Another time
Another time
Another time
Another time
Another time
Another time
Another time
Another time
Another time
Another time
Another time
Another time
Another time
Another time
Another time
Another time
Another time
Another time
Another time
Another time
Another time
Another time
Another time
Another time
Another time
Another time
Another time
Another time
Another time
Another time
Another time
Another time
Another time
Another time
Another time
Another time
Another time
Another time
Another time
Another time
Another time
Another time
Another time
Another time
Another time
Another time
Another time
Another time
Another time
Another time
Another time
Another time
Another time
Another time
Another time
Another time
Another time
Another time
Another time
Another time
Another time
Another time
Another time
Another time
Another time
Another time
Another time
Another time
Another time
Another time
Another time
Another time
Another time
Another time
Another time
Another time
Another time
Another time
Another time
Another time
Another time
Another time
Another time
Another time
Another time
Another time
Another time
Another time
Another time
Another time
Another time
Another time
Another time
Another time
Another time
Another time
Another time
Another time
Another time
Another time
Another time
Another time
Another time
Another time
Another time
Another time
Another time
Another time
Another time
Another time
Another time
Another time
Another time
Another time
Another time
Another time
Another time
Another time
Another time
Another time
Another time
Another time
Another time
Another time
Another time
Another time
Another time
Another time
Another time
Another time
Another time
Another time
Another time
Another time
Another time
Another time
Another time
Another time
Another time
Another time
Another time
Another time
Another time
Another time
Another time
Another time
Another time
Another time
Another time
Another time
Another time
Another time
Another time
Another time
Another time
Another time
Another time
Another time
Another time
Another time
Another time
Another time
Another time
Another time
Another time
Another time
Another time
Another time
Another time
Another time
Another time
Another time
Another time
Another time
Another time
Another time
Another time
Another time
Another time
Another time
Another time
Another time
Another time
Another time
Another time
Another time
Another time
Another time
Another time
Another time
Another time
Another time
Another time
Another time
Another time
Another time
Another time
Another time
Another time
Another time
Another time
Another time
Another time
Another time
Another time
Another time
Another time
Another time
Another time
Another time
Another time
Another time
Another time
Another time
Another time
Another time
Another time
Another time
Another time
Another time
Another time
Another time
Another time
Another time
Another time
Another time
Another time
Another time
Another time
Another time
Another time
Another time
Another time
Another time
Another time
Another time
Another time
Another time
Another time
Another time
Another time
Another time
Another time
Another time
Another time
Another time
Another time
Another time
Another time
Another time
Another time
Another time
Another time
Another time
Another time
Another time
Another time
Another time
Another time
Another time
Another time
Another time
Another time
Another time
Another time
Another time
Another time
Another time
Another time
Another time
Another time
Another time
Another time
Another time
Another time
Another time
Another time
Another time
Another time
Another time
Another time
Another time
Another time
Another time
Another time
Another time
Another time
Another time
Another time
Another time
Another time
Another time
Another time
Another time
Another time
Another time
Another time
Another time
Another time
Another time
Another time
Another time
Another time
Another time
Another time
Another time
Another time
Another time
Another time
Another time
Another time
Another time
Another time
Another time
Another time
Another time
Another time
Another time
Another time
Another time
Another time
Another time
Another time
Another time
Another time
Another time
Another time
Another time
Another time
Another time
Another time
Another time
Another time
Another time
Another time
Another time
Another time
Another time
Another time
Another time
Another time
Another time
Another time
Another time
Another time
Another time
Another time
Another time
Another time
Another time
Another time
Another time
Another time
Another time
Another time
Another time
Another time
Another time
Another time
Another time
Another time
Another time
Another time
Another time
Another time
Another time
Another time
Another time
Another time
Another time
Another time
Another time
Another time
Another time
Another time
Another time
Another time
Another time
Another time
Another time
Another time
Another time
Another time
Another time
Another time
Another time
Another time
Another time
Another time
Another time
Another time
Another time
Another time
Another time
Another time
Another time
Another time
Another time
Another time
Another time
Another time
Another time
Another time
Another time
Another time
Another time
Another time
Another time
Another time
Another time
Another time
Another time
Another time
Another time
Another time
Another time
Another time
Another time
Another time
Another time
Another time
Another time
Another time
Another time
Another time
Another time
Another time
Another time
Another time
Another time
Another time
Another time
Another time
Another time
Another time
Another time
Another time
Another time
Another time
Another time
Another time
Another time
Another time
Another time
Another time
Another time
Another time
Another time
Another time
Another time
Another time
Another time
Another time
Another time
Another time
Another time
Another time
Another time
Another time
Another time
Another time
Another time
Another time
Another time
Another time
Another time
Another time
Another time
Another time
Another time
Another time
Another time
Another time
Another time
Another time
Another time
Another time
Another time
Another time
Another time
Another time
Another time
Another time
Another time
Another time
Another time
Another time
Another time
Another time
Another time
Another time
Another time
Another time
Another time
Another time
Another time
Another time
Another time
Another time
Another time
Another time
Another time
Another time
Another time
Another time
Another time
Another time
Another time
Another time
Another time
Another time
Another time
Another time
Another time
Another time
Another time
Another time
Another time
Another time
Another time
Another time
Another time
Another time
Another time
Another time
Another time
Another time
Another time
Another time
Another time
Another time
Another time
Another time
Another time
Another time
Another time
Another time
Another time
Another time
Another time
Another time
Another time
Another time
Another time
Another time
Another time
Another time
Another time
Another time
Another time
Another time
Another time
Another time
Another time
Another time
Another time
Another time
Another time
Another time
Another time
Another time
Another time
Another time
Another time
Another time
Another time
Another time
Another time
Another time
Another time
Another time
Another time
Another time
Another time
Another time
Another time
Another time
Another time
Another time
Another time
Another time
Another time
Another time
Another time
Another time
Another time
Another time
Another time
Another time
Another time
Another time
Another time
Another time
Another time
Another time
Another time
Another time
Another time
Another time
Another time
Another time
Another time
Another time
Another time
Another time
Another time
Another time
Another time
Another time
Another time
Another time
Another time
Another time
Another time
Another time
Another time
Another time
Another time
Another time
Another time
Another time
Another time
Another time
Another time
Another time
Another time
Another time
Another time
Another time
Another time
Another time
Another time
Another time
Another time
Another time
Another time
Another time
Another time
Another time
Another time
Another time
Another time
Another time
Another time
Another time
Another time
Another time
Another time
Another time
Another time
Another time
Another time
Another time
Another time
Another time
Another time
Another time
Another time
Another time
Another time
Another time
Another time
Another time
Another time
Another time
Another time
Another time
Another time
Another time
Another time
Another time
Another time
Another time
Another time
Another time
Another time
Another time
Another time
Another time
Another time
Another time
Another time
Another time
Another time
Another time
Another time
Another time
Another time
Another time
Another time
Another time
Another time
Another time
Another time
Another time
Another time
Another time
Another time
Another time
Another time
Another time
Another time
Another time
Another time
Another time
Another time
Another time
Another time
Another time
Another time
Another time
Another time
Another time
Another time
Another time
Another time
Another time
Another time
Another time
Another time
Another time
Another time
Another time
Another time
Another time
Another time
Another time
Another time
Another time
Another time
Another time
Another time
Another time
Another time
Another time
Another time
Another time
Another time
Another time
Another time
Another time
Another time
Another time
Another time
Another time
Another time
Another time
Another time
Another time
Another time
Another time
Another time
Another time
Another time
Another time
Another time
Another time
Another time
Another time
Another time
Another time
Another time
Another time
Another time
Another time
Another time
Another time
Another time
Another time
Another time
Another time
Another time
Another time
Another time
Another time
Another time
Another time
Another time
Another time
Another time
Another time
Another time
Another time
Another time
Another time
Another time
Another time
Another time
Another time
Another time
Another time
Another time
Another time
Another time
Another time
Another time
Another time
Another time
Another time
Another time
Another time
Another time
Another time
Another time
Another time
Another time
Another time
Another time
Another time
Another time
Another time
Another time
Another time
Another time
Another time
Another time
Another time
Another time
Another time
Another time
Another time
Another time
Another time
Another time
Another time
Another time
Another time
Another time
Another time
Another time
Another time
Another time
Another time
Another time
Another time
Another time
Another time
Another time
Another time
Another time
Another time
Another time
Another time
Another time
Another time
Another time
Another time
Another time
Another time
Another time
Another time
Another time
Another time
Another time
Another time
Another time
Another time
Another time
Another time
Another time
Another time
Another time
Another time
Another time
Another time
Another time
Another time
Another time
Another time
Another time
Another time
Another time
Another time
Another time
Another time
Another time
Another time
Another time
Another time
Another time
Another time
Another time
Another time
Another time
Another time
Another time
Another time
Another time
Another time
Another time
Another time
Another time
Another time
Another time
Another time
Another time
Another time
Another time
Another time
Another time
Another time
Another time
Another time
Another time
Another time
Another time
Another time
Another time
Another time
Another time
Another time
Another time
Another time
Another time
Another time
Another time
Another time
Another time
Another time
Another time
Another time
Another time
Another time
Another time
Another time
Another time
Another time
Another time
Another time
Another time
Another time
Another time
Another time
Another time
Another time
Another time
Another time
Another time
Another time
Another time
Another time
Another time
Another time
Another time
Another time
Another time
Another time
Another time
Another time
Another time
Another time
Another time
Another time
Another time
Another time
Another time
Another time
Another time
Another time
Another time
Another time
Another time
Another time
Another time
Another time
Another time
Another time
Another time
Another time
Another time
Another time
Another time
Another time
Another time
Another time
Another time
Another time
Another time
Another time
Another time
Another time
Another time
Another time
Another time
Another time
Another time
Another time
Another time
Another time
Another time
Another time
Another time
Another time
Another time
Another time
Another time
Another time
Another time
Another time
Another time
Another time
Another time
Another time
Another time
Another time
Another time
Another time
Another time
Another time
Another time
Another time
Another time
Another time
Another time
Another time
Another time
Another time
Another time
Another time
Another time
Another time
Another time
Another time
Another time
Another time
Another time
Another time
Another time
Another time
Another time
Another time
Another time
Another time
Another time
Another time
Another time
Another time
Another time
Another time
Another time
Another time
Another time
Another time
Another time
Another time
Another time
Another time
Another time
Another time
Another time
Another time
Another time
Another time
Another time
Another time
Another time
Another time
Another time
Another time
Another time
Another time
Another time
Another time
Another time
Another time
Another time
Another time
Another time
Another time
Another time
Another time
Another time
Another time
Another time
Another time
Another time
Another time
Another time
Another time
Another time
Another time
Another time
Another time
Another time
Another time
Another time
Another time
Another time
Another time
Another time
Another time
Another time
Another time
Another time
Another time
Another time
Another time
Another time
Another time
Another time
Another time
Another time
Another time
Another time
Another time
Another time
Another time
Another time
Another time
Another time
Another time
Another time
Another time
Another time
Another time
Another time
Another time
Another time
Another time
Another time
Another time
Another time
Another time
Another time
Another time
Another time
Another time
Another time
Another time
Another time
Another time
Another time
Another time
Another time
Another time
Another time
Another time
Another time
Another time
Another time
Another time
Another time
Another time
Another time
Another time
Another time
Another time
Another time
Another time
Another time
Another time
Another time
Another time
Another time
Another time
Another time
Another time
Another time
Another time
Another time
Another time
Another time
Another time
Another time
Another time
Another time
Another time
Another time
Another time
Another time
Another time
Another time
Another time
Another time
Another time
Another time
Another time
Another time
Another time
Another time
Another time
Another time
Another time
Another time
Another time
Another time
Another time
Another time
Another time
Another time
Another time
Another time
Another time
Another time
Another time
Another time
Another time
Another time
Another time
Another time
Another time
Another time
Another time
Another time
Another time
Another time
Another time
Another time
Another time
Another time
Another time
Another time
Another time
Another time
Another time
Another time
Another time
Another time
Another time
Another time
Another time
Another time
Another time
Another time
Another time
Another time
Another time
Another time
Another time
Another time
Another time
Another time
Another time
Another time
Another time
Another time
Another time
Another time
Another time
Another time
Another time
Another time
Another time
Another time
Another time
Another time
Another time
Another time
Another time
Another time
Another time
Another time
Another time
Another time
Another time
Another time
Another time
Another time
Another time
Another time
Another time
Another time
Another time
Another time
Another time
Another time
Another time
Another time
Another time
Another time
Another time
Another time
Another time
Another time
Another time
Another time
Another time
Another time
Another time
Another time
Another time
Another time
Another time
Another time
Another time
Another time
Another time
Another time
Another time
Another time
Another time
Another time
Another time
Another time
Another time
Another time
Another time
Another time
Another time
Another time
Another time
Another time
Another time
Another time
Another time
Another time
Another time
Another time
Another time
Another time
Another time
Another time
Another time
Another time
Another time
Another time
Another time
Another time
Another time
Another time
Another time
Another time
Another time
Another time
Another time
Another time
Another time
Another time
Another time
Another time
Another time
Another time
Another time
Another time
Another time
Another time
Another time
Another time
Another time
Another time
Another time
Another time
Another time
Another time
Another time
Another time
Another time
Another time
Another time
Another time
Another time
Another time
Another time
Another time
Another time
Another time
Another time
Another time
Another time
Another time
Another time
Another time
Another time
Another time
Another time
Another time
Another time
Another time
Another time
Another time
Another time
Another time
Another time
Another time
Another time
Another time
Another time
Another time
Another time
Another time
Another time
Another time
Another time
Another time
Another time
Another time
Another time
Another time
Another time
Another time
Another time
Another time
Another time
Another time
Another time
Another time
Another time
Another time
Another time
Another time
Another time
Another time
Another time
Another time
Another time
Another time
Another time
Another time
Another time
Another time
Another time
Another time
Another time
Another time
Another time
Another time
Another time
Another time
Another time
Another time
Another time
Another time
Another time
Another time
Another time
Another time
Another time
Another time
Another time
Another time
Another time
Another time
Another time
Another time
Another time
Another time
Another time
Another time
Another time
Another time
Another time
Another time
Another time
Another time
Another time
Another time
Another time
Another time
Another time
Another time
Another time
Another time
Another time
Another time
Another time
Another time
Another time
Another time
Another time
Another time
Another time
Another time
Another time
Another time
Another time
Another time
Another time
Another time
Another time
Another time
Another time
Another time
Another time
Another time
Another time
Another time
Another time
Another time
Another time
Another time
Another time
Another time
Another time
Another time
Another time
Another time
Another time
Another time
Another time
Another time
Another time
Another time
Another time
Another time
Another time
Another time
Another time
Another time
Another time
Another time
Another time
Another time
Another time
Another time
Another time
Another time
Another time
Another time
Another time
Another time
Another time
Another time
Another time
Another time
Another time
Another time
Another time
Another time
Another time
Another time
Another time
Another time
Another time
Another time
Another time
Another time
Another time
Another time
Another time
Another time
Another time
Another time
Another time
Another time
Another time
Another time
Another time
Another time
Another time
Another time
Another time
Another time
Another time
Another time
Another time
Another time
Another time
Another time
Another time
Another time
Another time
Another time
Another time
Another time
Another time
Another time
Another time
Another time
Another time
Another time
Another time
Another time
Another time
Another time
Another time
Another time
Another time
Another time
Another time
Another time
Another time
Another time
Another time
Another time
Another time
Another time
Another time
Another time
Another time
Another time
Another time
Another time
Another time
Another time
Another time
Another time
Another time
Another time
Another time
Another time
Another time
Another time
Another time
Another time
Another time
Another time
Another time
Another time
Another time
Another time
Another time
Another time
Another time
Another time
Another time
Another time
Another time
Another time
Another time
Another time
Another time
Another time
Another time
Another time
Another time
Another time
Another time
Another time
Another time
Another time
Another time
Another time
Another time
Another time
Another time
Another time
Another time
Another time
Another time
Another time
Another time
Another time
Another time
Another time
Another time
Another time
Another time
Another time
Another time
Another time
Another time
Another time
Another time
Another time
Another time
Another time
Another time
Another time
Another time
Another time
Another time
Another time
Another time
Another time
Another time
Another time
Another time
Another time
Another time
Another time
Another time
Another time
Another time
Another time
Another time
Another time
Another time
Another time
Another time
Another time
Another time
Another time
Another time
Another time
Another time
Another time
Another time
Another time
Another time
Another time
Another time
Another time
Another time
Another time
Another time
Another time
Another time
Another time
Another time
Another time
Another time
Another time
Another time
Another time
Another time
Another time
Another time
Another time
Another time
Another time
Another time
Another time
Another time
Another time
Another time
Another time
Another time
Another time
Another time
Another time
Another time
Another time
Another time
Another time
Another time
Another time
Another time
Another time
Another time
Another time
Another time
Another time
Another time
Another time
Another time
Another time
Another time
Another time
Another time
Another time
Another time
Another time
Another time
Another time
Another time
Another time
Another time
Another time
Another time
Another time
Another time
Another time
Another time
Another time
Another time
Another time
Another time
Another time
Another time
Another time
Another time
Another time
Another time
Another time
Another time
Another time
Another time
Another time
Another time
Another time
Another time
Another time
Another time
Another time
Another time
Another time
Another time
Another time
Another time
Another time
Another time
Another time
Another time
Another time
Another time
Another time
Another time
Another time
Another time
Another time
Another time
Another time
Another time
Another time
Another time
Another time
Another time
Another time
Another time
Another time
Another time
Another time
Another time
Another time
Another time
Another time
Another time
Another time
Another time
Another time
Another time
Another time
Another time
Another time
Another time
Another time
Another time
Another time
Another time
Another time
Another time
Another time
Another time
Another time
Another time
Another time
Another time
Another time
Another time
Another time
Another time
Another time
Another time
Another time
Another time
Another time
Another time
Another time
Another time
Another time
Another time
Another time
Another time
Another time
Another time
Another time
Another time
Another time
Another time
Another time
Another time
Another time
Another time
Another time
Another time
Another time
Another time
Another time
Another time
Another time
Another time
Another time
Another time
Another time
Another time
Another time
Another time
Another time
Another time
Another time
Another time
Another time
Another time
Another time
Another time
Another time
Another time
Another time
Another time
Another time
Another time
Another time
Another time
Another time
Another time
Another time
Another time
Another time
Another time
Another time
Another time
Another time
Another time
Another time
Another time
Another time
Another time
Another time
Another time
Another time
Another time
Another time
Another time
Another time
Another time
Another time
Another time
Another time
Another time
Another time
Another time
Another time
Another time
Another time
Another time
Another time
Another time
Another time
Another time
Another time
Another time
Another time
Another time
Another time
Another time
Another time
Another time
Another time
Another time
Another time
Another time
Another time
Another time
Another time
Another time
Another time
Another time
Another time
Another time
Another time
Another time
Another time
Another time
Another time
Another time
Another time
Another time
Another time
Another time
Another time
Another time
Another time
Another time
Another time
Another time
Another time
Another time
Another time
Another time
Another time
Another time
Another time
Another time
Another time
Another time
Another time
Another time
Another time
Another time
Another time
Another time
Another time
Another time
Another time
Another time
Another time
Another time
Another time
Another time
Another time
Another time
Another time
Another time
Another time
Another time
Another time
Another time
Another time
Another time
Another time
Another time
Another time
Another time
Another time
Another time
Another time
Another time
Another time
Another time
Another time
Another time
Another time
Another time
Another time
Another time
Another time
Another time
Another time
Another time
Another time
Another time
Another time
Another time
Another time
Another time
Another time
Another time
Another time
Another time
Another time
Another time
Another time
Another time
Another time
Another time
Another time
Another time
Another time
Another time
Another time
Another time
Another time
Another time
Another time
Another time
Another time
Another time
Another time
Another time
Another time
Another time
Another time
Another time
Another time
Another time
Another time
Another time
Another time
Another time
Another time
Another time
Another time
Another time
Another time
Another time
Another time
Another time
Another time
Another time
Another time
Another time
Another time
Another time
Another time
Another time
Another time
Another time
Another time
Another time
Another time
Another time
Another time
Another time
Another time
Another time
Another time
Another time
Another time
Another time
Another time
Another time
Another time
Another time
Another time
Another time
Another time
Another time
Another time
Another time
Another time
Another time
Another time
Another time
Another time
Another time
Another time
Another time
Another time
Another time
Another time
Another time
Another time
Another time
Another time
Another time
Another time
Another time
Another time
Another time
Another time
Another time
Another time
Another time
Another time
Another time
Another time
Another time
Another time
Another time
Another time
Another time
Another time
Another time
Another time
Another time
Another time
Another time
Another time
Another time
Another time
Another time
Another time
Another time
Another time
Another time
Another time
Another time
Another time
Another time
Another time
Another time
Another time
Another time
Another time
Another time
Another time
Another time
Another time
Another time
Another time
Another time
Another time
Another time
Another time
Another time
Another time
Another time
Another time
Another time
Another time
Another time
Another time
Another time
Another time
Another time
Another time
Another time
Another time
Another time
Another time
Another time
Another time
Another time
Another time
Another time
Another time
Another time
Another time
Another time
Another time
Another time
Another time
Another time
Another time
Another time
Another time
Another time
Another time
Another time
Another time
Another time
Another time
Another time
Another time
Another time
Another time
Another time
Another time
Another time
Another time
Another time
Another time
Another time
Another time
Another time
Another time
Another time
Another time
Another time
Another time
Another time
Another time
Another time
Another time
Another time
Another time
Another time
Another time
Another time
Another time
Another time
Another time
Another time
Another time
Another time
Another time
Another time
Another time
Another time
Another time
Another time
Another time
Another time
Another time
Another time
Another time
Another time
Another time
Another time
Another time
Another time
Another time
Another time
Another time
Another time
Another time
Another time
Another time
Another time
Another time
Another time
Another time
Another time
Another time
Another time
Another time
Another time
Another time
Another time
Another time
Another time
Another time
Another time
Another time
Another time
Another time
Another time
Another time
Another time
Another time
Another time
Another time
Another time
Another time
Another time
Another time
Another time
Another time
Another time
Another time
Another time
Another time
Another time
Another time
Another time
Another time
Another time
Another time
Another time
Another time
Another time
Another time
Another time
Another time
Another time
Another time
Another time
Another time
Another time
Another time
Another time
Another time
Another time
Another time
Another time
Another time
Another time
Another time
Another time
Another time
Another time
Another time
Another time
Another time
Another time
Another time
Another time
Another time
Another time
Another time
Another time
Another time
Another time
Another time
Another time
Another time
Another time
Another time
Another time
Another time
Another time
Another time
Another time
Another time
Another time
Another time
Another time
Another time
Another time
Another time
Another time
Another time
Another time
Another time
Another time
Another time
Another time
Another time
Another time
Another time
Another time
Another time
Another time
Another time
Another time
Another time
Another time
Another time
Another time
Another time
Another time
Another time
Another time
Another time
Another time
Another time
Another time
Another time
Another time
Another time
Another time
Another time
Another time
Another time
Another time
Another time
Another time
Another time
Another time
Another time
Another time
Another time
Another time
Another time
Another time
Another time
Another time
Another time
Another time
Another time
Another time
Another time
Another time
Another time
Another time
Another time
Another time
Another time
Another time
Another time
Another time
Another time
Another time
Another time
Another time
Another time
Another time
Another time
Another time
Another time
Another time
Another time
Another time
Another time
Another time
Another time
Another time
Another time
Another time
Another time
Another time
Another time
Another time
Another time
Another time
Another time
Another time
Another time
Another time
Another time
Another time
Another time
Another time
Another time
Another time
Another time
Another time
Another time
Another time
Another time
Another time
Another time
Another time
Another time
Another time
Another time
Another time
Another time
Another time
Another time
Another time
Another time
Another time
Another time
Another time
Another time
Another time
Another time
Another time
Another time
Another time
Another time
Another time
Another time
Another time
Another time
Another time
Another time
Another time
Another time
Another time
Another time
Another time
Another time
Another time
Another time
Another time
Another time
Another time
Another time
Another time
Another time
Another time
Another time
Another time
Another time
Another time
Another time
Another time
Another time
Another time
Another time
Another time
Another time
Another time
Another time
Another time
Another time
Another time
Another time
Another time
Another time
Another time
Another time
Another time
Another time
Another time
Another time
Another time
Another time
Another time
Another time
Another time
Another time
Another time
Another time
Another time
Another time
Another time
Another time
Another time
Another time
Another time
Another time
Another time
Another time
Another time
Another time
Another time
Another time
Another time
Another time
Another time
Another time
Another time
Another time
Another time
Another time
Another time
Another time
Another time
Another time
Another time
Another time
Another time
Another time
Another time
Another time
Another time
Another time
Another time
Another time
Another time
Another time
Another time
Another time
Another time
Another time
Another time
Another time
Another time
Another time
Another time
Another time
Another time
Another time
Another time
Another time
Another time
Another time
Another time
Another time
Another time
Another time
Another time
Another time
Another time
Another time
Another time
Another time
Another time
Another time
Another time
Another time
Another time
Another time
Another time
Another time
Another time
Another time
Another time
Another time
Another time
Another time
Another time
Another time
Another time
Another time
Another time
Another time
Another time
Another time
Another time
Another time
Another time
Another time
Another time
Another time
Another time
Another time
Another time
Another time
Another time
Another time
Another time
Another time
Another time
Another time
Another time
Another time
Another time
Another time
Another time
Another time
Another time
Another time
Another time
Another time
Another time
Another time
Another time
Another time
Another time
Another time
Another time
Another time
Another time
Another time
Another time
Another time
Another time
Another time
Another time
Another time
Another time
Another time
Another time
Another time
Another time
Another time
Another time
Another time
Another time
Another time
Another time
Another time
Another time
Another time
Another time
Another time
Another time
Another time
Another time
Another time
Another time
Another time
Another time
Another time
Another time
Another time
Another time
Another time
Another time
Another time
Another time
Another time
Another time
Another time
Another time
Another time
Another time
Another time
Another time
Another time
Another time
Another time
Another time
Another time
Another time
Another time
Another time
Another time
Another time
Another time
Another time
Another time
Another time
Another time
Another time
Another time
Another time
Another time
Another time
Another time
Another time
Another time
Another time
Another time
Another time
Another time
Another time
Another time
Another time
Another time
Another time
Another time
Another time
Another time
Another time
Another time
Another time
Another time
Another time
Another time
Another time
Another time
Another time
Another time
Another time
Another time
Another time
Another time
Another time
Another time
Another time
Another time
Another time
Another time
Another time
Another time
Another time
Another time
Another time
Another time
Another time
Another time
Another time
Another time
Another time
Another time
Another time
Another time
Another time
Another time
Another time
Another time
Another time
Another time
Another time
Another time
Another time
Another time
Another time
Another time
Another time
Another time
Another time
Another time
Another time
Another time
Another time
Another time
Another time
Another time
Another time
Another time
Another time
Another time
Another time
Another time
Another time
Another time
Another time
Another time
Another time
Another time
Another time
Another time
Another time
Another time
Another time
Another time
Another time
Another time
Another time
Another time
Another time
Another time
Another time
Another time
Another time
Another time
Another time
Another time
Another time
Another time
Another time
Another time
Another time
Another time
Another time
Another time
Another time
Another time
Another time
Another time
Another time
Another time
Another time
Another time
Another time
Another time
Another time
Another time
Another time
Another time
Another time
Another time
Another time
Another time
Another time
Another time
Another time
Another time
Another time
Another time
Another time
Another time
Another time
Another time
Another time
Another time
Another time
Another time
Another time
Another time
Another time
Another time
Another time
Another time
Another time
Another time
Another time
Another time
Another time
Another time
Another time
Another time
Another time
Another time
Another time
Another time
Another time
Another time
Another time
Another time
Another time
Another time
Another time
Another time
Another time
Another time
Another time
Another time
Another time
Another time
Another time
Another time
Another time
Another time
Another time
Another time
Another time
Another time
Another time
Another time
Another time
Another time
Another time
Another time
Another time
Another time
Another time
Another time
Another time
Another time
Another time
Another time
Another time
Another time
Another time
Another time
Another time
Another time
Another time
Another time
Another time
Another time
Another time
Another time
Another time
Another time
Another time
Another time
Another time
Another time
Another time
Another time
Another time
Another time
Another time
Another time
Another time
Another time
Another time
Another time
Another time
Another time
Another time
Another time
Another time
Another time
Another time
Another time
Another time
Another time
Another time
Another time
Another time
Another time
Another time
Another time
Another time
Another time
Another time
Another time
Another time
Another time
Another time
Another time
Another time
Another time
Another time
Another time
Another time
Another time
Another time
Another time
Another time
Another time
Another time
Another time
Another time
Another time
Another time
Another time
Another time
Another time
Another time
Another time
Another time
Another time
Another time
Another time
Another time
Another time
Another time
Another time
Another time
Another time
Another time
Another time
Another time
Another time
Another time
Another time
Another time
Another time
Another time
Another time
Another time
Another time
Another time
Another time
Another time
Another time
Another time
Another time
Another time
Another time
Another time
Another time
Another time
Another time
Another time
Another time
Another time
Another time
Another time
Another time
Another time
Another time
Another time
Another time
Another time
Another time
Another time
Another time
Another time
Another time
Another time
Another time
Another time
Another time
Another time
Another time
Another time
Another time
Another time
Another time
Another time
Another time
Another time
Another time
Another time
Another time
Another time
Another time
Another time
Another time
Another time
Another time
Another time
Another time
Another time
Another time
Another time
Another time
Another time
Another time
Another time
Another time
Another time
Another time
Another time
Another time
Another time
Another time
Another time
Another time
Another time
Another time
Another time
Another time
Another time
Another time
Another time
Another time
Another time
Another time
Another time
Another time
Another time
Another time
Another time
Another time
Another time
Another time
Another time
Another time
Another time
Another time
Another time
Another time
Another time
Another time
Another time
Another time
Another time
Another time
Another time
Another time
Another time
Another time
Another time
Another time
Another time
Another time
Another time
Another time
Another time
Another time
Another time
Another time
Another time
Another time
Another time
Another time
Another time
Another time
Another time
Another time
Another time
Another time
Another time
Another time
Another time
Another time
Another time
Another time
Another time
Another time
Another time
Another time
Another time
Another time
Another time
Another time
Another time
Another time
Another time
Another time
Another time
Another time
Another time
Another time
Another time
Another time
Another time
Another time
Another time
Another time
Another time
Another time
Another time
Another time
Another time
Another time
Another time
Another time
Another time
Another time
Another time
Another time
Another time
Another time
Another time
Another time
Another time
Another time
Another time
Another time
Another time
Another time
Another time
Another time
Another time
Another time
Another time
Another time
Another time
Another time
Another time
Another time
Another time
Another time
Another time
Another time
Another time
Another time
Another time
Another time
Another time
Another time
Another time
Another time
Another time
Another time
Another time
Another time
Another time
Another time
Another time
Another time
Another time
Another time
Another time
Another time
Another time
Another time
Another time
Another time
Another time
Another time
Another time
Another time
Another time
Another time
Another time
Another time
Another time
Another time
Another time
Another time
Another time
Another time
Another time
Another time
Another time
Another time
Another time
Another time
Another time
Another time
Another time
Another time
Another time
Another time
Another time
Another time
Another time
Another time
Another time
Another time
Another time
Another time
Another time
Another time
Another time
Another time
Another time
Another time
Another time
Another time
Another time
Another time
Another time
Another time
Another time
Another time
Another time
Another time
Another time
Another time
Another time
Another time
Another time
Another time
Another time
Another time
Another time
Another time
Another time
Another time
Another time
Another time
Another time
Another time
Another time
Another time
Another time
Another time
Another time
Another time
Another time
Another time
Another time
Another time
Another time
Another time
Another time
Another time
Another time
Another time
Another time
Another time
Another time
Another time
Another time
Another time
Another time
Another time
Another time
Another time
Another time
Another time
Another time
Another time
Another time
Another time
Another time
Another time
Another time
Another time
Another time
Another time
Another time
Another time
Another time
Another time
Another time
Another time
Another time
Another time
Another time
Another time
Another time
Another time
Another time
Another time
Another time
Another time
Another time
Another time
Another time
Another time
Another time
Another time
Another time
Another time
Another time
Another time
Another time
Another time
Another time
Another time
Another time
Another time
Another time
Another time
Another time
Another time
Another time
Another time
Another time
Another time
Another time
Another time
Another time
Another time
Another time
Another time
Another time
Another time
Another time
Another time
Another time
Another time
Another time
Another time
Another time
Another time
Another time
Another time
Another time
Another time
Another time
Another time
Another time
Another time
Another time
Another time
Another time
Another time
Another time
Another time
Another time
Another time
Another time
Another time
Another time
Another time
Another time
Another time
Another time
Another time
Another time
Another time
Another time
Another time
Another time
Another time
Another time
Another time
Another time
Another time
Another time
Another time
Another time
Another time
Another time
Another time
Another time
Another time
Another time
Another time
Another time
Another time
Another time
Another time
Another time
Another time
Another time
Another time
Another time
Another time
Another time
Another time
Another time
Another time
Another time
Another time
Another time
Another time
Another time
Another time
Another time
Another time
Another time
Another time
Another time
Another time
Another time
Another time
Another time
Another time
Another time
Another time
Another time
Another time
Another time
Another time
Another time
Another time
Another time
Another time
Another time
Another time
Another time
Another time
Another time
Another time
Another time
Another time
Another time
Another time
Another time
Another time
Another time
Another time
Another time
Another time
Another time
Another time
Another time
Another time
Another time
Another time
Another time
Another time
Another time
Another time
Another time
Another time
Another time
Another time
Another time
Another time
Another time
Another time
Another time
Another time
Another time
Another time
Another time
Another time
Another time
Another time
Another time
Another time
Another time
Another time
Another time
Another time
Another time
Another time
Another time
Another time
Another time
Another time
Another time
Another time
Another time
Another time
Another time
Another time
Another time
Another time
Another time
Another time
Another time
Another time
Another time
Another time
Another time
Another time
Another time
Another time
Another time
Another time
Another time
Another time
Another time
Another time
Another time
Another time
Another time
Another time
Another time
Another time
Another time
Another time
Another time
Another time
Another time
Another time
Another time
Another time
Another time
Another time
Another time
Another time
Another time
Another time
Another time
Another time
Another time
Another time
Another time
Another time
Another time
Another time
Another time
Another time
Another time
Another time
Another time
Another time
Another time
Another time
Another time
Another time
Another time
Another time
Another time
Another time
Another time
Another time
Another time
Another time
Another time
Another time
Another time
Another time
Another time
Another time
Another time
Another time
Another time
Another time
Another time
Another time
Another time
Another time
Another time
Another time
Another time
Another time
Another time
Another time
Another time
Another time
Another time
Another time
Another time
Another time
Another time
Another time
Another time
Another time
Another time
Another time
Another time
Another time
Another time
Another time
Another time
Another time
Another time
Another time
Another time
Another time
Another time
Another time
Another time
Another time
Another time
Another time
Another time
Another time
Another time
Another time
Another time
Another time
Another time
Another time
Another time
Another time
Another time
Another time
Another time
Another time
Another time
Another time
Another time
Another time
Another time
Another time
Another time
Another time
Another time
Another time
Another time
Another time
Another time
Another time
Another time
Another time
Another time
Another time
Another time
Another time
Another time
Another time
Another time
Another time
Another time
Another time
Another time
Another time
Another time
Another time
Another time
Another time
Another time
Another time
Another time
Another time
Another time
Another time
Another time
Another time
Another time
Another time
Another time
Another time
Another time
Another time
Another time
Another time
Another time
Another time
Another time
Another time
Another time
Another time
Another time
Another time
Another time
Another time
Another time
Another time
Another time
Another time
Another time
Another time
Another time
Another time
Another time
Another time
Another time
Another time
Another time
Another time
Another time
Another time
Another time
Another time
Another time
Another time
Another time
Another time
Another time
Another time
Another time
Another time
Another time
Another time
Another time
Another time
Another time
Another time
Another time
Another time
Another time
Another time
Another time
Another time
Another time
Another time
Another time
Another time
Another time
Another time
Another time
Another time
Another time
Another time
Another time
Another time
Another time
Another time
Another time
Another time
Another time
Another time
Another time
Another time
Another time
Another time
Another time
Another time
Another time
Another time
Another time
Another time
Another time
Another time
Another time
Another time
Another time
Another time
Another time
Another time
Another time
Another time
Another time
Another time
Another time
Another time
Another time
Another time
Another time
Another time
Another time
Another time
Another time
Another time
Another time
Another time
Another time
Another time
Another time
Another time
Another time
Another time
Another time
Another time
Another time
Another time
Another time
Another time
Another time
Another time
Another time
Another time
Another time
Another time
Another time
Another time
Another time
Another time
Another time
Another time
Another time
Another time
Another time
Another time
Another time
Another time
Another time
Another time
Another time
Another time
Another time
Another time
Another time
Another time
Another time
Another time
Another time
Another time
Another time
Another time
Another time
Another time
Another time
Another time
Another time
Another time
Another time
Another time
Another time
Another time
Another time
Another time
Another time
Another time
Another time
Another time
Another time
Another time
Another time
Another time
Another time
Another time
Another time
Another time
Another time
Another time
Another time
Another time
Another time
Another time
Another time
Another time
Another time
Another time
Another time
Another time
Another time
Another time
Another time
Another time
Another time
Another time
Another time
Another time
Another time
Another time
Another time
Another time
Another time
Another time
Another time
Another time
Another time
Another time
Another time
Another time
Another time
Another time
Another time
Another time
Another time
Another time
Another time
Another time
Another time
Another time
Another time
Another time
Another time
Another time
Another time
Another time
Another time
Another time
Another time
Another time
Another time
Another time
Another time
Another time
Another time
Another time
Another time
Another time
Another time
Another time
Another time
Another time
Another time
Another time
Another time
Another time
Another time
Another time
Another time
Another time
Another time
Another time
Another time
Another time
Another time
Another time
Another time
Another time
Another time
Another time
Another time
Another time
Another time
Another time
Another time
Another time
Another time
Another time
Another time
Another time
Another time
Another time
Another time
Another time
Another time
Another time
Another time
Another time
Another time
Another time
Another time
Another time
Another time
Another time
Another time
Another time
Another time
Another time
Another time
Another time
Another time
Another time
Another time
Another time
Another time
Another time
Another time
Another time
Another time
Another time
Another time
Another time
Another time
Another time
Another time
Another time
Another time
Another time
Another time
Another time
Another time
Another time
Another time
Another time
Another time
Another time
Another time
Another time
Another time
Another time
Another time
Another time
Another time
Another time
Another time
Another time
Another time
Another time
Another time
Another time
Another time
Another time
Another time
Another time
Another time
Another time
Another time
Another time
Another time
Another time
Another time
Another time
Another time
Another time
Another time
Another time
Another time
Another time
Another time
Another time
Another time
Another time
Another time
Another time
Another time
Another time
Another time
Another time
Another time
Another time
Another time
Another time
Another time
Another time
Another time
Another time
Another time
Another time
Another time
Another time
Another time
Another time
Another time
Another time
Another time
Another time
Another time
Another time
Another time
Another time
Another time
Another time
Another time
Another time
Another time
Another time
Another time
Another time
Another time
Another time
Another time
Another time
Another time
Another time
Another time
Another time
Another time
Another time
Another time
Another time
Another time
Another time
Another time
Another time
Another time
Another time
Another time
Another time
Another time
Another time
Another time
Another time
Another time
Another time
Another time
Another time
Another time
Another time
Another time
Another time
Another time
Another time
Another time
Another time
Another time
Another time
Another time
Another time
Another time
Another time
Another time
Another time
Another time
Another time
Another time
Another time
Another time
Another time
Another time
Another time
Another time
Another time
Another time
Another time
Another time
Another time
Another time
Another time
Another time
Another time
Another time
Another time
Another time
Another time
Another time
Another time
Another time
Another time
Another time
Another time
Another time
Another time
Another time
Another time
Another time
Another time
Another time
Another time
Another time
Another time
Another time
Another time
Another time
Another time
Another time
Another time
Another time
Another time
Another time
Another time
Another time
Another time
Another time
Another time
Another time
Another time
Another time
Another time
Another time
Another time
Another time
Another time
Another time
Another time
Another time
Another time
Another time
Another time
Another time
Another time
Another time
Another time
Another time
Another time
Another time
Another time
Another time
Another time
Another time
Another time
Another time
Another time
Another time
Another time
Another time
Another time
Another time
Another time
Another time
Another time
Another time
Another time
Another time
Another time
Another time
Another time
Another time
Another time
Another time
Another time
Another time
Another time
Another time
Another time
Another time
Another time
Another time
Another time
Another time
Another time
Another time
Another time
Another time
Another time
Another time
Another time
Another time
Another time
Another time
Another time
Another time
Another time
Another time
Another time
Another time
Another time
Another time
Another time
Another time
Another time
Another time
Another time
Another time
Another time
Another time
Another time
Another time
Another time
Another time
Another time
Another time
Another time
Another time
Another time
Another time
Another time
Another time
Another time
Another time
Another time
Another time
Another time
Another time
Another time
Another time
Another time
Another time
Another time
Another time
Another time
Another time
Another time
Another time
Another time
Another time
Another time
Another time
Another time
Another time
Another time
Another time
Another time
Another time
Another time
Another time
Another time
Another time
Another time
Another time
Another time
Another time
Another time
Another time
Another time
Another time
Another time
Another time
Another time
Another time
Another time
Another time
Another time
Another time
Another time
Another time
Another time
Another time
Another time
Another time
Another time
Another time
Another time
Another time
Another time
Another time
Another time
Another time
Another time
Another time
Another time
Another time
Another time
Another time
Another time
Another time
Another time
Another time
Another time
Another time
Another time
Another time
Another time
Another time
Another time
Another time
Another time
Another time
Another time
Another time
Another time
Another time
Another time
Another time
Another time
Another time
Another time
Another time
Another time
Another time
Another time
Another time
Another time
Another time
Another time
Another time
Another time
Another time
Another time
Another time
Another time
Another time
Another time
Another time
Another time
Another time
Another time
Another time
Another time
Another time
Another time
Another time
Another time
Another time
Another time
Another time
Another time
Another time
Another time
Another time
Another time
Another time
Another time
Another time
Another time
Another time
Another time
Another time
Another time
Another time
Another time
Another time
Another time
Another time
Another time
Another time
Another time
Another time
Another time
Another time
Another time
Another time
Another time
Another time
Another time
Another time
Another time
Another time
Another time
Another time
Another time
Another time
Another time
Another time
Another time
Another time
Another time
Another time
Another time
Another time
Another time
Another time
Another time
Another time
Another time
Another time
Another time
Another time
Another time
Another time
Another time
Another time
Another time
Another time
Another time
Another time
Another time
Another time
Another time
Another time
Another time
Another time
Another time
Another time
Another time
Another time
Another time
Another time
Another time
Another time
Another time
Another time
Another time
Another time
Another time
Another time
Another time
Another time
Another time
Another time
Another time
Another time
Another time
Another time
Another time
Another time
Another time
Another time
Another time
Another time
Another time
Another time
Another time
Another time
Another time
Another time
Another time
Another time
Another time
Another time
Another time
Another time
Another time
Another time
Another time
Another time
Another time
Another time
Another time
Another time
Another time
Another time
Another time
Another time
Another time
Another time
Another time
Another time
Another time
Another time
Another time
Another time
Another time
Another time
Another time
Another time
Another time
Another time
Another time
Another time
Another time
Another time
Another time
Another time
Another time
Another time
Another time
Another time
Another time
Another time
Another time
Another time
Another time
Another time
Another time
Another time
Another time
Another time
Another time
Another time
Another time
Another time
Another time
Another time
Another time
Another time
Another time
Another time
Another time
Another time
Another time
Another time
Another time
Another time
Another time
Another time
Another time
Another time
Another time
Another time
Another time
Another time
Another time
Another time
Another time
Another time
Another time
Another time
Another time
Another time
Another time
Another time
Another time
Another time
Another time
Another time
Another time
Another time
Another time
Another time
Another time
Another time
Another time
Another time
Another time
Another time
Another time
Another time
Another time
Another time
Another time
Another time
Another time
Another time
Another time
Another time
Another time
Another time
Another time
Another time
Another time
Another time
Another time
Another time
Another time
Another time
Another time
Another time
Another time
Another time
Another time
Another time
Another time
Another time
Another time
Another time
Another time
Another time
Another time
Another time
Another time
Another time
Another time
Another time
Another time
Another time
Another time
Another time
Another time
Another time
Another time
Another time
Another time
Another time
Another time
Another time
Another time
Another time
Another time
Another time
Another time
Another time
Another time
Another time
Another time
Another time
Another time
Another time
Another time
Another time
Another time
Another time
Another time
Another time
Another time
Another time
Another time
Another time
Another time
Another time
Another time
Another time
Another time
Another time
Another time
Another time
Another time
Another time
Another time
Another time
Another time
Another time
Another time
Another time
Another time
Another time
Another time
Another time
Another time
Another time
Another time
Another time
Another time
Another time
Another time
Another time
Another time
Another time
Another time
Another time
Another time
Another time
Another time
Another time
Another time
Another time
Another time
Another time
Another time
Another time
Another time
Another time
Another time
Another time
Another time
Another time
Another time
Another time
Another time
Another time
Another time
Another time
Another time
Another time
Another time
Another time
Another time
Another time
Another time
Another time
Another time
Another time
Another time
Another time
Another time
Another time
Another time
Another time
Another time
Another time
Another time
Another time
Another time
Another time
Another time
Another time
Another time
Another time
Another time
Another time
Another time
Another time
Another time
Another time
Another time
Another time
Another time
Another time
Another time
Another time
Another time
Another time
Another time
Another time
Another time
Another time
Another time
Another time
Another time
Another time
Another time
Another time
Another time
Another time
Another time
Another time
Another time
Another time
Another time
Another time
Another time
Another time
Another time
Another time
Another time
Another time
Another time
Another time
Another time
Another time
Another time
Another time
Another time
Another time
Another time
Another time
Another time
Another time
Another time
Another time
Another time
Another time
Another time
Another time
Another time
Another time
Another time
Another time
Another time
Another time
Another time
Another time
Another time
Another time
Another time
Another time
Another time
Another time
Another time
Another time
Another time
Another time
Another time
Another time
Another time
Another time
Another time
Another time
Another time
Another time
Another time
Another time
Another time
Another time
Another time
Another time
Another time
Another time
Another time
Another time
Another time
Another time
Another time
Another time
Another time
Another time
Another time
Another time
Another time
Another time
Another time
Another time
Another time
Another time
Another time
Another time
Another time
Another time
Another time
Another time
Another time
Another time
Another time
Another time
Another time
Another time
Another time
Another time
Another time
Another time
Another time
Another time
Another time
Another time
Another time
Another time
Another time
Another time
Another time
Another time
Another time
Another time
Another time
Another time
Another time
Another time
Another time
Another time
Another time
Another time
Another time
Another time
Another time
Another time
Another time
Another time
Another time
Another time
Another time
Another time
Another time
Another time
Another time
Another time
Another time
Another time
Another time
Another time
Another time
Another time
Another time
Another time
Another time
Another time
Another time
Another time
Another time
Another time
Another time
Another time
Another time
Another time
Another time
Another time
Another time
Another time
Another time
Another time
Another time
Another time
Another time
Another time
Another time
Another time
Another time
Another time
Another time
Another time
Another time
Another time
Another time
Another time
Another time
Another time
Another time
Another time
Another time
Another time
Another time
Another time
Another time
Another time
Another time
Another time
Another time
Another time
Another time
Another time
Another time
Another time
Another time
Another time
Another time
Another time
Another time
Another time
Another time
Another time
Another time
Another time
Another time
Another time
Another time
Another time
Another time
Another time
Another time
Another time
Another time
Another time
Another time
Another time
Another time
Another time
Another time
Another time
Another time
Another time
Another time
Another time
Another time
Another time
Another time
Another time
Another time
Another time
Another time
Another time
Another time
Another time
Another time
Another time
Another time
Another time
Another time
Another time
Another time
Another time
Another time
Another time
Another time
Another time
Another time
Another time
Another time
Another time
Another time
Another time
Another time
Another time
Another time
Another time
Another time
Another time
Another time
Another time
Another time
Another time
Another time
Another time
Another time
Another time
Another time
Another time
Another time
Another time
Another time
Another time
Another time
Another time
Another time
Another time
Another time
Another time
Another time
Another time
Another time
Another time
Another time
Another time
Another time
Another time
Another time
Another time
Another time
Another time
Another time
Another time
Another time
Another time
Another time
Another time
Another time
Another time
Another time
Another time
Another time
Another time
Another time
Another time
Another time
Another time
Another time
Another time
Another time
Another time
Another time
Another time
Another time
Another time
Another time
Another time
Another time
Another time
Another time
Another time
Another time
Another time
Another time
Another time
Another time
Another time
Another time
Another time
Another time
Another time
Another time
Another time
Another time
Another time
Another time
Another time
Another time
Another time
Another time
Another time
Another time
Another time
Another time
Another time
Another time
Another time
Another time
Another time
Another time
Another time
Another time
Another time
Another time
Another time
Another time
Another time
Another time
Another time
Another time
Another time
Another time
Another time
Another time
Another time
Another time
Another time
Another time
Another time
Another time
Another time
Another time
Another time
Another time
Another time
Another time
Another time
Another time
Another time
Another time
Another time
Another time
Another time
Another time
Another time
Another time
Another time
Another time
Another time
Another time
Another time
Another time
Another time
Another time
Another time
Another time
Another time
Another time
Another time
Another time
Another time
Another time
Another time
Another time
Another time
Another time
Another time
Another time
Another time
Another time
Another time
Another time
Another time
Another time
Another time
Another time
Another time
Another time
Another time
Another time
Another time
Another time
Another time
Another time
Another time
Another time
Another time
Another time
Another time
Another time
Another time
Another time
Another time
Another time
Another time
Another time
Another time
Another time
Another time
Another time
Another time
Another time
Another time
Another time
Another time
Another time
Another time
Another time
Another time
Another time
Another time
Another time
Another time
Another time
Another time
Another time
Another time
Another time
Another time
Another time
Another time
Another time
Another time
Another time
Another time
Another time
Another time
Another time
Another time
Another time
Another time
Another time
Another time
Another time
Another time
Another time
Another time
Another time
Another time
Another time
Another time
Another time
Another time
Another time
Another time
Another time
Another time
Another time
Another time
Another time
Another time
Another time
Another time
Another time
Another time
Another time
Another time
Another time
Another time
Another time
Another time
Another time
Another time
Another time
Another time
Another time
Another time
Another time
Another time
Another time
Another time
Another time
Another time
Another time
Another time
Another time
Another time
Another time
Another time
Another time
Another time
Another time
Another time
Another time
Another time
Another time
Another time
Another time
Another time
Another time
Another time
Another time
Another time
Another time
Another time
Another time
Another time
Another time
Another time
Another time
Another time
Another time
Another time
Another time
Another time
Another time
Another time
Another time
Another time
Another time
Another time
Another time
Another time
Another time
Another time
Another time
Another time
Another time
Another time
Another time
Another time
Another time
Another time
Another time
Another time
Another time
Another time
Another time
Another time
Another time
Another time
Another time
Another time
Another time
Another time
Another time
Another time
Another time
Another time
Another time
Another time
Another time
Another time
Another time
Another time
Another time
Another time
Another time
Another time
Another time
Another time
Another time
Another time
Another time
Another time
Another time
Another time
Another time
Another time
Another time
Another time
Another time
Another time
Another time
Another time
Another time
Another time
Another time
Another time
Another time
Another time
Another time
Another time
Another time
Another time
Another time
Another time
Another time
Another time
Another time
Another time
Another time
Another time
Another time
Another time
Another time
Another time
Another time
Another time
Another time
Another time
Another time
Another time
Another time
Another time
Another time
Another time
Another time
Another time
Another time
Another time
Another time
Another time
Another time
Another time
Another time
Another time
Another time
Another time
Another time
Another time
Another time
Another time
Another time
Another time
Another time
Another time
Another time
Another time
Another time
Another time
Another time
Another time
Another time
Another time
Another time
Another time
Another time
Another time
Another time
Another time
Another time
Another time
Another time
Another time
Another time
Another time
Another time
Another time
Another time
Another time
Another time
Another time
Another time
Another time
Another time
Another time
Another time
Another time
Another time
Another time
Another time
Another time
Another time
Another time
Another time
Another time
Another time
Another time
Another time
Another time
Another time
Another time
Another time
Another time
Another time
Another time
Another time
Another time
Another time
Another time
Another time
Another time
Another time
Another time
Another time
Another time
Another time
Another time
Another time
Another time
Another time
Another time
Another time
Another time
Another time
Another time
Another time
Another time
Another time
Another time
Another time
Another time
Another time
Another time
Another time
Another time
Another time
Another time
Another time
Another time
Another time
Another time
Another time
Another time
Another time
Another time
Another time
Another time
Another time
Another time
Another time
Another time
Another time
Another time
Another time
Another time
Another time
Another time
Another time
Another time
Another time
Another time
Another time
Another time
Another time
Another time
Another time
Another time
Another time
Another time
Another time
Another time
Another time
Another time
Another time
Another time
Another time
Another time
Another time
Another time
Another time
Another time
Another time
Another time
Another time
Another time
Another time
Another time
Another time
Another time
Another time
Another time
Another time
Another time
Another time
Another time
Another time
Another time
Another time
Another time
Another time
Another time
Another time
Another time
Another time
Another time
Another time
Another time
Another time
Another time
Another time
Another time
Another time
Another time
Another time
Another time
Another time
Another time
Another time
Another time
Another time
Another time
Another time
Another time
Another time
Another time
Another time
Another time
Another time
Another time
Another time
Another time
Another time
Another time
Another time
Another time
Another time
Another time
Another time
Another time
Another time
Another time
Another time
Another time
Another time
Another time
Another time
Another time
Another time
Another time
Another time
Another time
Another time
Another time
Another time
Another time
Another time
Another time
Another time
Another time
Another time
Another time
Another time
Another time
Another time
Another time
Another time
Another time
Another time
Another time
Another time
Another time
Another time
Another time
Another time
Another time
Another time
Another time
Another time
Another time
Another time
Another time
Another time
Another time
Another time
Another time
Another time
Another time
Another time
Another time
Another time
Another time
Another time
Another time
Another time
Another time
Another time
Another time
Another time
Another time
Another time
Another time
Another time
Another time
Another time
Another time
Another time
Another time
Another time
Another time
Another time
Another time
Another time
Another time
Another time
Another time
Another time
Another time
Another time
Another time
Another time
Another time
Another time
Another time
Another time
Another time
Another time
Another time
Another time
Another time
Another time
Another time
Another time
Another time
Another time
Another time
Another time
Another time
Another time
Another time
Another time
Another time
Another time
Another time
Another time
Another time
Another time
Another time
Another time
Another time
Another time
Another time
Another time
Another time
Another time
Another time
Another time
Another time
Another time
Another time
Another time
Another time
Another time
Another time
Another time
Another time
Another time
Another time
Another time
Another time
Another time
Another time
Another time
Another time
Another time
Another time
Another time
Another time
Another time
Another time
Another time
Another time
Another time
Another time
Another time
Another time
Another time
Another time
Another time
Another time
Another time
Another time
Another time
Another time
Another time
Another time
Another time
Another time
Another time
Another time
Another time
Another time
Another time
Another time
Another time
Another time
Another time
Another time
Another time
Another time
Another time
Another time
Another time
Another time
Another time
Another time
Another time
Another time
Another time
Another time
Another time
Another time
Another time
Another time
Another time
Another time
Another time
Another time
Another time
Another time
Another time
Another time
Another time
Another time
Another time
Another time
Another time
Another time
Another time
Another time
Another time
Another time
Another time
Another time
Another time
Another time
Another time
Another time
Another time
Another time
Another time
Another time
Another time
Another time
Another time
Another time
Another time
Another time
Another time
Another time
Another time
Another time
Another time
Another time
Another time
Another time
Another time
Another time
Another time
Another time
Another time
Another time
Another time
Another time
Another time
Another time
Another time
Another time
Another time
Another time
Another time
Another time
Another time
Another time
Another time
Another time
Another time
Another time
Another time
Another time
Another time
Another time
Another time
Another time
Another time
Another time
Another time
Another time
Another time
Another time
Another time
Another time
Another time
Another time
Another time
Another time
Another time
Another time
Another time
Another time
Another time
Another time
Another time
Another time
Another time
Another time
Another time
Another time
Another time
Another time
Another time
Another time
Another time
Another time
Another time
Another time
Another time
Another time
Another time
Another time
Another time
Another time
Another time
Another time
Another time
Another time
Another time
Another time
Another time
Another time
Another time
Another time
Another time
Another time
Another time
Another time
Another time
Another time
Another time
Another time
Another time
Another time
Another time
Another time
Another time
Another time
Another time
Another time
Another time
Another time
Another time
Another time
Another time
Another time
Another time
Another time
Another time
Another time
Another time
Another time
Another time
Another time
Another time
Another time
Another time
Another time
Another time
Another time
Another time
Another time
Another time
Another time
Another time
Another time
Another time
Another time
Another time
Another time
Another time
Another time
Another time
Another time
Another time
Another time
Another time
Another time
Another time
Another time
Another time
Another time
Another time
Another time
Another time
Another time
Another time
Another time
Another time
Another time
Another time
Another time
Another time
Another time
Another time
Another time
Another time
Another time
Another time
Another time
Another time
Another time
Another time
Another time
Another time
Another time
Another time
Another time
Another time
Another time
Another time
Another time
Another time
Another time
Another time
Another time
Another time
Another time
Another time
Another time
Another time
Another time
Another time
Another time
Another time
Another time
Another time
Another time
Another time
Another time
Another time
Another time
Another time
Another time
Another time
Another time
Another time
Another time
Another time
Another time
Another time
Another time
Another time
Another time
Another time
Another time
Another time
Another time
Another time
Another time
Another time
Another time
Another time
Another time
Another time
Another time
Another time
Another time
Another time
Another time
Another time
Another time
Another time
Another time
Another time
Another time
Another time
Another time
Another time
Another time
Another time
Another time
Another time
Another time
Another time
Another time
Another time
Another time
Another time
Another time
Another time
Another time
Another time
Another time
Another time
Another time
Another time
Another time
Another time
Another time
Another time
Another time
Another time
Another time
Another time
Another time
Another time
Another time
Another time
Another time
Another time
Another time
Another time
Another time
Another time
Another time
Another time
Another time
Another time
Another time
Another time
Another time
Another time
Another time
Another time
Another time
Another time
Another time
Another time
Another time
Another time
Another time
Another time
Another time
Another time
Another time
Another time
Another time
Another time
Another time
Another time
Another time
Another time
Another time
Another time
Another time
Another time
Another time
Another time
Another time
Another time
Another time
Another time
Another time
Another time
Another time
Another time
Another time
Another time
Another time
Another time
Another time
Another time
Another time
Another time
Another time
Another time
Another time
Another time
Another time
Another time
Another time
Another time
Another time
Another time
Another time
Another time
Another time
Another time
Another time
Another time
Another time
Another time
Another time
Another time
Another time
Another time
Another time
Another time
Another time
Another time
Another time
Another time
Another time
Another time
Another time
Another time
Another time
Another time
Another time
Another time
Another time
Another time
Another time
Another time
Another time
Another time
Another time
Another time
Another time
Another time
Another time
Another time
Another time
Another time
Another time
Another time
Another time
Another time
Another time
Another time
Another time
Another time
Another time
Another time
Another time
Another time
Another time
Another time
Another time
Another time
Another time
Another time
Another time
Another time
Another time
Another time
Another time
Another time
Another time
Another time
Another time
Another time
Another time
Another time
Another time
Another time
Another time
Another time
Another time
Another time
Another time
Another time
Another time
Another time
Another time
Another time
Another time
Another time
Another time
Another time
Another time
Another time
Another time
Another time
Another time
Another time
Another time
Another time
Another time
Another time
Another time
Another time
Another time
Another time
Another time
Another time
Another time
Another time
Another time
Another time
Another time
Another time
Another time
Another time
Another time
Another time
Another time
Another time
Another time
Another time
Another time
Another time
Another time
Another time
Another time
Another time
Another time
Another time
Another time
Another time
Another time
Another time
Another time
Another time
Another time
Another time
Another time
Another time
Another time
Another time
Another time
Another time
Another time
Another time
Another time
Another time
Another time
Another time
Another time
Another time
Another time
Another time
Another time
Another time
Another time
Another time
Another time
Another time
Another time
Another time
Another time
Another time
Another time
Another time
Another time
Another time
Another time
Another time
Another time
Another time
Another time
Another time
Another time
Another time
Another time
Another time
Another time
Another time
Another time
Another time
Another time
Another time
Another time
Another time
Another time
Another time
Another time
Another time
Another time
Another time
Another time
Another time
Another time
Another time
Another time
Another time
Another time
Another time
Another time
Another time
Another time
Another time
Another time
Another time
Another time
Another time
Another time
Another time
Another time
Another time
Another time
Another time
Another time
Another time
Another time
Another time
Another time
Another time
Another time
Another time
Another time
Another time
Another time
Another time
Another time
Another time
Another time
Another time
Another time
Another time
Another time
Another time
Another time
Another time
Another time
Another time
Another time
Another time
Another time
Another time
Another time
Another time
Another time
Another time
Another time
Another time
Another time
Another time
Another time
Another time
Another time
Another time
Another time
Another time
Another time
Another time
Another time
Another time
Another time
Another time
Another time
Another time
Another time
Another time
Another time
Another time
Another time
Another time
Another time
Another time
Another time
Another time
Another time
Another time
Another time
Another time
Another time
Another time
Another time
Another time
Another time
Another time
Another time
Another time
Another time
Another time
Another time
Another time
Another time
Another time
Another time
Another time
Another time
Another time
Another time
Another time
Another time
Another time
Another time
Another time
Another time
Another time
Another time
Another time
Another time
Another time
Another time
Another time
Another time
Another time
Another time
Another time
Another time
Another time
Another time
Another time
Another time
Another time
Another time
Another time
Another time
Another time
Another time
Another time
Another time
Another time
Another time
Another time
Another time
Another time
Another time
Another time
Another time
Another time
Another time
Another time
Another time
Another time
Another time
Another time
Another time
Another time
Another time
Another time
Another time
Another time
Another time
Another time
Another time
Another time
Another time
Another time
Another time
Another time
Another time
Another time
Another time
Another time
Another time
Another time
Another time
Another time
Another time
Another time
Another time
Another time
Another time
Another time
Another time
Another time
Another time
Another time
Another time
Another time
Another time
Another time
Another time
Another time
Another time
Another time
Another time
Another time
Another time
Another time
Another time
Another time
Another time
Another time
Another time
Another time
Another time
Another time
Another time
Another time
Another time
Another time
Another time
Another time
Another time
Another time
Another time
Another time
Another time
Another time
Another time
Another time
Another time
Another time
Another time
Another time
Another time
Another time
Another time
Another time
Another time
Another time
Another time
Another time
Another time
Another time
Another time
Another time
Another time
Another time
Another time
Another time
Another time
Another time
Another time
Another time
Another time
Another time
Another time
Another time
Another time
Another time
Another time
Another time
Another time
Another time
Another time
Another time
Another time
Another time
Another time
Another time
Another time
Another time
Another time
Another time
Another time
Another time
Another time
Another time
Another time
Another time
Another time
Another time
Another time
Another time
Another time
Another time
Another time
Another time
Another time
Another time
Another time
Another time
Another time
Another time
Another time
Another time
Another time
Another time
Another time
Another time
Another time
Another time
Another time
Another time
Another time
Another time
Another time
Another time
Another time
Another time
Another time
Another time
Another time
Another time
Another time
Another time
Another time
Another time
Another time
Another time
Another time
Another time
Another time
Another time
Another time
Another time
Another time
Another time
Another time
Another time
Another time
Another time
Another time
Another time
Another time
Another time
Another time
Another time
Another time
Another time
Another time
Another time
Another time
Another time
Another time
Another time
Another time
Another time
Another time
Another time
Another time
Another time
Another time
Another time
Another time
Another time
Another time
Another time
Another time
Another time
Another time
Another time
Another time
Another time
Another time
Another time
Another time
Another time
Another time
Another time
Another time
Another time
Another time
Another time
Another time
Another time
Another time
Another time
Another time
Another time
Another time
Another time
Another time
Another time
Another time
Another time
Another time
Another time
Another time
Another time
Another time
Another time
Another time
Another time
Another time
Another time
Another time
Another time
Another time
Another time
Another time
Another time
Another time
Another time
Another time
Another time
Another time
Another time
Another time
Another time
Another time
Another time
Another time
Another time
Another time
Another time
Another time
Another time
Another time
Another time
Another time
Another time
Another time
Another time
Another time
Another time
Another time
Another time
Another time
Another time
Another time
Another time
Another time
Another time
Another time
Another time
Another time
Another time
Another time
Another time
Another time
Another time
Another time
Another time
Another time
Another time
Another time
Another time
Another time
Another time
Another time
Another time
Another time
Another time
Another time
Another time
Another time
Another time
Another time
Another time
Another time
Another time
Another time
Another time
Another time
Another time
Another time
Another time
Another time
Another time
Another time
Another time
Another time
Another time
Another time
Another time
Another time
Another time
Another time
Another time
Another time
Another time
Another time
Another time
Another time
Another time
Another time
Another time
Another time
Another time
Another time
Another time
Another time
Another time
Another time
Another time
Another time
Another time
Another time
Another time
Another time
Another time
Another time
Another time
Another time
Another time
Another time
Another time
Another time
Another time
Another time
Another time
Another time
Another time
Another time
Another time
Another time
Another time
Another time
Another time
Another time
Another time
Another time
Another time
Another time
Another time
Another time
Another time
Another time
Another time
Another time
Another time
Another time
Another time
Another time
Another time
Another time
Another time
Another time
Another time
Another time
Another time
Another time
Another time
Another time
Another time
Another time
Another time
Another time
Another time
Another time
Another time
Another time
Another time
Another time
Another time
Another time
Another time
Another time
Another time
Another time
Another time
Another time
Another time
Another time
Another time
Another time
Another time
Another time
Another time
Another time
Another time
Another time
Another time
Another time
Another time
Another time
Another time
Another time
Another time
Another time
Another time
Another time
Another time
Another time
Another time
Another time
Another time
Another time
Another time
Another time
Another time
Another time
Another time
Another time
Another time
Another time
Another time
Another time
Another time
Another time
Another time
Another time
Another time
Another time
Another time
Another time
Another time
Another time
Another time
Another time
Another time
Another time
Another time
Another time
Another time
Another time
Another time
Another time
Another time
Another time
Another time
Another time
Another time
Another time
Another time
Another time
Another time
Another time
Another time
Another time
Another time
Another time
Another time
Another time
Another time
Another time
Another time
Another time
Another time
Another time
Another time
Another time
Another time
Another time
Another time
Another time
Another time
Another time
Another time
Another time
Another time
Another time
Another time
Another time
Another time
Another time
Another time
Another time
Another time
Another time
Another time
Another time
Another time
Another time
Another time
Another time
Another time
Another time
Another time
Another time
Another time
Another time
Another time
Another time
Another time
Another time
Another time
Another time
Another time
Another time
Another time
Another time
Another time
Another time
Another time
Another time
Another time
Another time
Another time
Another time
Another time
Another time
Another time
Another time
Another time
Another time
Another time
Another time
Another time
Another time
Another time
Another time
Another time
Another time
Another time
Another time
Another time
Another time
Another time
Another time
Another time
Another time
Another time
Another time
Another time
Another time
Another time
Another time
Another time
Another time
Another time
Another time
Another time
Another time
Another time
Another time
Another time
Another time
Another time
Another time
Another time
Another time
Another time
Another time
Another time
Another time
Another time
Another time
Another time
Another time
Another time
Another time
Another time
Another time
Another time
Another time
Another time
Another time
Another time
Another time
Another time
Another time
Another time
Another time
Another time
Another time
Another time
Another time
Another time
Another time
Another time
Another time
Another time
Another time
Another time
Another time
Another time
Another time
Another time
Another time
Another time
Another time
Another time
Another time
Another time
Another time
Another time
Another time
Another time
Another time
Another time
Another time
Another time
Another time
Another time
Another time
Another time
Another time
Another time
Another time
Another time
Another time
Another time
Another time
Another time
Another time
Another time
Another time
Another time
Another time
Another time
Another time
Another time
Another time
Another time
Another time
Another time
Another time
Another time
Another time
Another time
Another time
Another time
Another time
Another time
Another time
Another time
Another time
Another time
Another time
Another time
Another time
Another time
Another time
Another time
Another time
Another time
Another time
Another time
Another time
Another time
Another time
Another time
Another time
Another time
Another time
Another time
Another time
Another time
Another time
Another time
Another time
Another time
Another time
Another time
Another time
Another time
Another time
Another time
Another time
Another time
Another time
Another time
Another time
Another time
Another time
Another time
Another time
Another time
Another time
Another time
Another time
Another time
Another time
Another time
Another time
Another time
Another time
Another time
Another time
Another time
Another time
Another time
Another time
Another time
Another time
Another time
Another time
Another time
Another time
Another time
Another time
Another time
Another time
Another time
Another time
Another time
Another time
Another time
Another time
Another time
Another time
Another time
Another time
Another time
Another time
Another time
Another time
Another time
Another time
Another time
Another time
Another time
Another time
Another time
Another time
Another time
Another time
Another time
Another time
Another time
Another time
Another time
Another time
Another time
Another time
Another time
Another time
Another time
Another time
Another time
Another time
Another time
Another time
Another time
Another time
Another time
Another time
Another time
Another time
Another time
Another time
Another time
Another time
Another time
Another time
Another time
Another time
Another time
Another time
Another time
Another time
Another time
Another time
Another time
Another time
Another time
Another time
Another time
Another time
Another time
Another time
Another time
Another time
Another time
Another time
Another time
Another time
Another time
Another time
Another time
Another time
Another time
Another time
Another time
Another time
Another time
Another time
Another time
Another time
Another time
Another time
Another time
Another time
Another time
Another time
Another time
Another time
Another time
Another time
Another time
Another time
Another time
Another time
Another time
Another time
Another time
Another time
Another time
Another time
Another time
Another time
Another time
Another time
Another time
Another time
Another time
Another time
Another time
Another time
Another time
Another time
Another time
Another time
Another time
Another time
Another time
Another time
Another time
Another time
Another time
Another time
Another time
Another time
Another time
Another time
Another time
Another time
Another time
Another time
Another time
Another time
Another time
Another time
Another time
Another time
Another time
Another time
Another time
Another time
Another time
Another time
Another time
Another time
Another time
Another time
Another time
Another time
Another time
Another time
Another time
Another time
Another time
Another time
Another time
Another time
Another time
Another time
Another time
Another time
Another time
Another time
Another time
Another time
Another time
Another time
Another time
Another time
Another time
Another time
Another time
Another time
Another time
Another time
Another time
Another time
Another time
Another time
Another time
Another time
Another time
Another time
Another time
Another time
Another time
Another time
Another time
Another time
Another time
Another time
Another time
Another time
Another time
Another time
Another time
Another time
Another time
Another time
Another time
Another time
Another time
Another time
Another time
Another time
Another time
Another time
Another time
Another time
Another time
Another time
Another time
Another time
Another time
Another time
Another time
Another time
Another time
Another time
Another time
Another time
Another time
Another time
Another time
Another time
Another time
Another time
Another time
Another time
Another time
Another time
Another time
Another time
Another time
Another time
Another time
Another time
Another time
Another time
Another time
Another time
Another time
Another time
Another time
Another time
Another time
Another time
Another time
Another time
Another time
Another time
Another time
Another time
Another time
Another time
Another time
Another time
Another time
Another time
Another time
Another time
Another time
Another time
Another time
Another time
Another time
Another time
Another time
Another time
Another time
Another time
Another time
Another time
Another time
Another time
Another time
Another time
Another time
Another time
Another time
Another time
Another time
Another time
Another time
Another time
Another time
Another time
Another time
Another time
Another time
Another time
Another time
Another time
Another time
Another time
Another time
Another time
Another time
Another time
Another time
Another time
Another time
Another time
Another time
Another time
Another time
Another time
Another time
Another time
Another time
Another time
Another time
Another time
Another time
Another time
Another time
Another time
Another time
Another time
Another time
Another time
Another time
Another time
Another time
Another time
Another time
Another time
Another time
Another time
Another time
Another time
Another time
Another time
Another time
Another time
Another time
Another time
Another time
Another time
Another time
Another time
Another time
Another time
Another time
Another time
Another time
Another time
Another time
Another time
Another time
Another time
Another time
Another time
Another time
Another time
Another time
Another time
Another time
Another time
Another time
Another time
Another time
Another time
Another time
Another time
Another time
Another time
Another time
Another time
Another time
Another time
Another time
Another time
Another time
Another time
Another time
Another time
Another time
Another time
Another time
Another time
Another time
Another time
Another time
Another time
Another time
Another time
Another time
Another time
Another time
Another time
Another time
Another time
Another time
Another time
Another time
Another time
Another time
Another time
Another time
Another time
Another time
Another time
Another time
Another time
Another time
Another time
Another time
Another time
Another time
Another time
Another time
Another time
Another time
Another time
Another time
Another time
Another time
Another time
Another time
Another time
Another time
Another time
Another time
Another time
Another time
Another time
Another time
Another time
Another time
Another time
Another time
Another time
Another time
Another time
Another time
Another time
Another time
Another time
Another time
Another time
Another time
Another time
Another time
Another time
Another time
Another time
Another time
Another time
Another time
Another time
Another time
Another time
Another time
Another time
Another time
Another time
Another time
Another time
Another time
Another time
Another time
Another time
Another time
Another time
Another time
Another time
Another time
Another time
Another time
Another time
Another time
Another time
Another time
Another time
Another time
Another time
Another time
Another time
Another time
Another time
Another time
Another time
Another time
Another time
Another time
Another time
Another time
Another time
Another time
Another time
Another time
Another time
Another time
Another time
Another time
Another time
Another time
Another time
Another time
Another time
Another time
Another time
Another time
Another time
Another time
Another time
Another time
Another time
Another time
Another time
Another time
Another time
Another time
Another time
Another time
Another time
Another time
Another time
Another time
Another time
Another time
Another time
Another time
Another time
Another time
Another time
Another time
Another time
Another time
Another time
Another time
Another time
Another time
Another time
Another time
Another time
Another time
Another time
Another time
Another time
Another time
Another time
Another time
Another time
Another time
Another time
Another time
Another time
Another time
Another time
Another time
Another time
Another time
Another time
Another time
Another time
Another time
Another time
Another time
Another time
Another time
Another time
Another time
Another time
Another time
Another time
Another time
Another time
Another time
Another time
Another time
Another time
Another time
Another time
Another time
Another time
Another time
Another time
Another time
Another time
Another time
Another time
Another time
Another time
Another time
Another time
Another time
Another time
Another time
Another time
Another time
Another time
Another time
Another time
Another time
Another time
Another time
Another time
Another time
Another time
Another time
Another time
Another time
Another time
Another time
Another time
Another time
Another time
Another time
Another time
Another time
Another time
Another time
Another time
Another time
Another time
Another time
Another time
Another time
Another time
Another time
Another time
Another time
Another time
Another time
Another time
Another time
Another time
Another time
Another time
Another time
Another time
Another time
Another time
Another time
Another time
Another time
Another time
Another time
Another time
Another time
Another time
Another time
Another time
Another time
Another time
Another time
Another time
Another time
Another time
Another time
Another time
Another time
Another time
Another time
Another time
Another time
Another time
Another time
Another time
Another time
Another time
Another time
Another time
Another time
Another time
Another time
Another time
Another time
Another time
Another time
Another time
Another time
Another time
Another time
Another time
Another time
Another time
Another time
Another time
Another time
Another time
Another time
Another time
Another time
Another time
Another time
Another time
Another time
Another time
Another time
Another time
Another time
Another time
Another time
Another time
Another time
Another time
Another time
Another time
Another time
Another time
Another time
Another time
Another time
Another time
Another time
Another time
Another time
Another time
Another time
Another time
Another time
Another time
Another time
Another time
Another time
Another time
Another time
Another time
Another time
Another time
Another time
Another time
Another time
Another time
Another time
Another time
Another time
Another time
Another time
Another time
Another time
Another time
Another time
Another time
Another time
Another time
Another time
Another time
Another time
Another time
Another time
Another time
Another time
Another time
Another time
Another time
Another time
Another time
Another time
Another time
Another time
Another time
Another time
Another time
Another time
Another time
Another time
Another time
Another time
Another time
Another time
Another time
Another time
Another time
Another time
Another time
Another time
Another time
Another time
Another time
Another time
Another time
Another time
Another time
Another time
Another time
Another time
Another time
Another time
Another time
Another time
Another time
Another time
Another time
Another time
Another time
Another time
Another time
Another time
Another time
Another time
Another time
Another time
Another time
Another time
Another time
Another time
Another time
Another time
Another time
Another time
Another time
Another time
Another time
Another time
Another time
Another time
Another time
Another time
Another time
Another time
Another time
Another time
Another time
Another time
Another time
Another time
Another time
Another time
Another time
Another time
Another time
Another time
Another time
Another time
Another time
Another time
Another time
Another time
Another time
Another time
Another time
Another time
Another time
Another time
Another time
Another time
Another time
Another time
Another time
Another time
Another time
Another time
Another time
Another time
Another time
Another time
Another time
Another time
Another time
Another time
Another time
Another time
Another time
Another time
Another time
Another time
Another time
Another time
Another time
Another time
Another time
Another time
Another time
Another time
Another time
Another time
Another time
Another time
Another time
Another time
Another time
Another time
Another time
Another time
Another time
Another time
Another time
Another time
Another time
Another time
Another time
Another time
Another time
Another time
Another time
Another time
Another time
Another time
Another time
Another time
Another time
Another time
Another time
Another time
Another time
Another time
Another time
Another time
Another time
Another time
Another time
Another time
Another time
Another time
Another time
Another time
Another time
Another time
Another time
Another time
Another time
Another time
Another time
Another time
Another time
Another time
Another time
Another time
Another time
Another time
Another time
Another time
Another time
Another time
Another time
Another time
Another time
Another time
Another time
Another time
Another time
Another time
Another time
Another time
Another time
Another time
Another time
Another time
Another time
Another time
Another time
Another time
Another time
Another time
Another time
Another time
Another time
Another time
Another time
Another time
Another time
Another time
Another time
Another time
Another time
Another time
Another time
Another time
Another time
Another time
Another time
Another time
Another time
Another time
Another time
Another time
Another time
Another time
Another time
Another time
Another time
Another time
Another time
Another time
Another time
Another time
Another time
Another time
Another time
Another time
Another time
Another time
Another time
Another time
Another time
Another time
Another time
Another time
Another time
Another time
Another time
Another time
Another time
Another time
Another time
Another time
Another time
Another time
Another time
Another time
Another time
Another time
Another time
Another time
Another time
Another time
Another time
Another time
Another time
Another time
Another time
Another time
Another time
Another time
Another time
Another time
Another time
Another time
Another time
Another time
Another time
Another time
Another time
Another time
Another time
Another time
Another time
Another time
Another time
Another time
Another time
Another time
Another time
Another time
Another time
Another time
Another time
Another time
Another time
Another time
Another time
Another time
Another time
Another time
Another time
Another time
Another time
Another time
Another time
Another time
Another time
Another time
Another time
Another time
Another time
Another time
Another time
Another time
Another time
Another time
Another time
Another time
Another time
Another time
Another time
Another time
Another time
Another time
Another time
Another time
Another time
Another time
Another time
Another time
Another time
Another time
Another time
Another time
Another time
Another time
Another time
Another time
Another time
Another time
Another time
Another time
Another time
Another time
Another time
Another time
Another time
Another time
Another time
Another time
Another time
Another time
Another time
Another time
Another time
Another time
Another time
Another time
Another time
Another time
Another time
Another time
Another time
Another time
Another time
Another time
Another time
Another time
Another time
Another time
Another time
Another time
Another time
Another time
Another time
Another time
Another time
Another time
Another time
Another time
Another time
Another time
Another time
Another time
Another time
Another time
Another time
Another time
Another time
Another time
Another time
Another time
Another time
Another time
Another time
Another time
Another time
Another time
Another time
Another time
Another time
Another time
Another time
Another time
Another time
Another time
Another time
Another time
Another time
Another time
Another time
Another time
Another time
Another time
Another time
Another time
Another time
Another time
Another time
Another time
Another time
Another time
Another time
Another time
Another time
Another time
Another time
Another time
Another time
Another time
Another time
Another time
Another time
Another time
Another time
Another time
Another time
Another time
Another time
Another time
Another time
Another time
Another time
Another time
Another time
Another time
Another time
Another time
Another time
Another time
Another time
Another time
Another time
Another time
Another time
Another time
Another time
Another time
Another time
Another time
Another time
Another time
Another time
Another time
Another time
Another time
Another time
Another time
Another time
Another time
Another time
Another time
Another time
Another time
Another time
Another time
Another time
Another time
Another time
Another time
Another time
Another time
Another time
Another time
Another time
Another time
Another time
Another time
Another time
Another time
Another time
Another time
Another time
Another time
Another time
Another time
Another time
Another time
Another time
Another time
Another time
Another time
Another time
Another time
Another time
Another time
Another time
Another time
Another time
Another time
Another time
Another time
Another time
Another time
Another time
Another time
Another time
Another time
Another time
Another time
Another time
Another time
Another time
Another time
Another time
Another time
Another time
Another time
Another time
Another time
Another time
Another time
Another time
Another time
Another time
Another time
Another time
Another time
Another time
Another time
Another time
Another time
Another time
Another time
Another time
Another time
Another time
Another time
Another time
Another time
Another time
Another time
Another time
Another time
Another time
Another time
Another time
Another time
Another time
Another time
Another time
Another time
Another time
Another time
Another time
Another time
Another time
Another time
Another time
Another time
Another time
Another time
Another time
Another time
Another time
Another time
Another time
Another time
Another time
Another time
Another time
Another time
Another time
Another time
Another time
Another time
Another time
Another time
Another time
Another time
Another time
Another time
Another time
Another time
Another time
Another time
Another time
Another time
Another time
Another time
Another time
Another time
Another time
Another time
Another time
Another time
Another time
Another time
Another time
Another time
Another time
Another time
Another time
Another time
Another time
Another time
Another time
Another time
Another time
Another time
Another time
Another time
Another time
Another time
Another time
Another time
Another time
Another time
Another time
Another time
Another time
Another time
Another time
Another time
Another time
Another time
Another time
Another time
Another time
Another time
Another time
Another time
Another time
Another time
Another time
Another time
Another time
Another time
Another time
Another time
Another time
Another time
Another time
Another time
Another time
Another time
Another time
Another time
Another time
Another time
Another time
Another time
Another time
Another time
Another time
Another time
Another time
Another time
Another time
Another time
Another time
Another time
Another time
Another time
Another time
Another time
Another time
Another time
Another time
Another time
Another time
Another time
Another time
Another time
Another time
Another time
Another time
Another time
Another time
Another time
Another time
Another time
Another time
Another time
Another time
Another time
Another time
Another time
Another time
Another time
Another time
Another time
Another time
Another time
Another time
Another time
Another time
Another time
Another time
Another time
Another time
Another time
Another time
Another time
Another time
Another time
Another time
Another time
Another time
Another time
Another time
Another time
Another time
Another time
Another time
Another time
Another time
Another time
Another time
Another time
Another time
Another time
Another time
Another time
Another time
Another time
Another time
Another time
Another time
Another time
Another time
Another time
Another time
Another time
Another time
Another time
Another time
Another time
Another time
Another time
Another time
Another time
Another time
Another time
Another time
Another time
Another time
Another time
Another time
Another time
Another time
Another time
Another time
Another time
Another time
Another time
Another time
Another time
Another time
Another time
Another time
Another time
Another time
Another time
Another time
Another time
Another time
Another time
Another time
Another time
Another time
Another time
Another time
Another time
Another time
Another time
Another time
Another time
Another time
Another time
Another time
Another time
Another time
Another time
Another time
Another time
Another time
Another time
Another time
Another time
Another time
Another time
Another time
Another time
Another time
Another time
Another time
Another time
Another time
Another time
Another time
Another time
Another time
Another time
Another time
Another time
Another time
Another time
Another time
Another time
Another time
Another time
Another time
Another time
Another time
Another time
Another time
Another time
Another time
Another time
Another time
Another time
Another time
Another time
Another time
Another time
Another time
Another time
Another time
Another time
Another time
Another time
Another time
Another time
Another time
Another time
Another time
Another time
Another time
Another time
Another time
Another time
Another time
Another time
Another time
Another time
Another time
Another time
Another time
Another time
Another time
Another time
Another time
Another time
Another time
Another time
Another time
Another time
Another time
Another time
Another time
Another time
Another time
Another time
Another time
Another time
Another time
Another time
Another time
Another time
Another time
Another time
Another time
Another time
Another time
Another time
Another time
Another time
Another time
Another time
Another time
Another time
Another time
Another time
Another time
Another time
Another time
Another time
Another time
Another time
Another time
Another time
Another time
Another time
Another time
Another time
Another time
Another time
Another time
Another time
Another time
Another time
Another time
Another time
Another time
Another time
Another time
Another time
Another time
Another time
Another time
Another time
Another time
Another time
Another time
Another time
Another time
Another time
Another time
Another time
Another time
Another time
Another time
Another time
Another time
Another time
Another time
Another time
Another time
Another time
Another time
Another time
Another time
Another time
Another time
Another time
Another time
Another time
Another time
Another time
Another time
Another time
Another time
Another time
Another time
Another time
Another time
Another time
Another time
Another time
Another time
Another time
Another time
Another time
Another time
Another time
Another time
Another time
Another time
Another time
Another time
Another time
Another time
Another time
Another time
Another time
Another time
Another time
Another time
Another time
Another time
Another time
Another time
Another time
Another time
Another time
Another time
Another time
Another time
Another time
Another time
Another time
Another time
Another time
Another time
Another time
Another time
Another time
Another time
Another time
Another time
Another time
Another time
Another time
Another time
Another time
Another time
Another time
Another time
Another time
Another time
Another time
Another time
Another time
Another time
Another time
Another time
Another time
Another time
Another time
Another time
Another time
Another time
Another time
Another time
Another time
Another time
Another time
Another time
Another time
Another time
Another time
Another time
Another time
Another time
Another time
Another time
Another time
Another time
Another time
Another time
Another time
Another time
Another time
Another time
Another time
Another time
Another time
Another time
Another time
Another time
Another time
Another time
Another time
Another time
Another time
Another time
Another time
Another time
Another time
Another time
Another time
Another time
Another time
Another time
Another time
Another time
Another time
Another time
Another time
Another time
Another time
Another time
Another time
Another time
Another time
Another time
Another time
Another time
Another time
Another time
Another time
Another time
Another time
Another time
Another time
Another time
Another time
Another time
Another time
Another time
Another time
Another time
Another time
Another time
Another time
Another time
Another time
Another time
Another time
Another time
Another time
Another time
Another time
Another time
Another time
Another time
Another time
Another time
Another time
Another time
Another time
Another time
Another time
Another time
Another time
Another time
Another time
Another time
Another time
Another time
Another time
Another time
Another time
Another time
Another time
Another time
Another time
Another time
Another time
Another time
Another time
Another time
Another time
Another time
Another time
Another time
Another time
Another time
Another time
Another time
Another time
Another time
Another time
Another time
Another time
Another time
Another time
Another time
Another time
Another time
Another time
Another time
Another time
Another time
Another time
Another time
Another time
Another time
Another time
Another time
Another time
Another time
Another time
Another time
Another time
Another time
Another time
Another time
Another time
Another time
Another time
Another time
Another time
Another time
Another time
Another time
Another time
Another time
Another time
Another time
Another time
Another time
Another time
Another time
Another time
Another time
Another time
Another time
Another time
Another time
Another time
Another time
Another time
Another time
Another time
Another time
Another time
Another time
Another time
Another time
Another time
Another time
Another time
Another time
Another time
Another time
Another time
Another time
Another time
Another time
Another time
Another time
Another time
Another time
Another time
Another time
Another time
Another time
Another time
Another time
Another time
Another time
Another time
Another time
Another time
Another time
Another time
Another time
Another time
Another time
Another time
Another time
Another time
Another time
Another time
Another time
Another time
Another time
Another time
Another time
Another time
Another time
Another time
Another time
Another time
Another time
Another time
Another time
Another time
Another time
Another time
Another time
Another time
Another time
Another time
Another time
Another time
Another time
Another time
Another time
Another time
Another time
Another time
Another time
Another time
Another time
Another time
Another time
Another time
Another time
Another time
Another time
Another time
Another time
Another time
Another time
Another time
Another time
Another time
Another time
Another time
Another time
Another time
Another time
Another time
Another time
Another time
Another time
Another time
Another time
Another time
Another time
Another time
Another time
Another time
Another time
Another time
Another time
Another time
Another time
Another time
Another time
Another time
Another time
Another time
Another time
Another time
Another time
Another time
Another time
Another time
Another time
Another time
Another time
Another time
Another time
Another time
Another time
Another time
Another time
Another time
Another time
Another time
Another time
Another time
Another time
Another time
Another time
Another time
Another time
Another time
Another time
Another time
Another time
Another time
Another time
Another time
Another time
Another time
Another time
Another time
Another time
Another time
Another time
Another time
Another time
Another time
Another time
Another time
Another time
Another time
Another time
Another time
Another time
Another time
Another time
Another time
Another time
Another time
Another time
Another time
Another time
Another time
Another time
Another time
Another time
Another time
Another time
Another time
Another time
Another time
Another time
Another time
Another time
Another time
Another time
Another time
Another time
Another time
Another time
Another time
Another time
Another time
Another time
Another time
Another time
Another time
Another time
Another time
Another time
Another time
Another time
Another time
Another time
Another time
Another time
Another time
Another time
Another time
Another time
Another time
Another time
Another time
Another time
Another time
Another time
Another time
Another time
Another time
Another time
Another time
Another time
Another time
Another time
Another time
Another time
Another time
Another time
Another time
Another time
Another time
Another time
Another time
Another time
Another time
Another time
Another time
Another time
Another time
Another time
Another time
Another time
Another time
Another time
Another time
Another time
Another time
Another time
Another time
Another time
Another time
Another time
Another time
Another time
Another time
Another time
Another time
Another time
Another time
Another time
Another time
Another time
Another time
Another time
Another time
Another time
Another time
Another time
Another time
Another time
Another time
Another time
Another time
Another time
Another time
Another time
Another time
Another time
Another time
Another time
Another time
Another time
Another time
Another time
Another time
Another time
Another time
Another time
Another time
Another time
Another time
Another time
Another time
Another time
Another time
Another time
Another time
Another time
Another time
Another time
Another time
Another time
Another time
Another time
Another time
Another time
Another time
Another time
Another time
Another time
Another time
Another time
Another time
Another time
Another time
Another time
Another time
Another time
Another time
Another time
Another time
Another time
Another time
Another time
Another time
Another time
Another time
Another time
Another time
Another time
Another time
Another time
Another time
Another time
Another time
Another time
Another time
Another time
Another time
Another time
Another time
Another time
Another time
Another time
Another time
Another time
Another time
Another time
Another time
Another time
Another time
Another time
Another time
Another time
Another time
Another time
Another time
Another time
Another time
Another time
Another time
Another time
Another time
Another time
Another time
Another time
Another time
Another time
Another time
Another time
Another time
Another time
Another time
Another time
Another time
Another time
Another time
Another time
Another time
Another time
Another time
Another time
Another time
Another time
Another time
Another time
Another time
Another time
Another time
Another time
Another time
Another time
Another time
Another time
Another time
Another time
Another time
Another time
Another time
Another time
Another time
Another time
Another time
Another time
Another time
Another time
Another time
Another time
Another time
Another time
Another time
Another time
Another time
Another time
Another time
Another time
Another time
Another time
Another time
Another time
Another time
Another time
Another time
Another time
Another time
Another time
Another time
Another time
Another time
Another time
Another time
Another time
Another time
Another time
Another time
Another time
Another time
Another time
Another time
Another time
Another time
Another time
Another time
Another time
Another time
Another time
Another time
Another time
Another time
Another time
Another time
Another time
Another time
Another time
Another time
Another time
Another time
Another time
Another time
Another time
Another time
Another time
Another time
Another time
Another time
Another time
Another time
Another time
Another time
Another time
Another time
Another time
Another time
Another time
Another time
Another time
Another time
Another time
Another time
Another time
Another time
Another time
Another time
Another time
Another time
Another time
Another time
Another time
Another time
Another time
Another time
Another time
Another time
Another time
Another time
Another time
Another time
Another time
Another time
Another time
Another time
Another time
Another time
Another time
Another time
Another time
Another time
Another time
Another time
Another time
Another time
Another time
Another time
Another time
Another time
Another time
Another time
Another time
Another time
Another time
Another time
Another time
Another time
Another time
Another time
Another time
Another time
Another time
Another time
Another time
Another time
Another time
Another time
Another time
Another time
Another time
Another time
Another time
Another time
Another time
Another time
Another time
Another time
Another time
Another time
Another time
Another time
Another time
Another time
Another time
Another time
Another time
Another time
Another time
Another time
Another time
Another time
Another time
Another time
Another time
Another time
Another time
Another time
Another time
Another time
Another time
Another time
Another time
Another time
Another time
Another time
Another time
Another time
Another time
Another time
Another time
Another time
Another time
Another time
Another time
Another time
Another time
Another time
Another time
Another time
Another time
Another time
Another time
Another time
Another time
Another time
Another time
Another time
Another time
Another time
Another time
Another time
Another time
Another time
Another time
Another time
Another time
Another time
Another time
Another time
Another time
Another time
Another time
Another time
Another time
Another time
Another time
Another time
Another time
Another time
Another time
Another time
Another time
Another time
Another time
Another time
Another time
Another time
Another time
Another time
Another time
Another time
Another time
Another time
Another time
Another time
Another time
Another time
Another time
Another time
Another time
Another time
Another time
Another time
Another time
Another time
Another time
Another time
Another time
Another time
Another time
Another time
Another time
Another time
Another time
Another time
Another time
Another time
Another time
Another time
Another time
Another time
Another time
Another time
Another time
Another time
Another time
Another time
Another time
Another time
Another time
Another time
Another time
Another time
Another time
Another time
Another time
Another time
Another time
Another time
Another time
Another time
Another time
Another time
Another time
Another time
Another time
Another time
Another time
Another time
Another time
Another time
Another time
Another time
Another time
Another time
Another time
Another time
Another time
Another time
Another time
Another time
Another time
Another time
Another time
Another time
Another time
Another time
Another time
Another time
Another time
Another time
Another time
Another time
Another time
Another time
Another time
Another time
Another time
Another time
Another time
Another time
Another time
Another time
Another time
Another time
Another time
Another time
Another time
Another time
Another time
Another time
Another time
Another time
Another time
Another time
Another time
Another time
Another time
Another time
Another time
Another time
Another time
Another time
Another time
Another time
Another time
Another time
Another time
Another time
Another time
Another time
Another time
Another time
Another time
Another time
Another time
Another time
Another time
Another time
Another time
Another time
Another time
Another time
Another time
Another time
Another time
Another time
Another time
Another time
Another time
Another time
Another time
Another time
Another time
Another time
Another time
Another time
Another time
Another time
Another time
Another time
Another time
Another time
Another time
Another time
Another time
Another time
Another time
Another time
Another time
Another time
Another time
Another time
Another time
Another time
Another time
Another time
Another time
Another time
Another time
Another time
Another time
Another time
Another time
Another time
Another time
Another time
Another time
Another time
Another time
Another time
Another time
Another time
Another time
Another time
Another time
Another time
Another time
Another time
Another time
Another time
Another time
Another time
Another time
Another time
Another time
Another time
Another time
Another time
Another time
Another time
Another time
Another time
Another time
Another time
Another time
Another time
Another time
Another time
Another time
Another time
Another time
Another time
Another time
Another time
Another time
Another time
Another time
Another time
Another time
Another time
Another time
Another time
Another time
Another time
Another time
Another time
Another time
Another time
Another time
Another time
Another time
Another time
Another time
Another time
Another time
Another time
Another time
Another time
Another time
Another time
Another time
Another time
Another time
Another time
Another time
Another time
Another time
Another time
Another time
Another time
Another time
Another time
Another time
Another time
Another time
Another time
Another time
Another time
Another time
Another time
Another time
Another time
Another time
Another time
Another time
Another time
Another time
Another time
Another time
Another time
Another time
Another time
Another time
Another time
Another time
Another time
Another time
Another time
Another time
Another time
Another time
Another time
Another time
Another time
Another time
Another time
Another time
Another time
Another time
Another time
Another time
Another time
Another time
Another time
Another time
Another time
Another time
Another time
Another time
Another time
Another time
Another time
Another time
Another time
Another time
Another time
Another time
Another time
Another time
Another time
Another time
Another time
Another time
Another time
Another time
Another time
Another time
Another time
Another time
Another time
Another time
Another time
Another time
Another time
Another time
Another time
Another time
Another time
Another time
Another time
Another time
Another time
Another time
Another time
Another time
Another time
Another time
Another time
Another time
Another time
Another time
Another time
Another time
Another time
Another time
Another time
Another time
Another time
Another time
Another time
Another time
Another time
Another time
Another time
Another time
Another time
Another time
Another time
Another time
Another time
Another time
Another time
Another time
Another time
Another time
Another time
Another time
Another time
Another time
Another time
Another time
Another time
Another time
Another time
Another time
Another time
Another time
Another time
Another time
Another time
Another time
Another time
Another time
Another time
Another time
Another time
Another time
Another time
Another time
Another time
Another time
Another time
Another time
Another time
Another time
Another time
Another time
Another time
Another time
Another time
Another time
Another time
Another time
Another time
Another time
Another time
Another time
Another time
Another time
Another time
Another time
Another time
Another time
Another time
Another time
Another time
Another time
Another time
Another time
Another time
Another time
Another time
Another time
Another time
Another time
Another time
Another time
Another time
Another time
Another time
Another time
Another time
Another time
Another time
Another time
Another time
Another time
Another time
Another time
Another time
Another time
Another time
Another time
Another time
Another time
Another time
Another time
Another time
Another time
Another time
Another time
Another time
Another time
Another time
Another time
Another time
Another time
Another time
Another time
Another time
Another time
Another time
Another time
Another time
Another time
Another time
Another time
Another time
Another time
Another time
Another time
Another time
Another time
Another time
Another time
Another time
Another time
Another time
Another time
Another time
Another time
Another time
Another time
Another time
Another time
Another time
Another time
Another time
Another time
Another time
Another time
Another time
Another time
Another time
Another time
Another time
Another time
Another time
Another time
Another time
Another time
Another time
Another time
Another time
Another time
Another time
Another time
Another time
Another time
Another time
Another time
Another time
Another time
Another time
Another time
Another time
Another time
Another time
Another time
Another time
Another time
Another time
Another time
Another time
Another time
Another time
Another time
Another time
Another time
Another time
Another time
Another time
Another time
Another time
Another time
Another time
Another time
Another time
Another time
Another time
Another time
Another time
Another time
Another time
Another time
Another time
Another time
Another time
Another time
Another time
Another time
Another time
Another time
Another time
Another time
Another time
Another time
Another time
Another time
Another time
Another time
Another time
Another time
Another time
Another time
Another time
Another time
Another time
Another time
Another time
Another time
Another time
Another time
Another time
Another time
Another time
Another time
Another time
Another time
Another time
Another time
Another time
Another time
Another time
Another time
Another time
Another time
Another time
Another time
Another time
Another time
Another time
Another time
Another time
Another time
Another time
Another time
Another time
Another time
Another time
Another time
Another time
Another time
Another time
Another time
Another time
Another time
Another time
Another time
Another time
Another time
Another time
Another time
Another time
Another time
Another time
Another time
Another time
Another time
Another time
Another time
Another time
Another time
Another time
Another time
Another time
Another time
Another time
Another time
Another time
Another time
Another time
Another time
Another time
Another time
Another time
Another time
Another time
Another time
Another time
Another time
Another time
Another time
Another time
Another time
Another time
Another time
Another time
Another time
Another time
Another time
Another time
Another time
Another time
Another time
Another time
Another time
Another time
Another time
Another time
Another time
Another time
Another time
Another time
Another time
Another time
Another time
Another time
Another time
Another time
Another time
Another time
Another time
Another time
Another time
Another time
Another time
Another time
Another time
Another time
Another time
Another time
Another time
Another time
Another time
Another time
Another time
Another time
Another time
Another time
Another time
Another time
Another time
Another time
Another time
Another time
Another time
Another time
Another time
Another time
Another time
Another time
Another time
Another time
Another time
Another time
Another time
Another time
Another time
Another time
Another time
Another time
Another time
Another time
Another time
Another time
Another time
Another time
Another time
Another time
Another time
Another time
Another time
Another time
Another time
Another time
Another time
Another time
Another time
Another time
Another time
Another time
Another time
Another time
Another time
Another time
Another time
Another time
Another time
Another time
Another time
Another time
Another time
Another time
Another time
Another time
Another time
Another time
Another time
Another time
Another time
Another time
Another time
Another time
Another time
Another time
Another time
Another time
Another time
Another time
Another time
Another time
Another time
Another time
Another time
Another time
Another time
Another time
Another time
Another time
Another time
Another time
Another time
Another time
Another time
Another time
Another time
Another time
Another time
Another time
Another time
Another time
Another time
Another time
Another time
Another time
Another time
Another time
Another time
Another time
Another time
Another time
Another time
Another time
Another time
Another time
Another time
Another time
Another time
Another time
Another time
Another time
Another time
Another time
Another time
Another time
Another time
Another time
Another time
Another time
Another time
Another time
Another time
Another time
Another time
Another time
Another time
Another time
Another time
Another time
Another time
Another time
Another time
Another time
Another time
Another time
Another time
Another time
Another time
Another time
Another time
Another time
Another time
Another time
Another time
Another time
Another time
Another time
Another time
Another time
Another time
Another time
Another time
Another time
Another time
Another time
Another time
Another time
Another time
Another time
Another time
Another time
Another time
Another time
Another time
Another time
Another time
Another time
Another time
Another time
Another time
Another time
Another time
Another time
Another time
Another time
Another time
Another time
Another time
Another time
Another time
Another time
Another time
Another time
Another time
Another time
Another time
Another time
Another time
Another time
Another time
Another time
Another time
Another time
Another time
Another time
Another time
Another time
Another time
Another time
Another time
Another time
Another time
Another time
Another time
Another time
Another time
Another time
Another time
Another time
Another time
Another time
Another time
Another time
Another time
Another time
Another time
Another time
Another time
Another time
Another time
Another time
Another time
Another time
Another time
Another time
Another time
Another time
Another time
Another time
Another time
Another time
Another time
Another time
Another time
Another time
Another time
Another time
Another time
Another time
Another time
Another time
Another time
Another time
Another time
Another time
Another time
Another time
Another time
Another time
Another time
Another time
Another time
Another time
Another time
Another time
Another time
Another time
Another time
Another time
Another time
Another time
Another time
Another time
Another time
Another time
Another time
Another time
Another time
Another time
Another time
Another time
Another time
Another time
Another time
Another time
Another time
Another time
Another time
Another time
Another time
Another time
Another time
Another time
Another time
Another time
Another time
Another time
Another time
Another time
Another time
Another time
Another time
Another time
Another time
Another time
Another time
Another time
Another time
Another time
Another time
Another time
Another time
Another time
Another time
Another time
Another time
Another time
Another time
Another time
Another time
Another time
Another time
Another time
Another time
Another time
Another time
Another time
Another time
Another time
Another time
Another time
Another time
Another time
Another time
Another time
Another time
Another time
Another time
Another time
Another time
Another time
Another time
Another time
Another time
Another time
Another time
Another time
Another time
Another time
Another time
Another time
Another time
Another time
Another time
Another time
Another time
Another time
Another time
Another time
Another time
Another time
Another time
Another time
Another time
Another time
Another time
Another time
Another time
Another time
Another time
Another time
Another time
Another time
Another time
Another time
Another time
Another time
Another time
Another time
Another time
Another time
Another time
Another time
Another time
Another time
Another time
Another time
Another time
Another time
Another time
Another time
Another time
Another time
Another time
Another time
Another time
Another time
Another time
Another time
Another time
Another time
Another time
Another time
Another time
Another time
Another time
Another time
Another time
Another time
Another time
Another time
Another time
Another time
Another time
Another time
Another time
Another time
Another time
Another time
Another time
Another time
Another time
Another time
Another time
Another time
Another time
Another time
Another time
Another time
Another time
Another time
Another time
Another time
Another time
Another time
Another time
Another time
Another time
Another time
Another time
Another time
Another time
Another time
Another time
Another time
Another time
Another time
Another time
Another time
Another time
Another time
Another time
Another time
Another time
Another time
Another time
Another time
Another time
Another time
Another time
Another time
Another time
Another time
Another time
Another time
Another time
Another time
Another time
Another time
Another time
Another time
Another time
Another time
Another time
Another time
Another time
Another time
Another time
Another time
Another time
Another time
Another time
Another time
Another time
Another time
Another time
Another time
Another time
Another time
Another time
Another time
Another time
Another time
Another time
Another time
Another time
Another time
Another time
Another time
Another time
Another time
Another time
Another time
Another time
Another time
Another time
Another time
Another time
Another time
Another time
Another time
Another time
Another time
Another time
Another time
Another time
Another time
Another time
Another time
Another time
Another time
Another time
Another time
Another time
Another time
Another time
Another time
Another time
Another time
Another time
Another time
Another time
Another time
Another time
Another time
Another time
Another time
Another time
Another time
Another time
Another time
Another time
Another time
Another time
Another time
Another time
Another time
Another time
Another time
Another time
Another time
Another time
Another time
Another time
Another time
Another time
Another time
Another time
Another time
Another time
Another time
Another time
Another time
Another time
Another time
Another time
Another time
Another time
Another time
Another time
Another time
Another time
Another time
Another time
Another time
Another time
Another time
Another time
Another time
Another time
Another time
Another time
Another time
Another time
Another time
Another time
Another time
Another time
Another time
Another time
Another time
Another time
Another time
Another time
Another time
Another time
Another time
Another time
Another time
Another time
Another time
Another time
Another time
Another time
Another time
Another time
Another time
Another time
Another time
Another time
Another time
Another time
Another time
Another time
Another time
Another time
Another time
Another time
Another time
Another time
Another time
Another time
Another time
Another time
Another time
Another time
Another time
Another time
Another time
Another time
Another time
Another time
Another time
Another time
Another time
Another time
Another time
Another time
Another time
Another time
Another time
Another time
Another time
Another time
Another time
Another time
Another time
Another time
Another time
Another time
Another time
Another time
Another time
Another time
Another time
Another time
Another time
Another time
Another time
Another time
Another time
Another time
Another time
Another time
Another time
Another time
Another time
Another time
Another time
Another time
Another time
Another time
Another time
Another time
Another time
Another time
Another time
Another time
Another time
Another time
Another time
Another time
Another time
Another time
Another time
Another time
Another time
Another time
Another time
Another time
Another time
Another time
Another time
Another time
Another time
Another time
Another time
Another time
Another time
Another time
Another time
Another time
Another time
Another time
Another time
Another time
Another time
Another time
Another time
Another time
Another time
Another time
Another time
Another time
Another time
Another time
Another time
Another time
Another time
Another time
Another time
Another time
Another time
Another time
Another time
Another time
Another time
Another time
Another time
Another time
Another time
Another time
Another time
Another time
Another time
Another time
Another time
Another time
Another time
Another time
Another time
Another time
Another time
Another time
Another time
Another time
Another time
Another time
Another time
Another time
Another time
Another time
Another time
Another time
Another time
Another time
Another time
Another time
Another time
Another time
Another time
Another time
Another time
Another time
Another time
Another time
Another time
Another time
Another time
Another time
Another time
Another time
Another time
Another time
Another time
Another time
Another time
Another time
Another time
Another time
Another time
Another time
Another time
Another time
Another time
Another time
Another time
Another time
Another time
Another time
Another time
Another time
Another time
Another time
Another time
Another time
Another time
Another time
Another time
Another time
Another time
Another time
Another time
Another time
Another time
Another time
Another time
Another time
Another time
Another time
Another time
Another time
Another time
Another time
Another time
Another time
Another time
Another time
Another time
Another time
Another time
Another time
Another time
Another time
Another time
Another time
Another time
Another time
Another time
Another time
Another time
Another time
Another time
Another time
Another time
Another time
Another time
Another time
Another time
Another time
Another time
Another time
Another time
Another time
Another time
Another time
Another time
Another time
Another time
Another time
Another time
Another time
Another time
Another time
Another time
Another time
Another time
Another time
Another time
Another time
Another time
Another time
Another time
Another time
Another time
Another time
Another time
Another time
Another time
Another time
Another time
Another time
Another time
Another time
Another time
Another time
Another time
Another time
Another time
Another time
Another time
Another time
Another time
Another time
Another time
Another time
Another time
Another time
Another time
Another time
Another time
Another time
Another time
Another time
Another time
Another time
Another time
Another time
Another time
Another time
Another time
Another time
Another time
Another time
Another time
Another time
Another time
Another time
Another time
Another time
Another time
Another time
Another time
Another time
Another time
Another time
Another time
Another time
Another time
Another time
Another time
Another time
Another time
Another time
Another time
Another time
Another time
Another time
Another time
Another time
Another time
Another time
Another time
Another time
Another time
Another time
Another time
Another time
Another time
Another time
Another time
Another time
Another time
Another time
Another time
Another time
Another time
Another time
Another time
Another time
Another time
Another time
Another time
Another time
Another time
Another time
Another time
Another time
Another time
Another time
Another time
Another time
Another time
Another time
Another time
Another time
Another time
Another time
Another time
Another time
Another time
Another time
Another time
Another time
Another time
Another time
Another time
Another time
Another time
Another time
Another time
Another time
Another time
Another time
Another time
Another time
Another time
Another time
Another time
Another time
Another time
Another time
Another time
Another time
Another time
Another time
Another time
Another time
Another time
Another time
Another time
Another time
Another time
Another time
Another time
Another time
Another time
Another time
Another time
Another time
Another time
Another time
Another time
Another time
Another time
Another time
Another time
Another time
Another time
Another time
Another time
Another time
Another time
Another time
Another time
Another time
Another time
Another time
Another time
Another time
Another time
Another time
Another time
Another time
Another time
Another time
Another time
Another time
Another time
Another time
Another time
Another time
Another time
Another time
Another time
Another time
Another time
Another time
Another time
Another time
Another time
Another time
Another time
Another time
Another time
Another time
Another time
Another time
Another time
Another time
Another time
Another time
Another time
Another time
Another time
Another time
Another time
Another time
Another time
Another time
Another time
Another time
Another time
Another time
Another time
Another time
Another time
Another time
Another time
Another time
Another time
Another time
Another time
Another time
Another time
Another time
Another time
Another time
Another time
Another time
Another time
Another time
Another time
Another time
Another time
Another time
Another time
Another time
Another time
Another time
Another time
Another time
Another time
Another time
Another time
Another time
Another time
Another time
Another time
Another time
Another time
Another time
Another time
Another time
Another time
Another time
Another time
Another time
Another time
Another time
Another time
Another time
Another time
Another time
Another time
Another time
Another time
Another time
Another time
Another time
Another time
Another time
Another time
Another time
Another time
Another time
Another time
Another time
Another time
Another time
Another time
Another time
Another time
Another time
Another time
Another time
Another time
Another time
Another time
Another time
Another time
Another time
Another time
Another time
Another time
Another time
Another time
Another time
Another time
Another time
Another time
Another time
Another time
Another time
Another time
Another time
Another time
Another time
Another time
Another time
Another time
Another time
Another time
Another time
Another time
Another time
Another time
Another time
Another time
Another time
Another time
Another time
Another time
Another time
Another time
Another time
Another time
Another time
Another time
Another time
Another time
Another time
Another time
Another time
Another time
Another time
Another time
Another time
Another time
Another time
Another time
Another time
Another time
Another time
Another time
Another time
Another time
Another time
Another time
Another time
Another time
Another time
Another time
Another time
Another time
Another time
Another time
Another time
Another time
Another time
Another time
Another time
Another time
Another time
Another time
Another time
Another time
Another time
Another time
Another time
Another time
Another time
Another time
Another time
Another time
Another time
Another time
Another time
Another time
Another time
Another time
Another time
Another time
Another time
Another time
Another time
Another time
Another time
Another time
Another time
Another time
Another time
Another time
Another time
Another time
Another time
Another time
Another time
Another time
Another time
Another time
Another time
Another time
Another time
Another time
Another time
Another time
Another time
Another time
Another time
Another time
Another time
Another time
Another time
Another time
Another time
Another time
Another time
Another time
Another time
Another time
Another time
Another time
Another time
Another time
Another time
Another time
Another time
Another time
Another time
Another time
Another time
Another time
Another time
Another time
Another time
Another time
Another time
Another time
Another time
Another time
Another time
Another time
Another time
Another time
Another time
Another time
Another time
Another time
Another time
Another time
Another time
Another time
Another time
Another time
Another time
Another time
Another time
Another time
Another time
Another time
Another time
Another time
Another time
Another time
Another time
Another time
Another time
Another time
Another time
Another time
Another time
Another time
Another time
Another time
Another time
Another time
Another time
Another time
Another time
Another time
Another time
Another time
Another time
Another time
Another time
Another time
Another time
Another time
Another time
Another time
Another time
Another time
Another time
Another time
Another time
Another time
Another time
Another time
Another time
Another time
Another time
Another time
Another time
Another time
Another time
Another time
Another time
Another time
Another time
Another time
Another time
Another time
Another time
Another time
Another time
Another time
Another time
Another time
Another time
Another time
Another time
Another time
Another time
Another time
Another time
Another time
Another time
Another time
Another time
Another time
Another time
Another time
Another time
Another time
Another time
Another time
Another time
Another time
Another time
Another time
Another time
Another time
Another time
Another time
Another time
Another time
Another time
Another time
Another time
Another time
Another time
Another time
Another time
Another time
Another time
Another time
Another time
Another time
Another time
Another time
Another time
Another time
Another time
Another time
Another time
Another time
Another time
Another time
Another time
Another time
Another time
Another time
Another time
Another time
Another time
Another time
Another time
Another time
Another time
Another time
Another time
Another time
Another time
Another time
Another time
Another time
Another time
Another time
Another time
Another time
Another time
Another time
Another time
Another time
Another time
Another time
Another time
Another time
Another time
Another time
Another time
Another time
Another time
Another time
Another time
Another time
Another time
Another time
Another time
Another time
Another time
Another time
Another time
Another time
Another time
Another time
Another time
Another time
Another time
Another time
Another time
Another time
Another time
Another time
Another time
Another time
Another time
Another time
Another time
Another time
Another time
Another time
Another time
Another time
Another time
Another time
Another time
Another time
Another time
Another time
Another time
Another time
Another time
Another time
Another time
Another time
Another time
Another time
Another time
Another time
Another time
Another time
Another time
Another time
Another time
Another time
Another time
Another time
Another time
Another time
Another time
Another time
Another time
Another time
Another time
Another time
Another time
Another time
Another time
Another time
Another time
Another time
Another time
Another time
Another time
Another time
Another time
Another time
Another time
Another time
Another time
Another time
Another time
Another time
Another time
Another time
Another time
Another time
Another time
Another time
Another time
Another time
Another time
Another time
Another time
Another time
Another time
Another time
Another time
Another time
Another time
Another time
Another time
Another time
Another time
Another time
Another time
Another time
Another time
Another time
Another time
Another time
Another time
Another time
Another time
Another time
Another time
Another time
Another time
Another time
Another time
Another time
Another time
Another time
Another time
Another time
Another time
Another time
Another time
Another time
Another time
Another time
Another time
Another time
Another time
Another time
Another time
Another time
Another time
Another time
Another time
Another time
Another time
Another time
Another time
Another time
Another time
Another time
Another time
Another time
Another time
Another time
Another time
Another time
Another time
Another time
Another time
Another time
Another time
Another time
Another time
Another time
Another time
Another time
Another time
Another time
Another time
Another time
Another time
Another time
Another time
Another time
Another time
Another time
Another time
Another time
Another time
Another time
Another time
Another time
Another time
Another time
Another time
Another time
Another time
Another time
Another time
Another time
Another time
Another time
Another time
Another time
Another time
Another time
Another time
Another time
Another time
Another time
Another time
Another time
Another time
Another time
Another time
Another time
Another time
Another time
Another time
Another time
Another time
Another time
Another time
Another time
Another time
Another time
Another time
Another time
Another time
Another time
Another time
Another time
Another time
Another time
Another time
Another time
Another time
Another time
Another time
Another time
Another time
Another time
Another time
Another time
Another time
Another time
Another time
Another time
Another time
Another time
Another time
Another time
Another time
Another time
Another time
Another time
Another time
Another time
Another time
Another time
Another time
Another time
Another time
Another time
Another time
Another time
Another time
Another time
Another time
Another time
Another time
Another time
Another time
Another time
Another time
Another time
Another time
Another time
Another time
Another time
Another time
Another time
Another time
Another time
Another time
Another time
Another time
Another time
Another time
Another time
Another time
Another time
Another time
Another time
Another time
Another time
Another time
Another time
Another time
Another time
Another time
Another time
Another time
Another time
Another time
Another time
Another time
Another time
Another time
Another time
Another time
Another time
Another time
Another time
Another time
Another time
Another time
Another time
Another time
Another time
Another time
Another time
Another time
Another time
Another time
Another time
Another time
Another time
Another time
Another time
Another time
Another time
Another time
Another time
Another time
Another time
Another time
Another time
Another time
Another time
Another time
Another time
Another time
Another time
Another time
Another time
Another time
Another time
Another time
Another time
Another time
Another time
Another time
Another time
Another time
Another time
Another time
Another time
Another time
Another time
Another time
Another time
Another time
Another time
Another time
Another time
Another time
Another time
Another time
Another time
Another time
Another time
Another time
Another time
Another time
Another time
Another time
Another time
Another time
Another time
Another time
Another time
Another time
Another time
Another time
Another time
Another time
Another time
Another time
Another time
Another time
Another time
Another time
Another time
Another time
Another time
Another time
Another time
Another time
Another time
Another time
Another time
Another time
Another time
Another time
Another time
Another time
Another time
Another time
Another time
Another time
Another time
Another time
Another time
Another time
Another time
Another time
Another time
Another time
Another time
Another time
Another time
Another time
Another time
Another time
Another time
Another time
Another time
Another time
Another time
Another time
Another time
Another time
Another time
Another time
Another time
Another time
Another time
Another time
Another time
Another time
Another time
Another time
Another time
Another time
Another time
Another time
Another time
Another time
Another time
Another time
Another time
Another time
Another time
Another time
Another time
Another time
Another time
Another time
Another time
Another time
Another time
Another time
Another time
Another time
Another time
Another time
Another time
Another time
Another time
Another time
Another time
Another time
Another time
Another time
Another time
Another time
Another time
Another time
Another time
Another time
Another time
Another time
Another time
Another time
Another time
Another time
Another time
Another time
Another time
Another time
Another time
Another time
Another time
Another time
Another time
Another time
Another time
Another time
Another time
Another time
Another time
Another time
Another time
Another time
Another time
Another time
Another time
Another time
Another time
Another time
Another time
Another time
Another time
Another time
Another time
Another time
Another time
Another time
Another time
Another time
Another time
Another time
Another time
Another time
Another time
Another time
Another time
Another time
Another time
Another time
Another time
Another time
Another time
Another time
Another time
Another time
Another time
Another time
Another time
Another time
Another time
Another time
Another time
Another time
Another time
Another time
Another time
Another time
Another time
Another time
Another time
Another time
Another time
Another time
Another time
Another time
Another time
Another time
Another time
Another time
Another time
Another time
Another time
Another time
Another time
Another time
Another time
Another time
Another time
Another time
Another time
Another time
Another time
Another time
Another time
Another time
Another time
Another time
Another time
Another time
Another time
Another time
Another time
Another time
Another time
Another time
Another time
Another time
Another time
Another time
Another time
Another time
Another time
Another time
Another time
Another time
Another time
Another time
Another time
Another time
Another time
Another time
Another time
Another time
Another time
Another time
Another time
Another time
Another time
Another time
Another time
Another time
Another time
Another time
Another time
Another time
Another time
Another time
Another time
Another time
Another time
Another time
Another time
Another time
Another time
Another time
Another time
Another time
Another time
Another time
Another time
Another time
Another time
Another time
Another time
Another time
Another time
Another time
Another time
Another time
Another time
Another time
Another time
Another time
Another time
Another time
Another time
Another time
Another time
Another time
Another time
Another time
Another time
Another time
Another time
Another time
Another time
Another time
Another time
Another time
Another time
Another time
Another time
Another time
Another time
Another time
Another time
Another time
Another time
Another time
Another time
Another time
Another time
Another time
Another time
Another time
Another time
Another time
Another time
Another time
Another time
Another time
Another time
Another time
Another time
Another time
Another time
Another time
Another time
Another time
Another time
Another time
Another time
Another time
Another time
Another time
Another time
Another time
Another time
Another time
Another time
Another time
Another time
Another time
Another time
Another time
Another time
Another time
Another time
Another time
Another time
Another time
Another time
Another time
Another time
Another time
Another time
Another time
Another time
Another time
Another time
Another time
Another time
Another time
Another time
Another time
Another time
Another time
Another time
Another time
Another time
Another time
Another time
Another time
Another time
Another time
Another time
Another time
Another time
Another time
Another time
Another time
Another time
Another time
Another time
Another time
Another time
Another time
Another time
Another time
Another time
Another time
Another time
Another time
Another time
Another time
Another time
Another time
Another time
Another time
Another time
Another time
Another time
Another time
Another time
Another time
Another time
Another time
Another time
Another time
Another time
Another time
Another time
Another time
Another time
Another time
Another time
Another time
Another time
Another time
Another time
Another time
Another time
Another time
Another time
Another time
Another time
Another time
Another time
Another time
Another time
Another time
Another time
Another time
Another time
Another time
Another time
Another time
Another time
Another time
Another time
Another time
Another time
Another time
Another time
Another time
Another time
Another time
Another time
Another time
Another time
Another time
Another time
Another time
Another time
Another time
Another time
Another time
Another time
Another time
Another time
Another time
Another time
Another time
Another time
Another time
Another time
Another time
Another time
Another time
Another time
Another time
Another time
Another time
Another time
Another time
Another time
Another time
Another time
Another time
Another time
Another time
Another time
Another time
Another time
Another time
Another time
Another time
Another time
Another time
Another time
Another time
Another time
Another time
Another time
Another time
Another time
Another time
Another time
Another time
Another time
Another time
Another time
Another time
Another time
Another time
Another time
Another time
Another time
Another time
Another time
Another time
Another time
Another time
Another time
Another time
Another time
Another time
Another time
Another time
Another time
Another time
Another time
Another time
Another time
Another time
Another time
Another time
Another time
Another time
Another time
Another time
Another time
Another time
Another time
Another time
Another time
Another time
Another time
Another time
Another time
Another time
Another time
Another time
Another time
Another time
Another time
Another time
Another time
Another time
Another time
Another time
Another time
Another time
Another time
Another time
Another time
Another time
Another time
Another time
Another time
Another time
Another time
Another time
Another time
Another time
Another time
Another time
Another time
Another time
Another time
Another time
Another time
Another time
Another time
Another time
Another time
Another time
Another time
Another time
Another time
Another time
Another time
Another time
Another time
Another time
Another time
Another time
Another time
Another time
Another time
Another time
Another time
Another time
Another time
Another time
Another time
Another time
Another time
Another time
Another time
Another time
Another time
Another time
Another time
Another time
Another time
Another time
Another time
Another time
Another time
Another time
Another time
Another time
Another time
Another time
Another time
Another time
Another time
Another time
Another time
Another time
Another time
Another time
Another time
Another time
Another time
Another time
Another time
Another time
Another time
Another time
Another time
Another time
Another time
Another time
Another time
Another time
Another time
Another time
Another time
Another time
Another time
Another time
Another time
Another time
Another time
Another time
Another time
Another time
Another time
Another time
Another time
Another time
Another time
Another time
Another time
Another time
Another time
Another time
Another time
Another time
Another time
Another time
Another time
Another time
Another time
Another time
Another time
Another time
Another time
Another time
Another time
Another time
Another time
Another time
Another time
Another time
Another time
Another time
Another time
Another time
Another time
Another time
Another time
Another time
Another time
Another time
Another time
Another time
Another time
Another time
Another time
Another time
Another time
Another time
Another time
Another time
Another time
Another time
Another time
Another time
Another time
Another time
Another time
Another time
Another time
Another time
Another time
Another time
Another time
Another time
Another time
Another time
Another time
Another time
Another time
Another time
Another time
Another time
Another time
Another time
Another time
Another time
Another time
Another time
Another time
Another time
Another time
Another time
Another time
Another time
Another time
Another time
Another time
Another time
Another time
Another time
Another time
Another time
Another time
Another time
Another time
Another time
Another time
Another time
Another time
Another time
Another time
Another time
Another time
Another time
Another time
Another time
Another time
Another time
Another time
Another time
Another time
Another time
Another time
Another time
Another time
Another time
Another time
Another time
Another time
Another time
Another time
Another time
Another time
Another time
Another time
Another time
Another time
Another time
Another time
Another time
Another time
Another time
Another time
Another time
Another time
Another time
Another time
Another time
Another time
Another time
Another time
Another time
Another time
Another time
Another time
Another time
Another time
Another time
Another time
Another time
Another time
Another time
Another time
Another time
Another time
Another time
Another time
Another time
Another time
Another time
Another time
Another time
Another time
Another time
Another time
Another time
Another time
Another time
Another time
Another time
Another time
Another time
Another time
Another time
Another time
Another time
Another time
Another time
Another time
Another time
Another time
Another time
Another time
Another time
Another time
Another time
Another time
Another time
Another time
Another time
Another time
Another time
Another time
Another time
Another time
Another time
Another time
Another time
Another time
Another time
Another time
Another time
Another time
Another time
Another time
Another time
Another time
Another time
Another time
Another time
Another time
Another time
Another time
Another time
Another time
Another time
Another time
Another time
Another time
Another time
Another time
Another time
Another time
Another time
Another time
Another time
Another time
Another time
Another time
Another time
Another time
Another time
Another time
Another time
Another time
Another time
Another time
Another time
Another time
Another time
Another time
Another time
Another time
Another time
Another time
Another time
Another time
Another time
Another time
Another time
Another time
Another time
Another time
Another time
Another time
Another time
Another time
Another time
Another time
Another time
Another time
Another time
Another time
Another time
Another time
Another time
Another time
Another time
Another time
Another time
Another time
Another time
Another time
Another time
Another time
Another time
Another time
Another time
Another time
Another time
Another time
Another time
Another time
Another time
Another time
Another time
Another time
Another time
Another time
Another time
Another time
Another time
Another time
Another time
Another time
Another time
Another time
Another time
Another time
Another time
Another time
Another time
Another time
Another time
Another time
Another time
Another time
Another time
Another time
Another time
Another time
Another time
Another time
Another time
Another time
Another time
Another time
Another time
Another time
Another time
Another time
Another time
Another time
Another time
Another time
Another time
Another time
Another time
Another time
Another time
Another time
Another time
Another time
Another time
Another time
Another time
Another time
Another time
Another time
Another time
Another time
Another time
Another time
Another time
Another time
Another time
Another time
Another time
Another time
Another time
Another time
Another time
Another time
Another time
Another time
Another time
Another time
Another time
Another time
Another time
Another time
Another time
Another time
Another time
Another time
Another time
Another time
Another time
Another time
Another time
Another time
Another time
Another time
Another time
Another time
Another time
Another time
Another time
Another time
Another time
Another time
Another time
Another time
Another time
Another time
Another time
Another time
Another time
Another time
Another time
Another time
Another time
Another time
Another time
Another time
Another time
Another time
Another time
Another time
Another time
Another time
Another time
Another time
Another time
Another time
Another time
Another time
Another time
Another time
Another time
Another time
Another time
Another time
Another time
Another time
Another time
Another time
Another time
Another time
Another time
Another time
Another time
Another time
Another time
Another time
Another time
Another time
Another time
Another time
Another time
Another time
Another time
Another time
Another time
Another time
Another time
Another time
Another time
Another time
Another time
Another time
Another time
Another time
Another time
Another time
Another time
Another time
Another time
Another time
Another time
Another time
Another time
Another time
Another time
Another time
Another time
Another time
Another time
Another time
Another time
Another time
Another time
Another time
Another time
Another time
Another time
Another time
Another time
Another time
Another time
Another time
Another time
Another time
Another time
Another time
Another time
Another time
Another time
Another time
Another time
Another time
Another time
Another time
Another time
Another time
Another time
Another time
Another time
Another time
Another time
Another time
Another time
Another time
Another time
Another time
Another time
Another time
Another time
Another time
Another time
Another time
Another time
Another time
Another time
Another time
Another time
Another time
Another time
Another time
Another time
Another time
Another time
Another time
Another time
Another time
Another time
Another time
Another time
Another time
Another time
Another time
Another time
Another time
Another time
Another time
Another time
Another time
Another time
Another time
Another time
Another time
Another time
Another time
Another time
Another time
Another time
Another time
Another time
Another time
Another time
Another time
Another time
Another time
Another time
Another time
Another time
Another time
Another time
Another time
Another time
Another time
Another time
Another time
Another time
Another time
Another time
Another time
Another time
Another time
Another time
Another time
Another time
Another time
Another time
Another time
Another time
Another time
Another time
Another time
Another time
Another time
Another time
Another time
Another time
Another time
Another time
Another time
Another time
Another time
Another time
Another time
Another time
Another time
Another time
Another time
Another time
Another time
Another time
Another time
Another time
Another time
Another time
Another time
Another time
Another time
Another time
Another time
Another time
Another time
Another time
Another time
Another time
Another time
Another time
Another time
Another time
Another time
Another time
Another time
Another time
Another time
Another time
Another time
Another time
Another time
Another time
Another time
Another time
Another time
Another time
Another time
Another time
Another time
Another time
Another time
Another time
Another time
Another time
Another time
Another time
Another time
Another time
Another time
Another time
Another time
Another time
Another time
Another time
Another time
Another time
Another time
Another time
Another time
Another time
Another time
Another time
Another time
Another time
Another time
Another time
Another time
Another time
Another time
Another time
Another time
Another time
Another time
Another time
Another time
Another time
Another time
Another time
Another time
Another time
Another time
Another time
Another time
Another time
Another time
Another time
Another time
Another time
Another time
Another time
Another time
Another time
Another time
Another time
Another time
Another time
Another time
Another time
Another time
Another time
Another time
Another time
Another time
Another time
Another time
Another time
Another time
Another time
Another time
Another time
Another time
Another time
Another time
Another time
Another time
Another time
Another time
Another time
Another time
Another time
Another time
Another time
Another time
Another time
Another time
Another time
Another time
Another time
Another time
Another time
Another time
Another time
Another time
Another time
Another time
Another time
Another time
Another time
Another time
Another time
Another time
Another time
Another time
Another time
Another time
Another time
Another time
Another time
Another time
Another time
Another time
Another time
Another time
Another time
Another time
Another time
Another time
Another time
Another time
Another time
Another time
Another time
Another time
Another time
Another time
Another time
Another time
Another time
Another time
Another time
Another time
Another time
Another time
Another time
Another time
Another time
Another time
Another time
Another time
Another time
Another time
Another time
Another time
Another time
Another time
Another time
Another time
Another time
Another time
Another time
Another time
Another time
Another time
Another time
Another time
Another time
Another time
Another time
Another time
Another time
Another time
Another time
Another time
Another time
Another time
Another time
Another time
Another time
Another time
Another time
Another time
Another time
Another time
Another time
Another time
Another time
Another time
Another time
Another time
Another time
Another time
Another time
Another time
Another time
Another time
Another time
Another time
Another time
Another time
Another time
Another time
Another time
Another time
Another time
Another time
Another time
Another time
Another time
Another time
Another time
Another time
Another time
Another time
Another time
Another time
Another time
Another time
Another time
Another time
Another time
Another time
Another time
Another time
Another time
Another time
Another time
Another time
Another time
Another time
Another time
Another time
Another time
Another time
Another time
Another time
Another time
Another time
Another time
Another time
Another time
Another time
Another time
Another time
Another time
Another time
Another time
Another time
Another time
Another time
Another time
Another time
Another time
Another time
Another time
Another time
Another time
Another time
Another time
Another time
Another time
Another time
Another time
Another time
Another time
Another time
Another time
Another time
Another time
Another time
Another time
Another time
Another time
Another time
Another time
Another time
Another time
Another time
Another time
Another time
Another time
Another time
Another time
Another time
Another time
Another time
Another time
Another time
Another time
Another time
Another time
Another time
Another time
Another time
Another time
Another time
Another time
Another time
Another time
Another time
Another time
Another time
Another time
Another time
Another time
Another time
Another time
Another time
Another time
Another time
Another time
Another time
Another time
Another time
Another time
Another time
Another time
Another time
Another time
Another time
Another time
Another time
Another time
Another time
Another time
Another time
Another time
Another time
Another time
Another time
Another time
Another time
Another time
Another time
Another time
Another time
Another time
Another time
Another time
Another time
Another time
Another time
Another time
Another time
Another time
Another time
Another time
Another time
Another time
Another time
Another time
Another time
Another time
Another time
Another time
Another time
Another time
Another time
Another time
Another time
Another time
Another time
Another time
Another time
Another time
Another time
Another time
Another time
Another time
Another time
Another time
Another time
Another time
Another time
Another time
Another time
Another time
Another time
Another time
Another time
Another time
Another time
Another time
Another time
Another time
Another time
Another time
Another time
Another time
Another time
Another time
Another time
Another time
Another time
Another time
Another time
Another time
Another time
Another time
Another time
Another time
Another time
Another time
Another time
Another time
Another time
Another time
Another time
Another time
Another time
Another time
Another time
Another time
Another time
Another time
Another time
Another time
Another time
Another time
Another time
Another time
Another time
Another time
Another time
Another time
Another time
Another time
Another time
Another time
Another time
Another time
Another time
Another time
Another time
Another time
Another time
Another time
Another time
Another time
Another time
Another time
Another time
Another time
Another time
Another time
Another time
Another time
Another time
Another time
Another time
Another time
Another time
Another time
Another time
Another time
Another time
Another time
Another time
Another time
Another time
Another time
Another time
Another time
Another time
Another time
Another time
Another time
Another time
Another time
Another time
Another time
Another time
Another time
Another time
Another time
Another time
Another time
Another time
Another time
Another time
Another time
Another time
Another time
Another time
Another time
Another time
Another time
Another time
Another time
Another time
Another time
Another time
Another time
Another time
Another time
Another time
Another time
Another time
Another time
Another time
Another time
Another time
Another time
Another time
Another time
Another time
Another time
Another time
Another time
Another time
Another time
Another time
Another time
Another time
Another time
Another time
Another time
Another time
Another time
Another time
Another time
Another time
Another time
Another time
Another time
Another time
Another time
Another time
Another time
Another time
Another time
Another time
Another time
Another time
Another time
Another time
Another time
Another time
Another time
Another time
Another time
Another time
Another time
Another time
Another time
Another time
Another time
Another time
Another time
Another time
Another time
Another time
Another time
Another time
Another time
Another time
Another time
Another time
Another time
Another time
Another time
Another time
Another time
Another time
Another time
Another time
Another time
Another time
Another time
Another time
Another time
Another time
Another time
Another time
Another time
Another time
Another time
Another time
Another time
Another time
Another time
Another time
Another time
Another time
Another time
Another time
Another time
Another time
Another time
Another time
Another time
Another time
Another time
Another time
Another time
Another time
Another time
Another time
Another time
Another time
Another time
Another time
Another time
Another time
Another time
Another time
Another time
Another time
Another time
Another time
Another time
Another time
Another time
Another time
Another time
Another time
Another time
Another time
Another time
Another time
Another time
Another time
Another time
Another time
Another time
Another time
Another time
Another time
Another time
Another time
Another time
Another time
Another time
Another time
Another time
Another time
Another time
Another time
Another time
Another time
Another time
Another time
Another time
Another time
Another time
Another time
Another time
Another time
Another time
Another time
Another time
Another time
Another time
Another time
Another time
Another time
Another time
Another time
Another time
Another time
Another time
Another time
Another time
Another time
Another time
Another time
Another time
Another time
Another time
Another time
Another time
Another time
Another time
Another time
Another time
Another time
Another time
Another time
Another time
Another time
Another time
Another time
Another time
Another time
Another time
Another time
Another time
Another time
Another time
Another time
Another time
Another time
Another time
Another time
Another time
Another time
Another time
Another time
Another time
Another time
Another time
Another time
Another time
Another time
Another time
Another time
Another time
Another time
Another time
Another time
Another time
Another time
Another time
Another time
Another time
Another time
Another time
Another time
Another time
Another time
Another time
Another time
Another time
Another time
Another time
Another time
Another time
Another time
Another time
Another time
Another time
Another time
Another time
Another time
Another time
Another time
Another time
Another time
Another time
Another time
Another time
Another time
Another time
Another time
Another time
Another time
Another time
Another time
Another time
Another time
Another time
Another time
Another time
Another time
Another time
Another time
Another time
Another time
Another time
Another time
Another time
Another time
Another time
Another time
Another time
Another time
Another time
Another time
Another time
Another time
Another time
Another time
Another time
Another time
Another time
Another time
Another time
Another time
Another time
Another time
Another time
Another time
Another time
Another time
Another time
Another time
Another time
Another time
Another time
Another time
Another time
Another time
Another time
Another time
Another time
Another time
Another time
Another time
Another time
Another time
Another time
Another time
Another time
Another time
Another time
Another time
Another time
Another time
Another time
Another time
Another time
Another time
Another time
Another time
Another time
Another time
Another time
Another time
Another time
Another time
Another time
Another time
Another time
Another time
Another time
Another time
Another time
Another time
Another time
Another time
Another time
Another time
Another time
Another time
Another time
Another time
Another time
Another time
Another time
Another time
Another time
Another time
Another time
Another time
Another time
Another time
Another time
Another time
Another time
Another time
Another time
Another time
Another time
Another time
Another time
Another time
Another time
Another time
Another time
Another time
Another time
Another time
Another time
Another time
Another time
Another time
Another time
Another time
Another time
Another time
Another time
Another time
Another time
Another time
Another time
Another time
Another time
Another time
Another time
Another time
Another time
Another time
Another time
Another time
Another time
Another time
Another time
Another time
Another time
Another time
Another time
Another time
Another time
Another time
Another time
Another time
Another time
Another time
Another time
Another time
Another time
Another time
Another time
Another time
Another time
Another time
Another time
Another time
Another time
Another time
Another time
Another time
Another time
Another time
Another time
Another time
Another time
Another time
Another time
Another time
Another time
Another time
Another time
Another time
Another time
Another time
Another time
Another time
Another time
Another time
Another time
Another time
Another time
Another time
Another time
Another time
Another time
Another time
Another time
Another time
Another time
Another time
Another time
Another time
Another time
Another time
Another time
Another time
Another time
Another time
Another time
Another time
Another time
Another time
Another time
Another time
Another time
Another time
Another time
Another time
Another time
Another time
Another time
Another time
Another time
Another time
Another time
Another time
Another time
Another time
Another time
Another time
Another time
Another time
Another time
Another time
Another time
Another time
Another time
Another time
Another time
Another time
Another time
Another time
Another time
Another time
Another time
Another time
Another time
Another time
Another time
Another time
Another time
Another time
Another time
Another time
Another time
Another time
Another time
Another time
Another time
Another time
Another time
Another time
Another time
Another time
Another time
Another time
Another time
Another time
Another time
Another time
Another time
Another time
Another time
Another time
Another time
Another time
Another time
Another time
Another time
Another time
Another time
Another time
Another time
Another time
Another time
Another time
Another time
Another time
Another time
Another time
Another time
Another time
Another time
Another time
Another time
Another time
Another time
Another time
Another time
Another time
Another time
Another time
Another time
Another time
Another time
Another time
Another time
Another time
Another time
Another time
Another time
Another time
Another time
Another time
Another time
Another time
Another time
Another time
Another time
Another time
Another time
Another time
Another time
Another time
Another time
Another time
Another time
Another time
Another time
Another time
Another time
Another time
Another time
Another time
Another time
Another time
Another time
Another time
Another time
Another time
Another time
Another time
Another time
Another time
Another time
Another time
Another time
Another time
Another time
Another time
Another time
Another time
Another time
Another time
Another time
Another time
Another time
Another time
Another time
Another time
Another time
Another time
Another time
Another time
Another time
Another time
Another time
Another time
Another time
Another time
Another time
Another time
Another time
Another time
Another time
Another time
Another time
Another time
Another time
Another time
Another time
Another time
Another time
Another time
Another time
Another time
Another time
Another time
Another time
Another time
Another time
Another time
Another time
Another time
Another time
Another time
Another time
Another time
Another time
Another time
Another time
Another time
Another time
Another time
Another time
Another time
Another time
Another time
Another time
Another time
Another time
Another time
Another time
Another time
Another time
Another time
Another time
Another time
Another time
Another time
Another time
Another time
Another time
Another time
Another time
Another time
Another time
Another time
Another time
Another time
Another time
Another time
Another time
Another time
Another time
Another time
Another time
Another time
Another time
Another time
Another time
Another time
Another time
Another time
Another time
Another time
Another time
Another time
Another time
Another time
Another time
Another time
Another time
Another time
Another time
Another time
Another time
Another time
Another time
Another time
Another time
Another time
Another time
Another time
Another time
Another time
Another time
Another time
Another time
Another time
Another time
Another time
Another time
Another time
Another time
Another time
Another time
Another time
Another time
Another time
Another time
Another time
Another time
Another time
Another time
Another time
Another time
Another time
Another time
Another time
Another time
Another time
Another time
Another time
Another time
Another time
Another time
Another time
Another time
Another time
Another time
Another time
Another time
Another time
Another time
Another time
Another time
Another time
Another time
Another time
Another time
Another time
Another time
Another time
Another time
Another time
Another time
Another time
Another time
Another time
Another time
Another time
Another time
Another time
Another time
Another time
Another time
Another time
Another time
Another time
Another time
Another time
Another time
Another time
Another time
Another time
Another time
Another time
Another time
Another time
Another time
Another time
Another time
Another time
Another time
Another time
Another time
Another time
Another time
Another time
Another time
Another time
Another time
Another time
Another time
Another time
Another time
Another time
Another time
Another time
Another time
Another time
Another time
Another time
Another time
Another time
Another time
Another time
Another time
Another time
Another time
Another time
Another time
Another time
Another time
Another time
Another time
Another time
Another time
Another time
Another time
Another time
Another time
Another time
Another time
Another time
Another time
Another time
Another time
Another time
Another time
Another time
Another time
Another time
Another time
Another time
Another time
Another time
Another time
Another time
Another time
Another time
Another time
Another time
Another time
Another time
Another time
Another time
Another time
Another time
Another time
Another time
Another time
Another time
Another time
Another time
Another time
Another time
Another time
Another time
Another time
Another time
Another time
Another time
Another time
Another time
Another time
Another time
Another time
Another time
Another time
Another time
Another time
Another time
Another time
Another time
Another time
Another time
Another time
Another time
Another time
Another time
Another time
Another time
Another time
Another time
Another time
Another time
Another time
Another time
Another time
Another time
Another time
Another time
Another time
Another time
Another time
Another time
Another time
Another time
Another time
Another time
Another time
Another time
Another time
Another time
Another time
Another time
Another time
Another time
Another time
Another time
Another time
Another time
Another time
Another time
Another time
Another time
Another time
Another time
Another time
Another time
Another time
Another time
Another time
Another time
Another time
Another time
Another time
Another time
Another time
Another time
Another time
Another time
Another time
Another time
Another time
Another time
Another time
Another time
Another time
Another time
Another time
Another time
Another time
Another time
Another time
Another time
Another time
Another time
Another time
Another time
Another time
Another time
Another time
Another time
Another time
Another time
Another time
Another time
Another time
Another time
Another time
Another time
Another time
Another time
Another time
Another time
Another time
Another time
Another time
Another time
Another time
Another time
Another time
Another time
Another time
Another time
Another time
Another time
Another time
Another time
Another time
Another time
Another time
Another time
Another time
Another time
Another time
Another time
Another time
Another time
Another time
Another time
Another time
Another time
Another time
Another time
Another time
Another time
Another time
Another time
Another time
Another time
Another time
Another time
Another time
Another time
Another time
Another time
Another time
Another time
Another time
Another time
Another time
Another time
Another time
Another time
Another time
Another time
Another time
Another time
Another time
Another time
Another time
Another time
Another time
Another time
Another time
Another time
Another time
Another time
Another time
Another time
Another time
Another time
Another time
Another time
Another time
Another time
Another time
Another time
Another time
Another time
Another time
Another time
Another time
Another time
Another time
Another time
Another time
Another time
Another time
Another time
Another time
Another time
Another time
Another time
Another time
Another time
Another time
Another time
Another time
Another time
Another time
Another time
Another time
Another time
Another time
Another time
Another time
Another time
Another time
Another time
Another time
Another time
Another time
Another time
Another time
Another time
Another time
Another time
Another time
Another time
Another time
Another time
Another time
Another time
Another time
Another time
Another time
Another time
Another time
Another time
Another time
Another time
Another time
Another time
Another time
Another time
Another time
Another time
Another time
Another time
Another time
Another time
Another time
Another time
Another time
Another time
Another time
Another time
Another time
Another time
Another time
Another time
Another time
Another time
Another time
Another time
Another time
Another time
Another time
Another time
Another time
Another time
Another time
Another time
Another time
Another time
Another time
Another time
Another time
Another time
Another time
Another time
Another time
Another time
Another time
Another time
Another time
Another time
Another time
Another time
Another time
Another time
Another time
Another time
Another time
Another time
Another time
Another time
Another time
Another time
Another time
Another time
Another time
Another time
Another time
Another time
Another time
Another time
Another time
Another time
Another time
Another time
Another time
Another time
Another time
Another time
Another time
Another time
Another time
Another time
Another time
Another time
Another time
Another time
Another time
Another time
Another time
Another time
Another time
Another time
Another time
Another time
Another time
Another time
Another time
Another time
Another time
Another time
Another time
Another time
Another time
Another time
Another time
Another time
Another time
Another time
Another time
Another time
Another time
Another time
Another time
Another time
Another time
Another time
Another time
Another time
Another time
Another time
Another time
Another time
Another time
Another time
Another time
Another time
Another time
Another time
Another time
Another time
Another time
Another time
Another time
Another time
Another time
Another time
Another time
Another time
Another time
Another time
Another time
Another time
Another time
Another time
Another time
Another time
Another time
Another time
Another time
Another time
Another time
Another time
Another time
Another time
Another time
Another time
Another time
Another time
Another time
Another time
Another time
Another time
Another time
Another time
Another time
Another time
Another time
Another time
Another time
Another time
Another time
Another time
Another time
Another time
Another time
Another time
Another time
Another time
Another time
Another time
Another time
Another time
Another time
Another time
Another time
Another time
Another time
Another time
Another time
Another time
Another time
Another time
Another time
Another time
Another time
Another time
Another time
Another time
Another time
Another time
Another time
Another time
Another time
Another time
Another time
Another time
Another time
Another time
Another time
Another time
Another time
Another time
Another time
Another time
Another time
Another time
Another time
Another time
Another time
Another time
Another time
Another time
Another time
Another time
Another time
Another time
Another time
Another time
Another time
Another time
Another time
Another time
Another time
Another time
Another time
Another time
Another time
Another time
Another time
Another time
Another time
Another time
Another time
Another time
Another time
Another time
Another time
Another time
Another time
Another time
Another time
Another time
Another time
Another time
Another time
Another time
Another time
Another time
Another time
Another time
Another time
Another time
Another time
Another time
Another time
Another time
Another time
Another time
Another time
Another time
Another time
Another time
Another time
Another time
Another time
Another time
Another time
Another time
Another time
Another time
Another time
Another time
Another time
Another time
Another time
Another time
Another time
Another time
Another time
Another time
Another time
Another time
Another time
Another time
Another time
Another time
Another time
Another time
Another time
Another time
Another time
Another time
Another time
Another time
Another time
Another time
Another time
Another time
Another time
Another time
Another time
Another time
Another time
Another time
Another time
Another time
Another time
Another time
Another time
Another time
Another time
Another time
Another time
Another time
Another time
Another time
Another time
Another time
Another time
Another time
Another time
Another time
Another time
Another time
Another time
Another time
Another time
Another time
Another time
Another time
Another time
Another time
Another time
Another time
Another time
Another time
Another time
Another time
Another time
Another time
Another time
Another time
Another time
Another time
Another time
Another time
Another time
Another time
Another time
Another time
Another time
Another time
Another time
Another time
Another time
Another time
Another time
Another time
Another time
Another time
Another time
Another time
Another time
Another time
Another time
Another time
Another time
Another time
Another time
Another time
Another time
Another time
Another time
Another time
Another time
Another time
Another time
Another time
Another time
Another time
Another time
Another time
Another time
Another time
Another time
Another time
Another time
Another time
Another time
Another time
Another time
Another time
Another time
Another time
Another time
Another time
Another time
Another time
Another time
Another time
Another time
Another time
Another time
Another time
Another time
Another time
Another time
Another time
Another time
Another time
Another time
Another time
Another time
Another time
Another time
Another time
Another time
Another time
Another time
Another time
Another time
Another time
Another time
Another time
Another time
Another time
Another time
Another time
Another time
Another time
Another time
Another time
Another time
Another time
Another time
Another time
Another time
Another time
Another time
Another time
Another time
Another time
Another time
Another time
Another time
Another time
Another time
Another time
Another time
Another time
Another time
Another time
Another time
Another time
Another time
Another time
Another time
Another time
Another time
Another time
Another time
Another time
Another time
Another time
Another time
Another time
Another time
Another time
Another time
Another time
Another time
Another time
Another time
Another time
Another time
Another time
Another time
Another time
Another time
Another time
Another time
Another time
Another time
Another time
Another time
Another time
Another time
Another time
Another time
Another time
Another time
Another time
Another time
Another time
Another time
Another time
Another time
Another time
Another time
Another time
Another time
Another time
Another time
Another time
Another time
Another time
Another time
Another time
Another time
Another time
Another time
Another time
Another time
Another time
Another time
Another time
Another time
Another time
Another time
Another time
Another time
Another time
Another time
Another time
Another time
Another time
Another time
Another time
Another time
Another time
Another time
Another time
Another time
Another time
Another time
Another time
Another time
Another time
Another time
Another time
Another time
Another time
Another time
Another time
Another time
Another time
Another time
Another time
Another time
Another time
Another time
Another time
Another time
Another time
Another time
Another time
Another time
Another time
Another time
Another time
Another time
Another time
Another time
Another time
Another time
Another time
Another time
Another time
Another time
Another time
Another time
Another time
Another time
Another time
Another time
Another time
Another time
Another time
Another time
Another time
Another time
Another time
Another time
Another time
Another time
Another time
Another time
Another time
Another time
Another time
Another time
Another time
Another time
Another time
Another time
Another time
Another time
Another time
Another time
Another time
Another time
Another time
Another time
Another time
Another time
Another time
Another time
Another time
Another time
Another time
Another time
Another time
Another time
Another time
Another time
Another time
Another time
Another time
Another time
Another time
Another time
Another time
Another time
Another time
Another time
Another time
Another time
Another time
Another time
Another time
Another time
Another time
Another time
Another time
Another time
Another time
Another time
Another time
Another time
Another time
Another time
Another time
Another time
Another time
Another time
Another time
Another time
Another time
Another time
Another time
Another time
Another time
Another time
Another time
Another time
Another time
Another time
Another time
Another time
Another time
Another time
Another time
Another time
Another time
Another time
Another time
Another time
Another time
Another time
Another time
Another time
Another time
Another time
Another time
Another time
Another time
Another time
Another time
Another time
Another time
Another time
Another time
Another time
Another time
Another time
Another time
Another time
Another time
Another time
Another time
Another time
Another time
Another time
Another time
Another time
Another time
Another time
Another time
Another time
Another time
Another time
Another time
Another time
Another time
Another time
Another time
Another time
Another time
Another time
Another time
Another time
Another time
Another time
Another time
Another time
Another time
Another time
Another time
Another time
Another time
Another time
Another time
Another time
Another time
Another time
Another time
Another time
Another time
Another time
Another time
Another time
Another time
Another time
Another time
Another time
Another time
Another time
Another time
Another time
Another time
Another time
Another time
Another time
Another time
Another time
Another time
Another time
Another time
Another time
Another time
Another time
Another time
Another time
Another time
Another time
Another time
Another time
Another time
Another time
Another time
Another time
Another time
Another time
Another time
Another time
Another time
Another time
Another time
Another time
Another time
Another time
Another time
Another time
Another time
Another time
Another time
Another time
Another time
Another time
Another time
Another time
Another time
Another time
Another time
Another time
Another time
Another time
Another time
Another time
Another time
Another time
Another time
Another time
Another time
Another time
Another time
Another time
Another time
Another time
Another time
Another time
Another time
Another time
Another time
Another time
Another time
Another time
Another time
Another time
Another time
Another time
Another time
Another time
Another time
Another time
Another time
Another time
Another time
Another time
Another time
Another time
Another time
Another time
Another time
Another time
Another time
Another time
Another time
Another time
Another time
Another time
Another time
Another time
Another time
Another time
Another time
Another time
Another time
Another time
Another time
Another time
Another time
Another time
Another time
Another time
Another time
Another time
Another time
Another time
Another time
Another time
Another time
Another time
Another time
Another time
Another time
Another time
Another time
Another time
Another time
Another time
Another time
Another time
Another time
Another time
Another time
Another time
Another time
Another time
Another time
Another time
Another time
Another time
Another time
Another time
Another time
Another time
Another time
Another time
Another time
Another time
Another time
Another time
Another time
Another time
Another time
Another time
Another time
Another time
Another time
Another time
Another time
Another time
Another time
Another time
Another time
Another time
Another time
Another time
Another time
Another time
Another time
Another time
Another time
Another time
Another time
Another time
Another time
Another time
Another time
Another time
Another time
Another time
Another time
Another time
Another time
Another time
Another time
Another time
Another time
Another time
Another time
Another time
Another time
Another time
Another time
Another time
Another time
Another time
Another time
Another time
Another time
Another time
Another time
Another time
Another time
Another time
Another time
Another time
Another time
Another time
Another time
Another time
Another time
Another time
Another time
Another time
Another time
Another time
Another time
Another time
Another time
Another time
Another time
Another time
Another time
Another time
Another time
Another time
Another time
Another time
Another time
Another time
Another time
Another time
Another time
Another time
Another time
Another time
Another time
Another time
Another time
Another time
Another time
Another time
Another time
Another time
Another time
Another time
Another time
Another time
Another time
Another time
Another time
Another time
Another time
Another time
Another time
Another time
Another time
Another time
Another time
Another time
Another time
Another time
Another time
Another time
Another time
Another time
Another time
Another time
Another time
Another time
Another time
Another time
Another time
Another time
Another time
Another time
Another time
Another time
Another time
Another time
Another time
Another time
Another time
Another time
Another time
Another time
Another time
Another time
Another time
Another time
Another time
Another time
Another time
Another time
Another time
Another time
Another time
Another time
Another time
Another time
Another time
Another time
Another time
Another time
Another time
Another time
Another time
Another time
Another time
Another time
Another time
Another time
Another time
Another time
Another time
Another time
Another time
Another time
Another time
Another time
Another time
Another time
Another time
Another time
Another time
Another time
Another time
Another time
Another time
Another time
Another time
Another time
Another time
Another time
Another time
Another time
Another time
Another time
Another time
Another time
Another time
Another time
Another time
Another time
Another time
Another time
Another time
Another time
Another time
Another time
Another time
Another time
Another time
Another time
Another time
Another time
Another time
Another time
Another time
Another time
Another time
Another time
Another time
Another time
Another time
Another time
Another time
Another time
Another time
Another time
Another time
Another time
Another time
Another time
Another time
Another time
Another time
Another time
Another time
Another time
Another time
Another time
Another time
Another time
Another time
Another time
Another time
Another time
Another time
Another time
Another time
Another time
Another time
Another time
Another time
Another time
Another time
Another time
Another time
Another time
Another time
Another time
Another time
Another time
Another time
Another time
Another time
Another time
Another time
Another time
Another time
Another time
Another time
Another time
Another time
Another time
Another time
Another time
Another time
Another time
Another time
Another time
Another time
Another time
Another time
Another time
Another time
Another time
Another time
Another time
Another time
Another time
Another time
Another time
Another time
Another time
Another time
Another time
Another time
Another time
Another time
Another time
Another time
Another time
Another time
Another time
Another time
Another time
Another time
Another time
Another time
Another time
Another time
Another time
Another time
Another time
Another time
Another time
Another time
Another time
Another time
Another time
Another time
Another time
Another time
Another time
Another time
Another time
Another time
Another time
Another time
Another time
Another time
Another time
Another time
Another time
Another time
Another time
Another time
Another time
Another time
Another time
Another time
Another time
Another time
Another time
Another time
Another time
Another time
Another time
Another time
Another time
Another time
Another time
Another time
Another time
Another time
Another time
Another time
Another time
Another time
Another time
Another time
Another time
Another time
Another time
Another time
Another time
Another time
Another time
Another time
Another time
Another time
Another time
Another time
Another time
Another time
Another time
Another time
Another time
Another time
Another time
Another time
Another time
Another time
Another time
Another time
Another time
Another time
Another time
Another time
Another time
Another time
Another time
Another time
Another time
Another time
Another time
Another time
Another time
Another time
Another time
Another time
Another time
Another time
Another time
Another time
Another time
Another time
Another time
Another time
Another time
Another time
Another time
Another time
Another time
Another time
Another time
Another time
Another time
Another time
Another time
Another time
Another time
Another time
Another time
Another time
Another time
Another time
Another time
Another time
Another time
Another time
Another time
Another time
Another time
Another time
Another time
Another time
Another time
Another time
Another time
Another time
Another time
Another time
Another time
Another time
Another time
Another time
Another time
Another time
Another time
Another time
Another time
Another time
Another time
Another time
Another time
Another time
Another time
Another time
Another time
Another time
Another time
Another time
Another time
Another time
Another time
Another time
Another time
Another time
Another time
Another time
Another time
Another time
Another time
Another time
Another time
Another time
Another time
Another time
Another time
Another time
Another time
Another time
Another time
Another time
Another time
Another time
Another time
Another time
Another time
Another time
Another time
Another time
Another time
Another time
Another time
Another time
Another time
Another time
Another time
Another time
Another time
Another time
Another time
Another time
Another time
Another time
Another time
Another time
Another time
Another time
Another time
Another time
Another time
Another time
Another time
Another time
Another time
Another time
Another time
Another time
Another time
Another time
Another time
Another time
Another time
Another time
Another time
Another time
Another time
Another time
Another time
Another time
Another time
Another time
Another time
Another time
Another time
Another time
Another time
Another time
Another time
Another time
Another time
Another time
Another time
Another time
Another time
Another time
Another time
Another time
Another time
Another time
Another time
Another time
Another time
Another time
Another time
Another time
Another time
Another time
Another time
Another time
Another time
Another time
Another time
Another time
Another time
Another time
Another time
Another time
Another time
Another time
Another time
Another time
Another time
Another time
Another time
Another time
Another time
Another time
Another time
Another time
Another time
Another time
Another time
Another time
Another time
Another time
Another time
Another time
Another time
Another time
Another time
Another time
Another time
Another time
Another time
Another time
Another time
Another time
Another time
Another time
Another time
Another time
Another time
Another time
Another time
Another time
Another time
Another time
Another time
Another time
Another time
Another time
Another time
Another time
Another time
Another time
Another time
Another time
Another time
Another time
Another time
Another time
Another time
Another time
Another time
Another time
Another time
Another time
Another time
Another time
Another time
Another time
Another time
Another time
Another time
Another time
Another time
Another time
Another time
Another time
Another time
Another time
Another time
Another time
Another time
Another time
Another time
Another time
Another time
Another time
Another time
Another time
Another time
Another time
Another time
Another time
Another time
Another time
Another time
Another time
Another time
Another time
Another time
Another time
Another time
Another time
Another time
Another time
Another time
Another time
Another time
Another time
Another time
Another time
Another time
Another time
Another time
Another time
Another time
Another time
Another time
Another time
Another time
Another time
Another time
Another time
Another time
Another time
Another time
Another time
Another time
Another time
Another time
Another time
Another time
Another time
Another time
Another time
Another time
Another time
Another time
Another time
Another time
Another time
Another time
Another time
Another time
Another time
Another time
Another time
Another time
Another time
Another time
Another time
Another time
Another time
Another time
Another time
Another time
Another time
Another time
Another time
Another time
Another time
Another time
Another time
Another time
Another time
Another time
Another time
Another time
Another time
Another time
Another time
Another time
Another time
Another time
Another time
Another time
Another time
Another time
Another time
Another time
Another time
Another time
Another time
Another time
Another time
Another time
Another time
Another time
Another time
Another time
Another time
Another time
Another time
Another time
Another time
Another time
Another time
Another time
Another time
Another time
Another time
Another time
Another time
Another time
Another time
Another time
Another time
Another time
Another time
Another time
Another time
Another time
Another time
Another time
Another time
Another time
Another time
Another time
Another time
Another time
Another time
Another time
Another time
Another time
Another time
Another time
Another time
Another time
Another time
Another time
Another time
Another time
Another time
Another time
Another time
Another time
Another time
Another time
Another time
Another time
Another time
Another time
Another time
Another time
Another time
Another time
Another time
Another time
Another time
Another time
Another time
Another time
Another time
Another time
Another time
Another time
Another time
Another time
Another time
Another time
Another time
Another time
Another time
Another time
Another time
Another time
Another time
Another time
Another time
Another time
Another time
Another time
Another time
Another time
Another time
Another time
Another time
Another time
Another time
Another time
Another time
Another time
Another time
Another time
Another time
Another time
Another time
Another time
Another time
Another time
Another time
Another time
Another time
Another time
Another time
Another time
Another time
Another time
Another time
Another time
Another time
Another time
Another time
Another time
Another time
Another time
Another time
Another time
Another time
Another time
Another time
Another time
Another time
Another time
Another time
Another time
Another time
Another time
Another time
Another time
Another time
Another time
Another time
Another time
Another time
Another time
Another time
Another time
Another time
Another time
Another time
Another time
Another time
Another time
Another time
Another time
Another time
Another time
Another time
Another time
Another time
Another time
Another time
Another time
Another time
Another time
Another time
Another time
Another time
Another time
Another time
Another time
Another time
Another time
Another time
Another time
Another time
Another time
Another time
Another time
Another time
Another time
Another time
Another time
Another time
Another time
Another time
Another time
Another time
Another time
Another time
Another time
Another time
Another time
Another time
Another time
Another time
Another time
Another time
Another time
Another time
Another time
Another time
Another time
Another time
Another time
Another time
Another time
Another time
Another time
Another time
Another time
Another time
Another time
Another time
Another time
Another time
Another time
Another time
Another time
Another time
Another time
Another time
Another time
Another time
Another time
Another time
Another time
Another time
Another time
Another time
Another time
Another time
Another time
Another time
Another time
Another time
Another time
Another time
Another time
Another time
Another time
Another time
Another time
Another time
Another time
Another time
Another time
Another time
Another time
Another time
Another time
Another time
Another time
Another time
Another time
Another time
Another time
Another time
Another time
Another time
Another time
Another time
Another time
Another time
Another time
Another time
Another time
Another time
Another time
Another time
Another time
Another time
Another time
Another time
Another time
Another time
Another time
Another time
Another time
Another time
Another time
Another time
Another time
Another time
Another time
Another time
Another time
Another time
Another time
Another time
Another time
Another time
Another time
Another time
Another time
Another time
Another time
Another time
Another time
Another time
Another time
Another time
Another time
Another time
Another time
Another time
Another time
Another time
Another time
Another time
Another time
Another time
Another time
Another time
Another time
Another time
Another time
Another time
Another time
Another time
Another time
Another time
Another time
Another time
Another time
Another time
Another time
Another time
Another time
Another time
Another time
Another time
Another time
Another time
Another time
Another time
Another time
Another time
Another time
Another time
Another time
Another time
Another time
Another time
Another time
Another time
Another time
Another time
Another time
Another time
Another time
Another time
Another time
Another time
Another time
Another time
Another time
Another time
Another time
Another time
Another time
Another time
Another time
Another time
Another time
Another time
Another time
Another time
Another time
Another time
Another time
Another time
Another time
Another time
Another time
Another time
Another time
Another time
Another time
Another time
Another time
Another time
Another time
Another time
Another time
Another time
Another time
Another time
Another time
Another time
Another time
Another time
Another time
Another time
Another time
Another time
Another time
Another time
Another time
Another time
Another time
Another time
Another time
Another time
Another time
Another time
Another time
Another time
Another time
Another time
Another time
Another time
Another time
Another time
Another time
Another time
Another time
Another time
Another time
Another time
Another time
Another time
Another time
Another time
Another time
Another time
Another time
Another time
Another time
Another time
Another time
Another time
Another time
Another time
Another time
Another time
Another time
Another time
Another time
Another time
Another time
Another time
Another time
Another time
Another time
Another time
Another time
Another time
Another time
Another time
Another time
Another time
Another time
Another time
Another time
Another time
Another time
Another time
Another time
Another time
Another time
Another time
Another time
Another time
Another time
Another time
Another time
Another time
Another time
Another time
Another time
Another time
Another time
Another time
Another time
Another time
Another time
Another time
Another time
Another time
Another time
Another time
Another time
Another time
Another time
Another time
Another time
Another time
Another time
Another time
Another time
Another time
Another time
Another time
Another time
Another time
Another time
Another time
Another time
Another time
Another time
Another time
Another time
Another time
Another time
Another time
Another time
Another time
Another time
Another time
Another time
Another time
Another time
Another time
Another time
Another time
Another time
Another time
Another time
Another time
Another time
Another time
Another time
Another time
Another time
Another time
Another time
Another time
Another time
Another time
Another time
Another time
Another time
Another time
Another time
Another time
Another time
Another time
Another time
Another time
Another time
Another time
Another time
Another time
Another time
Another time
Another time
Another time
Another time
Another time
Another time
Another time
Another time
Another time
Another time
Another time
Another time
Another time
Another time
Another time
Another time
Another time
Another time
Another time
Another time
Another time
Another time
Another time
Another time
Another time
Another time
Another time
Another time
Another time
Another time
Another time
Another time
Another time
Another time
Another time
Another time
Another time
Another time
Another time
Another time
Another time
Another time
Another time
Another time
Another time
Another time
Another time
Another time
Another time
Another time
Another time
Another time
Another time
Another time
Another time
Another time
Another time
Another time
Another time
Another time
Another time
Another time
Another time
Another time
Another time
Another time
Another time
Another time
Another time
Another time
Another time
Another time
Another time
Another time
Another time
Another time
Another time
Another time
Another time
Another time
Another time
Another time
Another time
Another time
Another time
Another time
Another time
Another time
Another time
Another time
Another time
Another time
Another time
Another time
Another time
Another time
Another time
Another time
Another time
Another time
Another time
Another time
Another time
Another time
Another time
Another time
Another time
Another time
Another time
Another time
Another time
Another time
Another time
Another time
Another time
Another time
Another time
Another time
Another time
Another time
Another time
Another time
Another time
Another time
Another time
Another time
Another time
Another time
Another time
Another time
Another time
Another time
Another time
Another time
Another time
Another time
Another time
Another time
Another time
Another time
Another time
Another time
Another time
Another time
Another time
Another time
Another time
Another time
Another time
Another time
Another time
Another time
Another time
Another time
Another time
Another time
Another time
Another time
Another time
Another time
Another time
Another time
Another time
Another time
Another time
Another time
Another time
Another time
Another time
Another time
Another time
Another time
Another time
Another time
Another time
Another time
Another time
Another time
Another time
Another time
Another time
Another time
Another time
Another time
Another time
Another time
Another time
Another time
Another time
Another time
Another time
Another time
Another time
Another time
Another time
Another time
Another time
Another time
Another time
Another time
Another time
Another time
Another time
Another time
Another time
Another time
Another time
Another time
Another time
Another time
Another time
Another time
Another time
Another time
Another time
Another time
Another time
Another time
Another time
Another time
Another time
Another time
Another time
Another time
Another time
Another time
Another time
Another time
Another time
Another time
Another time
Another time
Another time
Another time
Another time
Another time
Another time
Another time
Another time
Another time
Another time
Another time
Another time
Another time
Another time
Another time
Another time
Another time
Another time
Another time
Another time
Another time
Another time
Another time
Another time
Another time
Another time
Another time
Another time
Another time
Another time
Another time
Another time
Another time
Another time
Another time
Another time
Another time
Another time
Another time
Another time
Another time
Another time
Another time
Another time
Another time
Another time
Another time
Another time
Another time
Another time
Another time
Another time
Another time
Another time
Another time
Another time
Another time
Another time
Another time
Another time
Another time
Another time
Another time
Another time
Another time
Another time
Another time
Another time
Another time
Another time
Another time
Another time
Another time
Another time
Another time
Another time
Another time
Another time
Another time
Another time
Another time
Another time
Another time
Another time
Another time
Another time
Another time
Another time
Another time
Another time
Another time
Another time
Another time
Another time
Another time
Another time
Another time
Another time
Another time
Another time
Another time
Another time
Another time
Another time
Another time
Another time
Another time
Another time
Another time
Another time
Another time
Another time
Another time
Another time
Another time
Another time
Another time
Another time
Another time
Another time
Another time
Another time
Another time
Another time
Another time
Another time
Another time
Another time
Another time
Another time
Another time
Another time
Another time
Another time
Another time
Another time
Another time
Another time
Another time
Another time
Another time
Another time
Another time
Another time
Another time
Another time
Another time
Another time
Another time
Another time
Another time
Another time
Another time
Another time
Another time
Another time
Another time
Another time
Another time
Another time
Another time
Another time
Another time
Another time
Another time
Another time
Another time
Another time
Another time
Another time
Another time
Another time
Another time
Another time
Another time
Another time
Another time
Another time
Another time
Another time
Another time
Another time
Another time
Another time
Another time
Another time
Another time
Another time
Another time
Another time
Another time
Another time
Another time
Another time
Another time
Another time
Another time
Another time
Another time
Another time
Another time
Another time
Another time
Another time
Another time
Another time
Another time
Another time
Another time
Another time
Another time
Another time
Another time
Another time
Another time
Another time
Another time
Another time
Another time
Another time
Another time
Another time
Another time
Another time
Another time
Another time
Another time
Another time
Another time
Another time
Another time
Another time
Another time
Another time
Another time
Another time
Another time
Another time
Another time
Another time
Another time
Another time
Another time
Another time
Another time
Another time
Another time
Another time
Another time
Another time
Another time
Another time
Another time
Another time
Another time
Another time
Another time
Another time
Another time
Another time
Another time
Another time
Another time
Another time
Another time
Another time
Another time
Another time
Another time
Another time
Another time
Another time
Another time
Another time
Another time
Another time
Another time
Another time
Another time
Another time
Another time
Another time
Another time
Another time
Another time
Another time
Another time
Another time
Another time
Another time
Another time
Another time
Another time
Another time
Another time
Another time
Another time
Another time
Another time
Another time
Another time
Another time
Another time
Another time
Another time
Another time
Another time
Another time
Another time
Another time
Another time
Another time
Another time
Another time
Another time
Another time
Another time
Another time
Another time
Another time
Another time
Another time
Another time
Another time
Another time
Another time
Another time
Another time
Another time
Another time
Another time
Another time
Another time
Another time
Another time
Another time
Another time
Another time
Another time
Another time
Another time
Another time
Another time
Another time
Another time
Another time
Another time
Another time
Another time
Another time
Another time
Another time
Another time
Another time
Another time
Another time
Another time
Another time
Another time
Another time
Another time
Another time
Another time
Another time
Another time
Another time
Another time
Another time
Another time
Another time
Another time
Another time
Another time
Another time
Another time
Another time
Another time
Another time
Another time
Another time
Another time
Another time
Another time
Another time
Another time
Another time
Another time
Another time
Another time
Another time
Another time
Another time
Another time
Another time
Another time
Another time
Another time
Another time
Another time
Another time
Another time
Another time
Another time
Another time
Another time
Another time
Another time
Another time
Another time
Another time
Another time
Another time
Another time
Another time
Another time
Another time
Another time
Another time
Another time
Another time
Another time
Another time
Another time
Another time
Another time
Another time
Another time
Another time
Another time
Another time
Another time
Another time
Another time
Another time
Another time
Another time
Another time
Another time
Another time
Another time
Another time
Another time
Another time
Another time
Another time
Another time
Another time
Another time
Another time
Another time
Another time
Another time
Another time
Another time
Another time
Another time
Another time
Another time
Another time
Another time
Another time
Another time
Another time
Another time
Another time
Another time
Another time
Another time
Another time
Another time
Another time
Another time
Another time
Another time
Another time
Another time
Another time
Another time
Another time
Another time
Another time
Another time
Another time
Another time
Another time
Another time
Another time
Another time
Another time
Another time
Another time
Another time
Another time
Another time
Another time
Another time
Another time
Another time
Another time
Another time
Another time
Another time
Another time
Another time
Another time
Another time
Another time
Another time
Another time
Another time
Another time
Another time
Another time
Another time
Another time
Another time
Another time
Another time
Another time
Another time
Another time
Another time
Another time
Another time
Another time
Another time
Another time
Another time
Another time
Another time
Another time
Another time
Another time
Another time
Another time
Another time
Another time
Another time
Another time
Another time
Another time
Another time
Another time
Another time
Another time
Another time
Another time
Another time
Another time
Another time
Another time
Another time
Another time
Another time
Another time
Another time
Another time
Another time
Another time
Another time
Another time
Another time
Another time
Another time
Another time
Another time
Another time
Another time
Another time
Another time
Another time
Another time
Another time
Another time
Another time
Another time
Another time
Another time
Another time
Another time
Another time
Another time
Another time
Another time
Another time
Another time
Another time
Another time
Another time
Another time
Another time
Another time
Another time
Another time
Another time
Another time
Another time
Another time
Another time
Another time
Another time
Another time
Another time
Another time
Another time
Another time
Another time
Another time
Another time
Another time
Another time
Another time
Another time
Another time
Another time
Another time
Another time
Another time
Another time
Another time
Another time
Another time
Another time
Another time
Another time
Another time
Another time
Another time
Another time
Another time
Another time
Another time
Another time
Another time
Another time
Another time
Another time
Another time
Another time
Another time
Another time
Another time
Another time
Another time
Another time
Another time
Another time
Another time
Another time
Another time
Another time
Another time
Another time
Another time
Another time
Another time
Another time
Another time
Another time
Another time
Another time
Another time
Another time
Another time
Another time
Another time
Another time
Another time
Another time
Another time
Another time
Another time
Another time
Another time
Another time
Another time
Another time
Another time
Another time
Another time
Another time
Another time
Another time
Another time
Another time
Another time
Another time
Another time
Another time
Another time
Another time
Another time
Another time
Another time
Another time
Another time
Another time
Another time
Another time
Another time
Another time
Another time
Another time
Another time
Another time
Another time
Another time
Another time
Another time
Another time
Another time
Another time
Another time
Another time
Another time
Another time
Another time
Another time
Another time
Another time
Another time
Another time
Another time
Another time
Another time
Another time
Another time
Another time
Another time
Another time
Another time
Another time
Another time
Another time
Another time
Another time
Another time
Another time
Another time
Another time
Another time
Another time
Another time
Another time
Another time
Another time
Another time
Another time
Another time
Another time
Another time
Another time
Another time
Another time
Another time
Another time
Another time
Another time
Another time
Another time
Another time
Another time
Another time
Another time
Another time
Another time
Another time
Another time
Another time
Another time
Another time
Another time
Another time
Another time
Another time
Another time
Another time
Another time
Another time
Another time
Another time
Another time
Another time
Another time
Another time
Another time
Another time
Another time
Another time
Another time
Another time
Another time
Another time
Another time
Another time
Another time
Another time
Another time
Another time
Another time
Another time
Another time
Another time
Another time
Another time
Another time
Another time
Another time
Another time
Another time
Another time
Another time
Another time
Another time
Another time
Another time
Another time
Another time
Another time
Another time
Another time
Another time
Another time
Another time
Another time
Another time
Another time
Another time
Another time
Another time
Another time
Another time
Another time
Another time
Another time
Another time
Another time
Another time
Another time
Another time
Another time
Another time
Another time
Another time
Another time
Another time
Another time
Another time
Another time
Another time
Another time
Another time
Another time
Another time
Another time
Another time
Another time
Another time
Another time
Another time
Another time
Another time
Another time
Another time
Another time
Another time
Another time
Another time
Another time
Another time
Another time
Another time
Another time
Another time
Another time
Another time
Another time
Another time
Another time
Another time
Another time
Another time
Another time
Another time
Another time
Another time
Another time
Another time
Another time
Another time
Another time
Another time
Another time
Another time
Another time
Another time
Another time
Another time
Another time
Another time
Another time
Another time
Another time
Another time
Another time
Another time
Another time
Another time
Another time
Another time
Another time
Another time
Another time
Another time
Another time
Another time
Another time
Another time
Another time
Another time
Another time
Another time
Another time
Another time
Another time
Another time
Another time
Another time
Another time
Another time
Another time
Another time
Another time
Another time
Another time
Another time
Another time
Another time
Another time
Another time
Another time
Another time
Another time
Another time
Another time
Another time
Another time
Another time
Another time
Another time
Another time
Another time
Another time
Another time
Another time
Another time
Another time
Another time
Another time
Another time
Another time
Another time
Another time
Another time
Another time
Another time
Another time
Another time
Another time
Another time
Another time
Another time
Another time
Another time
Another time
Another time
Another time
Another time
Another time
Another time
Another time
Another time
Another time
Another time
Another time
Another time
Another time
Another time
Another time
Another time
Another time
Another time
Another time
Another time
Another time
Another time
Another time
Another time
Another time
Another time
Another time
Another time
Another time
Another time
Another time
Another time
Another time
Another time
Another time
Another time
Another time
Another time
Another time
Another time
Another time
Another time
Another time
Another time
Another time
Another time
Another time
Another time
Another time
Another time
Another time
Another time
Another time
Another time
Another time
Another time
Another time
Another time
Another time
Another time
Another time
Another time
Another time
Another time
Another time
Another time
Another time
Another time
Another time
Another time
Another time
Another time
Another time
Another time
Another time
Another time
Another time
Another time
Another time
Another time
Another time
Another time
Another time
Another time
Another time
Another time
Another time
Another time
Another time
Another time
Another time
Another time
Another time
Another time
Another time
Another time
Another time
Another time
Another time
Another time
Another time
Another time
Another time
Another time
Another time
Another time
Another time
Another time
Another time
Another time
Another time
Another time
Another time
Another time
Another time
Another time
Another time
Another time
Another time
Another time
Another time
Another time
Another time
Another time
Another time
Another time
Another time
Another time
Another time
Another time
Another time
Another time
Another time
Another time
Another time
Another time
Another time
Another time
Another time
Another time
Another time
Another time
Another time
Another time
Another time
Another time
Another time
Another time
Another time
Another time
Another time
Another time
Another time
Another time
Another time
Another time
Another time
Another time
Another time
Another time
Another time
Another time
Another time
Another time
Another time
Another time
Another time
Another time
Another time
Another time
Another time
Another time
Another time
Another time
Another time
Another time
Another time
Another time
Another time
Another time
Another time
Another time
Another time
Another time
Another time
Another time
Another time
Another time
Another time
Another time
Another time
Another time
Another time
Another time
Another time
Another time
Another time
Another time
Another time
Another time
Another time
Another time
Another time
Another time
Another time
Another time
Another time
Another time
Another time
Another time
Another time
Another time
Another time
Another time
Another time
Another time
Another time
Another time
Another time
Another time
Another time
Another time
Another time
Another time
Another time
Another time
Another time
Another time
Another time
Another time
Another time
Another time
Another time
Another time
Another time
Another time
Another time
Another time
Another time
Another time
Another time
Another time
Another time
Another time
Another time
Another time
Another time
Another time
Another time
Another time
Another time
Another time
Another time
Another time
Another time
Another time
Another time
Another time
Another time
Another time
Another time
Another time
Another time
Another time
Another time
Another time
Another time
Another time
Another time
Another time
Another time
Another time
Another time
Another time
Another time
Another time
Another time
Another time
Another time
Another time
Another time
Another time
Another time
Another time
Another time
Another time
Another time
Another time
Another time
Another time
Another time
Another time
Another time
Another time
Another time
Another time
Another time
Another time
Another time
Another time
Another time
Another time
Another time
Another time
Another time
Another time
Another time
Another time
Another time
Another time
Another time
Another time
Another time
Another time
Another time
Another time
Another time
Another time
Another time
Another time
Another time
Another time
Another time
Another time
Another time
Another time
Another time
Another time
Another time
Another time
Another time
Another time
Another time
Another time
Another time
Another time
Another time
Another time
Another time
Another time
Another time
Another time
Another time
Another time
Another time
Another time
Another time
Another time
Another time
Another time
Another time
Another time
Another time
Another time
Another time
Another time
Another time
Another time
Another time
Another time
Another time
Another time
Another time
Another time
Another time
Another time
Another time
Another time
Another time
Another time
Another time
Another time
Another time
Another time
Another time
Another time
Another time
Another time
Another time
Another time
Another time
Another time
Another time
Another time
Another time
Another time
Another time
Another time
Another time
Another time
Another time
Another time
Another time
Another time
Another time
Another time
Another time
Another time
Another time
Another time
Another time
Another time
Another time
Another time
Another time
Another time
Another time
Another time
Another time
Another time
Another time
Another time
Another time
Another time
Another time
Another time
Another time
Another time
Another time
Another time
Another time
Another time
Another time
Another time
Another time
Another time
Another time
Another time
Another time
Another time
Another time
Another time
Another time
Another time
Another time
Another time
Another time
Another time
Another time
Another time
Another time
Another time
Another time
Another time
Another time
Another time
Another time
Another time
Another time
Another time
Another time
Another time
Another time
Another time
Another time
Another time
Another time
Another time
Another time
Another time
Another time
Another time
Another time
Another time
Another time
Another time
Another time
Another time
Another time
Another time
Another time
Another time
Another time
Another time
Another time
Another time
Another time
Another time
Another time
Another time
Another time
Another time
Another time
Another time
Another time
Another time
Another time
Another time
Another time
Another time
Another time
Another time
Another time
Another time
Another time
Another time
Another time
Another time
Another time
Another time
Another time
Another time
Another time
Another time
Another time
Another time
Another time
Another time
Another time
Another time
Another time
Another time
Another time
Another time
Another time
Another time
Another time
Another time
Another time
Another time
Another time
Another time
Another time
Another time
Another time
Another time
Another time
Another time
Another time
Another time
Another time
Another time
Another time
Another time
Another time
Another time
Another time
Another time
Another time
Another time
Another time
Another time
Another time
Another time
Another time
Another time
Another time
Another time
Another time
Another time
Another time
Another time
Another time
Another time
Another time
Another time
Another time
Another time
Another time
Another time
Another time
Another time
Another time
Another time
Another time
Another time
Another time
Another time
Another time
Another time
Another time
Another time
Another time
Another time
Another time
Another time
Another time
Another time
Another time
Another time
Another time
Another time
Another time
Another time
Another time
Another time
Another time
Another time
Another time
Another time
Another time
Another time
Another time
Another time
Another time
Another time
Another time
Another time
Another time
Another time
Another time
Another time
Another time
Another time
Another time
Another time
Another time
Another time
Another time
Another time
Another time
Another time
Another time
Another time
Another time
Another time
Another time
Another time
Another time
Another time
Another time
Another time
Another time
Another time
Another time
Another time
Another time
Another time
Another time
Another time
Another time
Another time
Another time
Another time
Another time
Another time
Another time
Another time
Another time
Another time
Another time
Another time
Another time
Another time
Another time
Another time
Another time
Another time
Another time
Another time
Another time
Another time
Another time
Another time
Another time
Another time
Another time
Another time
Another time
Another time
Another time
Another time
Another time
Another time
Another time
Another time
Another time
Another time
Another time
Another time
Another time
Another time
Another time
Another time
Another time
Another time
Another time
Another time
Another time
Another time
Another time
Another time
Another time
Another time
Another time
Another time
Another time
Another time
Another time
Another time
Another time
Another time
Another time
Another time
Another time
Another time
Another time
Another time
Another time
Another time
Another time
Another time
Another time
Another time
Another time
Another time
Another time
Another time
Another time
Another time
Another time
Another time
Another time
Another time
Another time
Another time
Another time
Another time
Another time
Another time
Another time
Another time
Another time
Another time
Another time
Another time
Another time
Another time
Another time
Another time
Another time
Another time
Another time
Another time
Another time
Another time
Another time
Another time
Another time
Another time
Another time
Another time
Another time
Another time
Another time
Another time
Another time
Another time
Another time
Another time
Another time
Another time
Another time
Another time
Another time
Another time
Another time
Another time
Another time
Another time
Another time
Another time
Another time
Another time
Another time
Another time
Another time
Another time
Another time
Another time
Another time
Another time
Another time
Another time
Another time
Another time
Another time
Another time
Another time
Another time
Another time
Another time
Another time
Another time
Another time
Another time
Another time
Another time
Another time
Another time
Another time
Another time
Another time
Another time
Another time
Another time
Another time
Another time
Another time
Another time
Another time
Another time
Another time
Another time
Another time
Another time
Another time
Another time
Another time
Another time
Another time
Another time
Another time
Another time
Another time
Another time
Another time
Another time
Another time
Another time
Another time
Another time
Another time
Another time
Another time
Another time
Another time
Another time
Another time
Another time
Another time
Another time
Another time
Another time
Another time
Another time
Another time
Another time
Another time
Another time
Another time
Another time
Another time
Another time
Another time
Another time
Another time
Another time
Another time
Another time
Another time
Another time
Another time
Another time
Another time
Another time
Another time
Another time
Another time
Another time
Another time
Another time
Another time
Another time
Another time
Another time
Another time
Another time
Another time
Another time
Another time
Another time
Another time
Another time
Another time
Another time
Another time
Another time
Another time
Another time
Another time
Another time
Another time
Another time
Another time
Another time
Another time
Another time
Another time
Another time
Another time
Another time
Another time
Another time
Another time
Another time
Another time
Another time
Another time
Another time
Another time
Another time
Another time
Another time
Another time
Another time
Another time
Another time
Another time
Another time
Another time
Another time
Another time
Another time
Another time
Another time
Another time
Another time
Another time
Another time
Another time
Another time
Another time
Another time
Another time
Another time
Another time
Another time
Another time
Another time
Another time
Another time
Another time
Another time
Another time
Another time
Another time
Another time
Another time
Another time
Another time
Another time
Another time
Another time
Another time
Another time
Another time
Another time
Another time
Another time
Another time
Another time
Another time
Another time
Another time
Another time
Another time
Another time
Another time
Another time
Another time
Another time
Another time
Another time
Another time
Another time
Another time
Another time
Another time
Another time
Another time
Another time
Another time
Another time
Another time
Another time
Another time
Another time
Another time
Another time
Another time
Another time
Another time
Another time
Another time
Another time
Another time
Another time
Another time
Another time
Another time
Another time
Another time
Another time
Another time
Another time
Another time
Another time
Another time
Another time
Another time
Another time
Another time
Another time
Another time
Another time
Another time
Another time
Another time
Another time
Another time
Another time
Another time
Another time
Another time
Another time
Another time
Another time
Another time
Another time
Another time
Another time
Another time
Another time
Another time
Another time
Another time
Another time
Another time
Another time
Another time
Another time
Another time
Another time
Another time
Another time
Another time
Another time
Another time
Another time
Another time
Another time
Another time
Another time
Another time
Another time
Another time
Another time
Another time
Another time
Another time
Another time
Another time
Another time
Another time
Another time
Another time
Another time
Another time
Another time
Another time
Another time
Another time
Another time
Another time
Another time
Another time
Another time
Another time
Another time
Another time
Another time
Another time
Another time
Another time
Another time
Another time
Another time
Another time
Another time
Another time
Another time
Another time
Another time
Another time
Another time
Another time
Another time
Another time
Another time
Another time
Another time
Another time
Another time
Another time
Another time
Another time
Another time
Another time
Another time
Another time
Another time
Another time
Another time
Another time
Another time
Another time
Another time
Another time
Another time
Another time
Another time
Another time
Another time
Another time
Another time
Another time
Another time
Another time
Another time
Another time
Another time
Another time
Another time
Another time
Another time
Another time
Another time
Another time
Another time
Another time
Another time
Another time
Another time
Another time
Another time
Another time
Another time
Another time
Another time
Another time
Another time
Another time
Another time
Another time
Another time
Another time
Another time
Another time
Another time
Another time
Another time
Another time
Another time
Another time
Another time
Another time
Another time
Another time
Another time
Another time
Another time
Another time
Another time
Another time
Another time
Another time
Another time
Another time
Another time
Another time
Another time
Another time
Another time
Another time
Another time
Another time
Another time
Another time
Another time
Another time
Another time
Another time
Another time
Another time
Another time
Another time
Another time
Another time
Another time
Another time
Another time
Another time
Another time
Another time
Another time
Another time
Another time
Another time
Another time
Another time
Another time
Another time
Another time
Another time
Another time
Another time
Another time
Another time
Another time
Another time
Another time
Another time
Another time
Another time
Another time
Another time
Another time
Another time
Another time
Another time
Another time
Another time
Another time
Another time
Another time
Another time
Another time
Another time
Another time
Another time
Another time
Another time
Another time
Another time
Another time
Another time
Another time
Another time
Another time
Another time
Another time
Another time
Another time
Another time
Another time
Another time
Another time
Another time
Another time
Another time
Another time
Another time
Another time
Another time
Another time
Another time
Another time
Another time
Another time
Another time
Another time
Another time
Another time
Another time
Another time
Another time
Another time
Another time
Another time
Another time
Another time
Another time
Another time
Another time
Another time
Another time
Another time
Another time
Another time
Another time
Another time
Another time
Another time
Another time
Another time
Another time
Another time
Another time
Another time
Another time
Another time
Another time
Another time
Another time
Another time
Another time
Another time
Another time
Another time
Another time
Another time
Another time
Another time
Another time
Another time
Another time
Another time
Another time
Another time
Another time
Another time
Another time
Another time
Another time
Another time
Another time
Another time
Another time
Another time
Another time
Another time
Another time
Another time
Another time
Another time
Another time
Another time
Another time
Another time
Another time
Another time
Another time
Another time
Another time
Another time
Another time
Another time
Another time
Another time
Another time
Another time
Another time
Another time
Another time
Another time
Another time
Another time
Another time
Another time
Another time
Another time
Another time
Another time
Another time
Another time
Another time
Another time
Another time
Another time
Another time
Another time
Another time
Another time
Another time
Another time
Another time
Another time
Another time
Another time
Another time
Another time
Another time
Another time
Another time
Another time
Another time
Another time
Another time
Another time
Another time
Another time
Another time
Another time
Another time
Another time
Another time
Another time
Another time
Another time
Another time
Another time
Another time
Another time
Another time
Another time
Another time
Another time
Another time
Another time
Another time
Another time
Another time
Another time
Another time
Another time
Another time
Another time
Another time
Another time
Another time
Another time
Another time
Another time
Another time
Another time
Another time
Another time
Another time
Another time
Another time
Another time
Another time
Another time
Another time
Another time
Another time
Another time
Another time
Another time
Another time
Another time
Another time
Another time
Another time
Another time
Another time
Another time
Another time
Another time
Another time
Another time
Another time
Another time
Another time
Another time
Another time
Another time
Another time
Another time
Another time
Another time
Another time
Another time
Another time
Another time
Another time
Another time
Another time
Another time
Another time
Another time
Another time
Another time
Another time
Another time
Another time
Another time
Another time
Another time
Another time
Another time
Another time
Another time
Another time
Another time
Another time
Another time
Another time
Another time
Another time
Another time
Another time
Another time
Another time
Another time
Another time
Another time
Another time
Another time
Another time
Another time
Another time
Another time
Another time
Another time
Another time
Another time
Another time
Another time
Another time
Another time
Another time
Another time
Another time
Another time
Another time
Another time
Another time
Another time
Another time
Another time
Another time
Another time
Another time
Another time
Another time
Another time
Another time
Another time
Another time
Another time
Another time
Another time
Another time
Another time
Another time
Another time
Another time
Another time
Another time
Another time
Another time
Another time
Another time
Another time
Another time
Another time
Another time
Another time
Another time
Another time
Another time
Another time
Another time
Another time
Another time
Another time
Another time
Another time
Another time
Another time
Another time
Another time
Another time
Another time
Another time
Another time
Another time
Another time
Another time
Another time
Another time
Another time
Another time
Another time
Another time
Another time
Another time
Another time
Another time
Another time
Another time
Another time
Another time
Another time
Another time
Another time
Another time
Another time
Another time
Another time
Another time
Another time
Another time
Another time
Another time
Another time
Another time
Another time
Another time
Another time
Another time
Another time
Another time
Another time
Another time
Another time
Another time
Another time
Another time
Another time
Another time
Another time
Another time
Another time
Another time
Another time
Another time
Another time
Another time
Another time
Another time
Another time
Another time
Another time
Another time
Another time
Another time
Another time
Another time
Another time
Another time
Another time
Another time
Another time
Another time
Another time
Another time
Another time
Another time
Another time
Another time
Another time
Another time
Another time
Another time
Another time
Another time
Another time
Another time
Another time
Another time
Another time
Another time
Another time
Another time
Another time
Another time
Another time
Another time
Another time
Another time
Another time
Another time
Another time
Another time
Another time
Another time
Another time
Another time
Another time
Another time
Another time
Another time
Another time
Another time
Another time
Another time
Another time
Another time
Another time
Another time
Another time
Another time
Another time
Another time
Another time
Another time
Another time
Another time
Another time
Another time
Another time
Another time
Another time
Another time
Another time
Another time
Another time
Another time
Another time
Another time
Another time
Another time
Another time
Another time
Another time
Another time
Another time
Another time
Another time
Another time
Another time
Another time
Another time
Another time
Another time
Another time
Another time
Another time
Another time
Another time
Another time
Another time
Another time
Another time
Another time
Another time
Another time
Another time
Another time
Another time
Another time
Another time
Another time
Another time
Another time
Another time
Another time
Another time
Another time
Another time
Another time
Another time
Another time
Another time
Another time
Another time
Another time
Another time
Another time
Another time
Another time
Another time
Another time
Another time
Another time
Another time
Another time
Another time
Another time
Another time
Another time
Another time
Another time
Another time
Another time
Another time
Another time
Another time
Another time
Another time
Another time
Another time
Another time
Another time
Another time
Another time
Another time
Another time
Another time
Another time
Another time
Another time
Another time
Another time
Another time
Another time
Another time
Another time
Another time
Another time
Another time
Another time
Another time
Another time
Another time
Another time
Another time
Another time
Another time
Another time
Another time
Another time
Another time
Another time
Another time
Another time
Another time
Another time
Another time
Another time
Another time
Another time
Another time
Another time
Another time
Another time
Another time
Another time
Another time
Another time
Another time
Another time
Another time
Another time
Another time
Another time
Another time
Another time
Another time
Another time
Another time
Another time
Another time
Another time
Another time
Another time
Another time
Another time
Another time
Another time
Another time
Another time
Another time
Another time
Another time
Another time
Another time
Another time
Another time
Another time
Another time
Another time
Another time
Another time
Another time
Another time
Another time
Another time
Another time
Another time
Another time
Another time
Another time
Another time
Another time
Another time
Another time
Another time
Another time
Another time
Another time
Another time
Another time
Another time
Another time
Another time
Another time
Another time
Another time
Another time
Another time
Another time
Another time
Another time
Another time
Another time
Another time
Another time
Another time
Another time
Another time
Another time
Another time
Another time
Another time
Another time
Another time
Another time
Another time
Another time
Another time
Another time
Another time
Another time
Another time
Another time
Another time
Another time
Another time
Another time
Another time
Another time
Another time
Another time
Another time
Another time
Another time
Another time
Another time
Another time
Another time
Another time
Another time
Another time
Another time
Another time
Another time
Another time
Another time
Another time
Another time
Another time
Another time
Another time
Another time
Another time
Another time
Another time
Another time
Another time
Another time
Another time
Another time
Another time
Another time
Another time
Another time
Another time
Another time
Another time
Another time
Another time
Another time
Another time
Another time
Another time
Another time
Another time
Another time
Another time
Another time
Another time
Another time
Another time
Another time
Another time
Another time
Another time
Another time
Another time
Another time
Another time
Another time
Another time
Another time
Another time
Another time
Another time
Another time
Another time
Another time
Another time
Another time
Another time
Another time
Another time
Another time
Another time
Another time
Another time
Another time
Another time
Another time
Another time
Another time
Another time
Another time
Another time
Another time
Another time
Another time
Another time
Another time
Another time
Another time
Another time
Another time
Another time
Another time
Another time
Another time
Another time
Another time
Another time
Another time
Another time
Another time
Another time
Another time
Another time
Another time
Another time
Another time
Another time
Another time
Another time
Another time
Another time
Another time
Another time
Another time
Another time
Another time
Another time
Another time
Another time
Another time
Another time
Another time
Another time
Another time
Another time
Another time
Another time
Another time
Another time
Another time
Another time
Another time
Another time
Another time
Another time
Another time
Another time
Another time
Another time
Another time
Another time
Another time
Another time
Another time
Another time
Another time
Another time
Another time
Another time
Another time
Another time
Another time
Another time
Another time
Another time
Another time
Another time
Another time
Another time
Another time
Another time
Another time
Another time
Another time
Another time
Another time
Another time
Another time
Another time
Another time
Another time
Another time
Another time
Another time
Another time
Another time
Another time
Another time
Another time
Another time
Another time
Another time
Another time
Another time
Another time
Another time
Another time
Another time
Another time
Another time
Another time
Another time
Another time
Another time
Another time
Another time
Another time
Another time
Another time
Another time
Another time
Another time
Another time
Another time
Another time
Another time
Another time
Another time
Another time
Another time
Another time
Another time
Another time
Another time
Another time
Another time
Another time
Another time
Another time
Another time
Another time
Another time
Another time
Another time
Another time
Another time
Another time
Another time
Another time
Another time
Another time
Another time
Another time
Another time
Another time
Another time
Another time
Another time
Another time
Another time
Another time
Another time
Another time
Another time
Another time
Another time
Another time
Another time
Another time
Another time
Another time
Another time
Another time
Another time
Another time
Another time
Another time
Another time
Another time
Another time
Another time
Another time
Another time
Another time
Another time
Another time
Another time
Another time
Another time
Another time
Another time
Another time
Another time
Another time
Another time
Another time
Another time
Another time
Another time
Another time
Another time
Another time
Another time
Another time
Another time
Another time
Another time
Another time
Another time
Another time
Another time
Another time
Another time
Another time
Another time
Another time
Another time
Another time
Another time
Another time
Another time
Another time
Another time
Another time
Another time
Another time
Another time
Another time
Another time
Another time
Another time
Another time
Another time
Another time
Another time
Another time
Another time
Another time
Another time
Another time
Another time
Another time
Another time
Another time
Another time
Another time
Another time
Another time
Another time
Another time
Another time
Another time
Another time
Another time
Another time
Another time
Another time
Another time
Another time
Another time
Another time
Another time
Another time
Another time
Another time
Another time
Another time
Another time
Another time
Another time
Another time
Another time
Another time
Another time
Another time
Another time
Another time
Another time
Another time
Another time
Another time
Another time
Another time
Another time
Another time
Another time
Another time
Another time
Another time
Another time
Another time
Another time
Another time
Another time
Another time
Another time
Another time
Another time
Another time
Another time
Another time
Another time
Another time
Another time
Another time
Another time
Another time
Another time
Another time
Another time
Another time
Another time
Another time
Another time
Another time
Another time
Another time
Another time
Another time
Another time
Another time
Another time
Another time
Another time
Another time
Another time
Another time
Another time
Another time
Another time
Another time
Another time
Another time
Another time
Another time
Another time
Another time
Another time
Another time
Another time
Another time
Another time
Another time
Another time
Another time
Another time
Another time
Another time
Another time
Another time
Another time
Another time
Another time
Another time
Another time
Another time
Another time
Another time
Another time
Another time
Another time
Another time
Another time
Another time
Another time
Another time
Another time
Another time
Another time
Another time
Another time
Another time
Another time
Another time
Another time
Another time
Another time
Another time
Another time
Another time
Another time
Another time
Another time
Another time
Another time
Another time
Another time
Another time
Another time
Another time
Another time
Another time
Another time
Another time
Another time
Another time
Another time
Another time
Another time
Another time
Another time
Another time
Another time
Another time
Another time
Another time
Another time
Another time
Another time
Another time
Another time
Another time
Another time
Another time
Another time
Another time
Another time
Another time
Another time
Another time
Another time
Another time
Another time
Another time
Another time
Another time
Another time
Another time
Another time
Another time
Another time
Another time
Another time
Another time
Another time
Another time
Another time
Another time
Another time
Another time
Another time
Another time
Another time
Another time
Another time
Another time
Another time
Another time
Another time
Another time
Another time
Another time
Another time
Another time
Another time
Another time
Another time
Another time
Another time
Another time
Another time
Another time
Another time
Another time
Another time
Another time
Another time
Another time
Another time
Another time
Another time
Another time
Another time
Another time
Another time
Another time
Another time
Another time
Another time
Another time
Another time
Another time
Another time
Another time
Another time
Another time
Another time
Another time
Another time
Another time
Another time
Another time
Another time
Another time
Another time
Another time
Another time
Another time
Another time
Another time
Another time
Another time
Another time
Another time
Another time
Another time
Another time
Another time
Another time
Another time
Another time
Another time
Another time
Another time
Another time
Another time
Another time
Another time
Another time
Another time
Another time
Another time
Another time
Another time
Another time
Another time
Another time
Another time
Another time
Another time
Another time
Another time
Another time
Another time
Another time
Another time
Another time
Another time
Another time
Another time
Another time
Another time
Another time
Another time
Another time
Another time
Another time
Another time
Another time
Another time
Another time
Another time
Another time
Another time
Another time
Another time
Another time
Another time
Another time
Another time
Another time
Another time
Another time
Another time
Another time
Another time
Another time
Another time
Another time
Another time
Another time
Another time
Another time
Another time
Another time
Another time
Another time
Another time
Another time
Another time
Another time
Another time
Another time
Another time
Another time
Another time
Another time
Another time
Another time
Another time
Another time
Another time
Another time
Another time
Another time
Another time
Another time
Another time
Another time
Another time
Another time
Another time
Another time
Another time
Another time
Another time
Another time
Another time
Another time
Another time
Another time
Another time
Another time
Another time
Another time
Another time
Another time
Another time
Another time
Another time
Another time
Another time
Another time
Another time
Another time
Another time
Another time
Another time
Another time
Another time
Another time
Another time
Another time
Another time
Another time
Another time
Another time
Another time
Another time
Another time
Another time
Another time
Another time
Another time
Another time
Another time
Another time
Another time
Another time
Another time
Another time
Another time
Another time
Another time
Another time
Another time
Another time
Another time
Another time
Another time
Another time
Another time
Another time
Another time
Another time
Another time
Another time
Another time
Another time
Another time
Another time
Another time
Another time
Another time
Another time
Another time
Another time
Another time
Another time
Another time
Another time
Another time
Another time
Another time
Another time
Another time
Another time
Another time
Another time
Another time
Another time
Another time
Another time
Another time
Another time
Another time
Another time
Another time
Another time
Another time
Another time
Another time
Another time
Another time
Another time
Another time
Another time
Another time
Another time
Another time
Another time
Another time
Another time
Another time
Another time
Another time
Another time
Another time
Another time
Another time
Another time
Another time
Another time
Another time
Another time
Another time
Another time
Another time
Another time
Another time
Another time
Another time
Another time
Another time
Another time
Another time
Another time
Another time
Another time
Another time
Another time
Another time
Another time
Another time
Another time
Another time
Another time
Another time
Another time
Another time
Another time
Another time
Another time
Another time
Another time
Another time
Another time
Another time
Another time
Another time
Another time
Another time
Another time
Another time
Another time
Another time
Another time
Another time
Another time
Another time
Another time
Another time
Another time
Another time
Another time
Another time
Another time
Another time
Another time
Another time
Another time
Another time
Another time
Another time
Another time
Another time
Another time
Another time
Another time
Another time
Another time
Another time
Another time
Another time
Another time
Another time
Another time
Another time
Another time
Another time
Another time
Another time
Another time
Another time
Another time
Another time
Another time
Another time
Another time
Another time
Another time
Another time
Another time
Another time
Another time
Another time
Another time
Another time
Another time
Another time
Another time
Another time
Another time
Another time
Another time
Another time
Another time
Another time
Another time
Another time
Another time
Another time
Another time
Another time
Another time
Another time
Another time
Another time
Another time
Another time
Another time
Another time
Another time
Another time
Another time
Another time
Another time
Another time
Another time
Another time
Another time
Another time
Another time
Another time
Another time
Another time
Another time
Another time
Another time
Another time
Another time
Another time
Another time
Another time
Another time
Another time
Another time
Another time
Another time
Another time
Another time
Another time
Another time
Another time
Another time
Another time
Another time
Another time
Another time
Another time
Another time
Another time
Another time
Another time
Another time
Another time
Another time
Another time
Another time
Another time
Another time
Another time
Another time
Another time
Another time
Another time
Another time
Another time
Another time
Another time
Another time
Another time
Another time
Another time
Another time
Another time
Another time
Another time
Another time
Another time
Another time
Another time
Another time
Another time
Another time
Another time
Another time
Another time
Another time
Another time
Another time
Another time
Another time
Another time
Another time
Another time
Another time
Another time
Another time
Another time
Another time
Another time
Another time
Another time
Another time
Another time
Another time
Another time
Another time
Another time
Another time
Another time
Another time
Another time
Another time
Another time
Another time
Another time
Another time
Another time
Another time
Another time
Another time
Another time
Another time
Another time
Another time
Another time
Another time
Another time
Another time
Another time
Another time
Another time
Another time
Another time
Another time
Another time
Another time
Another time
Another time
Another time
Another time
Another time
Another time
Another time
Another time
Another time
Another time
Another time
Another time
Another time
Another time
Another time
Another time
Another time
Another time
Another time
Another time
Another time
Another time
Another time
Another time
Another time
Another time
Another time
Another time
Another time
Another time
Another time
Another time
Another time
Another time
Another time
Another time
Another time
Another time
Another time
Another time
Another time
Another time
Another time
Another time
Another time
Another time
Another time
Another time
Another time
Another time
Another time
Another time
Another time
Another time
Another time
Another time
Another time
Another time
Another time
Another time
Another time
Another time
Another time
Another time
Another time
Another time
Another time
Another time
Another time
Another time
Another time
Another time
Another time
Another time
Another time
Another time
Another time
Another time
Another time
Another time
Another time
Another time
Another time
Another time
Another time
Another time
Another time
Another time
Another time
Another time
Another time
Another time
Another time
Another time
Another time
Another time
Another time
Another time
Another time
Another time
Another time
Another time
Another time
Another time
Another time
Another time
Another time
Another time
Another time
Another time
Another time
Another time
Another time
Another time
Another time
Another time
Another time
Another time
Another time
Another time
Another time
Another time
Another time
Another time
Another time
Another time
Another time
Another time
Another time
Another time
Another time
Another time
Another time
Another time
Another time
Another time
Another time
Another time
Another time
Another time
Another time
Another time
Another time
Another time
Another time
Another time
Another time
Another time
Another time
Another time
Another time
Another time
Another time
Another time
Another time
Another time
Another time
Another time
Another time
Another time
Another time
Another time
Another time
Another time
Another time
Another time
Another time
Another time
Another time
Another time
Another time
Another time
Another time
Another time
Another time
Another time
Another time
Another time
Another time
Another time
Another time
Another time
Another time
Another time
Another time
Another time
Another time
Another time
Another time
Another time
Another time
Another time
Another time
Another time
Another time
Another time
Another time
Another time
Another time
Another time
Another time
Another time
Another time
Another time
Another time
Another time
Another time
Another time
Another time
Another time
Another time
Another time
Another time
Another time
Another time
Another time
Another time
Another time
Another time
Another time
Another time
Another time
Another time
Another time
Another time
Another time
Another time
Another time
Another time
Another time
Another time
Another time
Another time
Another time
Another time
Another time
Another time
Another time
Another time
Another time
Another time
Another time
Another time
Another time
Another time
Another time
Another time
Another time
Another time
Another time
Another time
Another time
Another time
Another time
Another time
Another time
Another time
Another time
Another time
Another time
Another time
Another time
Another time
Another time
Another time
Another time
Another time
Another time
Another time
Another time
Another time
Another time
Another time
Another time
Another time
Another time
Another time
Another time
Another time
Another time
Another time
Another time
Another time
Another time
Another time
Another time
Another time
Another time
Another time
Another time
Another time
Another time
Another time
Another time
Another time
Another time
Another time
Another time
Another time
Another time
Another time
Another time
Another time
Another time
Another time
Another time
Another time
Another time
Another time
Another time
Another time
Another time
Another time
Another time
Another time
Another time
Another time
Another time
Another time
Another time
Another time
Another time
Another time
Another time
Another time
Another time
Another time
Another time
Another time
Another time
Another time
Another time
Another time
Another time
Another time
Another time
Another time
Another time
Another time
Another time
Another time
Another time
Another time
Another time
Another time
Another time
Another time
Another time
Another time
Another time
Another time
Another time
Another time
Another time
Another time
Another time
Another time
Another time
Another time
Another time
Another time
Another time
Another time
Another time
Another time
Another time
Another time
Another time
Another time
Another time
Another time
Another time
Another time
Another time
Another time
Another time
Another time
Another time
Another time
Another time
Another time
Another time
Another time
Another time
Another time
Another time
Another time
Another time
Another time
Another time
Another time
Another time
Another time
Another time
Another time
Another time
Another time
Another time
Another time
Another time
Another time
Another time
Another time
Another time
Another time
Another time
Another time
Another time
Another time
Another time
Another time
Another time
Another time
Another time
Another time
Another time
Another time
Another time
Another time
Another time
Another time
Another time
Another time
Another time
Another time
Another time
Another time
Another time
Another time
Another time
Another time
Another time
Another time
Another time
Another time
Another time
Another time
Another time
Another time
Another time
Another time
Another time
Another time
Another time
Another time
Another time
Another time
Another time
Another time
Another time
Another time
Another time
Another time
Another time
Another time
Another time
Another time
Another time
Another time
Another time
Another time
Another time
Another time
Another time
Another time
Another time
Another time
Another time
Another time
Another time
Another time
Another time
Another time
Another time
Another time
Another time
Another time
Another time
Another time
Another time
Another time
Another time
Another time
Another time
Another time
Another time
Another time
Another time
Another time
Another time
Another time
Another time
Another time
Another time
Another time
Another time
Another time
Another time
Another time
Another time
Another time
Another time
Another time
Another time
Another time
Another time
Another time
Another time
Another time
Another time
Another time
Another time
Another time
Another time
Another time
Another time
Another time
Another time
Another time
Another time
Another time
Another time
Another time
Another time
Another time
Another time
Another time
Another time
Another time
Another time
Another time
Another time
Another time
Another time
Another time
Another time
Another time
Another time
Another time
Another time
Another time
Another time
Another time
Another time
Another time
Another time
Another time
Another time
Another time
Another time
Another time
Another time
Another time
Another time
Another time
Another time
Another time
Another time
Another time
Another time
Another time
Another time
Another time
Another time
Another time
Another time
Another time
Another time
Another time
Another time
Another time
Another time
Another time
Another time
Another time
Another time
Another time
Another time
Another time
Another time
Another time
Another time
Another time
Another time
Another time
Another time
Another time
Another time
Another time
Another time
Another time
Another time
Another time
Another time
Another time
Another time
Another time
Another time
Another time
Another time
Another time
Another time
Another time
Another time
Another time
Another time
Another time
Another time
Another time
Another time
Another time
Another time
Another time
Another time
Another time
Another time
Another time
Another time
Another time
Another time
Another time
Another time
Another time
Another time
Another time
Another time
Another time
Another time
Another time
Another time
Another time
Another time
Another time
Another time
Another time
Another time
Another time
Another time
Another time
Another time
Another time
Another time
Another time
Another time
Another time
Another time
Another time
Another time
Another time
Another time
Another time
Another time
Another time
Another time
Another time
Another time
Another time
Another time
Another time
Another time
Another time
Another time
Another time
Another time
Another time
Another time
Another time
Another time
Another time
Another time
Another time
Another time
Another time
Another time
Another time
Another time
Another time
Another time
Another time
Another time
Another time
Another time
Another time
Another time
Another time
Another time
Another time
Another time
Another time
Another time
Another time
Another time
Another time
Another time
Another time
Another time
Another time
Another time
Another time
Another time
Another time
Another time
Another time
Another time
Another time
Another time
Another time
Another time
Another time
Another time
Another time
Another time
Another time
Another time
Another time
Another time
Another time
Another time
Another time
Another time
Another time
Another time
Another time
Another time
Another time
Another time
Another time
Another time
Another time
Another time
Another time
Another time
Another time
Another time
Another time
Another time
Another time
Another time
Another time
Another time
Another time
Another time
Another time
Another time
Another time
Another time
Another time
Another time
Another time
Another time
Another time
Another time
Another time
Another time
Another time
Another time
Another time
Another time
Another time
Another time
Another time
Another time
Another time
Another time
Another time
Another time
Another time
Another time
Another time
Another time
Another time
Another time
Another time
Another time
Another time
Another time
Another time
Another time
Another time
Another time
Another time
Another time
Another time
Another time
Another time
Another time
Another time
Another time
Another time
Another time
Another time
Another time
Another time
Another time
Another time
Another time
Another time
Another time
Another time
Another time
Another time
Another time
Another time
Another time
Another time
Another time
Another time
Another time
Another time
Another time
Another time
Another time
Another time
Another time
Another time
Another time
Another time
Another time
Another time
Another time
Another time
Another time
Another time
Another time
Another time
Another time
Another time
Another time
Another time
Another time
Another time
Another time
Another time
Another time
Another time
Another time
Another time
Another time
Another time
Another time
Another time
Another time
Another time
Another time
Another time
Another time
Another time
Another time
Another time
Another time
Another time
Another time
Another time
Another time
Another time
Another time
Another time
Another time
Another time
Another time
Another time
Another time
Another time
Another time
Another time
Another time
Another time
Another time
Another time
Another time
Another time
Another time
Another time
Another time
Another time
Another time
Another time
Another time
Another time
Another time
Another time
Another time
Another time
Another time
Another time
Another time
Another time
Another time
Another time
Another time
Another time
Another time
Another time
Another time
Another time
Another time
Another time
Another time
Another time
Another time
Another time
Another time
Another time
Another time
Another time
Another time
Another time
Another time
Another time
Another time
Another time
Another time
Another time
Another time
Another time
Another time
Another time
Another time
Another time
Another time
Another time
Another time
Another time
Another time
Another time
Another time
Another time
Another time
Another time
Another time
Another time
Another time
Another time
Another time
Another time
Another time
Another time
Another time
Another time
Another time
Another time
Another time
Another time
Another time
Another time
Another time
Another time
Another time
Another time
Another time
Another time
Another time
Another time
Another time
Another time
Another time
Another time
Another time
Another time
Another time
Another time
Another time
Another time
Another time
Another time
Another time
Another time
Another time
Another time
Another time
Another time
Another time
Another time
Another time
Another time
Another time
Another time
Another time
Another time
Another time
Another time
Another time
Another time
Another time
Another time
Another time
Another time
Another time
Another time
Another time
Another time
Another time
Another time
Another time
Another time
Another time
Another time
Another time
Another time
Another time
Another time
Another time
Another time
Another time
Another time
Another time
Another time
Another time
Another time
Another time
Another time
Another time
Another time
Another time
Another time
Another time
Another time
Another time
Another time
Another time
Another time
Another time
Another time
Another time
Another time
Another time
Another time
Another time
Another time
Another time
Another time
Another time
Another time
Another time
Another time
Another time
Another time
Another time
Another time
Another time
Another time
Another time
Another time
Another time
Another time
Another time
Another time
Another time
Another time
Another time
Another time
Another time
Another time
Another time
Another time
Another time
Another time
Another time
Another time
Another time
Another time
Another time
Another time
Another time
Another time
Another time
Another time
Another time
Another time
Another time
Another time
Another time
Another time
Another time
Another time
Another time
Another time
Another time
Another time
Another time
Another time
Another time
Another time
Another time
Another time
Another time
Another time
Another time
Another time
Another time
Another time
Another time
Another time
Another time
Another time
Another time
Another time
Another time
Another time
Another time
Another time
Another time
Another time
Another time
Another time
Another time
Another time
Another time
Another time
Another time
Another time
Another time
Another time
Another time
Another time
Another time
Another time
Another time
Another time
Another time
Another time
Another time
Another time
Another time
Another time
Another time
Another time
Another time
Another time
Another time
Another time
Another time
Another time
Another time
Another time
Another time
Another time
Another time
Another time
Another time
Another time
Another time
Another time
Another time
Another time
Another time
Another time
Another time
Another time
Another time
Another time
Another time
Another time
Another time
Another time
Another time
Another time
Another time
Another time
Another time
Another time
Another time
Another time
Another time
Another time
Another time
Another time
Another time
Another time
Another time
Another time
Another time
Another time
Another time
Another time
Another time
Another time
Another time
Another time
Another time
Another time
Another time
Another time
Another time
Another time
Another time
Another time
Another time
Another time
Another time
Another time
Another time
Another time
Another time
Another time
Another time
Another time
Another time
Another time
Another time
Another time
Another time
Another time
Another time
Another time
Another time
Another time
Another time
Another time
Another time
Another time
Another time
Another time
Another time
Another time
Another time
Another time
Another time
Another time
Another time
Another time
Another time
Another time
Another time
Another time
Another time
Another time
Another time
Another time
Another time
Another time
Another time
Another time
Another time
Another time
Another time
Another time
Another time
Another time
Another time
Another time
Another time
Another time
Another time
Another time
Another time
Another time
Another time
Another time
Another time
Another time
Another time
Another time
Another time
Another time
Another time
Another time
Another time
Another time
Another time
Another time
Another time
Another time
Another time
Another time
Another time
Another time
Another time
Another time
Another time
Another time
Another time
Another time
Another time
Another time
Another time
Another time
Another time
Another time
Another time
Another time
Another time
Another time
Another time
Another time
Another time
Another time
Another time
Another time
Another time
Another time
Another time
Another time
Another time
Another time
Another time
Another time
Another time
Another time
Another time
Another time
Another time
Another time
Another time
Another time
Another time
Another time
Another time
Another time
Another time
Another time
Another time
Another time
Another time
Another time
Another time
Another time
Another time
Another time
Another time
Another time
Another time
Another time
Another time
Another time
Another time
Another time
Another time
Another time
Another time
Another time
Another time
Another time
Another time
Another time
Another time
Another time
Another time
Another time
Another time
Another time
Another time
Another time
Another time
Another time
Another time
Another time
Another time
Another time
Another time
Another time
Another time
Another time
Another time
Another time
Another time
Another time
Another time
Another time
Another time
Another time
Another time
Another time
Another time
Another time
Another time
Another time
Another time
Another time
Another time
Another time
Another time
Another time
Another time
Another time
Another time
Another time
Another time
Another time
Another time
Another time
Another time
Another time
Another time
Another time
Another time
Another time
Another time
Another time
Another time
Another time
Another time
Another time
Another time
Another time
Another time
Another time
Another time
Another time
Another time
Another time
Another time
Another time
Another time
Another time
Another time
Another time
Another time
Another time
Another time
Another time
Another time
Another time
Another time
Another time
Another time
Another time
Another time
Another time
Another time
Another time
Another time
Another time
Another time
Another time
Another time
Another time
Another time
Another time
Another time
Another time
Another time
Another time
Another time
Another time
Another time
Another time
Another time
Another time
Another time
Another time
Another time
Another time
Another time
Another time
Another time
Another time
Another time
Another time
Another time
Another time
Another time
Another time
Another time
Another time
Another time
Another time
Another time
Another time
Another time
Another time
Another time
Another time
Another time
Another time
Another time
Another time
Another time
Another time
Another time
Another time
Another time
Another time
Another time
Another time
Another time
Another time
Another time
Another time
Another time
Another time
Another time
Another time
Another time
Another time
Another time
Another time
Another time
Another time
Another time
Another time
Another time
Another time
Another time
Another time
Another time
Another time
Another time
Another time
Another time
Another time
Another time
Another time
Another time
Another time
Another time
Another time
Another time
Another time
Another time
Another time
Another time
Another time
Another time
Another time
Another time
Another time
Another time
Another time
Another time
Another time
Another time
Another time
Another time
Another time
Another time
Another time
Another time
Another time
Another time
Another time
Another time
Another time
Another time
Another time
Another time
Another time
Another time
Another time
Another time
Another time
Another time
Another time
Another time
Another time
Another time
Another time
Another time
Another time
Another time
Another time
Another time
Another time
Another time
Another time
Another time
Another time
Another time
Another time
Another time
Another time
Another time
Another time
Another time
Another time
Another time
Another time
Another time
Another time
Another time
Another time
Another time
Another time
Another time
Another time
Another time
Another time
Another time
Another time
Another time
Another time
Another time
Another time
Another time
Another time
Another time
Another time
Another time
Another time
Another time
Another time
Another time
Another time
Another time
Another time
Another time
Another time
Another time
Another time
Another time
Another time
Another time
Another time
Another time
Another time
Another time
Another time
Another time
Another time
Another time
Another time
Another time
Another time
Another time
Another time
Another time
Another time
Another time
Another time
Another time
Another time
Another time
Another time
Another time
Another time
Another time
Another time
Another time
Another time
Another time
Another time
Another time
Another time
Another time
Another time
Another time
Another time
Another time
Another time
Another time
Another time
Another time
Another time
Another time
Another time
Another time
Another time
Another time
Another time
Another time
Another time
Another time
Another time
Another time
Another time
Another time
Another time
Another time
Another time
Another time
Another time
Another time
Another time
Another time
Another time
Another time
Another time
Another time
Another time
Another time
Another time
Another time
Another time
Another time
Another time
Another time
Another time
Another time
Another time
Another time
Another time
Another time
Another time
Another time
Another time
Another time
Another time
Another time
Another time
Another time
Another time
Another time
Another time
Another time
Another time
Another time
Another time
Another time
Another time
Another time
Another time
Another time
Another time
Another time
Another time
Another time
Another time
Another time
Another time
Another time
Another time
Another time
Another time
Another time
Another time
Another time
Another time
Another time
Another time
Another time
Another time
Another time
Another time
Another time
Another time
Another time
Another time
Another time
Another time
Another time
Another time
Another time
Another time
Another time
Another time
Another time
Another time
Another time
Another time
Another time
Another time
Another time
Another time
Another time
Another time
Another time
Another time
Another time
Another time
Another time
Another time
Another time
Another time
Another time
Another time
Another time
Another time
Another time
Another time
Another time
Another time
Another time
Another time
Another time
Another time
Another time
Another time
Another time
Another time
Another time
Another time
Another time
Another time
Another time
Another time
Another time
Another time
Another time
Another time
Another time
Another time
Another time
Another time
Another time
Another time
Another time
Another time
Another time
Another time
Another time
Another time
Another time
Another time
Another time
Another time
Another time
Another time
Another time
Another time
Another time
Another time
Another time
Another time
Another time
Another time
Another time
Another time
Another time
Another time
Another time
Another time
Another time
Another time
Another time
Another time
Another time
Another time
Another time
Another time
Another time
Another time
Another time
Another time
Another time
Another time
Another time
Another time
Another time
Another time
Another time
Another time
Another time
Another time
Another time
Another time
Another time
Another time
Another time
Another time
Another time
Another time
Another time
Another time
Another time
Another time
Another time
Another time
Another time
Another time
Another time
Another time
Another time
Another time
Another time
Another time
Another time
Another time
Another time
Another time
Another time
Another time
Another time
Another time
Another time
Another time
Another time
Another time
Another time
Another time
Another time
Another time
Another time
Another time
Another time
Another time
Another time
Another time
Another time
Another time
Another time
Another time
Another time
Another time
Another time
Another time
Another time
Another time
Another time
Another time
Another time
Another time
Another time
Another time
Another time
Another time
Another time
Another time
Another time
Another time
Another time
Another time
Another time
Another time
Another time
Another time
Another time
Another time
Another time
Another time
Another time
Another time
Another time
Another time
Another time
Another time
Another time
Another time
Another time
Another time
Another time
Another time
Another time
Another time
Another time
Another time
Another time
Another time
Another time
Another time
Another time
Another time
Another time
Another time
Another time
Another time
Another time
Another time
Another time
Another time
Another time
Another time
Another time
Another time
Another time
Another time
Another time
Another time
Another time
Another time
Another time
Another time
Another time
Another time
Another time
Another time
Another time
Another time
Another time
Another time
Another time
Another time
Another time
Another time
Another time
Another time
Another time
Another time
Another time
Another time
Another time
Another time
Another time
Another time
Another time
Another time
Another time
Another time
Another time
Another time
Another time
Another time
Another time
Another time
Another time
Another time
Another time
Another time
Another time
Another time
Another time
Another time
Another time
Another time
Another time
Another time
Another time
Another time
Another time
Another time
Another time
Another time
Another time
Another time
Another time
Another time
Another time
Another time
Another time
Another time
Another time
Another time
Another time
Another time
Another time
Another time
Another time
Another time
Another time
Another time
Another time
Another time
Another time
Another time
Another time
Another time
Another time
Another time
Another time
Another time
Another time
Another time
Another time
Another time
Another time
Another time
Another time
Another time
Another time
Another time
Another time
Another time
Another time
Another time
Another time
Another time
Another time
Another time
Another time
Another time
Another time
Another time
Another time
Another time
Another time
Another time
Another time
Another time
Another time
Another time
Another time
Another time
Another time
Another time
Another time
Another time
Another time
Another time
Another time
Another time
Another time
Another time
Another time
Another time
Another time
Another time
Another time
Another time
Another time
Another time
Another time
Another time
Another time
Another time
Another time
Another time
Another time
Another time
Another time
Another time
Another time
Another time
Another time
Another time
Another time
Another time
Another time
Another time
Another time
Another time
Another time
Another time
Another time
Another time
Another time
Another time
Another time
Another time
Another time
Another time
Another time
Another time
Another time
Another time
Another time
Another time
Another time
Another time
Another time
Another time
Another time
Another time
Another time
Another time
Another time
Another time
Another time
Another time
Another time
Another time
Another time
Another time
Another time
Another time
Another time
Another time
Another time
Another time
Another time
Another time
Another time
Another time
Another time
Another time
Another time
Another time
Another time
Another time
Another time
Another time
Another time
Another time
Another time
Another time
Another time
Another time
Another time
Another time
Another time
Another time
Another time
Another time
Another time
Another time
Another time
Another time
Another time
Another time
Another time
Another time
Another time
Another time
Another time
Another time
Another time
Another time
Another time
Another time
Another time
Another time
Another time
Another time
Another time
Another time
Another time
Another time
Another time
Another time
Another time
Another time
Another time
Another time
Another time
Another time
Another time
Another time
Another time
Another time
Another time
Another time
Another time
Another time
Another time
Another time
Another time
Another time
Another time
Another time
Another time
Another time
Another time
Another time
Another time
Another time
Another time
Another time
Another time
Another time
Another time
Another time
Another time
Another time
Another time
Another time
Another time
Another time
Another time
Another time
Another time
Another time
Another time
Another time
Another time
Another time
Another time
Another time
Another time
Another time
Another time
Another time
Another time
Another time
Another time
Another time
Another time
Another time
Another time
Another time
Another time
Another time
Another time
Another time
Another time
Another time
Another time
Another time
Another time
Another time
Another time
Another time
Another time
Another time
Another time
Another time
Another time
Another time
Another time
Another time
Another time
Another time
Another time
Another time
Another time
Another time
Another time
Another time
Another time
Another time
Another time
Another time
Another time
Another time
Another time
Another time
Another time
Another time
Another time
Another time
Another time
Another time
Another time
Another time
Another time
Another time
Another time
Another time
Another time
Another time
Another time
Another time
Another time
Another time
Another time
Another time
Another time
Another time
Another time
Another time
Another time
Another time
Another time
Another time
Another time
Another time
Another time
Another time
Another time
Another time
Another time
Another time
Another time
Another time
Another time
Another time
Another time
Another time
Another time
Another time
Another time
Another time
Another time
Another time
Another time
Another time
Another time
Another time
Another time
Another time
Another time
Another time
Another time
Another time
Another time
Another time
Another time
Another time
Another time
Another time
Another time
Another time
Another time
Another time
Another time
Another time
Another time
Another time
Another time
Another time
Another time
Another time
Another time
Another time
Another time
Another time
Another time
Another time
Another time
Another time
Another time
Another time
Another time
Another time
Another time
Another time
Another time
Another time
Another time
Another time
Another time
Another time
Another time
Another time
Another time
Another time
Another time
Another time
Another time
Another time
Another time
Another time
Another time
Another time
Another time
Another time
Another time
Another time
Another time
Another time
Another time
Another time
Another time
Another time
Another time
Another time
Another time
Another time
Another time
Another time
Another time
Another time
Another time
Another time
Another time
Another time
Another time
Another time
Another time
Another time
Another time
Another time
Another time
Another time
Another time
Another time
Another time
Another time
Another time
Another time
Another time
Another time
Another time
Another time
Another time
Another time
Another time
Another time
Another time
Another time
Another time
Another time
Another time
Another time
Another time
Another time
Another time
Another time
Another time
Another time
Another time
Another time
Another time
Another time
Another time
Another time
Another time
Another time
Another time
Another time
Another time
Another time
Another time
Another time
Another time
Another time
Another time
Another time
Another time
Another time
Another time
Another time
Another time
Another time
Another time
Another time
Another time
Another time
Another time
Another time
Another time
Another time
Another time
Another time
Another time
Another time
Another time
Another time
Another time
Another time
Another time
Another time
Another time
Another time
Another time
Another time
Another time
Another time
Another time
Another time
Another time
Another time
Another time
Another time
Another time
Another time
Another time
Another time
Another time
Another time
Another time
Another time
Another time
Another time
Another time
Another time
Another time
Another time
Another time
Another time
Another time
Another time
Another time
Another time
Another time
Another time
Another time
Another time
Another time
Another time
Another time
Another time
Another time
Another time
Another time
Another time
Another time
Another time
Another time
Another time
Another time
Another time
Another time
Another time
Another time
Another time
Another time
Another time
Another time
Another time
Another time
Another time
Another time
Another time
Another time
Another time
Another time
Another time
Another time
Another time
Another time
Another time
Another time
Another time
Another time
Another time
Another time
Another time
Another time
Another time
Another time
Another time
Another time
Another time
Another time
Another time
Another time
Another time
Another time
Another time
Another time
Another time
Another time
Another time
Another time
Another time
Another time
Another time
Another time
Another time
Another time
Another time
Another time
Another time
Another time
Another time
Another time
Another time
Another time
Another time
Another time
Another time
Another time
Another time
Another time
Another time
Another time
Another time
Another time
Another time
Another time
Another time
Another time
Another time
Another time
Another time
Another time
Another time
Another time
Another time
Another time
Another time
Another time
Another time
Another time
Another time
Another time
Another time
Another time
Another time
Another time
Another time
Another time
Another time
Another time
Another time
Another time
Another time
Another time
Another time
Another time
Another time
Another time
Another time
Another time
Another time
Another time
Another time
Another time
Another time
Another time
Another time
Another time
Another time
Another time
Another time
Another time
Another time
Another time
Another time
Another time
Another time
Another time
Another time
Another time
Another time
Another time
Another time
Another time
Another time
Another time
Another time
Another time
Another time
Another time
Another time
Another time
Another time
Another time
Another time
Another time
Another time
Another time
Another time
Another time
Another time
Another time
Another time
Another time
Another time
Another time
Another time
Another time
Another time
Another time
Another time
Another time
Another time
Another time
Another time
Another time
Another time
Another time
Another time
Another time
Another time
Another time
Another time
Another time
Another time
Another time
Another time
Another time
Another time
Another time
Another time
Another time
Another time
Another time
Another time
Another time
Another time
Another time
Another time
Another time
Another time
Another time
Another time
Another time
Another time
Another time
Another time
Another time
Another time
Another time
Another time
Another time
Another time
Another time
Another time
Another time
Another time
Another time
Another time
Another time
Another time
Another time
Another time
Another time
Another time
Another time
Another time
Another time
Another time
Another time
Another time
Another time
Another time
Another time
Another time
Another time
Another time
Another time
Another time
Another time
Another time
Another time
Another time
Another time
Another time
Another time
Another time
Another time
Another time
Another time
Another time
Another time
Another time
Another time
Another time
Another time
Another time
Another time
Another time
Another time
Another time
Another time
Another time
Another time
Another time
Another time
Another time
Another time
Another time
Another time
Another time
Another time
Another time
Another time
Another time
Another time
Another time
Another time
Another time
Another time
Another time
Another time
Another time
Another time
Another time
Another time
Another time
Another time
Another time
Another time
Another time
Another time
Another time
Another time
Another time
Another time
Another time
Another time
Another time
Another time
Another time
Another time
Another time
Another time
Another time
Another time
Another time
Another time
Another time
Another time
Another time
Another time
Another time
Another time
Another time
Another time
Another time
Another time
Another time
Another time
Another time
Another time
Another time
Another time
Another time
Another time
Another time
Another time
Another time
Another time
Another time
Another time
Another time
Another time
Another time
Another time
Another time
Another time
Another time
Another time
Another time
Another time
Another time
Another time
Another time
Another time
Another time
Another time
Another time
Another time
Another time
Another time
Another time
Another time
Another time
Another time
Another time
Another time
Another time
Another time
Another time
Another time
Another time
Another time
Another time
Another time
Another time
Another time
Another time
Another time
Another time
Another time
Another time
Another time
Another time
Another time
Another time
Another time
Another time
Another time
Another time
Another time
Another time
Another time
Another time
Another time
Another time
Another time
Another time
Another time
Another time
Another time
Another time
Another time
Another time
Another time
Another time
Another time
Another time
Another time
Another time
Another time
Another time
Another time
Another time
Another time
Another time
Another time
Another time
Another time
Another time
Another time
Another time
Another time
Another time
Another time
Another time
Another time
Another time
Another time
Another time
Another time
Another time
Another time
Another time
Another time
Another time
Another time
Another time
Another time
Another time
Another time
Another time
Another time
Another time
Another time
Another time
Another time
Another time
Another time
Another time
Another time
Another time
Another time
Another time
Another time
Another time
Another time
Another time
Another time
Another time
Another time
Another time
Another time
Another time
Another time
Another time
Another time
Another time
Another time
Another time
Another time
Another time
Another time
Another time
Another time
Another time
Another time
Another time
Another time
Another time
Another time
Another time
Another time
Another time
Another time
Another time
Another time
Another time
Another time
Another time
Another time
Another time
Another time
Another time
Another time
Another time
Another time
Another time
Another time
Another time
Another time
Another time
Another time
Another time
Another time
Another time
Another time
Another time
Another time
Another time
Another time
Another time
Another time
Another time
Another time
Another time
Another time
Another time
Another time
Another time
Another time
Another time
Another time
Another time
Another time
Another time
Another time
Another time
Another time
Another time
Another time
Another time
Another time
Another time
Another time
Another time
Another time
Another time
Another time
Another time
Another time
Another time
Another time
Another time
Another time
Another time
Another time
Another time
Another time
Another time
Another time
Another time
Another time
Another time
Another time
Another time
Another time
Another time
Another time
Another time
Another time
Another time
Another time
Another time
Another time
Another time
Another time
Another time
Another time
Another time
Another time
Another time
Another time
Another time
Another time
Another time
Another time
Another time
Another time
Another time
Another time
Another time
Another time
Another time
Another time
Another time
Another time
Another time
Another time
Another time
Another time
Another time
Another time
Another time
Another time
Another time
Another time
Another time
Another time
Another time
Another time
Another time
Another time
Another time
Another time
Another time
Another time
Another time
Another time
Another time
Another time
Another time
Another time
Another time
Another time
Another time
Another time
Another time
Another time
Another time
Another time
Another time
Another time
Another time
Another time
Another time
Another time
Another time
Another time
Another time
Another time
Another time
Another time
Another time
Another time
Another time
Another time
Another time
Another time
Another time
Another time
Another time
Another time
Another time
Another time
Another time
Another time
Another time
Another time
Another time
Another time
Another time
Another time
Another time
Another time
Another time
Another time
Another time
Another time
Another time
Another time
Another time
Another time
Another time
Another time
Another time
Another time
Another time
Another time
Another time
Another time
Another time
Another time
Another time
Another time
Another time
Another time
Another time
Another time
Another time
Another time
Another time
Another time
Another time
Another time
Another time
Another time
Another time
Another time
Another time
Another time
Another time
Another time
Another time
Another time
Another time
Another time
Another time
Another time
Another time
Another time
Another time
Another time
Another time
Another time
Another time
Another time
Another time
Another time
Another time
Another time
Another time
Another time
Another time
Another time
Another time
Another time
Another time
Another time
Another time
Another time
Another time
Another time
Another time
Another time
Another time
Another time
Another time
Another time
Another time
Another time
Another time
Another time
Another time
Another time
Another time
Another time
Another time
Another time
Another time
Another time
Another time
Another time
Another time
Another time
Another time
Another time
Another time
Another time
Another time
Another time
Another time
Another time
Another time
Another time
Another time
Another time
Another time
Another time
Another time
Another time
Another time
Another time
Another time
Another time
Another time
Another time
Another time
Another time
Another time
Another time
Another time
Another time
Another time
Another time
Another time
Another time
Another time
Another time
Another time
Another time
Another time
Another time
Another time
Another time
Another time
Another time
Another time
Another time
Another time
Another time
Another time
Another time
Another time
Another time
Another time
Another time
Another time
Another time
Another time
Another time
Another time
Another time
Another time
Another time
Another time
Another time
Another time
Another time
Another time
Another time
Another time
Another time
Another time
Another time
Another time
Another time
Another time
Another time
Another time
Another time
Another time
Another time
Another time
Another time
Another time
Another time
Another time
Another time
Another time
Another time
Another time
Another time
Another time
Another time
Another time
Another time
Another time
Another time
Another time
Another time
Another time
Another time
Another time
Another time
Another time
Another time
Another time
Another time
Another time
Another time
Another time
Another time
Another time
Another time
Another time
Another time
Another time
Another time
Another time
Another time
Another time
Another time
Another time
Another time
Another time
Another time
Another time
Another time
Another time
Another time
Another time
Another time
Another time
Another time
Another time
Another time
Another time
Another time
Another time
Another time
Another time
Another time
Another time
Another time
Another time
Another time
Another time
Another time
Another time
Another time
Another time
Another time
Another time
Another time
Another time
Another time
Another time
Another time
Another time
Another time
Another time
Another time
Another time
Another time
Another time
Another time
Another time
Another time
Another time
Another time
Another time
Another time
Another time
Another time
Another time
Another time
Another time
Another time
Another time
Another time
Another time
Another time
Another time
Another time
Another time
Another time
Another time
Another time
Another time
Another time
Another time
Another time
Another time
Another time
Another time
Another time
Another time
Another time
Another time
Another time
Another time
Another time
Another time
Another time
Another time
Another time
Another time
Another time
Another time
Another time
Another time
Another time
Another time
Another time
Another time
Another time
Another time
Another time
Another time
Another time
Another time
Another time
Another time
Another time
Another time
Another time
Another time
Another time
Another time
Another time
Another time
Another time
Another time
Another time
Another time
Another time
Another time
Another time
Another time
Another time
Another time
Another time
Another time
Another time
Another time
Another time
Another time
Another time
Another time
Another time
Another time
Another time
Another time
Another time
Another time
Another time
Another time
Another time
Another time
Another time
Another time
Another time
Another time
Another time
Another time
Another time
Another time
Another time
Another time
Another time
Another time
Another time
Another time
Another time
Another time
Another time
Another time
Another time
Another time
Another time
Another time
Another time
Another time
Another time
Another time
Another time
Another time
Another time
Another time
Another time
Another time
Another time
Another time
Another time
Another time
Another time
Another time
Another time
Another time
Another time
Another time
Another time
Another time
Another time
Another time
Another time
Another time
Another time
Another time
Another time
Another time
Another time
Another time
Another time
Another time
Another time
Another time
Another time
Another time
Another time
Another time
Another time
Another time
Another time
Another time
Another time
Another time
Another time
Another time
Another time
Another time
Another time
Another time
Another time
Another time
Another time
Another time
Another time
Another time
Another time
Another time
Another time
Another time
Another time
Another time
Another time
Another time
Another time
Another time
Another time
Another time
Another time
Another time
Another time
Another time
Another time
Another time
Another time
Another time
Another time
Another time
Another time
Another time
Another time
Another time
Another time
Another time
Another time
Another time
Another time
Another time
Another time
Another time
Another time
Another time
Another time
Another time
Another time
Another time
Another time
Another time
Another time
Another time
Another time
Another time
Another time
Another time
Another time
Another time
Another time
Another time
Another time
Another time
Another time
Another time
Another time
Another time
Another time
Another time
Another time
Another time
Another time
Another time
Another time
Another time
Another time
Another time
Another time
Another time
Another time
Another time
Another time
Another time
Another time
Another time
Another time
Another time
Another time
Another time
Another time
Another time
Another time
Another time
Another time
Another time
Another time
Another time
Another time
Another time
Another time
Another time
Another time
Another time
Another time
Another time
Another time
Another time
Another time
Another time
Another time
Another time
Another time
Another time
Another time
Another time
Another time
Another time
Another time
Another time
Another time
Another time
Another time
Another time
Another time
Another time
Another time
Another time
Another time
Another time
Another time
Another time
Another time
Another time
Another time
Another time
Another time
Another time
Another time
Another time
Another time
Another time
Another time
Another time
Another time
Another time
Another time
Another time
Another time
Another time
Another time
Another time
Another time
Another time
Another time
Another time
Another time
Another time
Another time
Another time
Another time
Another time
Another time
Another time
Another time
Another time
Another time
Another time
Another time
Another time
Another time
Another time
Another time
Another time
Another time
Another time
Another time
Another time
Another time
Another time
Another time
Another time
Another time
Another time
Another time
Another time
Another time
Another time
Another time
Another time
Another time
Another time
Another time
Another time
Another time
Another time
Another time
Another time
Another time
Another time
Another time
Another time
Another time
Another time
Another time
Another time
Another time
Another time
Another time
Another time
Another time
Another time
Another time
Another time
Another time
Another time
Another time
Another time
Another time
Another time
Another time
Another time
Another time
Another time
Another time
Another time
Another time
Another time
Another time
Another time
Another time
Another time
Another time
Another time
Another time
Another time
Another time
Another time
Another time
Another time
Another time
Another time
Another time
Another time
Another time
Another time
Another time
Another time
Another time
Another time
Another time
Another time
Another time
Another time
Another time
Another time
Another time
Another time
Another time
Another time
Another time
Another time
Another time
Another time
Another time
Another time
Another time
Another time
Another time
Another time
Another time
Another time
Another time
Another time
Another time
Another time
Another time
Another time
Another time
Another time
Another time
Another time
Another time
Another time
Another time
Another time
Another time
Another time
Another time
Another time
Another time
Another time
Another time
Another time
Another time
Another time
Another time
Another time
Another time
Another time
Another time
Another time
Another time
Another time
Another time
Another time
Another time
Another time
Another time
Another time
Another time
Another time
Another time
Another time
Another time
Another time
Another time
Another time
Another time
Another time
Another time
Another time
Another time
Another time
Another time
Another time
Another time
Another time
Another time
Another time
Another time
Another time
Another time
Another time
Another time
Another time
Another time
Another time
Another time
Another time
Another time
Another time
Another time
Another time
Another time
Another time
Another time
Another time
Another time
Another time
Another time
Another time
Another time
Another time
Another time
Another time
Another time
Another time
Another time
Another time
Another time
Another time
Another time
Another time
Another time
Another time
Another time
Another time
Another time
Another time
Another time
Another time
Another time
Another time
Another time
Another time
Another time
Another time
Another time
Another time
Another time
Another time
Another time
Another time
Another time
Another time
Another time
Another time
Another time
Another time
Another time
Another time
Another time
Another time
Another time
Another time
Another time
Another time
Another time
Another time
Another time
Another time
Another time
Another time
Another time
Another time
Another time
Another time
Another time
Another time
Another time
Another time
Another time
Another time
Another time
Another time
Another time
Another time
Another time
Another time
Another time
Another time
Another time
Another time
Another time
Another time
Another time
Another time
Another time
Another time
Another time
Another time
Another time
Another time
Another time
Another time
Another time
Another time
Another time
Another time
Another time
Another time
Another time
Another time
Another time
Another time
Another time
Another time
Another time
Another time
Another time
Another time
Another time
Another time
Another time
Another time
Another time
Another time
Another time
Another time
Another time
Another time
Another time
Another time
Another time
Another time
Another time
Another time
Another time
Another time
Another time
Another time
Another time
Another time
Another time
Another time
Another time
Another time
Another time
Another time
Another time
Another time
Another time
Another time
Another time
Another time
Another time
Another time
Another time
Another time
Another time
Another time
Another time
Another time
Another time
Another time
Another time
Another time
Another time
Another time
Another time
Another time
Another time
Another time
Another time
Another time
Another time
Another time
Another time
Another time
Another time
Another time
Another time
Another time
Another time
Another time
Another time
Another time
Another time
Another time
Another time
Another time
Another time
Another time
Another time
Another time
Another time
Another time
Another time
Another time
Another time
Another time
Another time
Another time
Another time
Another time
Another time
Another time
Another time
Another time
Another time
Another time
Another time
Another time
Another time
Another time
Another time
Another time
Another time
Another time
Another time
Another time
Another time
Another time
Another time
Another time
Another time
Another time
Another time
Another time
Another time
Another time
Another time
Another time
Another time
Another time
Another time
Another time
Another time
Another time
Another time
Another time
Another time
Another time
Another time
Another time
Another time
Another time
Another time
Another time
Another time
Another time
Another time
Another time
Another time
Another time
Another time
Another time
Another time
Another time
Another time
Another time
Another time
Another time
Another time
Another time
Another time
Another time
Another time
Another time
Another time
Another time
Another time
Another time
Another time
Another time
Another time
Another time
Another time
Another time
Another time
Another time
Another time
Another time
Another time
Another time
Another time
Another time
Another time
Another time
Another time
Another time
Another time
Another time
Another time
Another time
Another time
Another time
Another time
Another time
Another time
Another time
Another time
Another time
Another time
Another time
Another time
Another time
Another time
Another time
Another time
Another time
Another time
Another time
Another time
Another time
Another time
Another time
Another time
Another time
Another time
Another time
Another time
Another time
Another time
Another time
Another time
Another time
Another time
Another time
Another time
Another time
Another time
Another time
Another time
Another time
Another time
Another time
Another time
Another time
Another time
Another time
Another time
Another time
Another time
Another time
Another time
Another time
Another time
Another time
Another time
Another time
Another time
Another time
Another time
Another time
Another time
Another time
Another time
Another time
Another time
Another time
Another time
Another time
Another time
Another time
Another time
Another time
Another time
Another time
Another time
Another time
Another time
Another time
Another time
Another time
Another time
Another time
Another time
Another time
Another time
Another time
Another time
Another time
Another time
Another time
Another time
Another time
Another time
Another time
Another time
Another time
Another time
Another time
Another time
Another time
Another time
Another time
Another time
Another time
Another time
Another time
Another time
Another time
Another time
Another time
Another time
Another time
Another time
Another time
Another time
Another time
Another time
Another time
Another time
Another time
Another time
Another time
Another time
Another time
Another time
Another time
Another time
Another time
Another time
Another time
Another time
Another time
Another time
Another time
Another time
Another time
Another time
Another time
Another time
Another time
Another time
Another time
Another time
Another time
Another time
Another time
Another time
Another time
Another time
Another time
Another time
Another time
Another time
Another time
Another time
Another time
Another time
Another time
Another time
Another time
Another time
Another time
Another time
Another time
Another time
Another time
Another time
Another time
Another time
Another time
Another time
Another time
Another time
Another time
Another time
Another time
Another time
Another time
Another time
Another time
Another time
Another time
Another time
Another time
Another time
Another time
Another time
Another time
Another time
Another time
Another time
Another time
Another time
Another time
Another time
Another time
Another time
Another time
Another time
Another time
Another time
Another time
Another time
Another time
Another time
Another time
Another time
Another time
Another time
Another time
Another time
Another time
Another time
Another time
Another time
Another time
Another time
Another time
Another time
Another time
Another time
Another time
Another time
Another time
Another time
Another time
Another time
Another time
Another time
Another time
Another time
Another time
Another time
Another time
Another time
Another time
Another time
Another time
Another time
Another time
Another time
Another time
Another time
Another time
Another time
Another time
Another time
Another time
Another time
Another time
Another time
Another time
Another time
Another time
Another time
Another time
Another time
Another time
Another time
Another time
Another time
Another time
Another time
Another time
Another time
Another time
Another time
Another time
Another time
Another time
Another time
Another time
Another time
Another time
Another time
Another time
Another time
Another time
Another time
Another time
Another time
Another time
Another time
Another time
Another time
Another time
Another time
Another time
Another time
Another time
Another time
Another time
Another time
Another time
Another time
Another time
Another time
Another time
Another time
Another time
Another time
Another time
Another time
Another time
Another time
Another time
Another time
Another time
Another time
Another time
Another time
Another time
Another time
Another time
Another time
Another time
Another time
Another time
Another time
Another time
Another time
Another time
Another time
Another time
Another time
Another time
Another time
Another time
Another time
Another time
Another time
Another time
Another time
Another time
Another time
Another time
Another time
Another time
Another time
Another time
Another time
Another time
Another time
Another time
Another time
Another time
Another time
Another time
Another time
Another time
Another time
Another time
Another time
Another time
Another time
Another time
Another time
Another time
Another time
Another time
Another time
Another time
Another time
Another time
Another time
Another time
Another time
Another time
Another time
Another time
Another time
Another time
Another time
Another time
Another time
Another time
Another time
Another time
Another time
Another time
Another time
Another time
Another time
Another time
Another time
Another time
Another time
Another time
Another time
Another time
Another time
Another time
Another time
Another time
Another time
Another time
Another time
Another time
Another time
Another time
Another time
Another time
Another time
Another time
Another time
Another time
Another time
Another time
Another time
Another time
Another time
Another time
Another time
Another time
Another time
Another time
Another time
Another time
Another time
Another time
Another time
Another time
Another time
Another time
Another time
Another time
Another time
Another time
Another time
Another time
Another time
Another time
Another time
Another time
Another time
Another time
Another time
Another time
Another time
Another time
Another time
Another time
Another time
Another time
Another time
Another time
Another time
Another time
Another time
Another time
Another time
Another time
Another time
Another time
Another time
Another time
Another time
Another time
Another time
Another time
Another time
Another time
Another time
Another time
Another time
Another time
Another time
Another time
Another time
Another time
Another time
Another time
Another time
Another time
Another time
Another time
Another time
Another time
Another time
Another time
Another time
Another time
Another time
Another time
Another time
Another time
Another time
Another time
Another time
Another time
Another time
Another time
Another time
Another time
Another time
Another time
Another time
Another time
Another time
Another time
Another time
Another time
Another time
Another time
Another time
Another time
Another time
Another time
Another time
Another time
Another time
Another time
Another time
Another time
Another time
Another time
Another time
Another time
Another time
Another time
Another time
Another time
Another time
Another time
Another time
Another time
Another time
Another time
Another time
Another time
Another time
Another time
Another time
Another time
Another time
Another time
Another time
Another time
Another time
Another time
Another time
Another time
Another time
Another time
Another time
Another time
Another time
Another time
Another time
Another time
Another time
Another time
Another time
Another time
Another time
Another time
Another time
Another time
Another time
Another time
Another time
Another time
Another time
Another time
Another time
Another time
Another time
Another time
Another time
Another time
Another time
Another time
Another time
Another time
Another time
Another time
Another time
Another time
Another time
Another time
Another time
Another time
Another time
Another time
Another time
Another time
Another time
Another time
Another time
Another time
Another time
Another time
Another time
Another time
Another time
Another time
Another time
Another time
Another time
Another time
Another time
Another time
Another time
Another time
Another time
Another time
Another time
Another time
Another time
Another time
Another time
Another time
Another time
Another time
Another time
Another time
Another time
Another time
Another time
Another time
Another time
Another time
Another time
Another time
Another time
Another time
Another time
Another time
Another time
Another time
Another time
Another time
Another time
Another time
Another time
Another time
Another time
Another time
Another time
Another time
Another time
Another time
Another time
Another time
Another time
Another time
Another time
Another time
Another time
Another time
Another time
Another time
Another time
Another time
Another time
Another time
Another time
Another time
Another time
Another time
Another time
Another time
Another time
Another time
Another time
Another time
Another time
Another time
Another time
Another time
Another time
Another time
Another time
Another time
Another time
Another time
Another time
Another time
Another time
Another time
Another time
Another time
Another time
Another time
Another time
Another time
Another time
Another time
Another time
Another time
Another time
Another time
Another time
Another time
Another time
Another time
Another time
Another time
Another time
Another time
Another time
Another time
Another time
Another time
Another time
Another time
Another time
Another time
Another time
Another time
Another time
Another time
Another time
Another time
Another time
Another time
Another time
Another time
Another time
Another time
Another time
Another time
Another time
Another time
Another time
Another time
Another time
Another time
Another time
Another time
Another time
Another time
Another time
Another time
Another time
Another time
Another time
Another time
Another time
Another time
Another time
Another time
Another time
Another time
Another time
Another time
Another time
Another time
Another time
Another time
Another time
Another time
Another time
Another time
Another time
Another time
Another time
Another time
Another time
Another time
Another time
Another time
Another time
Another time
Another time
Another time
Another time
Another time
Another time
Another time
Another time
Another time
Another time
Another time
Another time
Another time
Another time
Another time
Another time
Another time
Another time
Another time
Another time
Another time
Another time
Another time
Another time
Another time
Another time
Another time
Another time
Another time
Another time
Another time
Another time
Another time
Another time
Another time
Another time
Another time
Another time
Another time
Another time
Another time
Another time
Another time
Another time
Another time
Another time
Another time
Another time
Another time
Another time
Another time
Another time
Another time
Another time
Another time
Another time
Another time
Another time
Another time
Another time
Another time
Another time
Another time
Another time
Another time
Another time
Another time
Another time
Another time
Another time
Another time
Another time
Another time
Another time
Another time
Another time
Another time
Another time
Another time
Another time
Another time
Another time
Another time
Another time
Another time
Another time
Another time
Another time
Another time
Another time
Another time
Another time
Another time
Another time
Another time
Another time
Another time
Another time
Another time
Another time
Another time
Another time
Another time
Another time
Another time
Another time
Another time
Another time
Another time
Another time
Another time
Another time
Another time
Another time
Another time
Another time
Another time
Another time
Another time
Another time
Another time
Another time
Another time
Another time
Another time
Another time
Another time
Another time
Another time
Another time
Another time
Another time
Another time
Another time
Another time
Another time
Another time
Another time
Another time
Another time
Another time
Another time
Another time
Another time
Another time
Another time
Another time
Another time
Another time
Another time
Another time
Another time
Another time
Another time
Another time
Another time
Another time
Another time
Another time
Another time
Another time
Another time
Another time
Another time
Another time
Another time
Another time
Another time
Another time
Another time
Another time
Another time
Another time
Another time
Another time
Another time
Another time
Another time
Another time
Another time
Another time
Another time
Another time
Another time
Another time
Another time
Another time
Another time
Another time
Another time
Another time
Another time
Another time
Another time
Another time
Another time
Another time
Another time
Another time
Another time
Another time
Another time
Another time
Another time
Another time
Another time
Another time
Another time
Another time
Another time
Another time
Another time
Another time
Another time
Another time
Another time
Another time
Another time
Another time
Another time
Another time
Another time
Another time
Another time
Another time
Another time
Another time
Another time
Another time
Another time
Another time
Another time
Another time
Another time
Another time
Another time
Another time
Another time
Another time
Another time
Another time
Another time
Another time
Another time
Another time
Another time
Another time
Another time
Another time
Another time
Another time
Another time
Another time
Another time
Another time
Another time
Another time
Another time
Another time
Another time
Another time
Another time
Another time
Another time
Another time
Another time
Another time
Another time
Another time
Another time
Another time
Another time
Another time
Another time
Another time
Another time
Another time
Another time
Another time
Another time
Another time
Another time
Another time
Another time
Another time
Another time
Another time
Another time
Another time
Another time
Another time
Another time
Another time
Another time
Another time
Another time
Another time
Another time
Another time
Another time
Another time
Another time
Another time
Another time
Another time
Another time
Another time
Another time
Another time
Another time
Another time
Another time
Another time
Another time
Another time
Another time
Another time
Another time
Another time
Another time
Another time
Another time
Another time
Another time
Another time
Another time
Another time
Another time
Another time
Another time
Another time
Another time
Another time
Another time
Another time
Another time
Another time
Another time
Another time
Another time
Another time
Another time
Another time
Another time
Another time
Another time
Another time
Another time
Another time
Another time
Another time
Another time
Another time
Another time
Another time
Another time
Another time
Another time
Another time
Another time
Another time
Another time
Another time
Another time
Another time
Another time
Another time
Another time
Another time
Another time
Another time
Another time
Another time
Another time
Another time
Another time
Another time
Another time
Another time
Another time
Another time
Another time
Another time
Another time
Another time
Another time
Another time
Another time
Another time
Another time
Another time
Another time
Another time
Another time
Another time
Another time
Another time
Another time
Another time
Another time
Another time
Another time
Another time
Another time
Another time
Another time
Another time
Another time
Another time
Another time
Another time
Another time
Another time
Another time
Another time
Another time
Another time
Another time
Another time
Another time
Another time
Another time
Another time
Another time
Another time
Another time
Another time
Another time
Another time
Another time
Another time
Another time
Another time
Another time
Another time
Another time
Another time
Another time
Another time
Another time
Another time
Another time
Another time
Another time
Another time
Another time
Another time
Another time
Another time
Another time
Another time
Another time
Another time
Another time
Another time
Another time
Another time
Another time
Another time
Another time
Another time
Another time
Another time
Another time
Another time
Another time
Another time
Another time
Another time
Another time
Another time
Another time
Another time
Another time
Another time
Another time
Another time
Another time
Another time
Another time
Another time
Another time
Another time
Another time
Another time
Another time
Another time
Another time
Another time
Another time
Another time
Another time
Another time
Another time
Another time
Another time
Another time
Another time
Another time
Another time
Another time
Another time
Another time
Another time
Another time
Another time
Another time
Another time
Another time
Another time
Another time
Another time
Another time
Another time
Another time
Another time
Another time
Another time
Another time
Another time
Another time
Another time
Another time
Another time
Another time
Another time
Another time
Another time
Another time
Another time
Another time
Another time
Another time
Another time
Another time
Another time
Another time
Another time
Another time
Another time
Another time
Another time
Another time
Another time
Another time
Another time
Another time
Another time
Another time
Another time
Another time
Another time
Another time
Another time
Another time
Another time
Another time
Another time
Another time
Another time
Another time
Another time
Another time
Another time
Another time
Another time
Another time
Another time
Another time
Another time
Another time
Another time
Another time
Another time
Another time
Another time
Another time
Another time
Another time
Another time
Another time
Another time
Another time
Another time
Another time
Another time
Another time
Another time
Another time
Another time
Another time
Another time
Another time
Another time
Another time
Another time
Another time
Another time
Another time
Another time
Another time
Another time
Another time
Another time
Another time
Another time
Another time
Another time
Another time
Another time
Another time
Another time
Another time
Another time
Another time
Another time
Another time
Another time
Another time
Another time
Another time
Another time
Another time
Another time
Another time
Another time
Another time
Another time
Another time
Another time
Another time
Another time
Another time
Another time
Another time
Another time
Another time
Another time
Another time
Another time
Another time
Another time
Another time
Another time
Another time
Another time
Another time
Another time
Another time
Another time
Another time
Another time
Another time
Another time
Another time
Another time
Another time
Another time
Another time
Another time
Another time
Another time
Another time
Another time
Another time
Another time
Another time
Another time
Another time
Another time
Another time
Another time
Another time
Another time
Another time
Another time
Another time
Another time
Another time
Another time
Another time
Another time
Another time
Another time
Another time
Another time
Another time
Another time
Another time
Another time
Another time
Another time
Another time
Another time
Another time
Another time
Another time
Another time
Another time
Another time
Another time
Another time
Another time
Another time
Another time
Another time
Another time
Another time
Another time
Another time
Another time
Another time
Another time
Another time
Another time
Another time
Another time
Another time
Another time
Another time
Another time
Another time
Another time
Another time
Another time
Another time
Another time
Another time
Another time
Another time
Another time
Another time
Another time
Another time
Another time
Another time
Another time
Another time
Another time
Another time
Another time
Another time
Another time
Another time
Another time
Another time
Another time
Another time
Another time
Another time
Another time
Another time
Another time
Another time
Another time
Another time
Another time
Another time
Another time
Another time
Another time
Another time
Another time
Another time
Another time
Another time
Another time
Another time
Another time
Another time
Another time
Another time
Another time
Another time
Another time
Another time
Another time
Another time
Another time
Another time
Another time
Another time
Another time
Another time
Another time
Another time
Another time
Another time
Another time
Another time
Another time
Another time
Another time
Another time
Another time
Another time
Another time
Another time
Another time
Another time
Another time
Another time
Another time
Another time
Another time
Another time
Another time
Another time
Another time
Another time
Another time
Another time
Another time
Another time
Another time
Another time
Another time
Another time
Another time
Another time
Another time
Another time
Another time
Another time
Another time
Another time
Another time
Another time
Another time
Another time
Another time
Another time
Another time
Another time
Another time
Another time
Another time
Another time
Another time
Another time
Another time
Another time
Another time
Another time
Another time
Another time
Another time
Another time
Another time
Another time
Another time
Another time
Another time
Another time
Another time
Another time
Another time
Another time
Another time
Another time
Another time
Another time
Another time
Another time
Another time
Another time
Another time
Another time
Another time
Another time
Another time
Another time
Another time
Another time
Another time
Another time
Another time
Another time
Another time
Another time
Another time
Another time
Another time
Another time
Another time
Another time
Another time
Another time
Another time
Another time
Another time
Another time
Another time
Another time
Another time
Another time
Another time
Another time
Another time
Another time
Another time
Another time
Another time
Another time
Another time
Another time
Another time
Another time
Another time
Another time
Another time
Another time
Another time
Another time
Another time
Another time
Another time
Another time
Another time
Another time
Another time
Another time
Another time
Another time
Another time
Another time
Another time
Another time
Another time
Another time
Another time
Another time
Another time
Another time
Another time
Another time
Another time
Another time
Another time
Another time
Another time
Another time
Another time
Another time
Another time
Another time
Another time
Another time
Another time
Another time
Another time
Another time
Another time
Another time
Another time
Another time
Another time
Another time
Another time
Another time
Another time
Another time
Another time
Another time
Another time
Another time
Another time
Another time
Another time
Another time
Another time
Another time
Another time
Another time
Another time
Another time
Another time
Another time
Another time
Another time
Another time
Another time
Another time
Another time
Another time
Another time
Another time
Another time
Another time
Another time
Another time
Another time
Another time
Another time
Another time
Another time
Another time
Another time
Another time
Another time
Another time
Another time
Another time
Another time
Another time
Another time
Another time
Another time
Another time
Another time
Another time
Another time
Another time
Another time
Another time
Another time
Another time
Another time
Another time
Another time
Another time
Another time
Another time
Another time
Another time
Another time
Another time
Another time
Another time
Another time
Another time
Another time
Another time
Another time
Another time
Another time
Another time
Another time
Another time
Another time
Another time
Another time
Another time
Another time
Another time
Another time
Another time
Another time
Another time
Another time
Another time
Another time
Another time
Another time
Another time
Another time
Another time
Another time
Another time
Another time
Another time
Another time
Another time
Another time
Another time
Another time
Another time
Another time
Another time
Another time
Another time
Another time
Another time
Another time
Another time
Another time
Another time
Another time
Another time
Another time
Another time
Another time
Another time
Another time
Another time
Another time
Another time
Another time
Another time
Another time
Another time
Another time
Another time
Another time
Another time
Another time
Another time
Another time
Another time
Another time
Another time
Another time
Another time
Another time
Another time
Another time
Another time
Another time
Another time
Another time
Another time
Another time
Another time
Another time
Another time
Another time
Another time
Another time
Another time
Another time
Another time
Another time
Another time
Another time
Another time
Another time
Another time
Another time
Another time
Another time
Another time
Another time
Another time
Another time
Another time
Another time
Another time
Another time
Another time
Another time
Another time
Another time
Another time
Another time
Another time
Another time
Another time
Another time
Another time
Another time
Another time
Another time
Another time
Another time
Another time
Another time
Another time
Another time
Another time
Another time
Another time
Another time
Another time
Another time
Another time
Another time
Another time
Another time
Another time
Another time
Another time
Another time
Another time
Another time
Another time
Another time
Another time
Another time
Another time
Another time
Another time
Another time
Another time
Another time
Another time
Another time
Another time
Another time
Another time
Another time
Another time
Another time
Another time
Another time
Another time
Another time
Another time
Another time
Another time
Another time
Another time
Another time
Another time
Another time
Another time
Another time
Another time
Another time
Another time
Another time
Another time
Another time
Another time
Another time
Another time
Another time
Another time
Another time
Another time
Another time
Another time
Another time
Another time
Another time
Another time
Another time
Another time
Another time
Another time
Another time
Another time
Another time
Another time
Another time
Another time
Another time
Another time
Another time
Another time
Another time
Another time
Another time
Another time
Another time
Another time
Another time
Another time
Another time
Another time
Another time
Another time
Another time
Another time
Another time
Another time
Another time
Another time
Another time
Another time
Another time
Another time
Another time
Another time
Another time
Another time
Another time
Another time
Another time
Another time
Another time
Another time
Another time
Another time
Another time
Another time
Another time
Another time
Another time
Another time
Another time
Another time
Another time
Another time
Another time
Another time
Another time
Another time
Another time
Another time
Another time
Another time
Another time
Another time
Another time
Another time
Another time
Another time
Another time
Another time
Another time
Another time
Another time
Another time
Another time
Another time
Another time
Another time
Another time
Another time
Another time
Another time
Another time
Another time
Another time
Another time
Another time
Another time
Another time
Another time
Another time
Another time
Another time
Another time
Another time
Another time
Another time
Another time
Another time
Another time
Another time
Another time
Another time
Another time
Another time
Another time
Another time
Another time
Another time
Another time
Another time
Another time
Another time
Another time
Another time
Another time
Another time
Another time
Another time
Another time
Another time
Another time
Another time
Another time
Another time
Another time
Another time
Another time
Another time
Another time
Another time
Another time
Another time
Another time
Another time
Another time
Another time
Another time
Another time
Another time
Another time
Another time
Another time
Another time
Another time
Another time
Another time
Another time
Another time
Another time
Another time
Another time
Another time
Another time
Another time
Another time
Another time
Another time
Another time
Another time
Another time
Another time
Another time
Another time
Another time
Another time
Another time
Another time
Another time
Another time
Another time
Another time
Another time
Another time
Another time
Another time
Another time
Another time
Another time
Another time
Another time
Another time
Another time
Another time
Another time
Another time
Another time
Another time
Another time
Another time
Another time
Another time
Another time
Another time
Another time
Another time
Another time
Another time
Another time
Another time
Another time
Another time
Another time
Another time
Another time
Another time
Another time
Another time
Another time
Another time
Another time
Another time
Another time
Another time
Another time
Another time
Another time
Another time
Another time
Another time
Another time
Another time
Another time
Another time
Another time
Another time
Another time
Another time
Another time
Another time
Another time
Another time
Another time
Another time
Another time
Another time
Another time
Another time
Another time
Another time
Another time
Another time
Another time
Another time
Another time
Another time
Another time
Another time
Another time
Another time
Another time
Another time
Another time
Another time
Another time
Another time
Another time
Another time
Another time
Another time
Another time
Another time
Another time
Another time
Another time
Another time
Another time
Another time
Another time
Another time
Another time
Another time
Another time
Another time
Another time
Another time
Another time
Another time
Another time
Another time
Another time
Another time
Another time
Another time
Another time
Another time
Another time
Another time
Another time
Another time
Another time
Another time
Another time
Another time
Another time
Another time
Another time
Another time
Another time
Another time
Another time
Another time
Another time
Another time
Another time
Another time
Another time
Another time
Another time
Another time
Another time
Another time
Another time
Another time
Another time
Another time
Another time
Another time
Another time
Another time
Another time
Another time
Another time
Another time
Another time
Another time
Another time
Another time
Another time
Another time
Another time
Another time
Another time
Another time
Another time
Another time
Another time
Another time
Another time
Another time
Another time
Another time
Another time
Another time
Another time
Another time
Another time
Another time
Another time
Another time
Another time
Another time
Another time
Another time
Another time
Another time
Another time
Another time
Another time
Another time
Another time
Another time
Another time
Another time
Another time
Another time
Another time
Another time
Another time
Another time
Another time
Another time
Another time
Another time
Another time
Another time
Another time
Another time
Another time
Another time
Another time
Another time
Another time
Another time
Another time
Another time
Another time
Another time
Another time
Another time
Another time
Another time
Another time
Another time
Another time
Another time
Another time
Another time
Another time
Another time
Another time
Another time
Another time
Another time
Another time
Another time
Another time
Another time
Another time
Another time
Another time
Another time
Another time
Another time
Another time
Another time
Another time
Another time
Another time
Another time
Another time
Another time
Another time
Another time
Another time
Another time
Another time
Another time
Another time
Another time
Another time
Another time
Another time
Another time
Another time
Another time
Another time
Another time
Another time
Another time
Another time
Another time
Another time
Another time
Another time
Another time
Another time
Another time
Another time
Another time
Another time
Another time
Another time
Another time
Another time
Another time
Another time
Another time
Another time
Another time
Another time
Another time
Another time
Another time
Another time
Another time
Another time
Another time
Another time
Another time
Another time
Another time
Another time
Another time
Another time
Another time
Another time
Another time
Another time
Another time
Another time
Another time
Another time
Another time
Another time
Another time
Another time
Another time
Another time
Another time
Another time
Another time
Another time
Another time
Another time
Another time
Another time
Another time
Another time
Another time
Another time
Another time
Another time
Another time
Another time
Another time
Another time
Another time
Another time
Another time
Another time
Another time
Another time
Another time
Another time
Another time
Another time
Another time
Another time
Another time
Another time
Another time
Another time
Another time
Another time
Another time
Another time
Another time
Another time
Another time
Another time
Another time
Another time
Another time
Another time
Another time
Another time
Another time
Another time
Another time
Another time
Another time
Another time
Another time
Another time
Another time
Another time
Another time
Another time
Another time
Another time
Another time
Another time
Another time
Another time
Another time
Another time
Another time
Another time
Another time
Another time
Another time
Another time
Another time
Another time
Another time
Another time
Another time
Another time
Another time
Another time
Another time
Another time
Another time
Another time
Another time
Another time
Another time
Another time
Another time
Another time
Another time
Another time
Another time
Another time
Another time
Another time
Another time
Another time
Another time
Another time
Another time
Another time
Another time
Another time
Another time
Another time
Another time
Another time
Another time
Another time
Another time
Another time
Another time
Another time
Another time
Another time
Another time
Another time
Another time
Another time
Another time
Another time
Another time
Another time
Another time
Another time
Another time
Another time
Another time
Another time
Another time
Another time
Another time
Another time
Another time
Another time
Another time
Another time
Another time
Another time
Another time
Another time
Another time
Another time
Another time
Another time
Another time
Another time
Another time
Another time
Another time
Another time
Another time
Another time
Another time
Another time
Another time
Another time
Another time
Another time
Another time
Another time
Another time
Another time
Another time
Another time
Another time
Another time
Another time
Another time
Another time
Another time
Another time
Another time
Another time
Another time
Another time
Another time
Another time
Another time
Another time
Another time
Another time
Another time
Another time
Another time
Another time
Another time
Another time
Another time
Another time
Another time
Another time
Another time
Another time
Another time
Another time
Another time
Another time
Another time
Another time
Another time
Another time
Another time
Another time
Another time
Another time
Another time
Another time
Another time
Another time
Another time
Another time
Another time
Another time
Another time
Another time
Another time
Another time
Another time
Another time
Another time
Another time
Another time
Another time
Another time
Another time
Another time
Another time
Another time
Another time
Another time
Another time
Another time
Another time
Another time
Another time
Another time
Another time
Another time
Another time
Another time
Another time
Another time
Another time
Another time
Another time
Another time
Another time
Another time
Another time
Another time
Another time
Another time
Another time
Another time
Another time
Another time
Another time
Another time
Another time
Another time
Another time
Another time
Another time
Another time
Another time
Another time
Another time
Another time
Another time
Another time
Another time
Another time
Another time
Another time
Another time
Another time
Another time
Another time
Another time
Another time
Another time
Another time
Another time
Another time
Another time
Another time
Another time
Another time
Another time
Another time
Another time
Another time
Another time
Another time
Another time
Another time
Another time
Another time
Another time
Another time
Another time
Another time
Another time
Another time
Another time
Another time
Another time
Another time
Another time
Another time
Another time
Another time
Another time
Another time
Another time
Another time
Another time
Another time
Another time
Another time
Another time
Another time
Another time
Another time
Another time
Another time
Another time
Another time
Another time
Another time
Another time
Another time
Another time
Another time
Another time
Another time
Another time
Another time
Another time
Another time
Another time
Another time
Another time
Another time
Another time
Another time
Another time
Another time
Another time
Another time
Another time
Another time
Another time
Another time
Another time
Another time
Another time
Another time
Another time
Another time
Another time
Another time
Another time
Another time
Another time
Another time
Another time
Another time
Another time
Another time
Another time
Another time
Another time
Another time
Another time
Another time
Another time
Another time
Another time
Another time
Another time
Another time
Another time
Another time
Another time
Another time
Another time
Another time
Another time
Another time
Another time
Another time
Another time
Another time
Another time
Another time
Another time
Another time
Another time
Another time
Another time
Another time
Another time
Another time
Another time
Another time
Another time
Another time
Another time
Another time
Another time
Another time
Another time
Another time
Another time
Another time
Another time
Another time
Another time
Another time
Another time
Another time
Another time
Another time
Another time
Another time
Another time
Another time
Another time
Another time
Another time
Another time
Another time
Another time
Another time
Another time
Another time
Another time
Another time
Another time
Another time
Another time
Another time
Another time
Another time
Another time
Another time
Another time
Another time
Another time
Another time
Another time
Another time
Another time
Another time
Another time
Another time
Another time
Another time
Another time
Another time
Another time
Another time
Another time
Another time
Another time
Another time
Another time
Another time
Another time
Another time
Another time
Another time
Another time
Another time
Another time
Another time
Another time
Another time
Another time
Another time
Another time
Another time
Another time
Another time
Another time
Another time
Another time
Another time
Another time
Another time
Another time
Another time
Another time
Another time
Another time
Another time
Another time
Another time
Another time
Another time
Another time
Another time
Another time
Another time
Another time
Another time
Another time
Another time
Another time
Another time
Another time
Another time
Another time
Another time
Another time
Another time
Another time
Another time
Another time
Another time
Another time
Another time
Another time
Another time
Another time
Another time
Another time
Another time
Another time
Another time
Another time
Another time
Another time
Another time
Another time
Another time
Another time
Another time
Another time
Another time
Another time
Another time
Another time
Another time
Another time
Another time
Another time
Another time
Another time
Another time
Another time
Another time
Another time
Another time
Another time
Another time
Another time
Another time
Another time
Another time
Another time
Another time
Another time
Another time
Another time
Another time
Another time
Another time
Another time
Another time
Another time
Another time
Another time
Another time
Another time
Another time
Another time
Another time
Another time
Another time
Another time
Another time
Another time
Another time
Another time
Another time
Another time
Another time
Another time
Another time
Another time
Another time
Another time
Another time
Another time
Another time
Another time
Another time
Another time
Another time
Another time
Another time
Another time
Another time
Another time
Another time
Another time
Another time
Another time
Another time
Another time
Another time
Another time
Another time
Another time
Another time
Another time
Another time
Another time
Another time
Another time
Another time
Another time
Another time
Another time
Another time
Another time
Another time
Another time
Another time
Another time
Another time
Another time
Another time
Another time
Another time
Another time
Another time
Another time
Another time
Another time
Another time
Another time
Another time
Another time
Another time
Another time
Another time
Another time
Another time
Another time
Another time
Another time
Another time
Another time
Another time
Another time
Another time
Another time
Another time
Another time
Another time
Another time
Another time
Another time
Another time
Another time
Another time
Another time
Another time
Another time
Another time
Another time
Another time
Another time
Another time
Another time
Another time
Another time
Another time
Another time
Another time
Another time
Another time
Another time
Another time
Another time
Another time
Another time
Another time
Another time
Another time
Another time
Another time
Another time
Another time
Another time
Another time
Another time
Another time
Another time
Another time
Another time
Another time
Another time
Another time
Another time
Another time
Another time
Another time
Another time
Another time
Another time
Another time
Another time
Another time
Another time
Another time
Another time
Another time
Another time
Another time
Another time
Another time
Another time
Another time
Another time
Another time
Another time
Another time
Another time
Another time
Another time
Another time
Another time
Another time
Another time
Another time
Another time
Another time
Another time
Another time
Another time
Another time
Another time
Another time
Another time
Another time
Another time
Another time
Another time
Another time
Another time
Another time
Another time
Another time
Another time
Another time
Another time
Another time
Another time
Another time
Another time
Another time
Another time
Another time
Another time
Another time
Another time
Another time
Another time
Another time
Another time
Another time
Another time
Another time
Another time
Another time
Another time
Another time
Another time
Another time
Another time
Another time
Another time
Another time
Another time
Another time
Another time
Another time
Another time
Another time
Another time
Another time
Another time
Another time
Another time
Another time
Another time
Another time
Another time
Another time
Another time
Another time
Another time
Another time
Another time
Another time
Another time
Another time
Another time
Another time
Another time
Another time
Another time
Another time
Another time
Another time
Another time
Another time
Another time
Another time
Another time
Another time
Another time
Another time
Another time
Another time
Another time
Another time
Another time
Another time
Another time
Another time
Another time
Another time
Another time
Another time
Another time
Another time
Another time
Another time
Another time
Another time
Another time
Another time
Another time
Another time
Another time
Another time
Another time
Another time
Another time
Another time
Another time
Another time
Another time
Another time
Another time
Another time
Another time
Another time
Another time
Another time
Another time
Another time
Another time
Another time
Another time
Another time
Another time
Another time
Another time
Another time
Another time
Another time
Another time
Another time
Another time
Another time
Another time
Another time
Another time
Another time
Another time
Another time
Another time
Another time
Another time
Another time
Another time
Another time
Another time
Another time
Another time
Another time
Another time
Another time
Another time
Another time
Another time
Another time
Another time
Another time
Another time
Another time
Another time
Another time
Another time
Another time
Another time
Another time
Another time
Another time
Another time
Another time
Another time
Another time
Another time
Another time
Another time
Another time
Another time
Another time
Another time
Another time
Another time
Another time
Another time
Another time
Another time
Another time
Another time
Another time
Another time
Another time
Another time
Another time
Another time
Another time
Another time
Another time
Another time
Another time
Another time
Another time
Another time
Another time
Another time
Another time
Another time
Another time
Another time
Another time
Another time
Another time
Another time
Another time
Another time
Another time
Another time
Another time
Another time
Another time
Another time
Another time
Another time
Another time
Another time
Another time
Another time
Another time
Another time
Another time
Another time
Another time
Another time
Another time
Another time
Another time
Another time
Another time
Another time
Another time
Another time
Another time
Another time
Another time
Another time
Another time
Another time
Another time
Another time
Another time
Another time
Another time
Another time
Another time
Another time
Another time
Another time
Another time
Another time
Another time
Another time
Another time
Another time
Another time
Another time
Another time
Another time
Another time
Another time
Another time
Another time
Another time
Another time
Another time
Another time
Another time
Another time
Another time
Another time
Another time
Another time
Another time
Another time
Another time
Another time
Another time
Another time
Another time
Another time
Another time
Another time
Another time
Another time
Another time
Another time
Another time
Another time
Another time
Another time
Another time
Another time
Another time
Another time
Another time
Another time
Another time
Another time
Another time
Another time
Another time
Another time
Another time
Another time
Another time
Another time
Another time
Another time
Another time
Another time
Another time
Another time
Another time
Another time
Another time
Another time
Another time
Another time
Another time
Another time
Another time
Another time
Another time
Another time
Another time
Another time
Another time
Another time
Another time
Another time
Another time
Another time
Another time
Another time
Another time
Another time
Another time
Another time
Another time
Another time
Another time
Another time
Another time
Another time
Another time
Another time
Another time
Another time
Another time
Another time
Another time
Another time
Another time
Another time
Another time
Another time
Another time
Another time
Another time
Another time
Another time
Another time
Another time
Another time
Another time
Another time
Another time
Another time
Another time
Another time
Another time
Another time
Another time
Another time
Another time
Another time
Another time
Another time
Another time
Another time
Another time
Another time
Another time
Another time
Another time
Another time
Another time
Another time
Another time
Another time
Another time
Another time
Another time
Another time
Another time
Another time
Another time
Another time
Another time
Another time
Another time
Another time
Another time
Another time
Another time
Another time
Another time
Another time
Another time
Another time
Another time
Another time
Another time
Another time
Another time
Another time
Another time
Another time
Another time
Another time
Another time
Another time
Another time
Another time
Another time
Another time
Another time
Another time
Another time
Another time
Another time
Another time
Another time
Another time
Another time
Another time
Another time
Another time
Another time
Another time
Another time
Another time
Another time
Another time
Another time
Another time
Another time
Another time
Another time
Another time
Another time
Another time
Another time
Another time
Another time
Another time
Another time
Another time
Another time
Another time
Another time
Another time
Another time
Another time
Another time
Another time
Another time
Another time
Another time
Another time
Another time
Another time
Another time
Another time
Another time
Another time
Another time
Another time
Another time
Another time
Another time
Another time
Another time
Another time
Another time
Another time
Another time
Another time
Another time
Another time
Another time
Another time
Another time
Another time
Another time
Another time
Another time
Another time
Another time
Another time
Another time
Another time
Another time
Another time
Another time
Another time
Another time
Another time
Another time
Another time
Another time
Another time
Another time
Another time
Another time
Another time
Another time
Another time
Another time
Another time
Another time
Another time
Another time
Another time
Another time
Another time
Another time
Another time
Another time
Another time
Another time
Another time
Another time
Another time
Another time
Another time
Another time
Another time
Another time
Another time
Another time
Another time
Another time
Another time
Another time
Another time
Another time
Another time
Another time
Another time
Another time
Another time
Another time
Another time
Another time
Another time
Another time
Another time
Another time
Another time
Another time
Another time
Another time
Another time
Another time
Another time
Another time
Another time
Another time
Another time
Another time
Another time
Another time
Another time
Another time
Another time
Another time
Another time
Another time
Another time
Another time
Another time
Another time
Another time
Another time
Another time
Another time
Another time
Another time
Another time
Another time
Another time
Another time
Another time
Another time
Another time
Another time
Another time
Another time
Another time
Another time
Another time
Another time
Another time
Another time
Another time
Another time
Another time
Another time
Another time
Another time
Another time
Another time
Another time
Another time
Another time
Another time
Another time
Another time
Another time
Another time
Another time
Another time
Another time
Another time
Another time
Another time
Another time
Another time
Another time
Another time
Another time
Another time
Another time
Another time
Another time
Another time
Another time
Another time
Another time
Another time
Another time
Another time
Another time
Another time
Another time
Another time
Another time
Another time
Another time
Another time
Another time
Another time
Another time
Another time
Another time
Another time
Another time
Another time
Another time
Another time
Another time
Another time
Another time
Another time
Another time
Another time
Another time
Another time
Another time
Another time
Another time
Another time
Another time
Another time
Another time
Another time
Another time
Another time
Another time
Another time
Another time
Another time
Another time
Another time
Another time
Another time
Another time
Another time
Another time
Another time
Another time
Another time
Another time
Another time
Another time
Another time
Another time
Another time
Another time
Another time
Another time
Another time
Another time
Another time
Another time
Another time
Another time
Another time
Another time
Another time
Another time
Another time
Another time
Another time
Another time
Another time
Another time
Another time
Another time
Another time
Another time
Another time
Another time
Another time
Another time
Another time
Another time
Another time
Another time
Another time
Another time
Another time
Another time
Another time
Another time
Another time
Another time
Another time
Another time
Another time
Another time
Another time
Another time
Another time
Another time
Another time
Another time
Another time
Another time
Another time
Another time
Another time
Another time
Another time
Another time
Another time
Another time
Another time
Another time
Another time
Another time
Another time
Another time
Another time
Another time
Another time
Another time
Another time
Another time
Another time
Another time
Another time
Another time
Another time
Another time
Another time
Another time
Another time
Another time
Another time
Another time
Another time
Another time
Another time
Another time
Another time
Another time
Another time
Another time
Another time
Another time
Another time
Another time
Another time
Another time
Another time
Another time
Another time
Another time
Another time
Another time
Another time
Another time
Another time
Another time
Another time
Another time
Another time
Another time
Another time
Another time
Another time
Another time
Another time
Another time
Another time
Another time
Another time
Another time
Another time
Another time
Another time
Another time
Another time
Another time
Another time
Another time
Another time
Another time
Another time
Another time
Another time
Another time
Another time
Another time
Another time
Another time
Another time
Another time
Another time
Another time
Another time
Another time
Another time
Another time
Another time
Another time
Another time
Another time
Another time
Another time
Another time
Another time
Another time
Another time
Another time
Another time
Another time
Another time
Another time
Another time
Another time
Another time
Another time
Another time
Another time
Another time
Another time
Another time
Another time
Another time
Another time
Another time
Another time
Another time
Another time
Another time
Another time
Another time
Another time
Another time
Another time
Another time
Another time
Another time
Another time
Another time
Another time
Another time
Another time
Another time
Another time
Another time
Another time
Another time
Another time
Another time
Another time
Another time
Another time
Another time
Another time
Another time
Another time
Another time
Another time
Another time
Another time
Another time
Another time
Another time
Another time
Another time
Another time
Another time
Another time
Another time
Another time
Another time
Another time
Another time
Another time
Another time
Another time
Another time
Another time
Another time
Another time
Another time
Another time
Another time
Another time
Another time
Another time
Another time
Another time
Another time
Another time
Another time
Another time
Another time
Another time
Another time
Another time
Another time
Another time
Another time
Another time
Another time
Another time
Another time
Another time
Another time
Another time
Another time
Another time
Another time
Another time
Another time
Another time
Another time
Another time
Another time
Another time
Another time
Another time
Another time
Another time
Another time
Another time
Another time
Another time
Another time
Another time
Another time
Another time
Another time
Another time
Another time
Another time
Another time
Another time
Another time
Another time
Another time
Another time
Another time
Another time
Another time
Another time
Another time
Another time
Another time
Another time
Another time
Another time
Another time
Another time
Another time
Another time
Another time
Another time
Another time
Another time
Another time
Another time
Another time
Another time
Another time
Another time
Another time
Another time
Another time
Another time
Another time
Another time
Another time
Another time
Another time
Another time
Another time
Another time
Another time
Another time
Another time
Another time
Another time
Another time
Another time
Another time
Another time
Another time
Another time
Another time
Another time
Another time
Another time
Another time
Another time
Another time
Another time
Another time
Another time
Another time
Another time
Another time
Another time
Another time
Another time
Another time
Another time
Another time
Another time
Another time
Another time
Another time
Another time
Another time
Another time
Another time
Another time
Another time
Another time
Another time
Another time
Another time
Another time
Another time
Another time
Another time
Another time
Another time
Another time
Another time
Another time
Another time
Another time
Another time
Another time
Another time
Another time
Another time
Another time
Another time
Another time
Another time
Another time
Another time
Another time
Another time
Another time
Another time
Another time
Another time
Another time
Another time
Another time
Another time
Another time
Another time
Another time
Another time
Another time
Another time
Another time
Another time
Another time
Another time
Another time
Another time
Another time
Another time
Another time
Another time
Another time
Another time
Another time
Another time
Another time
Another time
Another time
Another time
Another time
Another time
Another time
Another time
Another time
Another time
Another time
Another time
Another time
Another time
Another time
Another time
Another time
Another time
Another time
Another time
Another time
Another time
Another time
Another time
Another time
Another time
Another time
Another time
Another time
Another time
Another time
Another time
Another time
Another time
Another time
Another time
Another time
Another time
Another time
Another time
Another time
Another time
Another time
Another time
Another time
Another time
Another time
Another time
Another time
Another time
Another time
Another time
Another time
Another time
Another time
Another time
Another time
Another time
Another time
Another time
Another time
Another time
Another time
Another time
Another time
Another time
Another time
Another time
Another time
Another time
Another time
Another time
Another time
Another time
Another time
Another time
Another time
Another time
Another time
Another time
Another time
Another time
Another time
Another time
Another time
Another time
Another time
Another time
Another time
Another time
Another time
Another time
Another time
Another time
Another time
Another time
Another time
Another time
Another time
Another time
Another time
Another time
Another time
Another time
Another time
Another time
Another time
Another time
Another time
Another time
Another time
Another time
Another time
Another time
Another time
Another time
Another time
Another time
Another time
Another time
Another time
Another time
Another time
Another time
Another time
Another time
Another time
Another time
Another time
Another time
Another time
Another time
Another time
Another time
Another time
Another time
Another time
Another time
Another time
Another time
Another time
Another time
Another time
Another time
Another time
Another time
Another time
Another time
Another time
Another time
Another time
Another time
Another time
Another time
Another time
Another time
Another time
Another time
Another time
Another time
Another time
Another time
Another time
Another time
Another time
Another time
Another time
Another time
Another time
Another time
Another time
Another time
Another time
Another time
Another time
Another time
Another time
Another time
Another time
Another time
Another time
Another time
Another time
Another time
Another time
Another time
Another time
Another time
Another time
Another time
Another time
Another time
Another time
Another time
Another time
Another time
Another time
Another time
Another time
Another time
Another time
Another time
Another time
Another time
Another time
Another time
Another time
Another time
Another time
Another time
Another time
Another time
Another time
Another time
Another time
Another time
Another time
Another time
Another time
Another time
Another time
Another time
Another time
Another time
Another time
Another time
Another time
Another time
Another time
Another time
Another time
Another time
Another time
Another time
Another time
Another time
Another time
Another time
Another time
Another time
Another time
Another time
Another time
Another time
Another time
Another time
Another time
Another time
Another time
Another time
Another time
Another time
Another time
Another time
Another time
Another time
Another time
Another time
Another time
Another time
Another time
Another time
Another time
Another time
Another time
Another time
Another time
Another time
Another time
Another time
Another time
Another time
Another time
Another time
Another time
Another time
Another time
Another time
Another time
Another time
Another time
Another time
Another time
Another time
Another time
Another time
Another time
Another time
Another time
Another time
Another time
Another time
Another time
Another time
Another time
Another time
Another time
Another time
Another time
Another time
Another time
Another time
Another time
Another time
Another time
Another time
Another time
Another time
Another time
Another time
Another time
Another time
Another time
Another time
Another time
Another time
Another time
Another time
Another time
Another time
Another time
Another time
Another time
Another time
Another time
Another time
Another time
Another time
Another time
Another time
Another time
Another time
Another time
Another time
Another time
Another time
Another time
Another time
Another time
Another time
Another time
Another time
Another time
Another time
Another time
Another time
Another time
Another time
Another time
Another time
Another time
Another time
Another time
Another time
Another time
Another time
Another time
Another time
Another time
Another time
Another time
Another time
Another time
Another time
Another time
Another time
Another time
Another time
Another time
Another time
Another time
Another time
Another time
Another time
Another time
Another time
Another time
Another time
Another time
Another time
Another time
Another time
Another time
Another time
Another time
Another time
Another time
Another time
Another time
Another time
Another time
Another time
Another time
Another time
Another time
Another time
Another time
Another time
Another time
Another time
Another time
Another time
Another time
Another time
Another time
Another time
Another time
Another time
Another time
Another time
Another time
Another time
Another time
Another time
Another time
Another time
Another time
Another time
Another time
Another time
Another time
Another time
Another time
Another time
Another time
Another time
Another time
Another time
Another time
Another time
Another time
Another time
Another time
Another time
Another time
Another time
Another time
Another time
Another time
Another time
Another time
Another time
Another time
Another time
Another time
Another time
Another time
Another time
Another time
Another time
Another time
Another time
Another time
Another time
Another time
Another time
Another time
Another time
Another time
Another time
Another time
Another time
Another time
Another time
Another time
Another time
Another time
Another time
Another time
Another time
Another time
Another time
Another time
Another time
Another time
Another time
Another time
Another time
Another time
Another time
Another time
Another time
Another time
Another time
Another time
Another time
Another time
Another time
Another time
Another time
Another time
Another time
Another time
Another time
Another time
Another time
Another time
Another time
Another time
Another time
Another time
Another time
Another time
Another time
Another time
Another time
Another time
Another time
Another time
Another time
Another time
Another time
Another time
Another time
Another time
Another time
Another time
Another time
Another time
Another time
Another time
Another time
Another time
Another time
Another time
Another time
Another time
Another time
Another time
Another time
Another time
Another time
Another time
Another time
Another time
Another time
Another time
Another time
Another time
Another time
Another time
Another time
Another time
Another time
Another time
Another time
Another time
Another time
Another time
Another time
Another time
Another time
Another time
Another time
Another time
Another time
Another time
Another time
Another time
Another time
Another time
Another time
Another time
Another time
Another time
Another time
Another time
Another time
Another time
Another time
Another time
Another time
Another time
Another time
Another time
Another time
Another time
Another time
Another time
Another time
Another time
Another time
Another time
Another time
Another time
Another time
Another time
Another time
Another time
Another time
Another time
Another time
Another time
Another time
Another time
Another time
Another time
Another time
Another time
Another time
Another time
Another time
Another time
Another time
Another time
Another time
Another time
Another time
Another time
Another time
Another time
Another time
Another time
Another time
Another time
Another time
Another time
Another time
Another time
Another time
Another time
Another time
Another time
Another time
Another time
Another time
Another time
Another time
Another time
Another time
Another time
Another time
Another time
Another time
Another time
Another time
Another time
Another time
Another time
Another time
Another time
Another time
Another time
Another time
Another time
Another time
Another time
Another time
Another time
Another time
Another time
Another time
Another time
Another time
Another time
Another time
Another time
Another time
Another time
Another time
Another time
Another time
Another time
Another time
Another time
Another time
Another time
Another time
Another time
Another time
Another time
Another time
Another time
Another time
Another time
Another time
Another time
Another time
Another time
Another time
Another time
Another time
Another time
Another time
Another time
Another time
Another time
Another time
Another time
Another time
Another time
Another time
Another time
Another time
Another time
Another time
Another time
Another time
Another time
Another time
Another time
Another time
Another time
Another time
Another time
Another time
Another time
Another time
Another time
Another time
Another time
Another time
Another time
Another time
Another time
Another time
Another time
Another time
Another time
Another time
Another time
Another time
Another time
Another time
Another time
Another time
Another time
Another time
Another time
Another time
Another time
Another time
Another time
Another time
Another time
Another time
Another time
Another time
Another time
Another time
Another time
Another time
Another time
Another time
Another time
Another time
Another time
Another time
Another time
Another time
Another time
Another time
Another time
Another time
Another time
Another time
Another time
Another time
Another time
Another time
Another time
Another time
Another time
Another time
Another time
Another time
Another time
Another time
Another time
Another time
Another time
Another time
Another time
Another time
Another time
Another time
Another time
Another time
Another time
Another time
Another time
Another time
Another time
Another time
Another time
Another time
Another time
Another time
Another time
Another time
Another time
Another time
Another time
Another time
Another time
Another time
Another time
Another time
Another time
Another time
Another time
Another time
Another time
Another time
Another time
Another time
Another time
Another time
Another time
Another time
Another time
Another time
Another time
Another time
Another time
Another time
Another time
Another time
Another time
Another time
Another time
Another time
Another time
Another time
Another time
Another time
Another time
Another time
Another time
Another time
Another time
Another time
Another time
Another time
Another time
Another time
Another time
Another time
Another time
Another time
Another time
Another time
Another time
Another time
Another time
Another time
Another time
Another time
Another time
Another time
Another time
Another time
Another time
Another time
Another time
Another time
Another time
Another time
Another time
Another time
Another time
Another time
Another time
Another time
Another time
Another time
Another time
Another time
Another time
Another time
Another time
Another time
Another time
Another time
Another time
Another time
Another time
Another time
Another time
Another time
Another time
Another time
Another time
Another time
Another time
Another time
Another time
Another time
Another time
Another time
Another time
Another time
Another time
Another time
Another time
Another time
Another time
Another time
Another time
Another time
Another time
Another time
Another time
Another time
Another time
Another time
Another time
Another time
Another time
Another time
Another time
Another time
Another time
Another time
Another time
Another time
Another time
Another time
Another time
Another time
Another time
Another time
Another time
Another time
Another time
Another time
Another time
Another time
Another time
Another time
Another time
Another time
Another time
Another time
Another time
Another time
Another time
Another time
Another time
Another time
Another time
Another time
Another time
Another time
Another time
Another time
Another time
Another time
Another time
Another time
Another time
Another time
Another time
Another time
Another time
Another time
Another time
Another time
Another time
Another time
Another time
Another time
Another time
Another time
Another time
Another time
Another time
Another time
Another time
Another time
Another time
Another time
Another time
Another time
Another time
Another time
Another time
Another time
Another time
Another time
Another time
Another time
Another time
Another time
Another time
Another time
Another time
Another time
Another time
Another time
Another time
Another time
Another time
Another time
Another time
Another time
Another time
Another time
Another time
Another time
Another time
Another time
Another time
Another time
Another time
Another time
Another time
Another time
Another time
Another time
Another time
Another time
Another time
Another time
Another time
Another time
Another time
Another time
Another time
Another time
Another time
Another time
Another time
Another time
Another time
Another time
Another time
Another time
Another time
Another time
Another time
Another time
Another time
Another time
Another time
Another time
Another time
Another time
Another time
Another time
Another time
Another time
Another time
Another time
Another time
Another time
Another time
Another time
Another time
Another time
Another time
Another time
Another time
Another time
Another time
Another time
Another time
Another time
Another time
Another time
Another time
Another time
Another time
Another time
Another time
Another time
Another time
Another time
Another time
Another time
Another time
Another time
Another time
Another time
Another time
Another time
Another time
Another time
Another time
Another time
Another time
Another time
Another time
Another time
Another time
Another time
Another time
Another time
Another time
Another time
Another time
Another time
Another time
Another time
Another time
Another time
Another time
Another time
Another time
Another time
Another time
Another time
Another time
Another time
Another time
Another time
Another time
Another time
Another time
Another time
Another time
Another time
Another time
Another time
Another time
Another time
Another time
Another time
Another time
Another time
Another time
Another time
Another time
Another time
Another time
Another time
Another time
Another time
Another time
Another time
Another time
Another time
Another time
Another time
Another time
Another time
Another time
Another time
Another time
Another time
Another time
Another time
Another time
Another time
Another time
Another time
Another time
Another time
Another time
Another time
Another time
Another time
Another time
Another time
Another time
Another time
Another time
Another time
Another time
Another time
Another time
Another time
Another time
Another time
Another time
Another time
Another time
Another time
Another time
Another time
Another time
Another time
Another time
Another time
Another time
Another time
Another time
Another time
Another time
Another time
Another time
Another time
Another time
Another time
Another time
Another time
Another time
Another time
Another time
Another time
Another time
Another time
Another time
Another time
Another time
Another time
Another time
Another time
Another time
Another time
Another time
Another time
Another time
Another time
Another time
Another time
Another time
Another time
Another time
Another time
Another time
Another time
Another time
Another time
Another time
Another time
Another time
Another time
Another time
Another time
Another time
Another time
Another time
Another time
Another time
Another time
Another time
Another time
Another time
Another time
Another time
Another time
Another time
Another time
Another time
Another time
Another time
Another time
Another time
Another time
Another time
Another time
Another time
Another time
Another time
Another time
Another time
Another time
Another time
Another time
Another time
Another time
Another time
Another time
Another time
Another time
Another time
Another time
Another time
Another time
Another time
Another time
Another time
Another time
Another time
Another time
Another time
Another time
Another time
Another time
Another time
Another time
Another time
Another time
Another time
Another time
Another time
Another time
Another time
Another time
Another time
Another time
Another time
Another time
Another time
Another time
Another time
Another time
Another time
Another time
Another time
Another time
Another time
Another time
Another time
Another time
Another time
Another time
Another time
Another time
Another time
Another time
Another time
Another time
Another time
Another time
Another time
Another time
Another time
Another time
Another time
Another time
Another time
Another time
Another time
Another time
Another time
Another time
Another time
Another time
Another time
Another time
Another time
Another time
Another time
Another time
Another time
Another time
Another time
Another time
Another time
Another time
Another time
Another time
Another time
Another time
Another time
Another time
Another time
Another time
Another time
Another time
Another time
Another time
Another time
Another time
Another time
Another time
Another time
Another time
Another time
Another time
Another time
Another time
Another time
Another time
Another time
Another time
Another time
Another time
Another time
Another time
Another time
Another time
Another time
Another time
Another time
Another time
Another time
Another time
Another time
Another time
Another time
Another time
Another time
Another time
Another time
Another time
Another time
Another time
Another time
Another time
Another time
Another time
Another time
Another time
Another time
Another time
Another time
Another time
Another time
Another time
Another time
Another time
Another time
Another time
Another time
Another time
Another time
Another time
Another time
Another time
Another time
Another time
Another time
Another time
Another time
Another time
Another time
Another time
Another time
Another time
Another time
Another time
Another time
Another time
Another time
Another time
Another time
Another time
Another time
Another time
Another time
Another time
Another time
Another time
Another time
Another time
Another time
Another time
Another time
Another time
Another time
Another time
Another time
Another time
Another time
Another time
Another time
Another time
Another time
Another time
Another time
Another time
Another time
Another time
Another time
Another time
Another time
Another time
Another time
Another time
Another time
Another time
Another time
Another time
Another time
Another time
Another time
Another time
Another time
Another time
Another time
Another time
Another time
Another time
Another time
Another time
Another time
Another time
Another time
Another time
Another time
Another time
Another time
Another time
Another time
Another time
Another time
Another time
Another time
Another time
Another time
Another time
Another time
Another time
Another time
Another time
Another time
Another time
Another time
Another time
Another time
Another time
Another time
Another time
Another time
Another time
Another time
Another time
Another time
Another time
Another time
Another time
Another time
Another time
Another time
Another time
Another time
Another time
Another time
Another time
Another time
Another time
Another time
Another time
Another time
Another time
Another time
Another time
Another time
Another time
Another time
Another time
Another time
Another time
Another time
Another time
Another time
Another time
Another time
Another time
Another time
Another time
Another time
Another time
Another time
Another time
Another time
Another time
Another time
Another time
Another time
Another time
Another time
Another time
Another time
Another time
Another time
Another time
Another time
Another time
Another time
Another time
Another time
Another time
Another time
Another time
Another time
Another time
Another time
Another time
Another time
Another time
Another time
Another time
Another time
Another time
Another time
Another time
Another time
Another time
Another time
Another time
Another time
Another time
Another time
Another time
Another time
Another time
Another time
Another time
Another time
Another time
Another time
Another time
Another time
Another time
Another time
Another time
Another time
Another time
Another time
Another time
Another time
Another time
Another time
Another time
Another time
Another time
Another time
Another time
Another time
Another time
Another time
Another time
Another time
Another time
Another time
Another time
Another time
Another time
Another time
Another time
Another time
Another time
Another time
Another time
Another time
Another time
Another time
Another time
Another time
Another time
Another time
Another time
Another time
Another time
Another time
Another time
Another time
Another time
Another time
Another time
Another time
Another time
Another time
Another time
Another time
Another time
Another time
Another time
Another time
Another time
Another time
Another time
Another time
Another time
Another time
Another time
Another time
Another time
Another time
Another time
Another time
Another time
Another time
Another time
Another time
Another time
Another time
Another time
Another time
Another time
Another time
Another time
Another time
Another time
Another time
Another time
Another time
Another time
Another time
Another time
Another time
Another time
Another time
Another time
Another time
Another time
Another time
Another time
Another time
Another time
Another time
Another time
Another time
Another time
Another time
Another time
Another time
Another time
Another time
Another time
Another time
Another time
Another time
Another time
Another time
Another time
Another time
Another time
Another time
Another time
Another time
Another time
Another time
Another time
Another time
Another time
Another time
Another time
Another time
Another time
Another time
Another time
Another time
Another time
Another time
Another time
Another time
Another time
Another time
Another time
Another time
Another time
Another time
Another time
Another time
Another time
Another time
Another time
Another time
Another time
Another time
Another time
Another time
Another time
Another time
Another time
Another time
Another time
Another time
Another time
Another time
Another time
Another time
Another time
Another time
Another time
Another time
Another time
Another time
Another time
Another time
Another time
Another time
Another time
Another time
Another time
Another time
Another time
Another time
Another time
Another time
Another time
Another time
Another time
Another time
Another time
Another time
Another time
Another time
Another time
Another time
Another time
Another time
Another time
Another time
Another time
Another time
Another time
Another time
Another time
Another time
Another time
Another time
Another time
Another time
Another time
Another time
Another time
Another time
Another time
Another time
Another time
Another time
Another time
Another time
Another time
Another time
Another time
Another time
Another time
Another time
Another time
Another time
Another time
Another time
Another time
Another time
Another time
Another time
Another time
Another time
Another time
Another time
Another time
Another time
Another time
Another time
Another time
Another time
Another time
Another time
Another time
Another time
Another time
Another time
Another time
Another time
Another time
Another time
Another time
Another time
Another time
Another time
Another time
Another time
Another time
Another time
Another time
Another time
Another time
Another time
Another time
Another time
Another time
Another time
Another time
Another time
Another time
Another time
Another time
Another time
Another time
Another time
Another time
Another time
Another time
Another time
Another time
Another time
Another time
Another time
Another time
Another time
Another time
Another time
Another time
Another time
Another time
Another time
Another time
Another time
Another time
Another time
Another time
Another time
Another time
Another time
Another time
Another time
Another time
Another time
Another time
Another time
Another time
Another time
Another time
Another time
Another time
Another time
Another time
Another time
Another time
Another time
Another time
Another time
Another time
Another time
Another time
Another time
Another time
Another time
Another time
Another time
Another time
Another time
Another time
Another time
Another time
Another time
Another time
Another time
Another time
Another time
Another time
Another time
Another time
Another time
Another time
Another time
Another time
Another time
Another time
Another time
Another time
Another time
Another time
Another time
Another time
Another time
Another time
Another time
Another time
Another time
Another time
Another time
Another time
Another time
Another time
Another time
Another time
Another time
Another time
Another time
Another time
Another time
Another time
Another time
Another time
Another time
Another time
Another time
Another time
Another time
Another time
Another time
Another time
Another time
Another time
Another time
Another time
Another time
Another time
Another time
Another time
Another time
Another time
Another time
Another time
Another time
Another time
Another time
Another time
Another time
Another time
Another time
Another time
Another time
Another time
Another time
Another time
Another time
Another time
Another time
Another time
Another time
Another time
Another time
Another time
Another time
Another time
Another time
Another time
Another time
Another time
Another time
Another time
Another time
Another time
Another time
Another time
Another time
Another time
Another time
Another time
Another time
Another time
Another time
Another time
Another time
Another time
Another time
Another time
Another time
Another time
Another time
Another time
Another time
Another time
Another time
Another time
Another time
Another time
Another time
Another time
Another time
Another time
Another time
Another time
Another time
Another time
Another time
Another time
Another time
Another time
Another time
Another time
Another time
Another time
Another time
Another time
Another time
Another time
Another time
Another time
Another time
Another time
Another time
Another time
Another time
Another time
Another time
Another time
Another time
Another time
Another time
Another time
Another time
Another time
Another time
Another time
Another time
Another time
Another time
Another time
Another time
Another time
Another time
Another time
Another time
Another time
Another time
Another time
Another time
Another time
Another time
Another time
Another time
Another time
Another time
Another time
Another time
Another time
Another time
Another time
Another time
Another time
Another time
Another time
Another time
Another time
Another time
Another time
Another time
Another time
Another time
Another time
Another time
Another time
Another time
Another time
Another time
Another time
Another time
Another time
Another time
Another time
Another time
Another time
Another time
Another time
Another time
Another time
Another time
Another time
Another time
Another time
Another time
Another time
Another time
Another time
Another time
Another time
Another time
Another time
Another time
Another time
Another time
Another time
Another time
Another time
Another time
Another time
Another time
Another time
Another time
Another time
Another time
Another time
Another time
Another time
Another time
Another time
Another time
Another time
Another time
Another time
Another time
Another time
Another time
Another time
Another time
Another time
Another time
Another time
Another time
Another time
Another time
Another time
Another time
Another time
Another time
Another time
Another time
Another time
Another time
Another time
Another time
Another time
Another time
Another time
Another time
Another time
Another time
Another time
Another time
Another time
Another time
Another time
Another time
Another time
Another time
Another time
Another time
Another time
Another time
Another time
Another time
Another time
Another time
Another time
Another time
Another time
Another time
Another time
Another time
Another time
Another time
Another time
Another time
Another time
Another time
Another time
Another time
Another time
Another time
Another time
Another time
Another time
Another time
Another time
Another time
Another time
Another time
Another time
Another time
Another time
Another time
Another time
Another time
Another time
Another time
Another time
Another time
Another time
Another time
Another time
Another time
Another time
Another time
Another time
Another time
Another time
Another time
Another time
Another time
Another time
Another time
Another time
Another time
Another time
Another time
Another time
Another time
Another time
Another time
Another time
Another time
Another time
Another time
Another time
Another time
Another time
Another time
Another time
Another time
Another time
Another time
Another time
Another time
Another time
Another time
Another time
Another time
Another time
Another time
Another time
Another time
Another time
Another time
Another time
Another time
Another time
Another time
Another time
Another time
Another time
Another time
Another time
Another time
Another time
Another time
Another time
Another time
Another time
Another time
Another time
Another time
Another time
Another time
Another time
Another time
Another time
Another time
Another time
Another time
Another time
Another time
Another time
Another time
Another time
Another time
Another time
Another time
Another time
Another time
Another time
Another time
Another time
Another time
Another time
Another time
Another time
Another time
Another time
Another time
Another time
Another time
Another time
Another time
Another time
Another time
Another time
Another time
Another time
Another time
Another time
Another time
Another time
Another time
Another time
Another time
Another time
Another time
Another time
Another time
Another time
Another time
Another time
Another time
Another time
Another time
Another time
Another time
Another time
Another time
Another time
Another time
Another time
Another time
Another time
Another time
Another time
Another time
Another time
Another time
Another time
Another time
Another time
Another time
Another time
Another time
Another time
Another time
Another time
Another time
Another time
Another time
Another time
Another time
Another time
Another time
Another time
Another time
Another time
Another time
Another time
Another time
Another time
Another time
Another time
Another time
Another time
Another time
Another time
Another time
Another time
Another time
Another time
Another time
Another time
Another time
Another time
Another time
Another time
Another time
Another time
Another time
Another time
Another time
Another time
Another time
Another time
Another time
Another time
Another time
Another time
Another time
Another time
Another time
Another time
Another time
Another time
Another time
Another time
Another time
Another time
Another time
Another time
Another time
Another time
Another time
Another time
Another time
Another time
Another time
Another time
Another time
Another time
Another time
Another time
Another time
Another time
Another time
Another time
Another time
Another time
Another time
Another time
Another time
Another time
Another time
Another time
Another time
Another time
Another time
Another time
Another time
Another time
Another time
Another time
Another time
Another time
Another time
Another time
Another time
Another time
Another time
Another time
Another time
Another time
Another time
Another time
Another time
Another time
Another time
Another time
Another time
Another time
Another time
Another time
Another time
Another time
Another time
Another time
Another time
Another time
Another time
Another time
Another time
Another time
Another time
Another time
Another time
Another time
Another time
Another time
Another time
Another time
Another time
Another time
Another time
Another time
Another time
Another time
Another time
Another time
Another time
Another time
Another time
Another time
Another time
Another time
Another time
Another time
Another time
Another time
Another time
Another time
Another time
Another time
Another time
Another time
Another time
Another time
Another time
Another time
Another time
Another time
Another time
Another time
Another time
Another time
Another time
Another time
Another time
Another time
Another time
Another time
Another time
Another time
Another time
Another time
Another time
Another time
Another time
Another time
Another time
Another time
Another time
Another time
Another time
Another time
Another time
Another time
Another time
Another time
Another time
Another time
Another time
Another time
Another time
Another time
Another time
Another time
Another time
Another time
Another time
Another time
Another time
Another time
Another time
Another time
Another time
Another time
Another time
Another time
Another time
Another time
Another time
Another time
Another time
Another time
Another time
Another time
Another time
Another time
Another time
Another time
Another time
Another time
Another time
Another time
Another time
Another time
Another time
Another time
Another time
Another time
Another time
Another time
Another time
Another time
Another time
Another time
Another time
Another time
Another time
Another time
Another time
Another time
Another time
Another time
Another time
Another time
Another time
Another time
Another time
Another time
Another time
Another time
Another time
Another time
Another time
Another time
Another time
Another time
Another time
Another time
Another time
Another time
Another time
Another time
Another time
Another time
Another time
Another time
Another time
Another time
Another time
Another time
Another time
Another time
Another time
Another time
Another time
Another time
Another time
Another time
Another time
Another time
Another time
Another time
Another time
Another time
Another time
Another time
Another time
Another time
Another time
Another time
Another time
Another time
Another time
Another time
Another time
Another time
Another time
Another time
Another time
Another time
Another time
Another time
Another time
Another time
Another time
Another time
Another time
Another time
Another time
Another time
Another time
Another time
Another time
Another time
Another time
Another time
Another time
Another time
Another time
Another time
Another time
Another time
Another time
Another time
Another time
Another time
Another time
Another time
Another time
Another time
Another time
Another time
Another time
Another time
Another time
Another time
Another time
Another time
Another time
Another time
Another time
Another time
Another time
Another time
Another time
Another time
Another time
Another time
Another time
Another time
Another time
Another time
Another time
Another time
Another time
Another time
Another time
Another time
Another time
Another time
Another time
Another time
Another time
Another time
Another time
Another time
Another time
Another time
Another time
Another time
Another time
Another time
Another time
Another time
Another time
Another time
Another time
Another time
Another time
Another time
Another time
Another time
Another time
Another time
Another time
Another time
Another time
Another time
Another time
Another time
Another time
Another time
Another time
Another time
Another time
Another time
Another time
Another time
Another time
Another time
Another time
Another time
Another time
Another time
Another time
Another time
Another time
Another time
Another time
Another time
Another time
Another time
Another time
Another time
Another time
Another time
Another time
Another time
Another time
Another time
Another time
Another time
Another time
Another time
Another time
Another time
Another time
Another time
Another time
Another time
Another time
Another time
Another time
Another time
Another time
Another time
Another time
Another time
Another time
Another time
Another time
Another time
Another time
Another time
Another time
Another time
Another time
Another time
Another time
Another time
Another time
Another time
Another time
Another time
Another time
Another time
Another time
Another time
Another time
Another time
Another time
Another time
Another time
Another time
Another time
Another time
Another time
Another time
Another time
Another time
Another time
Another time
Another time
Another time
Another time
Another time
Another time
Another time
Another time
Another time
Another time
Another time
Another time
Another time
Another time
Another time
Another time
Another time
Another time
Another time
Another time
Another time
Another time
Another time
Another time
Another time
Another time
Another time
Another time
Another time
Another time
Another time
Another time
Another time
Another time
Another time
Another time
Another time
Another time
Another time
Another time
Another time
Another time
Another time
Another time
Another time
Another time
Another time
Another time
Another time
Another time
Another time
Another time
Another time
Another time
Another time
Another time
Another time
Another time
Another time
Another time
Another time
Another time
Another time
Another time
Another time
Another time
Another time
Another time
Another time
Another time
Another time
Another time
Another time
Another time
Another time
Another time
Another time
Another time
Another time
Another time
Another time
Another time
Another time
Another time
Another time
Another time
Another time
Another time
Another time
Another time
Another time
Another time
Another time
Another time
Another time
Another time
Another time
Another time
Another time
Another time
Another time
Another time
Another time
Another time
Another time
Another time
Another time
Another time
Another time
Another time
Another time
Another time
Another time
Another time
Another time
Another time
Another time
Another time
Another time
Another time
Another time
Another time
Another time
Another time
Another time
Another time
Another time
Another time
Another time
Another time
Another time
Another time
Another time
Another time
Another time
Another time
Another time
Another time
Another time
Another time
Another time
Another time
Another time
Another time
Another time
Another time
Another time
Another time
Another time
Another time
Another time
Another time
Another time
Another time
Another time
Another time
Another time
Another time
Another time
Another time
Another time
Another time
Another time
Another time
Another time
Another time
Another time
Another time
Another time
Another time
Another time
Another time
Another time
Another time
Another time
Another time
Another time
Another time
Another time
Another time
Another time
Another time
Another time
Another time
Another time
Another time
Another time
Another time
Another time
Another time
Another time
Another time
Another time
Another time
Another time
Another time
Another time
Another time
Another time
Another time
Another time
Another time
Another time
Another time
Another time
Another time
Another time
Another time
Another time
Another time
Another time
Another time
Another time
Another time
Another time
Another time
Another time
Another time
Another time
Another time
Another time
Another time
Another time
Another time
Another time
Another time
Another time
Another time
Another time
Another time
Another time
Another time
Another time
Another time
Another time
Another time
Another time
Another time
Another time
Another time
Another time
Another time
Another time
Another time
Another time
Another time
Another time
Another time
Another time
Another time
Another time
Another time
Another time
Another time
Another time
Another time
Another time
Another time
Another time
Another time
Another time
Another time
Another time
Another time
Another time
Another time
Another time
Another time
Another time
Another time
Another time
Another time
Another time
Another time
Another time
Another time
Another time
Another time
Another time
Another time
Another time
Another time
Another time
Another time
Another time
Another time
Another time
Another time
Another time
Another time
Another time
Another time
Another time
Another time
Another time
Another time
Another time
Another time
Another time
Another time
Another time
Another time
Another time
Another time
Another time
Another time
Another time
Another time
Another time
Another time
Another time
Another time
Another time
Another time
Another time
Another time
Another time
Another time
Another time
Another time
Another time
Another time
Another time
Another time
Another time
Another time
Another time
Another time
Another time
Another time
Another time
Another time
Another time
Another time
Another time
Another time
Another time
Another time
Another time
Another time
Another time
Another time
Another time
Another time
Another time
Another time
Another time
Another time
Another time
Another time
Another time
Another time
Another time
Another time
Another time
Another time
Another time
Another time
Another time
Another time
Another time
Another time
Another time
Another time
Another time
Another time
Another time
Another time
Another time
Another time
Another time
Another time
Another time
Another time
Another time
Another time
Another time
Another time
Another time
Another time
Another time
Another time
Another time
Another time
Another time
Another time
Another time
Another time
Another time
Another time
Another time
Another time
Another time
Another time
Another time
Another time
Another time
Another time
Another time
Another time
Another time
Another time
Another time
Another time
Another time
Another time
Another time
Another time
Another time
Another time
Another time
Another time
Another time
Another time
Another time
Another time
Another time
Another time
Another time
Another time
Another time
Another time
Another time
Another time
Another time
Another time
Another time
Another time
Another time
Another time
Another time
Another time
Another time
Another time
Another time
Another time
Another time
Another time
Another time
Another time
Another time
Another time
Another time
Another time
Another time
Another time
Another time
Another time
Another time
Another time
Another time
Another time
Another time
Another time
Another time
Another time
Another time
Another time
Another time
Another time
Another time
Another time
Another time
Another time
Another time
Another time
Another time
Another time
Another time
Another time
Another time
Another time
Another time
Another time
Another time
Another time
Another time
Another time
Another time
Another time
Another time
Another time
Another time
Another time
Another time
Another time
Another time
Another time
Another time
Another time
Another time
Another time
Another time
Another time
Another time
Another time
Another time
Another time
Another time
Another time
Another time
Another time
Another time
Another time
Another time
Another time
Another time
Another time
Another time
Another time
Another time
Another time
Another time
Another time
Another time
Another time
Another time
Another time
Another time
Another time
Another time
Another time
Another time
Another time
Another time
Another time
Another time
Another time
Another time
Another time
Another time
Another time
Another time
Another time
Another time
Another time
Another time
Another time
Another time
Another time
Another time
Another time
Another time
Another time
Another time
Another time
Another time
Another time
Another time
Another time
Another time
Another time
Another time
Another time
Another time
Another time
Another time
Another time
Another time
Another time
Another time
Another time
Another time
Another time
Another time
Another time
Another time
Another time
Another time
Another time
Another time
Another time
Another time
Another time
Another time
Another time
Another time
Another time
Another time
Another time
Another time
Another time
Another time
Another time
Another time
Another time
Another time
Another time
Another time
Another time
Another time
Another time
Another time
Another time
Another time
Another time
Another time
Another time
Another time
Another time
Another time
Another time
Another time
Another time
Another time
Another time
Another time
Another time
Another time
Another time
Another time
Another time
Another time
Another time
Another time
Another time
Another time
Another time
Another time
Another time
Another time
Another time
Another time
Another time
Another time
Another time
Another time
Another time
Another time
Another time
Another time
Another time
Another time
Another time
Another time
Another time
Another time
Another time
Another time
Another time
Another time
Another time
Another time
Another time
Another time
Another time
Another time
Another time
Another time
Another time
Another time
Another time
Another time
Another time
Another time
Another time
Another time
Another time
Another time
Another time
Another time
Another time
Another time
Another time
Another time
Another time
Another time
Another time
Another time
Another time
Another time
Another time
Another time
Another time
Another time
Another time
Another time
Another time
Another time
Another time
Another time
Another time
Another time
Another time
Another time
Another time
Another time
Another time
Another time
Another time
Another time
Another time
Another time
Another time
Another time
Another time
Another time
Another time
Another time
Another time
Another time
Another time
Another time
Another time
Another time
Another time
Another time
Another time
Another time
Another time
Another time
Another time
Another time
Another time
Another time
Another time
Another time
Another time
Another time
Another time
Another time
Another time
Another time
Another time
Another time
Another time
Another time
Another time
Another time
Another time
Another time
Another time
Another time
Another time
Another time
Another time
Another time
Another time
Another time
Another time
Another time
Another time
Another time
Another time
Another time
Another time
Another time
Another time
Another time
Another time
Another time
Another time
Another time
Another time
Another time
Another time
Another time
Another time
Another time
Another time
Another time
Another time
Another time
Another time
Another time
Another time
Another time
Another time
Another time
Another time
Another time
Another time
Another time
Another time
Another time
Another time
Another time
Another time
Another time
Another time
Another time
Another time
Another time
Another time
Another time
Another time
Another time
Another time
Another time
Another time
Another time
Another time
Another time
Another time
Another time
Another time
Another time
Another time
Another time
Another time
Another time
Another time
Another time
Another time
Another time
Another time
Another time
Another time
Another time
Another time
Another time
Another time
Another time
Another time
Another time
Another time
Another time
Another time
Another time
Another time
Another time
Another time
Another time
Another time
Another time
Another time
Another time
Another time
Another time
Another time
Another time
Another time
Another time
Another time
Another time
Another time
Another time
Another time
Another time
Another time
Another time
Another time
Another time
Another time
Another time
Another time
Another time
Another time
Another time
Another time
Another time
Another time
Another time
Another time
Another time
Another time
Another time
Another time
Another time
Another time
Another time
Another time
Another time
Another time
Another time
Another time
Another time
Another time
Another time
Another time
Another time
Another time
Another time
Another time
Another time
Another time
Another time
Another time
Another time
Another time
Another time
Another time
Another time
Another time
Another time
Another time
Another time
Another time
Another time
Another time
Another time
Another time
Another time
Another time
Another time
Another time
Another time
Another time
Another time
Another time
Another time
Another time
Another time
Another time
Another time
Another time
Another time
Another time
Another time
Another time
Another time
Another time
Another time
Another time
Another time
Another time
Another time
Another time
Another time
Another time
Another time
Another time
Another time
Another time
Another time
Another time
Another time
Another time
Another time
Another time
Another time
Another time
Another time
Another time
Another time
Another time
Another time
Another time
Another time
Another time
Another time
Another time
Another time
Another time
Another time
Another time
Another time
Another time
Another time
Another time
Another time
Another time
Another time
Another time
Another time
Another time
Another time
Another time
Another time
Another time
Another time
Another time
Another time
Another time
Another time
Another time
Another time
Another time
Another time
Another time
Another time
Another time
Another time
Another time
Another time
Another time
Another time
Another time
Another time
Another time
Another time
Another time
Another time
Another time
Another time
Another time
Another time
Another time
Another time
Another time
Another time
Another time
Another time
Another time
Another time
Another time
Another time
Another time
Another time
Another time
Another time
Another time
Another time
Another time
Another time
Another time
Another time
Another time
Another time
Another time
Another time
Another time
Another time
Another time
Another time
Another time
Another time
Another time
Another time
Another time
Another time
Another time
Another time
Another time
Another time
Another time
Another time
Another time
Another time
Another time
Another time
Another time
Another time
Another time
Another time
Another time
Another time
Another time
Another time
Another time
Another time
Another time
Another time
Another time
Another time
Another time
Another time
Another time
Another time
Another time
Another time
Another time
Another time
Another time
Another time
Another time
Another time
Another time
Another time
Another time
Another time
Another time
Another time
Another time
Another time
Another time
Another time
Another time
Another time
Another time
Another time
Another time
Another time
Another time
Another time
Another time
Another time
Another time
Another time
Another time
Another time
Another time
Another time
Another time
Another time
Another time
Another time
Another time
Another time
Another time
Another time
Another time
Another time
Another time
Another time
Another time
Another time
Another time
Another time
Another time
Another time
Another time
Another time
Another time
Another time
Another time
Another time
Another time
Another time
Another time
Another time
Another time
Another time
Another time
Another time
Another time
Another time
Another time
Another time
Another time
Another time
Another time
Another time
Another time
Another time
Another time
Another time
Another time
Another time
Another time
Another time
Another time
Another time
Another time
Another time
Another time
Another time
Another time
Another time
Another time
Another time
Another time
Another time
Another time
Another time
Another time
Another time
Another time
Another time
Another time
Another time
Another time
Another time
Another time
Another time
Another time
Another time
Another time
Another time
Another time
Another time
Another time
Another time
Another time
Another time
Another time
Another time
Another time
Another time
Another time
Another time
Another time
Another time
Another time
Another time
Another time
Another time
Another time
Another time
Another time
Another time
Another time
Another time
Another time
Another time
Another time
Another time
Another time
Another time
Another time
Another time
Another time
Another time
Another time
Another time
Another time
Another time
Another time
Another time
Another time
Another time
Another time
Another time
Another time
Another time
Another time
Another time
Another time
Another time
Another time
Another time
Another time
Another time
Another time
Another time
Another time
Another time
Another time
Another time
Another time
Another time
Another time
Another time
Another time
Another time
Another time
Another time
Another time
Another time
Another time
Another time
Another time
Another time
Another time
Another time
Another time
Another time
Another time
Another time
Another time
Another time
Another time
Another time
Another time
Another time
Another time
Another time
Another time
Another time
Another time
Another time
Another time
Another time
Another time
Another time
Another time
Another time
Another time
Another time
Another time
Another time
Another time
Another time
Another time
Another time
Another time
Another time
Another time
Another time
Another time
Another time
Another time
Another time
Another time
Another time
Another time
Another time
Another time
Another time
Another time
Another time
Another time
Another time
Another time
Another time
Another time
Another time
Another time
Another time
Another time
Another time
Another time
Another time
Another time
Another time
Another time
Another time
Another time
Another time
Another time
Another time
Another time
Another time
Another time
Another time
Another time
Another time
Another time
Another time
Another time
Another time
Another time
Another time
Another time
Another time
Another time
Another time
Another time
Another time
Another time
Another time
Another time
Another time
Another time
Another time
Another time
Another time
Another time
Another time
Another time
Another time
Another time
Another time
Another time
Another time
Another time
Another time
Another time
Another time
Another time
Another time
Another time
Another time
Another time
Another time
Another time
Another time
Another time
Another time
Another time
Another time
Another time
Another time
Another time
Another time
Another time
Another time
Another time
Another time
Another time
Another time
Another time
Another time
Another time
Another time
Another time
Another time
Another time
Another time
Another time
Another time
Another time
Another time
Another time
Another time
Another time
Another time
Another time
Another time
Another time
Another time
Another time
Another time
Another time
Another time
Another time
Another time
Another time
Another time
Another time
Another time
Another time
Another time
Another time
Another time
Another time
Another time
Another time
Another time
Another time
Another time
Another time
Another time
Another time
Another time
Another time
Another time
Another time
Another time
Another time
Another time
Another time
Another time
Another time
Another time
Another time
Another time
Another time
Another time
Another time
Another time
Another time
Another time
Another time
Another time
Another time
Another time
Another time
Another time
Another time
Another time
Another time
Another time
Another time
Another time
Another time
Another time
Another time
Another time
Another time
Another time
Another time
Another time
Another time
Another time
Another time
Another time
Another time
Another time
Another time
Another time
Another time
Another time
Another time
Another time
Another time
Another time
Another time
Another time
Another time
Another time
Another time
Another time
Another time
Another time
Another time
Another time
Another time
Another time
Another time
Another time
Another time
Another time
Another time
Another time
Another time
Another time
Another time
Another time
Another time
Another time
Another time
Another time
Another time
Another time
Another time
Another time
Another time
Another time
Another time
Another time
Another time
Another time
Another time
Another time
Another time
Another time
Another time
Another time
Another time
Another time
Another time
Another time
Another time
Another time
Another time
Another time
Another time
Another time
Another time
Another time
Another time
Another time
Another time
Another time
Another time
Another time
Another time
Another time
Another time
Another time
Another time
Another time
Another time
Another time
Another time
Another time
Another time
Another time
Another time
Another time
Another time
Another time
Another time
Another time
Another time
Another time
Another time
Another time
Another time
Another time
Another time
Another time
Another time
Another time
Another time
Another time
Another time
Another time
Another time
Another time
Another time
Another time
Another time
Another time
Another time
Another time
Another time
Another time
Another time
Another time
Another time
Another time
Another time
Another time
Another time
Another time
Another time
Another time
Another time
Another time
Another time
Another time
Another time
Another time
Another time
Another time
Another time
Another time
Another time
Another time
Another time
Another time
Another time
Another time
Another time
Another time
Another time
Another time
Another time
Another time
Another time
Another time
Another time
Another time
Another time
Another time
Another time
Another time
Another time
Another time
Another time
Another time
Another time
Another time
Another time
Another time
Another time
Another time
Another time
Another time
Another time
Another time
Another time
Another time
Another time
Another time
Another time
Another time
Another time
Another time
Another time
Another time
Another time
Another time
Another time
Another time
Another time
Another time
Another time
Another time
Another time
Another time
Another time
Another time
Another time
Another time
Another time
Another time
Another time
Another time
Another time
Another time
Another time
Another time
Another time
Another time
Another time
Another time
Another time
Another time
Another time
Another time
Another time
Another time
Another time
Another time
Another time
Another time
Another time
Another time
Another time
Another time
Another time
Another time
Another time
Another time
Another time
Another time
Another time
Another time
Another time
Another time
Another time
Another time
Another time
Another time
Another time
Another time
Another time
Another time
Another time
Another time
Another time
Another time
Another time
Another time
Another time
Another time
Another time
Another time
Another time
Another time
Another time
Another time
Another time
Another time
Another time
Another time
Another time
Another time
Another time
Another time
Another time
Another time
Another time
Another time
Another time
Another time
Another time
Another time
Another time
Another time
Another time
Another time
Another time
Another time
Another time
Another time
Another time
Another time
Another time
Another time
Another time
Another time
Another time
Another time
Another time
Another time
Another time
Another time
Another time
Another time
Another time
Another time
Another time
Another time
Another time
Another time
Another time
Another time
Another time
Another time
Another time
Another time
Another time
Another time
Another time
Another time
Another time
Another time
Another time
Another time
Another time
Another time
Another time
Another time
Another time
Another time
Another time
Another time
Another time
Another time
Another time
Another time
Another time
Another time
Another time
Another time
Another time
Another time
Another time
Another time
Another time
Another time
Another time
Another time
Another time
Another time
Another time
Another time
Another time
Another time
Another time
Another time
Another time
Another time
Another time
Another time
Another time
Another time
Another time
Another time
Another time
Another time
Another time
Another time
Another time
Another time
Another time
Another time
Another time
Another time
Another time
Another time
Another time
Another time
Another time
Another time
Another time
Another time
Another time
Another time
Another time
Another time
Another time
Another time
Another time
Another time
Another time
Another time
Another time
Another time
Another time
Another time
Another time
Another time
Another time
Another time
Another time
Another time
Another time
Another time
Another time
Another time
Another time
Another time
Another time
Another time
Another time
Another time
Another time
Another time
Another time
Another time
Another time
Another time
Another time
Another time
Another time
Another time
Another time
Another time
Another time
Another time
Another time
Another time
Another time
Another time
Another time
Another time
Another time
Another time
Another time
Another time
Another time
Another time
Another time
Another time
Another time
Another time
Another time
Another time
Another time
Another time
Another time
Another time
Another time
Another time
Another time
Another time
Another time
Another time
Another time
Another time
Another time
Another time
Another time
Another time
Another time
Another time
Another time
Another time
Another time
Another time
Another time
Another time
Another time
Another time
Another time
Another time
Another time
Another time
Another time
Another time
Another time
Another time
Another time
Another time
Another time
Another time
Another time
Another time
Another time
Another time
Another time
Another time
Another time
Another time
Another time
Another time
Another time
Another time
Another time
Another time
Another time
Another time
Another time
Another time
Another time
Another time
Another time
Another time
Another time
Another time
Another time
Another time
Another time
Another time
Another time
Another time
Another time
Another time
Another time
Another time
Another time
Another time
Another time
Another time
Another time
Another time
Another time
Another time
Another time
Another time
Another time
Another time
Another time
Another time
Another time
Another time
Another time
Another time
Another time
Another time
Another time
Another time
Another time
Another time
Another time
Another time
Another time
Another time
Another time
Another time
Another time
Another time
Another time
Another time
Another time
Another time
Another time
Another time
Another time
Another time
Another time
Another time
Another time
Another time
Another time
Another time
Another time
Another time
Another time
Another time
Another time
Another time
Another time
Another time
Another time
Another time
Another time
Another time
Another time
Another time
Another time
Another time
Another time
Another time
Another time
Another time
Another time
Another time
Another time
Another time
Another time
Another time
Another time
Another time
Another time
Another time
Another time
Another time
Another time
Another time
Another time
Another time
Another time
Another time
Another time
Another time
Another time
Another time
Another time
Another time
Another time
Another time
Another time
Another time
Another time
Another time
Another time
Another time
Another time
Another time
Another time
Another time
Another time
Another time
Another time
Another time
Another time
Another time
Another time
Another time
Another time
Another time
Another time
Another time
Another time
Another time
Another time
Another time
Another time
Another time
Another time
Another time
Another time
Another time
Another time
Another time
Another time
Another time
Another time
Another time
Another time
Another time
Another time
Another time
Another time
Another time
Another time
Another time
Another time
Another time
Another time
Another time
Another time
Another time
Another time
Another time
Another time
Another time
Another time
Another time
Another time
Another time
Another time
Another time
Another time
Another time
Another time
Another time
Another time
Another time
Another time
Another time
Another time
Another time
Another time
Another time
Another time
Another time
Another time
Another time
Another time
Another time
Another time
Another time
Another time
Another time
Another time
Another time
Another time
Another time
Another time
Another time
Another time
Another time
Another time
Another time
Another time
Another time
Another time
Another time
Another time
Another time
Another time
Another time
Another time
Another time
Another time
Another time
Another time
Another time
Another time
Another time
Another time
Another time
Another time
Another time
Another time
Another time
Another time
Another time
Another time
Another time
Another time
Another time
Another time
Another time
Another time
Another time
Another time
Another time
Another time
Another time
Another time
Another time
Another time
Another time
Another time
Another time
Another time
Another time
Another time
Another time
Another time
Another time
Another time
Another time
Another time
Another time
Another time
Another time
Another time
Another time
Another time
Another time
Another time
Another time
Another time
Another time
Another time
Another time
Another time
Another time
Another time
Another time
Another time
Another time
Another time
Another time
Another time
Another time
Another time
Another time
Another time
Another time
Another time
Another time
Another time
Another time
Another time
Another time
Another time
Another time
Another time
Another time
Another time
Another time
Another time
Another time
Another time
Another time
Another time
Another time
Another time
Another time
Another time
Another time
Another time
Another time
Another time
Another time
Another time
Another time
Another time
Another time
Another time
Another time
Another time
Another time
Another time
Another time
Another time
Another time
Another time
Another time
Another time
Another time
Another time
Another time
Another time
Another time
Another time
Another time
Another time
Another time
Another time
Another time
Another time
Another time
Another time
Another time
Another time
Another time
Another time
Another time
Another time
Another time
Another time
Another time
Another time
Another time
Another time
Another time
Another time
Another time
Another time
Another time
Another time
Another time
Another time
Another time
Another time
Another time
Another time
Another time
Another time
Another time
Another time
Another time
Another time
Another time
Another time
Another time
Another time
Another time
Another time
Another time
Another time
Another time
Another time
Another time
Another time
Another time
Another time
Another time
Another time
Another time
Another time
Another time
Another time
Another time
Another time
Another time
Another time
Another time
Another time
Another time
Another time
Another time
Another time
Another time
Another time
Another time
Another time
Another time
Another time
Another time
Another time
Another time
Another time
Another time
Another time
Another time
Another time
Another time
Another time
Another time
Another time
Another time
Another time
Another time
Another time
Another time
Another time
Another time
Another time
Another time
Another time
Another time
Another time
Another time
Another time
Another time
Another time
Another time
Another time
Another time
Another time
Another time
Another time
Another time
Another time
Another time
Another time
Another time
Another time
Another time
Another time
Another time
Another time
Another time
Another time
Another time
Another time
Another time
Another time
Another time
Another time
Another time
Another time
Another time
Another time
Another time
Another time
Another time
Another time
Another time
Another time
Another time
Another time
Another time
Another time
Another time
Another time
Another time
Another time
Another time
Another time
Another time
Another time
Another time
Another time
Another time
Another time
Another time
Another time
Another time
Another time
Another time
Another time
Another time
Another time
Another time
Another time
Another time
Another time
Another time
Another time
Another time
Another time
Another time
Another time
Another time
Another time
Another time
Another time
Another time
Another time
Another time
Another time
Another time
Another time
Another time
Another time
Another time
Another time
Another time
Another time
Another time
Another time
Another time
Another time
Another time
Another time
Another time
Another time
Another time
Another time
Another time
Another time
Another time
Another time
Another time
Another time
Another time
Another time
Another time
Another time
Another time
Another time
Another time
Another time
Another time
Another time
Another time
Another time
Another time
Another time
Another time
Another time
Another time
Another time
Another time
Another time
Another time
Another time
Another time
Another time
Another time
Another time
Another time
Another time
Another time
Another time
Another time
Another time
Another time
Another time
Another time
Another time
Another time
Another time
Another time
Another time
Another time
Another time
Another time
Another time
Another time
Another time
Another time
Another time
Another time
Another time
Another time
Another time
Another time
Another time
Another time
Another time
Another time
Another time
Another time
Another time
Another time
Another time
Another time
Another time
Another time
Another time
Another time
Another time
Another time
Another time
Another time
Another time
Another time
Another time
Another time
Another time
Another time
Another time
Another time
Another time
Another time
Another time
Another time
Another time
Another time
Another time
Another time
Another time
Another time
Another time
Another time
Another time
Another time
Another time
Another time
Another time
Another time
Another time
Another time
Another time
Another time
Another time
Another time
Another time
Another time
Another time
Another time
Another time
Another time
Another time
Another time
Another time
Another time
Another time
Another time
Another time
Another time
Another time
Another time
Another time
Another time
Another time
Another time
Another time
Another time
Another time
Another time
Another time
Another time
Another time
Another time
Another time
Another time
Another time
Another time
Another time
Another time
Another time
Another time
Another time
Another time
Another time
Another time
Another time
Another time
Another time
Another time
Another time
Another time
Another time
Another time
Another time
Another time
Another time
Another time
Another time
Another time
Another time
Another time
Another time
Another time
Another time
Another time
Another time
Another time
Another time
Another time
Another time
Another time
Another time
Another time
Another time
Another time
Another time
Another time
Another time
Another time
Another time
Another time
Another time
Another time
Another time
Another time
Another time
Another time
Another time
Another time
Another time
Another time
Another time
Another time
Another time
Another time
Another time
Another time
Another time
Another time
Another time
Another time
Another time
Another time
Another time
Another time
Another time
Another time
Another time
Another time
Another time
Another time
Another time
Another time
Another time
Another time
Another time
Another time
Another time
Another time
Another time
Another time
Another time
Another time
Another time
Another time
Another time
Another time
Another time
Another time
Another time
Another time
Another time
Another time
Another time
Another time
Another time
Another time
Another time
Another time
Another time
Another time
Another time
Another time
Another time
Another time
Another time
Another time
Another time
Another time
Another time
Another time
Another time
Another time
Another time
Another time
Another time
Another time
Another time
Another time
Another time
Another time
Another time
Another time
Another time
Another time
Another time
Another time
Another time
Another time
Another time
Another time
Another time
Another time
Another time
Another time
Another time
Another time
Another time
Another time
Another time
Another time
Another time
Another time
Another time
Another time
Another time
Another time
Another time
Another time
Another time
Another time
Another time
Another time
Another time
Another time
Another time
Another time
Another time
Another time
Another time
Another time
Another time
Another time
Another time
Another time
Another time
Another time
Another time
Another time
Another time
Another time
Another time
Another time
Another time
Another time
Another time
Another time
Another time
Another time
Another time
Another time
Another time
Another time
Another time
Another time
Another time
Another time
Another time
Another time
Another time
Another time
Another time
Another time
Another time
Another time
Another time
Another time
Another time
Another time
Another time
Another time
Another time
Another time
Another time
Another time
Another time
Another time
Another time
Another time
Another time
Another time
Another time
Another time
Another time
Another time
Another time
Another time
Another time
Another time
Another time
Another time
Another time
Another time
Another time
Another time
Another time
Another time
Another time
Another time
Another time
Another time
Another time
Another time
Another time
Another time
Another time
Another time
Another time
Another time
Another time
Another time
Another time
Another time
Another time
Another time
Another time
Another time
Another time
Another time
Another time
Another time
Another time
Another time
Another time
Another time
Another time
Another time
Another time
Another time
Another time
Another time
Another time
Another time
Another time
Another time
Another time
Another time
Another time
Another time
Another time
Another time
Another time
Another time
Another time
Another time
Another time
Another time
Another time
Another time
Another time
Another time
Another time
Another time
Another time
Another time
Another time
Another time
Another time
Another time
Another time
Another time
Another time
Another time
Another time
Another time
Another time
Another time
Another time
Another time
Another time
Another time
Another time
Another time
Another time
Another time
Another time
Another time
Another time
Another time
Another time
Another time
Another time
Another time
Another time
Another time
Another time
Another time
Another time
Another time
Another time
Another time
Another time
Another time
Another time
Another time
Another time
Another time
Another time
Another time
Another time
Another time
Another time
Another time
Another time
Another time
Another time
Another time
Another time
Another time
Another time
Another time
Another time
Another time
Another time
Another time
Another time
Another time
Another time
Another time
Another time
Another time
Another time
Another time
Another time
Another time
Another time
Another time
Another time
Another time
Another time
Another time
Another time
Another time
Another time
Another time
Another time
Another time
Another time
Another time
Another time
Another time
Another time
Another time
Another time
Another time
Another time
Another time
Another time
Another time
Another time
Another time
Another time
Another time
Another time
Another time
Another time
Another time
Another time
Another time
Another time
Another time
Another time
Another time
Another time
Another time
Another time
Another time
Another time
Another time
Another time
Another time
Another time
Another time
Another time
Another time
Another time
Another time
Another time
Another time
Another time
Another time
Another time
Another time
Another time
Another time
Another time
Another time
Another time
Another time
Another time
Another time
Another time
Another time
Another time
Another time
Another time
Another time
Another time
Another time
Another time
Another time
Another time
Another time
Another time
Another time
Another time
Another time
Another time
Another time
Another time
Another time
Another time
Another time
Another time
Another time
Another time
Another time
Another time
Another time
Another time
Another time
Another time
Another time
Another time
Another time
Another time
Another time
Another time
Another time
Another time
Another time
Another time
Another time
Another time
Another time
Another time
Another time
Another time
Another time
Another time
Another time
Another time
Another time
Another time
Another time
Another time
Another time
Another time
Another time
Another time
Another time
Another time
Another time
Another time
Another time
Another time
Another time
Another time
Another time
Another time
Another time
Another time
Another time
Another time
Another time
Another time
Another time
Another time
Another time
Another time
Another time
Another time
Another time
Another time
Another time
Another time
Another time
Another time
Another time
Another time
Another time
Another time
Another time
Another time
Another time
Another time
Another time
Another time
Another time
Another time
Another time
Another time
Another time
Another time
Another time
Another time
Another time
Another time
Another time
Another time
Another time
Another time
Another time
Another time
Another time
Another time
Another time
Another time
Another time
Another time
Another time
Another time
Another time
Another time
Another time
Another time
Another time
Another time
Another time
Another time
Another time
Another time
Another time
Another time
Another time
Another time
Another time
Another time
Another time
Another time
Another time
Another time
Another time
Another time
Another time
Another time
Another time
Another time
Another time
Another time
Another time
Another time
Another time
Another time
Another time
Another time
Another time
Another time
Another time
Another time
Another time
Another time
Another time
Another time
Another time
Another time
Another time
Another time
Another time
Another time
Another time
Another time
Another time
Another time
Another time
Another time
Another time
Another time
Another time
Another time
Another time
Another time
Another time
Another time
Another time
Another time
Another time
Another time
Another time
Another time
Another time
Another time
Another time
Another time
Another time
Another time
Another time
Another time
Another time
Another time
Another time
Another time
Another time
Another time
Another time
Another time
Another time
Another time
Another time
Another time
Another time
Another time
Another time
Another time
Another time
Another time
Another time
Another time
Another time
Another time
Another time
Another time
Another time
Another time
Another time
Another time
Another time
Another time
Another time
Another time
Another time
Another time
Another time
Another time
Another time
Another time
Another time
Another time
Another time
Another time
Another time
Another time
Another time
Another time
Another time
Another time
Another time
Another time
Another time
Another time
Another time
Another time
Another time
Another time
Another time
Another time
Another time
Another time
Another time
Another time
Another time
Another time
Another time
Another time
Another time
Another time
Another time
Another time
Another time
Another time
Another time
Another time
Another time
Another time
Another time
Another time
Another time
Another time
Another time
Another time
Another time
Another time
Another time
Another time
Another time
Another time
Another time
Another time
Another time
Another time
Another time
Another time
Another time
Another time
Another time
Another time
Another time
Another time
Another time
Another time
Another time
Another time
Another time
Another time
Another time
Another time
Another time
Another time
Another time
Another time
Another time
Another time
Another time
Another time
Another time
Another time
Another time
Another time
Another time
Another time
Another time
Another time
Another time
Another time
Another time
Another time
Another time
Another time
Another time
Another time
Another time
Another time
Another time
Another time
Another time
Another time
Another time
Another time
Another time
Another time
Another time
Another time
Another time
Another time
Another time
Another time
Another time
Another time
Another time
Another time
Another time
Another time
Another time
Another time
Another time
Another time
Another time
Another time
Another time
Another time
Another time
Another time
Another time
Another time
Another time
Another time
Another time
Another time
Another time
Another time
Another time
Another time
Another time
Another time
Another time
Another time
Another time
Another time
Another time
Another time
Another time
Another time
Another time
Another time
Another time
Another time
Another time
Another time
Another time
Another time
Another time
Another time
Another time
Another time
Another time
Another time
Another time
Another time
Another time
Another time
Another time
Another time
Another time
Another time
Another time
Another time
Another time
Another time
Another time
Another time
Another time
Another time
Another time
Another time
Another time
Another time
Another time
Another time
Another time
Another time
Another time
Another time
Another time
Another time
Another time
Another time
Another time
Another time
Another time
Another time
Another time
Another time
Another time
Another time
Another time
Another time
Another time
Another time
Another time
Another time
Another time
Another time
Another time
Another time
Another time
Another time
Another time
Another time
Another time
Another time
Another time
Another time
Another time
Another time
Another time
Another time
Another time
Another time
Another time
Another time
Another time
Another time
Another time
Another time
Another time
Another time
Another time
Another time
Another time
Another time
Another time
Another time
Another time
Another time
Another time
Another time
Another time
Another time
Another time
Another time
Another time
Another time
Another time
Another time
Another time
Another time
Another time
Another time
Another time
Another time
Another time
Another time
Another time
Another time
Another time
Another time
Another time
Another time
Another time
Another time
Another time
Another time
Another time
Another time
Another time
Another time
Another time
Another time
Another time
Another time
Another time
Another time
Another time
Another time
Another time
Another time
Another time
Another time
Another time
Another time
Another time
Another time
Another time
Another time
Another time
Another time
Another time
Another time
Another time
Another time
Another time
Another time
Another time
Another time
Another time
Another time
Another time
Another time
Another time
Another time
Another time
Another time
Another time
Another time
Another time
Another time
Another time
Another time
Another time
Another time
Another time
Another time
Another time
Another time
Another time
Another time
Another time
Another time
Another time
Another time
Another time
Another time
Another time
Another time
Another time
Another time
Another time
Another time
Another time
Another time
Another time
Another time
Another time
Another time
Another time
Another time
Another time
Another time
Another time
Another time
Another time
Another time
Another time
Another time
Another time
Another time
Another time
Another time
Another time
Another time
Another time
Another time
Another time
Another time
Another time
Another time
Another time
Another time
Another time
Another time
Another time
Another time
Another time
Another time
Another time
Another time
Another time
Another time
Another time
Another time
Another time
Another time
Another time
Another time
Another time
Another time
Another time
Another time
Another time
Another time
Another time
Another time
Another time
Another time
Another time
Another time
Another time
Another time
Another time
Another time
Another time
Another time
Another time
Another time
Another time
Another time
Another time
Another time
Another time
Another time
Another time
Another time
Another time
Another time
Another time
Another time
Another time
Another time
Another time
Another time
Another time
Another time
Another time
Another time
Another time
Another time
Another time
Another time
Another time
Another time
Another time
Another time
Another time
Another time
Another time
Another time
Another time
Another time
Another time
Another time
Another time
Another time
Another time
Another time
Another time
Another time
Another time
Another time
Another time
Another time
Another time
Another time
Another time
Another time
Another time
Another time
Another time
Another time
Another time
Another time
Another time
Another time
Another time
Another time
Another time
Another time
Another time
Another time
Another time
Another time
Another time
Another time
Another time
Another time
Another time
Another time
Another time
Another time
Another time
Another time
Another time
Another time
Another time
Another time
Another time
Another time
Another time
Another time
Another time
Another time
Another time
Another time
Another time
Another time
Another time
Another time
Another time
Another time
Another time
Another time
Another time
Another time
Another time
Another time
Another time
Another time
Another time
Another time
Another time
Another time
Another time
Another time
Another time
Another time
Another time
Another time
Another time
Another time
Another time
Another time
Another time
Another time
Another time
Another time
Another time
Another time
Another time
Another time
Another time
Another time
Another time
Another time
Another time
Another time
Another time
Another time
Another time
Another time
Another time
Another time
Another time
Another time
Another time
Another time
Another time
Another time
Another time
Another time
Another time
Another time
Another time
Another time
Another time
Another time
Another time
Another time
Another time
Another time
Another time
Another time
Another time
Another time
Another time
Another time
Another time
Another time
Another time
Another time
Another time
Another time
Another time
Another time
Another time
Another time
Another time
Another time
Another time
Another time
Another time
Another time
Another time
Another time
Another time
Another time
Another time
Another time
Another time
Another time
Another time
Another time
Another time
Another time
Another time
Another time
Another time
Another time
Another time
Another time
Another time
Another time
Another time
Another time
Another time
Another time
Another time
Another time
Another time
Another time
Another time
Another time
Another time
Another time
Another time
Another time
Another time
Another time
Another time
Another time
Another time
Another time
Another time
Another time
Another time
Another time
Another time
Another time
Another time
Another time
Another time
Another time
Another time
Another time
Another time
Another time
Another time
Another time
Another time
Another time
Another time
Another time
Another time
Another time
Another time
Another time
Another time
Another time
Another time
Another time
Another time
Another time
Another time
Another time
Another time
Another time
Another time
Another time
Another time
Another time
Another time
Another time
Another time
Another time
Another time
Another time
Another time
Another time
Another time
Another time
Another time
Another time
Another time
Another time
Another time
Another time
Another time
Another time
Another time
Another time
Another time
Another time
Another time
Another time
Another time
Another time
Another time
Another time
Another time
Another time
Another time
Another time
Another time
Another time
Another time
Another time
Another time
Another time
Another time
Another time
Another time
Another time
Another time
Another time
Another time
Another time
Another time
Another time
Another time
Another time
Another time
Another time
Another time
Another time
Another time
Another time
Another time
Another time
Another time
Another time
Another time
Another time
Another time
Another time
Another time
Another time
Another time
Another time
Another time
Another time
Another time
Another time
Another time
Another time
Another time
Another time
Another time
Another time
Another time
Another time
Another time
Another time
Another time
Another time
Another time
Another time
Another time
Another time
Another time
Another time
Another time
Another time
Another time
Another time
Another time
Another time
Another time
Another time
Another time
Another time
Another time
Another time
Another time
Another time
Another time
Another time
Another time
Another time
Another time
Another time
Another time
Another time
Another time
Another time
Another time
Another time
Another time
Another time
Another time
Another time
Another time
Another time
Another time
Another time
Another time
Another time
Another time
Another time
Another time
Another time
Another time
Another time
Another time
Another time
Another time
Another time
Another time
Another time
Another time
Another time
Another time
Another time
Another time
Another time
Another time
Another time
Another time
Another time
Another time
Another time
Another time
Another time
Another time
Another time
Another time
Another time
Another time
Another time
Another time
Another time
Another time
Another time
Another time
Another time
Another time
Another time
Another time
Another time
Another time
Another time
Another time
Another time
Another time
Another time
Another time
Another time
Another time
Another time
Another time
Another time
Another time
Another time
Another time
Another time
Another time
Another time
Another time
Another time
Another time
Another time
Another time
Another time
Another time
Another time
Another time
Another time
Another time
Another time
Another time
Another time
Another time
Another time
Another time
Another time
Another time
Another time
Another time
Another time
Another time
Another time
Another time
Another time
Another time
Another time
Another time
Another time
Another time
Another time
Another time
Another time
Another time
Another time
Another time
Another time
Another time
Another time
Another time
Another time
Another time
Another time
Another time
Another time
Another time
Another time
Another time
Another time
Another time
Another time
Another time
Another time
Another time
Another time
Another time
Another time
Another time
Another time
Another time
Another time
Another time
Another time
Another time
Another time
Another time
Another time
Another time
Another time
Another time
Another time
Another time
Another time
Another time
Another time
Another time
Another time
Another time
Another time
Another time
Another time
Another time
Another time
Another time
Another time
Another time
Another time
Another time
Another time
Another time
Another time
Another time
Another time
Another time
Another time
Another time
Another time
Another time
Another time
Another time
Another time
Another time
Another time
Another time
Another time
Another time
Another time
Another time
Another time
Another time
Another time
Another time
Another time
Another time
Another time
Another time
Another time
Another time
Another time
Another time
Another time
Another time
Another time
Another time
Another time
Another time
Another time
Another time
Another time
Another time
Another time
Another time
Another time
Another time
Another time
Another time
Another time
Another time
Another time
Another time
Another time
Another time
Another time
Another time
Another time
Another time
Another time
Another time
Another time
Another time
Another time
Another time
Another time
Another time
Another time
Another time
Another time
Another time
Another time
Another time
Another time
Another time
Another time
Another time
Another time
Another time
Another time
Another time
Another time
Another time
Another time
Another time
Another time
Another time
Another time
Another time
Another time
Another time
Another time
Another time
Another time
Another time
Another time
Another time
Another time
Another time
Another time
Another time
Another time
Another time
Another time
Another time
Another time
Another time
Another time
Another time
Another time
Another time
Another time
Another time
Another time
Another time
Another time
Another time
Another time
Another time
Another time
Another time
Another time
Another time
Another time
Another time
Another time
Another time
Another time
Another time
Another time
Another time
Another time
Another time
Another time
Another time
Another time
Another time
Another time
Another time
Another time
Another time
Another time
Another time
Another time
Another time
Another time
Another time
Another time
Another time
Another time
Another time
Another time
Another time
Another time
Another time
Another time
Another time
Another time
Another time
Another time
Another time
Another time
Another time
Another time
Another time
Another time
Another time
Another time
Another time
Another time
Another time
Another time
Another time
Another time
Another time
Another time
Another time
Another time
Another time
Another time
Another time
Another time
Another time
Another time
Another time
Another time
Another time
Another time
Another time
Another time
Another time
Another time
Another time
Another time
Another time
Another time
Another time
Another time
Another time
Another time
Another time
Another time
Another time
Another time
Another time
Another time
Another time
Another time
Another time
Another time
Another time
Another time
Another time
Another time
Another time
Another time
Another time
Another time
Another time
Another time
Another time
Another time
Another time
Another time
Another time
Another time
Another time
Another time
Another time
Another time
Another time
Another time
Another time
Another time
Another time
Another time
Another time
Another time
Another time
Another time
Another time
Another time
Another time
Another time
Another time
Another time
Another time
Another time
Another time
Another time
Another time
Another time
Another time
Another time
Another time
Another time
Another time
Another time
Another time
Another time
Another time
Another time
Another time
Another time
Another time
Another time
Another time
Another time
Another time
Another time
Another time
Another time
Another time
Another time
Another time
Another time
Another time
Another time
Another time
Another time
Another time
Another time
Another time
Another time
Another time
Another time
Another time
Another time
Another time
Another time
Another time
Another time
Another time
Another time
Another time
Another time
Another time
Another time
Another time
Another time
Another time
Another time
Another time
Another time
Another time
Another time
Another time
Another time
Another time
Another time
Another time
Another time
Another time
Another time
Another time
Another time
Another time
Another time
Another time
Another time
Another time
Another time
Another time
Another time
Another time
Another time
Another time
Another time
Another time
Another time
Another time
Another time
Another time
Another time
Another time
Another time
Another time
Another time
Another time
Another time
Another time
Another time
Another time
Another time
Another time
Another time
Another time
Another time
Another time
Another time
Another time
Another time
Another time
Another time
Another time
Another time
Another time
Another time
Another time
Another time
Another time
Another time
Another time
Another time
Another time
Another time
Another time
Another time
Another time
Another time
Another time
Another time
Another time
Another time
Another time
Another time
Another time
Another time
Another time
Another time
Another time
Another time
Another time
Another time
Another time
Another time
Another time
Another time
Another time
Another time
Another time
Another time
Another time
Another time
Another time
Another time
Another time
Another time
Another time
Another time
Another time
Another time
Another time
Another time
Another time
Another time
Another time
Another time
Another time
Another time
Another time
Another time
Another time
Another time
Another time
Another time
Another time
Another time
Another time
Another time
Another time
Another time
Another time
Another time
Another time
Another time
Another time
Another time
Another time
Another time
Another time
Another time
Another time
Another time
Another time
Another time
Another time
Another time
Another time
Another time
Another time
Another time
Another time
Another time
Another time
Another time
Another time
Another time
Another time
Another time
Another time
Another time
Another time
Another time
Another time
Another time
Another time
Another time
Another time
Another time
Another time
Another time
Another time
Another time
Another time
Another time
Another time
Another time
Another time
Another time
Another time
Another time
Another time
Another time
Another time
Another time
Another time
Another time
Another time
Another time
Another time
Another time
Another time
Another time
Another time
Another time
Another time
Another time
Another time
Another time
Another time
Another time
Another time
Another time
Another time
Another time
Another time
Another time
Another time
Another time
Another time
Another time
Another time
Another time
Another time
Another time
Another time
Another time
Another time
Another time
Another time
Another time
Another time
Another time
Another time
Another time
Another time
Another time
Another time
Another time
Another time
Another time
Another time
Another time
Another time
Another time
Another time
Another time
Another time
Another time
Another time
Another time
Another time
Another time
Another time
Another time
Another time
Another time
Another time
Another time
Another time
Another time
Another time
Another time
Another time
Another time
Another time
Another time
Another time
Another time
Another time
Another time
Another time
Another time
Another time
Another time
Another time
Another time
Another time
Another time
Another time
Another time
Another time
Another time
Another time
Another time
Another time
Another time
Another time
Another time
Another time
Another time
Another time
Another time
Another time
Another time
Another time
Another time
Another time
Another time
Another time
Another time
Another time
Another time
Another time
Another time
Another time
Another time
Another time
Another time
Another time
Another time
Another time
Another time
Another time
Another time
Another time
Another time
Another time
Another time
Another time
Another time
Another time
Another time
Another time
Another time
Another time
Another time
Another time
Another time
Another time
Another time
Another time
Another time
Another time
Another time
Another time
Another time
Another time
Another time
Another time
Another time
Another time
Another time
Another time
Another time
Another time
Another time
Another time
Another time
Another time
Another time
Another time
Another time
Another time
Another time
Another time
Another time
Another time
Another time
Another time
Another time
Another time
Another time
Another time
Another time
Another time
Another time
Another time
Another time
Another time
Another time
Another time
Another time
Another time
Another time
Another time
Another time
Another time
Another time
Another time
Another time
Another time
Another time
Another time
Another time
Another time
Another time
Another time
Another time
Another time
Another time
Another time
Another time
Another time
Another time
Another time
Another time
Another time
Another time
Another time
Another time
Another time
Another time
Another time
Another time
Another time
Another time
Another time
Another time
Another time
Another time
Another time
Another time
Another time
Another time
Another time
Another time
Another time
Another time
Another time
Another time
Another time
Another time
Another time
Another time
Another time
Another time
Another time
Another time
Another time
Another time
Another time
Another time
Another time
Another time
Another time
Another time
Another time
Another time
Another time
Another time
Another time
Another time
Another time
Another time
Another time
Another time
Another time
Another time
Another time
Another time
Another time
Another time
Another time
Another time
Another time
Another time
Another time
Another time
Another time
Another time
Another time
Another time
Another time
Another time
Another time
Another time
Another time
Another time
Another time
Another time
Another time
Another time
Another time
Another time
Another time
Another time
Another time
Another time
Another time
Another time
Another time
Another time
Another time
Another time
Another time
Another time
Another time
Another time
Another time
Another time
Another time
Another time
Another time
Another time
Another time
Another time
Another time
Another time
Another time
Another time
Another time
Another time
Another time
Another time
Another time
Another time
Another time
Another time
Another time
Another time
Another time
Another time
Another time
Another time
Another time
Another time
Another time
Another time
Another time
Another time
Another time
Another time
Another time
Another time
Another time
Another time
Another time
Another time
Another time
Another time
Another time
Another time
Another time
Another time
Another time
Another time
Another time
Another time
Another time
Another time
Another time
Another time
Another time
Another time
Another time
Another time
Another time
Another time
Another time
Another time
Another time
Another time
Another time
Another time
Another time
Another time
Another time
Another time
Another time
Another time
Another time
Another time
Another time
Another time
Another time
Another time
Another time
Another time
Another time
Another time
Another time
Another time
Another time
Another time
Another time
Another time
Another time
Another time
Another time
Another time
Another time
Another time
Another time
Another time
Another time
Another time
Another time
Another time
Another time
Another time
Another time
Another time
Another time
Another time
Another time
Another time
Another time
Another time
Another time
Another time
Another time
Another time
Another time
Another time
Another time
Another time
Another time
Another time
Another time
Another time
Another time
Another time
Another time
Another time
Another time
Another time
Another time
Another time
Another time
Another time
Another time
Another time
Another time
Another time
Another time
Another time
Another time
Another time
Another time
Another time
Another time
Another time
Another time
Another time
Another time
Another time
Another time
Another time
Another time
Another time
Another time
Another time
Another time
Another time
Another time
Another time
Another time
Another time
Another time
Another time
Another time
Another time
Another time
Another time
Another time
Another time
Another time
Another time
Another time
Another time
Another time
Another time
Another time
Another time
Another time
Another time
Another time
Another time
Another time
Another time
Another time
Another time
Another time
Another time
Another time
Another time
Another time
Another time
Another time
Another time
Another time
Another time
Another time
Another time
Another time
Another time
Another time
Another time
Another time
Another time
Another time
Another time
Another time
Another time
Another time
Another time
Another time
Another time
Another time
Another time
Another time
Another time
Another time
Another time
Another time
Another time
Another time
Another time
Another time
Another time
Another time
Another time
Another time
Another time
Another time
Another time
Another time
Another time
Another time
Another time
Another time
Another time
Another time
Another time
Another time
Another time
Another time
Another time
Another time
Another time
Another time
Another time
Another time
Another time
Another time
Another time
Another time
Another time
Another time
Another time
Another time
Another time
Another time
Another time
Another time
Another time
Another time
Another time
Another time
Another time
Another time
Another time
Another time
Another time
Another time
Another time
Another time
Another time
Another time
Another time
Another time
Another time
Another time
Another time
Another time
Another time
Another time
Another time
Another time
Another time
Another time
Another time
Another time
Another time
Another time
Another time
Another time
Another time
Another time
Another time
Another time
Another time
Another time
Another time
Another time
Another time
Another time
Another time
Another time
Another time
Another time
Another time
Another time
Another time
Another time
Another time
Another time
Another time
Another time
Another time
Another time
Another time
Another time
Another time
Another time
Another time
Another time
Another time
Another time
Another time
Another time
Another time
Another time
Another time
Another time
Another time
Another time
Another time
Another time
Another time
Another time
Another time
Another time
Another time
Another time
Another time
Another time
Another time
Another time
Another time
Another time
Another time
Another time
Another time
Another time
Another time
Another time
Another time
Another time
Another time
Another time
Another time
Another time
Another time
Another time
Another time
Another time
Another time
Another time
Another time
Another time
Another time
Another time
Another time
Another time
Another time
Another time
Another time
Another time
Another time
Another time
Another time
Another time
Another time
Another time
Another time
Another time
Another time
Another time
Another time
Another time
Another time
Another time
Another time
Another time
Another time
Another time
Another time
Another time
Another time
Another time
Another time
Another time
Another time
Another time
Another time
Another time
Another time
Another time
Another time
Another time
Another time
Another time
Another time
Another time
Another time
Another time
Another time
Another time
Another time
Another time
Another time
Another time
Another time
Another time
Another time
Another time
Another time
Another time
Another time
Another time
Another time
Another time
Another time
Another time
Another time
Another time
Another time
Another time
Another time
Another time
Another time
Another time
Another time
Another time
Another time
Another time
Another time
Another time
Another time
Another time
Another time
Another time
Another time
Another time
Another time
Another time
Another time
Another time
Another time
Another time
Another time
Another time
Another time
Another time
Another time
Another time
Another time
Another time
Another time
Another time
Another time
Another time
Another time
Another time
Another time
Another time
Another time
Another time
Another time
Another time
Another time
Another time
Another time
Another time
Another time
Another time
Another time
Another time
Another time
Another time
Another time
Another time
Another time
Another time
Another time
Another time
Another time
Another time
Another time
Another time
Another time
Another time
Another time
Another time
Another time
Another time
Another time
Another time
Another time
Another time
Another time
Another time
Another time
Another time
Another time
Another time
Another time
Another time
Another time
Another time
Another time
Another time
Another time
Another time
Another time
Another time
Another time
Another time
Another time
Another time
Another time
Another time
Another time
Another time
Another time
Another time
Another time
Another time
Another time
Another time
Another time
Another time
Another time
Another time
Another time
Another time
Another time
Another time
Another time
Another time
Another time
Another time
Another time
Another time
Another time
Another time
Another time
Another time
Another time
Another time
Another time
Another time
Another time
Another time
Another time
Another time
Another time
Another time
Another time
Another time
Another time
Another time
Another time
Another time
Another time
Another time
Another time
Another time
Another time
Another time
Another time
Another time
Another time
Another time
Another time
Another time
Another time
Another time
Another time
Another time
Another time
Another time
Another time
Another time
Another time
Another time
Another time
Another time
Another time
Another time
Another time
Another time
Another time
Another time
Another time
Another time
Another time
Another time
Another time
Another time
Another time
Another time
Another time
Another time
Another time
Another time
Another time
Another time
Another time
Another time
Another time
Another time
Another time
Another time
Another time
Another time
Another time
Another time
Another time
Another time
Another time
Another time
Another time
Another time
Another time
Another time
Another time
Another time
Another time
Another time
Another time
Another time
Another time
Another time
Another time
Another time
Another time
Another time
Another time
Another time
Another time
Another time
Another time
Another time
Another time
Another time
Another time
Another time
Another time
Another time
Another time
Another time
Another time
Another time
Another time
Another time
Another time
Another time
Another time
Another time
Another time
Another time
Another time
Another time
Another time
Another time
Another time
Another time
Another time
Another time
Another time
Another time
Another time
Another time
Another time
Another time
Another time
Another time
Another time
Another time
Another time
Another time
Another time
Another time
Another time
Another time
Another time
Another time
Another time
Another time
Another time
Another time
Another time
Another time
Another time
Another time
Another time
Another time
Another time
Another time
Another time
Another time
Another time
Another time
Another time
Another time
Another time
Another time
Another time
Another time
Another time
Another time
Another time
Another time
Another time
Another time
Another time
Another time
Another time
Another time
Another time
Another time
Another time
Another time
Another time
Another time
Another time
Another time
Another time
Another time
Another time
Another time
Another time
Another time
Another time
Another time
Another time
Another time
Another time
Another time
Another time
Another time
Another time
Another time
Another time
Another time
Another time
Another time
Another time
Another time
Another time
Another time
Another time
Another time
Another time
Another time
Another time
Another time
Another time
Another time
Another time
Another time
Another time
Another time
Another time
Another time
Another time
Another time
Another time
Another time
Another time
Another time
Another time
Another time
Another time
Another time
Another time
Another time
Another time
Another time
Another time
Another time
Another time
Another time
Another time
Another time
Another time
Another time
Another time
Another time
Another time
Another time
Another time
Another time
Another time
Another time
Another time
Another time
Another time
Another time
Another time
Another time
Another time
Another time
Another time
Another time
Another time
Another time
Another time
Another time
Another time
Another time
Another time
Another time
Another time
Another time
Another time
Another time
Another time
Another time
Another time
Another time
Another time
Another time
Another time
Another time
Another time
Another time
Another time
Another time
Another time
Another time
Another time
Another time
Another time
Another time
Another time
Another time
Another time
Another time
Another time
Another time
Another time
Another time
Another time
Another time
Another time
Another time
Another time
Another time
Another time
Another time
Another time
Another time
Another time
Another time
Another time
Another time
Another time
Another time
Another time
Another time
Another time
Another time
Another time
Another time
Another time
Another time
Another time
Another time
Another time
Another time
Another time
Another time
Another time
Another time
Another time
Another time
Another time
Another time
Another time
Another time
Another time
Another time
Another time
Another time
Another time
Another time
Another time
Another time
Another time
Another time
Another time
Another time
Another time
Another time
Another time
Another time
Another time
Another time
Another time
Another time
Another time
Another time
Another time
Another time
Another time
Another time
Another time
Another time
Another time
Another time
Another time
Another time
Another time
Another time
Another time
Another time
Another time
Another time
Another time
Another time
Another time
Another time
Another time
Another time
Another time
Another time
Another time
Another time
Another time
Another time
Another time
Another time
Another time
Another time
Another time
Another time
Another time
Another time
Another time
Another time
Another time
Another time
Another time
Another time
Another time
Another time
Another time
Another time
Another time
Another time
Another time
Another time
Another time
Another time
Another time
Another time
Another time
Another time
Another time
Another time
Another time
Another time
Another time
Another time
Another time
Another time
Another time
Another time
Another time
Another time
Another time
Another time
Another time
Another time
Another time
Another time
Another time
Another time
Another time
Another time
Another time
Another time
Another time
Another time
Another time
Another time
Another time
Another time
Another time
Another time
Another time
Another time
Another time
Another time
Another time
Another time
Another time
Another time
Another time
Another time
Another time
Another time
Another time
Another time
Another time
Another time
Another time
Another time
Another time
Another time
Another time
Another time
Another time
Another time
Another time
Another time
Another time
Another time
Another time
Another time
Another time
Another time
Another time
Another time
Another time
Another time
Another time
Another time
Another time
Another time
Another time
Another time
Another time
Another time
Another time
Another time
Another time
Another time
Another time
Another time
Another time
Another time
Another time
Another time
Another time
Another time
Another time
Another time
Another time
Another time
Another time
Another time
Another time
Another time
Another time
Another time
Another time
Another time
Another time
Another time
Another time
Another time
Another time
Another time
Another time
Another time
Another time
Another time
Another time
Another time
Another time
Another time
Another time
Another time
Another time
Another time
Another time
Another time
Another time
Another time
Another time
Another time
Another time
Another time
Another time
Another time
Another time
Another time
Another time
Another time
Another time
Another time
Another time
Another time
Another time
Another time
Another time
Another time
Another time
Another time
Another time
Another time
Another time
Another time
Another time
Another time
Another time
Another time
Another time
Another time
Another time
Another time
Another time
Another time
Another time
Another time
Another time
Another time
Another time
Another time
Another time
Another time
Another time
Another time
Another time
Another time
Another time
Another time
Another time
Another time
Another time
Another time
Another time
Another time
Another time
Another time
Another time
Another time
Another time
Another time
Another time
Another time
Another time
Another time
Another time
Another time
Another time
Another time
Another time
Another time
Another time
Another time
Another time
Another time
Another time
Another time
Another time
Another time
Another time
Another time
Another time
Another time
Another time
Another time
Another time
Another time
Another time
Another time
Another time
Another time
Another time
Another time
Another time
Another time
Another time
Another time
Another time
Another time
Another time
Another time
Another time
Another time
Another time
Another time
Another time
Another time
Another time
Another time
Another time
Another time
Another time
Another time
Another time
Another time
Another time
Another time
Another time
Another time
Another time
Another time
Another time
Another time
Another time
Another time
Another time
Another time
Another time
Another time
Another time
Another time
Another time
Another time
Another time
Another time
Another time
Another time
Another time
Another time
Another time
Another time
Another time
Another time
Another time
Another time
Another time
Another time
Another time
Another time
Another time
Another time
Another time
Another time
Another time
Another time
Another time
Another time
Another time
Another time
Another time
Another time
Another time
Another time
Another time
Another time
Another time
Another time
Another time
Another time
Another time
Another time
Another time
Another time
Another time
Another time
Another time
Another time
Another time
Another time
Another time
Another time
Another time
Another time
Another time
Another time
Another time
Another time
Another time
Another time
Another time
Another time
Another time
Another time
Another time
Another time
Another time
Another time
Another time
Another time
Another time
Another time
Another time
Another time
Another time
Another time
Another time
Another time
Another time
Another time
Another time
Another time
Another time
Another time
Another time
Another time
Another time
Another time
Another time
Another time
Another time
Another time
Another time
Another time
Another time
Another time
Another time
Another time
Another time
Another time
Another time
Another time
Another time
Another time
Another time
Another time
Another time
Another time
Another time
Another time
Another time
Another time
Another time
Another time
Another time
Another time
Another time
Another time
Another time
Another time
Another time
Another time
Another time
Another time
Another time
Another time
Another time
Another time
Another time
Another time
Another time
Another time
Another time
Another time
Another time
Another time
Another time
Another time
Another time
Another time
Another time
Another time
Another time
Another time
Another time
Another time
Another time
Another time
Another time
Another time
Another time
Another time
Another time
Another time
Another time
Another time
Another time
Another time
Another time
Another time
Another time
Another time
Another time
Another time
Another time
Another time
Another time
Another time
Another time
Another time
Another time
Another time
Another time
Another time
Another time
Another time
Another time
Another time
Another time
Another time
Another time
Another time
Another time
Another time
Another time
Another time
Another time
Another time
Another time
Another time
Another time
Another time
Another time
Another time
Another time
Another time
Another time
Another time
Another time
Another time
Another time
Another time
Another time
Another time
Another time
Another time
Another time
Another time
Another time
Another time
Another time
Another time
Another time
Another time
Another time
Another time
Another time
Another time
Another time
Another time
Another time
Another time
Another time
Another time
Another time
Another time
Another time
Another time
Another time
Another time
Another time
Another time
Another time
Another time
Another time
Another time
Another time
Another time
Another time
Another time
Another time
Another time
Another time
Another time
Another time
Another time
Another time
Another time
Another time
Another time
Another time
Another time
Another time
Another time
Another time
Another time
Another time
Another time
Another time
Another time
Another time
Another time
Another time
Another time
Another time
Another time
Another time
Another time
Another time
Another time
Another time
Another time
Another time
Another time
Another time
Another time
Another time
Another time
Another time
Another time
Another time
Another time
Another time
Another time
Another time
Another time
Another time
Another time
Another time
Another time
Another time
Another time
Another time
Another time
Another time
Another time
Another time
Another time
Another time
Another time
Another time
Another time
Another time
Another time
Another time
Another time
Another time
Another time
Another time
Another time
Another time
Another time
Another time
Another time
Another time
Another time
Another time
Another time
Another time
Another time
Another time
Another time
Another time
Another time
Another time
Another time
Another time
Another time
Another time
Another time
Another time
Another time
Another time
Another time
Another time
Another time
Another time
Another time
Another time
Another time
Another time
Another time
Another time
Another time
Another time
Another time
Another time
Another time
Another time
Another time
Another time
Another time
Another time
Another time
Another time
Another time
Another time
Another time
Another time
Another time
Another time
Another time
Another time
Another time
Another time
Another time
Another time
Another time
Another time
Another time
Another time
Another time
Another time
Another time
Another time
Another time
Another time
Another time
Another time
Another time
Another time
Another time
Another time
Another time
Another time
Another time
Another time
Another time
Another time
Another time
Another time
Another time
Another time
Another time
Another time
Another time
Another time
Another time
Another time
Another time
Another time
Another time
Another time
Another time
Another time
Another time
Another time
Another time
Another time
Another time
Another time
Another time
Another time
Another time
Another time
Another time
Another time
Another time
Another time
Another time
Another time
Another time
Another time
Another time
Another time
Another time
Another time
Another time
Another time
Another time
Another time
Another time
Another time
Another time
Another time
Another time
Another time
Another time
Another time
Another time
Another time
Another time
Another time
Another time
Another time
Another time
Another time
Another time
Another time
Another time
Another time
Another time
Another time
Another time
Another time
Another time
Another time
Another time
Another time
Another time
Another time
Another time
Another time
Another time
Another time
Another time
Another time
Another time
Another time
Another time
Another time
Another time
Another time
Another time
Another time
Another time
Another time
Another time
Another time
Another time
Another time
Another time
Another time
Another time
Another time
Another time
Another time
Another time
Another time
Another time
Another time
Another time
Another time
Another time
Another time
Another time
Another time
Another time
Another time
Another time
Another time
Another time
Another time
Another time
Another time
Another time
Another time
Another time
Another time
Another time
Another time
Another time
Another time
Another time
Another time
Another time
Another time
Another time
Another time
Another time
Another time
Another time
Another time
Another time
Another time
Another time
Another time
Another time
Another time
Another time
Another time
Another time
Another time
Another time
Another time
Another time
Another time
Another time
Another time
Another time
Another time
Another time
Another time
Another time
Another time
Another time
Another time
Another time
Another time
Another time
Another time
Another time
Another time
Another time
Another time
Another time
Another time
Another time
Another time
Another time
Another time
Another time
Another time
Another time
Another time
Another time
Another time
Another time
Another time
Another time
Another time
Another time
Another time
Another time
Another time
Another time
Another time
Another time
Another time
Another time
Another time
Another time
Another time
Another time
Another time
Another time
Another time
Another time
Another time
Another time
Another time
Another time
Another time
Another time
Another time
Another time
Another time
Another time
Another time
Another time
Another time
Another time
Another time
Another time
Another time
Another time
Another time
Another time
Another time
Another time
Another time
Another time
Another time
Another time
Another time
Another time
Another time
Another time
Another time
Another time
Another time
Another time
Another time
Another time
Another time
Another time
Another time
Another time
Another time
Another time
Another time
Another time
Another time
Another time
Another time
Another time
Another time
Another time
Another time
Another time
Another time
Another time
Another time
Another time
Another time
Another time
Another time
Another time
Another time
Another time
Another time
Another time
Another time
Another time
Another time
Another time
Another time
Another time
Another time
Another time
Another time
Another time
Another time
Another time
Another time
Another time
Another time
Another time
Another time
Another time
Another time
Another time
Another time
Another time
Another time
Another time
Another time
Another time
Another time
Another time
Another time
Another time
Another time
Another time
Another time
Another time
Another time
Another time
Another time
Another time
Another time
Another time
Another time
Another time
Another time
Another time
Another time
Another time
Another time
Another time
Another time
Another time
Another time
Another time
Another time
Another time
Another time
Another time
Another time
Another time
Another time
Another time
Another time
Another time
Another time
Another time
Another time
Another time
Another time
Another time
Another time
Another time
Another time
Another time
Another time
Another time
Another time
Another time
Another time
Another time
Another time
Another time
Another time
Another time
Another time
Another time
Another time
Another time
Another time
Another time
Another time
Another time
Another time
Another time
Another time
Another time
Another time
Another time
Another time
Another time
Another time
Another time
Another time
Another time
Another time
Another time
Another time
Another time
Another time
Another time
Another time
Another time
Another time
Another time
Another time
Another time
Another time
Another time
Another time
Another time
Another time
Another time
Another time
Another time
Another time
Another time
Another time
Another time
Another time
Another time
Another time
Another time
Another time
Another time
Another time
Another time
Another time
Another time
Another time
Another time
Another time
Another time
Another time
Another time
Another time
Another time
Another time
Another time
Another time
Another time
Another time
Another time
Another time
Another time
Another time
Another time
Another time
Another time
Another time
Another time
Another time
Another time
Another time
Another time
Another time
Another time
Another time
Another time
Another time
Another time
Another time
Another time
Another time
Another time
Another time
Another time
Another time
Another time
Another time
Another time
Another time
Another time
Another time
Another time
Another time
Another time
Another time
Another time
Another time
Another time
Another time
Another time
Another time
Another time
Another time
Another time
Another time
Another time
Another time
Another time
Another time
Another time
Another time
Another time
Another time
Another time
Another time
Another time
Another time
Another time
Another time
Another time
Another time
Another time
Another time
Another time
Another time
Another time
Another time
Another time
Another time
Another time
Another time
Another time
Another time
Another time
Another time
Another time
Another time
Another time
Another time
Another time
Another time
Another time
Another time
Another time
Another time
Another time
Another time
Another time
Another time
Another time
Another time
Another time
Another time
Another time
Another time
Another time
Another time
Another time
Another time
Another time
Another time
Another time
Another time
Another time
Another time
Another time
Another time
Another time
Another time
Another time
Another time
Another time
Another time
Another time
Another time
Another time
Another time
Another time
Another time
Another time
Another time
Another time
Another time
Another time
Another time
Another time
Another time
Another time
Another time
Another time
Another time
Another time
Another time
Another time
Another time
Another time
Another time
Another time
Another time
Another time
Another time
Another time
Another time
Another time
Another time
Another time
Another time
Another time
Another time
Another time
Another time
Another time
Another time
Another time
Another time
Another time
Another time
Another time
Another time
Another time
Another time
Another time
Another time
Another time
Another time
Another time
Another time
Another time
Another time
Another time
Another time
Another time
Another time
Another time
Another time
Another time
Another time
Another time
Another time
Another time
Another time
Another time
Another time
Another time
Another time
Another time
Another time
Another time
Another time
Another time
Another time
Another time
Another time
Another time
Another time
Another time
Another time
Another time
Another time
Another time
Another time
Another time
Another time
Another time
Another time
Another time
Another time
Another time
Another time
Another time
Another time
Another time
Another time
Another time
Another time
Another time
Another time
Another time
Another time
Another time
Another time
Another time
Another time
Another time
Another time
Another time
Another time
Another time
Another time
Another time
Another time
Another time
Another time
Another time
Another time
Another time
Another time
Another time
Another time
Another time
Another time
Another time
Another time
Another time
Another time
Another time
Another time
Another time
Another time
Another time
Another time
Another time
Another time
Another time
Another time
Another time
Another time
Another time
Another time
Another time
Another time
Another time
Another time
Another time
Another time
Another time
Another time
Another time
Another time
Another time
Another time
Another time
Another time
Another time
Another time
Another time
Another time
Another time
Another time
Another time
Another time
Another time
Another time
Another time
Another time
Another time
Another time
Another time
Another time
Another time
Another time
Another time
Another time
Another time
Another time
Another time
Another time
Another time
Another time
Another time
Another time
Another time
Another time
Another time
Another time
Another time
Another time
Another time
Another time
Another time
Another time
Another time
Another time
Another time
Another time
Another time
Another time
Another time
Another time
Another time
Another time
Another time
Another time
Another time
Another time
Another time
Another time
Another time
Another time
Another time
Another time
Another time
Another time
Another time
Another time
Another time
Another time
Another time
Another time
Another time
Another time
Another time
Another time
Another time
Another time
Another time
Another time
Another time
Another time
Another time
Another time
Another time
Another time
Another time
Another time
Another time
Another time
Another time
Another time
Another time
Another time
Another time
Another time
Another time
Another time
Another time
Another time
Another time
Another time
Another time
Another time
Another time
Another time
Another time
Another time
Another time
Another time
Another time
Another time
Another time
Another time
Another time
Another time
Another time
Another time
Another time
Another time
Another time
Another time
Another time
Another time
Another time
Another time
Another time
Another time
Another time
Another time
Another time
Another time
Another time
Another time
Another time
Another time
Another time
Another time
Another time
Another time
Another time
Another time
Another time
Another time
Another time
Another time
Another time
Another time
Another time
Another time
Another time
Another time
Another time
Another time
Another time
Another time
Another time
Another time
Another time
Another time
Another time
Another time
Another time
Another time
Another time
Another time
Another time
Another time
Another time
Another time
Another time
Another time
Another time
Another time
Another time
Another time
Another time
Another time
Another time
Another time
Another time
Another time
Another time
Another time
Another time
Another time
Another time
Another time
Another time
Another time
Another time
Another time
Another time
Another time
Another time
Another time
Another time
Another time
Another time
Another time
Another time
Another time
Another time
Another time
Another time
Another time
Another time
Another time
Another time
Another time
Another time
Another time
Another time
Another time
Another time
Another time
Another time
Another time
Another time
Another time
Another time
Another time
Another time
Another time
Another time
Another time
Another time
Another time
Another time
Another time
Another time
Another time
Another time
Another time
Another time
Another time
Another time
Another time
Another time
Another time
Another time
Another time
Another time
Another time
Another time
Another time
Another time
Another time
Another time
Another time
Another time
Another time
Another time
Another time
Another time
Another time
Another time
Another time
Another time
Another time
Another time
Another time
Another time
Another time
Another time
Another time
Another time
Another time
Another time
Another time
Another time
Another time
Another time
Another time
Another time
Another time
Another time
Another time
Another time
Another time
Another time
Another time
Another time
Another time
Another time
Another time
Another time
Another time
Another time
Another time
Another time
Another time
Another time
Another time
Another time
Another time
Another time
Another time
Another time
Another time
Another time
Another time
Another time
Another time
Another time
Another time
Another time
Another time
Another time
Another time
Another time
Another time
Another time
Another time
Another time
Another time
Another time
Another time
Another time
Another time
Another time
Another time
Another time
Another time
Another time
Another time
Another time
Another time
Another time
Another time
Another time
Another time
Another time
Another time
Another time
Another time
Another time
Another time
Another time
Another time
Another time
Another time
Another time
Another time
Another time
Another time
Another time
Another time
Another time
Another time
Another time
Another time
Another time
Another time
Another time
Another time
Another time
Another time
Another time
Another time
Another time
Another time
Another time
Another time
Another time
Another time
Another time
Another time
Another time
Another time
Another time
Another time
Another time
Another time
Another time
Another time
Another time
Another time
Another time
Another time
Another time
Another time
Another time
Another time
Another time
Another time
Another time
Another time
Another time
Another time
Another time
Another time
Another time
Another time
Another time
Another time
Another time
Another time
Another time
Another time
Another time
Another time
Another time
Another time
Another time
Another time
Another time
Another time
Another time
Another time
Another time
Another time
Another time
Another time
Another time
Another time
Another time
Another time
Another time
Another time
Another time
Another time
Another time
Another time
Another time
Another time
Another time
Another time
Another time
Another time
Another time
Another time
Another time
Another time
Another time
Another time
Another time
Another time
Another time
Another time
Another time
Another time
Another time
Another time
Another time
Another time
Another time
Another time
Another time
Another time
Another time
Another time
Another time
Another time
Another time
Another time
Another time
Another time
Another time
Another time
Another time
Another time
Another time
Another time
Another time
Another time
Another time
Another time
Another time
Another time
Another time
Another time
Another time
Another time
Another time
Another time
Another time
Another time
Another time
Another time
Another time
Another time
Another time
Another time
Another time
Another time
Another time
Another time
Another time
Another time
Another time
Another time
Another time
Another time
Another time
Another time
Another time
Another time
Another time
Another time
Another time
Another time
Another time
Another time
Another time
Another time
Another time
Another time
Another time
Another time
Another time
Another time
Another time
Another time
Another time
Another time
Another time
Another time
Another time
Another time
Another time
Another time
Another time
Another time
Another time
Another time
Another time
Another time
Another time
Another time
Another time
Another time
Another time
Another time
Another time
Another time
Another time
Another time
Another time
Another time
Another time
Another time
Another time
Another time
Another time
Another time
Another time
Another time
Another time
Another time
Another time
Another time
Another time
Another time
Another time
Another time
Another time
Another time
Another time
Another time
Another time
Another time
Another time
Another time
Another time
Another time
Another time
Another time
Another time
Another time
Another time
Another time
Another time
Another time
Another time
Another time
Another time
Another time
Another time
Another time
Another time
Another time
Another time
Another time
Another time
Another time
Another time
Another time
Another time
Another time
Another time
Another time
Another time
Another time
Another time
Another time
Another time
Another time
Another time
Another time
Another time
Another time
Another time
Another time
Another time
Another time
Another time
Another time
Another time
Another time
Another time
Another time
Another time
Another time
Another time
Another time
Another time
Another time
Another time
Another time
Another time
Another time
Another time
Another time
Another time
Another time
Another time
Another time
Another time
Another time
Another time
Another time
Another time
Another time
Another time
Another time
Another time
Another time
Another time
Another time
Another time
Another time
Another time
Another time
Another time
Another time
Another time
Another time
Another time
Another time
Another time
Another time
Another time
Another time
Another time
Another time
Another time
Another time
Another time
Another time
Another time
Another time
Another time
Another time
Another time
Another time
Another time
Another time
Another time
Another time
Another time
Another time
Another time
Another time
Another time
Another time
Another time
Another time
Another time
Another time
Another time
Another time
Another time
Another time
Another time
Another time
Another time
Another time
Another time
Another time
Another time
Another time
Another time
Another time
Another time
Another time
Another time
Another time
Another time
Another time
Another time
Another time
Another time
Another time
Another time
Another time
Another time
Another time
Another time
Another time
Another time
Another time
Another time
Another time
Another time
Another time
Another time
Another time
Another time
Another time
Another time
Another time
Another time
Another time
Another time
Another time
Another time
Another time
Another time
Another time
Another time
Another time
Another time
Another time
Another time
Another time
Another time
Another time
Another time
Another time
Another time
Another time
Another time
Another time
Another time
Another time
Another time
Another time
Another time
Another time
Another time
Another time
Another time
Another time
Another time
Another time
Another time
Another time
Another time
Another time
Another time
Another time
Another time
Another time
Another time
Another time
Another time
Another time
Another time
Another time
Another time
Another time
Another time
Another time
Another time
Another time
Another time
Another time
Another time
Another time
Another time
Another time
Another time
Another time
Another time
Another time
Another time
Another time
Another time
Another time
Another time
Another time
Another time
Another time
Another time
Another time
Another time
Another time
Another time
Another time
Another time
Another time
Another time
Another time
Another time
Another time
Another time
Another time
Another time
Another time
Another time
Another time
Another time
Another time
Another time
Another time
Another time
Another time
Another time
Another time
Another time
Another time
Another time
Another time
Another time
Another time
Another time
Another time
Another time
Another time
Another time
Another time
Another time
Another time
Another time
Another time
Another time
Another time
Another time
Another time
Another time
Another time
Another time
Another time
Another time
Another time
Another time
Another time
Another time
Another time
Another time
Another time
Another time
Another time
Another time
Another time
Another time
Another time
Another time
Another time
Another time
Another time
Another time
Another time
Another time
Another time
Another time
Another time
Another time
Another time
Another time
Another time
Another time
Another time
Another time
Another time
Another time
Another time
Another time
Another time
Another time
Another time
Another time
Another time
Another time
Another time
Another time
Another time
Another time
Another time
Another time
Another time
Another time
Another time
Another time
Another time
Another time
Another time
Another time
Another time
Another time
Another time
Another time
Another time
Another time
Another time
Another time
Another time
Another time
Another time
Another time
Another time
Another time
Another time
Another time
Another time
Another time
Another time
Another time
Another time
Another time
Another time
Another time
Another time
Another time
Another time
Another time
Another time
Another time
Another time
Another time
Another time
Another time
Another time
Another time
Another time
Another time
Another time
Another time
Another time
Another time
Another time
Another time
Another time
Another time
Another time
Another time
Another time
Another time
Another time
Another time
Another time
Another time
Another time
Another time
Another time
Another time
Another time
Another time
Another time
Another time
Another time
Another time
Another time
Another time
Another time
Another time
Another time
Another time
Another time
Another time
Another time
Another time
Another time
Another time
Another time
Another time
Another time
Another time
Another time
Another time
Another time
Another time
Another time
Another time
Another time
Another time
Another time
Another time
Another time
Another time
Another time
Another time
Another time
Another time
Another time
Another time
Another time
Another time
Another time
Another time
Another time
Another time
Another time
Another time
Another time
Another time
Another time
Another time
Another time
Another time
Another time
Another time
Another time
Another time
Another time
Another time
Another time
Another time
Another time
Another time
Another time
Another time
Another time
Another time
Another time
Another time
Another time
Another time
Another time
Another time
Another time
Another time
Another time
Another time
Another time
Another time
Another time
Another time
Another time
Another time
Another time
Another time
Another time
Another time
Another time
Another time
Another time
Another time
Another time
Another time
Another time
Another time
Another time
Another time
Another time
Another time
Another time
Another time
Another time
Another time
Another time
Another time
Another time
Another time
Another time
Another time
Another time
Another time
Another time
Another time
Another time
Another time
Another time
Another time
Another time
Another time
Another time
Another time
Another time
Another time
Another time
Another time
Another time
Another time
Another time
Another time
Another time
Another time
Another time
Another time
Another time
Another time
Another time
Another time
Another time
Another time
Another time
Another time
Another time
Another time
Another time
Another time
Another time
Another time
Another time
Another time
Another time
Another time
Another time
Another time
Another time
Another time
Another time
Another time
Another time
Another time
Another time
Another time
Another time
Another time
Another time
Another time
Another time
Another time
Another time
Another time
Another time
Another time
Another time
Another time
Another time
Another time
Another time
Another time
Another time
Another time
Another time
Another time
Another time
Another time
Another time
Another time
Another time
Another time
Another time
Another time
Another time
Another time
Another time
Another time
Another time
Another time
Another time
Another time
Another time
Another time
Another time
Another time
Another time
Another time
Another time
Another time
Another time
Another time
Another time
Another time
Another time
Another time
Another time
Another time
Another time
Another time
Another time
Another time
Another time
Another time
Another time
Another time
Another time
Another time
Another time
Another time
Another time
Another time
Another time
Another time
Another time
Another time
Another time
Another time
Another time
Another time
Another time
Another time
Another time
Another time
Another time
Another time
Another time
Another time
Another time
Another time
Another time
Another time
Another time
Another time
Another time
Another time
Another time
Another time
Another time
Another time
Another time
Another time
Another time
Another time
Another time
Another time
Another time
Another time
Another time
Another time
Another time
Another time
Another time
Another time
Another time
Another time
Another time
Another time
Another time
Another time
Another time
Another time
Another time
Another time
Another time
Another time
Another time
Another time
Another time
Another time
Another time
Another time
Another time
Another time
Another time
Another time
Another time
Another time
Another time
Another time
Another time
Another time
Another time
Another time
Another time
Another time
Another time
Another time
Another time
Another time
Another time
Another time
Another time
Another time
Another time
Another time
Another time
Another time
Another time
Another time
Another time
Another time
Another time
Another time
Another time
Another time
Another time
Another time
Another time
Another time
Another time
Another time
Another time
Another time
Another time
Another time
Another time
Another time
Another time
Another time
Another time
Another time
Another time
Another time
Another time
Another time
Another time
Another time
Another time
Another time
Another time
Another time
Another time
Another time
Another time
Another time
Another time
Another time
Another time
Another time
Another time
Another time
Another time
Another time
Another time
Another time
Another time
Another time
Another time
Another time
Another time
Another time
Another time
Another time
Another time
Another time
Another time
Another time
Another time
Another time
Another time
Another time
Another time
Another time
Another time
Another time
Another time
Another time
Another time
Another time
Another time
Another time
Another time
Another time
Another time
Another time
Another time
Another time
Another time
Another time
Another time
Another time
Another time
Another time
Another time
Another time
Another time
Another time
Another time
Another time
Another time
Another time
Another time
Another time
Another time
Another time
Another time
Another time
Another time
Another time
Another time
Another time
Another time
Another time
Another time
Another time
Another time
Another time
Another time
Another time
Another time
Another time
Another time
Another time
Another time
Another time
Another time
Another time
Another time
Another time
Another time
Another time
Another time
Another time
Another time
Another time
Another time
Another time
Another time
Another time
Another time
Another time
Another time
Another time
Another time
Another time
Another time
Another time
Another time
Another time
Another time
Another time
Another time
Another time
Another time
Another time
Another time
Another time
Another time
Another time
Another time
Another time
Another time
Another time
Another time
Another time
Another time
Another time
Another time
Another time
Another time
Another time
Another time
Another time
Another time
Another time
Another time
Another time
Another time
Another time
Another time
Another time
Another time
Another time
Another time
Another time
Another time
Another time
Another time
Another time
Another time
Another time
Another time
Another time
Another time
Another time
Another time
Another time
Another time
Another time
Another time
Another time
Another time
Another time
Another time
Another time
Another time
Another time
Another time
Another time
Another time
Another time
Another time
Another time
Another time
Another time
Another time
Another time
Another time
Another time
Another time
Another time
Another time
Another time
Another time
Another time
Another time
Another time
Another time
Another time
Another time
Another time
Another time
Another time
Another time
Another time
Another time
Another time
Another time
Another time
Another time
Another time
Another time
Another time
Another time
Another time
Another time
Another time
Another time
Another time
Another time
Another time
Another time
Another time
Another time
Another time
Another time
Another time
Another time
Another time
Another time
Another time
Another time
Another time
Another time
Another time
Another time
Another time
Another time
Another time
Another time
Another time
Another time
Another time
Another time
Another time
Another time
Another time
Another time
Another time
Another time
Another time
Another time
Another time
Another time
Another time
Another time
Another time
Another time
Another time
Another time
Another time
Another time
Another time
Another time
Another time
Another time
Another time
Another time
Another time
Another time
Another time
Another time
Another time
Another time
Another time
Another time
Another time
Another time
Another time
Another time
Another time
Another time
Another time
Another time
Another time
Another time
Another time
Another time
Another time
Another time
Another time
Another time
Another time
Another time
Another time
Another time
Another time
Another time
Another time
Another time
Another time
Another time
Another time
Another time
Another time
Another time
Another time
Another time
Another time
Another time
Another time
Another time
Another time
Another time
Another time
Another time
Another time
Another time
Another time
Another time
Another time
Another time
Another time
Another time
Another time
Another time
Another time
Another time
Another time
Another time
Another time
Another time
Another time
Another time
Another time
Another time
Another time
Another time
Another time
Another time
Another time
Another time
Another time
Another time
Another time
Another time
Another time
Another time
Another time
Another time
Another time
Another time
Another time
Another time
Another time
Another time
Another time
Another time
Another time
Another time
Another time
Another time
Another time
Another time
Another time
Another time
Another time
Another time
Another time
Another time
Another time
Another time
Another time
Another time
Another time
Another time
Another time
Another time
Another time
Another time
Another time
Another time
Another time
Another time
Another time
Another time
Another time
Another time
Another time
Another time
Another time
Another time
Another time
Another time
Another time
Another time
Another time
Another time
Another time
Another time
Another time
Another time
Another time
Another time
Another time
Another time
Another time
Another time
Another time
Another time
Another time
Another time
Another time
Another time
Another time
Another time
Another time
Another time
Another time
Another time
Another time
Another time
Another time
Another time
Another time
Another time
Another time
Another time
Another time
Another time
Another time
Another time
Another time
Another time
Another time
Another time
Another time
Another time
Another time
Another time
Another time
Another time
Another time
Another time
Another time
Another time
Another time
Another time
Another time
Another time
Another time
Another time
Another time
Another time
Another time
Another time
Another time
Another time
Another time
Another time
Another time
Another time
Another time
Another time
Another time
Another time
Another time
Another time
Another time
Another time
Another time
Another time
Another time
Another time
Another time
Another time
Another time
Another time
Another time
Another time
Another time
Another time
Another time
Another time
Another time
Another time
Another time
Another time
Another time
Another time
Another time
Another time
Another time
Another time
Another time
Another time
Another time
Another time
Another time
Another time
Another time
Another time
Another time
Another time
Another time
Another time
Another time
Another time
Another time
Another time
Another time
Another time
Another time
Another time
Another time
Another time
Another time
Another time
Another time
Another time
Another time
Another time
Another time
Another time
Another time
Another time
Another time
Another time
Another time
Another time
Another time
Another time
Another time
Another time
Another time
Another time
Another time
Another time
Another time
Another time
Another time
Another time
Another time
Another time
Another time
Another time
Another time
Another time
Another time
Another time
Another time
Another time
Another time
Another time
Another time
Another time
Another time
Another time
Another time
Another time
Another time
Another time
Another time
Another time
Another time
Another time
Another time
Another time
Another time
Another time
Another time
Another time
Another time
Another time
Another time
Another time
Another time
Another time
Another time
Another time
Another time
Another time
Another time
Another time
Another time
Another time
Another time
Another time
Another time
Another time
Another time
Another time
Another time
Another time
Another time
Another time
Another time
Another time
Another time
Another time
Another time
Another time
Another time
Another time
Another time
Another time
Another time
Another time
Another time
Another time
Another time
Another time
Another time
Another time
Another time
Another time
Another time
Another time
Another time
Another time
Another time
Another time
Another time
Another time
Another time
Another time
Another time
Another time
Another time
Another time
Another time
Another time
Another time
Another time
Another time
Another time
Another time
Another time
Another time
Another time
Another time
Another time
Another time
Another time
Another time
Another time
Another time
Another time
Another time
Another time
Another time
Another time
Another time
Another time
Another time
Another time
Another time
Another time
Another time
Another time
Another time
Another time
Another time
Another time
Another time
Another time
Another time
Another time
Another time
Another time
Another time
Another time
Another time
Another time
Another time
Another time
Another time
Another time
Another time
Another time
Another time
Another time
Another time
Another time
Another time
Another time
Another time
Another time
Another time
Another time
Another time
Another time
Another time
Another time
Another time
Another time
Another time
Another time
Another time
Another time
Another time
Another time
Another time
Another time
Another time
Another time
Another time
Another time
Another time
Another time
Another time
Another time
Another time
Another time
Another time
Another time
Another time
Another time
Another time
Another time
Another time
Another time
Another time
Another time
Another time
Another time
Another time
Another time
Another time
Another time
Another time
Another time
Another time
Another time
Another time
Another time
Another time
Another time
Another time
Another time
Another time
Another time
Another time
Another time
Another time
Another time
Another time
Another time
Another time
Another time
Another time
Another time
Another time
Another time
Another time
Another time
Another time
Another time
Another time
Another time
Another time
Another time
Another time
Another time
Another time
Another time
Another time
Another time
Another time
Another time
Another time
Another time
Another time
Another time
Another time
Another time
Another time
Another time
Another time
Another time
Another time
Another time
Another time
Another time
Another time
Another time
Another time
Another time
Another time
Another time
Another time
Another time
Another time
Another time
Another time
Another time
Another time
Another time
Another time
Another time
Another time
Another time
Another time
Another time
Another time
Another time
Another time
Another time
Another time
Another time
Another time
Another time
Another time
Another time
Another time
Another time
Another time
Another time
Another time
Another time
Another time
Another time
Another time
Another time
Another time
Another time
Another time
Another time
Another time
Another time
Another time
Another time
Another time
Another time
Another time
Another time
Another time
Another time
Another time
Another time
Another time
Another time
Another time
Another time
Another time
Another time
Another time
Another time
Another time
Another time
Another time
Another time
Another time
Another time
Another time
Another time
Another time
Another time
Another time
Another time
Another time
Another time
Another time
Another time
Another time
Another time
Another time
Another time
Another time
Another time
Another time
Another time
Another time
Another time
Another time
Another time
Another time
Another time
Another time
Another time
Another time
Another time
Another time
Another time
Another time
Another time
Another time
Another time
Another time
Another time
Another time
Another time
Another time
Another time
Another time
Another time
Another time
Another time
Another time
Another time
Another time
Another time
Another time
Another time
Another time
Another time
Another time
Another time
Another time
Another time
Another time
Another time
Another time
Another time
Another time
Another time
Another time
Another time
Another time
Another time
Another time
Another time
Another time
Another time
Another time
Another time
Another time
Another time
Another time
Another time
Another time
Another time
Another time
Another time
Another time
Another time
Another time
Another time
Another time
Another time
Another time
Another time
Another time
Another time
Another time
Another time
Another time
Another time
Another time
Another time
Another time
Another time
Another time
Another time
Another time
Another time
Another time
Another time
Another time
Another time
Another time
Another time
Another time
Another time
Another time
Another time
Another time
Another time
Another time
Another time
Another time
Another time
Another time
Another time
Another time
Another time
Another time
Another time
Another time
Another time
Another time
Another time
Another time
Another time
Another time
Another time
Another time
Another time
Another time
Another time
Another time
Another time
Another time
Another time
Another time
Another time
Another time
Another time
Another time
Another time
Another time
Another time
Another time
Another time
Another time
Another time
Another time
Another time
Another time
Another time
Another time
Another time
Another time
Another time
Another time
Another time
Another time
Another time
Another time
Another time
Another time
Another time
Another time
Another time
Another time
Another time
Another time
Another time
Another time
Another time
Another time
Another time
Another time
Another time
Another time
Another time
Another time
Another time
Another time
Another time
Another time
Another time
Another time
Another time
Another time
Another time
Another time
Another time
Another time
Another time
Another time
Another time
Another time
Another time
Another time
Another time
Another time
Another time
Another time
Another time
Another time
Another time
Another time
Another time
Another time
Another time
Another time
Another time
Another time
Another time
Another time
Another time
Another time
Another time
Another time
Another time
Another time
Another time
Another time
Another time
Another time
Another time
Another time
Another time
Another time
Another time
Another time
Another time
Another time
Another time
Another time
Another time
Another time
Another time
Another time
Another time
Another time
Another time
Another time
Another time
Another time
Another time
Another time
Another time
Another time
Another time
Another time
Another time
Another time
Another time
Another time
Another time
Another time
Another time
Another time
Another time
Another time
Another time
Another time
Another time
Another time
Another time
Another time
Another time
Another time
Another time
Another time
Another time
Another time
Another time
Another time
Another time
Another time
Another time
Another time
Another time
Another time
Another time
Another time
Another time
Another time
Another time
Another time
Another time
Another time
Another time
Another time
Another time
Another time
Another time
Another time
Another time
Another time
Another time
Another time
Another time
Another time
Another time
Another time
Another time
Another time
Another time
Another time
Another time
Another time
Another time
Another time
Another time
Another time
Another time
Another time
Another time
Another time
Another time
Another time
Another time
Another time
Another time
Another time
Another time
Another time
Another time
Another time
Another time
Another time
Another time
Another time
Another time
Another time
Another time
Another time
Another time
Another time
Another time
Another time
Another time
Another time
Another time
Another time
Another time
Another time
Another time
Another time
Another time
Another time
Another time
Another time
Another time
Another time
Another time
Another time
Another time
Another time
Another time
Another time
Another time
Another time
Another time
Another time
Another time
Another time
Another time
Another time
Another time
Another time
Another time
Another time
Another time
Another time
Another time
Another time
Another time
Another time
Another time
Another time
Another time
Another time
Another time
Another time
Another time
Another time
Another time
Another time
Another time
Another time
Another time
Another time
Another time
Another time
Another time
Another time
Another time
Another time
Another time
Another time
Another time
Another time
Another time
Another time
Another time
Another time
Another time
Another time
Another time
Another time
Another time
Another time
Another time
Another time
Another time
Another time
Another time
Another time
Another time
Another time
Another time
Another time
Another time
Another time
Another time
Another time
Another time
Another time
Another time
Another time
Another time
Another time
Another time
Another time
Another time
Another time
Another time
Another time
Another time
Another time
Another time
Another time
Another time
Another time
Another time
Another time
Another time
Another time
Another time
Another time
Another time
Another time
Another time
Another time
Another time
Another time
Another time
Another time
Another time
Another time
Another time
Another time
Another time
Another time
Another time
Another time
Another time
Another time
Another time
Another time
Another time
Another time
Another time
Another time
Another time
Another time
Another time
Another time
Another time
Another time
Another time
Another time
Another time
Another time
Another time
Another time
Another time
Another time
Another time
Another time
Another time
Another time
Another time
Another time
Another time
Another time
Another time
Another time
Another time
Another time
Another time
Another time
Another time
Another time
Another time
Another time
Another time
Another time
Another time
Another time
Another time
Another time
Another time
Another time
Another time
Another time
Another time
Another time
Another time
Another time
Another time
Another time
Another time
Another time
Another time
Another time
Another time
Another time
Another time
Another time
Another time
Another time
Another time
Another time
Another time
Another time
Another time
Another time
Another time
Another time
Another time
Another time
Another time
Another time
Another time
Another time
Another time
Another time
Another time
Another time
Another time
Another time
Another time
Another time
Another time
Another time
Another time
Another time
Another time
Another time
Another time
Another time
Another time
Another time
Another time
Another time
Another time
Another time
Another time
Another time
Another time
Another time
Another time
Another time
Another time
Another time
Another time
Another time
Another time
Another time
Another time
Another time
Another time
Another time
Another time
Another time
Another time
Another time
Another time
Another time
Another time
Another time
Another time
Another time
Another time
Another time
Another time
Another time
Another time
Another time
Another time
Another time
Another time
Another time
Another time
Another time
Another time
Another time
Another time
Another time
Another time
Another time
Another time
Another time
Another time
Another time
Another time
Another time
Another time
Another time
Another time
Another time
Another time
Another time
Another time
Another time
Another time
Another time
Another time
Another time
Another time
Another time
Another time
Another time
Another time
Another time
Another time
Another time
Another time
Another time
Another time
Another time
Another time
Another time
Another time
Another time
Another time
Another time
Another time
Another time
Another time
Another time
Another time
Another time
Another time
Another time
Another time
Another time
Another time
Another time
Another time
Another time
Another time
Another time
Another time
Another time
Another time
Another time
Another time
Another time
Another time
Another time
Another time
Another time
Another time
Another time
Another time
Another time
Another time
Another time
Another time
Another time
Another time
Another time
Another time
Another time
Another time
Another time
Another time
Another time
Another time
Another time
Another time
Another time
Another time
Another time
Another time
Another time
Another time
Another time
Another time
Another time
Another time
Another time
Another time
Another time
Another time
Another time
Another time
Another time
Another time
Another time
Another time
Another time
Another time
Another time
Another time
Another time
Another time
Another time
Another time
Another time
Another time
Another time
Another time
Another time
Another time
Another time
Another time
Another time
Another time
Another time
Another time
Another time
Another time
Another time
Another time
Another time
Another time
Another time
Another time
Another time
Another time
Another time
Another time
Another time
Another time
Another time
Another time
Another time
Another time
Another time
Another time
Another time
Another time
Another time
Another time
Another time
Another time
Another time
Another time
Another time
Another time
Another time
Another time
Another time
Another time
Another time
Another time
Another time
Another time
Another time
Another time
Another time
Another time
Another time
Another time
Another time
Another time
Another time
Another time
Another time
Another time
Another time
Another time
Another time
Another time
Another time
Another time
Another time
Another time
Another time
Another time
Another time
Another time
Another time
Another time
Another time
Another time
Another time
Another time
Another time
Another time
Another time
Another time
Another time
Another time
Another time
Another time
Another time
Another time
Another time
Another time
Another time
Another time
Another time
Another time
Another time
Another time
Another time
Another time
Another time
Another time
Another time
Another time
Another time
Another time
Another time
Another time
Another time
Another time
Another time
Another time
Another time
Another time
Another time
Another time
Another time
Another time
Another time
Another time
Another time
Another time
Another time
Another time
Another time
Another time
Another time
Another time
Another time
Another time
Another time
Another time
Another time
Another time
Another time
Another time
Another time
Another time
Another time
Another time
Another time
Another time
Another time
Another time
Another time
Another time
Another time
Another time
Another time
Another time
Another time
Another time
Another time
Another time
Another time
Another time
Another time
Another time
Another time
Another time
Another time
Another time
Another time
Another time
Another time
Another time
Another time
Another time
Another time
Another time
Another time
Another time
Another time
Another time
Another time
Another time
Another time
Another time
Another time
Another time
Another time
Another time
Another time
Another time
Another time
Another time
Another time
Another time
Another time
Another time
Another time
Another time
Another time
Another time
Another time
Another time
Another time
Another time
Another time
Another time
Another time
Another time
Another time
Another time
Another time
Another time
Another time
Another time
Another time
Another time
Another time
Another time
Another time
Another time
Another time
Another time
Another time
Another time
Another time
Another time
Another time
Another time
Another time
Another time
Another time
Another time
Another time
Another time
Another time
Another time
Another time
Another time
Another time
Another time
Another time
Another time
Another time
Another time
Another time
Another time
Another time
Another time
Another time
Another time
Another time
Another time
Another time
Another time
Another time
Another time
Another time
Another time
Another time
Another time
Another time
Another time
Another time
Another time
Another time
Another time
Another time
Another time
Another time
Another time
Another time
Another time
Another time
Another time
Another time
Another time
Another time
Another time
Another time
Another time
Another time
Another time
Another time
Another time
Another time
Another time
Another time
Another time
Another time
Another time
Another time
Another time
Another time
Another time
Another time
Another time
Another time
Another time
Another time
Another time
Another time
Another time
Another time
Another time
Another time
Another time
Another time
Another time
Another time
Another time
Another time
Another time
Another time
Another time
Another time
Another time
Another time
Another time
Another time
Another time
Another time
Another time
Another time
Another time
Another time
Another time
Another time
Another time
Another time
Another time
Another time
Another time
Another time
Another time
Another time
Another time
Another time
Another time
Another time
Another time
Another time
Another time
Another time
Another time
Another time
Another time
Another time
Another time
Another time
Another time
Another time
Another time
Another time
Another time
Another time
Another time
Another time
Another time
Another time
Another time
Another time
Another time
Another time
Another time
Another time
Another time
Another time
Another time
Another time
Another time
Another time
Another time
Another time
Another time
Another time
Another time
Another time
Another time
Another time
Another time
Another time
Another time
Another time
Another time
Another time
Another time
Another time
Another time
Another time
Another time
Another time
Another time
Another time
Another time
Another time
Another time
Another time
Another time
Another time
Another time
Another time
Another time
Another time
Another time
Another time
Another time
Another time
Another time
Another time
Another time
Another time
Another time
Another time
Another time
Another time
Another time
Another time
Another time
Another time
Another time
Another time
Another time
Another time
Another time
Another time
Another time
Another time
Another time
Another time
Another time
Another time
Another time
Another time
Another time
Another time
Another time
Another time
Another time
Another time
Another time
Another time
Another time
Another time
Another time
Another time
Another time
Another time
Another time
Another time
Another time
Another time
Another time
Another time
Another time
Another time
Another time
Another time
Another time
Another time
Another time
Another time
Another time
Another time
Another time
Another time
Another time
Another time
Another time
Another time
Another time
Another time
Another time
Another time
Another time
Another time
Another time
Another time
Another time
Another time
Another time
Another time
Another time
Another time
Another time
Another time
Another time
Another time
Another time
Another time
Another time
Another time
Another time
Another time
Another time
Another time
Another time
Another time
Another time
Another time
Another time
Another time
Another time
Another time
Another time
Another time
Another time
Another time
Another time
Another time
Another time
Another time
Another time
Another time
Another time
Another time
Another time
Another time
Another time
Another time
Another time
Another time
Another time
Another time
Another time
Another time
Another time
Another time
Another time
Another time
Another time
Another time
Another time
Another time
Another time
Another time
Another time
Another time
Another time
Another time
Another time
Another time
Another time
Another time
Another time
Another time
Another time
Another time
Another time
Another time
Another time
Another time
Another time
Another time
Another time
Another time
Another time
Another time
Another time
Another time
Another time
Another time
Another time
Another time
Another time
Another time
Another time
Another time
Another time
Another time
Another time
Another time
Another time
Another time
Another time
Another time
Another time
Another time
Another time
Another time
Another time
Another time
Another time
Another time
Another time
Another time
Another time
Another time
Another time
Another time
Another time
Another time
Another time
Another time
Another time
Another time
Another time
Another time
Another time
Another time
Another time
Another time
Another time
Another time
Another time
Another time
Another time
Another time
Another time
Another time
Another time
Another time
Another time
Another time
Another time
Another time
Another time
Another time
Another time
Another time
Another time
Another time
Another time
Another time
Another time
Another time
Another time
Another time
Another time
Another time
Another time
Another time
Another time
Another time
Another time
Another time
Another time
Another time
Another time
Another time
Another time
Another time
Another time
Another time
Another time
Another time
Another time
Another time
Another time
Another time
Another time
Another time
Another time
Another time
Another time
Another time
Another time
Another time
Another time
Another time
Another time
Another time
Another time
Another time
Another time
Another time
Another time
Another time
Another time
Another time
Another time
Another time
Another time
Another time
Another time
Another time
Another time
Another time
Another time
Another time
Another time
Another time
Another time
Another time
Another time
Another time
Another time
Another time
Another time
Another time
Another time
Another time
Another time
Another time
Another time
Another time
Another time
Another time
Another time
Another time
Another time
Another time
Another time
Another time
Another time
Another time
Another time
Another time
Another time
Another time
Another time
Another time
Another time
Another time
Another time
Another time
Another time
Another time
Another time
Another time
Another time
Another time
Another time
Another time
Another time
Another time
Another time
Another time
Another time
Another time
Another time
Another time
Another time
Another time
Another time
Another time
Another time
Another time
Another time
Another time
Another time
Another time
Another time
Another time
Another time
Another time
Another time
Another time
Another time
Another time
Another time
Another time
Another time
Another time
Another time
Another time
Another time
Another time
Another time
Another time
Another time
Another time
Another time
Another time
Another time
Another time
Another time
Another time
Another time
Another time
Another time
Another time
Another time
Another time
Another time
Another time
Another time
Another time
Another time
Another time
Another time
Another time
Another time
Another time
Another time
Another time
Another time
Another time
Another time
Another time
Another time
Another time
Another time
Another time
Another time
Another time
Another time
Another time
Another time
Another time
Another time
Another time
Another time
Another time
Another time
Another time
Another time
Another time
Another time
Another time
Another time
Another time
Another time
Another time
Another time
Another time
Another time
Another time
Another time
Another time
Another time
Another time
Another time
Another time
Another time
Another time
Another time
Another time
Another time
Another time
Another time
Another time
Another time
Another time
Another time
Another time
Another time
Another time
Another time
Another time
Another time
Another time
Another time
Another time
Another time
Another time
Another time
Another time
Another time
Another time
Another time
Another time
Another time
Another time
Another time
Another time
Another time
Another time
Another time
Another time
Another time
Another time
Another time
Another time
Another time
Another time
Another time
Another time
Another time
Another time
Another time
Another time
Another time
Another time
Another time
Another time
Another time
Another time
Another time
Another time
Another time
Another time
Another time
Another time
Another time
Another time
Another time
Another time
Another time
Another time
Another time
Another time
Another time
Another time
Another time
Another time
Another time
Another time
Another time
Another time
Another time
Another time
Another time
Another time
Another time
Another time
Another time
Another time
Another time
Another time
Another time
Another time
Another time
Another time
Another time
Another time
Another time
Another time
Another time
Another time
Another time
Another time
Another time
Another time
Another time
Another time
Another time
Another time
Another time
Another time
Another time
Another time
Another time
Another time
Another time
Another time
Another time
Another time
Another time
Another time
Another time
Another time
Another time
Another time
Another time
Another time
Another time
Another time
Another time
Another time
Another time
Another time
Another time
Another time
Another time
Another time
Another time
Another time
Another time
Another time
Another time
Another time
Another time
Another time
Another time
Another time
Another time
Another time
Another time
Another time
Another time
Another time
Another time
Another time
Another time
Another time
Another time
Another time
Another time
Another time
Another time
Another time
Another time
Another time
Another time
Another time
Another time
Another time
Another time
Another time
Another time
Another time
Another time
Another time
Another time
Another time
Another time
Another time
Another time
Another time
Another time
Another time
Another time
Another time
Another time
Another time
Another time
Another time
Another time
Another time
Another time
Another time
Another time
Another time
Another time
Another time
Another time
Another time
Another time
Another time
Another time
Another time
Another time
Another time
Another time
Another time
Another time
Another time
Another time
Another time
Another time
Another time
Another time
Another time
Another time
Another time
Another time
Another time
Another time
Another time
Another time
Another time
Another time
Another time
Another time
Another time
Another time
Another time
Another time
Another time
Another time
Another time
Another time
Another time
Another time
Another time
Another time
Another time
Another time
Another time
Another time
Another time
Another time
Another time
Another time
Another time
Another time
Another time
Another time
Another time
Another time
Another time
Another time
Another time
Another time
Another time
Another time
Another time
Another time
Another time
Another time
Another time
Another time
Another time
Another time
Another time
Another time
Another time
Another time
Another time
Another time
Another time
Another time
Another time
Another time
Another time
Another time
Another time
Another time
Another time
Another time
Another time
Another time
Another time
Another time
Another time
Another time
Another time
Another time
Another time
Another time
Another time
Another time
Another time
Another time
Another time
Another time
Another time
Another time
Another time
Another time
Another time
Another time
Another time
Another time
Another time
Another time
Another time
Another time
Another time
Another time
Another time
Another time
Another time
Another time
Another time
Another time
Another time
Another time
Another time
Another time
Another time
Another time
Another time
Another time
Another time
Another time
Another time
Another time
Another time
Another time
Another time
Another time
Another time
Another time
Another time
Another time
Another time
Another time
Another time
Another time
Another time
Another time
Another time
Another time
Another time
Another time
Another time
Another time
Another time
Another time
Another time
Another time
Another time
Another time
Another time
Another time
Another time
Another time
Another time
Another time
Another time
Another time
Another time
Another time
Another time
Another time
Another time
Another time
Another time
Another time
Another time
Another time
Another time
Another time
Another time
Another time
Another time
Another time
Another time
Another time
Another time
Another time
Another time
Another time
Another time
Another time
Another time
Another time
Another time
Another time
Another time
Another time
Another time
Another time
Another time
Another time
Another time
Another time
Another time
Another time
Another time
Another time
Another time
Another time
Another time
Another time
Another time
Another time
Another time
Another time
Another time
Another time
Another time
Another time
Another time
Another time
Another time
Another time
Another time
Another time
Another time
Another time
Another time
Another time
Another time
Another time
Another time
Another time
Another time
Another time
Another time
Another time
Another time
Another time
Another time
Another time
Another time
Another time
Another time
Another time
Another time
Another time
Another time
Another time
Another time
Another time
Another time
Another time
Another time
Another time
Another time
Another time
Another time
Another time
Another time
Another time
Another time
Another time
Another time
Another time
Another time
Another time
Another time
Another time
Another time
Another time
Another time
Another time
Another time
Another time
Another time
Another time
Another time
Another time
Another time
Another time
Another time
Another time
Another time
Another time
Another time
Another time
Another time
Another time
Another time
Another time
Another time
Another time
Another time
Another time
Another time
Another time
Another time
Another time
Another time
Another time
Another time
Another time
Another time
Another time
Another time
Another time
Another time
Another time
Another time
Another time
Another time
Another time
Another time
Another time
Another time
Another time
Another time
Another time
Another time
Another time
Another time
Another time
Another time
Another time
Another time
Another time
Another time
Another time
Another time
Another time
Another time
Another time
Another time
Another time
Another time
Another time
Another time
Another time
Another time
Another time
Another time
Another time
Another time
Another time
Another time
Another time
Another time
Another time
Another time
Another time
Another time
Another time
Another time
Another time
Another time
Another time
Another time
Another time
Another time
Another time
Another time
Another time
Another time
Another time
Another time
Another time
Another time
Another time
Another time
Another time
Another time
Another time
Another time
Another time
Another time
Another time
Another time
Another time
Another time
Another time
Another time
Another time
Another time
Another time
Another time
Another time
Another time
Another time
Another time
Another time
Another time
Another time
Another time
Another time
Another time
Another time
Another time
Another time
Another time
Another time
Another time
Another time
Another time
Another time
Another time
Another time
Another time
Another time
Another time
Another time
Another time
Another time
Another time
Another time
Another time
Another time
Another time
Another time
Another time
Another time
Another time
Another time
Another time
Another time
Another time
Another time
Another time
Another time
Another time
Another time
Another time
Another time
Another time
Another time
Another time
Another time
Another time
Another time
Another time
Another time
Another time
Another time
Another time
Another time
Another time
Another time
Another time
Another time
Another time
Another time
Another time
Another time
Another time
Another time
Another time
Another time
Another time
Another time
Another time
Another time
Another time
Another time
Another time
Another time
Another time
Another time
Another time
Another time
Another time
Another time
Another time
Another time
Another time
Another time
Another time
Another time
Another time
Another time
Another time
Another time
Another time
Another time
Another time
Another time
Another time
Another time
Another time
Another time
Another time
Another time
Another time
Another time
Another time
Another time
Another time
Another time
Another time
Another time
Another time
Another time
Another time
Another time
Another time
Another time
Another time
Another time
Another time
Another time
Another time
Another time
Another time
Another time
Another time
Another time
Another time
Another time
Another time
Another time
Another time
Another time
Another time
Another time
Another time
Another time
Another time
Another time
Another time
Another time
Another time
Another time
Another time
Another time
Another time
Another time
Another time
Another time
Another time
Another time
Another time
Another time
Another time
Another time
Another time
Another time
Another time
Another time
Another time
Another time
Another time
Another time
Another time
Another time
Another time
Another time
Another time
Another time
Another time
Another time
Another time
Another time
Another time
Another time
Another time
Another time
Another time
Another time
Another time
Another time
Another time
Another time
Another time
Another time
Another time
Another time
Another time
Another time
Another time
Another time
Another time
Another time
Another time
Another time
Another time
Another time
Another time
Another time
Another time
Another time
Another time
Another time
Another time
Another time
Another time
Another time
Another time
Another time
Another time
Another time
Another time
Another time
Another time
Another time
Another time
Another time
Another time
Another time
Another time
Another time
Another time
Another time
Another time
Another time
Another time
Another time
Another time
Another time
Another time
Another time
Another time
Another time
Another time
Another time
Another time
Another time
Another time
Another time
Another time
Another time
Another time
Another time
Another time
Another time
Another time
Another time
Another time
Another time
Another time
Another time
Another time
Another time
Another time
Another time
Another time
Another time
Another time
Another time
Another time
Another time
Another time
Another time
Another time
Another time
Another time
Another time
Another time
Another time
Another time
Another time
Another time
Another time
Another time
Another time
Another time
Another time
Another time
Another time
Another time
Another time
Another time
Another time
Another time
Another time
Another time
Another time
Another time
Another time
Another time
Another time
Another time
Another time
Another time
Another time
Another time
Another time
Another time
Another time
Another time
Another time
Another time
Another time
Another time
Another time
Another time
Another time
Another time
Another time
Another time
Another time
Another time
Another time
Another time
Another time
Another time
Another time
Another time
Another time
Another time
Another time
Another time
Another time
Another time
Another time
Another time
Another time
Another time
Another time
Another time
Another time
Another time
Another time
Another time
Another time
Another time
Another time
Another time
Another time
Another time
Another time
Another time
Another time
Another time
Another time
Another time
Another time
Another time
Another time
Another time
Another time
Another time
Another time
Another time
Another time
Another time
Another time
Another time
Another time
Another time
Another time
Another time
Another time
Another time
Another time
Another time
Another time
Another time
Another time
Another time
Another time
Another time
Another time
Another time
Another time
Another time
Another time
Another time
Another time
Another time
Another time
Another time
Another time
Another time
Another time
Another time
Another time
Another time
Another time
Another time
Another time
Another time
Another time
Another time
Another time
Another time
Another time
Another time
Another time
Another time
Another time
Another time
Another time
Another time
Another time
Another time
Another time
Another time
Another time
Another time
Another time
Another time
Another time
Another time
Another time
Another time
Another time
Another time
Another time
Another time
Another time
Another time
Another time
Another time
Another time
Another time
Another time
Another time
Another time
Another time
Another time
Another time
Another time
Another time
Another time
Another time
Another time
Another time
Another time
Another time
Another time
Another time
Another time
Another time
Another time
Another time
Another time
Another time
Another time
Another time
Another time
Another time
Another time
Another time
Another time
Another time
Another time
Another time
Another time
Another time
Another time
Another time
Another time
Another time
Another time
Another time
Another time
Another time
Another time
Another time
Another time
Another time
Another time
Another time
Another time
Another time
Another time
Another time
Another time
Another time
Another time
Another time
Another time
Another time
Another time
Another time
Another time
Another time
Another time
Another time
Another time
Another time
Another time
Another time
Another time
Another time
Another time
Another time
Another time
Another time
Another time
Another time
Another time
Another time
Another time
Another time
Another time
Another time
Another time
Another time
Another time
Another time
Another time
Another time
Another time
Another time
Another time
Another time
Another time
Another time
Another time
Another time
Another time
Another time
Another time
Another time
Another time
Another time
Another time
Another time
Another time
Another time
Another time
Another time
Another time
Another time
Another time
Another time
Another time
Another time
Another time
Another time
Another time
Another time
Another time
Another time
Another time
Another time
Another time
Another time
Another time
Another time
Another time
Another time
Another time
Another time
Another time
Another time
Another time
Another time
Another time
Another time
Another time
Another time
Another time
Another time
Another time
Another time
Another time
Another time
Another time
Another time
Another time
Another time
Another time
Another time
Another time
Another time
Another time
Another time
Another time
Another time
Another time
Another time
Another time
Another time
Another time
Another time
Another time
Another time
Another time
Another time
Another time
Another time
Another time
Another time
Another time
Another time
Another time
Another time
Another time
Another time
Another time
Another time
Another time
Another time
Another time
Another time
Another time
Another time
Another time
Another time
Another time
Another time
Another time
Another time
Another time
Another time
Another time
Another time
Another time
Another time
Another time
Another time
Another time
Another time
Another time
Another time
Another time
Another time
Another time
Another time
Another time
Another time
Another time
Another time
Another time
Another time
Another time
Another time
Another time
Another time
Another time
Another time
Another time
Another time
Another time
Another time
Another time
Another time
Another time
Another time
Another time
Another time
Another time
Another time
Another time
Another time
Another time
Another time
Another time
Another time
Another time
Another time
Another time
Another time
Another time
Another time
Another time
Another time
Another time
Another time
Another time
Another time
Another time
Another time
Another time
Another time
Another time
Another time
Another time
Another time
Another time
Another time
Another time
Another time
Another time
Another time
Another time
Another time
Another time
Another time
Another time
Another time
Another time
Another time
Another time
Another time
Another time
Another time
Another time
Another time
Another time
Another time
Another time
Another time
Another time
Another time
Another time
Another time
Another time
Another time
Another time
Another time
Another time
Another time
Another time
Another time
Another time
Another time
Another time
Another time
Another time
Another time
Another time
Another time
Another time
Another time
Another time
Another time
Another time
Another time
Another time
Another time
Another time
Another time
Another time
Another time
Another time
Another time
Another time
Another time
Another time
Another time
Another time
Another time
Another time
Another time
Another time
Another time
Another time
Another time
Another time
Another time
Another time
Another time
Another time
Another time
Another time
Another time
Another time
Another time
Another time
Another time
Another time
Another time
Another time
Another time
Another time
Another time
Another time
Another time
Another time
Another time
Another time
Another time
Another time
Another time
Another time
Another time
Another time
Another time
Another time
Another time
Another time
Another time
Another time
Another time
Another time
Another time
Another time
Another time
Another time
Another time
Another time
Another time
Another time
Another time
Another time
Another time
Another time
Another time
Another time
Another time
Another time
Another time
Another time
Another time
Another time
Another time
Another time
Another time
Another time
Another time
Another time
Another time
Another time
Another time
Another time
Another time
Another time
Another time
Another time
Another time
Another time
Another time
Another time
Another time
Another time
Another time
Another time
Another time
Another time
Another time
Another time
Another time
Another time
Another time
Another time
Another time
Another time
Another time
Another time
Another time
Another time
Another time
Another time
Another time
Another time
Another time
Another time
Another time
Another time
Another time
Another time
Another time
Another time
Another time
Another time
Another time
Another time
Another time
Another time
Another time
Another time
Another time
Another time
Another time
Another time
Another time
Another time
Another time
Another time
Another time
Another time
Another time
Another time
Another time
Another time
Another time
Another time
Another time
Another time
Another time
Another time
Another time
Another time
Another time
Another time
Another time
Another time
Another time
Another time
Another time
Another time
Another time
Another time
Another time
Another time
Another time
Another time
Another time
Another time
Another time
Another time
Another time
Another time
Another time
Another time
Another time
Another time
Another time
Another time
Another time
Another time
Another time
Another time
Another time
Another time
Another time
Another time
Another time
Another time
Another time
Another time
Another time
Another time
Another time
Another time
Another time
Another time
Another time
Another time
Another time
Another time
Another time
Another time
Another time
Another time
Another time
Another time
Another time
Another time
Another time
Another time
Another time
Another time
Another time
Another time
Another time
Another time
Another time
Another time
Another time
Another time
Another time
Another time
Another time
Another time
Another time
Another time
Another time
Another time
Another time
Another time
Another time
Another time
Another time
Another time
Another time
Another time
Another time
Another time
Another time
Another time
Another time
Another time
Another time
Another time
Another time
Another time
Another time
Another time
Another time
Another time
Another time
Another time
Another time
Another time
Another time
Another time
Another time
Another time
Another time
Another time
Another time
Another time
Another time
Another time
Another time
Another time
Another time
Another time
Another time
Another time
Another time
Another time
Another time
Another time
Another time
Another time
Another time
Another time
Another time
Another time
Another time
Another time
Another time
Another time
Another time
Another time
Another time
Another time
Another time
Another time
Another time
Another time
Another time
Another time
Another time
Another time
Another time
Another time
Another time
Another time
Another time
Another time
Another time
Another time
Another time
Another time
Another time
Another time
Another time
Another time
Another time
Another time
Another time
Another time
Another time
Another time
Another time
Another time
Another time
Another time
Another time
Another time
Another time
Another time
Another time
Another time
Another time
Another time
Another time
Another time
Another time
Another time
Another time
Another time
Another time
Another time
Another time
Another time
Another time
Another time
Another time
Another time
Another time
Another time
Another time
Another time
Another time
Another time
Another time
Another time
Another time
Another time
Another time
Another time
Another time
Another time
Another time
Another time
Another time
Another time
Another time
Another time
Another time
Another time
Another time
Another time
Another time
Another time
Another time
Another time
Another time
Another time
Another time
Another time
Another time
Another time
Another time
Another time
Another time
Another time
Another time
Another time
Another time
Another time
Another time
Another time
Another time
Another time
Another time
Another time
Another time
Another time
Another time
Another time
Another time
Another time
Another time
Another time
Another time
Another time
Another time
Another time
Another time
Another time
Another time
Another time
Another time
Another time
Another time
Another time
Another time
Another time
Another time
Another time
Another time
Another time
Another time
Another time
Another time
Another time
Another time
Another time
Another time
Another time
Another time
Another time
Another time
Another time
Another time
Another time
Another time
Another time
Another time
Another time
Another time
Another time
Another time
Another time
Another time
Another time
Another time
Another time
Another time
Another time
Another time
Another time
Another time
Another time
Another time
Another time
Another time
Another time
Another time
Another time
Another time
Another time
Another time
Another time
Another time
Another time
Another time
Another time
Another time
Another time
Another time
Another time
Another time
Another time
Another time
Another time
Another time
Another time
Another time
Another time
Another time
Another time
Another time
Another time
Another time
Another time
Another time
Another time
Another time
Another time
Another time
Another time
Another time
Another time
Another time
Another time
Another time
Another time
Another time
Another time
Another time
Another time
Another time
Another time
Another time
Another time
Another time
Another time
Another time
Another time
Another time
Another time
Another time
Another time
Another time
Another time
Another time
Another time
Another time
Another time
Another time
Another time
Another time
Another time
Another time
Another time
Another time
Another time
Another time
Another time
Another time
Another time
Another time
Another time
Another time
Another time
Another time
Another time
Another time
Another time
Another time
Another time
Another time
Another time
Another time
Another time
Another time
Another time
Another time
Another time
Another time
Another time
Another time
Another time
Another time
Another time
Another time
Another time
Another time
Another time
Another time
Another time
Another time
Another time
Another time
Another time
Another time
Another time
Another time
Another time
Another time
Another time
Another time
Another time
Another time
Another time
Another time
Another time
Another time
Another time
Another time
Another time
Another time
Another time
Another time
Another time
Another time
Another time
Another time
Another time
Another time
Another time
Another time
Another time
Another time
Another time
Another time
Another time
Another time
Another time
Another time
Another time
Another time
Another time
Another time
Another time
Another time
Another time
Another time
Another time
Another time
Another time
Another time
Another time
Another time
Another time
Another time
Another time
Another time
Another time
Another time
Another time
Another time
Another time
Another time
Another time
Another time
Another time
Another time
Another time
Another time
Another time
Another time
Another time
Another time
Another time
Another time
Another time
Another time
Another time
Another time
Another time
Another time
Another time
Another time
Another time
Another time
Another time
Another time
Another time
Another time
Another time
Another time
Another time
Another time
Another time
Another time
Another time
Another time
Another time
Another time
Another time
Another time
Another time
Another time
Another time
Another time
Another time
Another time
Another time
Another time
Another time
Another time
Another time
Another time
Another time
Another time
Another time
Another time
Another time
Another time
Another time
Another time
Another time
Another time
Another time
Another time
Another time
Another time
Another time
Another time
Another time
Another time
Another time
Another time
Another time
Another time
Another time
Another time
Another time
Another time
Another time
Another time
Another time
Another time
Another time
Another time
Another time
Another time
Another time
Another time
Another time
Another time
Another time
Another time
Another time
Another time
Another time
Another time
Another time
Another time
Another time
Another time
Another time
Another time
Another time
Another time
Another time
Another time
Another time
Another time
Another time
Another time
Another time
Another time
Another time
Another time
Another time
Another time
Another time
Another time
Another time
Another time
Another time
Another time
Another time
Another time
Another time
Another time
Another time
Another time
Another time
Another time
Another time
Another time
Another time
Another time
Another time
Another time
Another time
Another time
Another time
Another time
Another time
Another time
Another time
Another time
Another time
Another time
Another time
Another time
Another time
Another time
Another time
Another time
Another time
Another time
Another time
Another time
Another time
Another time
Another time
Another time
Another time
Another time
Another time
Another time
Another time
Another time
Another time
Another time
Another time
Another time
Another time
Another time
Another time
Another time
Another time
Another time
Another time
Another time
Another time
Another time
Another time
Another time
Another time
Another time
Another time
Another time
Another time
Another time
Another time
Another time
Another time
Another time
Another time
Another time
Another time
Another time
Another time
Another time
Another time
Another time
Another time
Another time
Another time
Another time
Another time
Another time
Another time
Another time
Another time
Another time
Another time
Another time
Another time
Another time
Another time
Another time
Another time
Another time
Another time
Another time
Another time
Another time
Another time
Another time
Another time
Another time
Another time
Another time
Another time
Another time
Another time
Another time
Another time
Another time
Another time
Another time
Another time
Another time
Another time
Another time
Another time
Another time
Another time
Another time
Another time
Another time
Another time
Another time
Another time
Another time
Another time
Another time
Another time
Another time
Another time
Another time
Another time
Another time
Another time
Another time
Another time
Another time
Another time
Another time
Another time
Another time
Another time
Another time
Another time
Another time
Another time
Another time
Another time
Another time
Another time
Another time
Another time
Another time
Another time
Another time
Another time
Another time
Another time
Another time
Another time
Another time
Another time
Another time
Another time
Another time
Another time
Another time
Another time
Another time
Another time
Another time
Another time
Another time
Another time
Another time
Another time
Another time
Another time
Another time
Another time
Another time
Another time
Another time
Another time
Another time
Another time
Another time
Another time
Another time
Another time
Another time
Another time
Another time
Another time
Another time
Another time
Another time
Another time
Another time
Another time
Another time
Another time
Another time
Another time
Another time
Another time
Another time
Another time
Another time
Another time
Another time
Another time
Another time
Another time
Another time
Another time
Another time
Another time
Another time
Another time
Another time
Another time
Another time
Another time
Another time
Another time
Another time
Another time
Another time
Another time
Another time
Another time
Another time
Another time
Another time
Another time
Another time
Another time
Another time
Another time
Another time
Another time
Another time
Another time
Another time
Another time
Another time
Another time
Another time
Another time
Another time
Another time
Another time
Another time
Another time
Another time
Another time
Another time
Another time
Another time
Another time
Another time
Another time
Another time
Another time
Another time
Another time
Another time
Another time
Another time
Another time
Another time
Another time
Another time
Another time
Another time
Another time
Another time
Another time
Another time
Another time
Another time
Another time
Another time
Another time
Another time
Another time
Another time
Another time
Another time
Another time
Another time
Another time
Another time
Another time
Another time
Another time
Another time
Another time
Another time
Another time
Another time
Another time
Another time
Another time
Another time
Another time
Another time
Another time
Another time
Another time
Another time
Another time
Another time
Another time
Another time
Another time
Another time
Another time
Another time
Another time
Another time
Another time
Another time
Another time
Another time
Another time
Another time
Another time
Another time
Another time
Another time
Another time
Another time
Another time
Another time
Another time
Another time
Another time
Another time
Another time
Another time
Another time
Another time
Another time
Another time
Another time
Another time
Another time
Another time
Another time
Another time
Another time
Another time
Another time
Another time
Another time
Another time
Another time
Another time
Another time
Another time
Another time
Another time
Another time
Another time
Another time
Another time
Another time
Another time
Another time
Another time
Another time
Another time
Another time
Another time
Another time
Another time
Another time
Another time
Another time
Another time
Another time
Another time
Another time
Another time
Another time
Another time
Another time
Another time
Another time
Another time
Another time
Another time
Another time
Another time
Another time
Another time
Another time
Another time
Another time
Another time
Another time
Another time
Another time
Another time
Another time
Another time
Another time
Another time
Another time
Another time
Another time
Another time
Another time
Another time
Another time
Another time
Another time
Another time
Another time
Another time
Another time
Another time
Another time
Another time
Another time
Another time
Another time
Another time
Another time
Another time
Another time
Another time
Another time
Another time
Another time
Another time
Another time
Another time
Another time
Another time
Another time
Another time
Another time
Another time
Another time
Another time
Another time
Another time
Another time
Another time
Another time
Another time
Another time
Another time
Another time
Another time
Another time
Another time
Another time
Another time
Another time
Another time
Another time
Another time
Another time
Another time
Another time
Another time
Another time
Another time
Another time
Another time
Another time
Another time
Another time
Another time
Another time
Another time
Another time
Another time
Another time
Another time
Another time
Another time
Another time
Another time
Another time
Another time
Another time
Another time
Another time
Another time
Another time
Another time
Another time
Another time
Another time
Another time
Another time
Another time
Another time
Another time
Another time
Another time
Another time
Another time
Another time
Another time
Another time
Another time
Another time
Another time
Another time
Another time
Another time
Another time
Another time
Another time
Another time
Another time
Another time
Another time
Another time
Another time
Another time
Another time
Another time
Another time
Another time
Another time
Another time
Another time
Another time
Another time
Another time
Another time
Another time
Another time
Another time
Another time
Another time
Another time
Another time
Another time
Another time
Another time
Another time
Another time
Another time
Another time
Another time
Another time
Another time
Another time
Another time
Another time
Another time
Another time
Another time
Another time
Another time
Another time
Another time
Another time
Another time
Another time
Another time
Another time
Another time
Another time
Another time
Another time
Another time
Another time
Another time
Another time
Another time
Another time
Another time
Another time
Another time
Another time
Another time
Another time
Another time
Another time
Another time
Another time
Another time
Another time
Another time
Another time
Another time
Another time
Another time
Another time
Another time
Another time
Another time
Another time
Another time
Another time
Another time
Another time
Another time
Another time
Another time
Another time
Another time
Another time
Another time
Another time
Another time
Another time
Another time
Another time
Another time
Another time
Another time
Another time
Another time
Another time
Another time
Another time
Another time
Another time
Another time
Another time
Another time
Another time
Another time
Another time
Another time
Another time
Another time
Another time
Another time
Another time
Another time
Another time
Another time
Another time
Another time
Another time
Another time
Another time
Another time
Another time
Another time
Another time
Another time
Another time
Another time
Another time
Another time
Another time
Another time
Another time
Another time
Another time
Another time
Another time
Another time
Another time
Another time
Another time
Another time
Another time
Another time
Another time
Another time
Another time
Another time
Another time
Another time
Another time
Another time
Another time
Another time
Another time
Another time
Another time
Another time
Another time
Another time
Another time
Another time
Another time
Another time
Another time
Another time
Another time
Another time
Another time
Another time
Another time
Another time
Another time
Another time
Another time
Another time
Another time
Another time
Another time
Another time
Another time
Another time
Another time
Another time
Another time
Another time
Another time
Another time
Another time
Another time
Another time
Another time
Another time
Another time
Another time
Another time
Another time
Another time
Another time
Another time
Another time
Another time
Another time
Another time
Another time
Another time
Another time
Another time
Another time
Another time
Another time
Another time
Another time
Another time
Another time
Another time
Another time
Another time
Another time
Another time
Another time
Another time
Another time
Another time
Another time
Another time
Another time
Another time
Another time
Another time
Another time
Another time
Another time
Another time
Another time
Another time
Another time
Another time
Another time
Another time
Another time
Another time
Another time
Another time
Another time
Another time
Another time
Another time
Another time
Another time
Another time
Another time
Another time
Another time
Another time
Another time
Another time
Another time
Another time
Another time
Another time
Another time
Another time
Another time
Another time
Another time
Another time
Another time
Another time
Another time
Another time
Another time
Another time
Another time
Another time
Another time
Another time
Another time
Another time
Another time
Another time
Another time
Another time
Another time
Another time
Another time
Another time
Another time
Another time
Another time
Another time
Another time
Another time
Another time
Another time
Another time
Another time
Another time
Another time
Another time
Another time
Another time
Another time
Another time
Another time
Another time
Another time
Another time
Another time
Another time
Another time
Another time
Another time
Another time
Another time
Another time
Another time
Another time
Another time
Another time
Another time
Another time
Another time
Another time
Another time
Another time
Another time
Another time
Another time
Another time
Another time
Another time
Another time
Another time
Another time
Another time
Another time
Another time
Another time
Another time
Another time
Another time
Another time
Another time
Another time
Another time
Another time
Another time
Another time
Another time
Another time
Another time
Another time
Another time
Another time
Another time
Another time
Another time
Another time
Another time
Another time
Another time
Another time
Another time
Another time
Another time
Another time
Another time
Another time
Another time
Another time
Another time
Another time
Another time
Another time
Another time
Another time
Another time
Another time
Another time
Another time
Another time
Another time
Another time
Another time
Another time
Another time
Another time
Another time
Another time
Another time
Another time
Another time
Another time
Another time
Another time
Another time
Another time
Another time
Another time
Another time
Another time
Another time
Another time
Another time
Another time
Another time
Another time
Another time
Another time
Another time
Another time
Another time
Another time
Another time
Another time
Another time
Another time
Another time
Another time
Another time
Another time
Another time
Another time
Another time
Another time
Another time
Another time
Another time
Another time
Another time
Another time
Another time
Another time
Another time
Another time
Another time
Another time
Another time
Another time
Another time
Another time
Another time
Another time
Another time
Another time
Another time
Another time
Another time
Another time
Another time
Another time
Another time
Another time
Another time
Another time
Another time
Another time
Another time
Another time
Another time
Another time
Another time
Another time
Another time
Another time
Another time
Another time
Another time
Another time
Another time
Another time
Another time
Another time
Another time
Another time
Another time
Another time
Another time
Another time
Another time
Another time
Another time
Another time
Another time
Another time
Another time
Another time
Another time
Another time
Another time
Another time
Another time
Another time
Another time
Another time
Another time
Another time
Another time
Another time
Another time
Another time
Another time
Another time
Another time
Another time
Another time
Another time
Another time
Another time
Another time
Another time
Another time
Another time
Another time
Another time
Another time
Another time
Another time
Another time
Another time
Another time
Another time
Another time
Another time
Another time
Another time
Another time
Another time
Another time
Another time
Another time
Another time
Another time
Another time
Another time
Another time
Another time
Another time
Another time
Another time
Another time
Another time
Another time
Another time
Another time
Another time
Another time
Another time
Another time
Another time
Another time
Another time
Another time
Another time
Another time
Another time
Another time
Another time
Another time
Another time
Another time
Another time
Another time
Another time
Another time
Another time
Another time
Another time
Another time
Another time
Another time
Another time
Another time
Another time
Another time
Another time
Another time
Another time
Another time
Another time
Another time
Another time
Another time
Another time
Another time
Another time
Another time
Another time
Another time
Another time
Another time
Another time
Another time
Another time
Another time
Another time
Another time
Another time
Another time
Another time
Another time
Another time
Another time
Another time
Another time
Another time
Another time
Another time
Another time
Another time
Another time
Another time
Another time
Another time
Another time
Another time
Another time
Another time
Another time
Another time
Another time
Another time
Another time
Another time
Another time
Another time
Another time
Another time
Another time
Another time
Another time
Another time
Another time
Another time
Another time
Another time
Another time
Another time
Another time
Another time
Another time
Another time
Another time
Another time
Another time
Another time
Another time
Another time
Another time
Another time
Another time
Another time
Another time
Another time
Another time
Another time
Another time
Another time
Another time
Another time
Another time
Another time
Another time
Another time
Another time
Another time
Another time
Another time
Another time
Another time
Another time
Another time
Another time
Another time
Another time
Another time
Another time
Another time
Another time
Another time
Another time
Another time
Another time
Another time
Another time
Another time
Another time
Another time
Another time
Another time
Another time
Another time
Another time
Another time
Another time
Another time
Another time
Another time
Another time
Another time
Another time
Another time
Another time
Another time
Another time
Another time
Another time
Another time
Another time
Another time
Another time
Another time
Another time
Another time
Another time
Another time
Another time
Another time
Another time
Another time
Another time
Another time
Another time
Another time
Another time
Another time
Another time
Another time
Another time
Another time
Another time
Another time
Another time
Another time
Another time
Another time
Another time
Another time
Another time
Another time
Another time
Another time
Another time
Another time
Another time
Another time
Another time
Another time
Another time
Another time
Another time
Another time
Another time
Another time
Another time
Another time
Another time
Another time
Another time
Another time
Another time
Another time
Another time
Another time
Another time
Another time
Another time
Another time
Another time
Another time
Another time
Another time
Another time
Another time
Another time
Another time
Another time
Another time
Another time
Another time
Another time
Another time
Another time
Another time
Another time
Another time
Another time
Another time
Another time
Another time
Another time
Another time
Another time
Another time
Another time
Another time
Another time
Another time
Another time
Another time
Another time
Another time
Another time
Another time
Another time
Another time
Another time
Another time
Another time
Another time
Another time
Another time
Another time
Another time
Another time
Another time
Another time
Another time
Another time
Another time
Another time
Another time
Another time
Another time
Another time
Another time
Another time
Another time
Another time
Another time
Another time
Another time
Another time
Another time
Another time
Another time
Another time
Another time
Another time
Another time
Another time
Another time
Another time
Another time
Another time
Another time
Another time
Another time
Another time
Another time
Another time
Another time
Another time
Another time
Another time
Another time
Another time
Another time
Another time
Another time
Another time
Another time
Another time
Another time
Another time
Another time
Another time
Another time
Another time
Another time
Another time
Another time
Another time
Another time
Another time
Another time
Another time
Another time
Another time
Another time
Another time
Another time
Another time
Another time
Another time
Another time
Another time
Another time
Another time
Another time
Another time
Another time
Another time
Another time
Another time
Another time
Another time
Another time
Another time
Another time
Another time
Another time
Another time
Another time
Another time
Another time
Another time
Another time
Another time
Another time
Another time
Another time
Another time
Another time
Another time
Another time
Another time
Another time
Another time
Another time
Another time
Another time
Another time
Another time
Another time
Another time
Another time
Another time
Another time
Another time
Another time
Another time
Another time
Another time
Another time
Another time
Another time
Another time
Another time
Another time
Another time
Another time
Another time
Another time
Another time
Another time
Another time
Another time
Another time
Another time
Another time
Another time
Another time
Another time
Another time
Another time
Another time
Another time
Another time
Another time
Another time
Another time
Another time
Another time
Another time
Another time
Another time
Another time
Another time
Another time
Another time
Another time
Another time
Another time
Another time
Another time
Another time
Another time
Another time
Another time
Another time
Another time
Another time
Another time
Another time
Another time
Another time
Another time
Another time
Another time
Another time
Another time
Another time
Another time
Another time
Another time
Another time
Another time
Another time
Another time
Another time
Another time
Another time
Another time
Another time
Another time
Another time
Another time
Another time
Another time
Another time
Another time
Another time
Another time
Another time
Another time
Another time
Another time
Another time
Another time
Another time
Another time
Another time
Another time
Another time
Another time
Another time
Another time
Another time
Another time
Another time
Another time
Another time
Another time
Another time
Another time
Another time
Another time
Another time
Another time
Another time
Another time
Another time
Another time
Another time
Another time
Another time
Another time
Another time
Another time
Another time
Another time
Another time
Another time
Another time
Another time
Another time
Another time
Another time
Another time
Another time
Another time
Another time
Another time
Another time
Another time
Another time
Another time
Another time
Another time
Another time
Another time
Another time
Another time
Another time
Another time
Another time
Another time
Another time
Another time
Another time
Another time
Another time
Another time
Another time
Another time
Another time
Another time
Another time
Another time
Another time
Another time
Another time
Another time
Another time
Another time
Another time
Another time
Another time
Another time
Another time
Another time
Another time
Another time
Another time
Another time
Another time
Another time
Another time
Another time
Another time
Another time
Another time
Another time
Another time
Another time
Another time
Another time
Another time
Another time
Another time
Another time
Another time
Another time
Another time
Another time
Another time
Another time
Another time
Another time
Another time
Another time
Another time
Another time
Another time
Another time
Another time
Another time
Another time
Another time
Another time
Another time
Another time
Another time
Another time
Another time
Another time
Another time
Another time
Another time
Another time
Another time
Another time
Another time
Another time
Another time
Another time
Another time
Another time
Another time
Another time
Another time
Another time
Another time
Another time
Another time
Another time
Another time
Another time
Another time
Another time
Another time
Another time
Another time
Another time
Another time
Another time
Another time
Another time
Another time
Another time
Another time
Another time
Another time
Another time
Another time
Another time
Another time
Another time
Another time
Another time
Another time
Another time
Another time
Another time
Another time
Another time
Another time
Another time
Another time
Another time
Another time
Another time
Another time
Another time
Another time
Another time
Another time
Another time
Another time
Another time
Another time
Another time
Another time
Another time
Another time
Another time
Another time
Another time
Another time
Another time
Another time
Another time
Another time
Another time
Another time
Another time
Another time
Another time
Another time
Another time
Another time
Another time
Another time
Another time
Another time
Another time
Another time
Another time
Another time
Another time
Another time
Another time
Another time
Another time
Another time
Another time
Another time
Another time
Another time
Another time
Another time
Another time
Another time
Another time
Another time
Another time
Another time
Another time
Another time
Another time
Another time
Another time
Another time
Another time
Another time
Another time
Another time
Another time
Another time
Another time
Another time
Another time
Another time
Another time
Another time
Another time
Another time
Another time
Another time
Another time
Another time
Another time
Another time
Another time
Another time
Another time
Another time
Another time
Another time
Another time
Another time
Another time
Another time
Another time
Another time
Another time
Another time
Another time
Another time
Another time
Another time
Another time
Another time
Another time
Another time
Another time
Another time
Another time
Another time
Another time
Another time
Another time
Another time
Another time
Another time
Another time
Another time
Another time
Another time
Another time
Another time
Another time
Another time
Another time
Another time
Another time
Another time
Another time
Another time
Another time
Another time
Another time
Another time
Another time
Another time
Another time
Another time
Another time
Another time
Another time
Another time
Another time
Another time
Another time
Another time
Another time
Another time
Another time
Another time
Another time
Another time
Another time
Another time
Another time
Another time
Another time
Another time
Another time
Another time
Another time
Another time
Another time
Another time
Another time
Another time
Another time
Another time
Another time
Another time
Another time
Another time
Another time
Another time
Another time
Another time
Another time
Another time
Another time
Another time
Another time
Another time
Another time
Another time
Another time
Another time
Another time
Another time
Another time
Another time
Another time
Another time
Another time
Another time
Another time
Another time
Another time
Another time
Another time
Another time
Another time
Another time
Another time
Another time
Another time
Another time
Another time
Another time
Another time
Another time
Another time
Another time
Another time
Another time
Another time
Another time
Another time
Another time
Another time
Another time
Another time
Another time
Another time
Another time
Another time
Another time
Another time
Another time
Another time
Another time
Another time
Another time
Another time
Another time
Another time
Another time
Another time
Another time
Another time
Another time
Another time
Another time
Another time
Another time
Another time
Another time
Another time
Another time
Another time
Another time
Another time
Another time
Another time
Another time
Another time
Another time
Another time
Another time
Another time
Another time
Another time
Another time
Another time
Another time
Another time
Another time
Another time
Another time
Another time
Another time
Another time
Another time
Another time
Another time
Another time
Another time
Another time
Another time
Another time
Another time
Another time
Another time
Another time
Another time
Another time
Another time
Another time
Another time
Another time
Another time
Another time
Another time
Another time
Another time
Another time
Another time
Another time
Another time
Another time
Another time
Another time
Another time
Another time
Another time
Another time
Another time
Another time
Another time
Another time
Another time
Another time
Another time
Another time
Another time
Another time
Another time
Another time
Another time
Another time
Another time
Another time
Another time
Another time
Another time
Another time
Another time
Another time
Another time
Another time
Another time
Another time
Another time
Another time
Another time
Another time
Another time
Another time
Another time
Another time
Another time
Another time
Another time
Another time
Another time
Another time
Another time
Another time
Another time
Another time
Another time
Another time
Another time
Another time
Another time
Another time
Another time
Another time
Another time
Another time
Another time
Another time
Another time
Another time
Another time
Another time
Another time
Another time
Another time
Another time
Another time
Another time
Another time
Another time
Another time
Another time
Another time
Another time
Another time
Another time
Another time
Another time
Another time
Another time
Another time
Another time
Another time
Another time
Another time
Another time
Another time
Another time
Another time
Another time
Another time
Another time
Another time
Another time
Another time
Another time
Another time
Another time
Another time
Another time
Another time
Another time
Another time
Another time
Another time
Another time
Another time
Another time
Another time
Another time
Another time
Another time
Another time
Another time
Another time
Another time
Another time
Another time
Another time
Another time
Another time
Another time
Another time
Another time
Another time
Another time
Another time
Another time
Another time
Another time
Another time
Another time
Another time
Another time
Another time
Another time
Another time
Another time
Another time
Another time
Another time
Another time
Another time
Another time
Another time
Another time
Another time
Another time
Another time
Another time
Another time
Another time
Another time
Another time
Another time
Another time
Another time
Another time
Another time
Another time
Another time
Another time
Another time
Another time
Another time
Another time
Another time
Another time
Another time
Another time
Another time
Another time
Another time
Another time
Another time
Another time
Another time
Another time
Another time
Another time
Another time
Another time
Another time
Another time
Another time
Another time
Another time
Another time
Another time
Another time
Another time
Another time
Another time
Another time
Another time
Another time
Another time
Another time
Another time
Another time
Another time
Another time
Another time
Another time
Another time
Another time
Another time
Another time
Another time
Another time
Another time
Another time
Another time
Another time
Another time
Another time
Another time
Another time
Another time
Another time
Another time
Another time
Another time
Another time
Another time
Another time
Another time
Another time
Another time
Another time
Another time
Another time
Another time
Another time
Another time
Another time
Another time
Another time
Another time
Another time
Another time
Another time
Another time
Another time
Another time
Another time
Another time
Another time
Another time
Another time
Another time
Another time
Another time
Another time
Another time
Another time
Another time
Another time
Another time
Another time
Another time
Another time
Another time
Another time
Another time
Another time
Another time
Another time
Another time
Another time
Another time
Another time
Another time
Another time
Another time
Another time
Another time
Another time
Another time
Another time
Another time
Another time
Another time
Another time
Another time
Another time
Another time
Another time
Another time
Another time
Another time
Another time
Another time
Another time
Another time
Another time
Another time
Another time
Another time
Another time
Another time
Another time
Another time
Another time
Another time
Another time
Another time
Another time
Another time
Another time
Another time
Another time
Another time
Another time
Another time
Another time
Another time
Another time
Another time
Another time
Another time
Another time
Another time
Another time
Another time
Another time
Another time
Another time
Another time
Another time
Another time
Another time
Another time
Another time
Another time
Another time
Another time
Another time
Another time
Another time
Another time
Another time
Another time
Another time
Another time
Another time
Another time
Another time
Another time
Another time
Another time
Another time
Another time
Another time
Another time
Another time
Another time
Another time
Another time
Another time
Another time
Another time
Another time
Another time
Another time
Another time
Another time
Another time
Another time
Another time
Another time
Another time
Another time
Another time
Another time
Another time
Another time
Another time
Another time
Another time
Another time
Another time
Another time
Another time
Another time
Another time
Another time
Another time
Another time
Another time
Another time
Another time
Another time
Another time
Another time
Another time
Another time
Another time
Another time
Another time
Another time
Another time
Another time
Another time
Another time
Another time
Another time
Another time
Another time
Another time
Another time
Another time
Another time
Another time
Another time
Another time
Another time
Another time
Another time
Another time
Another time
Another time
Another time
Another time
Another time
Another time
Another time
Another time
Another time
Another time
Another time
Another time
Another time
Another time
Another time
Another time
Another time
Another time
Another time
Another time
Another time
Another time
Another time
Another time
Another time
Another time
Another time
Another time
Another time
Another time
Another time
Another time
Another time
Another time
Another time
Another time
Another time
Another time
Another time
Another time
Another time
Another time
Another time
Another time
Another time
Another time
Another time
Another time
Another time
Another time
Another time
Another time
Another time
Another time
Another time
Another time
Another time
Another time
Another time
Another time
Another time
Another time
Another time
Another time
Another time
Another time
Another time
Another time
Another time
Another time
Another time
Another time
Another time
Another time
Another time
Another time
Another time
Another time
Another time
Another time
Another time
Another time
Another time
Another time
Another time
Another time
Another time
Another time
Another time
Another time
Another time
Another time
Another time
Another time
Another time
Another time
Another time
Another time
Another time
Another time
Another time
Another time
Another time
Another time
Another time
Another time
Another time
Another time
Another time
Another time
Another time
Another time
Another time
Another time
Another time
Another time
Another time
Another time
Another time
Another time
Another time
Another time
Another time
Another time
Another time
Another time
Another time
Another time
Another time
Another time
Another time
Another time
Another time
Another time
Another time
Another time
Another time
Another time
Another time
Another time
Another time
Another time
Another time
Another time
Another time
Another time
Another time
Another time
Another time
Another time
Another time
Another time
Another time
Another time
Another time
Another time
Another time
Another time
Another time
Another time
Another time
Another time
Another time
Another time
Another time
Another time
Another time
Another time
Another time
Another time
Another time
Another time
Another time
Another time
Another time
Another time
Another time
Another time
Another time
Another time
Another time
Another time
Another time
Another time
Another time
Another time
Another time
Another time
Another time
Another time
Another time
Another time
Another time
Another time
Another time
Another time
Another time
Another time
Another time
Another time
Another time
Another time
Another time
Another time
Another time
Another time
Another time
Another time
Another time
Another time
Another time
Another time
Another time
Another time
Another time
Another time
Another time
Another time
Another time
Another time
Another time
Another time
Another time
Another time
Another time
Another time
Another time
Another time
Another time
Another time
Another time
Another time
Another time
Another time
Another time
Another time
Another time
Another time
Another time
Another time
Another time
Another time
Another time
Another time
Another time
Another time
Another time
Another time
Another time
Another time
Another time
Another time
Another time
Another time
Another time
Another time
Another time
Another time
Another time
Another time
Another time
Another time
Another time
Another time
Another time
Another time
Another time
Another time
Another time
Another time
Another time
Another time
Another time
Another time
Another time
Another time
Another time
Another time
Another time
Another time
Another time
Another time
Another time
Another time
Another time
Another time
Another time
Another time
Another time
Another time
Another time
Another time
Another time
Another time
Another time
Another time
Another time
Another time
Another time
Another time
Another time
Another time
Another time
Another time
Another time
Another time
Another time
Another time
Another time
Another time
Another time
Another time
Another time
Another time
Another time
Another time
Another time
Another time
Another time
Another time
Another time
Another time
Another time
Another time
Another time
Another time
Another time
Another time
Another time
Another time
Another time
Another time
Another time
Another time
Another time
Another time
Another time
Another time
Another time
Another time
Another time
Another time
Another time
Another time
Another time
Another time
Another time
Another time
Another time
Another time
Another time
Another time
Another time
Another time
Another time
Another time
Another time
Another time
Another time
Another time
Another time
Another time
Another time
Another time
Another time
Another time
Another time
Another time
Another time
Another time
Another time
Another time
Another time
Another time
Another time
Another time
Another time
Another time
Another time
Another time
Another time
Another time
Another time
Another time
Another time
Another time
Another time
Another time
Another time
Another time
Another time
Another time
Another time
Another time
Another time
Another time
Another time
Another time
Another time
Another time
Another time
Another time
Another time
Another time
Another time
Another time
Another time
Another time
Another time
Another time
Another time
Another time
Another time
Another time
Another time
Another time
Another time
Another time
Another time
Another time
Another time
Another time
Another time
Another time
Another time
Another time
Another time
Another time
Another time
Another time
Another time
Another time
Another time
Another time
Another time
Another time
Another time
Another time
Another time
Another time
Another time
Another time
Another time
Another time
Another time
Another time
Another time
Another time
Another time
Another time
Another time
Another time
Another time
Another time
Another time
Another time
Another time
Another time
Another time
Another time
Another time
Another time
Another time
Another time
Another time
Another time
Another time
Another time
Another time
Another time
Another time
Another time
Another time
Another time
Another time
Another time
Another time
Another time
Another time
Another time
Another time
Another time
Another time
Another time
Another time
Another time
Another time
Another time
Another time
Another time
Another time
Another time
Another time
Another time
Another time
Another time
Another time
Another time
Another time
Another time
Another time
Another time
Another time
Another time
Another time
Another time
Another time
Another time
Another time
Another time
Another time
Another time
Another time
Another time
Another time
Another time
Another time
Another time
Another time
Another time
Another time
Another time
Another time
Another time
Another time
Another time
Another time
Another time
Another time
Another time
Another time
Another time
Another time
Another time
Another time
Another time
Another time
Another time
Another time
Another time
Another time
Another time
Another time
Another time
Another time
Another time
Another time
Another time
Another time
Another time
Another time
Another time
Another time
Another time
Another time
Another time
Another time
Another time
Another time
Another time
Another time
Another time
Another time
Another time
Another time
Another time
Another time
Another time
Another time
Another time
Another time
Another time
Another time
Another time
Another time
Another time
Another time
Another time
Another time
Another time
Another time
Another time
Another time
Another time
Another time
Another time
Another time
Another time
Another time
Another time
Another time
Another time
Another time
Another time
Another time
Another time
Another time
Another time
Another time
Another time
Another time
Another time
Another time
Another time
Another time
Another time
Another time
Another time
Another time
Another time
Another time
Another time
Another time
Another time
Another time
Another time
Another time
Another time
Another time
Another time
Another time
Another time
Another time
Another time
Another time
Another time
Another time
Another time
Another time
Another time
Another time
Another time
Another time
Another time
Another time
Another time
Another time
Another time
Another time
Another time
Another time
Another time
Another time
Another time
Another time
Another time
Another time
Another time
Another time
Another time
Another time
Another time
Another time
Another time
Another time
Another time
Another time
Another time
Another time
Another time
Another time
Another time
Another time
Another time
Another time
Another time
Another time
Another time
Another time
Another time
Another time
Another time
Another time
Another time
Another time
Another time
Another time
Another time
Another time
Another time
Another time
Another time
Another time
Another time
Another time
Another time
Another time
Another time
Another time
Another time
Another time
Another time
Another time
Another time
Another time
Another time
Another time
Another time
Another time
Another time
Another time
Another time
Another time
Another time
Another time
Another time
Another time
Another time
Another time
Another time
Another time
Another time
Another time
Another time
Another time
Another time
Another time
Another time
Another time
Another time
Another time
Another time
Another time
Another time
Another time
Another time
Another time
Another time
Another time
Another time
Another time
Another time
Another time
Another time
Another time
Another time
Another time
Another time
Another time
Another time
Another time
Another time
Another time
Another time
Another time
Another time
Another time
Another time
Another time
Another time
Another time
Another time
Another time
Another time
Another time
Another time
Another time
Another time
Another time
Another time
Another time
Another time
Another time
Another time
Another time
Another time
Another time
Another time
Another time
Another time
Another time
Another time
Another time
Another time
Another time
Another time
Another time
Another time
Another time
Another time
Another time
Another time
Another time
Another time
Another time
Another time
Another time
Another time
Another time
Another time
Another time
Another time
Another time
Another time
Another time
Another time
Another time
Another time
Another time
Another time
Another time
Another time
Another time
Another time
Another time
Another time
Another time
Another time
Another time
Another time
Another time
Another time
Another time
Another time
Another time
Another time
Another time
Another time
Another time
Another time
Another time
Another time
Another time
Another time
Another time
Another time
Another time
Another time
Another time
Another time
Another time
Another time
Another time
Another time
Another time
Another time
Another time
Another time
Another time
Another time
Another time
Another time
Another time
Another time
Another time
Another time
Another time
Another time
Another time
Another time
Another time
Another time
Another time
Another time
Another time
Another time
Another time
Another time
Another time
Another time
Another time
Another time
Another time
Another time
Another time
Another time
Another time
Another time
Another time
Another time
Another time
Another time
Another time
Another time
Another time
Another time
Another time
Another time
Another time
Another time
Another time
Another time
Another time
Another time
Another time
Another time
Another time
Another time
Another time
Another time
Another time
Another time
Another time
Another time
Another time
Another time
Another time
Another time
Another time
Another time
Another time
Another time
Another time
Another time
Another time
Another time
Another time
Another time
Another time
Another time
Another time
Another time
Another time
Another time
Another time
Another time
Another time
Another time
Another time
Another time
Another time
Another time
Another time
Another time
Another time
Another time
Another time
Another time
Another time
Another time
Another time
Another time
Another time
Another time
Another time
Another time
Another time
Another time
Another time
Another time
Another time
Another time
Another time
Another time
Another time
Another time
Another time
Another time
Another time
Another time
Another time
Another time
Another time
Another time
Another time
Another time
Another time
Another time
Another time
Another time
Another time
Another time
Another time
Another time
Another time
Another time
Another time
Another time
Another time
Another time
Another time
Another time
Another time
Another time
Another time
Another time
Another time
Another time
Another time
Another time
Another time
Another time
Another time
Another time
Another time
Another time
Another time
Another time
Another time
Another time
Another time
Another time
Another time
Another time
Another time
Another time
Another time
Another time
Another time
Another time
Another time
Another time
Another time
Another time
Another time
Another time
Another time
Another time
Another time
Another time
Another time
Another time
Another time
Another time
Another time
Another time
Another time
Another time
Another time
Another time
Another time
Another time
Another time
Another time
Another time
Another time
Another time
Another time
Another time
Another time
Another time
Another time
Another time
Another time
Another time
Another time
Another time
Another time
Another time
Another time
Another time
Another time
Another time
Another time
Another time
Another time
Another time
Another time
Another time
Another time
Another time
Another time
Another time
Another time
Another time
Another time
Another time
Another time
Another time
Another time
Another time
Another time
Another time
Another time
Another time
Another time
Another time
Another time
Another time
Another time
Another time
Another time
Another time
Another time
Another time
Another time
Another time
Another time
Another time
Another time
Another time
Another time
Another time
Another time
Another time
Another time
Another time
Another time
Another time
Another time
Another time
Another time
Another time
Another time
Another time
Another time
Another time
Another time
Another time
Another time
Another time
Another time
Another time
Another time
Another time
Another time
Another time
Another time
Another time
Another time
Another time
Another time
Another time
Another time
Another time
Another time
Another time
Another time
Another time
Another time
Another time
Another time
Another time
Another time
Another time
Another time
Another time
Another time
Another time
Another time
Another time
Another time
Another time
Another time
Another time
Another time
Another time
Another time
Another time
Another time
Another time
Another time
Another time
Another time
Another time
Another time
Another time
Another time
Another time
Another time
Another time
Another time
Another time
Another time
Another time
Another time
Another time
Another time
Another time
Another time
Another time
Another time
Another time
Another time
Another time
Another time
Another time
Another time
Another time
Another time
Another time
Another time
Another time
Another time
Another time
Another time
Another time
Another time
Another time
Another time
Another time
Another time
Another time
Another time
Another time
Another time
Another time
Another time
Another time
Another time
Another time
Another time
Another time
Another time
Another time
Another time
Another time
Another time
Another time
Another time
Another time
Another time
Another time
Another time
Another time
Another time
Another time
Another time
Another time
Another time
Another time
Another time
Another time
Another time
Another time
Another time
Another time
Another time
Another time
Another time
Another time
Another time
Another time
Another time
Another time
Another time
Another time
Another time
Another time
Another time
Another time
Another time
Another time
Another time
Another time
Another time
Another time
Another time
Another time
Another time
Another time
Another time
Another time
Another time
Another time
Another time
Another time
Another time
Another time
Another time
Another time
Another time
Another time
Another time
Another time
Another time
Another time
Another time
Another time
Another time
Another time
Another time
Another time
Another time
Another time
Another time
Another time
Another time
Another time
Another time
Another time
Another time
Another time
Another time
Another time
Another time
Another time
Another time
Another time
Another time
Another time
Another time
Another time
Another time
Another time
Another time
Another time
Another time
Another time
Another time
Another time
Another time
Another time
Another time
Another time
Another time
Another time
Another time
Another time
Another time
Another time
Another time
Another time
Another time
Another time
Another time
Another time
Another time
Another time
Another time
Another time
Another time
Another time
Another time
Another time
Another time
Another time
Another time
Another time
Another time
Another time
Another time
Another time
Another time
Another time
Another time
Another time
Another time
Another time
Another time
Another time
Another time
Another time
Another time
Another time
Another time
Another time
Another time
Another time
Another time
Another time
Another time
Another time
Another time
Another time
Another time
Another time
Another time
Another time
Another time
Another time
Another time
Another time
Another time
Another time
Another time
Another time
Another time
Another time
Another time
Another time
Another time
Another time
Another time
Another time
Another time
Another time
Another time
Another time
Another time
Another time
Another time
Another time
Another time
Another time
Another time
Another time
Another time
Another time
Another time
Another time
Another time
Another time
Another time
Another time
Another time
Another time
Another time
Another time
Another time
Another time
Another time
Another time
Another time
Another time
Another time
Another time
Another time
Another time
Another time
Another time
Another time
Another time
Another time
Another time
Another time
Another time
Another time
Another time
Another time
Another time
Another time
Another time
Another time
Another time
Another time
Another time
Another time
Another time
Another time
Another time
Another time
Another time
Another time
Another time
Another time
Another time
Another time
Another time
Another time
Another time
Another time
Another time
Another time
Another time
Another time
Another time
Another time
Another time
Another time
Another time
Another time
Another time
Another time
Another time
Another time
Another time
Another time
Another time
Another time
Another time
Another time
Another time
Another time
Another time
Another time
Another time
Another time
Another time
Another time
Another time
Another time
Another time
Another time
Another time
Another time
Another time
Another time
Another time
Another time
Another time
Another time
Another time
Another time
Another time
Another time
Another time
Another time
Another time
Another time
Another time
Another time
Another time
Another time
Another time
Another time
Another time
Another time
Another time
Another time
Another time
Another time
Another time
Another time
Another time
Another time
Another time
Another time
Another time
Another time
Another time
Another time
Another time
Another time
Another time
Another time
Another time
Another time
Another time
Another time
Another time
Another time
Another time
Another time
Another time
Another time
Another time
Another time
Another time
Another time
Another time
Another time
Another time
Another time
Another time
Another time
Another time
Another time
Another time
Another time
Another time
Another time
Another time
Another time
Another time
Another time
Another time
Another time
Another time
Another time
Another time
Another time
Another time
Another time
Another time
Another time
Another time
Another time
Another time
Another time
Another time
Another time
Another time
Another time
Another time
Another time
Another time
Another time
Another time
Another time
Another time
Another time
Another time
Another time
Another time
Another time
Another time
Another time
Another time
Another time
Another time
Another time
Another time
Another time
Another time
Another time
Another time
Another time
Another time
Another time
Another time
Another time
Another time
Another time
Another time
Another time
Another time
Another time
Another time
Another time
Another time
Another time
Another time
Another time
Another time
Another time
Another time
Another time
Another time
Another time
Another time
Another time
Another time
Another time
Another time
Another time
Another time
Another time
Another time
Another time
Another time
Another time
Another time
Another time
Another time
Another time
Another time
Another time
Another time
Another time
Another time
Another time
Another time
Another time
Another time
Another time
Another time
Another time
Another time
Another time
Another time
Another time
Another time
Another time
Another time
Another time
Another time
Another time
Another time
Another time
Another time
Another time
Another time
Another time
Another time
Another time
Another time
Another time
Another time
Another time
Another time
Another time
Another time
Another time
Another time
Another time
Another time
Another time
Another time
Another time
Another time
Another time
Another time
Another time
Another time
Another time
Another time
Another time
Another time
Another time
Another time
Another time
Another time
Another time
Another time
Another time
Another time
Another time
Another time
Another time
Another time
Another time
Another time
Another time
Another time
Another time
Another time
Another time
Another time
Another time
Another time
Another time
Another time
Another time
Another time
Another time
Another time
Another time
Another time
Another time
Another time
Another time
Another time
Another time
Another time
Another time
Another time
Another time
Another time
Another time
Another time
Another time
Another time
Another time
Another time
Another time
Another time
Another time
Another time
Another time
Another time
Another time
Another time
Another time
Another time
Another time
Another time
Another time
Another time
Another time
Another time
Another time
Another time
Another time
Another time
Another time
Another time
Another time
Another time
Another time
Another time
Another time
Another time
Another time
Another time
Another time
Another time
Another time
Another time
Another time
Another time
Another time
Another time
Another time
Another time
Another time
Another time
Another time
Another time
Another time
Another time
Another time
Another time
Another time
Another time
Another time
Another time
Another time
Another time
Another time
Another time
Another time
Another time
Another time
Another time
Another time
Another time
Another time
Another time
Another time
Another time
Another time
Another time
Another time
Another time
Another time
Another time
Another time
Another time
Another time
Another time
Another time
Another time
Another time
Another time
Another time
Another time
Another time
Another time
Another time
Another time
Another time
Another time
Another time
Another time
Another time
Another time
Another time
Another time
Another time
Another time
Another time
Another time
Another time
Another time
Another time
Another time
Another time
Another time
Another time
Another time
Another time
Another time
Another time
Another time
Another time
Another time
Another time
Another time
Another time
Another time
Another time
Another time
Another time
Another time
Another time
Another time
Another time
Another time
Another time
Another time
Another time
Another time
Another time
Another time
Another time
Another time
Another time
Another time
Another time
Another time
Another time
Another time
Another time
Another time
Another time
Another time
Another time
Another time
Another time
Another time
Another time
Another time
Another time
Another time
Another time
Another time
Another time
Another time
Another time
Another time
Another time
Another time
Another time
Another time
Another time
Another time
Another time
Another time
Another time
Another time
Another time
Another time
Another time
Another time
Another time
Another time
Another time
Another time
Another time
Another time
Another time
Another time
Another time
Another time
Another time
Another time
Another time
Another time
Another time
Another time
Another time
Another time
Another time
Another time
Another time
Another time
Another time
Another time
Another time
Another time
Another time
Another time
Another time
Another time
Another time
Another time
Another time
Another time
Another time
Another time
Another time
Another time
Another time
Another time
Another time
Another time
Another time
Another time
Another time
Another time
Another time
Another time
Another time
Another time
Another time
Another time
Another time
Another time
Another time
Another time
Another time
Another time
Another time
Another time
Another time
Another time
Another time
Another time
Another time
Another time
Another time
Another time
Another time
Another time
Another time
Another time
Another time
Another time
Another time
Another time
Another time
Another time
Another time
Another time
Another time
Another time
Another time
Another time
Another time
Another time
Another time
Another time
Another time
Another time
Another time
Another time
Another time
Another time
Another time
Another time
Another time
Another time
Another time
Another time
Another time
Another time
Another time
Another time
Another time
Another time
Another time
Another time
Another time
Another time
Another time
Another time
Another time
Another time
Another time
Another time
Another time
Another time
Another time
Another time
Another time
Another time
Another time
Another time
Another time
Another time
Another time
Another time
Another time
Another time
Another time
Another time
Another time
Another time
Another time
Another time
Another time
Another time
Another time
Another time
Another time
Another time
Another time
Another time
Another time
Another time
Another time
Another time
Another time
Another time
Another time
Another time
Another time
Another time
Another time
Another time
Another time
Another time
Another time
Another time
Another time
Another time
Another time
Another time
Another time
Another time
Another time
Another time
Another time
Another time
Another time
Another time
Another time
Another time
Another time
Another time
Another time
Another time
Another time
Another time
Another time
Another time
Another time
Another time
Another time
Another time
Another time
Another time
Another time
Another time
Another time
Another time
Another time
Another time
Another time
Another time
Another time
Another time
Another time
Another time
Another time
Another time
Another time
Another time
Another time
Another time
Another time
Another time
Another time
Another time
Another time
Another time
Another time
Another time
Another time
Another time
Another time
Another time
Another time
Another time
Another time
Another time
Another time
Another time
Another time
Another time
Another time
Another time
Another time
Another time
Another time
Another time
Another time
Another time
Another time
Another time
Another time
Another time
Another time
Another time
Another time
Another time
Another time
Another time
Another time
Another time
Another time
Another time
Another time
Another time
Another time
Another time
Another time
Another time
Another time
Another time
Another time
Another time
Another time
Another time
Another time
Another time
Another time
Another time
Another time
Another time
Another time
Another time
Another time
Another time
Another time
Another time
Another time
Another time
Another time
Another time
Another time
Another time
Another time
Another time
Another time
Another time
Another time
Another time
Another time
Another time
Another time
Another time
Another time
Another time
Another time
Another time
Another time
Another time
Another time
Another time
Another time
Another time
Another time
Another time
Another time
Another time
Another time
Another time
Another time
Another time
Another time
Another time
Another time
Another time
Another time
Another time
Another time
Another time
Another time
Another time
Another time
Another time
Another time
Another time
Another time
Another time
Another time
Another time
Another time
Another time
Another time
Another time
Another time
Another time
Another time
Another time
Another time
Another time
Another time
Another time
Another time
Another time
Another time
Another time
Another time
Another time
Another time
Another time
Another time
Another time
Another time
Another time
Another time
Another time
Another time
Another time
Another time
Another time
Another time
Another time
Another time
Another time
Another time
Another time
Another time
Another time
Another time
Another time
Another time
Another time
Another time
Another time
Another time
Another time
Another time
Another time
Another time
Another time
Another time
Another time
Another time
Another time
Another time
Another time
Another time
Another time
Another time
Another time
Another time
Another time
Another time
Another time
Another time
Another time
Another time
Another time
Another time
Another time
Another time
Another time
Another time
Another time
Another time
Another time
Another time
Another time
Another time
Another time
Another time
Another time
Another time
Another time
Another time
Another time
Another time
Another time
Another time
Another time
Another time
Another time
Another time
Another time
Another time
Another time
Another time
Another time
Another time
Another time
Another time
Another time
Another time
Another time
Another time
Another time
Another time
Another time
Another time
Another time
Another time
Another time
Another time
Another time
Another time
Another time
Another time
Another time
Another time
Another time
Another time
Another time
Another time
Another time
Another time
Another time
Another time
Another time
Another time
Another time
Another time
Another time
Another time
Another time
Another time
Another time
Another time
Another time
Another time
Another time
Another time
Another time
Another time
Another time
Another time
Another time
Another time
Another time
Another time
Another time
Another time
Another time
Another time
Another time
Another time
Another time
Another time
Another time
Another time
Another time
Another time
Another time
Another time
Another time
Another time
Another time
Another time
Another time
Another time
Another time
Another time
Another time
Another time
Another time
Another time
Another time
Another time
Another time
Another time
Another time
Another time
Another time
Another time
Another time
Another time
Another time
Another time
Another time
Another time
Another time
Another time
Another time
Another time
Another time
Another time
Another time
Another time
Another time
Another time
Another time
Another time
Another time
Another time
Another time
Another time
Another time
Another time
Another time
Another time
Another time
Another time
Another time
Another time
Another time
Another time
Another time
Another time
Another time
Another time
Another time
Another time
Another time
Another time
Another time
Another time
Another time
Another time
Another time
Another time
Another time
Another time
Another time
Another time
Another time
Another time
Another time
Another time
Another time
Another time
Another time
Another time
Another time
Another time
Another time
Another time
Another time
Another time
Another time
Another time
Another time
Another time
Another time
Another time
Another time
Another time
Another time
Another time
Another time
Another time
Another time
Another time
Another time
Another time
Another time
Another time
Another time
Another time
Another time
Another time
Another time
Another time
Another time
Another time
Another time
Another time
Another time
Another time
Another time
Another time
Another time
Another time
Another time
Another time
Another time
Another time
Another time
Another time
Another time
Another time
Another time
Another time
Another time
Another time
Another time
Another time
Another time
Another time
Another time
Another time
Another time
Another time
Another time
Another time
Another time
Another time
Another time
Another time
Another time
Another time
Another time
Another time
Another time
Another time
Another time
Another time
Another time
Another time
Another time
Another time
Another time
Another time
Another time
Another time
Another time
Another time
Another time
Another time
Another time
Another time
Another time
Another time
Another time
Another time
Another time
Another time
Another time
Another time
Another time
Another time
Another time
Another time
Another time
Another time
Another time
Another time
Another time
Another time
Another time
Another time
Another time
Another time
Another time
Another time
Another time
Another time
Another time
Another time
Another time
Another time
Another time
Another time
Another time
Another time
Another time
Another time
Another time
Another time
Another time
Another time
Another time
Another time
Another time
Another time
Another time
Another time
Another time
Another time
Another time
Another time
Another time
Another time
Another time
Another time
Another time
Another time
Another time
Another time
Another time
Another time
Another time
Another time
Another time
Another time
Another time
Another time
Another time
Another time
Another time
Another time
Another time
Another time
Another time
Another time
Another time
Another time
Another time
Another time
Another time
Another time
Another time
Another time
Another time
Another time
Another time
Another time
Another time
Another time
Another time
Another time
Another time
Another time
Another time
Another time
Another time
Another time
Another time
Another time
Another time
Another time
Another time
Another time
Another time
Another time
Another time
Another time
Another time
Another time
Another time
Another time
Another time
Another time
Another time
Another time
Another time
Another time
Another time
Another time
Another time
Another time
Another time
Another time
Another time
Another time
Another time
Another time
Another time
Another time
Another time
Another time
Another time
Another time
Another time
Another time
Another time
Another time
Another time
Another time
Another time
Another time
Another time
Another time
Another time
Another time
Another time
Another time
Another time
Another time
Another time
Another time
Another time
Another time
Another time
Another time
Another time
Another time
Another time
Another time
Another time
Another time
Another time
Another time
Another time
Another time
Another time
Another time
Another time
Another time
Another time
Another time
Another time
Another time
Another time
Another time
Another time
Another time
Another time
Another time
Another time
Another time
Another time
Another time
Another time
Another time
Another time
Another time
Another time
Another time
Another time
Another time
Another time
Another time
Another time
Another time
Another time
Another time
Another time
Another time
Another time
Another time
Another time
Another time
Another time
Another time
Another time
Another time
Another time
Another time
Another time
Another time
Another time
Another time
Another time
Another time
Another time
Another time
Another time
Another time
Another time
Another time
Another time
Another time
Another time
Another time
Another time
Another time
Another time
Another time
Another time
Another time
Another time
Another time
Another time
Another time
Another time
Another time
Another time
Another time
Another time
Another time
Another time
Another time
Another time
Another time
Another time
Another time
Another time
Another time
Another time
Another time
Another time
Another time
Another time
Another time
Another time
Another time
Another time
Another time
Another time
Another time
Another time
Another time
Another time
Another time
Another time
Another time
Another time
Another time
Another time
Another time
Another time
Another time
Another time
Another time
Another time
Another time
Another time
Another time
Another time
Another time
Another time
Another time
Another time
Another time
Another time
Another time
Another time
Another time
Another time
Another time
Another time
Another time
Another time
Another time
Another time
Another time
Another time
Another time
Another time
Another time
Another time
Another time
Another time
Another time
Another time
Another time
Another time
Another time
Another time
Another time
Another time
Another time
Another time
Another time
Another time
Another time
Another time
Another time
Another time
Another time
Another time
Another time
Another time
Another time
Another time
Another time
Another time
Another time
Another time
Another time
Another time
Another time
Another time
Another time
Another time
Another time
Another time
Another time
Another time
Another time
Another time
Another time
Another time
Another time
Another time
Another time
Another time
Another time
Another time
Another time
Another time
Another time
Another time
Another time
Another time
Another time
Another time
Another time
Another time
Another time
Another time
Another time
Another time
Another time
Another time
Another time
Another time
Another time
Another time
Another time
Another time
Another time
Another time
Another time
Another time
Another time
Another time
Another time
Another time
Another time
Another time
Another time
Another time
Another time
Another time
Another time
Another time
Another time
Another time
Another time
Another time
Another time
Another time
Another time
Another time
Another time
Another time
Another time
Another time
Another time
Another time
Another time
Another time
Another time
Another time
Another time
Another time
Another time
Another time
Another time
Another time
Another time
Another time
Another time
Another time
Another time
Another time
Another time
Another time
Another time
Another time
Another time
Another time
Another time
Another time
Another time
Another time
Another time
Another time
Another time
Another time
Another time
Another time
Another time
Another time
Another time
Another time
Another time
Another time
Another time
Another time
Another time
Another time
Another time
Another time
Another time
Another time
Another time
Another time
Another time
Another time
Another time
Another time
Another time
Another time
Another time
Another time
Another time
Another time
Another time
Another time
Another time
Another time
Another time
Another time
Another time
Another time
Another time
Another time
Another time
Another time
Another time
Another time
Another time
Another time
Another time
Another time
Another time
Another time
Another time
Another time
Another time
Another time
Another time
Another time
Another time
Another time
Another time
Another time
Another time
Another time
Another time
Another time
Another time
Another time
Another time
Another time
Another time
Another time
Another time
Another time
Another time
Another time
Another time
Another time
Another time
Another time
Another time
Another time
Another time
Another time
Another time
Another time
Another time
Another time
Another time
Another time
Another time
Another time
Another time
Another time
Another time
Another time
Another time
Another time
Another time
Another time
Another time
Another time
Another time
Another time
Another time
Another time
Another time
Another time
Another time
Another time
Another time
Another time
Another time
Another time
Another time
Another time
Another time
Another time
Another time
Another time
Another time
Another time
Another time
Another time
Another time
Another time
Another time
Another time
Another time
Another time
Another time
Another time
Another time
Another time
Another time
Another time
Another time
Another time
Another time
Another time
Another time
Another time
Another time
Another time
Another time
Another time
Another time
Another time
Another time
Another time
Another time
Another time
Another time
Another time
Another time
Another time
Another time
Another time
Another time
Another time
Another time
Another time
Another time
Another time
Another time
Another time
Another time
Another time
Another time
Another time
Another time
Another time
Another time
Another time
Another time
Another time
Another time
Another time
Another time
Another time
Another time
Another time
Another time
Another time
Another time
Another time
Another time
Another time
Another time
Another time
Another time
Another time
Another time
Another time
Another time
Another time
Another time
Another time
Another time
Another time
Another time
Another time
Another time
Another time
Another time
Another time
Another time
Another time
Another time
Another time
Another time
Another time
Another time
Another time
Another time
Another time
Another time
Another time
Another time
Another time
Another time
Another time
Another time
Another time
Another time
Another time
Another time
Another time
Another time
Another time
Another time
Another time
Another time
Another time
Another time
Another time
Another time
Another time
Another time
Another time
Another time
Another time
Another time
Another time
Another time
Another time
Another time
Another time
Another time
Another time
Another time
Another time
Another time
Another time
Another time
Another time
Another time
Another time
Another time
Another time
Another time
Another time
Another time
Another time
Another time
Another time
Another time
Another time
Another time
Another time
Another time
Another time
Another time
Another time
Another time
Another time
Another time
Another time
Another time
Another time
Another time
Another time
Another time
Another time
Another time
Another time
Another time
Another time
Another time
Another time
Another time
Another time
Another time
Another time
Another time
Another time
Another time
Another time
Another time
Another time
Another time
Another time
Another time
Another time
Another time
Another time
Another time
Another time
Another time
Another time
Another time
Another time
Another time
Another time
Another time
Another time
Another time
Another time
Another time
Another time
Another time
Another time
Another time
Another time
Another time
Another time
Another time
Another time
Another time
Another time
Another time
Another time
Another time
Another time
Another time
Another time
Another time
Another time
Another time
Another time
Another time
Another time
Another time
Another time
Another time
Another time
Another time
Another time
Another time
Another time
Another time
Another time
Another time
Another time
Another time
Another time
Another time
Another time
Another time
Another time
Another time
Another time
Another time
Another time
Another time
Another time
Another time
Another time
Another time
Another time
Another time
Another time
Another time
Another time
Another time
Another time
Another time
Another time
Another time
Another time
Another time
Another time
Another time
Another time
Another time
Another time
Another time
Another time
Another time
Another time
Another time
Another time
Another time
Another time
Another time
Another time
Another time
Another time
Another time
Another time
Another time
Another time
Another time
Another time
Another time
Another time
Another time
Another time
Another time
Another time
Another time
Another time
Another time
Another time
Another time
Another time
Another time
Another time
Another time
Another time
Another time
Another time
Another time
Another time
Another time
Another time
Another time
Another time
Another time
Another time
Another time
Another time
Another time
Another time
Another time
Another time
Another time
Another time
Another time
Another time
Another time
Another time
Another time
Another time
Another time
Another time
Another time
Another time
Another time
Another time
Another time
Another time
Another time
Another time
Another time
Another time
Another time
Another time
Another time
Another time
Another time
Another time
Another time
Another time
Another time
Another time
Another time
Another time
Another time
Another time
Another time
Another time
Another time
Another time
Another time
Another time
Another time
Another time
Another time
Another time
Another time
Another time
Another time
Another time
Another time
Another time
Another time
Another time
Another time
Another time
Another time
Another time
Another time
Another time
Another time
Another time
Another time
Another time
Another time
Another time
Another time
Another time
Another time
Another time
Another time
Another time
Another time
Another time
Another time
Another time
Another time
Another time
Another time
Another time
Another time
Another time
Another time
Another time
Another time
Another time
Another time
Another time
Another time
Another time
Another time
Another time
Another time
Another time
Another time
Another time
Another time
Another time
Another time
Another time
Another time
Another time
Another time
Another time
Another time
Another time
Another time
Another time
Another time
Another time
Another time
Another time
Another time
Another time
Another time
Another time
Another time
Another time
Another time
Another time
Another time
Another time
Another time
Another time
Another time
Another time
Another time
Another time
Another time
Another time
Another time
Another time
Another time
Another time
Another time
Another time
Another time
Another time
Another time
Another time
Another time
Another time
Another time
Another time
Another time
Another time
Another time
Another time
Another time
Another time
Another time
Another time
Another time
Another time
Another time
Another time
Another time
Another time
Another time
Another time
Another time
Another time
Another time
Another time
Another time
Another time
Another time
Another time
Another time
Another time
Another time
Another time
Another time
Another time
Another time
Another time
Another time
Another time
Another time
Another time
Another time
Another time
Another time
Another time
Another time
Another time
Another time
Another time
Another time
Another time
Another time
Another time
Another time
Another time
Another time
Another time
Another time
Another time
Another time
Another time
Another time
Another time
Another time
Another time
Another time
Another time
Another time
Another time
Another time
Another time
Another time
Another time
Another time
Another time
Another time
Another time
Another time
Another time
Another time
Another time
Another time
Another time
Another time
Another time
Another time
Another time
Another time
Another time
Another time
Another time
Another time
Another time
Another time
Another time
Another time
Another time
Another time
Another time
Another time
Another time
Another time
Another time
Another time
Another time
Another time
Another time
Another time
Another time
Another time
Another time
Another time
Another time
Another time
Another time
Another time
Another time
Another time
Another time
Another time
Another time
Another time
Another time
Another time
Another time
Another time
Another time
Another time
Another time
Another time
Another time
Another time
Another time
Another time
Another time
Another time
Another time
Another time
Another time
Another time
Another time
Another time
Another time
Another time
Another time
Another time
Another time
Another time
Another time
Another time
Another time
Another time
Another time
Another time
Another time
Another time
Another time
Another time
Another time
Another time
Another time
Another time
Another time
Another time
Another time
Another time
Another time
Another time
Another time
Another time
Another time
Another time
Another time
Another time
Another time
Another time
Another time
Another time
Another time
Another time
Another time
Another time
Another time
Another time
Another time
Another time
Another time
Another time
Another time
Another time
Another time
Another time
Another time
Another time
Another time
Another time
Another time
Another time
Another time
Another time
Another time
Another time
Another time
Another time
Another time
Another time
Another time
Another time
Another time
Another time
Another time
Another time
Another time
Another time
Another time
Another time
Another time
Another time
Another time
Another time
Another time
Another time
Another time
Another time
Another time
Another time
Another time
Another time
Another time
Another time
Another time
Another time
Another time
Another time
Another time
Another time
Another time
Another time
Another time
Another time
Another time
Another time
Another time
Another time
Another time
Another time
Another time
Another time
Another time
Another time
Another time
Another time
Another time
Another time
Another time
Another time
Another time
Another time
Another time
Another time
Another time
Another time
Another time
Another time
Another time
Another time
Another time
Another time
Another time
Another time
Another time
Another time
Another time
Another time
Another time
Another time
Another time
Another time
Another time
Another time
Another time
Another time
Another time
Another time
Another time
Another time
Another time
Another time
Another time
Another time
Another time
Another time
Another time
Another time
Another time
Another time
Another time
Another time
Another time
Another time
Another time
Another time
Another time
Another time
Another time
Another time
Another time
Another time
Another time
Another time
Another time
Another time
Another time
Another time
Another time
Another time
Another time
Another time
Another time
Another time
Another time
Another time
Another time
Another time
Another time
Another time
Another time
Another time
Another time
Another time
Another time
Another time
Another time
Another time
Another time
Another time
Another time
Another time
Another time
Another time
Another time
Another time
Another time
Another time
Another time
Another time
Another time
Another time
Another time
Another time
Another time
Another time
Another time
Another time
Another time
Another time
Another time
Another time
Another time
Another time
Another time
Another time
Another time
Another time
Another time
Another time
Another time
Another time
Another time
Another time
Another time
Another time
Another time
Another time
Another time
Another time
Another time
Another time
Another time
Another time
Another time
Another time
Another time
Another time
Another time
Another time
Another time
Another time
Another time
Another time
Another time
Another time
Another time
Another time
Another time
Another time
Another time
Another time
Another time
Another time
Another time
Another time
Another time
Another time
Another time
Another time
Another time
Another time
Another time
Another time
Another time
Another time
Another time
Another time
Another time
Another time
Another time
Another time
Another time
Another time
Another time
Another time
Another time
Another time
Another time
Another time
Another time
Another time
Another time
Another time
Another time
Another time
Another time
Another time
Another time
Another time
Another time
Another time
Another time
Another time
Another time
Another time
Another time
Another time
Another time
Another time
Another time
Another time
Another time
Another time
Another time
Another time
Another time
Another time
Another time
Another time
Another time
Another time
Another time
Another time
Another time
Another time
Another time
Another time
Another time
Another time
Another time
Another time
Another time
Another time
Another time
Another time
Another time
Another time
Another time
Another time
Another time
Another time
Another time
Another time
Another time
Another time
Another time
Another time
Another time
Another time
Another time
Another time
Another time
Another time
Another time
Another time
Another time
Another time
Another time
Another time
Another time
Another time
Another time
Another time
Another time
Another time
Another time
Another time
Another time
Another time
Another time
Another time
Another time
Another time
Another time
Another time
Another time
Another time
Another time
Another time
Another time
Another time
Another time
Another time
Another time
Another time
Another time
Another time
Another time
Another time
Another time
Another time
Another time
Another time
Another time
Another time
Another time
Another time
Another time
Another time
Another time
Another time
Another time
Another time
Another time
Another time
Another time
Another time
Another time
Another time
Another time
Another time
Another time
Another time
Another time
Another time
Another time
Another time
Another time
Another time
Another time
Another time
Another time
Another time
Another time
Another time
Another time
Another time
Another time
Another time
Another time
Another time
Another time
Another time
Another time
Another time
Another time
Another time
Another time
Another time
Another time
Another time
Another time
Another time
Another time
Another time
Another time
Another time
Another time
Another time
Another time
Another time
Another time
Another time
Another time
Another time
Another time
Another time
Another time
Another time
Another time
Another time
Another time
Another time
Another time
Another time
Another time
Another time
Another time
Another time
Another time
Another time
Another time
Another time
Another time
Another time
Another time
Another time
Another time
Another time
Another time
Another time
Another time
Another time
Another time
Another time
Another time
Another time
Another time
Another time
Another time
Another time
Another time
Another time
Another time
Another time
Another time
Another time
Another time
Another time
Another time
Another time
Another time
Another time
Another time
Another time
Another time
Another time
Another time
Another time
Another time
Another time
Another time
Another time
Another time
Another time
Another time
Another time
Another time
Another time
Another time
Another time
Another time
Another time
Another time
Another time
Another time
Another time
Another time
Another time
Another time
Another time
Another time
Another time
Another time
Another time
Another time
Another time
Another time
Another time
Another time
Another time
Another time
Another time
Another time
Another time
Another time
Another time
Another time
Another time
Another time
Another time
Another time
Another time
Another time
Another time
Another time
Another time
Another time
Another time
Another time
Another time
Another time
Another time
Another time
Another time
Another time
Another time
Another time
Another time
Another time
Another time
Another time
Another time
Another time
Another time
Another time
Another time
Another time
Another time
Another time
Another time
Another time
Another time
Another time
Another time
Another time
Another time
Another time
Another time
Another time
Another time
Another time
Another time
Another time
Another time
Another time
Another time
Another time
Another time
Another time
Another time
Another time
Another time
Another time
Another time
Another time
Another time
Another time
Another time
Another time
Another time
Another time
Another time
Another time
Another time
Another time
Another time
Another time
Another time
Another time
Another time
Another time
Another time
Another time
Another time
Another time
Another time
Another time
Another time
Another time
Another time
Another time
Another time
Another time
Another time
Another time
Another time
Another time
Another time
Another time
Another time
Another time
Another time
Another time
Another time
Another time
Another time
Another time
Another time
Another time
Another time
Another time
Another time
Another time
Another time
Another time
Another time
Another time
Another time
Another time
Another time
Another time
Another time
Another time
Another time
Another time
Another time
Another time
Another time
Another time
Another time
Another time
Another time
Another time
Another time
Another time
Another time
Another time
Another time
Another time
Another time
Another time
Another time
Another time
Another time
Another time
Another time
Another time
Another time
Another time
Another time
Another time
Another time
Another time
Another time
Another time
Another time
Another time
Another time
Another time
Another time
Another time
Another time
Another time
Another time
Another time
Another time
Another time
Another time
Another time
Another time
Another time
Another time
Another time
Another time
Another time
Another time
Another time
Another time
Another time
Another time
Another time
Another time
Another time
Another time
Another time
Another time
Another time
Another time
Another time
Another time
Another time
Another time
Another time
Another time
Another time
Another time
Another time
Another time
Another time
Another time
Another time
Another time
Another time
Another time
Another time
Another time
Another time
Another time
Another time
Another time
Another time
Another time
Another time
Another time
Another time
Another time
Another time
Another time
Another time
Another time
Another time
Another time
Another time
Another time
Another time
Another time
Another time
Another time
Another time
Another time
Another time
Another time
Another time
Another time
Another time
Another time
Another time
Another time
Another time
Another time
Another time
Another time
Another time
Another time
Another time
Another time
Another time
Another time
Another time
Another time
Another time
Another time
Another time
Another time
Another time
Another time
Another time
Another time
Another time
Another time
Another time
Another time
Another time
Another time
Another time
Another time
Another time
Another time
Another time
Another time
Another time
Another time
Another time
Another time
Another time
Another time
Another time
Another time
Another time
Another time
Another time
Another time
Another time
Another time
Another time
Another time
Another time
Another time
Another time
Another time
Another time
Another time
Another time
Another time
Another time
Another time
Another time
Another time
Another time
Another time
Another time
Another time
Another time
Another time
Another time
Another time
Another time
Another time
Another time
Another time
Another time
Another time
Another time
Another time
Another time
Another time
Another time
Another time
Another time
Another time
Another time
Another time
Another time
Another time
Another time
Another time
Another time
Another time
Another time
Another time
Another time
Another time
Another time
Another time
Another time
Another time
Another time
Another time
Another time
Another time
Another time
Another time
Another time
Another time
Another time
Another time
Another time
Another time
Another time
Another time
Another time
Another time
Another time
Another time
Another time
Another time
Another time
Another time
Another time
Another time
Another time
Another time
Another time
Another time
Another time
Another time
Another time
Another time
Another time
Another time
Another time
Another time
Another time
Another time
Another time
Another time
Another time
Another time
Another time
Another time
Another time
Another time
Another time
Another time
Another time
Another time
Another time
Another time
Another time
Another time
Another time
Another time
Another time
Another time
Another time
Another time
Another time
Another time
Another time
Another time
Another time
Another time
Another time
Another time
Another time
Another time
Another time
Another time
Another time
Another time
Another time
Another time
Another time
Another time
Another time
Another time
Another time
Another time
Another time
Another time
Another time
Another time
Another time
Another time
Another time
Another time
Another time
Another time
Another time
Another time
Another time
Another time
Another time
Another time
Another time
Another time
Another time
Another time
Another time
Another time
Another time
Another time
Another time
Another time
Another time
Another time
Another time
Another time
Another time
Another time
Another time
Another time
Another time
Another time
Another time
Another time
Another time
Another time
Another time
Another time
Another time
Another time
Another time
Another time
Another time
Another time
Another time
Another time
Another time
Another time
Another time
Another time
Another time
Another time
Another time
Another time
Another time
Another time
Another time
Another time
Another time
Another time
Another time
Another time
Another time
Another time
Another time
Another time
Another time
Another time
Another time
Another time
Another time
Another time
Another time
Another time
Another time
Another time
Another time
Another time
Another time
Another time
Another time
Another time
Another time
Another time
Another time
Another time
Another time
Another time
Another time
Another time
Another time
Another time
Another time
Another time
Another time
Another time
Another time
Another time
Another time
Another time
Another time
Another time
Another time
Another time
Another time
Another time
Another time
Another time
Another time
Another time
Another time
Another time
Another time
Another time
Another time
Another time
Another time
Another time
Another time
Another time
Another time
Another time
Another time
Another time
Another time
Another time
Another time
Another time
Another time
Another time
Another time
Another time
Another time
Another time
Another time
Another time
Another time
Another time
Another time
Another time
Another time
Another time
Another time
Another time
Another time
Another time
Another time
Another time
Another time
Another time
Another time
Another time
Another time
Another time
Another time
Another time
Another time
Another time
Another time
Another time
Another time
Another time
Another time
Another time
Another time
Another time
Another time
Another time
Another time
Another time
Another time
Another time
Another time
Another time
Another time
Another time
Another time
Another time
Another time
Another time
Another time
Another time
Another time
Another time
Another time
Another time
Another time
Another time
Another time
Another time
Another time
Another time
Another time
Another time
Another time
Another time
Another time
Another time
Another time
Another time
Another time
Another time
Another time
Another time
Another time
Another time
Another time
Another time
Another time
Another time
Another time
Another time
Another time
Another time
Another time
Another time
Another time
Another time
Another time
Another time
Another time
Another time
Another time
Another time
Another time
Another time
Another time
Another time
Another time
Another time
Another time
Another time
Another time
Another time
Another time
Another time
Another time
Another time
Another time
Another time
Another time
Another time
Another time
Another time
Another time
Another time
Another time
Another time
Another time
Another time
Another time
Another time
Another time
Another time
Another time
Another time
Another time
Another time
Another time
Another time
Another time
Another time
Another time
Another time
Another time
Another time
Another time
Another time
Another time
Another time
Another time
Another time
Another time
Another time
Another time
Another time
Another time
Another time
Another time
Another time
Another time
Another time
Another time
Another time
Another time
Another time
Another time
Another time
Another time
Another time
Another time
Another time
Another time
Another time
Another time
Another time
Another time
Another time
Another time
Another time
Another time
Another time
Another time
Another time
Another time
Another time
Another time
Another time
Another time
Another time
Another time
Another time
Another time
Another time
Another time
Another time
Another time
Another time
Another time
Another time
Another time
Another time
Another time
Another time
Another time
Another time
Another time
Another time
Another time
Another time
Another time
Another time
Another time
Another time
Another time
Another time
Another time
Another time
Another time
Another time
Another time
Another time
Another time
Another time
Another time
Another time
Another time
Another time
Another time
Another time
Another time
Another time
Another time
Another time
Another time
Another time
Another time
Another time
Another time
Another time
Another time
Another time
Another time
Another time
Another time
Another time
Another time
Another time
Another time
Another time
Another time
Another time
Another time
Another time
Another time
Another time
Another time
Another time
Another time
Another time
Another time
Another time
Another time
Another time
Another time
Another time
Another time
Another time
Another time
Another time
Another time
Another time
Another time
Another time
Another time
Another time
Another time
Another time
Another time
Another time
Another time
Another time
Another time
Another time
Another time
Another time
Another time
Another time
Another time
Another time
Another time
Another time
Another time
Another time
Another time
Another time
Another time
Another time
Another time
Another time
Another time
Another time
Another time
Another time
Another time
Another time
Another time
Another time
Another time
Another time
Another time
Another time
Another time
Another time
Another time
Another time
Another time
Another time
Another time
Another time
Another time
Another time
Another time
Another time
Another time
Another time
Another time
Another time
Another time
Another time
Another time
Another time
Another time
Another time
Another time
Another time
Another time
Another time
Another time
Another time
Another time
Another time
Another time
Another time
Another time
Another time
Another time
Another time
Another time
Another time
Another time
Another time
Another time
Another time
Another time
Another time
Another time
Another time
Another time
Another time
Another time
Another time
Another time
Another time
Another time
Another time
Another time
Another time
Another time
Another time
Another time
Another time
Another time
Another time
Another time
Another time
Another time
Another time
Another time
Another time
Another time
Another time
Another time
Another time
Another time
Another time
Another time
Another time
Another time
Another time
Another time
Another time
Another time
Another time
Another time
Another time
Another time
Another time
Another time
Another time
Another time
Another time
Another time
Another time
Another time
Another time
Another time
Another time
Another time
Another time
Another time
Another time
Another time
Another time
Another time
Another time
Another time
Another time
Another time
Another time
Another time
Another time
Another time
Another time
Another time
Another time
Another time
Another time
Another time
Another time
Another time
Another time
Another time
Another time
Another time
Another time
Another time
Another time
Another time
Another time
Another time
Another time
Another time
Another time
Another time
Another time
Another time
Another time
Another time
Another time
Another time
Another time
Another time
Another time
Another time
Another time
Another time
Another time
Another time
Another time
Another time
Another time
Another time
Another time
Another time
Another time
Another time
Another time
Another time
Another time
Another time
Another time
Another time
Another time
Another time
Another time
Another time
Another time
Another time
Another time
Another time
Another time
Another time
Another time
Another time
Another time
Another time
Another time
Another time
Another time
Another time
Another time
Another time
Another time
Another time
Another time
Another time
Another time
Another time
Another time
Another time
Another time
Another time
Another time
Another time
Another time
Another time
Another time
Another time
Another time
Another time
Another time
Another time
Another time
Another time
Another time
Another time
Another time
Another time
Another time
Another time
Another time
Another time
Another time
Another time
Another time
Another time
Another time
Another time
Another time
Another time
Another time
Another time
Another time
Another time
Another time
Another time
Another time
Another time
Another time
Another time
Another time
Another time
Another time
Another time
Another time
Another time
Another time
Another time
Another time
Another time
Another time
Another time
Another time
Another time
Another time
Another time
Another time
Another time
Another time
Another time
Another time
Another time
Another time
Another time
Another time
Another time
Another time
Another time
Another time
Another time
Another time
Another time
Another time
Another time
Another time
Another time
Another time
Another time
Another time
Another time
Another time
Another time
Another time
Another time
Another time
Another time
Another time
Another time
Another time
Another time
Another time
Another time
Another time
Another time
Another time
Another time
Another time
Another time
Another time
Another time
Another time
Another time
Another time
Another time
Another time
Another time
Another time
Another time
Another time
Another time
Another time
Another time
Another time
Another time
Another time
Another time
Another time
Another time
Another time
Another time
Another time
Another time
Another time
Another time
Another time
Another time
Another time
Another time
Another time
Another time
Another time
Another time
Another time
Another time
Another time
Another time
Another time
Another time
Another time
Another time
Another time
Another time
Another time
Another time
Another time
Another time
Another time
Another time
Another time
Another time
Another time
Another time
Another time
Another time
Another time
Another time
Another time
Another time
Another time
Another time
Another time
Another time
Another time
Another time
Another time
Another time
Another time
Another time
Another time
Another time
Another time
Another time
Another time
Another time
Another time
Another time
Another time
Another time
Another time
Another time
Another time
Another time
Another time
Another time
Another time
Another time
Another time
Another time
Another time
Another time
Another time
Another time
Another time
Another time
Another time
Another time
Another time
Another time
Another time
Another time
Another time
Another time
Another time
Another time
Another time
Another time
Another time
Another time
Another time
Another time
Another time
Another time
Another time
Another time
Another time
Another time
Another time
Another time
Another time
Another time
Another time
Another time
Another time
Another time
Another time
Another time
Another time
Another time
Another time
Another time
Another time
Another time
Another time
Another time
Another time
Another time
Another time
Another time
Another time
Another time
Another time
Another time
Another time
Another time
Another time
Another time
Another time
Another time
Another time
Another time
Another time
Another time
Another time
Another time
Another time
Another time
Another time
Another time
Another time
Another time
Another time
Another time
Another time
Another time
Another time
Another time
Another time
Another time
Another time
Another time
Another time
Another time
Another time
Another time
Another time
Another time
Another time
Another time
Another time
Another time
Another time
Another time
Another time
Another time
Another time
Another time
Another time
Another time
Another time
Another time
Another time
Another time
Another time
Another time
Another time
Another time
Another time
Another time
Another time
Another time
Another time
Another time
Another time
Another time
Another time
Another time
Another time
Another time
Another time
Another time
Another time
Another time
Another time
Another time
Another time
Another time
Another time
Another time
Another time
Another time
Another time
Another time
Another time
Another time
Another time
Another time
Another time
Another time
Another time
Another time
Another time
Another time
Another time
Another time
Another time
Another time
Another time
Another time
Another time
Another time
Another time
Another time
Another time
Another time
Another time
Another time
Another time
Another time
Another time
Another time
Another time
Another time
Another time
Another time
Another time
Another time
Another time
Another time
Another time
Another time
Another time
Another time
Another time
Another time
Another time
Another time
Another time
Another time
Another time
Another time
Another time
Another time
Another time
Another time
Another time
Another time
Another time
Another time
Another time
Another time
Another time
Another time
Another time
Another time
Another time
Another time
Another time
Another time
Another time
Another time
Another time
Another time
Another time
Another time
Another time
Another time
Another time
Another time
Another time
Another time
Another time
Another time
Another time
Another time
Another time
Another time
Another time
Another time
Another time
Another time
Another time
Another time
Another time
Another time
Another time
Another time
Another time
Another time
Another time
Another time
Another time
Another time
Another time
Another time
Another time
Another time
Another time
Another time
Another time
Another time
Another time
Another time
Another time
Another time
Another time
Another time
Another time
Another time
Another time
Another time
Another time
Another time
Another time
Another time
Another time
Another time
Another time
Another time
Another time
Another time
Another time
Another time
Another time
Another time
Another time
Another time
Another time
Another time
Another time
Another time
Another time
Another time
Another time
Another time
Another time
Another time
Another time
Another time
Another time
Another time
Another time
Another time
Another time
Another time
Another time
Another time
Another time
Another time
Another time
Another time
Another time
Another time
Another time
Another time
Another time
Another time
Another time
Another time
Another time
Another time
Another time
Another time
Another time
Another time
Another time
Another time
Another time
Another time
Another time
Another time
Another time
Another time
Another time
Another time
Another time
Another time
Another time
Another time
Another time
Another time
Another time
Another time
Another time
Another time
Another time
Another time
Another time
Another time
Another time
Another time
Another time
Another time
Another time
Another time
Another time
Another time
Another time
Another time
Another time
Another time
Another time
Another time
Another time
Another time
Another time
Another time
Another time
Another time
Another time
Another time
Another time
Another time
Another time
Another time
Another time
Another time
Another time
Another time
Another time
Another time
Another time
Another time
Another time
Another time
Another time
Another time
Another time
Another time
Another time
Another time
Another time
Another time
Another time
Another time
Another time
Another time
Another time
Another time
Another time
Another time
Another time
Another time
Another time
Another time
Another time
Another time
Another time
Another time
Another time
Another time
Another time
Another time
Another time
Another time
Another time
Another time
Another time
Another time
Another time
Another time
Another time
Another time
Another time
Another time
Another time
Another time
Another time
Another time
Another time
Another time
Another time
Another time
Another time
Another time
Another time
Another time
Another time
Another time
Another time
Another time
Another time
Another time
Another time
Another time
Another time
Another time
Another time
Another time
Another time
Another time
Another time
Another time
Another time
Another time
Another time
Another time
Another time
Another time
Another time
Another time
Another time
Another time
Another time
Another time
Another time
Another time
Another time
Another time
Another time
Another time
Another time
Another time
Another time
Another time
Another time
Another time
Another time
Another time
Another time
Another time
Another time
Another time
Another time
Another time
Another time
Another time
Another time
Another time
Another time
Another time
Another time
Another time
Another time
Another time
Another time
Another time
Another time
Another time
Another time
Another time
Another time
Another time
Another time
Another time
Another time
Another time
Another time
Another time
Another time
Another time
Another time
Another time
Another time
Another time
Another time
Another time
Another time
Another time
Another time
Another time
Another time
Another time
Another time
Another time
Another time
Another time
Another time
Another time
Another time
Another time
Another time
Another time
Another time
Another time
Another time
Another time
Another time
Another time
Another time
Another time
Another time
Another time
Another time
Another time
Another time
Another time
Another time
Another time
Another time
Another time
Another time
Another time
Another time
Another time
Another time
Another time
Another time
Another time
Another time
Another time
Another time
Another time
Another time
Another time
Another time
Another time
Another time
Another time
Another time
Another time
Another time
Another time
Another time
Another time
Another time
Another time
Another time
Another time
Another time
Another time
Another time
Another time
Another time
Another time
Another time
Another time
Another time
Another time
Another time
Another time
Another time
Another time
Another time
Another time
Another time
Another time
Another time
Another time
Another time
Another time
Another time
Another time
Another time
Another time
Another time
Another time
Another time
Another time
Another time
Another time
Another time
Another time
Another time
Another time
Another time
Another time
Another time
Another time
Another time
Another time
Another time
Another time
Another time
Another time
Another time
Another time
Another time
Another time
Another time
Another time
Another time
Another time
Another time
Another time
Another time
Another time
Another time
Another time
Another time
Another time
Another time
Another time
Another time
Another time
Another time
Another time
Another time
Another time
Another time
Another time
Another time
Another time
Another time
Another time
Another time
Another time
Another time
Another time
Another time
Another time
Another time
Another time
Another time
Another time
Another time
Another time
Another time
Another time
Another time
Another time
Another time
Another time
Another time
Another time
Another time
Another time
Another time
Another time
Another time
Another time
Another time
Another time
Another time
Another time
Another time
Another time
Another time
Another time
Another time
Another time
Another time
Another time
Another time
Another time
Another time
Another time
Another time
Another time
Another time
Another time
Another time
Another time
Another time
Another time
Another time
Another time
Another time
Another time
Another time
Another time
Another time
Another time
Another time
Another time
Another time
Another time
Another time
Another time
Another time
Another time
Another time
Another time
Another time
Another time
Another time
Another time
Another time
Another time
Another time
Another time
Another time
Another time
Another time
Another time
Another time
Another time
Another time
Another time
Another time
Another time
Another time
Another time
Another time
Another time
Another time
Another time
Another time
Another time
Another time
Another time
Another time
Another time
Another time
Another time
Another time
Another time
Another time
Another time
Another time
Another time
Another time
Another time
Another time
Another time
Another time
Another time
Another time
Another time
Another time
Another time
Another time
Another time
Another time
Another time
Another time
Another time
Another time
Another time
Another time
Another time
Another time
Another time
Another time
Another time
Another time
Another time
Another time
Another time
Another time
Another time
Another time
Another time
Another time
Another time
Another time
Another time
Another time
Another time
Another time
Another time
Another time
Another time
Another time
Another time
Another time
Another time
Another time
Another time
Another time
Another time
Another time
Another time
Another time
Another time
Another time
Another time
Another time
Another time
Another time
Another time
Another time
Another time
Another time
Another time
Another time
Another time
Another time
Another time
Another time
Another time
Another time
Another time
Another time
Another time
Another time
Another time
Another time
Another time
Another time
Another time
Another time
Another time
Another time
Another time
Another time
Another time
Another time
Another time
Another time
Another time
Another time
Another time
Another time
Another time
Another time
Another time
Another time
Another time
Another time
Another time
Another time
Another time
Another time
Another time
Another time
Another time
Another time
Another time
Another time
Another time
Another time
Another time
Another time
Another time
Another time
Another time
Another time
Another time
Another time
Another time
Another time
Another time
Another time
Another time
Another time
Another time
Another time
Another time
Another time
Another time
Another time
Another time
Another time
Another time
Another time
Another time
Another time
Another time
Another time
Another time
Another time
Another time
Another time
Another time
Another time
Another time
Another time
Another time
Another time
Another time
Another time
Another time
Another time
Another time
Another time
Another time
Another time
Another time
Another time
Another time
Another time
Another time
Another time
Another time
Another time
Another time
Another time
Another time
Another time
Another time
Another time
Another time
Another time
Another time
Another time
Another time
Another time
Another time
Another time
Another time
Another time
Another time
Another time
Another time
Another time
Another time
Another time
Another time
Another time
Another time
Another time
Another time
Another time
Another time
Another time
Another time
Another time
Another time
Another time
Another time
Another time
Another time
Another time
Another time
Another time
Another time
Another time
Another time
Another time
Another time
Another time
Another time
Another time
Another time
Another time
Another time
Another time
Another time
Another time
Another time
Another time
Another time
Another time
Another time
Another time
Another time
Another time
Another time
Another time
Another time
Another time
Another time
Another time
Another time
Another time
Another time
Another time
Another time
Another time
Another time
Another time
Another time
Another time
Another time
Another time
Another time
Another time
Another time
Another time
Another time
Another time
Another time
Another time
Another time
Another time
Another time
Another time
Another time
Another time
Another time
Another time
Another time
Another time
Another time
Another time
Another time
Another time
Another time
Another time
Another time
Another time
Another time
Another time
Another time
Another time
Another time
Another time
Another time
Another time
Another time
Another time
</system-out>
  </testcase>
  <testcase classname="edu.byui.cit360.controller.ProcessClientTest" name="testConvertToJSONObject" time="4.588">
    <skipped/>
  </testcase>
  <testcase classname="edu.byui.cit360.controller.ProcessClientTest" name="testConvertToJSONString" time="1.114"/>
  <testcase classname="edu.byui.cit360.controller.ProcessClientTest" name="testConvertToJSONStringClientSame" time="0"/>
</testsuite>